[2025-01-28T22:09:23.050+0000] {processor.py:186} INFO - Started process (PID=98) to work on /home/airflow/.local/lib/python3.12/site-packages/airflow/example_dags/example_dag_decorator.py
[2025-01-28T22:09:23.052+0000] {processor.py:914} INFO - Processing file /home/airflow/.local/lib/python3.12/site-packages/airflow/example_dags/example_dag_decorator.py for tasks to queue
[2025-01-28T22:09:23.054+0000] {logging_mixin.py:190} INFO - [2025-01-28T22:09:23.054+0000] {dagbag.py:588} INFO - Filling up the DagBag from /home/airflow/.local/lib/python3.12/site-packages/airflow/example_dags/example_dag_decorator.py
[2025-01-28T22:09:23.068+0000] {processor.py:925} INFO - DAG(s) 'example_dag_decorator' retrieved from /home/airflow/.local/lib/python3.12/site-packages/airflow/example_dags/example_dag_decorator.py
[2025-01-28T22:09:23.191+0000] {logging_mixin.py:190} INFO - [2025-01-28T22:09:23.190+0000] {override.py:1911} INFO - Created Permission View: can delete on DAG:example_dag_decorator
[2025-01-28T22:09:23.205+0000] {logging_mixin.py:190} INFO - [2025-01-28T22:09:23.204+0000] {override.py:1911} INFO - Created Permission View: can edit on DAG:example_dag_decorator
[2025-01-28T22:09:23.214+0000] {logging_mixin.py:190} INFO - [2025-01-28T22:09:23.214+0000] {override.py:1911} INFO - Created Permission View: can read on DAG:example_dag_decorator
[2025-01-28T22:09:23.226+0000] {logging_mixin.py:190} INFO - [2025-01-28T22:09:23.226+0000] {override.py:1911} INFO - Created Permission View: can create on DAG Run:example_dag_decorator
[2025-01-28T22:09:23.236+0000] {logging_mixin.py:190} INFO - [2025-01-28T22:09:23.236+0000] {override.py:1911} INFO - Created Permission View: can delete on DAG Run:example_dag_decorator
[2025-01-28T22:09:23.247+0000] {logging_mixin.py:190} INFO - [2025-01-28T22:09:23.246+0000] {override.py:1911} INFO - Created Permission View: menu access on DAG Run:example_dag_decorator
[2025-01-28T22:09:23.258+0000] {logging_mixin.py:190} INFO - [2025-01-28T22:09:23.258+0000] {override.py:1911} INFO - Created Permission View: can read on DAG Run:example_dag_decorator
[2025-01-28T22:09:23.259+0000] {logging_mixin.py:190} INFO - [2025-01-28T22:09:23.259+0000] {dag.py:3239} INFO - Sync 1 DAGs
[2025-01-28T22:09:23.272+0000] {logging_mixin.py:190} INFO - [2025-01-28T22:09:23.272+0000] {dag.py:3262} INFO - Creating ORM DAG for example_dag_decorator
[2025-01-28T22:09:23.274+0000] {logging_mixin.py:190} INFO - [2025-01-28T22:09:23.273+0000] {dag.py:4180} INFO - Setting next_dagrun for example_dag_decorator to None, run_after=None
[2025-01-28T22:09:23.294+0000] {processor.py:208} INFO - Processing /home/airflow/.local/lib/python3.12/site-packages/airflow/example_dags/example_dag_decorator.py took 0.250 seconds
[2025-01-28T22:09:53.599+0000] {processor.py:186} INFO - Started process (PID=161) to work on /home/airflow/.local/lib/python3.12/site-packages/airflow/example_dags/example_dag_decorator.py
[2025-01-28T22:09:53.600+0000] {processor.py:914} INFO - Processing file /home/airflow/.local/lib/python3.12/site-packages/airflow/example_dags/example_dag_decorator.py for tasks to queue
[2025-01-28T22:09:53.603+0000] {logging_mixin.py:190} INFO - [2025-01-28T22:09:53.603+0000] {dagbag.py:588} INFO - Filling up the DagBag from /home/airflow/.local/lib/python3.12/site-packages/airflow/example_dags/example_dag_decorator.py
[2025-01-28T22:09:53.617+0000] {processor.py:925} INFO - DAG(s) 'example_dag_decorator' retrieved from /home/airflow/.local/lib/python3.12/site-packages/airflow/example_dags/example_dag_decorator.py
[2025-01-28T22:09:53.745+0000] {logging_mixin.py:190} INFO - [2025-01-28T22:09:53.745+0000] {dag.py:3239} INFO - Sync 1 DAGs
[2025-01-28T22:09:53.759+0000] {logging_mixin.py:190} INFO - [2025-01-28T22:09:53.759+0000] {dag.py:4180} INFO - Setting next_dagrun for example_dag_decorator to None, run_after=None
[2025-01-28T22:09:53.784+0000] {processor.py:208} INFO - Processing /home/airflow/.local/lib/python3.12/site-packages/airflow/example_dags/example_dag_decorator.py took 0.192 seconds
[2025-01-28T22:10:24.007+0000] {processor.py:186} INFO - Started process (PID=218) to work on /home/airflow/.local/lib/python3.12/site-packages/airflow/example_dags/example_dag_decorator.py
[2025-01-28T22:10:24.008+0000] {processor.py:914} INFO - Processing file /home/airflow/.local/lib/python3.12/site-packages/airflow/example_dags/example_dag_decorator.py for tasks to queue
[2025-01-28T22:10:24.011+0000] {logging_mixin.py:190} INFO - [2025-01-28T22:10:24.011+0000] {dagbag.py:588} INFO - Filling up the DagBag from /home/airflow/.local/lib/python3.12/site-packages/airflow/example_dags/example_dag_decorator.py
[2025-01-28T22:10:24.024+0000] {processor.py:925} INFO - DAG(s) 'example_dag_decorator' retrieved from /home/airflow/.local/lib/python3.12/site-packages/airflow/example_dags/example_dag_decorator.py
[2025-01-28T22:10:24.147+0000] {logging_mixin.py:190} INFO - [2025-01-28T22:10:24.147+0000] {dag.py:3239} INFO - Sync 1 DAGs
[2025-01-28T22:10:24.163+0000] {logging_mixin.py:190} INFO - [2025-01-28T22:10:24.163+0000] {dag.py:4180} INFO - Setting next_dagrun for example_dag_decorator to None, run_after=None
[2025-01-28T22:10:24.187+0000] {processor.py:208} INFO - Processing /home/airflow/.local/lib/python3.12/site-packages/airflow/example_dags/example_dag_decorator.py took 0.187 seconds
[2025-01-28T22:10:54.324+0000] {processor.py:186} INFO - Started process (PID=281) to work on /home/airflow/.local/lib/python3.12/site-packages/airflow/example_dags/example_dag_decorator.py
[2025-01-28T22:10:54.326+0000] {processor.py:914} INFO - Processing file /home/airflow/.local/lib/python3.12/site-packages/airflow/example_dags/example_dag_decorator.py for tasks to queue
[2025-01-28T22:10:54.329+0000] {logging_mixin.py:190} INFO - [2025-01-28T22:10:54.328+0000] {dagbag.py:588} INFO - Filling up the DagBag from /home/airflow/.local/lib/python3.12/site-packages/airflow/example_dags/example_dag_decorator.py
[2025-01-28T22:10:54.342+0000] {processor.py:925} INFO - DAG(s) 'example_dag_decorator' retrieved from /home/airflow/.local/lib/python3.12/site-packages/airflow/example_dags/example_dag_decorator.py
[2025-01-28T22:10:54.463+0000] {logging_mixin.py:190} INFO - [2025-01-28T22:10:54.463+0000] {dag.py:3239} INFO - Sync 1 DAGs
[2025-01-28T22:10:54.476+0000] {logging_mixin.py:190} INFO - [2025-01-28T22:10:54.476+0000] {dag.py:4180} INFO - Setting next_dagrun for example_dag_decorator to None, run_after=None
[2025-01-28T22:10:54.500+0000] {processor.py:208} INFO - Processing /home/airflow/.local/lib/python3.12/site-packages/airflow/example_dags/example_dag_decorator.py took 0.183 seconds
[2025-01-28T22:11:24.586+0000] {processor.py:186} INFO - Started process (PID=344) to work on /home/airflow/.local/lib/python3.12/site-packages/airflow/example_dags/example_dag_decorator.py
[2025-01-28T22:11:24.587+0000] {processor.py:914} INFO - Processing file /home/airflow/.local/lib/python3.12/site-packages/airflow/example_dags/example_dag_decorator.py for tasks to queue
[2025-01-28T22:11:24.590+0000] {logging_mixin.py:190} INFO - [2025-01-28T22:11:24.590+0000] {dagbag.py:588} INFO - Filling up the DagBag from /home/airflow/.local/lib/python3.12/site-packages/airflow/example_dags/example_dag_decorator.py
[2025-01-28T22:11:24.602+0000] {processor.py:925} INFO - DAG(s) 'example_dag_decorator' retrieved from /home/airflow/.local/lib/python3.12/site-packages/airflow/example_dags/example_dag_decorator.py
[2025-01-28T22:11:24.726+0000] {logging_mixin.py:190} INFO - [2025-01-28T22:11:24.726+0000] {dag.py:3239} INFO - Sync 1 DAGs
[2025-01-28T22:11:24.741+0000] {logging_mixin.py:190} INFO - [2025-01-28T22:11:24.740+0000] {dag.py:4180} INFO - Setting next_dagrun for example_dag_decorator to None, run_after=None
[2025-01-28T22:11:24.766+0000] {processor.py:208} INFO - Processing /home/airflow/.local/lib/python3.12/site-packages/airflow/example_dags/example_dag_decorator.py took 0.187 seconds
[2025-01-28T22:11:55.655+0000] {processor.py:186} INFO - Started process (PID=407) to work on /home/airflow/.local/lib/python3.12/site-packages/airflow/example_dags/example_dag_decorator.py
[2025-01-28T22:11:55.657+0000] {processor.py:914} INFO - Processing file /home/airflow/.local/lib/python3.12/site-packages/airflow/example_dags/example_dag_decorator.py for tasks to queue
[2025-01-28T22:11:55.660+0000] {logging_mixin.py:190} INFO - [2025-01-28T22:11:55.659+0000] {dagbag.py:588} INFO - Filling up the DagBag from /home/airflow/.local/lib/python3.12/site-packages/airflow/example_dags/example_dag_decorator.py
[2025-01-28T22:11:55.672+0000] {processor.py:925} INFO - DAG(s) 'example_dag_decorator' retrieved from /home/airflow/.local/lib/python3.12/site-packages/airflow/example_dags/example_dag_decorator.py
[2025-01-28T22:11:55.792+0000] {logging_mixin.py:190} INFO - [2025-01-28T22:11:55.791+0000] {dag.py:3239} INFO - Sync 1 DAGs
[2025-01-28T22:11:55.806+0000] {logging_mixin.py:190} INFO - [2025-01-28T22:11:55.805+0000] {dag.py:4180} INFO - Setting next_dagrun for example_dag_decorator to None, run_after=None
[2025-01-28T22:11:55.830+0000] {processor.py:208} INFO - Processing /home/airflow/.local/lib/python3.12/site-packages/airflow/example_dags/example_dag_decorator.py took 0.180 seconds
[2025-01-28T22:12:26.035+0000] {processor.py:186} INFO - Started process (PID=471) to work on /home/airflow/.local/lib/python3.12/site-packages/airflow/example_dags/example_dag_decorator.py
[2025-01-28T22:12:26.037+0000] {processor.py:914} INFO - Processing file /home/airflow/.local/lib/python3.12/site-packages/airflow/example_dags/example_dag_decorator.py for tasks to queue
[2025-01-28T22:12:26.039+0000] {logging_mixin.py:190} INFO - [2025-01-28T22:12:26.039+0000] {dagbag.py:588} INFO - Filling up the DagBag from /home/airflow/.local/lib/python3.12/site-packages/airflow/example_dags/example_dag_decorator.py
[2025-01-28T22:12:26.052+0000] {processor.py:925} INFO - DAG(s) 'example_dag_decorator' retrieved from /home/airflow/.local/lib/python3.12/site-packages/airflow/example_dags/example_dag_decorator.py
[2025-01-28T22:12:26.181+0000] {logging_mixin.py:190} INFO - [2025-01-28T22:12:26.181+0000] {dag.py:3239} INFO - Sync 1 DAGs
[2025-01-28T22:12:26.195+0000] {logging_mixin.py:190} INFO - [2025-01-28T22:12:26.195+0000] {dag.py:4180} INFO - Setting next_dagrun for example_dag_decorator to None, run_after=None
[2025-01-28T22:12:26.219+0000] {processor.py:208} INFO - Processing /home/airflow/.local/lib/python3.12/site-packages/airflow/example_dags/example_dag_decorator.py took 0.190 seconds
[2025-01-28T22:12:57.078+0000] {processor.py:186} INFO - Started process (PID=534) to work on /home/airflow/.local/lib/python3.12/site-packages/airflow/example_dags/example_dag_decorator.py
[2025-01-28T22:12:57.079+0000] {processor.py:914} INFO - Processing file /home/airflow/.local/lib/python3.12/site-packages/airflow/example_dags/example_dag_decorator.py for tasks to queue
[2025-01-28T22:12:57.082+0000] {logging_mixin.py:190} INFO - [2025-01-28T22:12:57.082+0000] {dagbag.py:588} INFO - Filling up the DagBag from /home/airflow/.local/lib/python3.12/site-packages/airflow/example_dags/example_dag_decorator.py
[2025-01-28T22:12:57.095+0000] {processor.py:925} INFO - DAG(s) 'example_dag_decorator' retrieved from /home/airflow/.local/lib/python3.12/site-packages/airflow/example_dags/example_dag_decorator.py
[2025-01-28T22:12:57.226+0000] {logging_mixin.py:190} INFO - [2025-01-28T22:12:57.226+0000] {dag.py:3239} INFO - Sync 1 DAGs
[2025-01-28T22:12:57.241+0000] {logging_mixin.py:190} INFO - [2025-01-28T22:12:57.240+0000] {dag.py:4180} INFO - Setting next_dagrun for example_dag_decorator to None, run_after=None
[2025-01-28T22:12:57.275+0000] {processor.py:208} INFO - Processing /home/airflow/.local/lib/python3.12/site-packages/airflow/example_dags/example_dag_decorator.py took 0.204 seconds
[2025-01-28T22:13:27.789+0000] {processor.py:186} INFO - Started process (PID=597) to work on /home/airflow/.local/lib/python3.12/site-packages/airflow/example_dags/example_dag_decorator.py
[2025-01-28T22:13:27.790+0000] {processor.py:914} INFO - Processing file /home/airflow/.local/lib/python3.12/site-packages/airflow/example_dags/example_dag_decorator.py for tasks to queue
[2025-01-28T22:13:27.793+0000] {logging_mixin.py:190} INFO - [2025-01-28T22:13:27.792+0000] {dagbag.py:588} INFO - Filling up the DagBag from /home/airflow/.local/lib/python3.12/site-packages/airflow/example_dags/example_dag_decorator.py
[2025-01-28T22:13:27.806+0000] {processor.py:925} INFO - DAG(s) 'example_dag_decorator' retrieved from /home/airflow/.local/lib/python3.12/site-packages/airflow/example_dags/example_dag_decorator.py
[2025-01-28T22:13:27.931+0000] {logging_mixin.py:190} INFO - [2025-01-28T22:13:27.931+0000] {dag.py:3239} INFO - Sync 1 DAGs
[2025-01-28T22:13:27.945+0000] {logging_mixin.py:190} INFO - [2025-01-28T22:13:27.945+0000] {dag.py:4180} INFO - Setting next_dagrun for example_dag_decorator to None, run_after=None
[2025-01-28T22:13:27.979+0000] {processor.py:208} INFO - Processing /home/airflow/.local/lib/python3.12/site-packages/airflow/example_dags/example_dag_decorator.py took 0.199 seconds
[2025-01-28T22:13:58.045+0000] {processor.py:186} INFO - Started process (PID=660) to work on /home/airflow/.local/lib/python3.12/site-packages/airflow/example_dags/example_dag_decorator.py
[2025-01-28T22:13:58.047+0000] {processor.py:914} INFO - Processing file /home/airflow/.local/lib/python3.12/site-packages/airflow/example_dags/example_dag_decorator.py for tasks to queue
[2025-01-28T22:13:58.050+0000] {logging_mixin.py:190} INFO - [2025-01-28T22:13:58.050+0000] {dagbag.py:588} INFO - Filling up the DagBag from /home/airflow/.local/lib/python3.12/site-packages/airflow/example_dags/example_dag_decorator.py
[2025-01-28T22:13:58.062+0000] {processor.py:925} INFO - DAG(s) 'example_dag_decorator' retrieved from /home/airflow/.local/lib/python3.12/site-packages/airflow/example_dags/example_dag_decorator.py
[2025-01-28T22:13:58.187+0000] {logging_mixin.py:190} INFO - [2025-01-28T22:13:58.186+0000] {dag.py:3239} INFO - Sync 1 DAGs
[2025-01-28T22:13:58.201+0000] {logging_mixin.py:190} INFO - [2025-01-28T22:13:58.201+0000] {dag.py:4180} INFO - Setting next_dagrun for example_dag_decorator to None, run_after=None
[2025-01-28T22:13:58.227+0000] {processor.py:208} INFO - Processing /home/airflow/.local/lib/python3.12/site-packages/airflow/example_dags/example_dag_decorator.py took 0.188 seconds
[2025-01-28T22:14:28.770+0000] {processor.py:186} INFO - Started process (PID=723) to work on /home/airflow/.local/lib/python3.12/site-packages/airflow/example_dags/example_dag_decorator.py
[2025-01-28T22:14:28.772+0000] {processor.py:914} INFO - Processing file /home/airflow/.local/lib/python3.12/site-packages/airflow/example_dags/example_dag_decorator.py for tasks to queue
[2025-01-28T22:14:28.774+0000] {logging_mixin.py:190} INFO - [2025-01-28T22:14:28.774+0000] {dagbag.py:588} INFO - Filling up the DagBag from /home/airflow/.local/lib/python3.12/site-packages/airflow/example_dags/example_dag_decorator.py
[2025-01-28T22:14:28.787+0000] {processor.py:925} INFO - DAG(s) 'example_dag_decorator' retrieved from /home/airflow/.local/lib/python3.12/site-packages/airflow/example_dags/example_dag_decorator.py
[2025-01-28T22:14:28.912+0000] {logging_mixin.py:190} INFO - [2025-01-28T22:14:28.911+0000] {dag.py:3239} INFO - Sync 1 DAGs
[2025-01-28T22:14:28.925+0000] {logging_mixin.py:190} INFO - [2025-01-28T22:14:28.925+0000] {dag.py:4180} INFO - Setting next_dagrun for example_dag_decorator to None, run_after=None
[2025-01-28T22:14:28.953+0000] {processor.py:208} INFO - Processing /home/airflow/.local/lib/python3.12/site-packages/airflow/example_dags/example_dag_decorator.py took 0.189 seconds
[2025-01-28T22:14:59.436+0000] {processor.py:186} INFO - Started process (PID=786) to work on /home/airflow/.local/lib/python3.12/site-packages/airflow/example_dags/example_dag_decorator.py
[2025-01-28T22:14:59.438+0000] {processor.py:914} INFO - Processing file /home/airflow/.local/lib/python3.12/site-packages/airflow/example_dags/example_dag_decorator.py for tasks to queue
[2025-01-28T22:14:59.441+0000] {logging_mixin.py:190} INFO - [2025-01-28T22:14:59.440+0000] {dagbag.py:588} INFO - Filling up the DagBag from /home/airflow/.local/lib/python3.12/site-packages/airflow/example_dags/example_dag_decorator.py
[2025-01-28T22:14:59.454+0000] {processor.py:925} INFO - DAG(s) 'example_dag_decorator' retrieved from /home/airflow/.local/lib/python3.12/site-packages/airflow/example_dags/example_dag_decorator.py
[2025-01-28T22:14:59.583+0000] {logging_mixin.py:190} INFO - [2025-01-28T22:14:59.583+0000] {dag.py:3239} INFO - Sync 1 DAGs
[2025-01-28T22:14:59.597+0000] {logging_mixin.py:190} INFO - [2025-01-28T22:14:59.597+0000] {dag.py:4180} INFO - Setting next_dagrun for example_dag_decorator to None, run_after=None
[2025-01-28T22:14:59.626+0000] {processor.py:208} INFO - Processing /home/airflow/.local/lib/python3.12/site-packages/airflow/example_dags/example_dag_decorator.py took 0.196 seconds
[2025-01-28T22:15:30.002+0000] {processor.py:186} INFO - Started process (PID=849) to work on /home/airflow/.local/lib/python3.12/site-packages/airflow/example_dags/example_dag_decorator.py
[2025-01-28T22:15:30.004+0000] {processor.py:914} INFO - Processing file /home/airflow/.local/lib/python3.12/site-packages/airflow/example_dags/example_dag_decorator.py for tasks to queue
[2025-01-28T22:15:30.006+0000] {logging_mixin.py:190} INFO - [2025-01-28T22:15:30.006+0000] {dagbag.py:588} INFO - Filling up the DagBag from /home/airflow/.local/lib/python3.12/site-packages/airflow/example_dags/example_dag_decorator.py
[2025-01-28T22:15:30.020+0000] {processor.py:925} INFO - DAG(s) 'example_dag_decorator' retrieved from /home/airflow/.local/lib/python3.12/site-packages/airflow/example_dags/example_dag_decorator.py
[2025-01-28T22:15:30.141+0000] {logging_mixin.py:190} INFO - [2025-01-28T22:15:30.140+0000] {dag.py:3239} INFO - Sync 1 DAGs
[2025-01-28T22:15:30.154+0000] {logging_mixin.py:190} INFO - [2025-01-28T22:15:30.153+0000] {dag.py:4180} INFO - Setting next_dagrun for example_dag_decorator to None, run_after=None
[2025-01-28T22:15:30.178+0000] {processor.py:208} INFO - Processing /home/airflow/.local/lib/python3.12/site-packages/airflow/example_dags/example_dag_decorator.py took 0.182 seconds
[2025-01-28T22:16:00.449+0000] {processor.py:186} INFO - Started process (PID=912) to work on /home/airflow/.local/lib/python3.12/site-packages/airflow/example_dags/example_dag_decorator.py
[2025-01-28T22:16:00.450+0000] {processor.py:914} INFO - Processing file /home/airflow/.local/lib/python3.12/site-packages/airflow/example_dags/example_dag_decorator.py for tasks to queue
[2025-01-28T22:16:00.453+0000] {logging_mixin.py:190} INFO - [2025-01-28T22:16:00.452+0000] {dagbag.py:588} INFO - Filling up the DagBag from /home/airflow/.local/lib/python3.12/site-packages/airflow/example_dags/example_dag_decorator.py
[2025-01-28T22:16:00.465+0000] {processor.py:925} INFO - DAG(s) 'example_dag_decorator' retrieved from /home/airflow/.local/lib/python3.12/site-packages/airflow/example_dags/example_dag_decorator.py
[2025-01-28T22:16:00.592+0000] {logging_mixin.py:190} INFO - [2025-01-28T22:16:00.592+0000] {dag.py:3239} INFO - Sync 1 DAGs
[2025-01-28T22:16:00.610+0000] {logging_mixin.py:190} INFO - [2025-01-28T22:16:00.610+0000] {dag.py:4180} INFO - Setting next_dagrun for example_dag_decorator to None, run_after=None
[2025-01-28T22:16:00.638+0000] {processor.py:208} INFO - Processing /home/airflow/.local/lib/python3.12/site-packages/airflow/example_dags/example_dag_decorator.py took 0.195 seconds
[2025-01-28T22:16:31.128+0000] {processor.py:186} INFO - Started process (PID=976) to work on /home/airflow/.local/lib/python3.12/site-packages/airflow/example_dags/example_dag_decorator.py
[2025-01-28T22:16:31.130+0000] {processor.py:914} INFO - Processing file /home/airflow/.local/lib/python3.12/site-packages/airflow/example_dags/example_dag_decorator.py for tasks to queue
[2025-01-28T22:16:31.132+0000] {logging_mixin.py:190} INFO - [2025-01-28T22:16:31.132+0000] {dagbag.py:588} INFO - Filling up the DagBag from /home/airflow/.local/lib/python3.12/site-packages/airflow/example_dags/example_dag_decorator.py
[2025-01-28T22:16:31.145+0000] {processor.py:925} INFO - DAG(s) 'example_dag_decorator' retrieved from /home/airflow/.local/lib/python3.12/site-packages/airflow/example_dags/example_dag_decorator.py
[2025-01-28T22:16:31.271+0000] {logging_mixin.py:190} INFO - [2025-01-28T22:16:31.271+0000] {dag.py:3239} INFO - Sync 1 DAGs
[2025-01-28T22:16:31.287+0000] {logging_mixin.py:190} INFO - [2025-01-28T22:16:31.286+0000] {dag.py:4180} INFO - Setting next_dagrun for example_dag_decorator to None, run_after=None
[2025-01-28T22:16:31.326+0000] {processor.py:208} INFO - Processing /home/airflow/.local/lib/python3.12/site-packages/airflow/example_dags/example_dag_decorator.py took 0.204 seconds
[2025-01-28T22:17:01.578+0000] {processor.py:186} INFO - Started process (PID=1039) to work on /home/airflow/.local/lib/python3.12/site-packages/airflow/example_dags/example_dag_decorator.py
[2025-01-28T22:17:01.580+0000] {processor.py:914} INFO - Processing file /home/airflow/.local/lib/python3.12/site-packages/airflow/example_dags/example_dag_decorator.py for tasks to queue
[2025-01-28T22:17:01.583+0000] {logging_mixin.py:190} INFO - [2025-01-28T22:17:01.583+0000] {dagbag.py:588} INFO - Filling up the DagBag from /home/airflow/.local/lib/python3.12/site-packages/airflow/example_dags/example_dag_decorator.py
[2025-01-28T22:17:01.596+0000] {processor.py:925} INFO - DAG(s) 'example_dag_decorator' retrieved from /home/airflow/.local/lib/python3.12/site-packages/airflow/example_dags/example_dag_decorator.py
[2025-01-28T22:17:01.718+0000] {logging_mixin.py:190} INFO - [2025-01-28T22:17:01.718+0000] {dag.py:3239} INFO - Sync 1 DAGs
[2025-01-28T22:17:01.732+0000] {logging_mixin.py:190} INFO - [2025-01-28T22:17:01.732+0000] {dag.py:4180} INFO - Setting next_dagrun for example_dag_decorator to None, run_after=None
[2025-01-28T22:17:01.764+0000] {processor.py:208} INFO - Processing /home/airflow/.local/lib/python3.12/site-packages/airflow/example_dags/example_dag_decorator.py took 0.192 seconds
[2025-01-28T22:17:31.927+0000] {processor.py:186} INFO - Started process (PID=1102) to work on /home/airflow/.local/lib/python3.12/site-packages/airflow/example_dags/example_dag_decorator.py
[2025-01-28T22:17:31.929+0000] {processor.py:914} INFO - Processing file /home/airflow/.local/lib/python3.12/site-packages/airflow/example_dags/example_dag_decorator.py for tasks to queue
[2025-01-28T22:17:31.932+0000] {logging_mixin.py:190} INFO - [2025-01-28T22:17:31.931+0000] {dagbag.py:588} INFO - Filling up the DagBag from /home/airflow/.local/lib/python3.12/site-packages/airflow/example_dags/example_dag_decorator.py
[2025-01-28T22:17:31.944+0000] {processor.py:925} INFO - DAG(s) 'example_dag_decorator' retrieved from /home/airflow/.local/lib/python3.12/site-packages/airflow/example_dags/example_dag_decorator.py
[2025-01-28T22:17:32.062+0000] {logging_mixin.py:190} INFO - [2025-01-28T22:17:32.061+0000] {dag.py:3239} INFO - Sync 1 DAGs
[2025-01-28T22:17:32.076+0000] {logging_mixin.py:190} INFO - [2025-01-28T22:17:32.076+0000] {dag.py:4180} INFO - Setting next_dagrun for example_dag_decorator to None, run_after=None
[2025-01-28T22:17:32.101+0000] {processor.py:208} INFO - Processing /home/airflow/.local/lib/python3.12/site-packages/airflow/example_dags/example_dag_decorator.py took 0.180 seconds
[2025-01-28T22:18:02.579+0000] {processor.py:186} INFO - Started process (PID=1165) to work on /home/airflow/.local/lib/python3.12/site-packages/airflow/example_dags/example_dag_decorator.py
[2025-01-28T22:18:02.581+0000] {processor.py:914} INFO - Processing file /home/airflow/.local/lib/python3.12/site-packages/airflow/example_dags/example_dag_decorator.py for tasks to queue
[2025-01-28T22:18:02.584+0000] {logging_mixin.py:190} INFO - [2025-01-28T22:18:02.583+0000] {dagbag.py:588} INFO - Filling up the DagBag from /home/airflow/.local/lib/python3.12/site-packages/airflow/example_dags/example_dag_decorator.py
[2025-01-28T22:18:02.597+0000] {processor.py:925} INFO - DAG(s) 'example_dag_decorator' retrieved from /home/airflow/.local/lib/python3.12/site-packages/airflow/example_dags/example_dag_decorator.py
[2025-01-28T22:18:02.719+0000] {logging_mixin.py:190} INFO - [2025-01-28T22:18:02.719+0000] {dag.py:3239} INFO - Sync 1 DAGs
[2025-01-28T22:18:02.732+0000] {logging_mixin.py:190} INFO - [2025-01-28T22:18:02.732+0000] {dag.py:4180} INFO - Setting next_dagrun for example_dag_decorator to None, run_after=None
[2025-01-28T22:18:02.758+0000] {processor.py:208} INFO - Processing /home/airflow/.local/lib/python3.12/site-packages/airflow/example_dags/example_dag_decorator.py took 0.185 seconds
[2025-01-28T22:18:32.991+0000] {processor.py:186} INFO - Started process (PID=1229) to work on /home/airflow/.local/lib/python3.12/site-packages/airflow/example_dags/example_dag_decorator.py
[2025-01-28T22:18:32.993+0000] {processor.py:914} INFO - Processing file /home/airflow/.local/lib/python3.12/site-packages/airflow/example_dags/example_dag_decorator.py for tasks to queue
[2025-01-28T22:18:32.998+0000] {logging_mixin.py:190} INFO - [2025-01-28T22:18:32.997+0000] {dagbag.py:588} INFO - Filling up the DagBag from /home/airflow/.local/lib/python3.12/site-packages/airflow/example_dags/example_dag_decorator.py
[2025-01-28T22:18:33.012+0000] {processor.py:925} INFO - DAG(s) 'example_dag_decorator' retrieved from /home/airflow/.local/lib/python3.12/site-packages/airflow/example_dags/example_dag_decorator.py
[2025-01-28T22:18:33.137+0000] {logging_mixin.py:190} INFO - [2025-01-28T22:18:33.137+0000] {dag.py:3239} INFO - Sync 1 DAGs
[2025-01-28T22:18:33.154+0000] {logging_mixin.py:190} INFO - [2025-01-28T22:18:33.154+0000] {dag.py:4180} INFO - Setting next_dagrun for example_dag_decorator to None, run_after=None
[2025-01-28T22:18:33.179+0000] {processor.py:208} INFO - Processing /home/airflow/.local/lib/python3.12/site-packages/airflow/example_dags/example_dag_decorator.py took 0.195 seconds
[2025-01-28T22:19:04.086+0000] {processor.py:186} INFO - Started process (PID=1292) to work on /home/airflow/.local/lib/python3.12/site-packages/airflow/example_dags/example_dag_decorator.py
[2025-01-28T22:19:04.088+0000] {processor.py:914} INFO - Processing file /home/airflow/.local/lib/python3.12/site-packages/airflow/example_dags/example_dag_decorator.py for tasks to queue
[2025-01-28T22:19:04.092+0000] {logging_mixin.py:190} INFO - [2025-01-28T22:19:04.092+0000] {dagbag.py:588} INFO - Filling up the DagBag from /home/airflow/.local/lib/python3.12/site-packages/airflow/example_dags/example_dag_decorator.py
[2025-01-28T22:19:04.107+0000] {processor.py:925} INFO - DAG(s) 'example_dag_decorator' retrieved from /home/airflow/.local/lib/python3.12/site-packages/airflow/example_dags/example_dag_decorator.py
[2025-01-28T22:19:04.137+0000] {logging_mixin.py:190} INFO - [2025-01-28T22:19:04.137+0000] {dag.py:3239} INFO - Sync 1 DAGs
[2025-01-28T22:19:04.154+0000] {logging_mixin.py:190} INFO - [2025-01-28T22:19:04.154+0000] {dag.py:4180} INFO - Setting next_dagrun for example_dag_decorator to None, run_after=None
[2025-01-28T22:19:04.179+0000] {processor.py:208} INFO - Processing /home/airflow/.local/lib/python3.12/site-packages/airflow/example_dags/example_dag_decorator.py took 0.100 seconds
[2025-01-28T22:19:34.431+0000] {processor.py:186} INFO - Started process (PID=1355) to work on /home/airflow/.local/lib/python3.12/site-packages/airflow/example_dags/example_dag_decorator.py
[2025-01-28T22:19:34.432+0000] {processor.py:914} INFO - Processing file /home/airflow/.local/lib/python3.12/site-packages/airflow/example_dags/example_dag_decorator.py for tasks to queue
[2025-01-28T22:19:34.435+0000] {logging_mixin.py:190} INFO - [2025-01-28T22:19:34.434+0000] {dagbag.py:588} INFO - Filling up the DagBag from /home/airflow/.local/lib/python3.12/site-packages/airflow/example_dags/example_dag_decorator.py
[2025-01-28T22:19:34.448+0000] {processor.py:925} INFO - DAG(s) 'example_dag_decorator' retrieved from /home/airflow/.local/lib/python3.12/site-packages/airflow/example_dags/example_dag_decorator.py
[2025-01-28T22:19:34.573+0000] {logging_mixin.py:190} INFO - [2025-01-28T22:19:34.572+0000] {dag.py:3239} INFO - Sync 1 DAGs
[2025-01-28T22:19:34.587+0000] {logging_mixin.py:190} INFO - [2025-01-28T22:19:34.586+0000] {dag.py:4180} INFO - Setting next_dagrun for example_dag_decorator to None, run_after=None
[2025-01-28T22:19:34.610+0000] {processor.py:208} INFO - Processing /home/airflow/.local/lib/python3.12/site-packages/airflow/example_dags/example_dag_decorator.py took 0.185 seconds
[2025-01-28T22:20:04.742+0000] {processor.py:186} INFO - Started process (PID=1418) to work on /home/airflow/.local/lib/python3.12/site-packages/airflow/example_dags/example_dag_decorator.py
[2025-01-28T22:20:04.744+0000] {processor.py:914} INFO - Processing file /home/airflow/.local/lib/python3.12/site-packages/airflow/example_dags/example_dag_decorator.py for tasks to queue
[2025-01-28T22:20:04.746+0000] {logging_mixin.py:190} INFO - [2025-01-28T22:20:04.746+0000] {dagbag.py:588} INFO - Filling up the DagBag from /home/airflow/.local/lib/python3.12/site-packages/airflow/example_dags/example_dag_decorator.py
[2025-01-28T22:20:04.760+0000] {processor.py:925} INFO - DAG(s) 'example_dag_decorator' retrieved from /home/airflow/.local/lib/python3.12/site-packages/airflow/example_dags/example_dag_decorator.py
[2025-01-28T22:20:04.882+0000] {logging_mixin.py:190} INFO - [2025-01-28T22:20:04.882+0000] {dag.py:3239} INFO - Sync 1 DAGs
[2025-01-28T22:20:04.897+0000] {logging_mixin.py:190} INFO - [2025-01-28T22:20:04.897+0000] {dag.py:4180} INFO - Setting next_dagrun for example_dag_decorator to None, run_after=None
[2025-01-28T22:20:04.921+0000] {processor.py:208} INFO - Processing /home/airflow/.local/lib/python3.12/site-packages/airflow/example_dags/example_dag_decorator.py took 0.186 seconds
[2025-01-28T22:20:35.176+0000] {processor.py:186} INFO - Started process (PID=1481) to work on /home/airflow/.local/lib/python3.12/site-packages/airflow/example_dags/example_dag_decorator.py
[2025-01-28T22:20:35.177+0000] {processor.py:914} INFO - Processing file /home/airflow/.local/lib/python3.12/site-packages/airflow/example_dags/example_dag_decorator.py for tasks to queue
[2025-01-28T22:20:35.180+0000] {logging_mixin.py:190} INFO - [2025-01-28T22:20:35.180+0000] {dagbag.py:588} INFO - Filling up the DagBag from /home/airflow/.local/lib/python3.12/site-packages/airflow/example_dags/example_dag_decorator.py
[2025-01-28T22:20:35.194+0000] {processor.py:925} INFO - DAG(s) 'example_dag_decorator' retrieved from /home/airflow/.local/lib/python3.12/site-packages/airflow/example_dags/example_dag_decorator.py
[2025-01-28T22:20:35.316+0000] {logging_mixin.py:190} INFO - [2025-01-28T22:20:35.315+0000] {dag.py:3239} INFO - Sync 1 DAGs
[2025-01-28T22:20:35.331+0000] {logging_mixin.py:190} INFO - [2025-01-28T22:20:35.331+0000] {dag.py:4180} INFO - Setting next_dagrun for example_dag_decorator to None, run_after=None
[2025-01-28T22:20:35.358+0000] {processor.py:208} INFO - Processing /home/airflow/.local/lib/python3.12/site-packages/airflow/example_dags/example_dag_decorator.py took 0.188 seconds
[2025-01-28T22:21:06.001+0000] {processor.py:186} INFO - Started process (PID=1544) to work on /home/airflow/.local/lib/python3.12/site-packages/airflow/example_dags/example_dag_decorator.py
[2025-01-28T22:21:06.008+0000] {processor.py:914} INFO - Processing file /home/airflow/.local/lib/python3.12/site-packages/airflow/example_dags/example_dag_decorator.py for tasks to queue
[2025-01-28T22:21:06.012+0000] {logging_mixin.py:190} INFO - [2025-01-28T22:21:06.011+0000] {dagbag.py:588} INFO - Filling up the DagBag from /home/airflow/.local/lib/python3.12/site-packages/airflow/example_dags/example_dag_decorator.py
[2025-01-28T22:21:06.027+0000] {processor.py:925} INFO - DAG(s) 'example_dag_decorator' retrieved from /home/airflow/.local/lib/python3.12/site-packages/airflow/example_dags/example_dag_decorator.py
[2025-01-28T22:21:06.062+0000] {logging_mixin.py:190} INFO - [2025-01-28T22:21:06.062+0000] {dag.py:3239} INFO - Sync 1 DAGs
[2025-01-28T22:21:06.082+0000] {logging_mixin.py:190} INFO - [2025-01-28T22:21:06.082+0000] {dag.py:4180} INFO - Setting next_dagrun for example_dag_decorator to None, run_after=None
[2025-01-28T22:21:06.109+0000] {processor.py:208} INFO - Processing /home/airflow/.local/lib/python3.12/site-packages/airflow/example_dags/example_dag_decorator.py took 0.115 seconds
[2025-01-28T22:21:36.185+0000] {processor.py:186} INFO - Started process (PID=1599) to work on /home/airflow/.local/lib/python3.12/site-packages/airflow/example_dags/example_dag_decorator.py
[2025-01-28T22:21:36.187+0000] {processor.py:914} INFO - Processing file /home/airflow/.local/lib/python3.12/site-packages/airflow/example_dags/example_dag_decorator.py for tasks to queue
[2025-01-28T22:21:36.189+0000] {logging_mixin.py:190} INFO - [2025-01-28T22:21:36.189+0000] {dagbag.py:588} INFO - Filling up the DagBag from /home/airflow/.local/lib/python3.12/site-packages/airflow/example_dags/example_dag_decorator.py
[2025-01-28T22:21:36.202+0000] {processor.py:925} INFO - DAG(s) 'example_dag_decorator' retrieved from /home/airflow/.local/lib/python3.12/site-packages/airflow/example_dags/example_dag_decorator.py
[2025-01-28T22:21:36.227+0000] {logging_mixin.py:190} INFO - [2025-01-28T22:21:36.227+0000] {dag.py:3239} INFO - Sync 1 DAGs
[2025-01-28T22:21:36.243+0000] {logging_mixin.py:190} INFO - [2025-01-28T22:21:36.242+0000] {dag.py:4180} INFO - Setting next_dagrun for example_dag_decorator to None, run_after=None
[2025-01-28T22:21:36.279+0000] {processor.py:208} INFO - Processing /home/airflow/.local/lib/python3.12/site-packages/airflow/example_dags/example_dag_decorator.py took 0.100 seconds
[2025-01-28T22:22:07.523+0000] {processor.py:186} INFO - Started process (PID=1661) to work on /home/airflow/.local/lib/python3.12/site-packages/airflow/example_dags/example_dag_decorator.py
[2025-01-28T22:22:07.524+0000] {processor.py:914} INFO - Processing file /home/airflow/.local/lib/python3.12/site-packages/airflow/example_dags/example_dag_decorator.py for tasks to queue
[2025-01-28T22:22:07.527+0000] {logging_mixin.py:190} INFO - [2025-01-28T22:22:07.527+0000] {dagbag.py:588} INFO - Filling up the DagBag from /home/airflow/.local/lib/python3.12/site-packages/airflow/example_dags/example_dag_decorator.py
[2025-01-28T22:22:07.540+0000] {processor.py:925} INFO - DAG(s) 'example_dag_decorator' retrieved from /home/airflow/.local/lib/python3.12/site-packages/airflow/example_dags/example_dag_decorator.py
[2025-01-28T22:22:07.663+0000] {logging_mixin.py:190} INFO - [2025-01-28T22:22:07.663+0000] {dag.py:3239} INFO - Sync 1 DAGs
[2025-01-28T22:22:07.676+0000] {logging_mixin.py:190} INFO - [2025-01-28T22:22:07.676+0000] {dag.py:4180} INFO - Setting next_dagrun for example_dag_decorator to None, run_after=None
[2025-01-28T22:22:07.721+0000] {processor.py:208} INFO - Processing /home/airflow/.local/lib/python3.12/site-packages/airflow/example_dags/example_dag_decorator.py took 0.204 seconds
[2025-01-28T22:22:38.913+0000] {processor.py:186} INFO - Started process (PID=1724) to work on /home/airflow/.local/lib/python3.12/site-packages/airflow/example_dags/example_dag_decorator.py
[2025-01-28T22:22:38.914+0000] {processor.py:914} INFO - Processing file /home/airflow/.local/lib/python3.12/site-packages/airflow/example_dags/example_dag_decorator.py for tasks to queue
[2025-01-28T22:22:38.917+0000] {logging_mixin.py:190} INFO - [2025-01-28T22:22:38.916+0000] {dagbag.py:588} INFO - Filling up the DagBag from /home/airflow/.local/lib/python3.12/site-packages/airflow/example_dags/example_dag_decorator.py
[2025-01-28T22:22:38.930+0000] {processor.py:925} INFO - DAG(s) 'example_dag_decorator' retrieved from /home/airflow/.local/lib/python3.12/site-packages/airflow/example_dags/example_dag_decorator.py
[2025-01-28T22:22:39.053+0000] {logging_mixin.py:190} INFO - [2025-01-28T22:22:39.053+0000] {dag.py:3239} INFO - Sync 1 DAGs
[2025-01-28T22:22:39.068+0000] {logging_mixin.py:190} INFO - [2025-01-28T22:22:39.067+0000] {dag.py:4180} INFO - Setting next_dagrun for example_dag_decorator to None, run_after=None
[2025-01-28T22:22:39.092+0000] {processor.py:208} INFO - Processing /home/airflow/.local/lib/python3.12/site-packages/airflow/example_dags/example_dag_decorator.py took 0.186 seconds
[2025-01-28T22:23:10.862+0000] {processor.py:186} INFO - Started process (PID=1787) to work on /home/airflow/.local/lib/python3.12/site-packages/airflow/example_dags/example_dag_decorator.py
[2025-01-28T22:23:10.864+0000] {processor.py:914} INFO - Processing file /home/airflow/.local/lib/python3.12/site-packages/airflow/example_dags/example_dag_decorator.py for tasks to queue
[2025-01-28T22:23:10.866+0000] {logging_mixin.py:190} INFO - [2025-01-28T22:23:10.866+0000] {dagbag.py:588} INFO - Filling up the DagBag from /home/airflow/.local/lib/python3.12/site-packages/airflow/example_dags/example_dag_decorator.py
[2025-01-28T22:23:10.879+0000] {processor.py:925} INFO - DAG(s) 'example_dag_decorator' retrieved from /home/airflow/.local/lib/python3.12/site-packages/airflow/example_dags/example_dag_decorator.py
[2025-01-28T22:23:11.003+0000] {logging_mixin.py:190} INFO - [2025-01-28T22:23:11.003+0000] {dag.py:3239} INFO - Sync 1 DAGs
[2025-01-28T22:23:11.017+0000] {logging_mixin.py:190} INFO - [2025-01-28T22:23:11.017+0000] {dag.py:4180} INFO - Setting next_dagrun for example_dag_decorator to None, run_after=None
[2025-01-28T22:23:11.043+0000] {processor.py:208} INFO - Processing /home/airflow/.local/lib/python3.12/site-packages/airflow/example_dags/example_dag_decorator.py took 0.188 seconds
[2025-01-28T22:23:42.410+0000] {processor.py:186} INFO - Started process (PID=1850) to work on /home/airflow/.local/lib/python3.12/site-packages/airflow/example_dags/example_dag_decorator.py
[2025-01-28T22:23:42.412+0000] {processor.py:914} INFO - Processing file /home/airflow/.local/lib/python3.12/site-packages/airflow/example_dags/example_dag_decorator.py for tasks to queue
[2025-01-28T22:23:42.414+0000] {logging_mixin.py:190} INFO - [2025-01-28T22:23:42.414+0000] {dagbag.py:588} INFO - Filling up the DagBag from /home/airflow/.local/lib/python3.12/site-packages/airflow/example_dags/example_dag_decorator.py
[2025-01-28T22:23:42.428+0000] {processor.py:925} INFO - DAG(s) 'example_dag_decorator' retrieved from /home/airflow/.local/lib/python3.12/site-packages/airflow/example_dags/example_dag_decorator.py
[2025-01-28T22:23:42.551+0000] {logging_mixin.py:190} INFO - [2025-01-28T22:23:42.550+0000] {dag.py:3239} INFO - Sync 1 DAGs
[2025-01-28T22:23:42.563+0000] {logging_mixin.py:190} INFO - [2025-01-28T22:23:42.563+0000] {dag.py:4180} INFO - Setting next_dagrun for example_dag_decorator to None, run_after=None
[2025-01-28T22:23:42.586+0000] {processor.py:208} INFO - Processing /home/airflow/.local/lib/python3.12/site-packages/airflow/example_dags/example_dag_decorator.py took 0.183 seconds
[2025-01-28T22:24:13.475+0000] {processor.py:186} INFO - Started process (PID=1913) to work on /home/airflow/.local/lib/python3.12/site-packages/airflow/example_dags/example_dag_decorator.py
[2025-01-28T22:24:13.477+0000] {processor.py:914} INFO - Processing file /home/airflow/.local/lib/python3.12/site-packages/airflow/example_dags/example_dag_decorator.py for tasks to queue
[2025-01-28T22:24:13.483+0000] {logging_mixin.py:190} INFO - [2025-01-28T22:24:13.483+0000] {dagbag.py:588} INFO - Filling up the DagBag from /home/airflow/.local/lib/python3.12/site-packages/airflow/example_dags/example_dag_decorator.py
[2025-01-28T22:24:13.497+0000] {processor.py:925} INFO - DAG(s) 'example_dag_decorator' retrieved from /home/airflow/.local/lib/python3.12/site-packages/airflow/example_dags/example_dag_decorator.py
[2025-01-28T22:24:13.624+0000] {logging_mixin.py:190} INFO - [2025-01-28T22:24:13.623+0000] {dag.py:3239} INFO - Sync 1 DAGs
[2025-01-28T22:24:13.637+0000] {logging_mixin.py:190} INFO - [2025-01-28T22:24:13.637+0000] {dag.py:4180} INFO - Setting next_dagrun for example_dag_decorator to None, run_after=None
[2025-01-28T22:24:13.664+0000] {processor.py:208} INFO - Processing /home/airflow/.local/lib/python3.12/site-packages/airflow/example_dags/example_dag_decorator.py took 0.196 seconds
[2025-01-28T22:24:44.989+0000] {processor.py:186} INFO - Started process (PID=1976) to work on /home/airflow/.local/lib/python3.12/site-packages/airflow/example_dags/example_dag_decorator.py
[2025-01-28T22:24:44.991+0000] {processor.py:914} INFO - Processing file /home/airflow/.local/lib/python3.12/site-packages/airflow/example_dags/example_dag_decorator.py for tasks to queue
[2025-01-28T22:24:44.995+0000] {logging_mixin.py:190} INFO - [2025-01-28T22:24:44.995+0000] {dagbag.py:588} INFO - Filling up the DagBag from /home/airflow/.local/lib/python3.12/site-packages/airflow/example_dags/example_dag_decorator.py
[2025-01-28T22:24:45.010+0000] {processor.py:925} INFO - DAG(s) 'example_dag_decorator' retrieved from /home/airflow/.local/lib/python3.12/site-packages/airflow/example_dags/example_dag_decorator.py
[2025-01-28T22:24:45.154+0000] {logging_mixin.py:190} INFO - [2025-01-28T22:24:45.154+0000] {dag.py:3239} INFO - Sync 1 DAGs
[2025-01-28T22:24:45.168+0000] {logging_mixin.py:190} INFO - [2025-01-28T22:24:45.168+0000] {dag.py:4180} INFO - Setting next_dagrun for example_dag_decorator to None, run_after=None
[2025-01-28T22:24:45.193+0000] {processor.py:208} INFO - Processing /home/airflow/.local/lib/python3.12/site-packages/airflow/example_dags/example_dag_decorator.py took 0.210 seconds
[2025-01-28T22:25:15.840+0000] {processor.py:186} INFO - Started process (PID=2039) to work on /home/airflow/.local/lib/python3.12/site-packages/airflow/example_dags/example_dag_decorator.py
[2025-01-28T22:25:15.842+0000] {processor.py:914} INFO - Processing file /home/airflow/.local/lib/python3.12/site-packages/airflow/example_dags/example_dag_decorator.py for tasks to queue
[2025-01-28T22:25:15.845+0000] {logging_mixin.py:190} INFO - [2025-01-28T22:25:15.844+0000] {dagbag.py:588} INFO - Filling up the DagBag from /home/airflow/.local/lib/python3.12/site-packages/airflow/example_dags/example_dag_decorator.py
[2025-01-28T22:25:15.859+0000] {processor.py:925} INFO - DAG(s) 'example_dag_decorator' retrieved from /home/airflow/.local/lib/python3.12/site-packages/airflow/example_dags/example_dag_decorator.py
[2025-01-28T22:25:15.886+0000] {logging_mixin.py:190} INFO - [2025-01-28T22:25:15.886+0000] {dag.py:3239} INFO - Sync 1 DAGs
[2025-01-28T22:25:15.904+0000] {logging_mixin.py:190} INFO - [2025-01-28T22:25:15.903+0000] {dag.py:4180} INFO - Setting next_dagrun for example_dag_decorator to None, run_after=None
[2025-01-28T22:25:15.931+0000] {processor.py:208} INFO - Processing /home/airflow/.local/lib/python3.12/site-packages/airflow/example_dags/example_dag_decorator.py took 0.098 seconds
[2025-01-28T22:28:44.659+0000] {processor.py:186} INFO - Started process (PID=98) to work on /home/airflow/.local/lib/python3.12/site-packages/airflow/example_dags/example_dag_decorator.py
[2025-01-28T22:28:44.660+0000] {processor.py:914} INFO - Processing file /home/airflow/.local/lib/python3.12/site-packages/airflow/example_dags/example_dag_decorator.py for tasks to queue
[2025-01-28T22:28:44.663+0000] {logging_mixin.py:190} INFO - [2025-01-28T22:28:44.663+0000] {dagbag.py:588} INFO - Filling up the DagBag from /home/airflow/.local/lib/python3.12/site-packages/airflow/example_dags/example_dag_decorator.py
[2025-01-28T22:28:44.677+0000] {processor.py:925} INFO - DAG(s) 'example_dag_decorator' retrieved from /home/airflow/.local/lib/python3.12/site-packages/airflow/example_dags/example_dag_decorator.py
[2025-01-28T22:28:44.885+0000] {logging_mixin.py:190} INFO - [2025-01-28T22:28:44.884+0000] {dag.py:3239} INFO - Sync 1 DAGs
[2025-01-28T22:28:44.899+0000] {logging_mixin.py:190} INFO - [2025-01-28T22:28:44.899+0000] {dag.py:4180} INFO - Setting next_dagrun for example_dag_decorator to None, run_after=None
[2025-01-28T22:28:44.931+0000] {processor.py:208} INFO - Processing /home/airflow/.local/lib/python3.12/site-packages/airflow/example_dags/example_dag_decorator.py took 0.278 seconds
[2025-01-28T22:29:15.169+0000] {processor.py:186} INFO - Started process (PID=161) to work on /home/airflow/.local/lib/python3.12/site-packages/airflow/example_dags/example_dag_decorator.py
[2025-01-28T22:29:15.170+0000] {processor.py:914} INFO - Processing file /home/airflow/.local/lib/python3.12/site-packages/airflow/example_dags/example_dag_decorator.py for tasks to queue
[2025-01-28T22:29:15.173+0000] {logging_mixin.py:190} INFO - [2025-01-28T22:29:15.172+0000] {dagbag.py:588} INFO - Filling up the DagBag from /home/airflow/.local/lib/python3.12/site-packages/airflow/example_dags/example_dag_decorator.py
[2025-01-28T22:29:15.186+0000] {processor.py:925} INFO - DAG(s) 'example_dag_decorator' retrieved from /home/airflow/.local/lib/python3.12/site-packages/airflow/example_dags/example_dag_decorator.py
[2025-01-28T22:29:15.309+0000] {logging_mixin.py:190} INFO - [2025-01-28T22:29:15.309+0000] {dag.py:3239} INFO - Sync 1 DAGs
[2025-01-28T22:29:15.322+0000] {logging_mixin.py:190} INFO - [2025-01-28T22:29:15.322+0000] {dag.py:4180} INFO - Setting next_dagrun for example_dag_decorator to None, run_after=None
[2025-01-28T22:29:15.344+0000] {processor.py:208} INFO - Processing /home/airflow/.local/lib/python3.12/site-packages/airflow/example_dags/example_dag_decorator.py took 0.181 seconds
[2025-01-28T22:29:45.715+0000] {processor.py:186} INFO - Started process (PID=224) to work on /home/airflow/.local/lib/python3.12/site-packages/airflow/example_dags/example_dag_decorator.py
[2025-01-28T22:29:45.717+0000] {processor.py:914} INFO - Processing file /home/airflow/.local/lib/python3.12/site-packages/airflow/example_dags/example_dag_decorator.py for tasks to queue
[2025-01-28T22:29:45.720+0000] {logging_mixin.py:190} INFO - [2025-01-28T22:29:45.719+0000] {dagbag.py:588} INFO - Filling up the DagBag from /home/airflow/.local/lib/python3.12/site-packages/airflow/example_dags/example_dag_decorator.py
[2025-01-28T22:29:45.732+0000] {processor.py:925} INFO - DAG(s) 'example_dag_decorator' retrieved from /home/airflow/.local/lib/python3.12/site-packages/airflow/example_dags/example_dag_decorator.py
[2025-01-28T22:29:45.856+0000] {logging_mixin.py:190} INFO - [2025-01-28T22:29:45.855+0000] {dag.py:3239} INFO - Sync 1 DAGs
[2025-01-28T22:29:45.869+0000] {logging_mixin.py:190} INFO - [2025-01-28T22:29:45.869+0000] {dag.py:4180} INFO - Setting next_dagrun for example_dag_decorator to None, run_after=None
[2025-01-28T22:29:45.893+0000] {processor.py:208} INFO - Processing /home/airflow/.local/lib/python3.12/site-packages/airflow/example_dags/example_dag_decorator.py took 0.184 seconds
[2025-01-28T22:30:16.065+0000] {processor.py:186} INFO - Started process (PID=286) to work on /home/airflow/.local/lib/python3.12/site-packages/airflow/example_dags/example_dag_decorator.py
[2025-01-28T22:30:16.066+0000] {processor.py:914} INFO - Processing file /home/airflow/.local/lib/python3.12/site-packages/airflow/example_dags/example_dag_decorator.py for tasks to queue
[2025-01-28T22:30:16.069+0000] {logging_mixin.py:190} INFO - [2025-01-28T22:30:16.069+0000] {dagbag.py:588} INFO - Filling up the DagBag from /home/airflow/.local/lib/python3.12/site-packages/airflow/example_dags/example_dag_decorator.py
[2025-01-28T22:30:16.082+0000] {processor.py:925} INFO - DAG(s) 'example_dag_decorator' retrieved from /home/airflow/.local/lib/python3.12/site-packages/airflow/example_dags/example_dag_decorator.py
[2025-01-28T22:30:16.205+0000] {logging_mixin.py:190} INFO - [2025-01-28T22:30:16.205+0000] {dag.py:3239} INFO - Sync 1 DAGs
[2025-01-28T22:30:16.220+0000] {logging_mixin.py:190} INFO - [2025-01-28T22:30:16.220+0000] {dag.py:4180} INFO - Setting next_dagrun for example_dag_decorator to None, run_after=None
[2025-01-28T22:30:16.250+0000] {processor.py:208} INFO - Processing /home/airflow/.local/lib/python3.12/site-packages/airflow/example_dags/example_dag_decorator.py took 0.191 seconds
[2025-01-28T22:30:46.511+0000] {processor.py:186} INFO - Started process (PID=349) to work on /home/airflow/.local/lib/python3.12/site-packages/airflow/example_dags/example_dag_decorator.py
[2025-01-28T22:30:46.512+0000] {processor.py:914} INFO - Processing file /home/airflow/.local/lib/python3.12/site-packages/airflow/example_dags/example_dag_decorator.py for tasks to queue
[2025-01-28T22:30:46.515+0000] {logging_mixin.py:190} INFO - [2025-01-28T22:30:46.515+0000] {dagbag.py:588} INFO - Filling up the DagBag from /home/airflow/.local/lib/python3.12/site-packages/airflow/example_dags/example_dag_decorator.py
[2025-01-28T22:30:46.529+0000] {processor.py:925} INFO - DAG(s) 'example_dag_decorator' retrieved from /home/airflow/.local/lib/python3.12/site-packages/airflow/example_dags/example_dag_decorator.py
[2025-01-28T22:30:46.651+0000] {logging_mixin.py:190} INFO - [2025-01-28T22:30:46.650+0000] {dag.py:3239} INFO - Sync 1 DAGs
[2025-01-28T22:30:46.666+0000] {logging_mixin.py:190} INFO - [2025-01-28T22:30:46.666+0000] {dag.py:4180} INFO - Setting next_dagrun for example_dag_decorator to None, run_after=None
[2025-01-28T22:30:46.701+0000] {processor.py:208} INFO - Processing /home/airflow/.local/lib/python3.12/site-packages/airflow/example_dags/example_dag_decorator.py took 0.197 seconds
