[2025-01-28T22:09:31.875+0000] {processor.py:186} INFO - Started process (PID=135) to work on /home/airflow/.local/lib/python3.12/site-packages/airflow/example_dags/example_branch_labels.py
[2025-01-28T22:09:31.877+0000] {processor.py:914} INFO - Processing file /home/airflow/.local/lib/python3.12/site-packages/airflow/example_dags/example_branch_labels.py for tasks to queue
[2025-01-28T22:09:31.879+0000] {logging_mixin.py:190} INFO - [2025-01-28T22:09:31.879+0000] {dagbag.py:588} INFO - Filling up the DagBag from /home/airflow/.local/lib/python3.12/site-packages/airflow/example_dags/example_branch_labels.py
[2025-01-28T22:09:31.893+0000] {processor.py:925} INFO - DAG(s) 'example_branch_labels' retrieved from /home/airflow/.local/lib/python3.12/site-packages/airflow/example_dags/example_branch_labels.py
[2025-01-28T22:09:32.010+0000] {logging_mixin.py:190} INFO - [2025-01-28T22:09:32.009+0000] {override.py:1911} INFO - Created Permission View: can delete on DAG:example_branch_labels
[2025-01-28T22:09:32.027+0000] {logging_mixin.py:190} INFO - [2025-01-28T22:09:32.027+0000] {override.py:1911} INFO - Created Permission View: can edit on DAG:example_branch_labels
[2025-01-28T22:09:32.042+0000] {logging_mixin.py:190} INFO - [2025-01-28T22:09:32.042+0000] {override.py:1911} INFO - Created Permission View: can read on DAG:example_branch_labels
[2025-01-28T22:09:32.054+0000] {logging_mixin.py:190} INFO - [2025-01-28T22:09:32.054+0000] {override.py:1911} INFO - Created Permission View: can create on DAG Run:example_branch_labels
[2025-01-28T22:09:32.063+0000] {logging_mixin.py:190} INFO - [2025-01-28T22:09:32.063+0000] {override.py:1911} INFO - Created Permission View: can delete on DAG Run:example_branch_labels
[2025-01-28T22:09:32.072+0000] {logging_mixin.py:190} INFO - [2025-01-28T22:09:32.072+0000] {override.py:1911} INFO - Created Permission View: menu access on DAG Run:example_branch_labels
[2025-01-28T22:09:32.081+0000] {logging_mixin.py:190} INFO - [2025-01-28T22:09:32.080+0000] {override.py:1911} INFO - Created Permission View: can read on DAG Run:example_branch_labels
[2025-01-28T22:09:32.082+0000] {logging_mixin.py:190} INFO - [2025-01-28T22:09:32.081+0000] {dag.py:3239} INFO - Sync 1 DAGs
[2025-01-28T22:09:32.095+0000] {logging_mixin.py:190} INFO - [2025-01-28T22:09:32.095+0000] {dag.py:3262} INFO - Creating ORM DAG for example_branch_labels
[2025-01-28T22:09:32.109+0000] {logging_mixin.py:190} INFO - [2025-01-28T22:09:32.109+0000] {dag.py:4180} INFO - Setting next_dagrun for example_branch_labels to 2025-01-27 00:00:00+00:00, run_after=2025-01-28 00:00:00+00:00
[2025-01-28T22:09:32.130+0000] {processor.py:208} INFO - Processing /home/airflow/.local/lib/python3.12/site-packages/airflow/example_dags/example_branch_labels.py took 0.261 seconds
[2025-01-28T22:10:02.250+0000] {processor.py:186} INFO - Started process (PID=198) to work on /home/airflow/.local/lib/python3.12/site-packages/airflow/example_dags/example_branch_labels.py
[2025-01-28T22:10:02.251+0000] {processor.py:914} INFO - Processing file /home/airflow/.local/lib/python3.12/site-packages/airflow/example_dags/example_branch_labels.py for tasks to queue
[2025-01-28T22:10:02.254+0000] {logging_mixin.py:190} INFO - [2025-01-28T22:10:02.254+0000] {dagbag.py:588} INFO - Filling up the DagBag from /home/airflow/.local/lib/python3.12/site-packages/airflow/example_dags/example_branch_labels.py
[2025-01-28T22:10:02.265+0000] {processor.py:925} INFO - DAG(s) 'example_branch_labels' retrieved from /home/airflow/.local/lib/python3.12/site-packages/airflow/example_dags/example_branch_labels.py
[2025-01-28T22:10:02.288+0000] {logging_mixin.py:190} INFO - [2025-01-28T22:10:02.288+0000] {dag.py:3239} INFO - Sync 1 DAGs
[2025-01-28T22:10:02.317+0000] {logging_mixin.py:190} INFO - [2025-01-28T22:10:02.317+0000] {dag.py:4180} INFO - Setting next_dagrun for example_branch_labels to 2025-01-27 00:00:00+00:00, run_after=2025-01-28 00:00:00+00:00
[2025-01-28T22:10:02.342+0000] {processor.py:208} INFO - Processing /home/airflow/.local/lib/python3.12/site-packages/airflow/example_dags/example_branch_labels.py took 0.099 seconds
[2025-01-28T22:10:32.951+0000] {processor.py:186} INFO - Started process (PID=261) to work on /home/airflow/.local/lib/python3.12/site-packages/airflow/example_dags/example_branch_labels.py
[2025-01-28T22:10:32.952+0000] {processor.py:914} INFO - Processing file /home/airflow/.local/lib/python3.12/site-packages/airflow/example_dags/example_branch_labels.py for tasks to queue
[2025-01-28T22:10:32.955+0000] {logging_mixin.py:190} INFO - [2025-01-28T22:10:32.955+0000] {dagbag.py:588} INFO - Filling up the DagBag from /home/airflow/.local/lib/python3.12/site-packages/airflow/example_dags/example_branch_labels.py
[2025-01-28T22:10:32.969+0000] {processor.py:925} INFO - DAG(s) 'example_branch_labels' retrieved from /home/airflow/.local/lib/python3.12/site-packages/airflow/example_dags/example_branch_labels.py
[2025-01-28T22:10:32.993+0000] {logging_mixin.py:190} INFO - [2025-01-28T22:10:32.993+0000] {dag.py:3239} INFO - Sync 1 DAGs
[2025-01-28T22:10:33.022+0000] {logging_mixin.py:190} INFO - [2025-01-28T22:10:33.021+0000] {dag.py:4180} INFO - Setting next_dagrun for example_branch_labels to 2025-01-27 00:00:00+00:00, run_after=2025-01-28 00:00:00+00:00
[2025-01-28T22:10:33.046+0000] {processor.py:208} INFO - Processing /home/airflow/.local/lib/python3.12/site-packages/airflow/example_dags/example_branch_labels.py took 0.102 seconds
[2025-01-28T22:11:03.812+0000] {processor.py:186} INFO - Started process (PID=324) to work on /home/airflow/.local/lib/python3.12/site-packages/airflow/example_dags/example_branch_labels.py
[2025-01-28T22:11:03.813+0000] {processor.py:914} INFO - Processing file /home/airflow/.local/lib/python3.12/site-packages/airflow/example_dags/example_branch_labels.py for tasks to queue
[2025-01-28T22:11:03.816+0000] {logging_mixin.py:190} INFO - [2025-01-28T22:11:03.816+0000] {dagbag.py:588} INFO - Filling up the DagBag from /home/airflow/.local/lib/python3.12/site-packages/airflow/example_dags/example_branch_labels.py
[2025-01-28T22:11:03.827+0000] {processor.py:925} INFO - DAG(s) 'example_branch_labels' retrieved from /home/airflow/.local/lib/python3.12/site-packages/airflow/example_dags/example_branch_labels.py
[2025-01-28T22:11:03.852+0000] {logging_mixin.py:190} INFO - [2025-01-28T22:11:03.852+0000] {dag.py:3239} INFO - Sync 1 DAGs
[2025-01-28T22:11:03.881+0000] {logging_mixin.py:190} INFO - [2025-01-28T22:11:03.880+0000] {dag.py:4180} INFO - Setting next_dagrun for example_branch_labels to 2025-01-27 00:00:00+00:00, run_after=2025-01-28 00:00:00+00:00
[2025-01-28T22:11:03.903+0000] {processor.py:208} INFO - Processing /home/airflow/.local/lib/python3.12/site-packages/airflow/example_dags/example_branch_labels.py took 0.097 seconds
[2025-01-28T22:11:34.437+0000] {processor.py:186} INFO - Started process (PID=387) to work on /home/airflow/.local/lib/python3.12/site-packages/airflow/example_dags/example_branch_labels.py
[2025-01-28T22:11:34.438+0000] {processor.py:914} INFO - Processing file /home/airflow/.local/lib/python3.12/site-packages/airflow/example_dags/example_branch_labels.py for tasks to queue
[2025-01-28T22:11:34.441+0000] {logging_mixin.py:190} INFO - [2025-01-28T22:11:34.441+0000] {dagbag.py:588} INFO - Filling up the DagBag from /home/airflow/.local/lib/python3.12/site-packages/airflow/example_dags/example_branch_labels.py
[2025-01-28T22:11:34.452+0000] {processor.py:925} INFO - DAG(s) 'example_branch_labels' retrieved from /home/airflow/.local/lib/python3.12/site-packages/airflow/example_dags/example_branch_labels.py
[2025-01-28T22:11:34.477+0000] {logging_mixin.py:190} INFO - [2025-01-28T22:11:34.477+0000] {dag.py:3239} INFO - Sync 1 DAGs
[2025-01-28T22:11:34.504+0000] {logging_mixin.py:190} INFO - [2025-01-28T22:11:34.504+0000] {dag.py:4180} INFO - Setting next_dagrun for example_branch_labels to 2025-01-27 00:00:00+00:00, run_after=2025-01-28 00:00:00+00:00
[2025-01-28T22:11:34.531+0000] {processor.py:208} INFO - Processing /home/airflow/.local/lib/python3.12/site-packages/airflow/example_dags/example_branch_labels.py took 0.100 seconds
[2025-01-28T22:12:04.934+0000] {processor.py:186} INFO - Started process (PID=449) to work on /home/airflow/.local/lib/python3.12/site-packages/airflow/example_dags/example_branch_labels.py
[2025-01-28T22:12:04.935+0000] {processor.py:914} INFO - Processing file /home/airflow/.local/lib/python3.12/site-packages/airflow/example_dags/example_branch_labels.py for tasks to queue
[2025-01-28T22:12:04.939+0000] {logging_mixin.py:190} INFO - [2025-01-28T22:12:04.938+0000] {dagbag.py:588} INFO - Filling up the DagBag from /home/airflow/.local/lib/python3.12/site-packages/airflow/example_dags/example_branch_labels.py
[2025-01-28T22:12:04.950+0000] {processor.py:925} INFO - DAG(s) 'example_branch_labels' retrieved from /home/airflow/.local/lib/python3.12/site-packages/airflow/example_dags/example_branch_labels.py
[2025-01-28T22:12:04.973+0000] {logging_mixin.py:190} INFO - [2025-01-28T22:12:04.973+0000] {dag.py:3239} INFO - Sync 1 DAGs
[2025-01-28T22:12:05.000+0000] {logging_mixin.py:190} INFO - [2025-01-28T22:12:05.000+0000] {dag.py:4180} INFO - Setting next_dagrun for example_branch_labels to 2025-01-27 00:00:00+00:00, run_after=2025-01-28 00:00:00+00:00
[2025-01-28T22:12:05.024+0000] {processor.py:208} INFO - Processing /home/airflow/.local/lib/python3.12/site-packages/airflow/example_dags/example_branch_labels.py took 0.097 seconds
[2025-01-28T22:12:36.021+0000] {processor.py:186} INFO - Started process (PID=512) to work on /home/airflow/.local/lib/python3.12/site-packages/airflow/example_dags/example_branch_labels.py
[2025-01-28T22:12:36.022+0000] {processor.py:914} INFO - Processing file /home/airflow/.local/lib/python3.12/site-packages/airflow/example_dags/example_branch_labels.py for tasks to queue
[2025-01-28T22:12:36.028+0000] {logging_mixin.py:190} INFO - [2025-01-28T22:12:36.027+0000] {dagbag.py:588} INFO - Filling up the DagBag from /home/airflow/.local/lib/python3.12/site-packages/airflow/example_dags/example_branch_labels.py
[2025-01-28T22:12:36.040+0000] {processor.py:925} INFO - DAG(s) 'example_branch_labels' retrieved from /home/airflow/.local/lib/python3.12/site-packages/airflow/example_dags/example_branch_labels.py
[2025-01-28T22:12:36.063+0000] {logging_mixin.py:190} INFO - [2025-01-28T22:12:36.063+0000] {dag.py:3239} INFO - Sync 1 DAGs
[2025-01-28T22:12:36.089+0000] {logging_mixin.py:190} INFO - [2025-01-28T22:12:36.089+0000] {dag.py:4180} INFO - Setting next_dagrun for example_branch_labels to 2025-01-27 00:00:00+00:00, run_after=2025-01-28 00:00:00+00:00
[2025-01-28T22:12:36.111+0000] {processor.py:208} INFO - Processing /home/airflow/.local/lib/python3.12/site-packages/airflow/example_dags/example_branch_labels.py took 0.097 seconds
[2025-01-28T22:13:08.663+0000] {processor.py:186} INFO - Started process (PID=576) to work on /home/airflow/.local/lib/python3.12/site-packages/airflow/example_dags/example_branch_labels.py
[2025-01-28T22:13:08.665+0000] {processor.py:914} INFO - Processing file /home/airflow/.local/lib/python3.12/site-packages/airflow/example_dags/example_branch_labels.py for tasks to queue
[2025-01-28T22:13:08.668+0000] {logging_mixin.py:190} INFO - [2025-01-28T22:13:08.667+0000] {dagbag.py:588} INFO - Filling up the DagBag from /home/airflow/.local/lib/python3.12/site-packages/airflow/example_dags/example_branch_labels.py
[2025-01-28T22:13:08.678+0000] {processor.py:925} INFO - DAG(s) 'example_branch_labels' retrieved from /home/airflow/.local/lib/python3.12/site-packages/airflow/example_dags/example_branch_labels.py
[2025-01-28T22:13:08.702+0000] {logging_mixin.py:190} INFO - [2025-01-28T22:13:08.701+0000] {dag.py:3239} INFO - Sync 1 DAGs
[2025-01-28T22:13:08.728+0000] {logging_mixin.py:190} INFO - [2025-01-28T22:13:08.728+0000] {dag.py:4180} INFO - Setting next_dagrun for example_branch_labels to 2025-01-27 00:00:00+00:00, run_after=2025-01-28 00:00:00+00:00
[2025-01-28T22:13:08.756+0000] {processor.py:208} INFO - Processing /home/airflow/.local/lib/python3.12/site-packages/airflow/example_dags/example_branch_labels.py took 0.100 seconds
[2025-01-28T22:13:38.967+0000] {processor.py:186} INFO - Started process (PID=639) to work on /home/airflow/.local/lib/python3.12/site-packages/airflow/example_dags/example_branch_labels.py
[2025-01-28T22:13:38.969+0000] {processor.py:914} INFO - Processing file /home/airflow/.local/lib/python3.12/site-packages/airflow/example_dags/example_branch_labels.py for tasks to queue
[2025-01-28T22:13:38.972+0000] {logging_mixin.py:190} INFO - [2025-01-28T22:13:38.972+0000] {dagbag.py:588} INFO - Filling up the DagBag from /home/airflow/.local/lib/python3.12/site-packages/airflow/example_dags/example_branch_labels.py
[2025-01-28T22:13:38.983+0000] {processor.py:925} INFO - DAG(s) 'example_branch_labels' retrieved from /home/airflow/.local/lib/python3.12/site-packages/airflow/example_dags/example_branch_labels.py
[2025-01-28T22:13:39.006+0000] {logging_mixin.py:190} INFO - [2025-01-28T22:13:39.005+0000] {dag.py:3239} INFO - Sync 1 DAGs
[2025-01-28T22:13:39.033+0000] {logging_mixin.py:190} INFO - [2025-01-28T22:13:39.033+0000] {dag.py:4180} INFO - Setting next_dagrun for example_branch_labels to 2025-01-27 00:00:00+00:00, run_after=2025-01-28 00:00:00+00:00
[2025-01-28T22:13:39.063+0000] {processor.py:208} INFO - Processing /home/airflow/.local/lib/python3.12/site-packages/airflow/example_dags/example_branch_labels.py took 0.102 seconds
[2025-01-28T22:14:10.250+0000] {processor.py:186} INFO - Started process (PID=701) to work on /home/airflow/.local/lib/python3.12/site-packages/airflow/example_dags/example_branch_labels.py
[2025-01-28T22:14:10.252+0000] {processor.py:914} INFO - Processing file /home/airflow/.local/lib/python3.12/site-packages/airflow/example_dags/example_branch_labels.py for tasks to queue
[2025-01-28T22:14:10.255+0000] {logging_mixin.py:190} INFO - [2025-01-28T22:14:10.255+0000] {dagbag.py:588} INFO - Filling up the DagBag from /home/airflow/.local/lib/python3.12/site-packages/airflow/example_dags/example_branch_labels.py
[2025-01-28T22:14:10.266+0000] {processor.py:925} INFO - DAG(s) 'example_branch_labels' retrieved from /home/airflow/.local/lib/python3.12/site-packages/airflow/example_dags/example_branch_labels.py
[2025-01-28T22:14:10.295+0000] {logging_mixin.py:190} INFO - [2025-01-28T22:14:10.294+0000] {dag.py:3239} INFO - Sync 1 DAGs
[2025-01-28T22:14:10.321+0000] {logging_mixin.py:190} INFO - [2025-01-28T22:14:10.321+0000] {dag.py:4180} INFO - Setting next_dagrun for example_branch_labels to 2025-01-27 00:00:00+00:00, run_after=2025-01-28 00:00:00+00:00
[2025-01-28T22:14:10.342+0000] {processor.py:208} INFO - Processing /home/airflow/.local/lib/python3.12/site-packages/airflow/example_dags/example_branch_labels.py took 0.097 seconds
[2025-01-28T22:14:40.506+0000] {processor.py:186} INFO - Started process (PID=764) to work on /home/airflow/.local/lib/python3.12/site-packages/airflow/example_dags/example_branch_labels.py
[2025-01-28T22:14:40.508+0000] {processor.py:914} INFO - Processing file /home/airflow/.local/lib/python3.12/site-packages/airflow/example_dags/example_branch_labels.py for tasks to queue
[2025-01-28T22:14:40.510+0000] {logging_mixin.py:190} INFO - [2025-01-28T22:14:40.510+0000] {dagbag.py:588} INFO - Filling up the DagBag from /home/airflow/.local/lib/python3.12/site-packages/airflow/example_dags/example_branch_labels.py
[2025-01-28T22:14:40.521+0000] {processor.py:925} INFO - DAG(s) 'example_branch_labels' retrieved from /home/airflow/.local/lib/python3.12/site-packages/airflow/example_dags/example_branch_labels.py
[2025-01-28T22:14:40.547+0000] {logging_mixin.py:190} INFO - [2025-01-28T22:14:40.546+0000] {dag.py:3239} INFO - Sync 1 DAGs
[2025-01-28T22:14:40.573+0000] {logging_mixin.py:190} INFO - [2025-01-28T22:14:40.573+0000] {dag.py:4180} INFO - Setting next_dagrun for example_branch_labels to 2025-01-27 00:00:00+00:00, run_after=2025-01-28 00:00:00+00:00
[2025-01-28T22:14:40.602+0000] {processor.py:208} INFO - Processing /home/airflow/.local/lib/python3.12/site-packages/airflow/example_dags/example_branch_labels.py took 0.102 seconds
[2025-01-28T22:15:12.181+0000] {processor.py:186} INFO - Started process (PID=827) to work on /home/airflow/.local/lib/python3.12/site-packages/airflow/example_dags/example_branch_labels.py
[2025-01-28T22:15:12.183+0000] {processor.py:914} INFO - Processing file /home/airflow/.local/lib/python3.12/site-packages/airflow/example_dags/example_branch_labels.py for tasks to queue
[2025-01-28T22:15:12.185+0000] {logging_mixin.py:190} INFO - [2025-01-28T22:15:12.185+0000] {dagbag.py:588} INFO - Filling up the DagBag from /home/airflow/.local/lib/python3.12/site-packages/airflow/example_dags/example_branch_labels.py
[2025-01-28T22:15:12.196+0000] {processor.py:925} INFO - DAG(s) 'example_branch_labels' retrieved from /home/airflow/.local/lib/python3.12/site-packages/airflow/example_dags/example_branch_labels.py
[2025-01-28T22:15:12.221+0000] {logging_mixin.py:190} INFO - [2025-01-28T22:15:12.221+0000] {dag.py:3239} INFO - Sync 1 DAGs
[2025-01-28T22:15:12.247+0000] {logging_mixin.py:190} INFO - [2025-01-28T22:15:12.247+0000] {dag.py:4180} INFO - Setting next_dagrun for example_branch_labels to 2025-01-27 00:00:00+00:00, run_after=2025-01-28 00:00:00+00:00
[2025-01-28T22:15:12.268+0000] {processor.py:208} INFO - Processing /home/airflow/.local/lib/python3.12/site-packages/airflow/example_dags/example_branch_labels.py took 0.093 seconds
[2025-01-28T22:15:43.764+0000] {processor.py:186} INFO - Started process (PID=890) to work on /home/airflow/.local/lib/python3.12/site-packages/airflow/example_dags/example_branch_labels.py
[2025-01-28T22:15:43.766+0000] {processor.py:914} INFO - Processing file /home/airflow/.local/lib/python3.12/site-packages/airflow/example_dags/example_branch_labels.py for tasks to queue
[2025-01-28T22:15:43.769+0000] {logging_mixin.py:190} INFO - [2025-01-28T22:15:43.768+0000] {dagbag.py:588} INFO - Filling up the DagBag from /home/airflow/.local/lib/python3.12/site-packages/airflow/example_dags/example_branch_labels.py
[2025-01-28T22:15:43.780+0000] {processor.py:925} INFO - DAG(s) 'example_branch_labels' retrieved from /home/airflow/.local/lib/python3.12/site-packages/airflow/example_dags/example_branch_labels.py
[2025-01-28T22:15:43.803+0000] {logging_mixin.py:190} INFO - [2025-01-28T22:15:43.803+0000] {dag.py:3239} INFO - Sync 1 DAGs
[2025-01-28T22:15:43.829+0000] {logging_mixin.py:190} INFO - [2025-01-28T22:15:43.829+0000] {dag.py:4180} INFO - Setting next_dagrun for example_branch_labels to 2025-01-27 00:00:00+00:00, run_after=2025-01-28 00:00:00+00:00
[2025-01-28T22:15:43.851+0000] {processor.py:208} INFO - Processing /home/airflow/.local/lib/python3.12/site-packages/airflow/example_dags/example_branch_labels.py took 0.093 seconds
[2025-01-28T22:16:15.302+0000] {processor.py:186} INFO - Started process (PID=954) to work on /home/airflow/.local/lib/python3.12/site-packages/airflow/example_dags/example_branch_labels.py
[2025-01-28T22:16:15.303+0000] {processor.py:914} INFO - Processing file /home/airflow/.local/lib/python3.12/site-packages/airflow/example_dags/example_branch_labels.py for tasks to queue
[2025-01-28T22:16:15.306+0000] {logging_mixin.py:190} INFO - [2025-01-28T22:16:15.306+0000] {dagbag.py:588} INFO - Filling up the DagBag from /home/airflow/.local/lib/python3.12/site-packages/airflow/example_dags/example_branch_labels.py
[2025-01-28T22:16:15.317+0000] {processor.py:925} INFO - DAG(s) 'example_branch_labels' retrieved from /home/airflow/.local/lib/python3.12/site-packages/airflow/example_dags/example_branch_labels.py
[2025-01-28T22:16:15.339+0000] {logging_mixin.py:190} INFO - [2025-01-28T22:16:15.339+0000] {dag.py:3239} INFO - Sync 1 DAGs
[2025-01-28T22:16:15.366+0000] {logging_mixin.py:190} INFO - [2025-01-28T22:16:15.366+0000] {dag.py:4180} INFO - Setting next_dagrun for example_branch_labels to 2025-01-27 00:00:00+00:00, run_after=2025-01-28 00:00:00+00:00
[2025-01-28T22:16:15.403+0000] {processor.py:208} INFO - Processing /home/airflow/.local/lib/python3.12/site-packages/airflow/example_dags/example_branch_labels.py took 0.108 seconds
[2025-01-28T22:16:47.259+0000] {processor.py:186} INFO - Started process (PID=1017) to work on /home/airflow/.local/lib/python3.12/site-packages/airflow/example_dags/example_branch_labels.py
[2025-01-28T22:16:47.261+0000] {processor.py:914} INFO - Processing file /home/airflow/.local/lib/python3.12/site-packages/airflow/example_dags/example_branch_labels.py for tasks to queue
[2025-01-28T22:16:47.263+0000] {logging_mixin.py:190} INFO - [2025-01-28T22:16:47.263+0000] {dagbag.py:588} INFO - Filling up the DagBag from /home/airflow/.local/lib/python3.12/site-packages/airflow/example_dags/example_branch_labels.py
[2025-01-28T22:16:47.274+0000] {processor.py:925} INFO - DAG(s) 'example_branch_labels' retrieved from /home/airflow/.local/lib/python3.12/site-packages/airflow/example_dags/example_branch_labels.py
[2025-01-28T22:16:47.298+0000] {logging_mixin.py:190} INFO - [2025-01-28T22:16:47.297+0000] {dag.py:3239} INFO - Sync 1 DAGs
[2025-01-28T22:16:47.323+0000] {logging_mixin.py:190} INFO - [2025-01-28T22:16:47.323+0000] {dag.py:4180} INFO - Setting next_dagrun for example_branch_labels to 2025-01-27 00:00:00+00:00, run_after=2025-01-28 00:00:00+00:00
[2025-01-28T22:16:47.365+0000] {processor.py:208} INFO - Processing /home/airflow/.local/lib/python3.12/site-packages/airflow/example_dags/example_branch_labels.py took 0.111 seconds
[2025-01-28T22:17:18.709+0000] {processor.py:186} INFO - Started process (PID=1080) to work on /home/airflow/.local/lib/python3.12/site-packages/airflow/example_dags/example_branch_labels.py
[2025-01-28T22:17:18.710+0000] {processor.py:914} INFO - Processing file /home/airflow/.local/lib/python3.12/site-packages/airflow/example_dags/example_branch_labels.py for tasks to queue
[2025-01-28T22:17:18.712+0000] {logging_mixin.py:190} INFO - [2025-01-28T22:17:18.712+0000] {dagbag.py:588} INFO - Filling up the DagBag from /home/airflow/.local/lib/python3.12/site-packages/airflow/example_dags/example_branch_labels.py
[2025-01-28T22:17:18.723+0000] {processor.py:925} INFO - DAG(s) 'example_branch_labels' retrieved from /home/airflow/.local/lib/python3.12/site-packages/airflow/example_dags/example_branch_labels.py
[2025-01-28T22:17:18.745+0000] {logging_mixin.py:190} INFO - [2025-01-28T22:17:18.745+0000] {dag.py:3239} INFO - Sync 1 DAGs
[2025-01-28T22:17:18.772+0000] {logging_mixin.py:190} INFO - [2025-01-28T22:17:18.772+0000] {dag.py:4180} INFO - Setting next_dagrun for example_branch_labels to 2025-01-27 00:00:00+00:00, run_after=2025-01-28 00:00:00+00:00
[2025-01-28T22:17:18.793+0000] {processor.py:208} INFO - Processing /home/airflow/.local/lib/python3.12/site-packages/airflow/example_dags/example_branch_labels.py took 0.091 seconds
[2025-01-28T22:17:50.146+0000] {processor.py:186} INFO - Started process (PID=1143) to work on /home/airflow/.local/lib/python3.12/site-packages/airflow/example_dags/example_branch_labels.py
[2025-01-28T22:17:50.147+0000] {processor.py:914} INFO - Processing file /home/airflow/.local/lib/python3.12/site-packages/airflow/example_dags/example_branch_labels.py for tasks to queue
[2025-01-28T22:17:50.150+0000] {logging_mixin.py:190} INFO - [2025-01-28T22:17:50.150+0000] {dagbag.py:588} INFO - Filling up the DagBag from /home/airflow/.local/lib/python3.12/site-packages/airflow/example_dags/example_branch_labels.py
[2025-01-28T22:17:50.161+0000] {processor.py:925} INFO - DAG(s) 'example_branch_labels' retrieved from /home/airflow/.local/lib/python3.12/site-packages/airflow/example_dags/example_branch_labels.py
[2025-01-28T22:17:50.185+0000] {logging_mixin.py:190} INFO - [2025-01-28T22:17:50.185+0000] {dag.py:3239} INFO - Sync 1 DAGs
[2025-01-28T22:17:50.211+0000] {logging_mixin.py:190} INFO - [2025-01-28T22:17:50.210+0000] {dag.py:4180} INFO - Setting next_dagrun for example_branch_labels to 2025-01-27 00:00:00+00:00, run_after=2025-01-28 00:00:00+00:00
[2025-01-28T22:17:50.236+0000] {processor.py:208} INFO - Processing /home/airflow/.local/lib/python3.12/site-packages/airflow/example_dags/example_branch_labels.py took 0.097 seconds
[2025-01-28T22:18:22.711+0000] {processor.py:186} INFO - Started process (PID=1207) to work on /home/airflow/.local/lib/python3.12/site-packages/airflow/example_dags/example_branch_labels.py
[2025-01-28T22:18:22.728+0000] {processor.py:914} INFO - Processing file /home/airflow/.local/lib/python3.12/site-packages/airflow/example_dags/example_branch_labels.py for tasks to queue
[2025-01-28T22:18:22.732+0000] {logging_mixin.py:190} INFO - [2025-01-28T22:18:22.732+0000] {dagbag.py:588} INFO - Filling up the DagBag from /home/airflow/.local/lib/python3.12/site-packages/airflow/example_dags/example_branch_labels.py
[2025-01-28T22:18:22.743+0000] {processor.py:925} INFO - DAG(s) 'example_branch_labels' retrieved from /home/airflow/.local/lib/python3.12/site-packages/airflow/example_dags/example_branch_labels.py
[2025-01-28T22:18:22.768+0000] {logging_mixin.py:190} INFO - [2025-01-28T22:18:22.768+0000] {dag.py:3239} INFO - Sync 1 DAGs
[2025-01-28T22:18:22.795+0000] {logging_mixin.py:190} INFO - [2025-01-28T22:18:22.794+0000] {dag.py:4180} INFO - Setting next_dagrun for example_branch_labels to 2025-01-27 00:00:00+00:00, run_after=2025-01-28 00:00:00+00:00
[2025-01-28T22:18:22.818+0000] {processor.py:208} INFO - Processing /home/airflow/.local/lib/python3.12/site-packages/airflow/example_dags/example_branch_labels.py took 0.113 seconds
[2025-01-28T22:18:53.549+0000] {processor.py:186} INFO - Started process (PID=1270) to work on /home/airflow/.local/lib/python3.12/site-packages/airflow/example_dags/example_branch_labels.py
[2025-01-28T22:18:53.551+0000] {processor.py:914} INFO - Processing file /home/airflow/.local/lib/python3.12/site-packages/airflow/example_dags/example_branch_labels.py for tasks to queue
[2025-01-28T22:18:53.555+0000] {logging_mixin.py:190} INFO - [2025-01-28T22:18:53.555+0000] {dagbag.py:588} INFO - Filling up the DagBag from /home/airflow/.local/lib/python3.12/site-packages/airflow/example_dags/example_branch_labels.py
[2025-01-28T22:18:53.567+0000] {processor.py:925} INFO - DAG(s) 'example_branch_labels' retrieved from /home/airflow/.local/lib/python3.12/site-packages/airflow/example_dags/example_branch_labels.py
[2025-01-28T22:18:53.591+0000] {logging_mixin.py:190} INFO - [2025-01-28T22:18:53.591+0000] {dag.py:3239} INFO - Sync 1 DAGs
[2025-01-28T22:18:53.620+0000] {logging_mixin.py:190} INFO - [2025-01-28T22:18:53.620+0000] {dag.py:4180} INFO - Setting next_dagrun for example_branch_labels to 2025-01-27 00:00:00+00:00, run_after=2025-01-28 00:00:00+00:00
[2025-01-28T22:18:53.645+0000] {processor.py:208} INFO - Processing /home/airflow/.local/lib/python3.12/site-packages/airflow/example_dags/example_branch_labels.py took 0.102 seconds
[2025-01-28T22:19:24.971+0000] {processor.py:186} INFO - Started process (PID=1333) to work on /home/airflow/.local/lib/python3.12/site-packages/airflow/example_dags/example_branch_labels.py
[2025-01-28T22:19:24.973+0000] {processor.py:914} INFO - Processing file /home/airflow/.local/lib/python3.12/site-packages/airflow/example_dags/example_branch_labels.py for tasks to queue
[2025-01-28T22:19:24.976+0000] {logging_mixin.py:190} INFO - [2025-01-28T22:19:24.975+0000] {dagbag.py:588} INFO - Filling up the DagBag from /home/airflow/.local/lib/python3.12/site-packages/airflow/example_dags/example_branch_labels.py
[2025-01-28T22:19:24.987+0000] {processor.py:925} INFO - DAG(s) 'example_branch_labels' retrieved from /home/airflow/.local/lib/python3.12/site-packages/airflow/example_dags/example_branch_labels.py
[2025-01-28T22:19:25.011+0000] {logging_mixin.py:190} INFO - [2025-01-28T22:19:25.011+0000] {dag.py:3239} INFO - Sync 1 DAGs
[2025-01-28T22:19:25.039+0000] {logging_mixin.py:190} INFO - [2025-01-28T22:19:25.039+0000] {dag.py:4180} INFO - Setting next_dagrun for example_branch_labels to 2025-01-27 00:00:00+00:00, run_after=2025-01-28 00:00:00+00:00
[2025-01-28T22:19:25.062+0000] {processor.py:208} INFO - Processing /home/airflow/.local/lib/python3.12/site-packages/airflow/example_dags/example_branch_labels.py took 0.098 seconds
[2025-01-28T22:19:55.811+0000] {processor.py:186} INFO - Started process (PID=1396) to work on /home/airflow/.local/lib/python3.12/site-packages/airflow/example_dags/example_branch_labels.py
[2025-01-28T22:19:55.812+0000] {processor.py:914} INFO - Processing file /home/airflow/.local/lib/python3.12/site-packages/airflow/example_dags/example_branch_labels.py for tasks to queue
[2025-01-28T22:19:55.815+0000] {logging_mixin.py:190} INFO - [2025-01-28T22:19:55.815+0000] {dagbag.py:588} INFO - Filling up the DagBag from /home/airflow/.local/lib/python3.12/site-packages/airflow/example_dags/example_branch_labels.py
[2025-01-28T22:19:55.826+0000] {processor.py:925} INFO - DAG(s) 'example_branch_labels' retrieved from /home/airflow/.local/lib/python3.12/site-packages/airflow/example_dags/example_branch_labels.py
[2025-01-28T22:19:55.849+0000] {logging_mixin.py:190} INFO - [2025-01-28T22:19:55.849+0000] {dag.py:3239} INFO - Sync 1 DAGs
[2025-01-28T22:19:55.877+0000] {logging_mixin.py:190} INFO - [2025-01-28T22:19:55.876+0000] {dag.py:4180} INFO - Setting next_dagrun for example_branch_labels to 2025-01-27 00:00:00+00:00, run_after=2025-01-28 00:00:00+00:00
[2025-01-28T22:19:55.901+0000] {processor.py:208} INFO - Processing /home/airflow/.local/lib/python3.12/site-packages/airflow/example_dags/example_branch_labels.py took 0.096 seconds
[2025-01-28T22:20:26.826+0000] {processor.py:186} INFO - Started process (PID=1459) to work on /home/airflow/.local/lib/python3.12/site-packages/airflow/example_dags/example_branch_labels.py
[2025-01-28T22:20:26.827+0000] {processor.py:914} INFO - Processing file /home/airflow/.local/lib/python3.12/site-packages/airflow/example_dags/example_branch_labels.py for tasks to queue
[2025-01-28T22:20:26.830+0000] {logging_mixin.py:190} INFO - [2025-01-28T22:20:26.829+0000] {dagbag.py:588} INFO - Filling up the DagBag from /home/airflow/.local/lib/python3.12/site-packages/airflow/example_dags/example_branch_labels.py
[2025-01-28T22:20:26.841+0000] {processor.py:925} INFO - DAG(s) 'example_branch_labels' retrieved from /home/airflow/.local/lib/python3.12/site-packages/airflow/example_dags/example_branch_labels.py
[2025-01-28T22:20:26.864+0000] {logging_mixin.py:190} INFO - [2025-01-28T22:20:26.864+0000] {dag.py:3239} INFO - Sync 1 DAGs
[2025-01-28T22:20:26.890+0000] {logging_mixin.py:190} INFO - [2025-01-28T22:20:26.890+0000] {dag.py:4180} INFO - Setting next_dagrun for example_branch_labels to 2025-01-27 00:00:00+00:00, run_after=2025-01-28 00:00:00+00:00
[2025-01-28T22:20:26.912+0000] {processor.py:208} INFO - Processing /home/airflow/.local/lib/python3.12/site-packages/airflow/example_dags/example_branch_labels.py took 0.092 seconds
[2025-01-28T22:20:58.782+0000] {processor.py:186} INFO - Started process (PID=1522) to work on /home/airflow/.local/lib/python3.12/site-packages/airflow/example_dags/example_branch_labels.py
[2025-01-28T22:20:58.783+0000] {processor.py:914} INFO - Processing file /home/airflow/.local/lib/python3.12/site-packages/airflow/example_dags/example_branch_labels.py for tasks to queue
[2025-01-28T22:20:58.786+0000] {logging_mixin.py:190} INFO - [2025-01-28T22:20:58.786+0000] {dagbag.py:588} INFO - Filling up the DagBag from /home/airflow/.local/lib/python3.12/site-packages/airflow/example_dags/example_branch_labels.py
[2025-01-28T22:20:58.798+0000] {processor.py:925} INFO - DAG(s) 'example_branch_labels' retrieved from /home/airflow/.local/lib/python3.12/site-packages/airflow/example_dags/example_branch_labels.py
[2025-01-28T22:20:58.822+0000] {logging_mixin.py:190} INFO - [2025-01-28T22:20:58.821+0000] {dag.py:3239} INFO - Sync 1 DAGs
[2025-01-28T22:20:58.851+0000] {logging_mixin.py:190} INFO - [2025-01-28T22:20:58.850+0000] {dag.py:4180} INFO - Setting next_dagrun for example_branch_labels to 2025-01-27 00:00:00+00:00, run_after=2025-01-28 00:00:00+00:00
[2025-01-28T22:20:58.875+0000] {processor.py:208} INFO - Processing /home/airflow/.local/lib/python3.12/site-packages/airflow/example_dags/example_branch_labels.py took 0.100 seconds
[2025-01-28T22:21:29.577+0000] {processor.py:186} INFO - Started process (PID=1585) to work on /home/airflow/.local/lib/python3.12/site-packages/airflow/example_dags/example_branch_labels.py
[2025-01-28T22:21:29.579+0000] {processor.py:914} INFO - Processing file /home/airflow/.local/lib/python3.12/site-packages/airflow/example_dags/example_branch_labels.py for tasks to queue
[2025-01-28T22:21:29.581+0000] {logging_mixin.py:190} INFO - [2025-01-28T22:21:29.581+0000] {dagbag.py:588} INFO - Filling up the DagBag from /home/airflow/.local/lib/python3.12/site-packages/airflow/example_dags/example_branch_labels.py
[2025-01-28T22:21:29.592+0000] {processor.py:925} INFO - DAG(s) 'example_branch_labels' retrieved from /home/airflow/.local/lib/python3.12/site-packages/airflow/example_dags/example_branch_labels.py
[2025-01-28T22:21:29.615+0000] {logging_mixin.py:190} INFO - [2025-01-28T22:21:29.614+0000] {dag.py:3239} INFO - Sync 1 DAGs
[2025-01-28T22:21:29.641+0000] {logging_mixin.py:190} INFO - [2025-01-28T22:21:29.641+0000] {dag.py:4180} INFO - Setting next_dagrun for example_branch_labels to 2025-01-27 00:00:00+00:00, run_after=2025-01-28 00:00:00+00:00
[2025-01-28T22:21:29.696+0000] {processor.py:208} INFO - Processing /home/airflow/.local/lib/python3.12/site-packages/airflow/example_dags/example_branch_labels.py took 0.125 seconds
[2025-01-28T22:22:01.156+0000] {processor.py:186} INFO - Started process (PID=1648) to work on /home/airflow/.local/lib/python3.12/site-packages/airflow/example_dags/example_branch_labels.py
[2025-01-28T22:22:01.158+0000] {processor.py:914} INFO - Processing file /home/airflow/.local/lib/python3.12/site-packages/airflow/example_dags/example_branch_labels.py for tasks to queue
[2025-01-28T22:22:01.161+0000] {logging_mixin.py:190} INFO - [2025-01-28T22:22:01.160+0000] {dagbag.py:588} INFO - Filling up the DagBag from /home/airflow/.local/lib/python3.12/site-packages/airflow/example_dags/example_branch_labels.py
[2025-01-28T22:22:01.172+0000] {processor.py:925} INFO - DAG(s) 'example_branch_labels' retrieved from /home/airflow/.local/lib/python3.12/site-packages/airflow/example_dags/example_branch_labels.py
[2025-01-28T22:22:01.195+0000] {logging_mixin.py:190} INFO - [2025-01-28T22:22:01.195+0000] {dag.py:3239} INFO - Sync 1 DAGs
[2025-01-28T22:22:01.223+0000] {logging_mixin.py:190} INFO - [2025-01-28T22:22:01.223+0000] {dag.py:4180} INFO - Setting next_dagrun for example_branch_labels to 2025-01-27 00:00:00+00:00, run_after=2025-01-28 00:00:00+00:00
[2025-01-28T22:22:01.254+0000] {processor.py:208} INFO - Processing /home/airflow/.local/lib/python3.12/site-packages/airflow/example_dags/example_branch_labels.py took 0.104 seconds
[2025-01-28T22:22:32.550+0000] {processor.py:186} INFO - Started process (PID=1711) to work on /home/airflow/.local/lib/python3.12/site-packages/airflow/example_dags/example_branch_labels.py
[2025-01-28T22:22:32.551+0000] {processor.py:914} INFO - Processing file /home/airflow/.local/lib/python3.12/site-packages/airflow/example_dags/example_branch_labels.py for tasks to queue
[2025-01-28T22:22:32.554+0000] {logging_mixin.py:190} INFO - [2025-01-28T22:22:32.554+0000] {dagbag.py:588} INFO - Filling up the DagBag from /home/airflow/.local/lib/python3.12/site-packages/airflow/example_dags/example_branch_labels.py
[2025-01-28T22:22:32.565+0000] {processor.py:925} INFO - DAG(s) 'example_branch_labels' retrieved from /home/airflow/.local/lib/python3.12/site-packages/airflow/example_dags/example_branch_labels.py
[2025-01-28T22:22:32.589+0000] {logging_mixin.py:190} INFO - [2025-01-28T22:22:32.589+0000] {dag.py:3239} INFO - Sync 1 DAGs
[2025-01-28T22:22:32.617+0000] {logging_mixin.py:190} INFO - [2025-01-28T22:22:32.616+0000] {dag.py:4180} INFO - Setting next_dagrun for example_branch_labels to 2025-01-27 00:00:00+00:00, run_after=2025-01-28 00:00:00+00:00
[2025-01-28T22:22:32.644+0000] {processor.py:208} INFO - Processing /home/airflow/.local/lib/python3.12/site-packages/airflow/example_dags/example_branch_labels.py took 0.100 seconds
[2025-01-28T22:23:04.304+0000] {processor.py:186} INFO - Started process (PID=1774) to work on /home/airflow/.local/lib/python3.12/site-packages/airflow/example_dags/example_branch_labels.py
[2025-01-28T22:23:04.306+0000] {processor.py:914} INFO - Processing file /home/airflow/.local/lib/python3.12/site-packages/airflow/example_dags/example_branch_labels.py for tasks to queue
[2025-01-28T22:23:04.310+0000] {logging_mixin.py:190} INFO - [2025-01-28T22:23:04.310+0000] {dagbag.py:588} INFO - Filling up the DagBag from /home/airflow/.local/lib/python3.12/site-packages/airflow/example_dags/example_branch_labels.py
[2025-01-28T22:23:04.323+0000] {processor.py:925} INFO - DAG(s) 'example_branch_labels' retrieved from /home/airflow/.local/lib/python3.12/site-packages/airflow/example_dags/example_branch_labels.py
[2025-01-28T22:23:04.347+0000] {logging_mixin.py:190} INFO - [2025-01-28T22:23:04.347+0000] {dag.py:3239} INFO - Sync 1 DAGs
[2025-01-28T22:23:04.375+0000] {logging_mixin.py:190} INFO - [2025-01-28T22:23:04.374+0000] {dag.py:4180} INFO - Setting next_dagrun for example_branch_labels to 2025-01-27 00:00:00+00:00, run_after=2025-01-28 00:00:00+00:00
[2025-01-28T22:23:04.400+0000] {processor.py:208} INFO - Processing /home/airflow/.local/lib/python3.12/site-packages/airflow/example_dags/example_branch_labels.py took 0.102 seconds
[2025-01-28T22:23:34.724+0000] {processor.py:186} INFO - Started process (PID=1837) to work on /home/airflow/.local/lib/python3.12/site-packages/airflow/example_dags/example_branch_labels.py
[2025-01-28T22:23:34.725+0000] {processor.py:914} INFO - Processing file /home/airflow/.local/lib/python3.12/site-packages/airflow/example_dags/example_branch_labels.py for tasks to queue
[2025-01-28T22:23:34.728+0000] {logging_mixin.py:190} INFO - [2025-01-28T22:23:34.728+0000] {dagbag.py:588} INFO - Filling up the DagBag from /home/airflow/.local/lib/python3.12/site-packages/airflow/example_dags/example_branch_labels.py
[2025-01-28T22:23:34.739+0000] {processor.py:925} INFO - DAG(s) 'example_branch_labels' retrieved from /home/airflow/.local/lib/python3.12/site-packages/airflow/example_dags/example_branch_labels.py
[2025-01-28T22:23:34.763+0000] {logging_mixin.py:190} INFO - [2025-01-28T22:23:34.763+0000] {dag.py:3239} INFO - Sync 1 DAGs
[2025-01-28T22:23:34.789+0000] {logging_mixin.py:190} INFO - [2025-01-28T22:23:34.789+0000] {dag.py:4180} INFO - Setting next_dagrun for example_branch_labels to 2025-01-27 00:00:00+00:00, run_after=2025-01-28 00:00:00+00:00
[2025-01-28T22:23:34.815+0000] {processor.py:208} INFO - Processing /home/airflow/.local/lib/python3.12/site-packages/airflow/example_dags/example_branch_labels.py took 0.098 seconds
[2025-01-28T22:24:06.981+0000] {processor.py:186} INFO - Started process (PID=1900) to work on /home/airflow/.local/lib/python3.12/site-packages/airflow/example_dags/example_branch_labels.py
[2025-01-28T22:24:06.982+0000] {processor.py:914} INFO - Processing file /home/airflow/.local/lib/python3.12/site-packages/airflow/example_dags/example_branch_labels.py for tasks to queue
[2025-01-28T22:24:06.985+0000] {logging_mixin.py:190} INFO - [2025-01-28T22:24:06.985+0000] {dagbag.py:588} INFO - Filling up the DagBag from /home/airflow/.local/lib/python3.12/site-packages/airflow/example_dags/example_branch_labels.py
[2025-01-28T22:24:06.997+0000] {processor.py:925} INFO - DAG(s) 'example_branch_labels' retrieved from /home/airflow/.local/lib/python3.12/site-packages/airflow/example_dags/example_branch_labels.py
[2025-01-28T22:24:07.021+0000] {logging_mixin.py:190} INFO - [2025-01-28T22:24:07.020+0000] {dag.py:3239} INFO - Sync 1 DAGs
[2025-01-28T22:24:07.049+0000] {logging_mixin.py:190} INFO - [2025-01-28T22:24:07.049+0000] {dag.py:4180} INFO - Setting next_dagrun for example_branch_labels to 2025-01-27 00:00:00+00:00, run_after=2025-01-28 00:00:00+00:00
[2025-01-28T22:24:07.074+0000] {processor.py:208} INFO - Processing /home/airflow/.local/lib/python3.12/site-packages/airflow/example_dags/example_branch_labels.py took 0.099 seconds
[2025-01-28T22:24:37.476+0000] {processor.py:186} INFO - Started process (PID=1963) to work on /home/airflow/.local/lib/python3.12/site-packages/airflow/example_dags/example_branch_labels.py
[2025-01-28T22:24:37.478+0000] {processor.py:914} INFO - Processing file /home/airflow/.local/lib/python3.12/site-packages/airflow/example_dags/example_branch_labels.py for tasks to queue
[2025-01-28T22:24:37.480+0000] {logging_mixin.py:190} INFO - [2025-01-28T22:24:37.480+0000] {dagbag.py:588} INFO - Filling up the DagBag from /home/airflow/.local/lib/python3.12/site-packages/airflow/example_dags/example_branch_labels.py
[2025-01-28T22:24:37.492+0000] {processor.py:925} INFO - DAG(s) 'example_branch_labels' retrieved from /home/airflow/.local/lib/python3.12/site-packages/airflow/example_dags/example_branch_labels.py
[2025-01-28T22:24:37.516+0000] {logging_mixin.py:190} INFO - [2025-01-28T22:24:37.516+0000] {dag.py:3239} INFO - Sync 1 DAGs
[2025-01-28T22:24:37.543+0000] {logging_mixin.py:190} INFO - [2025-01-28T22:24:37.543+0000] {dag.py:4180} INFO - Setting next_dagrun for example_branch_labels to 2025-01-27 00:00:00+00:00, run_after=2025-01-28 00:00:00+00:00
[2025-01-28T22:24:37.565+0000] {processor.py:208} INFO - Processing /home/airflow/.local/lib/python3.12/site-packages/airflow/example_dags/example_branch_labels.py took 0.096 seconds
[2025-01-28T22:25:09.369+0000] {processor.py:186} INFO - Started process (PID=2026) to work on /home/airflow/.local/lib/python3.12/site-packages/airflow/example_dags/example_branch_labels.py
[2025-01-28T22:25:09.371+0000] {processor.py:914} INFO - Processing file /home/airflow/.local/lib/python3.12/site-packages/airflow/example_dags/example_branch_labels.py for tasks to queue
[2025-01-28T22:25:09.374+0000] {logging_mixin.py:190} INFO - [2025-01-28T22:25:09.373+0000] {dagbag.py:588} INFO - Filling up the DagBag from /home/airflow/.local/lib/python3.12/site-packages/airflow/example_dags/example_branch_labels.py
[2025-01-28T22:25:09.385+0000] {processor.py:925} INFO - DAG(s) 'example_branch_labels' retrieved from /home/airflow/.local/lib/python3.12/site-packages/airflow/example_dags/example_branch_labels.py
[2025-01-28T22:25:09.409+0000] {logging_mixin.py:190} INFO - [2025-01-28T22:25:09.409+0000] {dag.py:3239} INFO - Sync 1 DAGs
[2025-01-28T22:25:09.435+0000] {logging_mixin.py:190} INFO - [2025-01-28T22:25:09.435+0000] {dag.py:4180} INFO - Setting next_dagrun for example_branch_labels to 2025-01-27 00:00:00+00:00, run_after=2025-01-28 00:00:00+00:00
[2025-01-28T22:25:09.460+0000] {processor.py:208} INFO - Processing /home/airflow/.local/lib/python3.12/site-packages/airflow/example_dags/example_branch_labels.py took 0.097 seconds
[2025-01-28T22:28:51.062+0000] {processor.py:186} INFO - Started process (PID=141) to work on /home/airflow/.local/lib/python3.12/site-packages/airflow/example_dags/example_branch_labels.py
[2025-01-28T22:28:51.064+0000] {processor.py:914} INFO - Processing file /home/airflow/.local/lib/python3.12/site-packages/airflow/example_dags/example_branch_labels.py for tasks to queue
[2025-01-28T22:28:51.067+0000] {logging_mixin.py:190} INFO - [2025-01-28T22:28:51.066+0000] {dagbag.py:588} INFO - Filling up the DagBag from /home/airflow/.local/lib/python3.12/site-packages/airflow/example_dags/example_branch_labels.py
[2025-01-28T22:28:51.078+0000] {processor.py:925} INFO - DAG(s) 'example_branch_labels' retrieved from /home/airflow/.local/lib/python3.12/site-packages/airflow/example_dags/example_branch_labels.py
[2025-01-28T22:28:51.101+0000] {logging_mixin.py:190} INFO - [2025-01-28T22:28:51.101+0000] {dag.py:3239} INFO - Sync 1 DAGs
[2025-01-28T22:28:51.128+0000] {logging_mixin.py:190} INFO - [2025-01-28T22:28:51.128+0000] {dag.py:4180} INFO - Setting next_dagrun for example_branch_labels to 2025-01-27 00:00:00+00:00, run_after=2025-01-28 00:00:00+00:00
[2025-01-28T22:28:51.154+0000] {processor.py:208} INFO - Processing /home/airflow/.local/lib/python3.12/site-packages/airflow/example_dags/example_branch_labels.py took 0.098 seconds
[2025-01-28T22:29:22.463+0000] {processor.py:186} INFO - Started process (PID=204) to work on /home/airflow/.local/lib/python3.12/site-packages/airflow/example_dags/example_branch_labels.py
[2025-01-28T22:29:22.464+0000] {processor.py:914} INFO - Processing file /home/airflow/.local/lib/python3.12/site-packages/airflow/example_dags/example_branch_labels.py for tasks to queue
[2025-01-28T22:29:22.468+0000] {logging_mixin.py:190} INFO - [2025-01-28T22:29:22.467+0000] {dagbag.py:588} INFO - Filling up the DagBag from /home/airflow/.local/lib/python3.12/site-packages/airflow/example_dags/example_branch_labels.py
[2025-01-28T22:29:22.480+0000] {processor.py:925} INFO - DAG(s) 'example_branch_labels' retrieved from /home/airflow/.local/lib/python3.12/site-packages/airflow/example_dags/example_branch_labels.py
[2025-01-28T22:29:22.503+0000] {logging_mixin.py:190} INFO - [2025-01-28T22:29:22.503+0000] {dag.py:3239} INFO - Sync 1 DAGs
[2025-01-28T22:29:22.530+0000] {logging_mixin.py:190} INFO - [2025-01-28T22:29:22.530+0000] {dag.py:4180} INFO - Setting next_dagrun for example_branch_labels to 2025-01-27 00:00:00+00:00, run_after=2025-01-28 00:00:00+00:00
[2025-01-28T22:29:22.558+0000] {processor.py:208} INFO - Processing /home/airflow/.local/lib/python3.12/site-packages/airflow/example_dags/example_branch_labels.py took 0.105 seconds
[2025-01-28T22:29:53.226+0000] {processor.py:186} INFO - Started process (PID=266) to work on /home/airflow/.local/lib/python3.12/site-packages/airflow/example_dags/example_branch_labels.py
[2025-01-28T22:29:53.228+0000] {processor.py:914} INFO - Processing file /home/airflow/.local/lib/python3.12/site-packages/airflow/example_dags/example_branch_labels.py for tasks to queue
[2025-01-28T22:29:53.231+0000] {logging_mixin.py:190} INFO - [2025-01-28T22:29:53.230+0000] {dagbag.py:588} INFO - Filling up the DagBag from /home/airflow/.local/lib/python3.12/site-packages/airflow/example_dags/example_branch_labels.py
[2025-01-28T22:29:53.242+0000] {processor.py:925} INFO - DAG(s) 'example_branch_labels' retrieved from /home/airflow/.local/lib/python3.12/site-packages/airflow/example_dags/example_branch_labels.py
[2025-01-28T22:29:53.265+0000] {logging_mixin.py:190} INFO - [2025-01-28T22:29:53.265+0000] {dag.py:3239} INFO - Sync 1 DAGs
[2025-01-28T22:29:53.291+0000] {logging_mixin.py:190} INFO - [2025-01-28T22:29:53.291+0000] {dag.py:4180} INFO - Setting next_dagrun for example_branch_labels to 2025-01-27 00:00:00+00:00, run_after=2025-01-28 00:00:00+00:00
[2025-01-28T22:29:53.319+0000] {processor.py:208} INFO - Processing /home/airflow/.local/lib/python3.12/site-packages/airflow/example_dags/example_branch_labels.py took 0.099 seconds
[2025-01-28T22:30:24.584+0000] {processor.py:186} INFO - Started process (PID=329) to work on /home/airflow/.local/lib/python3.12/site-packages/airflow/example_dags/example_branch_labels.py
[2025-01-28T22:30:24.585+0000] {processor.py:914} INFO - Processing file /home/airflow/.local/lib/python3.12/site-packages/airflow/example_dags/example_branch_labels.py for tasks to queue
[2025-01-28T22:30:24.588+0000] {logging_mixin.py:190} INFO - [2025-01-28T22:30:24.588+0000] {dagbag.py:588} INFO - Filling up the DagBag from /home/airflow/.local/lib/python3.12/site-packages/airflow/example_dags/example_branch_labels.py
[2025-01-28T22:30:24.602+0000] {processor.py:925} INFO - DAG(s) 'example_branch_labels' retrieved from /home/airflow/.local/lib/python3.12/site-packages/airflow/example_dags/example_branch_labels.py
[2025-01-28T22:30:24.626+0000] {logging_mixin.py:190} INFO - [2025-01-28T22:30:24.626+0000] {dag.py:3239} INFO - Sync 1 DAGs
[2025-01-28T22:30:24.653+0000] {logging_mixin.py:190} INFO - [2025-01-28T22:30:24.653+0000] {dag.py:4180} INFO - Setting next_dagrun for example_branch_labels to 2025-01-27 00:00:00+00:00, run_after=2025-01-28 00:00:00+00:00
[2025-01-28T22:30:24.684+0000] {processor.py:208} INFO - Processing /home/airflow/.local/lib/python3.12/site-packages/airflow/example_dags/example_branch_labels.py took 0.107 seconds
[2025-01-28T22:30:56.275+0000] {processor.py:186} INFO - Started process (PID=392) to work on /home/airflow/.local/lib/python3.12/site-packages/airflow/example_dags/example_branch_labels.py
[2025-01-28T22:30:56.277+0000] {processor.py:914} INFO - Processing file /home/airflow/.local/lib/python3.12/site-packages/airflow/example_dags/example_branch_labels.py for tasks to queue
[2025-01-28T22:30:56.279+0000] {logging_mixin.py:190} INFO - [2025-01-28T22:30:56.279+0000] {dagbag.py:588} INFO - Filling up the DagBag from /home/airflow/.local/lib/python3.12/site-packages/airflow/example_dags/example_branch_labels.py
[2025-01-28T22:30:56.292+0000] {processor.py:925} INFO - DAG(s) 'example_branch_labels' retrieved from /home/airflow/.local/lib/python3.12/site-packages/airflow/example_dags/example_branch_labels.py
[2025-01-28T22:30:56.315+0000] {logging_mixin.py:190} INFO - [2025-01-28T22:30:56.315+0000] {dag.py:3239} INFO - Sync 1 DAGs
[2025-01-28T22:30:56.341+0000] {logging_mixin.py:190} INFO - [2025-01-28T22:30:56.341+0000] {dag.py:4180} INFO - Setting next_dagrun for example_branch_labels to 2025-01-27 00:00:00+00:00, run_after=2025-01-28 00:00:00+00:00
[2025-01-28T22:30:56.373+0000] {processor.py:208} INFO - Processing /home/airflow/.local/lib/python3.12/site-packages/airflow/example_dags/example_branch_labels.py took 0.104 seconds
