[2025-01-28T22:09:25.740+0000] {processor.py:186} INFO - Started process (PID=104) to work on /home/airflow/.local/lib/python3.12/site-packages/airflow/example_dags/example_python_decorator.py
[2025-01-28T22:09:25.741+0000] {processor.py:914} INFO - Processing file /home/airflow/.local/lib/python3.12/site-packages/airflow/example_dags/example_python_decorator.py for tasks to queue
[2025-01-28T22:09:25.744+0000] {logging_mixin.py:190} INFO - [2025-01-28T22:09:25.744+0000] {dagbag.py:588} INFO - Filling up the DagBag from /home/airflow/.local/lib/python3.12/site-packages/airflow/example_dags/example_python_decorator.py
[2025-01-28T22:09:25.764+0000] {processor.py:925} INFO - DAG(s) 'example_python_decorator' retrieved from /home/airflow/.local/lib/python3.12/site-packages/airflow/example_dags/example_python_decorator.py
[2025-01-28T22:09:25.889+0000] {logging_mixin.py:190} INFO - [2025-01-28T22:09:25.888+0000] {override.py:1911} INFO - Created Permission View: can delete on DAG:example_python_decorator
[2025-01-28T22:09:25.903+0000] {logging_mixin.py:190} INFO - [2025-01-28T22:09:25.903+0000] {override.py:1911} INFO - Created Permission View: can edit on DAG:example_python_decorator
[2025-01-28T22:09:25.913+0000] {logging_mixin.py:190} INFO - [2025-01-28T22:09:25.913+0000] {override.py:1911} INFO - Created Permission View: can read on DAG:example_python_decorator
[2025-01-28T22:09:25.926+0000] {logging_mixin.py:190} INFO - [2025-01-28T22:09:25.925+0000] {override.py:1911} INFO - Created Permission View: can create on DAG Run:example_python_decorator
[2025-01-28T22:09:25.936+0000] {logging_mixin.py:190} INFO - [2025-01-28T22:09:25.935+0000] {override.py:1911} INFO - Created Permission View: can delete on DAG Run:example_python_decorator
[2025-01-28T22:09:25.946+0000] {logging_mixin.py:190} INFO - [2025-01-28T22:09:25.945+0000] {override.py:1911} INFO - Created Permission View: menu access on DAG Run:example_python_decorator
[2025-01-28T22:09:25.957+0000] {logging_mixin.py:190} INFO - [2025-01-28T22:09:25.957+0000] {override.py:1911} INFO - Created Permission View: can read on DAG Run:example_python_decorator
[2025-01-28T22:09:25.958+0000] {logging_mixin.py:190} INFO - [2025-01-28T22:09:25.958+0000] {dag.py:3239} INFO - Sync 1 DAGs
[2025-01-28T22:09:25.972+0000] {logging_mixin.py:190} INFO - [2025-01-28T22:09:25.972+0000] {dag.py:3262} INFO - Creating ORM DAG for example_python_decorator
[2025-01-28T22:09:25.973+0000] {logging_mixin.py:190} INFO - [2025-01-28T22:09:25.973+0000] {dag.py:4180} INFO - Setting next_dagrun for example_python_decorator to None, run_after=None
[2025-01-28T22:09:25.994+0000] {processor.py:208} INFO - Processing /home/airflow/.local/lib/python3.12/site-packages/airflow/example_dags/example_python_decorator.py took 0.261 seconds
[2025-01-28T22:09:56.784+0000] {processor.py:186} INFO - Started process (PID=167) to work on /home/airflow/.local/lib/python3.12/site-packages/airflow/example_dags/example_python_decorator.py
[2025-01-28T22:09:56.785+0000] {processor.py:914} INFO - Processing file /home/airflow/.local/lib/python3.12/site-packages/airflow/example_dags/example_python_decorator.py for tasks to queue
[2025-01-28T22:09:56.789+0000] {logging_mixin.py:190} INFO - [2025-01-28T22:09:56.788+0000] {dagbag.py:588} INFO - Filling up the DagBag from /home/airflow/.local/lib/python3.12/site-packages/airflow/example_dags/example_python_decorator.py
[2025-01-28T22:09:56.809+0000] {processor.py:925} INFO - DAG(s) 'example_python_decorator' retrieved from /home/airflow/.local/lib/python3.12/site-packages/airflow/example_dags/example_python_decorator.py
[2025-01-28T22:09:56.833+0000] {logging_mixin.py:190} INFO - [2025-01-28T22:09:56.833+0000] {dag.py:3239} INFO - Sync 1 DAGs
[2025-01-28T22:09:56.849+0000] {logging_mixin.py:190} INFO - [2025-01-28T22:09:56.849+0000] {dag.py:4180} INFO - Setting next_dagrun for example_python_decorator to None, run_after=None
[2025-01-28T22:09:56.875+0000] {processor.py:208} INFO - Processing /home/airflow/.local/lib/python3.12/site-packages/airflow/example_dags/example_python_decorator.py took 0.097 seconds
[2025-01-28T22:10:28.072+0000] {processor.py:186} INFO - Started process (PID=230) to work on /home/airflow/.local/lib/python3.12/site-packages/airflow/example_dags/example_python_decorator.py
[2025-01-28T22:10:28.073+0000] {processor.py:914} INFO - Processing file /home/airflow/.local/lib/python3.12/site-packages/airflow/example_dags/example_python_decorator.py for tasks to queue
[2025-01-28T22:10:28.077+0000] {logging_mixin.py:190} INFO - [2025-01-28T22:10:28.076+0000] {dagbag.py:588} INFO - Filling up the DagBag from /home/airflow/.local/lib/python3.12/site-packages/airflow/example_dags/example_python_decorator.py
[2025-01-28T22:10:28.095+0000] {processor.py:925} INFO - DAG(s) 'example_python_decorator' retrieved from /home/airflow/.local/lib/python3.12/site-packages/airflow/example_dags/example_python_decorator.py
[2025-01-28T22:10:28.121+0000] {logging_mixin.py:190} INFO - [2025-01-28T22:10:28.120+0000] {dag.py:3239} INFO - Sync 1 DAGs
[2025-01-28T22:10:28.137+0000] {logging_mixin.py:190} INFO - [2025-01-28T22:10:28.137+0000] {dag.py:4180} INFO - Setting next_dagrun for example_python_decorator to None, run_after=None
[2025-01-28T22:10:28.159+0000] {processor.py:208} INFO - Processing /home/airflow/.local/lib/python3.12/site-packages/airflow/example_dags/example_python_decorator.py took 0.094 seconds
[2025-01-28T22:10:59.450+0000] {processor.py:186} INFO - Started process (PID=293) to work on /home/airflow/.local/lib/python3.12/site-packages/airflow/example_dags/example_python_decorator.py
[2025-01-28T22:10:59.452+0000] {processor.py:914} INFO - Processing file /home/airflow/.local/lib/python3.12/site-packages/airflow/example_dags/example_python_decorator.py for tasks to queue
[2025-01-28T22:10:59.455+0000] {logging_mixin.py:190} INFO - [2025-01-28T22:10:59.454+0000] {dagbag.py:588} INFO - Filling up the DagBag from /home/airflow/.local/lib/python3.12/site-packages/airflow/example_dags/example_python_decorator.py
[2025-01-28T22:10:59.471+0000] {processor.py:925} INFO - DAG(s) 'example_python_decorator' retrieved from /home/airflow/.local/lib/python3.12/site-packages/airflow/example_dags/example_python_decorator.py
[2025-01-28T22:10:59.496+0000] {logging_mixin.py:190} INFO - [2025-01-28T22:10:59.496+0000] {dag.py:3239} INFO - Sync 1 DAGs
[2025-01-28T22:10:59.513+0000] {logging_mixin.py:190} INFO - [2025-01-28T22:10:59.512+0000] {dag.py:4180} INFO - Setting next_dagrun for example_python_decorator to None, run_after=None
[2025-01-28T22:10:59.535+0000] {processor.py:208} INFO - Processing /home/airflow/.local/lib/python3.12/site-packages/airflow/example_dags/example_python_decorator.py took 0.091 seconds
[2025-01-28T22:11:30.901+0000] {processor.py:186} INFO - Started process (PID=356) to work on /home/airflow/.local/lib/python3.12/site-packages/airflow/example_dags/example_python_decorator.py
[2025-01-28T22:11:30.903+0000] {processor.py:914} INFO - Processing file /home/airflow/.local/lib/python3.12/site-packages/airflow/example_dags/example_python_decorator.py for tasks to queue
[2025-01-28T22:11:30.906+0000] {logging_mixin.py:190} INFO - [2025-01-28T22:11:30.905+0000] {dagbag.py:588} INFO - Filling up the DagBag from /home/airflow/.local/lib/python3.12/site-packages/airflow/example_dags/example_python_decorator.py
[2025-01-28T22:11:30.921+0000] {processor.py:925} INFO - DAG(s) 'example_python_decorator' retrieved from /home/airflow/.local/lib/python3.12/site-packages/airflow/example_dags/example_python_decorator.py
[2025-01-28T22:11:30.947+0000] {logging_mixin.py:190} INFO - [2025-01-28T22:11:30.947+0000] {dag.py:3239} INFO - Sync 1 DAGs
[2025-01-28T22:11:30.963+0000] {logging_mixin.py:190} INFO - [2025-01-28T22:11:30.963+0000] {dag.py:4180} INFO - Setting next_dagrun for example_python_decorator to None, run_after=None
[2025-01-28T22:11:30.987+0000] {processor.py:208} INFO - Processing /home/airflow/.local/lib/python3.12/site-packages/airflow/example_dags/example_python_decorator.py took 0.092 seconds
[2025-01-28T22:12:01.833+0000] {processor.py:186} INFO - Started process (PID=419) to work on /home/airflow/.local/lib/python3.12/site-packages/airflow/example_dags/example_python_decorator.py
[2025-01-28T22:12:01.835+0000] {processor.py:914} INFO - Processing file /home/airflow/.local/lib/python3.12/site-packages/airflow/example_dags/example_python_decorator.py for tasks to queue
[2025-01-28T22:12:01.838+0000] {logging_mixin.py:190} INFO - [2025-01-28T22:12:01.838+0000] {dagbag.py:588} INFO - Filling up the DagBag from /home/airflow/.local/lib/python3.12/site-packages/airflow/example_dags/example_python_decorator.py
[2025-01-28T22:12:01.853+0000] {processor.py:925} INFO - DAG(s) 'example_python_decorator' retrieved from /home/airflow/.local/lib/python3.12/site-packages/airflow/example_dags/example_python_decorator.py
[2025-01-28T22:12:01.880+0000] {logging_mixin.py:190} INFO - [2025-01-28T22:12:01.879+0000] {dag.py:3239} INFO - Sync 1 DAGs
[2025-01-28T22:12:01.896+0000] {logging_mixin.py:190} INFO - [2025-01-28T22:12:01.896+0000] {dag.py:4180} INFO - Setting next_dagrun for example_python_decorator to None, run_after=None
[2025-01-28T22:12:01.924+0000] {processor.py:208} INFO - Processing /home/airflow/.local/lib/python3.12/site-packages/airflow/example_dags/example_python_decorator.py took 0.096 seconds
[2025-01-28T22:12:33.042+0000] {processor.py:186} INFO - Started process (PID=482) to work on /home/airflow/.local/lib/python3.12/site-packages/airflow/example_dags/example_python_decorator.py
[2025-01-28T22:12:33.044+0000] {processor.py:914} INFO - Processing file /home/airflow/.local/lib/python3.12/site-packages/airflow/example_dags/example_python_decorator.py for tasks to queue
[2025-01-28T22:12:33.046+0000] {logging_mixin.py:190} INFO - [2025-01-28T22:12:33.046+0000] {dagbag.py:588} INFO - Filling up the DagBag from /home/airflow/.local/lib/python3.12/site-packages/airflow/example_dags/example_python_decorator.py
[2025-01-28T22:12:33.063+0000] {processor.py:925} INFO - DAG(s) 'example_python_decorator' retrieved from /home/airflow/.local/lib/python3.12/site-packages/airflow/example_dags/example_python_decorator.py
[2025-01-28T22:12:33.089+0000] {logging_mixin.py:190} INFO - [2025-01-28T22:12:33.089+0000] {dag.py:3239} INFO - Sync 1 DAGs
[2025-01-28T22:12:33.105+0000] {logging_mixin.py:190} INFO - [2025-01-28T22:12:33.104+0000] {dag.py:4180} INFO - Setting next_dagrun for example_python_decorator to None, run_after=None
[2025-01-28T22:12:33.130+0000] {processor.py:208} INFO - Processing /home/airflow/.local/lib/python3.12/site-packages/airflow/example_dags/example_python_decorator.py took 0.094 seconds
[2025-01-28T22:13:04.201+0000] {processor.py:186} INFO - Started process (PID=545) to work on /home/airflow/.local/lib/python3.12/site-packages/airflow/example_dags/example_python_decorator.py
[2025-01-28T22:13:04.202+0000] {processor.py:914} INFO - Processing file /home/airflow/.local/lib/python3.12/site-packages/airflow/example_dags/example_python_decorator.py for tasks to queue
[2025-01-28T22:13:04.207+0000] {logging_mixin.py:190} INFO - [2025-01-28T22:13:04.206+0000] {dagbag.py:588} INFO - Filling up the DagBag from /home/airflow/.local/lib/python3.12/site-packages/airflow/example_dags/example_python_decorator.py
[2025-01-28T22:13:04.223+0000] {processor.py:925} INFO - DAG(s) 'example_python_decorator' retrieved from /home/airflow/.local/lib/python3.12/site-packages/airflow/example_dags/example_python_decorator.py
[2025-01-28T22:13:04.248+0000] {logging_mixin.py:190} INFO - [2025-01-28T22:13:04.248+0000] {dag.py:3239} INFO - Sync 1 DAGs
[2025-01-28T22:13:04.264+0000] {logging_mixin.py:190} INFO - [2025-01-28T22:13:04.263+0000] {dag.py:4180} INFO - Setting next_dagrun for example_python_decorator to None, run_after=None
[2025-01-28T22:13:04.292+0000] {processor.py:208} INFO - Processing /home/airflow/.local/lib/python3.12/site-packages/airflow/example_dags/example_python_decorator.py took 0.098 seconds
[2025-01-28T22:13:35.845+0000] {processor.py:186} INFO - Started process (PID=608) to work on /home/airflow/.local/lib/python3.12/site-packages/airflow/example_dags/example_python_decorator.py
[2025-01-28T22:13:35.846+0000] {processor.py:914} INFO - Processing file /home/airflow/.local/lib/python3.12/site-packages/airflow/example_dags/example_python_decorator.py for tasks to queue
[2025-01-28T22:13:35.849+0000] {logging_mixin.py:190} INFO - [2025-01-28T22:13:35.849+0000] {dagbag.py:588} INFO - Filling up the DagBag from /home/airflow/.local/lib/python3.12/site-packages/airflow/example_dags/example_python_decorator.py
[2025-01-28T22:13:35.865+0000] {processor.py:925} INFO - DAG(s) 'example_python_decorator' retrieved from /home/airflow/.local/lib/python3.12/site-packages/airflow/example_dags/example_python_decorator.py
[2025-01-28T22:13:35.891+0000] {logging_mixin.py:190} INFO - [2025-01-28T22:13:35.891+0000] {dag.py:3239} INFO - Sync 1 DAGs
[2025-01-28T22:13:35.906+0000] {logging_mixin.py:190} INFO - [2025-01-28T22:13:35.906+0000] {dag.py:4180} INFO - Setting next_dagrun for example_python_decorator to None, run_after=None
[2025-01-28T22:13:35.938+0000] {processor.py:208} INFO - Processing /home/airflow/.local/lib/python3.12/site-packages/airflow/example_dags/example_python_decorator.py took 0.100 seconds
[2025-01-28T22:14:07.251+0000] {processor.py:186} INFO - Started process (PID=671) to work on /home/airflow/.local/lib/python3.12/site-packages/airflow/example_dags/example_python_decorator.py
[2025-01-28T22:14:07.252+0000] {processor.py:914} INFO - Processing file /home/airflow/.local/lib/python3.12/site-packages/airflow/example_dags/example_python_decorator.py for tasks to queue
[2025-01-28T22:14:07.255+0000] {logging_mixin.py:190} INFO - [2025-01-28T22:14:07.255+0000] {dagbag.py:588} INFO - Filling up the DagBag from /home/airflow/.local/lib/python3.12/site-packages/airflow/example_dags/example_python_decorator.py
[2025-01-28T22:14:07.271+0000] {processor.py:925} INFO - DAG(s) 'example_python_decorator' retrieved from /home/airflow/.local/lib/python3.12/site-packages/airflow/example_dags/example_python_decorator.py
[2025-01-28T22:14:07.295+0000] {logging_mixin.py:190} INFO - [2025-01-28T22:14:07.295+0000] {dag.py:3239} INFO - Sync 1 DAGs
[2025-01-28T22:14:07.310+0000] {logging_mixin.py:190} INFO - [2025-01-28T22:14:07.310+0000] {dag.py:4180} INFO - Setting next_dagrun for example_python_decorator to None, run_after=None
[2025-01-28T22:14:07.333+0000] {processor.py:208} INFO - Processing /home/airflow/.local/lib/python3.12/site-packages/airflow/example_dags/example_python_decorator.py took 0.088 seconds
[2025-01-28T22:14:37.873+0000] {processor.py:186} INFO - Started process (PID=734) to work on /home/airflow/.local/lib/python3.12/site-packages/airflow/example_dags/example_python_decorator.py
[2025-01-28T22:14:37.875+0000] {processor.py:914} INFO - Processing file /home/airflow/.local/lib/python3.12/site-packages/airflow/example_dags/example_python_decorator.py for tasks to queue
[2025-01-28T22:14:37.877+0000] {logging_mixin.py:190} INFO - [2025-01-28T22:14:37.877+0000] {dagbag.py:588} INFO - Filling up the DagBag from /home/airflow/.local/lib/python3.12/site-packages/airflow/example_dags/example_python_decorator.py
[2025-01-28T22:14:37.893+0000] {processor.py:925} INFO - DAG(s) 'example_python_decorator' retrieved from /home/airflow/.local/lib/python3.12/site-packages/airflow/example_dags/example_python_decorator.py
[2025-01-28T22:14:37.919+0000] {logging_mixin.py:190} INFO - [2025-01-28T22:14:37.919+0000] {dag.py:3239} INFO - Sync 1 DAGs
[2025-01-28T22:14:37.937+0000] {logging_mixin.py:190} INFO - [2025-01-28T22:14:37.936+0000] {dag.py:4180} INFO - Setting next_dagrun for example_python_decorator to None, run_after=None
[2025-01-28T22:14:37.961+0000] {processor.py:208} INFO - Processing /home/airflow/.local/lib/python3.12/site-packages/airflow/example_dags/example_python_decorator.py took 0.095 seconds
[2025-01-28T22:15:09.437+0000] {processor.py:186} INFO - Started process (PID=797) to work on /home/airflow/.local/lib/python3.12/site-packages/airflow/example_dags/example_python_decorator.py
[2025-01-28T22:15:09.438+0000] {processor.py:914} INFO - Processing file /home/airflow/.local/lib/python3.12/site-packages/airflow/example_dags/example_python_decorator.py for tasks to queue
[2025-01-28T22:15:09.441+0000] {logging_mixin.py:190} INFO - [2025-01-28T22:15:09.440+0000] {dagbag.py:588} INFO - Filling up the DagBag from /home/airflow/.local/lib/python3.12/site-packages/airflow/example_dags/example_python_decorator.py
[2025-01-28T22:15:09.456+0000] {processor.py:925} INFO - DAG(s) 'example_python_decorator' retrieved from /home/airflow/.local/lib/python3.12/site-packages/airflow/example_dags/example_python_decorator.py
[2025-01-28T22:15:09.481+0000] {logging_mixin.py:190} INFO - [2025-01-28T22:15:09.480+0000] {dag.py:3239} INFO - Sync 1 DAGs
[2025-01-28T22:15:09.496+0000] {logging_mixin.py:190} INFO - [2025-01-28T22:15:09.496+0000] {dag.py:4180} INFO - Setting next_dagrun for example_python_decorator to None, run_after=None
[2025-01-28T22:15:09.519+0000] {processor.py:208} INFO - Processing /home/airflow/.local/lib/python3.12/site-packages/airflow/example_dags/example_python_decorator.py took 0.089 seconds
[2025-01-28T22:15:41.009+0000] {processor.py:186} INFO - Started process (PID=860) to work on /home/airflow/.local/lib/python3.12/site-packages/airflow/example_dags/example_python_decorator.py
[2025-01-28T22:15:41.011+0000] {processor.py:914} INFO - Processing file /home/airflow/.local/lib/python3.12/site-packages/airflow/example_dags/example_python_decorator.py for tasks to queue
[2025-01-28T22:15:41.013+0000] {logging_mixin.py:190} INFO - [2025-01-28T22:15:41.013+0000] {dagbag.py:588} INFO - Filling up the DagBag from /home/airflow/.local/lib/python3.12/site-packages/airflow/example_dags/example_python_decorator.py
[2025-01-28T22:15:41.029+0000] {processor.py:925} INFO - DAG(s) 'example_python_decorator' retrieved from /home/airflow/.local/lib/python3.12/site-packages/airflow/example_dags/example_python_decorator.py
[2025-01-28T22:15:41.052+0000] {logging_mixin.py:190} INFO - [2025-01-28T22:15:41.052+0000] {dag.py:3239} INFO - Sync 1 DAGs
[2025-01-28T22:15:41.068+0000] {logging_mixin.py:190} INFO - [2025-01-28T22:15:41.068+0000] {dag.py:4180} INFO - Setting next_dagrun for example_python_decorator to None, run_after=None
[2025-01-28T22:15:41.090+0000] {processor.py:208} INFO - Processing /home/airflow/.local/lib/python3.12/site-packages/airflow/example_dags/example_python_decorator.py took 0.087 seconds
[2025-01-28T22:16:12.647+0000] {processor.py:186} INFO - Started process (PID=924) to work on /home/airflow/.local/lib/python3.12/site-packages/airflow/example_dags/example_python_decorator.py
[2025-01-28T22:16:12.648+0000] {processor.py:914} INFO - Processing file /home/airflow/.local/lib/python3.12/site-packages/airflow/example_dags/example_python_decorator.py for tasks to queue
[2025-01-28T22:16:12.651+0000] {logging_mixin.py:190} INFO - [2025-01-28T22:16:12.650+0000] {dagbag.py:588} INFO - Filling up the DagBag from /home/airflow/.local/lib/python3.12/site-packages/airflow/example_dags/example_python_decorator.py
[2025-01-28T22:16:12.666+0000] {processor.py:925} INFO - DAG(s) 'example_python_decorator' retrieved from /home/airflow/.local/lib/python3.12/site-packages/airflow/example_dags/example_python_decorator.py
[2025-01-28T22:16:12.692+0000] {logging_mixin.py:190} INFO - [2025-01-28T22:16:12.692+0000] {dag.py:3239} INFO - Sync 1 DAGs
[2025-01-28T22:16:12.708+0000] {logging_mixin.py:190} INFO - [2025-01-28T22:16:12.708+0000] {dag.py:4180} INFO - Setting next_dagrun for example_python_decorator to None, run_after=None
[2025-01-28T22:16:12.739+0000] {processor.py:208} INFO - Processing /home/airflow/.local/lib/python3.12/site-packages/airflow/example_dags/example_python_decorator.py took 0.098 seconds
[2025-01-28T22:16:44.438+0000] {processor.py:186} INFO - Started process (PID=987) to work on /home/airflow/.local/lib/python3.12/site-packages/airflow/example_dags/example_python_decorator.py
[2025-01-28T22:16:44.439+0000] {processor.py:914} INFO - Processing file /home/airflow/.local/lib/python3.12/site-packages/airflow/example_dags/example_python_decorator.py for tasks to queue
[2025-01-28T22:16:44.441+0000] {logging_mixin.py:190} INFO - [2025-01-28T22:16:44.441+0000] {dagbag.py:588} INFO - Filling up the DagBag from /home/airflow/.local/lib/python3.12/site-packages/airflow/example_dags/example_python_decorator.py
[2025-01-28T22:16:44.459+0000] {processor.py:925} INFO - DAG(s) 'example_python_decorator' retrieved from /home/airflow/.local/lib/python3.12/site-packages/airflow/example_dags/example_python_decorator.py
[2025-01-28T22:16:44.487+0000] {logging_mixin.py:190} INFO - [2025-01-28T22:16:44.487+0000] {dag.py:3239} INFO - Sync 1 DAGs
[2025-01-28T22:16:44.502+0000] {logging_mixin.py:190} INFO - [2025-01-28T22:16:44.502+0000] {dag.py:4180} INFO - Setting next_dagrun for example_python_decorator to None, run_after=None
[2025-01-28T22:16:44.536+0000] {processor.py:208} INFO - Processing /home/airflow/.local/lib/python3.12/site-packages/airflow/example_dags/example_python_decorator.py took 0.105 seconds
[2025-01-28T22:17:15.742+0000] {processor.py:186} INFO - Started process (PID=1050) to work on /home/airflow/.local/lib/python3.12/site-packages/airflow/example_dags/example_python_decorator.py
[2025-01-28T22:17:15.743+0000] {processor.py:914} INFO - Processing file /home/airflow/.local/lib/python3.12/site-packages/airflow/example_dags/example_python_decorator.py for tasks to queue
[2025-01-28T22:17:15.745+0000] {logging_mixin.py:190} INFO - [2025-01-28T22:17:15.745+0000] {dagbag.py:588} INFO - Filling up the DagBag from /home/airflow/.local/lib/python3.12/site-packages/airflow/example_dags/example_python_decorator.py
[2025-01-28T22:17:15.762+0000] {processor.py:925} INFO - DAG(s) 'example_python_decorator' retrieved from /home/airflow/.local/lib/python3.12/site-packages/airflow/example_dags/example_python_decorator.py
[2025-01-28T22:17:15.786+0000] {logging_mixin.py:190} INFO - [2025-01-28T22:17:15.785+0000] {dag.py:3239} INFO - Sync 1 DAGs
[2025-01-28T22:17:15.801+0000] {logging_mixin.py:190} INFO - [2025-01-28T22:17:15.800+0000] {dag.py:4180} INFO - Setting next_dagrun for example_python_decorator to None, run_after=None
[2025-01-28T22:17:15.823+0000] {processor.py:208} INFO - Processing /home/airflow/.local/lib/python3.12/site-packages/airflow/example_dags/example_python_decorator.py took 0.087 seconds
[2025-01-28T22:17:47.160+0000] {processor.py:186} INFO - Started process (PID=1113) to work on /home/airflow/.local/lib/python3.12/site-packages/airflow/example_dags/example_python_decorator.py
[2025-01-28T22:17:47.161+0000] {processor.py:914} INFO - Processing file /home/airflow/.local/lib/python3.12/site-packages/airflow/example_dags/example_python_decorator.py for tasks to queue
[2025-01-28T22:17:47.164+0000] {logging_mixin.py:190} INFO - [2025-01-28T22:17:47.164+0000] {dagbag.py:588} INFO - Filling up the DagBag from /home/airflow/.local/lib/python3.12/site-packages/airflow/example_dags/example_python_decorator.py
[2025-01-28T22:17:47.179+0000] {processor.py:925} INFO - DAG(s) 'example_python_decorator' retrieved from /home/airflow/.local/lib/python3.12/site-packages/airflow/example_dags/example_python_decorator.py
[2025-01-28T22:17:47.204+0000] {logging_mixin.py:190} INFO - [2025-01-28T22:17:47.204+0000] {dag.py:3239} INFO - Sync 1 DAGs
[2025-01-28T22:17:47.220+0000] {logging_mixin.py:190} INFO - [2025-01-28T22:17:47.220+0000] {dag.py:4180} INFO - Setting next_dagrun for example_python_decorator to None, run_after=None
[2025-01-28T22:17:47.242+0000] {processor.py:208} INFO - Processing /home/airflow/.local/lib/python3.12/site-packages/airflow/example_dags/example_python_decorator.py took 0.089 seconds
[2025-01-28T22:18:18.815+0000] {processor.py:186} INFO - Started process (PID=1176) to work on /home/airflow/.local/lib/python3.12/site-packages/airflow/example_dags/example_python_decorator.py
[2025-01-28T22:18:18.816+0000] {processor.py:914} INFO - Processing file /home/airflow/.local/lib/python3.12/site-packages/airflow/example_dags/example_python_decorator.py for tasks to queue
[2025-01-28T22:18:18.819+0000] {logging_mixin.py:190} INFO - [2025-01-28T22:18:18.819+0000] {dagbag.py:588} INFO - Filling up the DagBag from /home/airflow/.local/lib/python3.12/site-packages/airflow/example_dags/example_python_decorator.py
[2025-01-28T22:18:18.834+0000] {processor.py:925} INFO - DAG(s) 'example_python_decorator' retrieved from /home/airflow/.local/lib/python3.12/site-packages/airflow/example_dags/example_python_decorator.py
[2025-01-28T22:18:18.859+0000] {logging_mixin.py:190} INFO - [2025-01-28T22:18:18.859+0000] {dag.py:3239} INFO - Sync 1 DAGs
[2025-01-28T22:18:18.877+0000] {logging_mixin.py:190} INFO - [2025-01-28T22:18:18.877+0000] {dag.py:4180} INFO - Setting next_dagrun for example_python_decorator to None, run_after=None
[2025-01-28T22:18:18.901+0000] {processor.py:208} INFO - Processing /home/airflow/.local/lib/python3.12/site-packages/airflow/example_dags/example_python_decorator.py took 0.094 seconds
[2025-01-28T22:18:49.939+0000] {processor.py:186} INFO - Started process (PID=1239) to work on /home/airflow/.local/lib/python3.12/site-packages/airflow/example_dags/example_python_decorator.py
[2025-01-28T22:18:49.940+0000] {processor.py:914} INFO - Processing file /home/airflow/.local/lib/python3.12/site-packages/airflow/example_dags/example_python_decorator.py for tasks to queue
[2025-01-28T22:18:49.943+0000] {logging_mixin.py:190} INFO - [2025-01-28T22:18:49.943+0000] {dagbag.py:588} INFO - Filling up the DagBag from /home/airflow/.local/lib/python3.12/site-packages/airflow/example_dags/example_python_decorator.py
[2025-01-28T22:18:49.962+0000] {processor.py:925} INFO - DAG(s) 'example_python_decorator' retrieved from /home/airflow/.local/lib/python3.12/site-packages/airflow/example_dags/example_python_decorator.py
[2025-01-28T22:18:49.988+0000] {logging_mixin.py:190} INFO - [2025-01-28T22:18:49.988+0000] {dag.py:3239} INFO - Sync 1 DAGs
[2025-01-28T22:18:50.005+0000] {logging_mixin.py:190} INFO - [2025-01-28T22:18:50.005+0000] {dag.py:4180} INFO - Setting next_dagrun for example_python_decorator to None, run_after=None
[2025-01-28T22:18:50.030+0000] {processor.py:208} INFO - Processing /home/airflow/.local/lib/python3.12/site-packages/airflow/example_dags/example_python_decorator.py took 0.098 seconds
[2025-01-28T22:19:21.353+0000] {processor.py:186} INFO - Started process (PID=1302) to work on /home/airflow/.local/lib/python3.12/site-packages/airflow/example_dags/example_python_decorator.py
[2025-01-28T22:19:21.355+0000] {processor.py:914} INFO - Processing file /home/airflow/.local/lib/python3.12/site-packages/airflow/example_dags/example_python_decorator.py for tasks to queue
[2025-01-28T22:19:21.358+0000] {logging_mixin.py:190} INFO - [2025-01-28T22:19:21.357+0000] {dagbag.py:588} INFO - Filling up the DagBag from /home/airflow/.local/lib/python3.12/site-packages/airflow/example_dags/example_python_decorator.py
[2025-01-28T22:19:21.373+0000] {processor.py:925} INFO - DAG(s) 'example_python_decorator' retrieved from /home/airflow/.local/lib/python3.12/site-packages/airflow/example_dags/example_python_decorator.py
[2025-01-28T22:19:21.399+0000] {logging_mixin.py:190} INFO - [2025-01-28T22:19:21.398+0000] {dag.py:3239} INFO - Sync 1 DAGs
[2025-01-28T22:19:21.415+0000] {logging_mixin.py:190} INFO - [2025-01-28T22:19:21.415+0000] {dag.py:4180} INFO - Setting next_dagrun for example_python_decorator to None, run_after=None
[2025-01-28T22:19:21.441+0000] {processor.py:208} INFO - Processing /home/airflow/.local/lib/python3.12/site-packages/airflow/example_dags/example_python_decorator.py took 0.094 seconds
[2025-01-28T22:19:52.363+0000] {processor.py:186} INFO - Started process (PID=1365) to work on /home/airflow/.local/lib/python3.12/site-packages/airflow/example_dags/example_python_decorator.py
[2025-01-28T22:19:52.365+0000] {processor.py:914} INFO - Processing file /home/airflow/.local/lib/python3.12/site-packages/airflow/example_dags/example_python_decorator.py for tasks to queue
[2025-01-28T22:19:52.368+0000] {logging_mixin.py:190} INFO - [2025-01-28T22:19:52.368+0000] {dagbag.py:588} INFO - Filling up the DagBag from /home/airflow/.local/lib/python3.12/site-packages/airflow/example_dags/example_python_decorator.py
[2025-01-28T22:19:52.384+0000] {processor.py:925} INFO - DAG(s) 'example_python_decorator' retrieved from /home/airflow/.local/lib/python3.12/site-packages/airflow/example_dags/example_python_decorator.py
[2025-01-28T22:19:52.409+0000] {logging_mixin.py:190} INFO - [2025-01-28T22:19:52.409+0000] {dag.py:3239} INFO - Sync 1 DAGs
[2025-01-28T22:19:52.424+0000] {logging_mixin.py:190} INFO - [2025-01-28T22:19:52.424+0000] {dag.py:4180} INFO - Setting next_dagrun for example_python_decorator to None, run_after=None
[2025-01-28T22:19:52.446+0000] {processor.py:208} INFO - Processing /home/airflow/.local/lib/python3.12/site-packages/airflow/example_dags/example_python_decorator.py took 0.089 seconds
[2025-01-28T22:20:23.884+0000] {processor.py:186} INFO - Started process (PID=1428) to work on /home/airflow/.local/lib/python3.12/site-packages/airflow/example_dags/example_python_decorator.py
[2025-01-28T22:20:23.886+0000] {processor.py:914} INFO - Processing file /home/airflow/.local/lib/python3.12/site-packages/airflow/example_dags/example_python_decorator.py for tasks to queue
[2025-01-28T22:20:23.889+0000] {logging_mixin.py:190} INFO - [2025-01-28T22:20:23.889+0000] {dagbag.py:588} INFO - Filling up the DagBag from /home/airflow/.local/lib/python3.12/site-packages/airflow/example_dags/example_python_decorator.py
[2025-01-28T22:20:23.905+0000] {processor.py:925} INFO - DAG(s) 'example_python_decorator' retrieved from /home/airflow/.local/lib/python3.12/site-packages/airflow/example_dags/example_python_decorator.py
[2025-01-28T22:20:23.929+0000] {logging_mixin.py:190} INFO - [2025-01-28T22:20:23.929+0000] {dag.py:3239} INFO - Sync 1 DAGs
[2025-01-28T22:20:23.945+0000] {logging_mixin.py:190} INFO - [2025-01-28T22:20:23.945+0000] {dag.py:4180} INFO - Setting next_dagrun for example_python_decorator to None, run_after=None
[2025-01-28T22:20:23.967+0000] {processor.py:208} INFO - Processing /home/airflow/.local/lib/python3.12/site-packages/airflow/example_dags/example_python_decorator.py took 0.089 seconds
[2025-01-28T22:20:55.460+0000] {processor.py:186} INFO - Started process (PID=1491) to work on /home/airflow/.local/lib/python3.12/site-packages/airflow/example_dags/example_python_decorator.py
[2025-01-28T22:20:55.462+0000] {processor.py:914} INFO - Processing file /home/airflow/.local/lib/python3.12/site-packages/airflow/example_dags/example_python_decorator.py for tasks to queue
[2025-01-28T22:20:55.464+0000] {logging_mixin.py:190} INFO - [2025-01-28T22:20:55.464+0000] {dagbag.py:588} INFO - Filling up the DagBag from /home/airflow/.local/lib/python3.12/site-packages/airflow/example_dags/example_python_decorator.py
[2025-01-28T22:20:55.480+0000] {processor.py:925} INFO - DAG(s) 'example_python_decorator' retrieved from /home/airflow/.local/lib/python3.12/site-packages/airflow/example_dags/example_python_decorator.py
[2025-01-28T22:20:55.506+0000] {logging_mixin.py:190} INFO - [2025-01-28T22:20:55.506+0000] {dag.py:3239} INFO - Sync 1 DAGs
[2025-01-28T22:20:55.521+0000] {logging_mixin.py:190} INFO - [2025-01-28T22:20:55.521+0000] {dag.py:4180} INFO - Setting next_dagrun for example_python_decorator to None, run_after=None
[2025-01-28T22:20:55.547+0000] {processor.py:208} INFO - Processing /home/airflow/.local/lib/python3.12/site-packages/airflow/example_dags/example_python_decorator.py took 0.093 seconds
[2025-01-28T22:21:26.094+0000] {processor.py:186} INFO - Started process (PID=1554) to work on /home/airflow/.local/lib/python3.12/site-packages/airflow/example_dags/example_python_decorator.py
[2025-01-28T22:21:26.096+0000] {processor.py:914} INFO - Processing file /home/airflow/.local/lib/python3.12/site-packages/airflow/example_dags/example_python_decorator.py for tasks to queue
[2025-01-28T22:21:26.099+0000] {logging_mixin.py:190} INFO - [2025-01-28T22:21:26.098+0000] {dagbag.py:588} INFO - Filling up the DagBag from /home/airflow/.local/lib/python3.12/site-packages/airflow/example_dags/example_python_decorator.py
[2025-01-28T22:21:26.114+0000] {processor.py:925} INFO - DAG(s) 'example_python_decorator' retrieved from /home/airflow/.local/lib/python3.12/site-packages/airflow/example_dags/example_python_decorator.py
[2025-01-28T22:21:26.138+0000] {logging_mixin.py:190} INFO - [2025-01-28T22:21:26.138+0000] {dag.py:3239} INFO - Sync 1 DAGs
[2025-01-28T22:21:26.156+0000] {logging_mixin.py:190} INFO - [2025-01-28T22:21:26.156+0000] {dag.py:4180} INFO - Setting next_dagrun for example_python_decorator to None, run_after=None
[2025-01-28T22:21:26.194+0000] {processor.py:208} INFO - Processing /home/airflow/.local/lib/python3.12/site-packages/airflow/example_dags/example_python_decorator.py took 0.106 seconds
[2025-01-28T22:21:57.924+0000] {processor.py:186} INFO - Started process (PID=1617) to work on /home/airflow/.local/lib/python3.12/site-packages/airflow/example_dags/example_python_decorator.py
[2025-01-28T22:21:57.925+0000] {processor.py:914} INFO - Processing file /home/airflow/.local/lib/python3.12/site-packages/airflow/example_dags/example_python_decorator.py for tasks to queue
[2025-01-28T22:21:57.928+0000] {logging_mixin.py:190} INFO - [2025-01-28T22:21:57.928+0000] {dagbag.py:588} INFO - Filling up the DagBag from /home/airflow/.local/lib/python3.12/site-packages/airflow/example_dags/example_python_decorator.py
[2025-01-28T22:21:57.945+0000] {processor.py:925} INFO - DAG(s) 'example_python_decorator' retrieved from /home/airflow/.local/lib/python3.12/site-packages/airflow/example_dags/example_python_decorator.py
[2025-01-28T22:21:57.974+0000] {logging_mixin.py:190} INFO - [2025-01-28T22:21:57.974+0000] {dag.py:3239} INFO - Sync 1 DAGs
[2025-01-28T22:21:57.992+0000] {logging_mixin.py:190} INFO - [2025-01-28T22:21:57.992+0000] {dag.py:4180} INFO - Setting next_dagrun for example_python_decorator to None, run_after=None
[2025-01-28T22:21:58.039+0000] {processor.py:208} INFO - Processing /home/airflow/.local/lib/python3.12/site-packages/airflow/example_dags/example_python_decorator.py took 0.122 seconds
[2025-01-28T22:22:29.366+0000] {processor.py:186} INFO - Started process (PID=1680) to work on /home/airflow/.local/lib/python3.12/site-packages/airflow/example_dags/example_python_decorator.py
[2025-01-28T22:22:29.368+0000] {processor.py:914} INFO - Processing file /home/airflow/.local/lib/python3.12/site-packages/airflow/example_dags/example_python_decorator.py for tasks to queue
[2025-01-28T22:22:29.371+0000] {logging_mixin.py:190} INFO - [2025-01-28T22:22:29.370+0000] {dagbag.py:588} INFO - Filling up the DagBag from /home/airflow/.local/lib/python3.12/site-packages/airflow/example_dags/example_python_decorator.py
[2025-01-28T22:22:29.387+0000] {processor.py:925} INFO - DAG(s) 'example_python_decorator' retrieved from /home/airflow/.local/lib/python3.12/site-packages/airflow/example_dags/example_python_decorator.py
[2025-01-28T22:22:29.413+0000] {logging_mixin.py:190} INFO - [2025-01-28T22:22:29.413+0000] {dag.py:3239} INFO - Sync 1 DAGs
[2025-01-28T22:22:29.430+0000] {logging_mixin.py:190} INFO - [2025-01-28T22:22:29.429+0000] {dag.py:4180} INFO - Setting next_dagrun for example_python_decorator to None, run_after=None
[2025-01-28T22:22:29.456+0000] {processor.py:208} INFO - Processing /home/airflow/.local/lib/python3.12/site-packages/airflow/example_dags/example_python_decorator.py took 0.096 seconds
[2025-01-28T22:23:00.335+0000] {processor.py:186} INFO - Started process (PID=1743) to work on /home/airflow/.local/lib/python3.12/site-packages/airflow/example_dags/example_python_decorator.py
[2025-01-28T22:23:00.337+0000] {processor.py:914} INFO - Processing file /home/airflow/.local/lib/python3.12/site-packages/airflow/example_dags/example_python_decorator.py for tasks to queue
[2025-01-28T22:23:00.340+0000] {logging_mixin.py:190} INFO - [2025-01-28T22:23:00.339+0000] {dagbag.py:588} INFO - Filling up the DagBag from /home/airflow/.local/lib/python3.12/site-packages/airflow/example_dags/example_python_decorator.py
[2025-01-28T22:23:00.357+0000] {processor.py:925} INFO - DAG(s) 'example_python_decorator' retrieved from /home/airflow/.local/lib/python3.12/site-packages/airflow/example_dags/example_python_decorator.py
[2025-01-28T22:23:00.385+0000] {logging_mixin.py:190} INFO - [2025-01-28T22:23:00.384+0000] {dag.py:3239} INFO - Sync 1 DAGs
[2025-01-28T22:23:00.411+0000] {logging_mixin.py:190} INFO - [2025-01-28T22:23:00.411+0000] {dag.py:4180} INFO - Setting next_dagrun for example_python_decorator to None, run_after=None
[2025-01-28T22:23:00.437+0000] {processor.py:208} INFO - Processing /home/airflow/.local/lib/python3.12/site-packages/airflow/example_dags/example_python_decorator.py took 0.109 seconds
[2025-01-28T22:23:31.432+0000] {processor.py:186} INFO - Started process (PID=1806) to work on /home/airflow/.local/lib/python3.12/site-packages/airflow/example_dags/example_python_decorator.py
[2025-01-28T22:23:31.433+0000] {processor.py:914} INFO - Processing file /home/airflow/.local/lib/python3.12/site-packages/airflow/example_dags/example_python_decorator.py for tasks to queue
[2025-01-28T22:23:31.436+0000] {logging_mixin.py:190} INFO - [2025-01-28T22:23:31.435+0000] {dagbag.py:588} INFO - Filling up the DagBag from /home/airflow/.local/lib/python3.12/site-packages/airflow/example_dags/example_python_decorator.py
[2025-01-28T22:23:31.451+0000] {processor.py:925} INFO - DAG(s) 'example_python_decorator' retrieved from /home/airflow/.local/lib/python3.12/site-packages/airflow/example_dags/example_python_decorator.py
[2025-01-28T22:23:31.476+0000] {logging_mixin.py:190} INFO - [2025-01-28T22:23:31.476+0000] {dag.py:3239} INFO - Sync 1 DAGs
[2025-01-28T22:23:31.492+0000] {logging_mixin.py:190} INFO - [2025-01-28T22:23:31.492+0000] {dag.py:4180} INFO - Setting next_dagrun for example_python_decorator to None, run_after=None
[2025-01-28T22:23:31.514+0000] {processor.py:208} INFO - Processing /home/airflow/.local/lib/python3.12/site-packages/airflow/example_dags/example_python_decorator.py took 0.089 seconds
[2025-01-28T22:24:02.885+0000] {processor.py:186} INFO - Started process (PID=1869) to work on /home/airflow/.local/lib/python3.12/site-packages/airflow/example_dags/example_python_decorator.py
[2025-01-28T22:24:02.887+0000] {processor.py:914} INFO - Processing file /home/airflow/.local/lib/python3.12/site-packages/airflow/example_dags/example_python_decorator.py for tasks to queue
[2025-01-28T22:24:02.891+0000] {logging_mixin.py:190} INFO - [2025-01-28T22:24:02.890+0000] {dagbag.py:588} INFO - Filling up the DagBag from /home/airflow/.local/lib/python3.12/site-packages/airflow/example_dags/example_python_decorator.py
[2025-01-28T22:24:02.907+0000] {processor.py:925} INFO - DAG(s) 'example_python_decorator' retrieved from /home/airflow/.local/lib/python3.12/site-packages/airflow/example_dags/example_python_decorator.py
[2025-01-28T22:24:02.933+0000] {logging_mixin.py:190} INFO - [2025-01-28T22:24:02.932+0000] {dag.py:3239} INFO - Sync 1 DAGs
[2025-01-28T22:24:02.949+0000] {logging_mixin.py:190} INFO - [2025-01-28T22:24:02.949+0000] {dag.py:4180} INFO - Setting next_dagrun for example_python_decorator to None, run_after=None
[2025-01-28T22:24:02.983+0000] {processor.py:208} INFO - Processing /home/airflow/.local/lib/python3.12/site-packages/airflow/example_dags/example_python_decorator.py took 0.105 seconds
[2025-01-28T22:24:34.172+0000] {processor.py:186} INFO - Started process (PID=1932) to work on /home/airflow/.local/lib/python3.12/site-packages/airflow/example_dags/example_python_decorator.py
[2025-01-28T22:24:34.173+0000] {processor.py:914} INFO - Processing file /home/airflow/.local/lib/python3.12/site-packages/airflow/example_dags/example_python_decorator.py for tasks to queue
[2025-01-28T22:24:34.176+0000] {logging_mixin.py:190} INFO - [2025-01-28T22:24:34.176+0000] {dagbag.py:588} INFO - Filling up the DagBag from /home/airflow/.local/lib/python3.12/site-packages/airflow/example_dags/example_python_decorator.py
[2025-01-28T22:24:34.192+0000] {processor.py:925} INFO - DAG(s) 'example_python_decorator' retrieved from /home/airflow/.local/lib/python3.12/site-packages/airflow/example_dags/example_python_decorator.py
[2025-01-28T22:24:34.218+0000] {logging_mixin.py:190} INFO - [2025-01-28T22:24:34.218+0000] {dag.py:3239} INFO - Sync 1 DAGs
[2025-01-28T22:24:34.237+0000] {logging_mixin.py:190} INFO - [2025-01-28T22:24:34.237+0000] {dag.py:4180} INFO - Setting next_dagrun for example_python_decorator to None, run_after=None
[2025-01-28T22:24:34.261+0000] {processor.py:208} INFO - Processing /home/airflow/.local/lib/python3.12/site-packages/airflow/example_dags/example_python_decorator.py took 0.096 seconds
[2025-01-28T22:25:05.534+0000] {processor.py:186} INFO - Started process (PID=1995) to work on /home/airflow/.local/lib/python3.12/site-packages/airflow/example_dags/example_python_decorator.py
[2025-01-28T22:25:05.535+0000] {processor.py:914} INFO - Processing file /home/airflow/.local/lib/python3.12/site-packages/airflow/example_dags/example_python_decorator.py for tasks to queue
[2025-01-28T22:25:05.538+0000] {logging_mixin.py:190} INFO - [2025-01-28T22:25:05.538+0000] {dagbag.py:588} INFO - Filling up the DagBag from /home/airflow/.local/lib/python3.12/site-packages/airflow/example_dags/example_python_decorator.py
[2025-01-28T22:25:05.554+0000] {processor.py:925} INFO - DAG(s) 'example_python_decorator' retrieved from /home/airflow/.local/lib/python3.12/site-packages/airflow/example_dags/example_python_decorator.py
[2025-01-28T22:25:05.579+0000] {logging_mixin.py:190} INFO - [2025-01-28T22:25:05.579+0000] {dag.py:3239} INFO - Sync 1 DAGs
[2025-01-28T22:25:05.594+0000] {logging_mixin.py:190} INFO - [2025-01-28T22:25:05.594+0000] {dag.py:4180} INFO - Setting next_dagrun for example_python_decorator to None, run_after=None
[2025-01-28T22:25:05.616+0000] {processor.py:208} INFO - Processing /home/airflow/.local/lib/python3.12/site-packages/airflow/example_dags/example_python_decorator.py took 0.088 seconds
[2025-01-28T22:28:46.879+0000] {processor.py:186} INFO - Started process (PID=104) to work on /home/airflow/.local/lib/python3.12/site-packages/airflow/example_dags/example_python_decorator.py
[2025-01-28T22:28:46.880+0000] {processor.py:914} INFO - Processing file /home/airflow/.local/lib/python3.12/site-packages/airflow/example_dags/example_python_decorator.py for tasks to queue
[2025-01-28T22:28:46.883+0000] {logging_mixin.py:190} INFO - [2025-01-28T22:28:46.883+0000] {dagbag.py:588} INFO - Filling up the DagBag from /home/airflow/.local/lib/python3.12/site-packages/airflow/example_dags/example_python_decorator.py
[2025-01-28T22:28:46.902+0000] {processor.py:925} INFO - DAG(s) 'example_python_decorator' retrieved from /home/airflow/.local/lib/python3.12/site-packages/airflow/example_dags/example_python_decorator.py
[2025-01-28T22:28:47.032+0000] {logging_mixin.py:190} INFO - [2025-01-28T22:28:47.031+0000] {dag.py:3239} INFO - Sync 1 DAGs
[2025-01-28T22:28:47.046+0000] {logging_mixin.py:190} INFO - [2025-01-28T22:28:47.045+0000] {dag.py:4180} INFO - Setting next_dagrun for example_python_decorator to None, run_after=None
[2025-01-28T22:28:47.072+0000] {processor.py:208} INFO - Processing /home/airflow/.local/lib/python3.12/site-packages/airflow/example_dags/example_python_decorator.py took 0.199 seconds
[2025-01-28T22:29:18.233+0000] {processor.py:186} INFO - Started process (PID=167) to work on /home/airflow/.local/lib/python3.12/site-packages/airflow/example_dags/example_python_decorator.py
[2025-01-28T22:29:18.235+0000] {processor.py:914} INFO - Processing file /home/airflow/.local/lib/python3.12/site-packages/airflow/example_dags/example_python_decorator.py for tasks to queue
[2025-01-28T22:29:18.238+0000] {logging_mixin.py:190} INFO - [2025-01-28T22:29:18.238+0000] {dagbag.py:588} INFO - Filling up the DagBag from /home/airflow/.local/lib/python3.12/site-packages/airflow/example_dags/example_python_decorator.py
[2025-01-28T22:29:18.254+0000] {processor.py:925} INFO - DAG(s) 'example_python_decorator' retrieved from /home/airflow/.local/lib/python3.12/site-packages/airflow/example_dags/example_python_decorator.py
[2025-01-28T22:29:18.282+0000] {logging_mixin.py:190} INFO - [2025-01-28T22:29:18.282+0000] {dag.py:3239} INFO - Sync 1 DAGs
[2025-01-28T22:29:18.305+0000] {logging_mixin.py:190} INFO - [2025-01-28T22:29:18.305+0000] {dag.py:4180} INFO - Setting next_dagrun for example_python_decorator to None, run_after=None
[2025-01-28T22:29:18.331+0000] {processor.py:208} INFO - Processing /home/airflow/.local/lib/python3.12/site-packages/airflow/example_dags/example_python_decorator.py took 0.104 seconds
[2025-01-28T22:29:49.783+0000] {processor.py:186} INFO - Started process (PID=230) to work on /home/airflow/.local/lib/python3.12/site-packages/airflow/example_dags/example_python_decorator.py
[2025-01-28T22:29:49.785+0000] {processor.py:914} INFO - Processing file /home/airflow/.local/lib/python3.12/site-packages/airflow/example_dags/example_python_decorator.py for tasks to queue
[2025-01-28T22:29:49.787+0000] {logging_mixin.py:190} INFO - [2025-01-28T22:29:49.787+0000] {dagbag.py:588} INFO - Filling up the DagBag from /home/airflow/.local/lib/python3.12/site-packages/airflow/example_dags/example_python_decorator.py
[2025-01-28T22:29:49.803+0000] {processor.py:925} INFO - DAG(s) 'example_python_decorator' retrieved from /home/airflow/.local/lib/python3.12/site-packages/airflow/example_dags/example_python_decorator.py
[2025-01-28T22:29:49.827+0000] {logging_mixin.py:190} INFO - [2025-01-28T22:29:49.827+0000] {dag.py:3239} INFO - Sync 1 DAGs
[2025-01-28T22:29:49.843+0000] {logging_mixin.py:190} INFO - [2025-01-28T22:29:49.843+0000] {dag.py:4180} INFO - Setting next_dagrun for example_python_decorator to None, run_after=None
[2025-01-28T22:29:49.865+0000] {processor.py:208} INFO - Processing /home/airflow/.local/lib/python3.12/site-packages/airflow/example_dags/example_python_decorator.py took 0.091 seconds
[2025-01-28T22:30:21.168+0000] {processor.py:186} INFO - Started process (PID=292) to work on /home/airflow/.local/lib/python3.12/site-packages/airflow/example_dags/example_python_decorator.py
[2025-01-28T22:30:21.170+0000] {processor.py:914} INFO - Processing file /home/airflow/.local/lib/python3.12/site-packages/airflow/example_dags/example_python_decorator.py for tasks to queue
[2025-01-28T22:30:21.173+0000] {logging_mixin.py:190} INFO - [2025-01-28T22:30:21.172+0000] {dagbag.py:588} INFO - Filling up the DagBag from /home/airflow/.local/lib/python3.12/site-packages/airflow/example_dags/example_python_decorator.py
[2025-01-28T22:30:21.189+0000] {processor.py:925} INFO - DAG(s) 'example_python_decorator' retrieved from /home/airflow/.local/lib/python3.12/site-packages/airflow/example_dags/example_python_decorator.py
[2025-01-28T22:30:21.213+0000] {logging_mixin.py:190} INFO - [2025-01-28T22:30:21.213+0000] {dag.py:3239} INFO - Sync 1 DAGs
[2025-01-28T22:30:21.228+0000] {logging_mixin.py:190} INFO - [2025-01-28T22:30:21.228+0000] {dag.py:4180} INFO - Setting next_dagrun for example_python_decorator to None, run_after=None
[2025-01-28T22:30:21.263+0000] {processor.py:208} INFO - Processing /home/airflow/.local/lib/python3.12/site-packages/airflow/example_dags/example_python_decorator.py took 0.101 seconds
[2025-01-28T22:30:52.643+0000] {processor.py:186} INFO - Started process (PID=355) to work on /home/airflow/.local/lib/python3.12/site-packages/airflow/example_dags/example_python_decorator.py
[2025-01-28T22:30:52.644+0000] {processor.py:914} INFO - Processing file /home/airflow/.local/lib/python3.12/site-packages/airflow/example_dags/example_python_decorator.py for tasks to queue
[2025-01-28T22:30:52.647+0000] {logging_mixin.py:190} INFO - [2025-01-28T22:30:52.646+0000] {dagbag.py:588} INFO - Filling up the DagBag from /home/airflow/.local/lib/python3.12/site-packages/airflow/example_dags/example_python_decorator.py
[2025-01-28T22:30:52.662+0000] {processor.py:925} INFO - DAG(s) 'example_python_decorator' retrieved from /home/airflow/.local/lib/python3.12/site-packages/airflow/example_dags/example_python_decorator.py
[2025-01-28T22:30:52.688+0000] {logging_mixin.py:190} INFO - [2025-01-28T22:30:52.687+0000] {dag.py:3239} INFO - Sync 1 DAGs
[2025-01-28T22:30:52.705+0000] {logging_mixin.py:190} INFO - [2025-01-28T22:30:52.704+0000] {dag.py:4180} INFO - Setting next_dagrun for example_python_decorator to None, run_after=None
[2025-01-28T22:30:52.738+0000] {processor.py:208} INFO - Processing /home/airflow/.local/lib/python3.12/site-packages/airflow/example_dags/example_python_decorator.py took 0.101 seconds
