[2025-01-28T22:09:26.771+0000] {processor.py:186} INFO - Started process (PID=110) to work on /home/airflow/.local/lib/python3.12/site-packages/airflow/example_dags/example_dynamic_task_mapping.py
[2025-01-28T22:09:26.773+0000] {processor.py:914} INFO - Processing file /home/airflow/.local/lib/python3.12/site-packages/airflow/example_dags/example_dynamic_task_mapping.py for tasks to queue
[2025-01-28T22:09:26.775+0000] {logging_mixin.py:190} INFO - [2025-01-28T22:09:26.775+0000] {dagbag.py:588} INFO - Filling up the DagBag from /home/airflow/.local/lib/python3.12/site-packages/airflow/example_dags/example_dynamic_task_mapping.py
[2025-01-28T22:09:26.789+0000] {processor.py:925} INFO - DAG(s) 'example_dynamic_task_mapping' retrieved from /home/airflow/.local/lib/python3.12/site-packages/airflow/example_dags/example_dynamic_task_mapping.py
[2025-01-28T22:09:26.910+0000] {logging_mixin.py:190} INFO - [2025-01-28T22:09:26.909+0000] {override.py:1911} INFO - Created Permission View: can delete on DAG:example_dynamic_task_mapping
[2025-01-28T22:09:26.923+0000] {logging_mixin.py:190} INFO - [2025-01-28T22:09:26.923+0000] {override.py:1911} INFO - Created Permission View: can edit on DAG:example_dynamic_task_mapping
[2025-01-28T22:09:26.935+0000] {logging_mixin.py:190} INFO - [2025-01-28T22:09:26.935+0000] {override.py:1911} INFO - Created Permission View: can read on DAG:example_dynamic_task_mapping
[2025-01-28T22:09:26.949+0000] {logging_mixin.py:190} INFO - [2025-01-28T22:09:26.949+0000] {override.py:1911} INFO - Created Permission View: can create on DAG Run:example_dynamic_task_mapping
[2025-01-28T22:09:26.958+0000] {logging_mixin.py:190} INFO - [2025-01-28T22:09:26.958+0000] {override.py:1911} INFO - Created Permission View: can delete on DAG Run:example_dynamic_task_mapping
[2025-01-28T22:09:26.967+0000] {logging_mixin.py:190} INFO - [2025-01-28T22:09:26.967+0000] {override.py:1911} INFO - Created Permission View: menu access on DAG Run:example_dynamic_task_mapping
[2025-01-28T22:09:26.977+0000] {logging_mixin.py:190} INFO - [2025-01-28T22:09:26.977+0000] {override.py:1911} INFO - Created Permission View: can read on DAG Run:example_dynamic_task_mapping
[2025-01-28T22:09:26.979+0000] {logging_mixin.py:190} INFO - [2025-01-28T22:09:26.978+0000] {dag.py:3239} INFO - Sync 1 DAGs
[2025-01-28T22:09:26.996+0000] {logging_mixin.py:190} INFO - [2025-01-28T22:09:26.996+0000] {dag.py:3262} INFO - Creating ORM DAG for example_dynamic_task_mapping
[2025-01-28T22:09:26.997+0000] {logging_mixin.py:190} INFO - [2025-01-28T22:09:26.997+0000] {dag.py:4180} INFO - Setting next_dagrun for example_dynamic_task_mapping to None, run_after=None
[2025-01-28T22:09:27.015+0000] {processor.py:208} INFO - Processing /home/airflow/.local/lib/python3.12/site-packages/airflow/example_dags/example_dynamic_task_mapping.py took 0.250 seconds
[2025-01-28T22:09:57.231+0000] {processor.py:186} INFO - Started process (PID=173) to work on /home/airflow/.local/lib/python3.12/site-packages/airflow/example_dags/example_dynamic_task_mapping.py
[2025-01-28T22:09:57.233+0000] {processor.py:914} INFO - Processing file /home/airflow/.local/lib/python3.12/site-packages/airflow/example_dags/example_dynamic_task_mapping.py for tasks to queue
[2025-01-28T22:09:57.238+0000] {logging_mixin.py:190} INFO - [2025-01-28T22:09:57.237+0000] {dagbag.py:588} INFO - Filling up the DagBag from /home/airflow/.local/lib/python3.12/site-packages/airflow/example_dags/example_dynamic_task_mapping.py
[2025-01-28T22:09:57.247+0000] {processor.py:925} INFO - DAG(s) 'example_dynamic_task_mapping' retrieved from /home/airflow/.local/lib/python3.12/site-packages/airflow/example_dags/example_dynamic_task_mapping.py
[2025-01-28T22:09:57.272+0000] {logging_mixin.py:190} INFO - [2025-01-28T22:09:57.272+0000] {dag.py:3239} INFO - Sync 1 DAGs
[2025-01-28T22:09:57.289+0000] {logging_mixin.py:190} INFO - [2025-01-28T22:09:57.288+0000] {dag.py:4180} INFO - Setting next_dagrun for example_dynamic_task_mapping to None, run_after=None
[2025-01-28T22:09:57.312+0000] {processor.py:208} INFO - Processing /home/airflow/.local/lib/python3.12/site-packages/airflow/example_dags/example_dynamic_task_mapping.py took 0.088 seconds
[2025-01-28T22:10:28.780+0000] {processor.py:186} INFO - Started process (PID=236) to work on /home/airflow/.local/lib/python3.12/site-packages/airflow/example_dags/example_dynamic_task_mapping.py
[2025-01-28T22:10:28.781+0000] {processor.py:914} INFO - Processing file /home/airflow/.local/lib/python3.12/site-packages/airflow/example_dags/example_dynamic_task_mapping.py for tasks to queue
[2025-01-28T22:10:28.785+0000] {logging_mixin.py:190} INFO - [2025-01-28T22:10:28.784+0000] {dagbag.py:588} INFO - Filling up the DagBag from /home/airflow/.local/lib/python3.12/site-packages/airflow/example_dags/example_dynamic_task_mapping.py
[2025-01-28T22:10:28.794+0000] {processor.py:925} INFO - DAG(s) 'example_dynamic_task_mapping' retrieved from /home/airflow/.local/lib/python3.12/site-packages/airflow/example_dags/example_dynamic_task_mapping.py
[2025-01-28T22:10:28.817+0000] {logging_mixin.py:190} INFO - [2025-01-28T22:10:28.817+0000] {dag.py:3239} INFO - Sync 1 DAGs
[2025-01-28T22:10:28.833+0000] {logging_mixin.py:190} INFO - [2025-01-28T22:10:28.833+0000] {dag.py:4180} INFO - Setting next_dagrun for example_dynamic_task_mapping to None, run_after=None
[2025-01-28T22:10:28.857+0000] {processor.py:208} INFO - Processing /home/airflow/.local/lib/python3.12/site-packages/airflow/example_dags/example_dynamic_task_mapping.py took 0.085 seconds
[2025-01-28T22:11:00.077+0000] {processor.py:186} INFO - Started process (PID=299) to work on /home/airflow/.local/lib/python3.12/site-packages/airflow/example_dags/example_dynamic_task_mapping.py
[2025-01-28T22:11:00.079+0000] {processor.py:914} INFO - Processing file /home/airflow/.local/lib/python3.12/site-packages/airflow/example_dags/example_dynamic_task_mapping.py for tasks to queue
[2025-01-28T22:11:00.081+0000] {logging_mixin.py:190} INFO - [2025-01-28T22:11:00.081+0000] {dagbag.py:588} INFO - Filling up the DagBag from /home/airflow/.local/lib/python3.12/site-packages/airflow/example_dags/example_dynamic_task_mapping.py
[2025-01-28T22:11:00.091+0000] {processor.py:925} INFO - DAG(s) 'example_dynamic_task_mapping' retrieved from /home/airflow/.local/lib/python3.12/site-packages/airflow/example_dags/example_dynamic_task_mapping.py
[2025-01-28T22:11:00.114+0000] {logging_mixin.py:190} INFO - [2025-01-28T22:11:00.114+0000] {dag.py:3239} INFO - Sync 1 DAGs
[2025-01-28T22:11:00.131+0000] {logging_mixin.py:190} INFO - [2025-01-28T22:11:00.131+0000] {dag.py:4180} INFO - Setting next_dagrun for example_dynamic_task_mapping to None, run_after=None
[2025-01-28T22:11:00.156+0000] {processor.py:208} INFO - Processing /home/airflow/.local/lib/python3.12/site-packages/airflow/example_dags/example_dynamic_task_mapping.py took 0.085 seconds
[2025-01-28T22:11:31.311+0000] {processor.py:186} INFO - Started process (PID=362) to work on /home/airflow/.local/lib/python3.12/site-packages/airflow/example_dags/example_dynamic_task_mapping.py
[2025-01-28T22:11:31.313+0000] {processor.py:914} INFO - Processing file /home/airflow/.local/lib/python3.12/site-packages/airflow/example_dags/example_dynamic_task_mapping.py for tasks to queue
[2025-01-28T22:11:31.316+0000] {logging_mixin.py:190} INFO - [2025-01-28T22:11:31.315+0000] {dagbag.py:588} INFO - Filling up the DagBag from /home/airflow/.local/lib/python3.12/site-packages/airflow/example_dags/example_dynamic_task_mapping.py
[2025-01-28T22:11:31.326+0000] {processor.py:925} INFO - DAG(s) 'example_dynamic_task_mapping' retrieved from /home/airflow/.local/lib/python3.12/site-packages/airflow/example_dags/example_dynamic_task_mapping.py
[2025-01-28T22:11:31.347+0000] {logging_mixin.py:190} INFO - [2025-01-28T22:11:31.347+0000] {dag.py:3239} INFO - Sync 1 DAGs
[2025-01-28T22:11:31.363+0000] {logging_mixin.py:190} INFO - [2025-01-28T22:11:31.362+0000] {dag.py:4180} INFO - Setting next_dagrun for example_dynamic_task_mapping to None, run_after=None
[2025-01-28T22:11:31.385+0000] {processor.py:208} INFO - Processing /home/airflow/.local/lib/python3.12/site-packages/airflow/example_dags/example_dynamic_task_mapping.py took 0.080 seconds
[2025-01-28T22:12:02.311+0000] {processor.py:186} INFO - Started process (PID=425) to work on /home/airflow/.local/lib/python3.12/site-packages/airflow/example_dags/example_dynamic_task_mapping.py
[2025-01-28T22:12:02.313+0000] {processor.py:914} INFO - Processing file /home/airflow/.local/lib/python3.12/site-packages/airflow/example_dags/example_dynamic_task_mapping.py for tasks to queue
[2025-01-28T22:12:02.316+0000] {logging_mixin.py:190} INFO - [2025-01-28T22:12:02.315+0000] {dagbag.py:588} INFO - Filling up the DagBag from /home/airflow/.local/lib/python3.12/site-packages/airflow/example_dags/example_dynamic_task_mapping.py
[2025-01-28T22:12:02.326+0000] {processor.py:925} INFO - DAG(s) 'example_dynamic_task_mapping' retrieved from /home/airflow/.local/lib/python3.12/site-packages/airflow/example_dags/example_dynamic_task_mapping.py
[2025-01-28T22:12:02.347+0000] {logging_mixin.py:190} INFO - [2025-01-28T22:12:02.347+0000] {dag.py:3239} INFO - Sync 1 DAGs
[2025-01-28T22:12:02.363+0000] {logging_mixin.py:190} INFO - [2025-01-28T22:12:02.363+0000] {dag.py:4180} INFO - Setting next_dagrun for example_dynamic_task_mapping to None, run_after=None
[2025-01-28T22:12:02.394+0000] {processor.py:208} INFO - Processing /home/airflow/.local/lib/python3.12/site-packages/airflow/example_dags/example_dynamic_task_mapping.py took 0.090 seconds
[2025-01-28T22:12:33.531+0000] {processor.py:186} INFO - Started process (PID=488) to work on /home/airflow/.local/lib/python3.12/site-packages/airflow/example_dags/example_dynamic_task_mapping.py
[2025-01-28T22:12:33.533+0000] {processor.py:914} INFO - Processing file /home/airflow/.local/lib/python3.12/site-packages/airflow/example_dags/example_dynamic_task_mapping.py for tasks to queue
[2025-01-28T22:12:33.536+0000] {logging_mixin.py:190} INFO - [2025-01-28T22:12:33.535+0000] {dagbag.py:588} INFO - Filling up the DagBag from /home/airflow/.local/lib/python3.12/site-packages/airflow/example_dags/example_dynamic_task_mapping.py
[2025-01-28T22:12:33.546+0000] {processor.py:925} INFO - DAG(s) 'example_dynamic_task_mapping' retrieved from /home/airflow/.local/lib/python3.12/site-packages/airflow/example_dags/example_dynamic_task_mapping.py
[2025-01-28T22:12:33.569+0000] {logging_mixin.py:190} INFO - [2025-01-28T22:12:33.568+0000] {dag.py:3239} INFO - Sync 1 DAGs
[2025-01-28T22:12:33.584+0000] {logging_mixin.py:190} INFO - [2025-01-28T22:12:33.584+0000] {dag.py:4180} INFO - Setting next_dagrun for example_dynamic_task_mapping to None, run_after=None
[2025-01-28T22:12:33.606+0000] {processor.py:208} INFO - Processing /home/airflow/.local/lib/python3.12/site-packages/airflow/example_dags/example_dynamic_task_mapping.py took 0.083 seconds
[2025-01-28T22:13:04.896+0000] {processor.py:186} INFO - Started process (PID=551) to work on /home/airflow/.local/lib/python3.12/site-packages/airflow/example_dags/example_dynamic_task_mapping.py
[2025-01-28T22:13:04.898+0000] {processor.py:914} INFO - Processing file /home/airflow/.local/lib/python3.12/site-packages/airflow/example_dags/example_dynamic_task_mapping.py for tasks to queue
[2025-01-28T22:13:04.900+0000] {logging_mixin.py:190} INFO - [2025-01-28T22:13:04.900+0000] {dagbag.py:588} INFO - Filling up the DagBag from /home/airflow/.local/lib/python3.12/site-packages/airflow/example_dags/example_dynamic_task_mapping.py
[2025-01-28T22:13:04.910+0000] {processor.py:925} INFO - DAG(s) 'example_dynamic_task_mapping' retrieved from /home/airflow/.local/lib/python3.12/site-packages/airflow/example_dags/example_dynamic_task_mapping.py
[2025-01-28T22:13:04.932+0000] {logging_mixin.py:190} INFO - [2025-01-28T22:13:04.931+0000] {dag.py:3239} INFO - Sync 1 DAGs
[2025-01-28T22:13:04.948+0000] {logging_mixin.py:190} INFO - [2025-01-28T22:13:04.947+0000] {dag.py:4180} INFO - Setting next_dagrun for example_dynamic_task_mapping to None, run_after=None
[2025-01-28T22:13:04.995+0000] {processor.py:208} INFO - Processing /home/airflow/.local/lib/python3.12/site-packages/airflow/example_dags/example_dynamic_task_mapping.py took 0.105 seconds
[2025-01-28T22:13:36.706+0000] {processor.py:186} INFO - Started process (PID=614) to work on /home/airflow/.local/lib/python3.12/site-packages/airflow/example_dags/example_dynamic_task_mapping.py
[2025-01-28T22:13:36.707+0000] {processor.py:914} INFO - Processing file /home/airflow/.local/lib/python3.12/site-packages/airflow/example_dags/example_dynamic_task_mapping.py for tasks to queue
[2025-01-28T22:13:36.710+0000] {logging_mixin.py:190} INFO - [2025-01-28T22:13:36.710+0000] {dagbag.py:588} INFO - Filling up the DagBag from /home/airflow/.local/lib/python3.12/site-packages/airflow/example_dags/example_dynamic_task_mapping.py
[2025-01-28T22:13:36.720+0000] {processor.py:925} INFO - DAG(s) 'example_dynamic_task_mapping' retrieved from /home/airflow/.local/lib/python3.12/site-packages/airflow/example_dags/example_dynamic_task_mapping.py
[2025-01-28T22:13:36.743+0000] {logging_mixin.py:190} INFO - [2025-01-28T22:13:36.742+0000] {dag.py:3239} INFO - Sync 1 DAGs
[2025-01-28T22:13:36.760+0000] {logging_mixin.py:190} INFO - [2025-01-28T22:13:36.759+0000] {dag.py:4180} INFO - Setting next_dagrun for example_dynamic_task_mapping to None, run_after=None
[2025-01-28T22:13:36.803+0000] {processor.py:208} INFO - Processing /home/airflow/.local/lib/python3.12/site-packages/airflow/example_dags/example_dynamic_task_mapping.py took 0.103 seconds
[2025-01-28T22:14:07.711+0000] {processor.py:186} INFO - Started process (PID=677) to work on /home/airflow/.local/lib/python3.12/site-packages/airflow/example_dags/example_dynamic_task_mapping.py
[2025-01-28T22:14:07.713+0000] {processor.py:914} INFO - Processing file /home/airflow/.local/lib/python3.12/site-packages/airflow/example_dags/example_dynamic_task_mapping.py for tasks to queue
[2025-01-28T22:14:07.716+0000] {logging_mixin.py:190} INFO - [2025-01-28T22:14:07.715+0000] {dagbag.py:588} INFO - Filling up the DagBag from /home/airflow/.local/lib/python3.12/site-packages/airflow/example_dags/example_dynamic_task_mapping.py
[2025-01-28T22:14:07.725+0000] {processor.py:925} INFO - DAG(s) 'example_dynamic_task_mapping' retrieved from /home/airflow/.local/lib/python3.12/site-packages/airflow/example_dags/example_dynamic_task_mapping.py
[2025-01-28T22:14:07.747+0000] {logging_mixin.py:190} INFO - [2025-01-28T22:14:07.746+0000] {dag.py:3239} INFO - Sync 1 DAGs
[2025-01-28T22:14:07.762+0000] {logging_mixin.py:190} INFO - [2025-01-28T22:14:07.762+0000] {dag.py:4180} INFO - Setting next_dagrun for example_dynamic_task_mapping to None, run_after=None
[2025-01-28T22:14:07.787+0000] {processor.py:208} INFO - Processing /home/airflow/.local/lib/python3.12/site-packages/airflow/example_dags/example_dynamic_task_mapping.py took 0.082 seconds
[2025-01-28T22:14:38.317+0000] {processor.py:186} INFO - Started process (PID=740) to work on /home/airflow/.local/lib/python3.12/site-packages/airflow/example_dags/example_dynamic_task_mapping.py
[2025-01-28T22:14:38.318+0000] {processor.py:914} INFO - Processing file /home/airflow/.local/lib/python3.12/site-packages/airflow/example_dags/example_dynamic_task_mapping.py for tasks to queue
[2025-01-28T22:14:38.321+0000] {logging_mixin.py:190} INFO - [2025-01-28T22:14:38.320+0000] {dagbag.py:588} INFO - Filling up the DagBag from /home/airflow/.local/lib/python3.12/site-packages/airflow/example_dags/example_dynamic_task_mapping.py
[2025-01-28T22:14:38.330+0000] {processor.py:925} INFO - DAG(s) 'example_dynamic_task_mapping' retrieved from /home/airflow/.local/lib/python3.12/site-packages/airflow/example_dags/example_dynamic_task_mapping.py
[2025-01-28T22:14:38.351+0000] {logging_mixin.py:190} INFO - [2025-01-28T22:14:38.351+0000] {dag.py:3239} INFO - Sync 1 DAGs
[2025-01-28T22:14:38.366+0000] {logging_mixin.py:190} INFO - [2025-01-28T22:14:38.366+0000] {dag.py:4180} INFO - Setting next_dagrun for example_dynamic_task_mapping to None, run_after=None
[2025-01-28T22:14:38.387+0000] {processor.py:208} INFO - Processing /home/airflow/.local/lib/python3.12/site-packages/airflow/example_dags/example_dynamic_task_mapping.py took 0.077 seconds
[2025-01-28T22:15:10.117+0000] {processor.py:186} INFO - Started process (PID=803) to work on /home/airflow/.local/lib/python3.12/site-packages/airflow/example_dags/example_dynamic_task_mapping.py
[2025-01-28T22:15:10.118+0000] {processor.py:914} INFO - Processing file /home/airflow/.local/lib/python3.12/site-packages/airflow/example_dags/example_dynamic_task_mapping.py for tasks to queue
[2025-01-28T22:15:10.121+0000] {logging_mixin.py:190} INFO - [2025-01-28T22:15:10.121+0000] {dagbag.py:588} INFO - Filling up the DagBag from /home/airflow/.local/lib/python3.12/site-packages/airflow/example_dags/example_dynamic_task_mapping.py
[2025-01-28T22:15:10.131+0000] {processor.py:925} INFO - DAG(s) 'example_dynamic_task_mapping' retrieved from /home/airflow/.local/lib/python3.12/site-packages/airflow/example_dags/example_dynamic_task_mapping.py
[2025-01-28T22:15:10.154+0000] {logging_mixin.py:190} INFO - [2025-01-28T22:15:10.154+0000] {dag.py:3239} INFO - Sync 1 DAGs
[2025-01-28T22:15:10.169+0000] {logging_mixin.py:190} INFO - [2025-01-28T22:15:10.169+0000] {dag.py:4180} INFO - Setting next_dagrun for example_dynamic_task_mapping to None, run_after=None
[2025-01-28T22:15:10.192+0000] {processor.py:208} INFO - Processing /home/airflow/.local/lib/python3.12/site-packages/airflow/example_dags/example_dynamic_task_mapping.py took 0.082 seconds
[2025-01-28T22:15:41.685+0000] {processor.py:186} INFO - Started process (PID=866) to work on /home/airflow/.local/lib/python3.12/site-packages/airflow/example_dags/example_dynamic_task_mapping.py
[2025-01-28T22:15:41.687+0000] {processor.py:914} INFO - Processing file /home/airflow/.local/lib/python3.12/site-packages/airflow/example_dags/example_dynamic_task_mapping.py for tasks to queue
[2025-01-28T22:15:41.690+0000] {logging_mixin.py:190} INFO - [2025-01-28T22:15:41.689+0000] {dagbag.py:588} INFO - Filling up the DagBag from /home/airflow/.local/lib/python3.12/site-packages/airflow/example_dags/example_dynamic_task_mapping.py
[2025-01-28T22:15:41.699+0000] {processor.py:925} INFO - DAG(s) 'example_dynamic_task_mapping' retrieved from /home/airflow/.local/lib/python3.12/site-packages/airflow/example_dags/example_dynamic_task_mapping.py
[2025-01-28T22:15:41.723+0000] {logging_mixin.py:190} INFO - [2025-01-28T22:15:41.723+0000] {dag.py:3239} INFO - Sync 1 DAGs
[2025-01-28T22:15:41.739+0000] {logging_mixin.py:190} INFO - [2025-01-28T22:15:41.738+0000] {dag.py:4180} INFO - Setting next_dagrun for example_dynamic_task_mapping to None, run_after=None
[2025-01-28T22:15:41.763+0000] {processor.py:208} INFO - Processing /home/airflow/.local/lib/python3.12/site-packages/airflow/example_dags/example_dynamic_task_mapping.py took 0.084 seconds
[2025-01-28T22:16:13.093+0000] {processor.py:186} INFO - Started process (PID=930) to work on /home/airflow/.local/lib/python3.12/site-packages/airflow/example_dags/example_dynamic_task_mapping.py
[2025-01-28T22:16:13.094+0000] {processor.py:914} INFO - Processing file /home/airflow/.local/lib/python3.12/site-packages/airflow/example_dags/example_dynamic_task_mapping.py for tasks to queue
[2025-01-28T22:16:13.097+0000] {logging_mixin.py:190} INFO - [2025-01-28T22:16:13.096+0000] {dagbag.py:588} INFO - Filling up the DagBag from /home/airflow/.local/lib/python3.12/site-packages/airflow/example_dags/example_dynamic_task_mapping.py
[2025-01-28T22:16:13.106+0000] {processor.py:925} INFO - DAG(s) 'example_dynamic_task_mapping' retrieved from /home/airflow/.local/lib/python3.12/site-packages/airflow/example_dags/example_dynamic_task_mapping.py
[2025-01-28T22:16:13.129+0000] {logging_mixin.py:190} INFO - [2025-01-28T22:16:13.129+0000] {dag.py:3239} INFO - Sync 1 DAGs
[2025-01-28T22:16:13.147+0000] {logging_mixin.py:190} INFO - [2025-01-28T22:16:13.147+0000] {dag.py:4180} INFO - Setting next_dagrun for example_dynamic_task_mapping to None, run_after=None
[2025-01-28T22:16:13.189+0000] {processor.py:208} INFO - Processing /home/airflow/.local/lib/python3.12/site-packages/airflow/example_dags/example_dynamic_task_mapping.py took 0.102 seconds
[2025-01-28T22:16:44.892+0000] {processor.py:186} INFO - Started process (PID=993) to work on /home/airflow/.local/lib/python3.12/site-packages/airflow/example_dags/example_dynamic_task_mapping.py
[2025-01-28T22:16:44.894+0000] {processor.py:914} INFO - Processing file /home/airflow/.local/lib/python3.12/site-packages/airflow/example_dags/example_dynamic_task_mapping.py for tasks to queue
[2025-01-28T22:16:44.896+0000] {logging_mixin.py:190} INFO - [2025-01-28T22:16:44.896+0000] {dagbag.py:588} INFO - Filling up the DagBag from /home/airflow/.local/lib/python3.12/site-packages/airflow/example_dags/example_dynamic_task_mapping.py
[2025-01-28T22:16:44.906+0000] {processor.py:925} INFO - DAG(s) 'example_dynamic_task_mapping' retrieved from /home/airflow/.local/lib/python3.12/site-packages/airflow/example_dags/example_dynamic_task_mapping.py
[2025-01-28T22:16:44.929+0000] {logging_mixin.py:190} INFO - [2025-01-28T22:16:44.929+0000] {dag.py:3239} INFO - Sync 1 DAGs
[2025-01-28T22:16:44.946+0000] {logging_mixin.py:190} INFO - [2025-01-28T22:16:44.946+0000] {dag.py:4180} INFO - Setting next_dagrun for example_dynamic_task_mapping to None, run_after=None
[2025-01-28T22:16:44.982+0000] {processor.py:208} INFO - Processing /home/airflow/.local/lib/python3.12/site-packages/airflow/example_dags/example_dynamic_task_mapping.py took 0.095 seconds
[2025-01-28T22:17:16.194+0000] {processor.py:186} INFO - Started process (PID=1056) to work on /home/airflow/.local/lib/python3.12/site-packages/airflow/example_dags/example_dynamic_task_mapping.py
[2025-01-28T22:17:16.196+0000] {processor.py:914} INFO - Processing file /home/airflow/.local/lib/python3.12/site-packages/airflow/example_dags/example_dynamic_task_mapping.py for tasks to queue
[2025-01-28T22:17:16.198+0000] {logging_mixin.py:190} INFO - [2025-01-28T22:17:16.198+0000] {dagbag.py:588} INFO - Filling up the DagBag from /home/airflow/.local/lib/python3.12/site-packages/airflow/example_dags/example_dynamic_task_mapping.py
[2025-01-28T22:17:16.208+0000] {processor.py:925} INFO - DAG(s) 'example_dynamic_task_mapping' retrieved from /home/airflow/.local/lib/python3.12/site-packages/airflow/example_dags/example_dynamic_task_mapping.py
[2025-01-28T22:17:16.232+0000] {logging_mixin.py:190} INFO - [2025-01-28T22:17:16.231+0000] {dag.py:3239} INFO - Sync 1 DAGs
[2025-01-28T22:17:16.249+0000] {logging_mixin.py:190} INFO - [2025-01-28T22:17:16.249+0000] {dag.py:4180} INFO - Setting next_dagrun for example_dynamic_task_mapping to None, run_after=None
[2025-01-28T22:17:16.273+0000] {processor.py:208} INFO - Processing /home/airflow/.local/lib/python3.12/site-packages/airflow/example_dags/example_dynamic_task_mapping.py took 0.086 seconds
[2025-01-28T22:17:47.565+0000] {processor.py:186} INFO - Started process (PID=1119) to work on /home/airflow/.local/lib/python3.12/site-packages/airflow/example_dags/example_dynamic_task_mapping.py
[2025-01-28T22:17:47.566+0000] {processor.py:914} INFO - Processing file /home/airflow/.local/lib/python3.12/site-packages/airflow/example_dags/example_dynamic_task_mapping.py for tasks to queue
[2025-01-28T22:17:47.569+0000] {logging_mixin.py:190} INFO - [2025-01-28T22:17:47.569+0000] {dagbag.py:588} INFO - Filling up the DagBag from /home/airflow/.local/lib/python3.12/site-packages/airflow/example_dags/example_dynamic_task_mapping.py
[2025-01-28T22:17:47.579+0000] {processor.py:925} INFO - DAG(s) 'example_dynamic_task_mapping' retrieved from /home/airflow/.local/lib/python3.12/site-packages/airflow/example_dags/example_dynamic_task_mapping.py
[2025-01-28T22:17:47.599+0000] {logging_mixin.py:190} INFO - [2025-01-28T22:17:47.599+0000] {dag.py:3239} INFO - Sync 1 DAGs
[2025-01-28T22:17:47.616+0000] {logging_mixin.py:190} INFO - [2025-01-28T22:17:47.615+0000] {dag.py:4180} INFO - Setting next_dagrun for example_dynamic_task_mapping to None, run_after=None
[2025-01-28T22:17:47.646+0000] {processor.py:208} INFO - Processing /home/airflow/.local/lib/python3.12/site-packages/airflow/example_dags/example_dynamic_task_mapping.py took 0.087 seconds
[2025-01-28T22:18:19.289+0000] {processor.py:186} INFO - Started process (PID=1182) to work on /home/airflow/.local/lib/python3.12/site-packages/airflow/example_dags/example_dynamic_task_mapping.py
[2025-01-28T22:18:19.291+0000] {processor.py:914} INFO - Processing file /home/airflow/.local/lib/python3.12/site-packages/airflow/example_dags/example_dynamic_task_mapping.py for tasks to queue
[2025-01-28T22:18:19.293+0000] {logging_mixin.py:190} INFO - [2025-01-28T22:18:19.293+0000] {dagbag.py:588} INFO - Filling up the DagBag from /home/airflow/.local/lib/python3.12/site-packages/airflow/example_dags/example_dynamic_task_mapping.py
[2025-01-28T22:18:19.303+0000] {processor.py:925} INFO - DAG(s) 'example_dynamic_task_mapping' retrieved from /home/airflow/.local/lib/python3.12/site-packages/airflow/example_dags/example_dynamic_task_mapping.py
[2025-01-28T22:18:19.326+0000] {logging_mixin.py:190} INFO - [2025-01-28T22:18:19.326+0000] {dag.py:3239} INFO - Sync 1 DAGs
[2025-01-28T22:18:19.342+0000] {logging_mixin.py:190} INFO - [2025-01-28T22:18:19.342+0000] {dag.py:4180} INFO - Setting next_dagrun for example_dynamic_task_mapping to None, run_after=None
[2025-01-28T22:18:19.365+0000] {processor.py:208} INFO - Processing /home/airflow/.local/lib/python3.12/site-packages/airflow/example_dags/example_dynamic_task_mapping.py took 0.082 seconds
[2025-01-28T22:18:50.612+0000] {processor.py:186} INFO - Started process (PID=1245) to work on /home/airflow/.local/lib/python3.12/site-packages/airflow/example_dags/example_dynamic_task_mapping.py
[2025-01-28T22:18:50.614+0000] {processor.py:914} INFO - Processing file /home/airflow/.local/lib/python3.12/site-packages/airflow/example_dags/example_dynamic_task_mapping.py for tasks to queue
[2025-01-28T22:18:50.617+0000] {logging_mixin.py:190} INFO - [2025-01-28T22:18:50.616+0000] {dagbag.py:588} INFO - Filling up the DagBag from /home/airflow/.local/lib/python3.12/site-packages/airflow/example_dags/example_dynamic_task_mapping.py
[2025-01-28T22:18:50.627+0000] {processor.py:925} INFO - DAG(s) 'example_dynamic_task_mapping' retrieved from /home/airflow/.local/lib/python3.12/site-packages/airflow/example_dags/example_dynamic_task_mapping.py
[2025-01-28T22:18:50.650+0000] {logging_mixin.py:190} INFO - [2025-01-28T22:18:50.650+0000] {dag.py:3239} INFO - Sync 1 DAGs
[2025-01-28T22:18:50.667+0000] {logging_mixin.py:190} INFO - [2025-01-28T22:18:50.667+0000] {dag.py:4180} INFO - Setting next_dagrun for example_dynamic_task_mapping to None, run_after=None
[2025-01-28T22:18:50.693+0000] {processor.py:208} INFO - Processing /home/airflow/.local/lib/python3.12/site-packages/airflow/example_dags/example_dynamic_task_mapping.py took 0.088 seconds
[2025-01-28T22:19:22.097+0000] {processor.py:186} INFO - Started process (PID=1308) to work on /home/airflow/.local/lib/python3.12/site-packages/airflow/example_dags/example_dynamic_task_mapping.py
[2025-01-28T22:19:22.099+0000] {processor.py:914} INFO - Processing file /home/airflow/.local/lib/python3.12/site-packages/airflow/example_dags/example_dynamic_task_mapping.py for tasks to queue
[2025-01-28T22:19:22.102+0000] {logging_mixin.py:190} INFO - [2025-01-28T22:19:22.102+0000] {dagbag.py:588} INFO - Filling up the DagBag from /home/airflow/.local/lib/python3.12/site-packages/airflow/example_dags/example_dynamic_task_mapping.py
[2025-01-28T22:19:22.112+0000] {processor.py:925} INFO - DAG(s) 'example_dynamic_task_mapping' retrieved from /home/airflow/.local/lib/python3.12/site-packages/airflow/example_dags/example_dynamic_task_mapping.py
[2025-01-28T22:19:22.133+0000] {logging_mixin.py:190} INFO - [2025-01-28T22:19:22.132+0000] {dag.py:3239} INFO - Sync 1 DAGs
[2025-01-28T22:19:22.149+0000] {logging_mixin.py:190} INFO - [2025-01-28T22:19:22.149+0000] {dag.py:4180} INFO - Setting next_dagrun for example_dynamic_task_mapping to None, run_after=None
[2025-01-28T22:19:22.172+0000] {processor.py:208} INFO - Processing /home/airflow/.local/lib/python3.12/site-packages/airflow/example_dags/example_dynamic_task_mapping.py took 0.082 seconds
[2025-01-28T22:19:52.974+0000] {processor.py:186} INFO - Started process (PID=1371) to work on /home/airflow/.local/lib/python3.12/site-packages/airflow/example_dags/example_dynamic_task_mapping.py
[2025-01-28T22:19:52.975+0000] {processor.py:914} INFO - Processing file /home/airflow/.local/lib/python3.12/site-packages/airflow/example_dags/example_dynamic_task_mapping.py for tasks to queue
[2025-01-28T22:19:52.978+0000] {logging_mixin.py:190} INFO - [2025-01-28T22:19:52.977+0000] {dagbag.py:588} INFO - Filling up the DagBag from /home/airflow/.local/lib/python3.12/site-packages/airflow/example_dags/example_dynamic_task_mapping.py
[2025-01-28T22:19:52.987+0000] {processor.py:925} INFO - DAG(s) 'example_dynamic_task_mapping' retrieved from /home/airflow/.local/lib/python3.12/site-packages/airflow/example_dags/example_dynamic_task_mapping.py
[2025-01-28T22:19:53.009+0000] {logging_mixin.py:190} INFO - [2025-01-28T22:19:53.009+0000] {dag.py:3239} INFO - Sync 1 DAGs
[2025-01-28T22:19:53.024+0000] {logging_mixin.py:190} INFO - [2025-01-28T22:19:53.024+0000] {dag.py:4180} INFO - Setting next_dagrun for example_dynamic_task_mapping to None, run_after=None
[2025-01-28T22:19:53.046+0000] {processor.py:208} INFO - Processing /home/airflow/.local/lib/python3.12/site-packages/airflow/example_dags/example_dynamic_task_mapping.py took 0.078 seconds
[2025-01-28T22:20:24.330+0000] {processor.py:186} INFO - Started process (PID=1434) to work on /home/airflow/.local/lib/python3.12/site-packages/airflow/example_dags/example_dynamic_task_mapping.py
[2025-01-28T22:20:24.333+0000] {processor.py:914} INFO - Processing file /home/airflow/.local/lib/python3.12/site-packages/airflow/example_dags/example_dynamic_task_mapping.py for tasks to queue
[2025-01-28T22:20:24.336+0000] {logging_mixin.py:190} INFO - [2025-01-28T22:20:24.335+0000] {dagbag.py:588} INFO - Filling up the DagBag from /home/airflow/.local/lib/python3.12/site-packages/airflow/example_dags/example_dynamic_task_mapping.py
[2025-01-28T22:20:24.345+0000] {processor.py:925} INFO - DAG(s) 'example_dynamic_task_mapping' retrieved from /home/airflow/.local/lib/python3.12/site-packages/airflow/example_dags/example_dynamic_task_mapping.py
[2025-01-28T22:20:24.367+0000] {logging_mixin.py:190} INFO - [2025-01-28T22:20:24.367+0000] {dag.py:3239} INFO - Sync 1 DAGs
[2025-01-28T22:20:24.382+0000] {logging_mixin.py:190} INFO - [2025-01-28T22:20:24.382+0000] {dag.py:4180} INFO - Setting next_dagrun for example_dynamic_task_mapping to None, run_after=None
[2025-01-28T22:20:24.407+0000] {processor.py:208} INFO - Processing /home/airflow/.local/lib/python3.12/site-packages/airflow/example_dags/example_dynamic_task_mapping.py took 0.083 seconds
[2025-01-28T22:20:55.875+0000] {processor.py:186} INFO - Started process (PID=1497) to work on /home/airflow/.local/lib/python3.12/site-packages/airflow/example_dags/example_dynamic_task_mapping.py
[2025-01-28T22:20:55.876+0000] {processor.py:914} INFO - Processing file /home/airflow/.local/lib/python3.12/site-packages/airflow/example_dags/example_dynamic_task_mapping.py for tasks to queue
[2025-01-28T22:20:55.879+0000] {logging_mixin.py:190} INFO - [2025-01-28T22:20:55.879+0000] {dagbag.py:588} INFO - Filling up the DagBag from /home/airflow/.local/lib/python3.12/site-packages/airflow/example_dags/example_dynamic_task_mapping.py
[2025-01-28T22:20:55.888+0000] {processor.py:925} INFO - DAG(s) 'example_dynamic_task_mapping' retrieved from /home/airflow/.local/lib/python3.12/site-packages/airflow/example_dags/example_dynamic_task_mapping.py
[2025-01-28T22:20:55.909+0000] {logging_mixin.py:190} INFO - [2025-01-28T22:20:55.909+0000] {dag.py:3239} INFO - Sync 1 DAGs
[2025-01-28T22:20:55.926+0000] {logging_mixin.py:190} INFO - [2025-01-28T22:20:55.925+0000] {dag.py:4180} INFO - Setting next_dagrun for example_dynamic_task_mapping to None, run_after=None
[2025-01-28T22:20:55.949+0000] {processor.py:208} INFO - Processing /home/airflow/.local/lib/python3.12/site-packages/airflow/example_dags/example_dynamic_task_mapping.py took 0.080 seconds
[2025-01-28T22:21:26.807+0000] {processor.py:186} INFO - Started process (PID=1560) to work on /home/airflow/.local/lib/python3.12/site-packages/airflow/example_dags/example_dynamic_task_mapping.py
[2025-01-28T22:21:26.808+0000] {processor.py:914} INFO - Processing file /home/airflow/.local/lib/python3.12/site-packages/airflow/example_dags/example_dynamic_task_mapping.py for tasks to queue
[2025-01-28T22:21:26.811+0000] {logging_mixin.py:190} INFO - [2025-01-28T22:21:26.811+0000] {dagbag.py:588} INFO - Filling up the DagBag from /home/airflow/.local/lib/python3.12/site-packages/airflow/example_dags/example_dynamic_task_mapping.py
[2025-01-28T22:21:26.821+0000] {processor.py:925} INFO - DAG(s) 'example_dynamic_task_mapping' retrieved from /home/airflow/.local/lib/python3.12/site-packages/airflow/example_dags/example_dynamic_task_mapping.py
[2025-01-28T22:21:26.844+0000] {logging_mixin.py:190} INFO - [2025-01-28T22:21:26.844+0000] {dag.py:3239} INFO - Sync 1 DAGs
[2025-01-28T22:21:26.860+0000] {logging_mixin.py:190} INFO - [2025-01-28T22:21:26.860+0000] {dag.py:4180} INFO - Setting next_dagrun for example_dynamic_task_mapping to None, run_after=None
[2025-01-28T22:21:26.897+0000] {processor.py:208} INFO - Processing /home/airflow/.local/lib/python3.12/site-packages/airflow/example_dags/example_dynamic_task_mapping.py took 0.097 seconds
[2025-01-28T22:21:58.423+0000] {processor.py:186} INFO - Started process (PID=1623) to work on /home/airflow/.local/lib/python3.12/site-packages/airflow/example_dags/example_dynamic_task_mapping.py
[2025-01-28T22:21:58.425+0000] {processor.py:914} INFO - Processing file /home/airflow/.local/lib/python3.12/site-packages/airflow/example_dags/example_dynamic_task_mapping.py for tasks to queue
[2025-01-28T22:21:58.428+0000] {logging_mixin.py:190} INFO - [2025-01-28T22:21:58.428+0000] {dagbag.py:588} INFO - Filling up the DagBag from /home/airflow/.local/lib/python3.12/site-packages/airflow/example_dags/example_dynamic_task_mapping.py
[2025-01-28T22:21:58.438+0000] {processor.py:925} INFO - DAG(s) 'example_dynamic_task_mapping' retrieved from /home/airflow/.local/lib/python3.12/site-packages/airflow/example_dags/example_dynamic_task_mapping.py
[2025-01-28T22:21:58.461+0000] {logging_mixin.py:190} INFO - [2025-01-28T22:21:58.461+0000] {dag.py:3239} INFO - Sync 1 DAGs
[2025-01-28T22:21:58.481+0000] {logging_mixin.py:190} INFO - [2025-01-28T22:21:58.481+0000] {dag.py:4180} INFO - Setting next_dagrun for example_dynamic_task_mapping to None, run_after=None
[2025-01-28T22:21:58.519+0000] {processor.py:208} INFO - Processing /home/airflow/.local/lib/python3.12/site-packages/airflow/example_dags/example_dynamic_task_mapping.py took 0.102 seconds
[2025-01-28T22:22:29.879+0000] {processor.py:186} INFO - Started process (PID=1686) to work on /home/airflow/.local/lib/python3.12/site-packages/airflow/example_dags/example_dynamic_task_mapping.py
[2025-01-28T22:22:29.880+0000] {processor.py:914} INFO - Processing file /home/airflow/.local/lib/python3.12/site-packages/airflow/example_dags/example_dynamic_task_mapping.py for tasks to queue
[2025-01-28T22:22:29.883+0000] {logging_mixin.py:190} INFO - [2025-01-28T22:22:29.883+0000] {dagbag.py:588} INFO - Filling up the DagBag from /home/airflow/.local/lib/python3.12/site-packages/airflow/example_dags/example_dynamic_task_mapping.py
[2025-01-28T22:22:29.893+0000] {processor.py:925} INFO - DAG(s) 'example_dynamic_task_mapping' retrieved from /home/airflow/.local/lib/python3.12/site-packages/airflow/example_dags/example_dynamic_task_mapping.py
[2025-01-28T22:22:29.916+0000] {logging_mixin.py:190} INFO - [2025-01-28T22:22:29.916+0000] {dag.py:3239} INFO - Sync 1 DAGs
[2025-01-28T22:22:29.933+0000] {logging_mixin.py:190} INFO - [2025-01-28T22:22:29.933+0000] {dag.py:4180} INFO - Setting next_dagrun for example_dynamic_task_mapping to None, run_after=None
[2025-01-28T22:22:29.960+0000] {processor.py:208} INFO - Processing /home/airflow/.local/lib/python3.12/site-packages/airflow/example_dags/example_dynamic_task_mapping.py took 0.087 seconds
[2025-01-28T22:23:01.062+0000] {processor.py:186} INFO - Started process (PID=1749) to work on /home/airflow/.local/lib/python3.12/site-packages/airflow/example_dags/example_dynamic_task_mapping.py
[2025-01-28T22:23:01.064+0000] {processor.py:914} INFO - Processing file /home/airflow/.local/lib/python3.12/site-packages/airflow/example_dags/example_dynamic_task_mapping.py for tasks to queue
[2025-01-28T22:23:01.067+0000] {logging_mixin.py:190} INFO - [2025-01-28T22:23:01.066+0000] {dagbag.py:588} INFO - Filling up the DagBag from /home/airflow/.local/lib/python3.12/site-packages/airflow/example_dags/example_dynamic_task_mapping.py
[2025-01-28T22:23:01.076+0000] {processor.py:925} INFO - DAG(s) 'example_dynamic_task_mapping' retrieved from /home/airflow/.local/lib/python3.12/site-packages/airflow/example_dags/example_dynamic_task_mapping.py
[2025-01-28T22:23:01.101+0000] {logging_mixin.py:190} INFO - [2025-01-28T22:23:01.101+0000] {dag.py:3239} INFO - Sync 1 DAGs
[2025-01-28T22:23:01.118+0000] {logging_mixin.py:190} INFO - [2025-01-28T22:23:01.117+0000] {dag.py:4180} INFO - Setting next_dagrun for example_dynamic_task_mapping to None, run_after=None
[2025-01-28T22:23:01.147+0000] {processor.py:208} INFO - Processing /home/airflow/.local/lib/python3.12/site-packages/airflow/example_dags/example_dynamic_task_mapping.py took 0.091 seconds
[2025-01-28T22:23:32.108+0000] {processor.py:186} INFO - Started process (PID=1812) to work on /home/airflow/.local/lib/python3.12/site-packages/airflow/example_dags/example_dynamic_task_mapping.py
[2025-01-28T22:23:32.109+0000] {processor.py:914} INFO - Processing file /home/airflow/.local/lib/python3.12/site-packages/airflow/example_dags/example_dynamic_task_mapping.py for tasks to queue
[2025-01-28T22:23:32.113+0000] {logging_mixin.py:190} INFO - [2025-01-28T22:23:32.113+0000] {dagbag.py:588} INFO - Filling up the DagBag from /home/airflow/.local/lib/python3.12/site-packages/airflow/example_dags/example_dynamic_task_mapping.py
[2025-01-28T22:23:32.125+0000] {processor.py:925} INFO - DAG(s) 'example_dynamic_task_mapping' retrieved from /home/airflow/.local/lib/python3.12/site-packages/airflow/example_dags/example_dynamic_task_mapping.py
[2025-01-28T22:23:32.150+0000] {logging_mixin.py:190} INFO - [2025-01-28T22:23:32.150+0000] {dag.py:3239} INFO - Sync 1 DAGs
[2025-01-28T22:23:32.166+0000] {logging_mixin.py:190} INFO - [2025-01-28T22:23:32.165+0000] {dag.py:4180} INFO - Setting next_dagrun for example_dynamic_task_mapping to None, run_after=None
[2025-01-28T22:23:32.190+0000] {processor.py:208} INFO - Processing /home/airflow/.local/lib/python3.12/site-packages/airflow/example_dags/example_dynamic_task_mapping.py took 0.090 seconds
[2025-01-28T22:24:03.658+0000] {processor.py:186} INFO - Started process (PID=1875) to work on /home/airflow/.local/lib/python3.12/site-packages/airflow/example_dags/example_dynamic_task_mapping.py
[2025-01-28T22:24:03.660+0000] {processor.py:914} INFO - Processing file /home/airflow/.local/lib/python3.12/site-packages/airflow/example_dags/example_dynamic_task_mapping.py for tasks to queue
[2025-01-28T22:24:03.663+0000] {logging_mixin.py:190} INFO - [2025-01-28T22:24:03.663+0000] {dagbag.py:588} INFO - Filling up the DagBag from /home/airflow/.local/lib/python3.12/site-packages/airflow/example_dags/example_dynamic_task_mapping.py
[2025-01-28T22:24:03.673+0000] {processor.py:925} INFO - DAG(s) 'example_dynamic_task_mapping' retrieved from /home/airflow/.local/lib/python3.12/site-packages/airflow/example_dags/example_dynamic_task_mapping.py
[2025-01-28T22:24:03.698+0000] {logging_mixin.py:190} INFO - [2025-01-28T22:24:03.698+0000] {dag.py:3239} INFO - Sync 1 DAGs
[2025-01-28T22:24:03.715+0000] {logging_mixin.py:190} INFO - [2025-01-28T22:24:03.715+0000] {dag.py:4180} INFO - Setting next_dagrun for example_dynamic_task_mapping to None, run_after=None
[2025-01-28T22:24:03.745+0000] {processor.py:208} INFO - Processing /home/airflow/.local/lib/python3.12/site-packages/airflow/example_dags/example_dynamic_task_mapping.py took 0.093 seconds
[2025-01-28T22:24:34.613+0000] {processor.py:186} INFO - Started process (PID=1938) to work on /home/airflow/.local/lib/python3.12/site-packages/airflow/example_dags/example_dynamic_task_mapping.py
[2025-01-28T22:24:34.614+0000] {processor.py:914} INFO - Processing file /home/airflow/.local/lib/python3.12/site-packages/airflow/example_dags/example_dynamic_task_mapping.py for tasks to queue
[2025-01-28T22:24:34.617+0000] {logging_mixin.py:190} INFO - [2025-01-28T22:24:34.616+0000] {dagbag.py:588} INFO - Filling up the DagBag from /home/airflow/.local/lib/python3.12/site-packages/airflow/example_dags/example_dynamic_task_mapping.py
[2025-01-28T22:24:34.626+0000] {processor.py:925} INFO - DAG(s) 'example_dynamic_task_mapping' retrieved from /home/airflow/.local/lib/python3.12/site-packages/airflow/example_dags/example_dynamic_task_mapping.py
[2025-01-28T22:24:34.648+0000] {logging_mixin.py:190} INFO - [2025-01-28T22:24:34.647+0000] {dag.py:3239} INFO - Sync 1 DAGs
[2025-01-28T22:24:34.664+0000] {logging_mixin.py:190} INFO - [2025-01-28T22:24:34.664+0000] {dag.py:4180} INFO - Setting next_dagrun for example_dynamic_task_mapping to None, run_after=None
[2025-01-28T22:24:34.685+0000] {processor.py:208} INFO - Processing /home/airflow/.local/lib/python3.12/site-packages/airflow/example_dags/example_dynamic_task_mapping.py took 0.078 seconds
[2025-01-28T22:25:06.179+0000] {processor.py:186} INFO - Started process (PID=2001) to work on /home/airflow/.local/lib/python3.12/site-packages/airflow/example_dags/example_dynamic_task_mapping.py
[2025-01-28T22:25:06.181+0000] {processor.py:914} INFO - Processing file /home/airflow/.local/lib/python3.12/site-packages/airflow/example_dags/example_dynamic_task_mapping.py for tasks to queue
[2025-01-28T22:25:06.184+0000] {logging_mixin.py:190} INFO - [2025-01-28T22:25:06.183+0000] {dagbag.py:588} INFO - Filling up the DagBag from /home/airflow/.local/lib/python3.12/site-packages/airflow/example_dags/example_dynamic_task_mapping.py
[2025-01-28T22:25:06.193+0000] {processor.py:925} INFO - DAG(s) 'example_dynamic_task_mapping' retrieved from /home/airflow/.local/lib/python3.12/site-packages/airflow/example_dags/example_dynamic_task_mapping.py
[2025-01-28T22:25:06.217+0000] {logging_mixin.py:190} INFO - [2025-01-28T22:25:06.217+0000] {dag.py:3239} INFO - Sync 1 DAGs
[2025-01-28T22:25:06.233+0000] {logging_mixin.py:190} INFO - [2025-01-28T22:25:06.233+0000] {dag.py:4180} INFO - Setting next_dagrun for example_dynamic_task_mapping to None, run_after=None
[2025-01-28T22:25:06.258+0000] {processor.py:208} INFO - Processing /home/airflow/.local/lib/python3.12/site-packages/airflow/example_dags/example_dynamic_task_mapping.py took 0.087 seconds
[2025-01-28T22:28:47.612+0000] {processor.py:186} INFO - Started process (PID=110) to work on /home/airflow/.local/lib/python3.12/site-packages/airflow/example_dags/example_dynamic_task_mapping.py
[2025-01-28T22:28:47.613+0000] {processor.py:914} INFO - Processing file /home/airflow/.local/lib/python3.12/site-packages/airflow/example_dags/example_dynamic_task_mapping.py for tasks to queue
[2025-01-28T22:28:47.616+0000] {logging_mixin.py:190} INFO - [2025-01-28T22:28:47.616+0000] {dagbag.py:588} INFO - Filling up the DagBag from /home/airflow/.local/lib/python3.12/site-packages/airflow/example_dags/example_dynamic_task_mapping.py
[2025-01-28T22:28:47.626+0000] {processor.py:925} INFO - DAG(s) 'example_dynamic_task_mapping' retrieved from /home/airflow/.local/lib/python3.12/site-packages/airflow/example_dags/example_dynamic_task_mapping.py
[2025-01-28T22:28:47.659+0000] {logging_mixin.py:190} INFO - [2025-01-28T22:28:47.659+0000] {dag.py:3239} INFO - Sync 1 DAGs
[2025-01-28T22:28:47.677+0000] {logging_mixin.py:190} INFO - [2025-01-28T22:28:47.676+0000] {dag.py:4180} INFO - Setting next_dagrun for example_dynamic_task_mapping to None, run_after=None
[2025-01-28T22:28:47.699+0000] {processor.py:208} INFO - Processing /home/airflow/.local/lib/python3.12/site-packages/airflow/example_dags/example_dynamic_task_mapping.py took 0.093 seconds
[2025-01-28T22:29:18.868+0000] {processor.py:186} INFO - Started process (PID=173) to work on /home/airflow/.local/lib/python3.12/site-packages/airflow/example_dags/example_dynamic_task_mapping.py
[2025-01-28T22:29:18.870+0000] {processor.py:914} INFO - Processing file /home/airflow/.local/lib/python3.12/site-packages/airflow/example_dags/example_dynamic_task_mapping.py for tasks to queue
[2025-01-28T22:29:18.873+0000] {logging_mixin.py:190} INFO - [2025-01-28T22:29:18.873+0000] {dagbag.py:588} INFO - Filling up the DagBag from /home/airflow/.local/lib/python3.12/site-packages/airflow/example_dags/example_dynamic_task_mapping.py
[2025-01-28T22:29:18.883+0000] {processor.py:925} INFO - DAG(s) 'example_dynamic_task_mapping' retrieved from /home/airflow/.local/lib/python3.12/site-packages/airflow/example_dags/example_dynamic_task_mapping.py
[2025-01-28T22:29:18.905+0000] {logging_mixin.py:190} INFO - [2025-01-28T22:29:18.905+0000] {dag.py:3239} INFO - Sync 1 DAGs
[2025-01-28T22:29:18.920+0000] {logging_mixin.py:190} INFO - [2025-01-28T22:29:18.920+0000] {dag.py:4180} INFO - Setting next_dagrun for example_dynamic_task_mapping to None, run_after=None
[2025-01-28T22:29:18.945+0000] {processor.py:208} INFO - Processing /home/airflow/.local/lib/python3.12/site-packages/airflow/example_dags/example_dynamic_task_mapping.py took 0.083 seconds
[2025-01-28T22:29:50.679+0000] {processor.py:186} INFO - Started process (PID=236) to work on /home/airflow/.local/lib/python3.12/site-packages/airflow/example_dags/example_dynamic_task_mapping.py
[2025-01-28T22:29:50.680+0000] {processor.py:914} INFO - Processing file /home/airflow/.local/lib/python3.12/site-packages/airflow/example_dags/example_dynamic_task_mapping.py for tasks to queue
[2025-01-28T22:29:50.683+0000] {logging_mixin.py:190} INFO - [2025-01-28T22:29:50.683+0000] {dagbag.py:588} INFO - Filling up the DagBag from /home/airflow/.local/lib/python3.12/site-packages/airflow/example_dags/example_dynamic_task_mapping.py
[2025-01-28T22:29:50.693+0000] {processor.py:925} INFO - DAG(s) 'example_dynamic_task_mapping' retrieved from /home/airflow/.local/lib/python3.12/site-packages/airflow/example_dags/example_dynamic_task_mapping.py
[2025-01-28T22:29:50.715+0000] {logging_mixin.py:190} INFO - [2025-01-28T22:29:50.714+0000] {dag.py:3239} INFO - Sync 1 DAGs
[2025-01-28T22:29:50.730+0000] {logging_mixin.py:190} INFO - [2025-01-28T22:29:50.730+0000] {dag.py:4180} INFO - Setting next_dagrun for example_dynamic_task_mapping to None, run_after=None
[2025-01-28T22:29:50.754+0000] {processor.py:208} INFO - Processing /home/airflow/.local/lib/python3.12/site-packages/airflow/example_dags/example_dynamic_task_mapping.py took 0.081 seconds
[2025-01-28T22:30:21.817+0000] {processor.py:186} INFO - Started process (PID=298) to work on /home/airflow/.local/lib/python3.12/site-packages/airflow/example_dags/example_dynamic_task_mapping.py
[2025-01-28T22:30:21.818+0000] {processor.py:914} INFO - Processing file /home/airflow/.local/lib/python3.12/site-packages/airflow/example_dags/example_dynamic_task_mapping.py for tasks to queue
[2025-01-28T22:30:21.822+0000] {logging_mixin.py:190} INFO - [2025-01-28T22:30:21.821+0000] {dagbag.py:588} INFO - Filling up the DagBag from /home/airflow/.local/lib/python3.12/site-packages/airflow/example_dags/example_dynamic_task_mapping.py
[2025-01-28T22:30:21.831+0000] {processor.py:925} INFO - DAG(s) 'example_dynamic_task_mapping' retrieved from /home/airflow/.local/lib/python3.12/site-packages/airflow/example_dags/example_dynamic_task_mapping.py
[2025-01-28T22:30:21.852+0000] {logging_mixin.py:190} INFO - [2025-01-28T22:30:21.852+0000] {dag.py:3239} INFO - Sync 1 DAGs
[2025-01-28T22:30:21.868+0000] {logging_mixin.py:190} INFO - [2025-01-28T22:30:21.868+0000] {dag.py:4180} INFO - Setting next_dagrun for example_dynamic_task_mapping to None, run_after=None
[2025-01-28T22:30:21.895+0000] {processor.py:208} INFO - Processing /home/airflow/.local/lib/python3.12/site-packages/airflow/example_dags/example_dynamic_task_mapping.py took 0.084 seconds
[2025-01-28T22:30:53.098+0000] {processor.py:186} INFO - Started process (PID=361) to work on /home/airflow/.local/lib/python3.12/site-packages/airflow/example_dags/example_dynamic_task_mapping.py
[2025-01-28T22:30:53.100+0000] {processor.py:914} INFO - Processing file /home/airflow/.local/lib/python3.12/site-packages/airflow/example_dags/example_dynamic_task_mapping.py for tasks to queue
[2025-01-28T22:30:53.103+0000] {logging_mixin.py:190} INFO - [2025-01-28T22:30:53.102+0000] {dagbag.py:588} INFO - Filling up the DagBag from /home/airflow/.local/lib/python3.12/site-packages/airflow/example_dags/example_dynamic_task_mapping.py
[2025-01-28T22:30:53.112+0000] {processor.py:925} INFO - DAG(s) 'example_dynamic_task_mapping' retrieved from /home/airflow/.local/lib/python3.12/site-packages/airflow/example_dags/example_dynamic_task_mapping.py
[2025-01-28T22:30:53.133+0000] {logging_mixin.py:190} INFO - [2025-01-28T22:30:53.133+0000] {dag.py:3239} INFO - Sync 1 DAGs
[2025-01-28T22:30:53.150+0000] {logging_mixin.py:190} INFO - [2025-01-28T22:30:53.149+0000] {dag.py:4180} INFO - Setting next_dagrun for example_dynamic_task_mapping to None, run_after=None
[2025-01-28T22:30:53.183+0000] {processor.py:208} INFO - Processing /home/airflow/.local/lib/python3.12/site-packages/airflow/example_dags/example_dynamic_task_mapping.py took 0.092 seconds
