[2025-01-28T22:09:28.598+0000] {processor.py:186} INFO - Started process (PID=119) to work on /home/airflow/.local/lib/python3.12/site-packages/airflow/example_dags/example_kubernetes_executor.py
[2025-01-28T22:09:28.600+0000] {processor.py:914} INFO - Processing file /home/airflow/.local/lib/python3.12/site-packages/airflow/example_dags/example_kubernetes_executor.py for tasks to queue
[2025-01-28T22:09:28.603+0000] {logging_mixin.py:190} INFO - [2025-01-28T22:09:28.602+0000] {dagbag.py:588} INFO - Filling up the DagBag from /home/airflow/.local/lib/python3.12/site-packages/airflow/example_dags/example_kubernetes_executor.py
[2025-01-28T22:09:28.624+0000] {processor.py:925} INFO - DAG(s) 'example_kubernetes_executor' retrieved from /home/airflow/.local/lib/python3.12/site-packages/airflow/example_dags/example_kubernetes_executor.py
[2025-01-28T22:09:28.747+0000] {logging_mixin.py:190} INFO - [2025-01-28T22:09:28.746+0000] {override.py:1911} INFO - Created Permission View: can delete on DAG:example_kubernetes_executor
[2025-01-28T22:09:28.759+0000] {logging_mixin.py:190} INFO - [2025-01-28T22:09:28.759+0000] {override.py:1911} INFO - Created Permission View: can edit on DAG:example_kubernetes_executor
[2025-01-28T22:09:28.768+0000] {logging_mixin.py:190} INFO - [2025-01-28T22:09:28.768+0000] {override.py:1911} INFO - Created Permission View: can read on DAG:example_kubernetes_executor
[2025-01-28T22:09:28.779+0000] {logging_mixin.py:190} INFO - [2025-01-28T22:09:28.779+0000] {override.py:1911} INFO - Created Permission View: can create on DAG Run:example_kubernetes_executor
[2025-01-28T22:09:28.790+0000] {logging_mixin.py:190} INFO - [2025-01-28T22:09:28.789+0000] {override.py:1911} INFO - Created Permission View: can delete on DAG Run:example_kubernetes_executor
[2025-01-28T22:09:28.799+0000] {logging_mixin.py:190} INFO - [2025-01-28T22:09:28.799+0000] {override.py:1911} INFO - Created Permission View: menu access on DAG Run:example_kubernetes_executor
[2025-01-28T22:09:28.809+0000] {logging_mixin.py:190} INFO - [2025-01-28T22:09:28.809+0000] {override.py:1911} INFO - Created Permission View: can read on DAG Run:example_kubernetes_executor
[2025-01-28T22:09:28.810+0000] {logging_mixin.py:190} INFO - [2025-01-28T22:09:28.810+0000] {dag.py:3239} INFO - Sync 1 DAGs
[2025-01-28T22:09:28.824+0000] {logging_mixin.py:190} INFO - [2025-01-28T22:09:28.824+0000] {dag.py:3262} INFO - Creating ORM DAG for example_kubernetes_executor
[2025-01-28T22:09:28.825+0000] {logging_mixin.py:190} INFO - [2025-01-28T22:09:28.825+0000] {dag.py:4180} INFO - Setting next_dagrun for example_kubernetes_executor to None, run_after=None
[2025-01-28T22:09:28.845+0000] {processor.py:208} INFO - Processing /home/airflow/.local/lib/python3.12/site-packages/airflow/example_dags/example_kubernetes_executor.py took 0.254 seconds
[2025-01-28T22:09:59.191+0000] {processor.py:186} INFO - Started process (PID=182) to work on /home/airflow/.local/lib/python3.12/site-packages/airflow/example_dags/example_kubernetes_executor.py
[2025-01-28T22:09:59.192+0000] {processor.py:914} INFO - Processing file /home/airflow/.local/lib/python3.12/site-packages/airflow/example_dags/example_kubernetes_executor.py for tasks to queue
[2025-01-28T22:09:59.194+0000] {logging_mixin.py:190} INFO - [2025-01-28T22:09:59.194+0000] {dagbag.py:588} INFO - Filling up the DagBag from /home/airflow/.local/lib/python3.12/site-packages/airflow/example_dags/example_kubernetes_executor.py
[2025-01-28T22:09:59.211+0000] {processor.py:925} INFO - DAG(s) 'example_kubernetes_executor' retrieved from /home/airflow/.local/lib/python3.12/site-packages/airflow/example_dags/example_kubernetes_executor.py
[2025-01-28T22:09:59.237+0000] {logging_mixin.py:190} INFO - [2025-01-28T22:09:59.236+0000] {dag.py:3239} INFO - Sync 1 DAGs
[2025-01-28T22:09:59.252+0000] {logging_mixin.py:190} INFO - [2025-01-28T22:09:59.252+0000] {dag.py:4180} INFO - Setting next_dagrun for example_kubernetes_executor to None, run_after=None
[2025-01-28T22:09:59.274+0000] {processor.py:208} INFO - Processing /home/airflow/.local/lib/python3.12/site-packages/airflow/example_dags/example_kubernetes_executor.py took 0.089 seconds
[2025-01-28T22:10:30.379+0000] {processor.py:186} INFO - Started process (PID=245) to work on /home/airflow/.local/lib/python3.12/site-packages/airflow/example_dags/example_kubernetes_executor.py
[2025-01-28T22:10:30.380+0000] {processor.py:914} INFO - Processing file /home/airflow/.local/lib/python3.12/site-packages/airflow/example_dags/example_kubernetes_executor.py for tasks to queue
[2025-01-28T22:10:30.383+0000] {logging_mixin.py:190} INFO - [2025-01-28T22:10:30.383+0000] {dagbag.py:588} INFO - Filling up the DagBag from /home/airflow/.local/lib/python3.12/site-packages/airflow/example_dags/example_kubernetes_executor.py
[2025-01-28T22:10:30.399+0000] {processor.py:925} INFO - DAG(s) 'example_kubernetes_executor' retrieved from /home/airflow/.local/lib/python3.12/site-packages/airflow/example_dags/example_kubernetes_executor.py
[2025-01-28T22:10:30.426+0000] {logging_mixin.py:190} INFO - [2025-01-28T22:10:30.425+0000] {dag.py:3239} INFO - Sync 1 DAGs
[2025-01-28T22:10:30.441+0000] {logging_mixin.py:190} INFO - [2025-01-28T22:10:30.441+0000] {dag.py:4180} INFO - Setting next_dagrun for example_kubernetes_executor to None, run_after=None
[2025-01-28T22:10:30.467+0000] {processor.py:208} INFO - Processing /home/airflow/.local/lib/python3.12/site-packages/airflow/example_dags/example_kubernetes_executor.py took 0.094 seconds
[2025-01-28T22:11:00.904+0000] {processor.py:186} INFO - Started process (PID=308) to work on /home/airflow/.local/lib/python3.12/site-packages/airflow/example_dags/example_kubernetes_executor.py
[2025-01-28T22:11:00.905+0000] {processor.py:914} INFO - Processing file /home/airflow/.local/lib/python3.12/site-packages/airflow/example_dags/example_kubernetes_executor.py for tasks to queue
[2025-01-28T22:11:00.908+0000] {logging_mixin.py:190} INFO - [2025-01-28T22:11:00.908+0000] {dagbag.py:588} INFO - Filling up the DagBag from /home/airflow/.local/lib/python3.12/site-packages/airflow/example_dags/example_kubernetes_executor.py
[2025-01-28T22:11:00.924+0000] {processor.py:925} INFO - DAG(s) 'example_kubernetes_executor' retrieved from /home/airflow/.local/lib/python3.12/site-packages/airflow/example_dags/example_kubernetes_executor.py
[2025-01-28T22:11:00.952+0000] {logging_mixin.py:190} INFO - [2025-01-28T22:11:00.952+0000] {dag.py:3239} INFO - Sync 1 DAGs
[2025-01-28T22:11:00.968+0000] {logging_mixin.py:190} INFO - [2025-01-28T22:11:00.968+0000] {dag.py:4180} INFO - Setting next_dagrun for example_kubernetes_executor to None, run_after=None
[2025-01-28T22:11:00.991+0000] {processor.py:208} INFO - Processing /home/airflow/.local/lib/python3.12/site-packages/airflow/example_dags/example_kubernetes_executor.py took 0.094 seconds
[2025-01-28T22:11:31.940+0000] {processor.py:186} INFO - Started process (PID=370) to work on /home/airflow/.local/lib/python3.12/site-packages/airflow/example_dags/example_kubernetes_executor.py
[2025-01-28T22:11:31.941+0000] {processor.py:914} INFO - Processing file /home/airflow/.local/lib/python3.12/site-packages/airflow/example_dags/example_kubernetes_executor.py for tasks to queue
[2025-01-28T22:11:31.944+0000] {logging_mixin.py:190} INFO - [2025-01-28T22:11:31.944+0000] {dagbag.py:588} INFO - Filling up the DagBag from /home/airflow/.local/lib/python3.12/site-packages/airflow/example_dags/example_kubernetes_executor.py
[2025-01-28T22:11:31.959+0000] {processor.py:925} INFO - DAG(s) 'example_kubernetes_executor' retrieved from /home/airflow/.local/lib/python3.12/site-packages/airflow/example_dags/example_kubernetes_executor.py
[2025-01-28T22:11:31.984+0000] {logging_mixin.py:190} INFO - [2025-01-28T22:11:31.984+0000] {dag.py:3239} INFO - Sync 1 DAGs
[2025-01-28T22:11:31.999+0000] {logging_mixin.py:190} INFO - [2025-01-28T22:11:31.999+0000] {dag.py:4180} INFO - Setting next_dagrun for example_kubernetes_executor to None, run_after=None
[2025-01-28T22:11:32.023+0000] {processor.py:208} INFO - Processing /home/airflow/.local/lib/python3.12/site-packages/airflow/example_dags/example_kubernetes_executor.py took 0.089 seconds
[2025-01-28T22:12:03.440+0000] {processor.py:186} INFO - Started process (PID=434) to work on /home/airflow/.local/lib/python3.12/site-packages/airflow/example_dags/example_kubernetes_executor.py
[2025-01-28T22:12:03.442+0000] {processor.py:914} INFO - Processing file /home/airflow/.local/lib/python3.12/site-packages/airflow/example_dags/example_kubernetes_executor.py for tasks to queue
[2025-01-28T22:12:03.446+0000] {logging_mixin.py:190} INFO - [2025-01-28T22:12:03.445+0000] {dagbag.py:588} INFO - Filling up the DagBag from /home/airflow/.local/lib/python3.12/site-packages/airflow/example_dags/example_kubernetes_executor.py
[2025-01-28T22:12:03.462+0000] {processor.py:925} INFO - DAG(s) 'example_kubernetes_executor' retrieved from /home/airflow/.local/lib/python3.12/site-packages/airflow/example_dags/example_kubernetes_executor.py
[2025-01-28T22:12:03.494+0000] {logging_mixin.py:190} INFO - [2025-01-28T22:12:03.494+0000] {dag.py:3239} INFO - Sync 1 DAGs
[2025-01-28T22:12:03.512+0000] {logging_mixin.py:190} INFO - [2025-01-28T22:12:03.512+0000] {dag.py:4180} INFO - Setting next_dagrun for example_kubernetes_executor to None, run_after=None
[2025-01-28T22:12:03.545+0000] {processor.py:208} INFO - Processing /home/airflow/.local/lib/python3.12/site-packages/airflow/example_dags/example_kubernetes_executor.py took 0.117 seconds
[2025-01-28T22:12:34.396+0000] {processor.py:186} INFO - Started process (PID=497) to work on /home/airflow/.local/lib/python3.12/site-packages/airflow/example_dags/example_kubernetes_executor.py
[2025-01-28T22:12:34.397+0000] {processor.py:914} INFO - Processing file /home/airflow/.local/lib/python3.12/site-packages/airflow/example_dags/example_kubernetes_executor.py for tasks to queue
[2025-01-28T22:12:34.399+0000] {logging_mixin.py:190} INFO - [2025-01-28T22:12:34.399+0000] {dagbag.py:588} INFO - Filling up the DagBag from /home/airflow/.local/lib/python3.12/site-packages/airflow/example_dags/example_kubernetes_executor.py
[2025-01-28T22:12:34.416+0000] {processor.py:925} INFO - DAG(s) 'example_kubernetes_executor' retrieved from /home/airflow/.local/lib/python3.12/site-packages/airflow/example_dags/example_kubernetes_executor.py
[2025-01-28T22:12:34.442+0000] {logging_mixin.py:190} INFO - [2025-01-28T22:12:34.442+0000] {dag.py:3239} INFO - Sync 1 DAGs
[2025-01-28T22:12:34.458+0000] {logging_mixin.py:190} INFO - [2025-01-28T22:12:34.458+0000] {dag.py:4180} INFO - Setting next_dagrun for example_kubernetes_executor to None, run_after=None
[2025-01-28T22:12:34.483+0000] {processor.py:208} INFO - Processing /home/airflow/.local/lib/python3.12/site-packages/airflow/example_dags/example_kubernetes_executor.py took 0.094 seconds
[2025-01-28T22:13:06.546+0000] {processor.py:186} INFO - Started process (PID=560) to work on /home/airflow/.local/lib/python3.12/site-packages/airflow/example_dags/example_kubernetes_executor.py
[2025-01-28T22:13:06.548+0000] {processor.py:914} INFO - Processing file /home/airflow/.local/lib/python3.12/site-packages/airflow/example_dags/example_kubernetes_executor.py for tasks to queue
[2025-01-28T22:13:06.551+0000] {logging_mixin.py:190} INFO - [2025-01-28T22:13:06.550+0000] {dagbag.py:588} INFO - Filling up the DagBag from /home/airflow/.local/lib/python3.12/site-packages/airflow/example_dags/example_kubernetes_executor.py
[2025-01-28T22:13:06.569+0000] {processor.py:925} INFO - DAG(s) 'example_kubernetes_executor' retrieved from /home/airflow/.local/lib/python3.12/site-packages/airflow/example_dags/example_kubernetes_executor.py
[2025-01-28T22:13:06.598+0000] {logging_mixin.py:190} INFO - [2025-01-28T22:13:06.598+0000] {dag.py:3239} INFO - Sync 1 DAGs
[2025-01-28T22:13:06.614+0000] {logging_mixin.py:190} INFO - [2025-01-28T22:13:06.614+0000] {dag.py:4180} INFO - Setting next_dagrun for example_kubernetes_executor to None, run_after=None
[2025-01-28T22:13:06.660+0000] {processor.py:208} INFO - Processing /home/airflow/.local/lib/python3.12/site-packages/airflow/example_dags/example_kubernetes_executor.py took 0.121 seconds
[2025-01-28T22:13:37.874+0000] {processor.py:186} INFO - Started process (PID=624) to work on /home/airflow/.local/lib/python3.12/site-packages/airflow/example_dags/example_kubernetes_executor.py
[2025-01-28T22:13:37.875+0000] {processor.py:914} INFO - Processing file /home/airflow/.local/lib/python3.12/site-packages/airflow/example_dags/example_kubernetes_executor.py for tasks to queue
[2025-01-28T22:13:37.878+0000] {logging_mixin.py:190} INFO - [2025-01-28T22:13:37.878+0000] {dagbag.py:588} INFO - Filling up the DagBag from /home/airflow/.local/lib/python3.12/site-packages/airflow/example_dags/example_kubernetes_executor.py
[2025-01-28T22:13:37.894+0000] {processor.py:925} INFO - DAG(s) 'example_kubernetes_executor' retrieved from /home/airflow/.local/lib/python3.12/site-packages/airflow/example_dags/example_kubernetes_executor.py
[2025-01-28T22:13:37.924+0000] {logging_mixin.py:190} INFO - [2025-01-28T22:13:37.924+0000] {dag.py:3239} INFO - Sync 1 DAGs
[2025-01-28T22:13:37.939+0000] {logging_mixin.py:190} INFO - [2025-01-28T22:13:37.939+0000] {dag.py:4180} INFO - Setting next_dagrun for example_kubernetes_executor to None, run_after=None
[2025-01-28T22:13:37.972+0000] {processor.py:208} INFO - Processing /home/airflow/.local/lib/python3.12/site-packages/airflow/example_dags/example_kubernetes_executor.py took 0.105 seconds
[2025-01-28T22:14:08.721+0000] {processor.py:186} INFO - Started process (PID=686) to work on /home/airflow/.local/lib/python3.12/site-packages/airflow/example_dags/example_kubernetes_executor.py
[2025-01-28T22:14:08.722+0000] {processor.py:914} INFO - Processing file /home/airflow/.local/lib/python3.12/site-packages/airflow/example_dags/example_kubernetes_executor.py for tasks to queue
[2025-01-28T22:14:08.725+0000] {logging_mixin.py:190} INFO - [2025-01-28T22:14:08.725+0000] {dagbag.py:588} INFO - Filling up the DagBag from /home/airflow/.local/lib/python3.12/site-packages/airflow/example_dags/example_kubernetes_executor.py
[2025-01-28T22:14:08.741+0000] {processor.py:925} INFO - DAG(s) 'example_kubernetes_executor' retrieved from /home/airflow/.local/lib/python3.12/site-packages/airflow/example_dags/example_kubernetes_executor.py
[2025-01-28T22:14:08.767+0000] {logging_mixin.py:190} INFO - [2025-01-28T22:14:08.767+0000] {dag.py:3239} INFO - Sync 1 DAGs
[2025-01-28T22:14:08.783+0000] {logging_mixin.py:190} INFO - [2025-01-28T22:14:08.783+0000] {dag.py:4180} INFO - Setting next_dagrun for example_kubernetes_executor to None, run_after=None
[2025-01-28T22:14:08.807+0000] {processor.py:208} INFO - Processing /home/airflow/.local/lib/python3.12/site-packages/airflow/example_dags/example_kubernetes_executor.py took 0.093 seconds
[2025-01-28T22:14:38.887+0000] {processor.py:186} INFO - Started process (PID=748) to work on /home/airflow/.local/lib/python3.12/site-packages/airflow/example_dags/example_kubernetes_executor.py
[2025-01-28T22:14:38.889+0000] {processor.py:914} INFO - Processing file /home/airflow/.local/lib/python3.12/site-packages/airflow/example_dags/example_kubernetes_executor.py for tasks to queue
[2025-01-28T22:14:38.893+0000] {logging_mixin.py:190} INFO - [2025-01-28T22:14:38.893+0000] {dagbag.py:588} INFO - Filling up the DagBag from /home/airflow/.local/lib/python3.12/site-packages/airflow/example_dags/example_kubernetes_executor.py
[2025-01-28T22:14:38.910+0000] {processor.py:925} INFO - DAG(s) 'example_kubernetes_executor' retrieved from /home/airflow/.local/lib/python3.12/site-packages/airflow/example_dags/example_kubernetes_executor.py
[2025-01-28T22:14:38.936+0000] {logging_mixin.py:190} INFO - [2025-01-28T22:14:38.936+0000] {dag.py:3239} INFO - Sync 1 DAGs
[2025-01-28T22:14:38.953+0000] {logging_mixin.py:190} INFO - [2025-01-28T22:14:38.952+0000] {dag.py:4180} INFO - Setting next_dagrun for example_kubernetes_executor to None, run_after=None
[2025-01-28T22:14:38.976+0000] {processor.py:208} INFO - Processing /home/airflow/.local/lib/python3.12/site-packages/airflow/example_dags/example_kubernetes_executor.py took 0.095 seconds
[2025-01-28T22:15:11.143+0000] {processor.py:186} INFO - Started process (PID=812) to work on /home/airflow/.local/lib/python3.12/site-packages/airflow/example_dags/example_kubernetes_executor.py
[2025-01-28T22:15:11.144+0000] {processor.py:914} INFO - Processing file /home/airflow/.local/lib/python3.12/site-packages/airflow/example_dags/example_kubernetes_executor.py for tasks to queue
[2025-01-28T22:15:11.147+0000] {logging_mixin.py:190} INFO - [2025-01-28T22:15:11.147+0000] {dagbag.py:588} INFO - Filling up the DagBag from /home/airflow/.local/lib/python3.12/site-packages/airflow/example_dags/example_kubernetes_executor.py
[2025-01-28T22:15:11.163+0000] {processor.py:925} INFO - DAG(s) 'example_kubernetes_executor' retrieved from /home/airflow/.local/lib/python3.12/site-packages/airflow/example_dags/example_kubernetes_executor.py
[2025-01-28T22:15:11.192+0000] {logging_mixin.py:190} INFO - [2025-01-28T22:15:11.191+0000] {dag.py:3239} INFO - Sync 1 DAGs
[2025-01-28T22:15:11.207+0000] {logging_mixin.py:190} INFO - [2025-01-28T22:15:11.207+0000] {dag.py:4180} INFO - Setting next_dagrun for example_kubernetes_executor to None, run_after=None
[2025-01-28T22:15:11.230+0000] {processor.py:208} INFO - Processing /home/airflow/.local/lib/python3.12/site-packages/airflow/example_dags/example_kubernetes_executor.py took 0.094 seconds
[2025-01-28T22:15:42.668+0000] {processor.py:186} INFO - Started process (PID=875) to work on /home/airflow/.local/lib/python3.12/site-packages/airflow/example_dags/example_kubernetes_executor.py
[2025-01-28T22:15:42.669+0000] {processor.py:914} INFO - Processing file /home/airflow/.local/lib/python3.12/site-packages/airflow/example_dags/example_kubernetes_executor.py for tasks to queue
[2025-01-28T22:15:42.673+0000] {logging_mixin.py:190} INFO - [2025-01-28T22:15:42.672+0000] {dagbag.py:588} INFO - Filling up the DagBag from /home/airflow/.local/lib/python3.12/site-packages/airflow/example_dags/example_kubernetes_executor.py
[2025-01-28T22:15:42.688+0000] {processor.py:925} INFO - DAG(s) 'example_kubernetes_executor' retrieved from /home/airflow/.local/lib/python3.12/site-packages/airflow/example_dags/example_kubernetes_executor.py
[2025-01-28T22:15:42.716+0000] {logging_mixin.py:190} INFO - [2025-01-28T22:15:42.716+0000] {dag.py:3239} INFO - Sync 1 DAGs
[2025-01-28T22:15:42.732+0000] {logging_mixin.py:190} INFO - [2025-01-28T22:15:42.732+0000] {dag.py:4180} INFO - Setting next_dagrun for example_kubernetes_executor to None, run_after=None
[2025-01-28T22:15:42.757+0000] {processor.py:208} INFO - Processing /home/airflow/.local/lib/python3.12/site-packages/airflow/example_dags/example_kubernetes_executor.py took 0.096 seconds
[2025-01-28T22:16:14.104+0000] {processor.py:186} INFO - Started process (PID=939) to work on /home/airflow/.local/lib/python3.12/site-packages/airflow/example_dags/example_kubernetes_executor.py
[2025-01-28T22:16:14.105+0000] {processor.py:914} INFO - Processing file /home/airflow/.local/lib/python3.12/site-packages/airflow/example_dags/example_kubernetes_executor.py for tasks to queue
[2025-01-28T22:16:14.108+0000] {logging_mixin.py:190} INFO - [2025-01-28T22:16:14.108+0000] {dagbag.py:588} INFO - Filling up the DagBag from /home/airflow/.local/lib/python3.12/site-packages/airflow/example_dags/example_kubernetes_executor.py
[2025-01-28T22:16:14.125+0000] {processor.py:925} INFO - DAG(s) 'example_kubernetes_executor' retrieved from /home/airflow/.local/lib/python3.12/site-packages/airflow/example_dags/example_kubernetes_executor.py
[2025-01-28T22:16:14.152+0000] {logging_mixin.py:190} INFO - [2025-01-28T22:16:14.152+0000] {dag.py:3239} INFO - Sync 1 DAGs
[2025-01-28T22:16:14.168+0000] {logging_mixin.py:190} INFO - [2025-01-28T22:16:14.168+0000] {dag.py:4180} INFO - Setting next_dagrun for example_kubernetes_executor to None, run_after=None
[2025-01-28T22:16:14.198+0000] {processor.py:208} INFO - Processing /home/airflow/.local/lib/python3.12/site-packages/airflow/example_dags/example_kubernetes_executor.py took 0.101 seconds
[2025-01-28T22:16:45.909+0000] {processor.py:186} INFO - Started process (PID=1002) to work on /home/airflow/.local/lib/python3.12/site-packages/airflow/example_dags/example_kubernetes_executor.py
[2025-01-28T22:16:45.910+0000] {processor.py:914} INFO - Processing file /home/airflow/.local/lib/python3.12/site-packages/airflow/example_dags/example_kubernetes_executor.py for tasks to queue
[2025-01-28T22:16:45.913+0000] {logging_mixin.py:190} INFO - [2025-01-28T22:16:45.913+0000] {dagbag.py:588} INFO - Filling up the DagBag from /home/airflow/.local/lib/python3.12/site-packages/airflow/example_dags/example_kubernetes_executor.py
[2025-01-28T22:16:45.928+0000] {processor.py:925} INFO - DAG(s) 'example_kubernetes_executor' retrieved from /home/airflow/.local/lib/python3.12/site-packages/airflow/example_dags/example_kubernetes_executor.py
[2025-01-28T22:16:45.957+0000] {logging_mixin.py:190} INFO - [2025-01-28T22:16:45.956+0000] {dag.py:3239} INFO - Sync 1 DAGs
[2025-01-28T22:16:45.972+0000] {logging_mixin.py:190} INFO - [2025-01-28T22:16:45.972+0000] {dag.py:4180} INFO - Setting next_dagrun for example_kubernetes_executor to None, run_after=None
[2025-01-28T22:16:46.008+0000] {processor.py:208} INFO - Processing /home/airflow/.local/lib/python3.12/site-packages/airflow/example_dags/example_kubernetes_executor.py took 0.106 seconds
[2025-01-28T22:17:17.600+0000] {processor.py:186} INFO - Started process (PID=1065) to work on /home/airflow/.local/lib/python3.12/site-packages/airflow/example_dags/example_kubernetes_executor.py
[2025-01-28T22:17:17.601+0000] {processor.py:914} INFO - Processing file /home/airflow/.local/lib/python3.12/site-packages/airflow/example_dags/example_kubernetes_executor.py for tasks to queue
[2025-01-28T22:17:17.603+0000] {logging_mixin.py:190} INFO - [2025-01-28T22:17:17.603+0000] {dagbag.py:588} INFO - Filling up the DagBag from /home/airflow/.local/lib/python3.12/site-packages/airflow/example_dags/example_kubernetes_executor.py
[2025-01-28T22:17:17.619+0000] {processor.py:925} INFO - DAG(s) 'example_kubernetes_executor' retrieved from /home/airflow/.local/lib/python3.12/site-packages/airflow/example_dags/example_kubernetes_executor.py
[2025-01-28T22:17:17.645+0000] {logging_mixin.py:190} INFO - [2025-01-28T22:17:17.645+0000] {dag.py:3239} INFO - Sync 1 DAGs
[2025-01-28T22:17:17.660+0000] {logging_mixin.py:190} INFO - [2025-01-28T22:17:17.659+0000] {dag.py:4180} INFO - Setting next_dagrun for example_kubernetes_executor to None, run_after=None
[2025-01-28T22:17:17.683+0000] {processor.py:208} INFO - Processing /home/airflow/.local/lib/python3.12/site-packages/airflow/example_dags/example_kubernetes_executor.py took 0.091 seconds
[2025-01-28T22:17:48.573+0000] {processor.py:186} INFO - Started process (PID=1128) to work on /home/airflow/.local/lib/python3.12/site-packages/airflow/example_dags/example_kubernetes_executor.py
[2025-01-28T22:17:48.575+0000] {processor.py:914} INFO - Processing file /home/airflow/.local/lib/python3.12/site-packages/airflow/example_dags/example_kubernetes_executor.py for tasks to queue
[2025-01-28T22:17:48.578+0000] {logging_mixin.py:190} INFO - [2025-01-28T22:17:48.577+0000] {dagbag.py:588} INFO - Filling up the DagBag from /home/airflow/.local/lib/python3.12/site-packages/airflow/example_dags/example_kubernetes_executor.py
[2025-01-28T22:17:48.593+0000] {processor.py:925} INFO - DAG(s) 'example_kubernetes_executor' retrieved from /home/airflow/.local/lib/python3.12/site-packages/airflow/example_dags/example_kubernetes_executor.py
[2025-01-28T22:17:48.621+0000] {logging_mixin.py:190} INFO - [2025-01-28T22:17:48.621+0000] {dag.py:3239} INFO - Sync 1 DAGs
[2025-01-28T22:17:48.637+0000] {logging_mixin.py:190} INFO - [2025-01-28T22:17:48.637+0000] {dag.py:4180} INFO - Setting next_dagrun for example_kubernetes_executor to None, run_after=None
[2025-01-28T22:17:48.659+0000] {processor.py:208} INFO - Processing /home/airflow/.local/lib/python3.12/site-packages/airflow/example_dags/example_kubernetes_executor.py took 0.092 seconds
[2025-01-28T22:18:20.482+0000] {processor.py:186} INFO - Started process (PID=1191) to work on /home/airflow/.local/lib/python3.12/site-packages/airflow/example_dags/example_kubernetes_executor.py
[2025-01-28T22:18:20.483+0000] {processor.py:914} INFO - Processing file /home/airflow/.local/lib/python3.12/site-packages/airflow/example_dags/example_kubernetes_executor.py for tasks to queue
[2025-01-28T22:18:20.486+0000] {logging_mixin.py:190} INFO - [2025-01-28T22:18:20.485+0000] {dagbag.py:588} INFO - Filling up the DagBag from /home/airflow/.local/lib/python3.12/site-packages/airflow/example_dags/example_kubernetes_executor.py
[2025-01-28T22:18:20.502+0000] {processor.py:925} INFO - DAG(s) 'example_kubernetes_executor' retrieved from /home/airflow/.local/lib/python3.12/site-packages/airflow/example_dags/example_kubernetes_executor.py
[2025-01-28T22:18:20.529+0000] {logging_mixin.py:190} INFO - [2025-01-28T22:18:20.529+0000] {dag.py:3239} INFO - Sync 1 DAGs
[2025-01-28T22:18:20.546+0000] {logging_mixin.py:190} INFO - [2025-01-28T22:18:20.545+0000] {dag.py:4180} INFO - Setting next_dagrun for example_kubernetes_executor to None, run_after=None
[2025-01-28T22:18:20.571+0000] {processor.py:208} INFO - Processing /home/airflow/.local/lib/python3.12/site-packages/airflow/example_dags/example_kubernetes_executor.py took 0.096 seconds
[2025-01-28T22:18:51.794+0000] {processor.py:186} INFO - Started process (PID=1254) to work on /home/airflow/.local/lib/python3.12/site-packages/airflow/example_dags/example_kubernetes_executor.py
[2025-01-28T22:18:51.795+0000] {processor.py:914} INFO - Processing file /home/airflow/.local/lib/python3.12/site-packages/airflow/example_dags/example_kubernetes_executor.py for tasks to queue
[2025-01-28T22:18:51.799+0000] {logging_mixin.py:190} INFO - [2025-01-28T22:18:51.798+0000] {dagbag.py:588} INFO - Filling up the DagBag from /home/airflow/.local/lib/python3.12/site-packages/airflow/example_dags/example_kubernetes_executor.py
[2025-01-28T22:18:51.817+0000] {processor.py:925} INFO - DAG(s) 'example_kubernetes_executor' retrieved from /home/airflow/.local/lib/python3.12/site-packages/airflow/example_dags/example_kubernetes_executor.py
[2025-01-28T22:18:51.849+0000] {logging_mixin.py:190} INFO - [2025-01-28T22:18:51.849+0000] {dag.py:3239} INFO - Sync 1 DAGs
[2025-01-28T22:18:51.866+0000] {logging_mixin.py:190} INFO - [2025-01-28T22:18:51.866+0000] {dag.py:4180} INFO - Setting next_dagrun for example_kubernetes_executor to None, run_after=None
[2025-01-28T22:18:51.891+0000] {processor.py:208} INFO - Processing /home/airflow/.local/lib/python3.12/site-packages/airflow/example_dags/example_kubernetes_executor.py took 0.104 seconds
[2025-01-28T22:19:23.095+0000] {processor.py:186} INFO - Started process (PID=1317) to work on /home/airflow/.local/lib/python3.12/site-packages/airflow/example_dags/example_kubernetes_executor.py
[2025-01-28T22:19:23.096+0000] {processor.py:914} INFO - Processing file /home/airflow/.local/lib/python3.12/site-packages/airflow/example_dags/example_kubernetes_executor.py for tasks to queue
[2025-01-28T22:19:23.099+0000] {logging_mixin.py:190} INFO - [2025-01-28T22:19:23.098+0000] {dagbag.py:588} INFO - Filling up the DagBag from /home/airflow/.local/lib/python3.12/site-packages/airflow/example_dags/example_kubernetes_executor.py
[2025-01-28T22:19:23.115+0000] {processor.py:925} INFO - DAG(s) 'example_kubernetes_executor' retrieved from /home/airflow/.local/lib/python3.12/site-packages/airflow/example_dags/example_kubernetes_executor.py
[2025-01-28T22:19:23.144+0000] {logging_mixin.py:190} INFO - [2025-01-28T22:19:23.143+0000] {dag.py:3239} INFO - Sync 1 DAGs
[2025-01-28T22:19:23.160+0000] {logging_mixin.py:190} INFO - [2025-01-28T22:19:23.159+0000] {dag.py:4180} INFO - Setting next_dagrun for example_kubernetes_executor to None, run_after=None
[2025-01-28T22:19:23.184+0000] {processor.py:208} INFO - Processing /home/airflow/.local/lib/python3.12/site-packages/airflow/example_dags/example_kubernetes_executor.py took 0.096 seconds
[2025-01-28T22:19:53.891+0000] {processor.py:186} INFO - Started process (PID=1379) to work on /home/airflow/.local/lib/python3.12/site-packages/airflow/example_dags/example_kubernetes_executor.py
[2025-01-28T22:19:53.892+0000] {processor.py:914} INFO - Processing file /home/airflow/.local/lib/python3.12/site-packages/airflow/example_dags/example_kubernetes_executor.py for tasks to queue
[2025-01-28T22:19:53.895+0000] {logging_mixin.py:190} INFO - [2025-01-28T22:19:53.895+0000] {dagbag.py:588} INFO - Filling up the DagBag from /home/airflow/.local/lib/python3.12/site-packages/airflow/example_dags/example_kubernetes_executor.py
[2025-01-28T22:19:53.911+0000] {processor.py:925} INFO - DAG(s) 'example_kubernetes_executor' retrieved from /home/airflow/.local/lib/python3.12/site-packages/airflow/example_dags/example_kubernetes_executor.py
[2025-01-28T22:19:53.937+0000] {logging_mixin.py:190} INFO - [2025-01-28T22:19:53.937+0000] {dag.py:3239} INFO - Sync 1 DAGs
[2025-01-28T22:19:53.953+0000] {logging_mixin.py:190} INFO - [2025-01-28T22:19:53.952+0000] {dag.py:4180} INFO - Setting next_dagrun for example_kubernetes_executor to None, run_after=None
[2025-01-28T22:19:53.977+0000] {processor.py:208} INFO - Processing /home/airflow/.local/lib/python3.12/site-packages/airflow/example_dags/example_kubernetes_executor.py took 0.093 seconds
[2025-01-28T22:20:24.943+0000] {processor.py:186} INFO - Started process (PID=1442) to work on /home/airflow/.local/lib/python3.12/site-packages/airflow/example_dags/example_kubernetes_executor.py
[2025-01-28T22:20:24.944+0000] {processor.py:914} INFO - Processing file /home/airflow/.local/lib/python3.12/site-packages/airflow/example_dags/example_kubernetes_executor.py for tasks to queue
[2025-01-28T22:20:24.947+0000] {logging_mixin.py:190} INFO - [2025-01-28T22:20:24.947+0000] {dagbag.py:588} INFO - Filling up the DagBag from /home/airflow/.local/lib/python3.12/site-packages/airflow/example_dags/example_kubernetes_executor.py
[2025-01-28T22:20:24.963+0000] {processor.py:925} INFO - DAG(s) 'example_kubernetes_executor' retrieved from /home/airflow/.local/lib/python3.12/site-packages/airflow/example_dags/example_kubernetes_executor.py
[2025-01-28T22:20:24.988+0000] {logging_mixin.py:190} INFO - [2025-01-28T22:20:24.988+0000] {dag.py:3239} INFO - Sync 1 DAGs
[2025-01-28T22:20:25.004+0000] {logging_mixin.py:190} INFO - [2025-01-28T22:20:25.003+0000] {dag.py:4180} INFO - Setting next_dagrun for example_kubernetes_executor to None, run_after=None
[2025-01-28T22:20:25.027+0000] {processor.py:208} INFO - Processing /home/airflow/.local/lib/python3.12/site-packages/airflow/example_dags/example_kubernetes_executor.py took 0.091 seconds
[2025-01-28T22:20:56.958+0000] {processor.py:186} INFO - Started process (PID=1506) to work on /home/airflow/.local/lib/python3.12/site-packages/airflow/example_dags/example_kubernetes_executor.py
[2025-01-28T22:20:56.959+0000] {processor.py:914} INFO - Processing file /home/airflow/.local/lib/python3.12/site-packages/airflow/example_dags/example_kubernetes_executor.py for tasks to queue
[2025-01-28T22:20:56.962+0000] {logging_mixin.py:190} INFO - [2025-01-28T22:20:56.961+0000] {dagbag.py:588} INFO - Filling up the DagBag from /home/airflow/.local/lib/python3.12/site-packages/airflow/example_dags/example_kubernetes_executor.py
[2025-01-28T22:20:56.977+0000] {processor.py:925} INFO - DAG(s) 'example_kubernetes_executor' retrieved from /home/airflow/.local/lib/python3.12/site-packages/airflow/example_dags/example_kubernetes_executor.py
[2025-01-28T22:20:57.005+0000] {logging_mixin.py:190} INFO - [2025-01-28T22:20:57.004+0000] {dag.py:3239} INFO - Sync 1 DAGs
[2025-01-28T22:20:57.020+0000] {logging_mixin.py:190} INFO - [2025-01-28T22:20:57.020+0000] {dag.py:4180} INFO - Setting next_dagrun for example_kubernetes_executor to None, run_after=None
[2025-01-28T22:20:57.044+0000] {processor.py:208} INFO - Processing /home/airflow/.local/lib/python3.12/site-packages/airflow/example_dags/example_kubernetes_executor.py took 0.093 seconds
[2025-01-28T22:21:27.967+0000] {processor.py:186} INFO - Started process (PID=1569) to work on /home/airflow/.local/lib/python3.12/site-packages/airflow/example_dags/example_kubernetes_executor.py
[2025-01-28T22:21:27.969+0000] {processor.py:914} INFO - Processing file /home/airflow/.local/lib/python3.12/site-packages/airflow/example_dags/example_kubernetes_executor.py for tasks to queue
[2025-01-28T22:21:27.972+0000] {logging_mixin.py:190} INFO - [2025-01-28T22:21:27.971+0000] {dagbag.py:588} INFO - Filling up the DagBag from /home/airflow/.local/lib/python3.12/site-packages/airflow/example_dags/example_kubernetes_executor.py
[2025-01-28T22:21:27.987+0000] {processor.py:925} INFO - DAG(s) 'example_kubernetes_executor' retrieved from /home/airflow/.local/lib/python3.12/site-packages/airflow/example_dags/example_kubernetes_executor.py
[2025-01-28T22:21:28.014+0000] {logging_mixin.py:190} INFO - [2025-01-28T22:21:28.013+0000] {dag.py:3239} INFO - Sync 1 DAGs
[2025-01-28T22:21:28.030+0000] {logging_mixin.py:190} INFO - [2025-01-28T22:21:28.029+0000] {dag.py:4180} INFO - Setting next_dagrun for example_kubernetes_executor to None, run_after=None
[2025-01-28T22:21:28.063+0000] {processor.py:208} INFO - Processing /home/airflow/.local/lib/python3.12/site-packages/airflow/example_dags/example_kubernetes_executor.py took 0.102 seconds
[2025-01-28T22:21:59.555+0000] {processor.py:186} INFO - Started process (PID=1632) to work on /home/airflow/.local/lib/python3.12/site-packages/airflow/example_dags/example_kubernetes_executor.py
[2025-01-28T22:21:59.557+0000] {processor.py:914} INFO - Processing file /home/airflow/.local/lib/python3.12/site-packages/airflow/example_dags/example_kubernetes_executor.py for tasks to queue
[2025-01-28T22:21:59.560+0000] {logging_mixin.py:190} INFO - [2025-01-28T22:21:59.560+0000] {dagbag.py:588} INFO - Filling up the DagBag from /home/airflow/.local/lib/python3.12/site-packages/airflow/example_dags/example_kubernetes_executor.py
[2025-01-28T22:21:59.576+0000] {processor.py:925} INFO - DAG(s) 'example_kubernetes_executor' retrieved from /home/airflow/.local/lib/python3.12/site-packages/airflow/example_dags/example_kubernetes_executor.py
[2025-01-28T22:21:59.603+0000] {logging_mixin.py:190} INFO - [2025-01-28T22:21:59.603+0000] {dag.py:3239} INFO - Sync 1 DAGs
[2025-01-28T22:21:59.621+0000] {logging_mixin.py:190} INFO - [2025-01-28T22:21:59.621+0000] {dag.py:4180} INFO - Setting next_dagrun for example_kubernetes_executor to None, run_after=None
[2025-01-28T22:21:59.655+0000] {processor.py:208} INFO - Processing /home/airflow/.local/lib/python3.12/site-packages/airflow/example_dags/example_kubernetes_executor.py took 0.106 seconds
[2025-01-28T22:22:31.011+0000] {processor.py:186} INFO - Started process (PID=1695) to work on /home/airflow/.local/lib/python3.12/site-packages/airflow/example_dags/example_kubernetes_executor.py
[2025-01-28T22:22:31.013+0000] {processor.py:914} INFO - Processing file /home/airflow/.local/lib/python3.12/site-packages/airflow/example_dags/example_kubernetes_executor.py for tasks to queue
[2025-01-28T22:22:31.016+0000] {logging_mixin.py:190} INFO - [2025-01-28T22:22:31.015+0000] {dagbag.py:588} INFO - Filling up the DagBag from /home/airflow/.local/lib/python3.12/site-packages/airflow/example_dags/example_kubernetes_executor.py
[2025-01-28T22:22:31.032+0000] {processor.py:925} INFO - DAG(s) 'example_kubernetes_executor' retrieved from /home/airflow/.local/lib/python3.12/site-packages/airflow/example_dags/example_kubernetes_executor.py
[2025-01-28T22:22:31.062+0000] {logging_mixin.py:190} INFO - [2025-01-28T22:22:31.062+0000] {dag.py:3239} INFO - Sync 1 DAGs
[2025-01-28T22:22:31.078+0000] {logging_mixin.py:190} INFO - [2025-01-28T22:22:31.078+0000] {dag.py:4180} INFO - Setting next_dagrun for example_kubernetes_executor to None, run_after=None
[2025-01-28T22:22:31.101+0000] {processor.py:208} INFO - Processing /home/airflow/.local/lib/python3.12/site-packages/airflow/example_dags/example_kubernetes_executor.py took 0.097 seconds
[2025-01-28T22:23:02.590+0000] {processor.py:186} INFO - Started process (PID=1758) to work on /home/airflow/.local/lib/python3.12/site-packages/airflow/example_dags/example_kubernetes_executor.py
[2025-01-28T22:23:02.591+0000] {processor.py:914} INFO - Processing file /home/airflow/.local/lib/python3.12/site-packages/airflow/example_dags/example_kubernetes_executor.py for tasks to queue
[2025-01-28T22:23:02.595+0000] {logging_mixin.py:190} INFO - [2025-01-28T22:23:02.594+0000] {dagbag.py:588} INFO - Filling up the DagBag from /home/airflow/.local/lib/python3.12/site-packages/airflow/example_dags/example_kubernetes_executor.py
[2025-01-28T22:23:02.611+0000] {processor.py:925} INFO - DAG(s) 'example_kubernetes_executor' retrieved from /home/airflow/.local/lib/python3.12/site-packages/airflow/example_dags/example_kubernetes_executor.py
[2025-01-28T22:23:02.639+0000] {logging_mixin.py:190} INFO - [2025-01-28T22:23:02.639+0000] {dag.py:3239} INFO - Sync 1 DAGs
[2025-01-28T22:23:02.655+0000] {logging_mixin.py:190} INFO - [2025-01-28T22:23:02.655+0000] {dag.py:4180} INFO - Setting next_dagrun for example_kubernetes_executor to None, run_after=None
[2025-01-28T22:23:02.678+0000] {processor.py:208} INFO - Processing /home/airflow/.local/lib/python3.12/site-packages/airflow/example_dags/example_kubernetes_executor.py took 0.095 seconds
[2025-01-28T22:23:33.178+0000] {processor.py:186} INFO - Started process (PID=1821) to work on /home/airflow/.local/lib/python3.12/site-packages/airflow/example_dags/example_kubernetes_executor.py
[2025-01-28T22:23:33.179+0000] {processor.py:914} INFO - Processing file /home/airflow/.local/lib/python3.12/site-packages/airflow/example_dags/example_kubernetes_executor.py for tasks to queue
[2025-01-28T22:23:33.182+0000] {logging_mixin.py:190} INFO - [2025-01-28T22:23:33.182+0000] {dagbag.py:588} INFO - Filling up the DagBag from /home/airflow/.local/lib/python3.12/site-packages/airflow/example_dags/example_kubernetes_executor.py
[2025-01-28T22:23:33.198+0000] {processor.py:925} INFO - DAG(s) 'example_kubernetes_executor' retrieved from /home/airflow/.local/lib/python3.12/site-packages/airflow/example_dags/example_kubernetes_executor.py
[2025-01-28T22:23:33.224+0000] {logging_mixin.py:190} INFO - [2025-01-28T22:23:33.224+0000] {dag.py:3239} INFO - Sync 1 DAGs
[2025-01-28T22:23:33.240+0000] {logging_mixin.py:190} INFO - [2025-01-28T22:23:33.240+0000] {dag.py:4180} INFO - Setting next_dagrun for example_kubernetes_executor to None, run_after=None
[2025-01-28T22:23:33.263+0000] {processor.py:208} INFO - Processing /home/airflow/.local/lib/python3.12/site-packages/airflow/example_dags/example_kubernetes_executor.py took 0.091 seconds
[2025-01-28T22:24:05.287+0000] {processor.py:186} INFO - Started process (PID=1884) to work on /home/airflow/.local/lib/python3.12/site-packages/airflow/example_dags/example_kubernetes_executor.py
[2025-01-28T22:24:05.290+0000] {processor.py:914} INFO - Processing file /home/airflow/.local/lib/python3.12/site-packages/airflow/example_dags/example_kubernetes_executor.py for tasks to queue
[2025-01-28T22:24:05.293+0000] {logging_mixin.py:190} INFO - [2025-01-28T22:24:05.292+0000] {dagbag.py:588} INFO - Filling up the DagBag from /home/airflow/.local/lib/python3.12/site-packages/airflow/example_dags/example_kubernetes_executor.py
[2025-01-28T22:24:05.308+0000] {processor.py:925} INFO - DAG(s) 'example_kubernetes_executor' retrieved from /home/airflow/.local/lib/python3.12/site-packages/airflow/example_dags/example_kubernetes_executor.py
[2025-01-28T22:24:05.337+0000] {logging_mixin.py:190} INFO - [2025-01-28T22:24:05.336+0000] {dag.py:3239} INFO - Sync 1 DAGs
[2025-01-28T22:24:05.353+0000] {logging_mixin.py:190} INFO - [2025-01-28T22:24:05.353+0000] {dag.py:4180} INFO - Setting next_dagrun for example_kubernetes_executor to None, run_after=None
[2025-01-28T22:24:05.379+0000] {processor.py:208} INFO - Processing /home/airflow/.local/lib/python3.12/site-packages/airflow/example_dags/example_kubernetes_executor.py took 0.098 seconds
[2025-01-28T22:24:35.825+0000] {processor.py:186} INFO - Started process (PID=1947) to work on /home/airflow/.local/lib/python3.12/site-packages/airflow/example_dags/example_kubernetes_executor.py
[2025-01-28T22:24:35.826+0000] {processor.py:914} INFO - Processing file /home/airflow/.local/lib/python3.12/site-packages/airflow/example_dags/example_kubernetes_executor.py for tasks to queue
[2025-01-28T22:24:35.831+0000] {logging_mixin.py:190} INFO - [2025-01-28T22:24:35.831+0000] {dagbag.py:588} INFO - Filling up the DagBag from /home/airflow/.local/lib/python3.12/site-packages/airflow/example_dags/example_kubernetes_executor.py
[2025-01-28T22:24:35.851+0000] {processor.py:925} INFO - DAG(s) 'example_kubernetes_executor' retrieved from /home/airflow/.local/lib/python3.12/site-packages/airflow/example_dags/example_kubernetes_executor.py
[2025-01-28T22:24:35.880+0000] {logging_mixin.py:190} INFO - [2025-01-28T22:24:35.880+0000] {dag.py:3239} INFO - Sync 1 DAGs
[2025-01-28T22:24:35.896+0000] {logging_mixin.py:190} INFO - [2025-01-28T22:24:35.896+0000] {dag.py:4180} INFO - Setting next_dagrun for example_kubernetes_executor to None, run_after=None
[2025-01-28T22:24:35.918+0000] {processor.py:208} INFO - Processing /home/airflow/.local/lib/python3.12/site-packages/airflow/example_dags/example_kubernetes_executor.py took 0.099 seconds
[2025-01-28T22:25:07.800+0000] {processor.py:186} INFO - Started process (PID=2010) to work on /home/airflow/.local/lib/python3.12/site-packages/airflow/example_dags/example_kubernetes_executor.py
[2025-01-28T22:25:07.801+0000] {processor.py:914} INFO - Processing file /home/airflow/.local/lib/python3.12/site-packages/airflow/example_dags/example_kubernetes_executor.py for tasks to queue
[2025-01-28T22:25:07.804+0000] {logging_mixin.py:190} INFO - [2025-01-28T22:25:07.804+0000] {dagbag.py:588} INFO - Filling up the DagBag from /home/airflow/.local/lib/python3.12/site-packages/airflow/example_dags/example_kubernetes_executor.py
[2025-01-28T22:25:07.820+0000] {processor.py:925} INFO - DAG(s) 'example_kubernetes_executor' retrieved from /home/airflow/.local/lib/python3.12/site-packages/airflow/example_dags/example_kubernetes_executor.py
[2025-01-28T22:25:07.846+0000] {logging_mixin.py:190} INFO - [2025-01-28T22:25:07.845+0000] {dag.py:3239} INFO - Sync 1 DAGs
[2025-01-28T22:25:07.861+0000] {logging_mixin.py:190} INFO - [2025-01-28T22:25:07.861+0000] {dag.py:4180} INFO - Setting next_dagrun for example_kubernetes_executor to None, run_after=None
[2025-01-28T22:25:07.883+0000] {processor.py:208} INFO - Processing /home/airflow/.local/lib/python3.12/site-packages/airflow/example_dags/example_kubernetes_executor.py took 0.090 seconds
[2025-01-28T22:28:49.210+0000] {processor.py:186} INFO - Started process (PID=125) to work on /home/airflow/.local/lib/python3.12/site-packages/airflow/example_dags/example_kubernetes_executor.py
[2025-01-28T22:28:49.211+0000] {processor.py:914} INFO - Processing file /home/airflow/.local/lib/python3.12/site-packages/airflow/example_dags/example_kubernetes_executor.py for tasks to queue
[2025-01-28T22:28:49.214+0000] {logging_mixin.py:190} INFO - [2025-01-28T22:28:49.214+0000] {dagbag.py:588} INFO - Filling up the DagBag from /home/airflow/.local/lib/python3.12/site-packages/airflow/example_dags/example_kubernetes_executor.py
[2025-01-28T22:28:49.231+0000] {processor.py:925} INFO - DAG(s) 'example_kubernetes_executor' retrieved from /home/airflow/.local/lib/python3.12/site-packages/airflow/example_dags/example_kubernetes_executor.py
[2025-01-28T22:28:49.260+0000] {logging_mixin.py:190} INFO - [2025-01-28T22:28:49.259+0000] {dag.py:3239} INFO - Sync 1 DAGs
[2025-01-28T22:28:49.275+0000] {logging_mixin.py:190} INFO - [2025-01-28T22:28:49.275+0000] {dag.py:4180} INFO - Setting next_dagrun for example_kubernetes_executor to None, run_after=None
[2025-01-28T22:28:49.300+0000] {processor.py:208} INFO - Processing /home/airflow/.local/lib/python3.12/site-packages/airflow/example_dags/example_kubernetes_executor.py took 0.096 seconds
[2025-01-28T22:29:19.881+0000] {processor.py:186} INFO - Started process (PID=188) to work on /home/airflow/.local/lib/python3.12/site-packages/airflow/example_dags/example_kubernetes_executor.py
[2025-01-28T22:29:19.883+0000] {processor.py:914} INFO - Processing file /home/airflow/.local/lib/python3.12/site-packages/airflow/example_dags/example_kubernetes_executor.py for tasks to queue
[2025-01-28T22:29:19.886+0000] {logging_mixin.py:190} INFO - [2025-01-28T22:29:19.885+0000] {dagbag.py:588} INFO - Filling up the DagBag from /home/airflow/.local/lib/python3.12/site-packages/airflow/example_dags/example_kubernetes_executor.py
[2025-01-28T22:29:19.902+0000] {processor.py:925} INFO - DAG(s) 'example_kubernetes_executor' retrieved from /home/airflow/.local/lib/python3.12/site-packages/airflow/example_dags/example_kubernetes_executor.py
[2025-01-28T22:29:19.930+0000] {logging_mixin.py:190} INFO - [2025-01-28T22:29:19.930+0000] {dag.py:3239} INFO - Sync 1 DAGs
[2025-01-28T22:29:19.946+0000] {logging_mixin.py:190} INFO - [2025-01-28T22:29:19.945+0000] {dag.py:4180} INFO - Setting next_dagrun for example_kubernetes_executor to None, run_after=None
[2025-01-28T22:29:19.968+0000] {processor.py:208} INFO - Processing /home/airflow/.local/lib/python3.12/site-packages/airflow/example_dags/example_kubernetes_executor.py took 0.095 seconds
[2025-01-28T22:29:51.727+0000] {processor.py:186} INFO - Started process (PID=250) to work on /home/airflow/.local/lib/python3.12/site-packages/airflow/example_dags/example_kubernetes_executor.py
[2025-01-28T22:29:51.728+0000] {processor.py:914} INFO - Processing file /home/airflow/.local/lib/python3.12/site-packages/airflow/example_dags/example_kubernetes_executor.py for tasks to queue
[2025-01-28T22:29:51.731+0000] {logging_mixin.py:190} INFO - [2025-01-28T22:29:51.731+0000] {dagbag.py:588} INFO - Filling up the DagBag from /home/airflow/.local/lib/python3.12/site-packages/airflow/example_dags/example_kubernetes_executor.py
[2025-01-28T22:29:51.746+0000] {processor.py:925} INFO - DAG(s) 'example_kubernetes_executor' retrieved from /home/airflow/.local/lib/python3.12/site-packages/airflow/example_dags/example_kubernetes_executor.py
[2025-01-28T22:29:51.774+0000] {logging_mixin.py:190} INFO - [2025-01-28T22:29:51.774+0000] {dag.py:3239} INFO - Sync 1 DAGs
[2025-01-28T22:29:51.789+0000] {logging_mixin.py:190} INFO - [2025-01-28T22:29:51.789+0000] {dag.py:4180} INFO - Setting next_dagrun for example_kubernetes_executor to None, run_after=None
[2025-01-28T22:29:51.814+0000] {processor.py:208} INFO - Processing /home/airflow/.local/lib/python3.12/site-packages/airflow/example_dags/example_kubernetes_executor.py took 0.093 seconds
[2025-01-28T22:30:22.645+0000] {processor.py:186} INFO - Started process (PID=307) to work on /home/airflow/.local/lib/python3.12/site-packages/airflow/example_dags/example_kubernetes_executor.py
[2025-01-28T22:30:22.646+0000] {processor.py:914} INFO - Processing file /home/airflow/.local/lib/python3.12/site-packages/airflow/example_dags/example_kubernetes_executor.py for tasks to queue
[2025-01-28T22:30:22.649+0000] {logging_mixin.py:190} INFO - [2025-01-28T22:30:22.649+0000] {dagbag.py:588} INFO - Filling up the DagBag from /home/airflow/.local/lib/python3.12/site-packages/airflow/example_dags/example_kubernetes_executor.py
[2025-01-28T22:30:22.665+0000] {processor.py:925} INFO - DAG(s) 'example_kubernetes_executor' retrieved from /home/airflow/.local/lib/python3.12/site-packages/airflow/example_dags/example_kubernetes_executor.py
[2025-01-28T22:30:22.691+0000] {logging_mixin.py:190} INFO - [2025-01-28T22:30:22.691+0000] {dag.py:3239} INFO - Sync 1 DAGs
[2025-01-28T22:30:22.707+0000] {logging_mixin.py:190} INFO - [2025-01-28T22:30:22.707+0000] {dag.py:4180} INFO - Setting next_dagrun for example_kubernetes_executor to None, run_after=None
[2025-01-28T22:30:22.745+0000] {processor.py:208} INFO - Processing /home/airflow/.local/lib/python3.12/site-packages/airflow/example_dags/example_kubernetes_executor.py took 0.107 seconds
[2025-01-28T22:30:53.694+0000] {processor.py:186} INFO - Started process (PID=369) to work on /home/airflow/.local/lib/python3.12/site-packages/airflow/example_dags/example_kubernetes_executor.py
[2025-01-28T22:30:53.695+0000] {processor.py:914} INFO - Processing file /home/airflow/.local/lib/python3.12/site-packages/airflow/example_dags/example_kubernetes_executor.py for tasks to queue
[2025-01-28T22:30:53.699+0000] {logging_mixin.py:190} INFO - [2025-01-28T22:30:53.699+0000] {dagbag.py:588} INFO - Filling up the DagBag from /home/airflow/.local/lib/python3.12/site-packages/airflow/example_dags/example_kubernetes_executor.py
[2025-01-28T22:30:53.715+0000] {processor.py:925} INFO - DAG(s) 'example_kubernetes_executor' retrieved from /home/airflow/.local/lib/python3.12/site-packages/airflow/example_dags/example_kubernetes_executor.py
[2025-01-28T22:30:53.741+0000] {logging_mixin.py:190} INFO - [2025-01-28T22:30:53.740+0000] {dag.py:3239} INFO - Sync 1 DAGs
[2025-01-28T22:30:53.756+0000] {logging_mixin.py:190} INFO - [2025-01-28T22:30:53.756+0000] {dag.py:4180} INFO - Setting next_dagrun for example_kubernetes_executor to None, run_after=None
[2025-01-28T22:30:53.789+0000] {processor.py:208} INFO - Processing /home/airflow/.local/lib/python3.12/site-packages/airflow/example_dags/example_kubernetes_executor.py took 0.101 seconds
