[2025-01-28T22:09:32.572+0000] {processor.py:186} INFO - Started process (PID=139) to work on /home/airflow/.local/lib/python3.12/site-packages/airflow/example_dags/example_setup_teardown.py
[2025-01-28T22:09:32.573+0000] {processor.py:914} INFO - Processing file /home/airflow/.local/lib/python3.12/site-packages/airflow/example_dags/example_setup_teardown.py for tasks to queue
[2025-01-28T22:09:32.576+0000] {logging_mixin.py:190} INFO - [2025-01-28T22:09:32.576+0000] {dagbag.py:588} INFO - Filling up the DagBag from /home/airflow/.local/lib/python3.12/site-packages/airflow/example_dags/example_setup_teardown.py
[2025-01-28T22:09:32.591+0000] {processor.py:925} INFO - DAG(s) 'example_setup_teardown' retrieved from /home/airflow/.local/lib/python3.12/site-packages/airflow/example_dags/example_setup_teardown.py
[2025-01-28T22:09:32.713+0000] {logging_mixin.py:190} INFO - [2025-01-28T22:09:32.712+0000] {override.py:1911} INFO - Created Permission View: can delete on DAG:example_setup_teardown
[2025-01-28T22:09:32.727+0000] {logging_mixin.py:190} INFO - [2025-01-28T22:09:32.726+0000] {override.py:1911} INFO - Created Permission View: can edit on DAG:example_setup_teardown
[2025-01-28T22:09:32.737+0000] {logging_mixin.py:190} INFO - [2025-01-28T22:09:32.736+0000] {override.py:1911} INFO - Created Permission View: can read on DAG:example_setup_teardown
[2025-01-28T22:09:32.749+0000] {logging_mixin.py:190} INFO - [2025-01-28T22:09:32.749+0000] {override.py:1911} INFO - Created Permission View: can create on DAG Run:example_setup_teardown
[2025-01-28T22:09:32.759+0000] {logging_mixin.py:190} INFO - [2025-01-28T22:09:32.759+0000] {override.py:1911} INFO - Created Permission View: can delete on DAG Run:example_setup_teardown
[2025-01-28T22:09:32.770+0000] {logging_mixin.py:190} INFO - [2025-01-28T22:09:32.769+0000] {override.py:1911} INFO - Created Permission View: menu access on DAG Run:example_setup_teardown
[2025-01-28T22:09:32.779+0000] {logging_mixin.py:190} INFO - [2025-01-28T22:09:32.778+0000] {override.py:1911} INFO - Created Permission View: can read on DAG Run:example_setup_teardown
[2025-01-28T22:09:32.780+0000] {logging_mixin.py:190} INFO - [2025-01-28T22:09:32.779+0000] {dag.py:3239} INFO - Sync 1 DAGs
[2025-01-28T22:09:32.793+0000] {logging_mixin.py:190} INFO - [2025-01-28T22:09:32.793+0000] {dag.py:3262} INFO - Creating ORM DAG for example_setup_teardown
[2025-01-28T22:09:32.794+0000] {logging_mixin.py:190} INFO - [2025-01-28T22:09:32.794+0000] {dag.py:4180} INFO - Setting next_dagrun for example_setup_teardown to None, run_after=None
[2025-01-28T22:09:32.816+0000] {processor.py:208} INFO - Processing /home/airflow/.local/lib/python3.12/site-packages/airflow/example_dags/example_setup_teardown.py took 0.251 seconds
[2025-01-28T22:10:03.537+0000] {processor.py:186} INFO - Started process (PID=202) to work on /home/airflow/.local/lib/python3.12/site-packages/airflow/example_dags/example_setup_teardown.py
[2025-01-28T22:10:03.539+0000] {processor.py:914} INFO - Processing file /home/airflow/.local/lib/python3.12/site-packages/airflow/example_dags/example_setup_teardown.py for tasks to queue
[2025-01-28T22:10:03.542+0000] {logging_mixin.py:190} INFO - [2025-01-28T22:10:03.541+0000] {dagbag.py:588} INFO - Filling up the DagBag from /home/airflow/.local/lib/python3.12/site-packages/airflow/example_dags/example_setup_teardown.py
[2025-01-28T22:10:03.551+0000] {processor.py:925} INFO - DAG(s) 'example_setup_teardown' retrieved from /home/airflow/.local/lib/python3.12/site-packages/airflow/example_dags/example_setup_teardown.py
[2025-01-28T22:10:03.573+0000] {logging_mixin.py:190} INFO - [2025-01-28T22:10:03.573+0000] {dag.py:3239} INFO - Sync 1 DAGs
[2025-01-28T22:10:03.588+0000] {logging_mixin.py:190} INFO - [2025-01-28T22:10:03.588+0000] {dag.py:4180} INFO - Setting next_dagrun for example_setup_teardown to None, run_after=None
[2025-01-28T22:10:03.610+0000] {processor.py:208} INFO - Processing /home/airflow/.local/lib/python3.12/site-packages/airflow/example_dags/example_setup_teardown.py took 0.079 seconds
[2025-01-28T22:10:34.291+0000] {processor.py:186} INFO - Started process (PID=265) to work on /home/airflow/.local/lib/python3.12/site-packages/airflow/example_dags/example_setup_teardown.py
[2025-01-28T22:10:34.292+0000] {processor.py:914} INFO - Processing file /home/airflow/.local/lib/python3.12/site-packages/airflow/example_dags/example_setup_teardown.py for tasks to queue
[2025-01-28T22:10:34.295+0000] {logging_mixin.py:190} INFO - [2025-01-28T22:10:34.295+0000] {dagbag.py:588} INFO - Filling up the DagBag from /home/airflow/.local/lib/python3.12/site-packages/airflow/example_dags/example_setup_teardown.py
[2025-01-28T22:10:34.305+0000] {processor.py:925} INFO - DAG(s) 'example_setup_teardown' retrieved from /home/airflow/.local/lib/python3.12/site-packages/airflow/example_dags/example_setup_teardown.py
[2025-01-28T22:10:34.328+0000] {logging_mixin.py:190} INFO - [2025-01-28T22:10:34.327+0000] {dag.py:3239} INFO - Sync 1 DAGs
[2025-01-28T22:10:34.343+0000] {logging_mixin.py:190} INFO - [2025-01-28T22:10:34.343+0000] {dag.py:4180} INFO - Setting next_dagrun for example_setup_teardown to None, run_after=None
[2025-01-28T22:10:34.366+0000] {processor.py:208} INFO - Processing /home/airflow/.local/lib/python3.12/site-packages/airflow/example_dags/example_setup_teardown.py took 0.082 seconds
[2025-01-28T22:11:04.620+0000] {processor.py:186} INFO - Started process (PID=328) to work on /home/airflow/.local/lib/python3.12/site-packages/airflow/example_dags/example_setup_teardown.py
[2025-01-28T22:11:04.621+0000] {processor.py:914} INFO - Processing file /home/airflow/.local/lib/python3.12/site-packages/airflow/example_dags/example_setup_teardown.py for tasks to queue
[2025-01-28T22:11:04.624+0000] {logging_mixin.py:190} INFO - [2025-01-28T22:11:04.623+0000] {dagbag.py:588} INFO - Filling up the DagBag from /home/airflow/.local/lib/python3.12/site-packages/airflow/example_dags/example_setup_teardown.py
[2025-01-28T22:11:04.634+0000] {processor.py:925} INFO - DAG(s) 'example_setup_teardown' retrieved from /home/airflow/.local/lib/python3.12/site-packages/airflow/example_dags/example_setup_teardown.py
[2025-01-28T22:11:04.657+0000] {logging_mixin.py:190} INFO - [2025-01-28T22:11:04.657+0000] {dag.py:3239} INFO - Sync 1 DAGs
[2025-01-28T22:11:04.673+0000] {logging_mixin.py:190} INFO - [2025-01-28T22:11:04.673+0000] {dag.py:4180} INFO - Setting next_dagrun for example_setup_teardown to None, run_after=None
[2025-01-28T22:11:04.699+0000] {processor.py:208} INFO - Processing /home/airflow/.local/lib/python3.12/site-packages/airflow/example_dags/example_setup_teardown.py took 0.085 seconds
[2025-01-28T22:11:35.022+0000] {processor.py:186} INFO - Started process (PID=391) to work on /home/airflow/.local/lib/python3.12/site-packages/airflow/example_dags/example_setup_teardown.py
[2025-01-28T22:11:35.023+0000] {processor.py:914} INFO - Processing file /home/airflow/.local/lib/python3.12/site-packages/airflow/example_dags/example_setup_teardown.py for tasks to queue
[2025-01-28T22:11:35.026+0000] {logging_mixin.py:190} INFO - [2025-01-28T22:11:35.026+0000] {dagbag.py:588} INFO - Filling up the DagBag from /home/airflow/.local/lib/python3.12/site-packages/airflow/example_dags/example_setup_teardown.py
[2025-01-28T22:11:35.036+0000] {processor.py:925} INFO - DAG(s) 'example_setup_teardown' retrieved from /home/airflow/.local/lib/python3.12/site-packages/airflow/example_dags/example_setup_teardown.py
[2025-01-28T22:11:35.059+0000] {logging_mixin.py:190} INFO - [2025-01-28T22:11:35.059+0000] {dag.py:3239} INFO - Sync 1 DAGs
[2025-01-28T22:11:35.075+0000] {logging_mixin.py:190} INFO - [2025-01-28T22:11:35.074+0000] {dag.py:4180} INFO - Setting next_dagrun for example_setup_teardown to None, run_after=None
[2025-01-28T22:11:35.099+0000] {processor.py:208} INFO - Processing /home/airflow/.local/lib/python3.12/site-packages/airflow/example_dags/example_setup_teardown.py took 0.083 seconds
[2025-01-28T22:12:05.273+0000] {processor.py:186} INFO - Started process (PID=453) to work on /home/airflow/.local/lib/python3.12/site-packages/airflow/example_dags/example_setup_teardown.py
[2025-01-28T22:12:05.275+0000] {processor.py:914} INFO - Processing file /home/airflow/.local/lib/python3.12/site-packages/airflow/example_dags/example_setup_teardown.py for tasks to queue
[2025-01-28T22:12:05.278+0000] {logging_mixin.py:190} INFO - [2025-01-28T22:12:05.277+0000] {dagbag.py:588} INFO - Filling up the DagBag from /home/airflow/.local/lib/python3.12/site-packages/airflow/example_dags/example_setup_teardown.py
[2025-01-28T22:12:05.289+0000] {processor.py:925} INFO - DAG(s) 'example_setup_teardown' retrieved from /home/airflow/.local/lib/python3.12/site-packages/airflow/example_dags/example_setup_teardown.py
[2025-01-28T22:12:05.325+0000] {logging_mixin.py:190} INFO - [2025-01-28T22:12:05.325+0000] {dag.py:3239} INFO - Sync 1 DAGs
[2025-01-28T22:12:05.349+0000] {logging_mixin.py:190} INFO - [2025-01-28T22:12:05.349+0000] {dag.py:4180} INFO - Setting next_dagrun for example_setup_teardown to None, run_after=None
[2025-01-28T22:12:05.388+0000] {processor.py:208} INFO - Processing /home/airflow/.local/lib/python3.12/site-packages/airflow/example_dags/example_setup_teardown.py took 0.121 seconds
[2025-01-28T22:12:36.493+0000] {processor.py:186} INFO - Started process (PID=516) to work on /home/airflow/.local/lib/python3.12/site-packages/airflow/example_dags/example_setup_teardown.py
[2025-01-28T22:12:36.494+0000] {processor.py:914} INFO - Processing file /home/airflow/.local/lib/python3.12/site-packages/airflow/example_dags/example_setup_teardown.py for tasks to queue
[2025-01-28T22:12:36.497+0000] {logging_mixin.py:190} INFO - [2025-01-28T22:12:36.497+0000] {dagbag.py:588} INFO - Filling up the DagBag from /home/airflow/.local/lib/python3.12/site-packages/airflow/example_dags/example_setup_teardown.py
[2025-01-28T22:12:36.506+0000] {processor.py:925} INFO - DAG(s) 'example_setup_teardown' retrieved from /home/airflow/.local/lib/python3.12/site-packages/airflow/example_dags/example_setup_teardown.py
[2025-01-28T22:12:36.529+0000] {logging_mixin.py:190} INFO - [2025-01-28T22:12:36.529+0000] {dag.py:3239} INFO - Sync 1 DAGs
[2025-01-28T22:12:36.545+0000] {logging_mixin.py:190} INFO - [2025-01-28T22:12:36.544+0000] {dag.py:4180} INFO - Setting next_dagrun for example_setup_teardown to None, run_after=None
[2025-01-28T22:12:36.569+0000] {processor.py:208} INFO - Processing /home/airflow/.local/lib/python3.12/site-packages/airflow/example_dags/example_setup_teardown.py took 0.082 seconds
[2025-01-28T22:13:09.036+0000] {processor.py:186} INFO - Started process (PID=580) to work on /home/airflow/.local/lib/python3.12/site-packages/airflow/example_dags/example_setup_teardown.py
[2025-01-28T22:13:09.037+0000] {processor.py:914} INFO - Processing file /home/airflow/.local/lib/python3.12/site-packages/airflow/example_dags/example_setup_teardown.py for tasks to queue
[2025-01-28T22:13:09.040+0000] {logging_mixin.py:190} INFO - [2025-01-28T22:13:09.040+0000] {dagbag.py:588} INFO - Filling up the DagBag from /home/airflow/.local/lib/python3.12/site-packages/airflow/example_dags/example_setup_teardown.py
[2025-01-28T22:13:09.050+0000] {processor.py:925} INFO - DAG(s) 'example_setup_teardown' retrieved from /home/airflow/.local/lib/python3.12/site-packages/airflow/example_dags/example_setup_teardown.py
[2025-01-28T22:13:09.071+0000] {logging_mixin.py:190} INFO - [2025-01-28T22:13:09.071+0000] {dag.py:3239} INFO - Sync 1 DAGs
[2025-01-28T22:13:09.086+0000] {logging_mixin.py:190} INFO - [2025-01-28T22:13:09.086+0000] {dag.py:4180} INFO - Setting next_dagrun for example_setup_teardown to None, run_after=None
[2025-01-28T22:13:09.120+0000] {processor.py:208} INFO - Processing /home/airflow/.local/lib/python3.12/site-packages/airflow/example_dags/example_setup_teardown.py took 0.090 seconds
[2025-01-28T22:13:39.590+0000] {processor.py:186} INFO - Started process (PID=643) to work on /home/airflow/.local/lib/python3.12/site-packages/airflow/example_dags/example_setup_teardown.py
[2025-01-28T22:13:39.592+0000] {processor.py:914} INFO - Processing file /home/airflow/.local/lib/python3.12/site-packages/airflow/example_dags/example_setup_teardown.py for tasks to queue
[2025-01-28T22:13:39.595+0000] {logging_mixin.py:190} INFO - [2025-01-28T22:13:39.594+0000] {dagbag.py:588} INFO - Filling up the DagBag from /home/airflow/.local/lib/python3.12/site-packages/airflow/example_dags/example_setup_teardown.py
[2025-01-28T22:13:39.604+0000] {processor.py:925} INFO - DAG(s) 'example_setup_teardown' retrieved from /home/airflow/.local/lib/python3.12/site-packages/airflow/example_dags/example_setup_teardown.py
[2025-01-28T22:13:39.627+0000] {logging_mixin.py:190} INFO - [2025-01-28T22:13:39.626+0000] {dag.py:3239} INFO - Sync 1 DAGs
[2025-01-28T22:13:39.643+0000] {logging_mixin.py:190} INFO - [2025-01-28T22:13:39.643+0000] {dag.py:4180} INFO - Setting next_dagrun for example_setup_teardown to None, run_after=None
[2025-01-28T22:13:39.682+0000] {processor.py:208} INFO - Processing /home/airflow/.local/lib/python3.12/site-packages/airflow/example_dags/example_setup_teardown.py took 0.098 seconds
[2025-01-28T22:14:11.006+0000] {processor.py:186} INFO - Started process (PID=706) to work on /home/airflow/.local/lib/python3.12/site-packages/airflow/example_dags/example_setup_teardown.py
[2025-01-28T22:14:11.008+0000] {processor.py:914} INFO - Processing file /home/airflow/.local/lib/python3.12/site-packages/airflow/example_dags/example_setup_teardown.py for tasks to queue
[2025-01-28T22:14:11.011+0000] {logging_mixin.py:190} INFO - [2025-01-28T22:14:11.011+0000] {dagbag.py:588} INFO - Filling up the DagBag from /home/airflow/.local/lib/python3.12/site-packages/airflow/example_dags/example_setup_teardown.py
[2025-01-28T22:14:11.020+0000] {processor.py:925} INFO - DAG(s) 'example_setup_teardown' retrieved from /home/airflow/.local/lib/python3.12/site-packages/airflow/example_dags/example_setup_teardown.py
[2025-01-28T22:14:11.044+0000] {logging_mixin.py:190} INFO - [2025-01-28T22:14:11.044+0000] {dag.py:3239} INFO - Sync 1 DAGs
[2025-01-28T22:14:11.060+0000] {logging_mixin.py:190} INFO - [2025-01-28T22:14:11.060+0000] {dag.py:4180} INFO - Setting next_dagrun for example_setup_teardown to None, run_after=None
[2025-01-28T22:14:11.086+0000] {processor.py:208} INFO - Processing /home/airflow/.local/lib/python3.12/site-packages/airflow/example_dags/example_setup_teardown.py took 0.086 seconds
[2025-01-28T22:14:41.864+0000] {processor.py:186} INFO - Started process (PID=768) to work on /home/airflow/.local/lib/python3.12/site-packages/airflow/example_dags/example_setup_teardown.py
[2025-01-28T22:14:41.865+0000] {processor.py:914} INFO - Processing file /home/airflow/.local/lib/python3.12/site-packages/airflow/example_dags/example_setup_teardown.py for tasks to queue
[2025-01-28T22:14:41.868+0000] {logging_mixin.py:190} INFO - [2025-01-28T22:14:41.867+0000] {dagbag.py:588} INFO - Filling up the DagBag from /home/airflow/.local/lib/python3.12/site-packages/airflow/example_dags/example_setup_teardown.py
[2025-01-28T22:14:41.877+0000] {processor.py:925} INFO - DAG(s) 'example_setup_teardown' retrieved from /home/airflow/.local/lib/python3.12/site-packages/airflow/example_dags/example_setup_teardown.py
[2025-01-28T22:14:41.899+0000] {logging_mixin.py:190} INFO - [2025-01-28T22:14:41.898+0000] {dag.py:3239} INFO - Sync 1 DAGs
[2025-01-28T22:14:41.914+0000] {logging_mixin.py:190} INFO - [2025-01-28T22:14:41.914+0000] {dag.py:4180} INFO - Setting next_dagrun for example_setup_teardown to None, run_after=None
[2025-01-28T22:14:41.938+0000] {processor.py:208} INFO - Processing /home/airflow/.local/lib/python3.12/site-packages/airflow/example_dags/example_setup_teardown.py took 0.080 seconds
[2025-01-28T22:15:12.507+0000] {processor.py:186} INFO - Started process (PID=831) to work on /home/airflow/.local/lib/python3.12/site-packages/airflow/example_dags/example_setup_teardown.py
[2025-01-28T22:15:12.508+0000] {processor.py:914} INFO - Processing file /home/airflow/.local/lib/python3.12/site-packages/airflow/example_dags/example_setup_teardown.py for tasks to queue
[2025-01-28T22:15:12.512+0000] {logging_mixin.py:190} INFO - [2025-01-28T22:15:12.511+0000] {dagbag.py:588} INFO - Filling up the DagBag from /home/airflow/.local/lib/python3.12/site-packages/airflow/example_dags/example_setup_teardown.py
[2025-01-28T22:15:12.521+0000] {processor.py:925} INFO - DAG(s) 'example_setup_teardown' retrieved from /home/airflow/.local/lib/python3.12/site-packages/airflow/example_dags/example_setup_teardown.py
[2025-01-28T22:15:12.544+0000] {logging_mixin.py:190} INFO - [2025-01-28T22:15:12.544+0000] {dag.py:3239} INFO - Sync 1 DAGs
[2025-01-28T22:15:12.561+0000] {logging_mixin.py:190} INFO - [2025-01-28T22:15:12.560+0000] {dag.py:4180} INFO - Setting next_dagrun for example_setup_teardown to None, run_after=None
[2025-01-28T22:15:12.583+0000] {processor.py:208} INFO - Processing /home/airflow/.local/lib/python3.12/site-packages/airflow/example_dags/example_setup_teardown.py took 0.083 seconds
[2025-01-28T22:15:44.086+0000] {processor.py:186} INFO - Started process (PID=894) to work on /home/airflow/.local/lib/python3.12/site-packages/airflow/example_dags/example_setup_teardown.py
[2025-01-28T22:15:44.090+0000] {processor.py:914} INFO - Processing file /home/airflow/.local/lib/python3.12/site-packages/airflow/example_dags/example_setup_teardown.py for tasks to queue
[2025-01-28T22:15:44.094+0000] {logging_mixin.py:190} INFO - [2025-01-28T22:15:44.094+0000] {dagbag.py:588} INFO - Filling up the DagBag from /home/airflow/.local/lib/python3.12/site-packages/airflow/example_dags/example_setup_teardown.py
[2025-01-28T22:15:44.104+0000] {processor.py:925} INFO - DAG(s) 'example_setup_teardown' retrieved from /home/airflow/.local/lib/python3.12/site-packages/airflow/example_dags/example_setup_teardown.py
[2025-01-28T22:15:44.126+0000] {logging_mixin.py:190} INFO - [2025-01-28T22:15:44.125+0000] {dag.py:3239} INFO - Sync 1 DAGs
[2025-01-28T22:15:44.141+0000] {logging_mixin.py:190} INFO - [2025-01-28T22:15:44.140+0000] {dag.py:4180} INFO - Setting next_dagrun for example_setup_teardown to None, run_after=None
[2025-01-28T22:15:44.165+0000] {processor.py:208} INFO - Processing /home/airflow/.local/lib/python3.12/site-packages/airflow/example_dags/example_setup_teardown.py took 0.086 seconds
[2025-01-28T22:16:15.665+0000] {processor.py:186} INFO - Started process (PID=958) to work on /home/airflow/.local/lib/python3.12/site-packages/airflow/example_dags/example_setup_teardown.py
[2025-01-28T22:16:15.667+0000] {processor.py:914} INFO - Processing file /home/airflow/.local/lib/python3.12/site-packages/airflow/example_dags/example_setup_teardown.py for tasks to queue
[2025-01-28T22:16:15.670+0000] {logging_mixin.py:190} INFO - [2025-01-28T22:16:15.669+0000] {dagbag.py:588} INFO - Filling up the DagBag from /home/airflow/.local/lib/python3.12/site-packages/airflow/example_dags/example_setup_teardown.py
[2025-01-28T22:16:15.679+0000] {processor.py:925} INFO - DAG(s) 'example_setup_teardown' retrieved from /home/airflow/.local/lib/python3.12/site-packages/airflow/example_dags/example_setup_teardown.py
[2025-01-28T22:16:15.705+0000] {logging_mixin.py:190} INFO - [2025-01-28T22:16:15.705+0000] {dag.py:3239} INFO - Sync 1 DAGs
[2025-01-28T22:16:15.723+0000] {logging_mixin.py:190} INFO - [2025-01-28T22:16:15.722+0000] {dag.py:4180} INFO - Setting next_dagrun for example_setup_teardown to None, run_after=None
[2025-01-28T22:16:15.782+0000] {processor.py:208} INFO - Processing /home/airflow/.local/lib/python3.12/site-packages/airflow/example_dags/example_setup_teardown.py took 0.123 seconds
[2025-01-28T22:16:47.773+0000] {processor.py:186} INFO - Started process (PID=1021) to work on /home/airflow/.local/lib/python3.12/site-packages/airflow/example_dags/example_setup_teardown.py
[2025-01-28T22:16:47.775+0000] {processor.py:914} INFO - Processing file /home/airflow/.local/lib/python3.12/site-packages/airflow/example_dags/example_setup_teardown.py for tasks to queue
[2025-01-28T22:16:47.778+0000] {logging_mixin.py:190} INFO - [2025-01-28T22:16:47.777+0000] {dagbag.py:588} INFO - Filling up the DagBag from /home/airflow/.local/lib/python3.12/site-packages/airflow/example_dags/example_setup_teardown.py
[2025-01-28T22:16:47.787+0000] {processor.py:925} INFO - DAG(s) 'example_setup_teardown' retrieved from /home/airflow/.local/lib/python3.12/site-packages/airflow/example_dags/example_setup_teardown.py
[2025-01-28T22:16:47.809+0000] {logging_mixin.py:190} INFO - [2025-01-28T22:16:47.809+0000] {dag.py:3239} INFO - Sync 1 DAGs
[2025-01-28T22:16:47.825+0000] {logging_mixin.py:190} INFO - [2025-01-28T22:16:47.824+0000] {dag.py:4180} INFO - Setting next_dagrun for example_setup_teardown to None, run_after=None
[2025-01-28T22:16:47.862+0000] {processor.py:208} INFO - Processing /home/airflow/.local/lib/python3.12/site-packages/airflow/example_dags/example_setup_teardown.py took 0.094 seconds
[2025-01-28T22:17:19.865+0000] {processor.py:186} INFO - Started process (PID=1085) to work on /home/airflow/.local/lib/python3.12/site-packages/airflow/example_dags/example_setup_teardown.py
[2025-01-28T22:17:19.866+0000] {processor.py:914} INFO - Processing file /home/airflow/.local/lib/python3.12/site-packages/airflow/example_dags/example_setup_teardown.py for tasks to queue
[2025-01-28T22:17:19.869+0000] {logging_mixin.py:190} INFO - [2025-01-28T22:17:19.868+0000] {dagbag.py:588} INFO - Filling up the DagBag from /home/airflow/.local/lib/python3.12/site-packages/airflow/example_dags/example_setup_teardown.py
[2025-01-28T22:17:19.878+0000] {processor.py:925} INFO - DAG(s) 'example_setup_teardown' retrieved from /home/airflow/.local/lib/python3.12/site-packages/airflow/example_dags/example_setup_teardown.py
[2025-01-28T22:17:19.898+0000] {logging_mixin.py:190} INFO - [2025-01-28T22:17:19.898+0000] {dag.py:3239} INFO - Sync 1 DAGs
[2025-01-28T22:17:19.913+0000] {logging_mixin.py:190} INFO - [2025-01-28T22:17:19.913+0000] {dag.py:4180} INFO - Setting next_dagrun for example_setup_teardown to None, run_after=None
[2025-01-28T22:17:19.936+0000] {processor.py:208} INFO - Processing /home/airflow/.local/lib/python3.12/site-packages/airflow/example_dags/example_setup_teardown.py took 0.077 seconds
[2025-01-28T22:17:51.349+0000] {processor.py:186} INFO - Started process (PID=1148) to work on /home/airflow/.local/lib/python3.12/site-packages/airflow/example_dags/example_setup_teardown.py
[2025-01-28T22:17:51.350+0000] {processor.py:914} INFO - Processing file /home/airflow/.local/lib/python3.12/site-packages/airflow/example_dags/example_setup_teardown.py for tasks to queue
[2025-01-28T22:17:51.353+0000] {logging_mixin.py:190} INFO - [2025-01-28T22:17:51.352+0000] {dagbag.py:588} INFO - Filling up the DagBag from /home/airflow/.local/lib/python3.12/site-packages/airflow/example_dags/example_setup_teardown.py
[2025-01-28T22:17:51.362+0000] {processor.py:925} INFO - DAG(s) 'example_setup_teardown' retrieved from /home/airflow/.local/lib/python3.12/site-packages/airflow/example_dags/example_setup_teardown.py
[2025-01-28T22:17:51.388+0000] {logging_mixin.py:190} INFO - [2025-01-28T22:17:51.388+0000] {dag.py:3239} INFO - Sync 1 DAGs
[2025-01-28T22:17:51.404+0000] {logging_mixin.py:190} INFO - [2025-01-28T22:17:51.403+0000] {dag.py:4180} INFO - Setting next_dagrun for example_setup_teardown to None, run_after=None
[2025-01-28T22:17:51.426+0000] {processor.py:208} INFO - Processing /home/airflow/.local/lib/python3.12/site-packages/airflow/example_dags/example_setup_teardown.py took 0.083 seconds
[2025-01-28T22:18:23.227+0000] {processor.py:186} INFO - Started process (PID=1211) to work on /home/airflow/.local/lib/python3.12/site-packages/airflow/example_dags/example_setup_teardown.py
[2025-01-28T22:18:23.229+0000] {processor.py:914} INFO - Processing file /home/airflow/.local/lib/python3.12/site-packages/airflow/example_dags/example_setup_teardown.py for tasks to queue
[2025-01-28T22:18:23.232+0000] {logging_mixin.py:190} INFO - [2025-01-28T22:18:23.231+0000] {dagbag.py:588} INFO - Filling up the DagBag from /home/airflow/.local/lib/python3.12/site-packages/airflow/example_dags/example_setup_teardown.py
[2025-01-28T22:18:23.241+0000] {processor.py:925} INFO - DAG(s) 'example_setup_teardown' retrieved from /home/airflow/.local/lib/python3.12/site-packages/airflow/example_dags/example_setup_teardown.py
[2025-01-28T22:18:23.261+0000] {logging_mixin.py:190} INFO - [2025-01-28T22:18:23.261+0000] {dag.py:3239} INFO - Sync 1 DAGs
[2025-01-28T22:18:23.277+0000] {logging_mixin.py:190} INFO - [2025-01-28T22:18:23.277+0000] {dag.py:4180} INFO - Setting next_dagrun for example_setup_teardown to None, run_after=None
[2025-01-28T22:18:23.302+0000] {processor.py:208} INFO - Processing /home/airflow/.local/lib/python3.12/site-packages/airflow/example_dags/example_setup_teardown.py took 0.081 seconds
[2025-01-28T22:18:53.889+0000] {processor.py:186} INFO - Started process (PID=1274) to work on /home/airflow/.local/lib/python3.12/site-packages/airflow/example_dags/example_setup_teardown.py
[2025-01-28T22:18:53.890+0000] {processor.py:914} INFO - Processing file /home/airflow/.local/lib/python3.12/site-packages/airflow/example_dags/example_setup_teardown.py for tasks to queue
[2025-01-28T22:18:53.893+0000] {logging_mixin.py:190} INFO - [2025-01-28T22:18:53.893+0000] {dagbag.py:588} INFO - Filling up the DagBag from /home/airflow/.local/lib/python3.12/site-packages/airflow/example_dags/example_setup_teardown.py
[2025-01-28T22:18:53.903+0000] {processor.py:925} INFO - DAG(s) 'example_setup_teardown' retrieved from /home/airflow/.local/lib/python3.12/site-packages/airflow/example_dags/example_setup_teardown.py
[2025-01-28T22:18:53.928+0000] {logging_mixin.py:190} INFO - [2025-01-28T22:18:53.927+0000] {dag.py:3239} INFO - Sync 1 DAGs
[2025-01-28T22:18:53.946+0000] {logging_mixin.py:190} INFO - [2025-01-28T22:18:53.946+0000] {dag.py:4180} INFO - Setting next_dagrun for example_setup_teardown to None, run_after=None
[2025-01-28T22:18:53.971+0000] {processor.py:208} INFO - Processing /home/airflow/.local/lib/python3.12/site-packages/airflow/example_dags/example_setup_teardown.py took 0.089 seconds
[2025-01-28T22:19:25.327+0000] {processor.py:186} INFO - Started process (PID=1337) to work on /home/airflow/.local/lib/python3.12/site-packages/airflow/example_dags/example_setup_teardown.py
[2025-01-28T22:19:25.330+0000] {processor.py:914} INFO - Processing file /home/airflow/.local/lib/python3.12/site-packages/airflow/example_dags/example_setup_teardown.py for tasks to queue
[2025-01-28T22:19:25.333+0000] {logging_mixin.py:190} INFO - [2025-01-28T22:19:25.333+0000] {dagbag.py:588} INFO - Filling up the DagBag from /home/airflow/.local/lib/python3.12/site-packages/airflow/example_dags/example_setup_teardown.py
[2025-01-28T22:19:25.345+0000] {processor.py:925} INFO - DAG(s) 'example_setup_teardown' retrieved from /home/airflow/.local/lib/python3.12/site-packages/airflow/example_dags/example_setup_teardown.py
[2025-01-28T22:19:25.371+0000] {logging_mixin.py:190} INFO - [2025-01-28T22:19:25.370+0000] {dag.py:3239} INFO - Sync 1 DAGs
[2025-01-28T22:19:25.389+0000] {logging_mixin.py:190} INFO - [2025-01-28T22:19:25.389+0000] {dag.py:4180} INFO - Setting next_dagrun for example_setup_teardown to None, run_after=None
[2025-01-28T22:19:25.412+0000] {processor.py:208} INFO - Processing /home/airflow/.local/lib/python3.12/site-packages/airflow/example_dags/example_setup_teardown.py took 0.092 seconds
[2025-01-28T22:19:56.274+0000] {processor.py:186} INFO - Started process (PID=1400) to work on /home/airflow/.local/lib/python3.12/site-packages/airflow/example_dags/example_setup_teardown.py
[2025-01-28T22:19:56.276+0000] {processor.py:914} INFO - Processing file /home/airflow/.local/lib/python3.12/site-packages/airflow/example_dags/example_setup_teardown.py for tasks to queue
[2025-01-28T22:19:56.278+0000] {logging_mixin.py:190} INFO - [2025-01-28T22:19:56.278+0000] {dagbag.py:588} INFO - Filling up the DagBag from /home/airflow/.local/lib/python3.12/site-packages/airflow/example_dags/example_setup_teardown.py
[2025-01-28T22:19:56.288+0000] {processor.py:925} INFO - DAG(s) 'example_setup_teardown' retrieved from /home/airflow/.local/lib/python3.12/site-packages/airflow/example_dags/example_setup_teardown.py
[2025-01-28T22:19:56.308+0000] {logging_mixin.py:190} INFO - [2025-01-28T22:19:56.308+0000] {dag.py:3239} INFO - Sync 1 DAGs
[2025-01-28T22:19:56.324+0000] {logging_mixin.py:190} INFO - [2025-01-28T22:19:56.324+0000] {dag.py:4180} INFO - Setting next_dagrun for example_setup_teardown to None, run_after=None
[2025-01-28T22:19:56.348+0000] {processor.py:208} INFO - Processing /home/airflow/.local/lib/python3.12/site-packages/airflow/example_dags/example_setup_teardown.py took 0.080 seconds
[2025-01-28T22:20:27.144+0000] {processor.py:186} INFO - Started process (PID=1463) to work on /home/airflow/.local/lib/python3.12/site-packages/airflow/example_dags/example_setup_teardown.py
[2025-01-28T22:20:27.146+0000] {processor.py:914} INFO - Processing file /home/airflow/.local/lib/python3.12/site-packages/airflow/example_dags/example_setup_teardown.py for tasks to queue
[2025-01-28T22:20:27.149+0000] {logging_mixin.py:190} INFO - [2025-01-28T22:20:27.149+0000] {dagbag.py:588} INFO - Filling up the DagBag from /home/airflow/.local/lib/python3.12/site-packages/airflow/example_dags/example_setup_teardown.py
[2025-01-28T22:20:27.158+0000] {processor.py:925} INFO - DAG(s) 'example_setup_teardown' retrieved from /home/airflow/.local/lib/python3.12/site-packages/airflow/example_dags/example_setup_teardown.py
[2025-01-28T22:20:27.183+0000] {logging_mixin.py:190} INFO - [2025-01-28T22:20:27.183+0000] {dag.py:3239} INFO - Sync 1 DAGs
[2025-01-28T22:20:27.201+0000] {logging_mixin.py:190} INFO - [2025-01-28T22:20:27.200+0000] {dag.py:4180} INFO - Setting next_dagrun for example_setup_teardown to None, run_after=None
[2025-01-28T22:20:27.225+0000] {processor.py:208} INFO - Processing /home/airflow/.local/lib/python3.12/site-packages/airflow/example_dags/example_setup_teardown.py took 0.087 seconds
[2025-01-28T22:20:59.162+0000] {processor.py:186} INFO - Started process (PID=1526) to work on /home/airflow/.local/lib/python3.12/site-packages/airflow/example_dags/example_setup_teardown.py
[2025-01-28T22:20:59.164+0000] {processor.py:914} INFO - Processing file /home/airflow/.local/lib/python3.12/site-packages/airflow/example_dags/example_setup_teardown.py for tasks to queue
[2025-01-28T22:20:59.168+0000] {logging_mixin.py:190} INFO - [2025-01-28T22:20:59.168+0000] {dagbag.py:588} INFO - Filling up the DagBag from /home/airflow/.local/lib/python3.12/site-packages/airflow/example_dags/example_setup_teardown.py
[2025-01-28T22:20:59.180+0000] {processor.py:925} INFO - DAG(s) 'example_setup_teardown' retrieved from /home/airflow/.local/lib/python3.12/site-packages/airflow/example_dags/example_setup_teardown.py
[2025-01-28T22:20:59.204+0000] {logging_mixin.py:190} INFO - [2025-01-28T22:20:59.204+0000] {dag.py:3239} INFO - Sync 1 DAGs
[2025-01-28T22:20:59.223+0000] {logging_mixin.py:190} INFO - [2025-01-28T22:20:59.223+0000] {dag.py:4180} INFO - Setting next_dagrun for example_setup_teardown to None, run_after=None
[2025-01-28T22:20:59.247+0000] {processor.py:208} INFO - Processing /home/airflow/.local/lib/python3.12/site-packages/airflow/example_dags/example_setup_teardown.py took 0.092 seconds
[2025-01-28T22:21:29.933+0000] {processor.py:186} INFO - Started process (PID=1589) to work on /home/airflow/.local/lib/python3.12/site-packages/airflow/example_dags/example_setup_teardown.py
[2025-01-28T22:21:29.935+0000] {processor.py:914} INFO - Processing file /home/airflow/.local/lib/python3.12/site-packages/airflow/example_dags/example_setup_teardown.py for tasks to queue
[2025-01-28T22:21:29.938+0000] {logging_mixin.py:190} INFO - [2025-01-28T22:21:29.937+0000] {dagbag.py:588} INFO - Filling up the DagBag from /home/airflow/.local/lib/python3.12/site-packages/airflow/example_dags/example_setup_teardown.py
[2025-01-28T22:21:29.958+0000] {processor.py:925} INFO - DAG(s) 'example_setup_teardown' retrieved from /home/airflow/.local/lib/python3.12/site-packages/airflow/example_dags/example_setup_teardown.py
[2025-01-28T22:21:29.984+0000] {logging_mixin.py:190} INFO - [2025-01-28T22:21:29.984+0000] {dag.py:3239} INFO - Sync 1 DAGs
[2025-01-28T22:21:29.999+0000] {logging_mixin.py:190} INFO - [2025-01-28T22:21:29.999+0000] {dag.py:4180} INFO - Setting next_dagrun for example_setup_teardown to None, run_after=None
[2025-01-28T22:21:30.030+0000] {processor.py:208} INFO - Processing /home/airflow/.local/lib/python3.12/site-packages/airflow/example_dags/example_setup_teardown.py took 0.103 seconds
[2025-01-28T22:22:01.521+0000] {processor.py:186} INFO - Started process (PID=1652) to work on /home/airflow/.local/lib/python3.12/site-packages/airflow/example_dags/example_setup_teardown.py
[2025-01-28T22:22:01.523+0000] {processor.py:914} INFO - Processing file /home/airflow/.local/lib/python3.12/site-packages/airflow/example_dags/example_setup_teardown.py for tasks to queue
[2025-01-28T22:22:01.526+0000] {logging_mixin.py:190} INFO - [2025-01-28T22:22:01.525+0000] {dagbag.py:588} INFO - Filling up the DagBag from /home/airflow/.local/lib/python3.12/site-packages/airflow/example_dags/example_setup_teardown.py
[2025-01-28T22:22:01.537+0000] {processor.py:925} INFO - DAG(s) 'example_setup_teardown' retrieved from /home/airflow/.local/lib/python3.12/site-packages/airflow/example_dags/example_setup_teardown.py
[2025-01-28T22:22:01.561+0000] {logging_mixin.py:190} INFO - [2025-01-28T22:22:01.560+0000] {dag.py:3239} INFO - Sync 1 DAGs
[2025-01-28T22:22:01.577+0000] {logging_mixin.py:190} INFO - [2025-01-28T22:22:01.577+0000] {dag.py:4180} INFO - Setting next_dagrun for example_setup_teardown to None, run_after=None
[2025-01-28T22:22:01.608+0000] {processor.py:208} INFO - Processing /home/airflow/.local/lib/python3.12/site-packages/airflow/example_dags/example_setup_teardown.py took 0.098 seconds
[2025-01-28T22:22:32.886+0000] {processor.py:186} INFO - Started process (PID=1715) to work on /home/airflow/.local/lib/python3.12/site-packages/airflow/example_dags/example_setup_teardown.py
[2025-01-28T22:22:32.888+0000] {processor.py:914} INFO - Processing file /home/airflow/.local/lib/python3.12/site-packages/airflow/example_dags/example_setup_teardown.py for tasks to queue
[2025-01-28T22:22:32.890+0000] {logging_mixin.py:190} INFO - [2025-01-28T22:22:32.890+0000] {dagbag.py:588} INFO - Filling up the DagBag from /home/airflow/.local/lib/python3.12/site-packages/airflow/example_dags/example_setup_teardown.py
[2025-01-28T22:22:32.900+0000] {processor.py:925} INFO - DAG(s) 'example_setup_teardown' retrieved from /home/airflow/.local/lib/python3.12/site-packages/airflow/example_dags/example_setup_teardown.py
[2025-01-28T22:22:32.922+0000] {logging_mixin.py:190} INFO - [2025-01-28T22:22:32.921+0000] {dag.py:3239} INFO - Sync 1 DAGs
[2025-01-28T22:22:32.937+0000] {logging_mixin.py:190} INFO - [2025-01-28T22:22:32.937+0000] {dag.py:4180} INFO - Setting next_dagrun for example_setup_teardown to None, run_after=None
[2025-01-28T22:22:32.961+0000] {processor.py:208} INFO - Processing /home/airflow/.local/lib/python3.12/site-packages/airflow/example_dags/example_setup_teardown.py took 0.081 seconds
[2025-01-28T22:23:04.708+0000] {processor.py:186} INFO - Started process (PID=1778) to work on /home/airflow/.local/lib/python3.12/site-packages/airflow/example_dags/example_setup_teardown.py
[2025-01-28T22:23:04.711+0000] {processor.py:914} INFO - Processing file /home/airflow/.local/lib/python3.12/site-packages/airflow/example_dags/example_setup_teardown.py for tasks to queue
[2025-01-28T22:23:04.715+0000] {logging_mixin.py:190} INFO - [2025-01-28T22:23:04.714+0000] {dagbag.py:588} INFO - Filling up the DagBag from /home/airflow/.local/lib/python3.12/site-packages/airflow/example_dags/example_setup_teardown.py
[2025-01-28T22:23:04.731+0000] {processor.py:925} INFO - DAG(s) 'example_setup_teardown' retrieved from /home/airflow/.local/lib/python3.12/site-packages/airflow/example_dags/example_setup_teardown.py
[2025-01-28T22:23:04.762+0000] {logging_mixin.py:190} INFO - [2025-01-28T22:23:04.762+0000] {dag.py:3239} INFO - Sync 1 DAGs
[2025-01-28T22:23:04.793+0000] {logging_mixin.py:190} INFO - [2025-01-28T22:23:04.793+0000] {dag.py:4180} INFO - Setting next_dagrun for example_setup_teardown to None, run_after=None
[2025-01-28T22:23:04.831+0000] {processor.py:208} INFO - Processing /home/airflow/.local/lib/python3.12/site-packages/airflow/example_dags/example_setup_teardown.py took 0.135 seconds
[2025-01-28T22:23:35.316+0000] {processor.py:186} INFO - Started process (PID=1841) to work on /home/airflow/.local/lib/python3.12/site-packages/airflow/example_dags/example_setup_teardown.py
[2025-01-28T22:23:35.317+0000] {processor.py:914} INFO - Processing file /home/airflow/.local/lib/python3.12/site-packages/airflow/example_dags/example_setup_teardown.py for tasks to queue
[2025-01-28T22:23:35.320+0000] {logging_mixin.py:190} INFO - [2025-01-28T22:23:35.320+0000] {dagbag.py:588} INFO - Filling up the DagBag from /home/airflow/.local/lib/python3.12/site-packages/airflow/example_dags/example_setup_teardown.py
[2025-01-28T22:23:35.331+0000] {processor.py:925} INFO - DAG(s) 'example_setup_teardown' retrieved from /home/airflow/.local/lib/python3.12/site-packages/airflow/example_dags/example_setup_teardown.py
[2025-01-28T22:23:35.354+0000] {logging_mixin.py:190} INFO - [2025-01-28T22:23:35.354+0000] {dag.py:3239} INFO - Sync 1 DAGs
[2025-01-28T22:23:35.370+0000] {logging_mixin.py:190} INFO - [2025-01-28T22:23:35.370+0000] {dag.py:4180} INFO - Setting next_dagrun for example_setup_teardown to None, run_after=None
[2025-01-28T22:23:35.393+0000] {processor.py:208} INFO - Processing /home/airflow/.local/lib/python3.12/site-packages/airflow/example_dags/example_setup_teardown.py took 0.084 seconds
[2025-01-28T22:24:07.330+0000] {processor.py:186} INFO - Started process (PID=1904) to work on /home/airflow/.local/lib/python3.12/site-packages/airflow/example_dags/example_setup_teardown.py
[2025-01-28T22:24:07.331+0000] {processor.py:914} INFO - Processing file /home/airflow/.local/lib/python3.12/site-packages/airflow/example_dags/example_setup_teardown.py for tasks to queue
[2025-01-28T22:24:07.334+0000] {logging_mixin.py:190} INFO - [2025-01-28T22:24:07.333+0000] {dagbag.py:588} INFO - Filling up the DagBag from /home/airflow/.local/lib/python3.12/site-packages/airflow/example_dags/example_setup_teardown.py
[2025-01-28T22:24:07.344+0000] {processor.py:925} INFO - DAG(s) 'example_setup_teardown' retrieved from /home/airflow/.local/lib/python3.12/site-packages/airflow/example_dags/example_setup_teardown.py
[2025-01-28T22:24:07.367+0000] {logging_mixin.py:190} INFO - [2025-01-28T22:24:07.367+0000] {dag.py:3239} INFO - Sync 1 DAGs
[2025-01-28T22:24:07.384+0000] {logging_mixin.py:190} INFO - [2025-01-28T22:24:07.384+0000] {dag.py:4180} INFO - Setting next_dagrun for example_setup_teardown to None, run_after=None
[2025-01-28T22:24:07.412+0000] {processor.py:208} INFO - Processing /home/airflow/.local/lib/python3.12/site-packages/airflow/example_dags/example_setup_teardown.py took 0.089 seconds
[2025-01-28T22:24:37.839+0000] {processor.py:186} INFO - Started process (PID=1967) to work on /home/airflow/.local/lib/python3.12/site-packages/airflow/example_dags/example_setup_teardown.py
[2025-01-28T22:24:37.841+0000] {processor.py:914} INFO - Processing file /home/airflow/.local/lib/python3.12/site-packages/airflow/example_dags/example_setup_teardown.py for tasks to queue
[2025-01-28T22:24:37.845+0000] {logging_mixin.py:190} INFO - [2025-01-28T22:24:37.844+0000] {dagbag.py:588} INFO - Filling up the DagBag from /home/airflow/.local/lib/python3.12/site-packages/airflow/example_dags/example_setup_teardown.py
[2025-01-28T22:24:37.856+0000] {processor.py:925} INFO - DAG(s) 'example_setup_teardown' retrieved from /home/airflow/.local/lib/python3.12/site-packages/airflow/example_dags/example_setup_teardown.py
[2025-01-28T22:24:37.882+0000] {logging_mixin.py:190} INFO - [2025-01-28T22:24:37.881+0000] {dag.py:3239} INFO - Sync 1 DAGs
[2025-01-28T22:24:37.899+0000] {logging_mixin.py:190} INFO - [2025-01-28T22:24:37.898+0000] {dag.py:4180} INFO - Setting next_dagrun for example_setup_teardown to None, run_after=None
[2025-01-28T22:24:37.926+0000] {processor.py:208} INFO - Processing /home/airflow/.local/lib/python3.12/site-packages/airflow/example_dags/example_setup_teardown.py took 0.096 seconds
[2025-01-28T22:25:09.692+0000] {processor.py:186} INFO - Started process (PID=2030) to work on /home/airflow/.local/lib/python3.12/site-packages/airflow/example_dags/example_setup_teardown.py
[2025-01-28T22:25:09.693+0000] {processor.py:914} INFO - Processing file /home/airflow/.local/lib/python3.12/site-packages/airflow/example_dags/example_setup_teardown.py for tasks to queue
[2025-01-28T22:25:09.696+0000] {logging_mixin.py:190} INFO - [2025-01-28T22:25:09.696+0000] {dagbag.py:588} INFO - Filling up the DagBag from /home/airflow/.local/lib/python3.12/site-packages/airflow/example_dags/example_setup_teardown.py
[2025-01-28T22:25:09.706+0000] {processor.py:925} INFO - DAG(s) 'example_setup_teardown' retrieved from /home/airflow/.local/lib/python3.12/site-packages/airflow/example_dags/example_setup_teardown.py
[2025-01-28T22:25:09.728+0000] {logging_mixin.py:190} INFO - [2025-01-28T22:25:09.728+0000] {dag.py:3239} INFO - Sync 1 DAGs
[2025-01-28T22:25:09.746+0000] {logging_mixin.py:190} INFO - [2025-01-28T22:25:09.746+0000] {dag.py:4180} INFO - Setting next_dagrun for example_setup_teardown to None, run_after=None
[2025-01-28T22:25:09.772+0000] {processor.py:208} INFO - Processing /home/airflow/.local/lib/python3.12/site-packages/airflow/example_dags/example_setup_teardown.py took 0.086 seconds
[2025-01-28T22:28:51.530+0000] {processor.py:186} INFO - Started process (PID=145) to work on /home/airflow/.local/lib/python3.12/site-packages/airflow/example_dags/example_setup_teardown.py
[2025-01-28T22:28:51.532+0000] {processor.py:914} INFO - Processing file /home/airflow/.local/lib/python3.12/site-packages/airflow/example_dags/example_setup_teardown.py for tasks to queue
[2025-01-28T22:28:51.535+0000] {logging_mixin.py:190} INFO - [2025-01-28T22:28:51.534+0000] {dagbag.py:588} INFO - Filling up the DagBag from /home/airflow/.local/lib/python3.12/site-packages/airflow/example_dags/example_setup_teardown.py
[2025-01-28T22:28:51.543+0000] {processor.py:925} INFO - DAG(s) 'example_setup_teardown' retrieved from /home/airflow/.local/lib/python3.12/site-packages/airflow/example_dags/example_setup_teardown.py
[2025-01-28T22:28:51.565+0000] {logging_mixin.py:190} INFO - [2025-01-28T22:28:51.565+0000] {dag.py:3239} INFO - Sync 1 DAGs
[2025-01-28T22:28:51.580+0000] {logging_mixin.py:190} INFO - [2025-01-28T22:28:51.579+0000] {dag.py:4180} INFO - Setting next_dagrun for example_setup_teardown to None, run_after=None
[2025-01-28T22:28:51.602+0000] {processor.py:208} INFO - Processing /home/airflow/.local/lib/python3.12/site-packages/airflow/example_dags/example_setup_teardown.py took 0.077 seconds
[2025-01-28T22:29:22.972+0000] {processor.py:186} INFO - Started process (PID=208) to work on /home/airflow/.local/lib/python3.12/site-packages/airflow/example_dags/example_setup_teardown.py
[2025-01-28T22:29:22.976+0000] {processor.py:914} INFO - Processing file /home/airflow/.local/lib/python3.12/site-packages/airflow/example_dags/example_setup_teardown.py for tasks to queue
[2025-01-28T22:29:22.979+0000] {logging_mixin.py:190} INFO - [2025-01-28T22:29:22.978+0000] {dagbag.py:588} INFO - Filling up the DagBag from /home/airflow/.local/lib/python3.12/site-packages/airflow/example_dags/example_setup_teardown.py
[2025-01-28T22:29:22.988+0000] {processor.py:925} INFO - DAG(s) 'example_setup_teardown' retrieved from /home/airflow/.local/lib/python3.12/site-packages/airflow/example_dags/example_setup_teardown.py
[2025-01-28T22:29:23.011+0000] {logging_mixin.py:190} INFO - [2025-01-28T22:29:23.010+0000] {dag.py:3239} INFO - Sync 1 DAGs
[2025-01-28T22:29:23.026+0000] {logging_mixin.py:190} INFO - [2025-01-28T22:29:23.025+0000] {dag.py:4180} INFO - Setting next_dagrun for example_setup_teardown to None, run_after=None
[2025-01-28T22:29:23.054+0000] {processor.py:208} INFO - Processing /home/airflow/.local/lib/python3.12/site-packages/airflow/example_dags/example_setup_teardown.py took 0.088 seconds
[2025-01-28T22:29:53.545+0000] {processor.py:186} INFO - Started process (PID=270) to work on /home/airflow/.local/lib/python3.12/site-packages/airflow/example_dags/example_setup_teardown.py
[2025-01-28T22:29:53.546+0000] {processor.py:914} INFO - Processing file /home/airflow/.local/lib/python3.12/site-packages/airflow/example_dags/example_setup_teardown.py for tasks to queue
[2025-01-28T22:29:53.550+0000] {logging_mixin.py:190} INFO - [2025-01-28T22:29:53.549+0000] {dagbag.py:588} INFO - Filling up the DagBag from /home/airflow/.local/lib/python3.12/site-packages/airflow/example_dags/example_setup_teardown.py
[2025-01-28T22:29:53.559+0000] {processor.py:925} INFO - DAG(s) 'example_setup_teardown' retrieved from /home/airflow/.local/lib/python3.12/site-packages/airflow/example_dags/example_setup_teardown.py
[2025-01-28T22:29:53.580+0000] {logging_mixin.py:190} INFO - [2025-01-28T22:29:53.580+0000] {dag.py:3239} INFO - Sync 1 DAGs
[2025-01-28T22:29:53.595+0000] {logging_mixin.py:190} INFO - [2025-01-28T22:29:53.595+0000] {dag.py:4180} INFO - Setting next_dagrun for example_setup_teardown to None, run_after=None
[2025-01-28T22:29:53.625+0000] {processor.py:208} INFO - Processing /home/airflow/.local/lib/python3.12/site-packages/airflow/example_dags/example_setup_teardown.py took 0.086 seconds
[2025-01-28T22:30:24.945+0000] {processor.py:186} INFO - Started process (PID=333) to work on /home/airflow/.local/lib/python3.12/site-packages/airflow/example_dags/example_setup_teardown.py
[2025-01-28T22:30:24.946+0000] {processor.py:914} INFO - Processing file /home/airflow/.local/lib/python3.12/site-packages/airflow/example_dags/example_setup_teardown.py for tasks to queue
[2025-01-28T22:30:24.949+0000] {logging_mixin.py:190} INFO - [2025-01-28T22:30:24.949+0000] {dagbag.py:588} INFO - Filling up the DagBag from /home/airflow/.local/lib/python3.12/site-packages/airflow/example_dags/example_setup_teardown.py
[2025-01-28T22:30:24.959+0000] {processor.py:925} INFO - DAG(s) 'example_setup_teardown' retrieved from /home/airflow/.local/lib/python3.12/site-packages/airflow/example_dags/example_setup_teardown.py
[2025-01-28T22:30:24.982+0000] {logging_mixin.py:190} INFO - [2025-01-28T22:30:24.982+0000] {dag.py:3239} INFO - Sync 1 DAGs
[2025-01-28T22:30:24.998+0000] {logging_mixin.py:190} INFO - [2025-01-28T22:30:24.998+0000] {dag.py:4180} INFO - Setting next_dagrun for example_setup_teardown to None, run_after=None
[2025-01-28T22:30:25.030+0000] {processor.py:208} INFO - Processing /home/airflow/.local/lib/python3.12/site-packages/airflow/example_dags/example_setup_teardown.py took 0.093 seconds
[2025-01-28T22:30:56.663+0000] {processor.py:186} INFO - Started process (PID=396) to work on /home/airflow/.local/lib/python3.12/site-packages/airflow/example_dags/example_setup_teardown.py
[2025-01-28T22:30:56.664+0000] {processor.py:914} INFO - Processing file /home/airflow/.local/lib/python3.12/site-packages/airflow/example_dags/example_setup_teardown.py for tasks to queue
[2025-01-28T22:30:56.667+0000] {logging_mixin.py:190} INFO - [2025-01-28T22:30:56.667+0000] {dagbag.py:588} INFO - Filling up the DagBag from /home/airflow/.local/lib/python3.12/site-packages/airflow/example_dags/example_setup_teardown.py
[2025-01-28T22:30:56.676+0000] {processor.py:925} INFO - DAG(s) 'example_setup_teardown' retrieved from /home/airflow/.local/lib/python3.12/site-packages/airflow/example_dags/example_setup_teardown.py
[2025-01-28T22:30:56.699+0000] {logging_mixin.py:190} INFO - [2025-01-28T22:30:56.699+0000] {dag.py:3239} INFO - Sync 1 DAGs
[2025-01-28T22:30:56.714+0000] {logging_mixin.py:190} INFO - [2025-01-28T22:30:56.714+0000] {dag.py:4180} INFO - Setting next_dagrun for example_setup_teardown to None, run_after=None
[2025-01-28T22:30:56.743+0000] {processor.py:208} INFO - Processing /home/airflow/.local/lib/python3.12/site-packages/airflow/example_dags/example_setup_teardown.py took 0.086 seconds
