[2025-01-28T22:09:30.931+0000] {processor.py:186} INFO - Started process (PID=130) to work on /home/airflow/.local/lib/python3.12/site-packages/airflow/example_dags/example_complex.py
[2025-01-28T22:09:30.932+0000] {processor.py:914} INFO - Processing file /home/airflow/.local/lib/python3.12/site-packages/airflow/example_dags/example_complex.py for tasks to queue
[2025-01-28T22:09:30.935+0000] {logging_mixin.py:190} INFO - [2025-01-28T22:09:30.934+0000] {dagbag.py:588} INFO - Filling up the DagBag from /home/airflow/.local/lib/python3.12/site-packages/airflow/example_dags/example_complex.py
[2025-01-28T22:09:30.949+0000] {processor.py:925} INFO - DAG(s) 'example_complex' retrieved from /home/airflow/.local/lib/python3.12/site-packages/airflow/example_dags/example_complex.py
[2025-01-28T22:09:31.080+0000] {logging_mixin.py:190} INFO - [2025-01-28T22:09:31.079+0000] {override.py:1911} INFO - Created Permission View: can delete on DAG:example_complex
[2025-01-28T22:09:31.095+0000] {logging_mixin.py:190} INFO - [2025-01-28T22:09:31.095+0000] {override.py:1911} INFO - Created Permission View: can edit on DAG:example_complex
[2025-01-28T22:09:31.106+0000] {logging_mixin.py:190} INFO - [2025-01-28T22:09:31.105+0000] {override.py:1911} INFO - Created Permission View: can read on DAG:example_complex
[2025-01-28T22:09:31.119+0000] {logging_mixin.py:190} INFO - [2025-01-28T22:09:31.118+0000] {override.py:1911} INFO - Created Permission View: can create on DAG Run:example_complex
[2025-01-28T22:09:31.128+0000] {logging_mixin.py:190} INFO - [2025-01-28T22:09:31.128+0000] {override.py:1911} INFO - Created Permission View: can delete on DAG Run:example_complex
[2025-01-28T22:09:31.137+0000] {logging_mixin.py:190} INFO - [2025-01-28T22:09:31.137+0000] {override.py:1911} INFO - Created Permission View: menu access on DAG Run:example_complex
[2025-01-28T22:09:31.150+0000] {logging_mixin.py:190} INFO - [2025-01-28T22:09:31.150+0000] {override.py:1911} INFO - Created Permission View: can read on DAG Run:example_complex
[2025-01-28T22:09:31.151+0000] {logging_mixin.py:190} INFO - [2025-01-28T22:09:31.150+0000] {dag.py:3239} INFO - Sync 1 DAGs
[2025-01-28T22:09:31.165+0000] {logging_mixin.py:190} INFO - [2025-01-28T22:09:31.165+0000] {dag.py:3262} INFO - Creating ORM DAG for example_complex
[2025-01-28T22:09:31.167+0000] {logging_mixin.py:190} INFO - [2025-01-28T22:09:31.166+0000] {dag.py:4180} INFO - Setting next_dagrun for example_complex to None, run_after=None
[2025-01-28T22:09:31.190+0000] {processor.py:208} INFO - Processing /home/airflow/.local/lib/python3.12/site-packages/airflow/example_dags/example_complex.py took 0.267 seconds
[2025-01-28T22:10:01.638+0000] {processor.py:186} INFO - Started process (PID=193) to work on /home/airflow/.local/lib/python3.12/site-packages/airflow/example_dags/example_complex.py
[2025-01-28T22:10:01.640+0000] {processor.py:914} INFO - Processing file /home/airflow/.local/lib/python3.12/site-packages/airflow/example_dags/example_complex.py for tasks to queue
[2025-01-28T22:10:01.642+0000] {logging_mixin.py:190} INFO - [2025-01-28T22:10:01.642+0000] {dagbag.py:588} INFO - Filling up the DagBag from /home/airflow/.local/lib/python3.12/site-packages/airflow/example_dags/example_complex.py
[2025-01-28T22:10:01.656+0000] {processor.py:925} INFO - DAG(s) 'example_complex' retrieved from /home/airflow/.local/lib/python3.12/site-packages/airflow/example_dags/example_complex.py
[2025-01-28T22:10:01.692+0000] {logging_mixin.py:190} INFO - [2025-01-28T22:10:01.692+0000] {dag.py:3239} INFO - Sync 1 DAGs
[2025-01-28T22:10:01.709+0000] {logging_mixin.py:190} INFO - [2025-01-28T22:10:01.709+0000] {dag.py:4180} INFO - Setting next_dagrun for example_complex to None, run_after=None
[2025-01-28T22:10:01.733+0000] {processor.py:208} INFO - Processing /home/airflow/.local/lib/python3.12/site-packages/airflow/example_dags/example_complex.py took 0.101 seconds
[2025-01-28T22:10:32.189+0000] {processor.py:186} INFO - Started process (PID=255) to work on /home/airflow/.local/lib/python3.12/site-packages/airflow/example_dags/example_complex.py
[2025-01-28T22:10:32.191+0000] {processor.py:914} INFO - Processing file /home/airflow/.local/lib/python3.12/site-packages/airflow/example_dags/example_complex.py for tasks to queue
[2025-01-28T22:10:32.193+0000] {logging_mixin.py:190} INFO - [2025-01-28T22:10:32.193+0000] {dagbag.py:588} INFO - Filling up the DagBag from /home/airflow/.local/lib/python3.12/site-packages/airflow/example_dags/example_complex.py
[2025-01-28T22:10:32.206+0000] {processor.py:925} INFO - DAG(s) 'example_complex' retrieved from /home/airflow/.local/lib/python3.12/site-packages/airflow/example_dags/example_complex.py
[2025-01-28T22:10:32.244+0000] {logging_mixin.py:190} INFO - [2025-01-28T22:10:32.243+0000] {dag.py:3239} INFO - Sync 1 DAGs
[2025-01-28T22:10:32.262+0000] {logging_mixin.py:190} INFO - [2025-01-28T22:10:32.262+0000] {dag.py:4180} INFO - Setting next_dagrun for example_complex to None, run_after=None
[2025-01-28T22:10:32.302+0000] {processor.py:208} INFO - Processing /home/airflow/.local/lib/python3.12/site-packages/airflow/example_dags/example_complex.py took 0.120 seconds
[2025-01-28T22:11:03.049+0000] {processor.py:186} INFO - Started process (PID=318) to work on /home/airflow/.local/lib/python3.12/site-packages/airflow/example_dags/example_complex.py
[2025-01-28T22:11:03.051+0000] {processor.py:914} INFO - Processing file /home/airflow/.local/lib/python3.12/site-packages/airflow/example_dags/example_complex.py for tasks to queue
[2025-01-28T22:11:03.053+0000] {logging_mixin.py:190} INFO - [2025-01-28T22:11:03.053+0000] {dagbag.py:588} INFO - Filling up the DagBag from /home/airflow/.local/lib/python3.12/site-packages/airflow/example_dags/example_complex.py
[2025-01-28T22:11:03.066+0000] {processor.py:925} INFO - DAG(s) 'example_complex' retrieved from /home/airflow/.local/lib/python3.12/site-packages/airflow/example_dags/example_complex.py
[2025-01-28T22:11:03.103+0000] {logging_mixin.py:190} INFO - [2025-01-28T22:11:03.103+0000] {dag.py:3239} INFO - Sync 1 DAGs
[2025-01-28T22:11:03.120+0000] {logging_mixin.py:190} INFO - [2025-01-28T22:11:03.120+0000] {dag.py:4180} INFO - Setting next_dagrun for example_complex to None, run_after=None
[2025-01-28T22:11:03.142+0000] {processor.py:208} INFO - Processing /home/airflow/.local/lib/python3.12/site-packages/airflow/example_dags/example_complex.py took 0.100 seconds
[2025-01-28T22:11:33.796+0000] {processor.py:186} INFO - Started process (PID=381) to work on /home/airflow/.local/lib/python3.12/site-packages/airflow/example_dags/example_complex.py
[2025-01-28T22:11:33.797+0000] {processor.py:914} INFO - Processing file /home/airflow/.local/lib/python3.12/site-packages/airflow/example_dags/example_complex.py for tasks to queue
[2025-01-28T22:11:33.800+0000] {logging_mixin.py:190} INFO - [2025-01-28T22:11:33.799+0000] {dagbag.py:588} INFO - Filling up the DagBag from /home/airflow/.local/lib/python3.12/site-packages/airflow/example_dags/example_complex.py
[2025-01-28T22:11:33.813+0000] {processor.py:925} INFO - DAG(s) 'example_complex' retrieved from /home/airflow/.local/lib/python3.12/site-packages/airflow/example_dags/example_complex.py
[2025-01-28T22:11:33.849+0000] {logging_mixin.py:190} INFO - [2025-01-28T22:11:33.848+0000] {dag.py:3239} INFO - Sync 1 DAGs
[2025-01-28T22:11:33.865+0000] {logging_mixin.py:190} INFO - [2025-01-28T22:11:33.865+0000] {dag.py:4180} INFO - Setting next_dagrun for example_complex to None, run_after=None
[2025-01-28T22:11:33.887+0000] {processor.py:208} INFO - Processing /home/airflow/.local/lib/python3.12/site-packages/airflow/example_dags/example_complex.py took 0.098 seconds
[2025-01-28T22:12:04.541+0000] {processor.py:186} INFO - Started process (PID=444) to work on /home/airflow/.local/lib/python3.12/site-packages/airflow/example_dags/example_complex.py
[2025-01-28T22:12:04.542+0000] {processor.py:914} INFO - Processing file /home/airflow/.local/lib/python3.12/site-packages/airflow/example_dags/example_complex.py for tasks to queue
[2025-01-28T22:12:04.545+0000] {logging_mixin.py:190} INFO - [2025-01-28T22:12:04.545+0000] {dagbag.py:588} INFO - Filling up the DagBag from /home/airflow/.local/lib/python3.12/site-packages/airflow/example_dags/example_complex.py
[2025-01-28T22:12:04.559+0000] {processor.py:925} INFO - DAG(s) 'example_complex' retrieved from /home/airflow/.local/lib/python3.12/site-packages/airflow/example_dags/example_complex.py
[2025-01-28T22:12:04.598+0000] {logging_mixin.py:190} INFO - [2025-01-28T22:12:04.598+0000] {dag.py:3239} INFO - Sync 1 DAGs
[2025-01-28T22:12:04.614+0000] {logging_mixin.py:190} INFO - [2025-01-28T22:12:04.614+0000] {dag.py:4180} INFO - Setting next_dagrun for example_complex to None, run_after=None
[2025-01-28T22:12:04.639+0000] {processor.py:208} INFO - Processing /home/airflow/.local/lib/python3.12/site-packages/airflow/example_dags/example_complex.py took 0.105 seconds
[2025-01-28T22:12:35.581+0000] {processor.py:186} INFO - Started process (PID=507) to work on /home/airflow/.local/lib/python3.12/site-packages/airflow/example_dags/example_complex.py
[2025-01-28T22:12:35.582+0000] {processor.py:914} INFO - Processing file /home/airflow/.local/lib/python3.12/site-packages/airflow/example_dags/example_complex.py for tasks to queue
[2025-01-28T22:12:35.585+0000] {logging_mixin.py:190} INFO - [2025-01-28T22:12:35.585+0000] {dagbag.py:588} INFO - Filling up the DagBag from /home/airflow/.local/lib/python3.12/site-packages/airflow/example_dags/example_complex.py
[2025-01-28T22:12:35.598+0000] {processor.py:925} INFO - DAG(s) 'example_complex' retrieved from /home/airflow/.local/lib/python3.12/site-packages/airflow/example_dags/example_complex.py
[2025-01-28T22:12:35.636+0000] {logging_mixin.py:190} INFO - [2025-01-28T22:12:35.636+0000] {dag.py:3239} INFO - Sync 1 DAGs
[2025-01-28T22:12:35.652+0000] {logging_mixin.py:190} INFO - [2025-01-28T22:12:35.652+0000] {dag.py:4180} INFO - Setting next_dagrun for example_complex to None, run_after=None
[2025-01-28T22:12:35.679+0000] {processor.py:208} INFO - Processing /home/airflow/.local/lib/python3.12/site-packages/airflow/example_dags/example_complex.py took 0.105 seconds
[2025-01-28T22:13:07.918+0000] {processor.py:186} INFO - Started process (PID=571) to work on /home/airflow/.local/lib/python3.12/site-packages/airflow/example_dags/example_complex.py
[2025-01-28T22:13:07.919+0000] {processor.py:914} INFO - Processing file /home/airflow/.local/lib/python3.12/site-packages/airflow/example_dags/example_complex.py for tasks to queue
[2025-01-28T22:13:07.922+0000] {logging_mixin.py:190} INFO - [2025-01-28T22:13:07.921+0000] {dagbag.py:588} INFO - Filling up the DagBag from /home/airflow/.local/lib/python3.12/site-packages/airflow/example_dags/example_complex.py
[2025-01-28T22:13:07.937+0000] {processor.py:925} INFO - DAG(s) 'example_complex' retrieved from /home/airflow/.local/lib/python3.12/site-packages/airflow/example_dags/example_complex.py
[2025-01-28T22:13:07.974+0000] {logging_mixin.py:190} INFO - [2025-01-28T22:13:07.974+0000] {dag.py:3239} INFO - Sync 1 DAGs
[2025-01-28T22:13:07.990+0000] {logging_mixin.py:190} INFO - [2025-01-28T22:13:07.990+0000] {dag.py:4180} INFO - Setting next_dagrun for example_complex to None, run_after=None
[2025-01-28T22:13:08.031+0000] {processor.py:208} INFO - Processing /home/airflow/.local/lib/python3.12/site-packages/airflow/example_dags/example_complex.py took 0.120 seconds
[2025-01-28T22:13:38.524+0000] {processor.py:186} INFO - Started process (PID=633) to work on /home/airflow/.local/lib/python3.12/site-packages/airflow/example_dags/example_complex.py
[2025-01-28T22:13:38.525+0000] {processor.py:914} INFO - Processing file /home/airflow/.local/lib/python3.12/site-packages/airflow/example_dags/example_complex.py for tasks to queue
[2025-01-28T22:13:38.528+0000] {logging_mixin.py:190} INFO - [2025-01-28T22:13:38.528+0000] {dagbag.py:588} INFO - Filling up the DagBag from /home/airflow/.local/lib/python3.12/site-packages/airflow/example_dags/example_complex.py
[2025-01-28T22:13:38.542+0000] {processor.py:925} INFO - DAG(s) 'example_complex' retrieved from /home/airflow/.local/lib/python3.12/site-packages/airflow/example_dags/example_complex.py
[2025-01-28T22:13:38.577+0000] {logging_mixin.py:190} INFO - [2025-01-28T22:13:38.577+0000] {dag.py:3239} INFO - Sync 1 DAGs
[2025-01-28T22:13:38.593+0000] {logging_mixin.py:190} INFO - [2025-01-28T22:13:38.593+0000] {dag.py:4180} INFO - Setting next_dagrun for example_complex to None, run_after=None
[2025-01-28T22:13:38.623+0000] {processor.py:208} INFO - Processing /home/airflow/.local/lib/python3.12/site-packages/airflow/example_dags/example_complex.py took 0.105 seconds
[2025-01-28T22:14:09.765+0000] {processor.py:186} INFO - Started process (PID=696) to work on /home/airflow/.local/lib/python3.12/site-packages/airflow/example_dags/example_complex.py
[2025-01-28T22:14:09.767+0000] {processor.py:914} INFO - Processing file /home/airflow/.local/lib/python3.12/site-packages/airflow/example_dags/example_complex.py for tasks to queue
[2025-01-28T22:14:09.769+0000] {logging_mixin.py:190} INFO - [2025-01-28T22:14:09.769+0000] {dagbag.py:588} INFO - Filling up the DagBag from /home/airflow/.local/lib/python3.12/site-packages/airflow/example_dags/example_complex.py
[2025-01-28T22:14:09.783+0000] {processor.py:925} INFO - DAG(s) 'example_complex' retrieved from /home/airflow/.local/lib/python3.12/site-packages/airflow/example_dags/example_complex.py
[2025-01-28T22:14:09.819+0000] {logging_mixin.py:190} INFO - [2025-01-28T22:14:09.819+0000] {dag.py:3239} INFO - Sync 1 DAGs
[2025-01-28T22:14:09.835+0000] {logging_mixin.py:190} INFO - [2025-01-28T22:14:09.835+0000] {dag.py:4180} INFO - Setting next_dagrun for example_complex to None, run_after=None
[2025-01-28T22:14:09.858+0000] {processor.py:208} INFO - Processing /home/airflow/.local/lib/python3.12/site-packages/airflow/example_dags/example_complex.py took 0.099 seconds
[2025-01-28T22:14:40.146+0000] {processor.py:186} INFO - Started process (PID=759) to work on /home/airflow/.local/lib/python3.12/site-packages/airflow/example_dags/example_complex.py
[2025-01-28T22:14:40.147+0000] {processor.py:914} INFO - Processing file /home/airflow/.local/lib/python3.12/site-packages/airflow/example_dags/example_complex.py for tasks to queue
[2025-01-28T22:14:40.150+0000] {logging_mixin.py:190} INFO - [2025-01-28T22:14:40.150+0000] {dagbag.py:588} INFO - Filling up the DagBag from /home/airflow/.local/lib/python3.12/site-packages/airflow/example_dags/example_complex.py
[2025-01-28T22:14:40.163+0000] {processor.py:925} INFO - DAG(s) 'example_complex' retrieved from /home/airflow/.local/lib/python3.12/site-packages/airflow/example_dags/example_complex.py
[2025-01-28T22:14:40.197+0000] {logging_mixin.py:190} INFO - [2025-01-28T22:14:40.197+0000] {dag.py:3239} INFO - Sync 1 DAGs
[2025-01-28T22:14:40.213+0000] {logging_mixin.py:190} INFO - [2025-01-28T22:14:40.213+0000] {dag.py:4180} INFO - Setting next_dagrun for example_complex to None, run_after=None
[2025-01-28T22:14:40.237+0000] {processor.py:208} INFO - Processing /home/airflow/.local/lib/python3.12/site-packages/airflow/example_dags/example_complex.py took 0.098 seconds
[2025-01-28T22:15:11.862+0000] {processor.py:186} INFO - Started process (PID=822) to work on /home/airflow/.local/lib/python3.12/site-packages/airflow/example_dags/example_complex.py
[2025-01-28T22:15:11.863+0000] {processor.py:914} INFO - Processing file /home/airflow/.local/lib/python3.12/site-packages/airflow/example_dags/example_complex.py for tasks to queue
[2025-01-28T22:15:11.866+0000] {logging_mixin.py:190} INFO - [2025-01-28T22:15:11.866+0000] {dagbag.py:588} INFO - Filling up the DagBag from /home/airflow/.local/lib/python3.12/site-packages/airflow/example_dags/example_complex.py
[2025-01-28T22:15:11.879+0000] {processor.py:925} INFO - DAG(s) 'example_complex' retrieved from /home/airflow/.local/lib/python3.12/site-packages/airflow/example_dags/example_complex.py
[2025-01-28T22:15:11.916+0000] {logging_mixin.py:190} INFO - [2025-01-28T22:15:11.916+0000] {dag.py:3239} INFO - Sync 1 DAGs
[2025-01-28T22:15:11.932+0000] {logging_mixin.py:190} INFO - [2025-01-28T22:15:11.932+0000] {dag.py:4180} INFO - Setting next_dagrun for example_complex to None, run_after=None
[2025-01-28T22:15:11.959+0000] {processor.py:208} INFO - Processing /home/airflow/.local/lib/python3.12/site-packages/airflow/example_dags/example_complex.py took 0.104 seconds
[2025-01-28T22:15:43.402+0000] {processor.py:186} INFO - Started process (PID=885) to work on /home/airflow/.local/lib/python3.12/site-packages/airflow/example_dags/example_complex.py
[2025-01-28T22:15:43.403+0000] {processor.py:914} INFO - Processing file /home/airflow/.local/lib/python3.12/site-packages/airflow/example_dags/example_complex.py for tasks to queue
[2025-01-28T22:15:43.409+0000] {logging_mixin.py:190} INFO - [2025-01-28T22:15:43.409+0000] {dagbag.py:588} INFO - Filling up the DagBag from /home/airflow/.local/lib/python3.12/site-packages/airflow/example_dags/example_complex.py
[2025-01-28T22:15:43.424+0000] {processor.py:925} INFO - DAG(s) 'example_complex' retrieved from /home/airflow/.local/lib/python3.12/site-packages/airflow/example_dags/example_complex.py
[2025-01-28T22:15:43.460+0000] {logging_mixin.py:190} INFO - [2025-01-28T22:15:43.459+0000] {dag.py:3239} INFO - Sync 1 DAGs
[2025-01-28T22:15:43.475+0000] {logging_mixin.py:190} INFO - [2025-01-28T22:15:43.475+0000] {dag.py:4180} INFO - Setting next_dagrun for example_complex to None, run_after=None
[2025-01-28T22:15:43.500+0000] {processor.py:208} INFO - Processing /home/airflow/.local/lib/python3.12/site-packages/airflow/example_dags/example_complex.py took 0.104 seconds
[2025-01-28T22:16:14.898+0000] {processor.py:186} INFO - Started process (PID=949) to work on /home/airflow/.local/lib/python3.12/site-packages/airflow/example_dags/example_complex.py
[2025-01-28T22:16:14.900+0000] {processor.py:914} INFO - Processing file /home/airflow/.local/lib/python3.12/site-packages/airflow/example_dags/example_complex.py for tasks to queue
[2025-01-28T22:16:14.902+0000] {logging_mixin.py:190} INFO - [2025-01-28T22:16:14.902+0000] {dagbag.py:588} INFO - Filling up the DagBag from /home/airflow/.local/lib/python3.12/site-packages/airflow/example_dags/example_complex.py
[2025-01-28T22:16:14.916+0000] {processor.py:925} INFO - DAG(s) 'example_complex' retrieved from /home/airflow/.local/lib/python3.12/site-packages/airflow/example_dags/example_complex.py
[2025-01-28T22:16:14.951+0000] {logging_mixin.py:190} INFO - [2025-01-28T22:16:14.951+0000] {dag.py:3239} INFO - Sync 1 DAGs
[2025-01-28T22:16:14.968+0000] {logging_mixin.py:190} INFO - [2025-01-28T22:16:14.968+0000] {dag.py:4180} INFO - Setting next_dagrun for example_complex to None, run_after=None
[2025-01-28T22:16:15.000+0000] {processor.py:208} INFO - Processing /home/airflow/.local/lib/python3.12/site-packages/airflow/example_dags/example_complex.py took 0.109 seconds
[2025-01-28T22:16:46.747+0000] {processor.py:186} INFO - Started process (PID=1012) to work on /home/airflow/.local/lib/python3.12/site-packages/airflow/example_dags/example_complex.py
[2025-01-28T22:16:46.748+0000] {processor.py:914} INFO - Processing file /home/airflow/.local/lib/python3.12/site-packages/airflow/example_dags/example_complex.py for tasks to queue
[2025-01-28T22:16:46.751+0000] {logging_mixin.py:190} INFO - [2025-01-28T22:16:46.751+0000] {dagbag.py:588} INFO - Filling up the DagBag from /home/airflow/.local/lib/python3.12/site-packages/airflow/example_dags/example_complex.py
[2025-01-28T22:16:46.764+0000] {processor.py:925} INFO - DAG(s) 'example_complex' retrieved from /home/airflow/.local/lib/python3.12/site-packages/airflow/example_dags/example_complex.py
[2025-01-28T22:16:46.802+0000] {logging_mixin.py:190} INFO - [2025-01-28T22:16:46.801+0000] {dag.py:3239} INFO - Sync 1 DAGs
[2025-01-28T22:16:46.817+0000] {logging_mixin.py:190} INFO - [2025-01-28T22:16:46.817+0000] {dag.py:4180} INFO - Setting next_dagrun for example_complex to None, run_after=None
[2025-01-28T22:16:46.848+0000] {processor.py:208} INFO - Processing /home/airflow/.local/lib/python3.12/site-packages/airflow/example_dags/example_complex.py took 0.107 seconds
[2025-01-28T22:17:18.426+0000] {processor.py:186} INFO - Started process (PID=1075) to work on /home/airflow/.local/lib/python3.12/site-packages/airflow/example_dags/example_complex.py
[2025-01-28T22:17:18.427+0000] {processor.py:914} INFO - Processing file /home/airflow/.local/lib/python3.12/site-packages/airflow/example_dags/example_complex.py for tasks to queue
[2025-01-28T22:17:18.430+0000] {logging_mixin.py:190} INFO - [2025-01-28T22:17:18.430+0000] {dagbag.py:588} INFO - Filling up the DagBag from /home/airflow/.local/lib/python3.12/site-packages/airflow/example_dags/example_complex.py
[2025-01-28T22:17:18.443+0000] {processor.py:925} INFO - DAG(s) 'example_complex' retrieved from /home/airflow/.local/lib/python3.12/site-packages/airflow/example_dags/example_complex.py
[2025-01-28T22:17:18.477+0000] {logging_mixin.py:190} INFO - [2025-01-28T22:17:18.476+0000] {dag.py:3239} INFO - Sync 1 DAGs
[2025-01-28T22:17:18.492+0000] {logging_mixin.py:190} INFO - [2025-01-28T22:17:18.492+0000] {dag.py:4180} INFO - Setting next_dagrun for example_complex to None, run_after=None
[2025-01-28T22:17:18.516+0000] {processor.py:208} INFO - Processing /home/airflow/.local/lib/python3.12/site-packages/airflow/example_dags/example_complex.py took 0.096 seconds
[2025-01-28T22:17:49.703+0000] {processor.py:186} INFO - Started process (PID=1138) to work on /home/airflow/.local/lib/python3.12/site-packages/airflow/example_dags/example_complex.py
[2025-01-28T22:17:49.705+0000] {processor.py:914} INFO - Processing file /home/airflow/.local/lib/python3.12/site-packages/airflow/example_dags/example_complex.py for tasks to queue
[2025-01-28T22:17:49.707+0000] {logging_mixin.py:190} INFO - [2025-01-28T22:17:49.707+0000] {dagbag.py:588} INFO - Filling up the DagBag from /home/airflow/.local/lib/python3.12/site-packages/airflow/example_dags/example_complex.py
[2025-01-28T22:17:49.721+0000] {processor.py:925} INFO - DAG(s) 'example_complex' retrieved from /home/airflow/.local/lib/python3.12/site-packages/airflow/example_dags/example_complex.py
[2025-01-28T22:17:49.757+0000] {logging_mixin.py:190} INFO - [2025-01-28T22:17:49.757+0000] {dag.py:3239} INFO - Sync 1 DAGs
[2025-01-28T22:17:49.773+0000] {logging_mixin.py:190} INFO - [2025-01-28T22:17:49.773+0000] {dag.py:4180} INFO - Setting next_dagrun for example_complex to None, run_after=None
[2025-01-28T22:17:49.797+0000] {processor.py:208} INFO - Processing /home/airflow/.local/lib/python3.12/site-packages/airflow/example_dags/example_complex.py took 0.101 seconds
[2025-01-28T22:18:22.254+0000] {processor.py:186} INFO - Started process (PID=1202) to work on /home/airflow/.local/lib/python3.12/site-packages/airflow/example_dags/example_complex.py
[2025-01-28T22:18:22.255+0000] {processor.py:914} INFO - Processing file /home/airflow/.local/lib/python3.12/site-packages/airflow/example_dags/example_complex.py for tasks to queue
[2025-01-28T22:18:22.258+0000] {logging_mixin.py:190} INFO - [2025-01-28T22:18:22.258+0000] {dagbag.py:588} INFO - Filling up the DagBag from /home/airflow/.local/lib/python3.12/site-packages/airflow/example_dags/example_complex.py
[2025-01-28T22:18:22.271+0000] {processor.py:925} INFO - DAG(s) 'example_complex' retrieved from /home/airflow/.local/lib/python3.12/site-packages/airflow/example_dags/example_complex.py
[2025-01-28T22:18:22.310+0000] {logging_mixin.py:190} INFO - [2025-01-28T22:18:22.310+0000] {dag.py:3239} INFO - Sync 1 DAGs
[2025-01-28T22:18:22.327+0000] {logging_mixin.py:190} INFO - [2025-01-28T22:18:22.326+0000] {dag.py:4180} INFO - Setting next_dagrun for example_complex to None, run_after=None
[2025-01-28T22:18:22.351+0000] {processor.py:208} INFO - Processing /home/airflow/.local/lib/python3.12/site-packages/airflow/example_dags/example_complex.py took 0.104 seconds
[2025-01-28T22:18:52.955+0000] {processor.py:186} INFO - Started process (PID=1265) to work on /home/airflow/.local/lib/python3.12/site-packages/airflow/example_dags/example_complex.py
[2025-01-28T22:18:52.957+0000] {processor.py:914} INFO - Processing file /home/airflow/.local/lib/python3.12/site-packages/airflow/example_dags/example_complex.py for tasks to queue
[2025-01-28T22:18:52.960+0000] {logging_mixin.py:190} INFO - [2025-01-28T22:18:52.959+0000] {dagbag.py:588} INFO - Filling up the DagBag from /home/airflow/.local/lib/python3.12/site-packages/airflow/example_dags/example_complex.py
[2025-01-28T22:18:52.974+0000] {processor.py:925} INFO - DAG(s) 'example_complex' retrieved from /home/airflow/.local/lib/python3.12/site-packages/airflow/example_dags/example_complex.py
[2025-01-28T22:18:53.016+0000] {logging_mixin.py:190} INFO - [2025-01-28T22:18:53.016+0000] {dag.py:3239} INFO - Sync 1 DAGs
[2025-01-28T22:18:53.033+0000] {logging_mixin.py:190} INFO - [2025-01-28T22:18:53.032+0000] {dag.py:4180} INFO - Setting next_dagrun for example_complex to None, run_after=None
[2025-01-28T22:18:53.060+0000] {processor.py:208} INFO - Processing /home/airflow/.local/lib/python3.12/site-packages/airflow/example_dags/example_complex.py took 0.111 seconds
[2025-01-28T22:19:24.326+0000] {processor.py:186} INFO - Started process (PID=1328) to work on /home/airflow/.local/lib/python3.12/site-packages/airflow/example_dags/example_complex.py
[2025-01-28T22:19:24.328+0000] {processor.py:914} INFO - Processing file /home/airflow/.local/lib/python3.12/site-packages/airflow/example_dags/example_complex.py for tasks to queue
[2025-01-28T22:19:24.331+0000] {logging_mixin.py:190} INFO - [2025-01-28T22:19:24.330+0000] {dagbag.py:588} INFO - Filling up the DagBag from /home/airflow/.local/lib/python3.12/site-packages/airflow/example_dags/example_complex.py
[2025-01-28T22:19:24.344+0000] {processor.py:925} INFO - DAG(s) 'example_complex' retrieved from /home/airflow/.local/lib/python3.12/site-packages/airflow/example_dags/example_complex.py
[2025-01-28T22:19:24.381+0000] {logging_mixin.py:190} INFO - [2025-01-28T22:19:24.381+0000] {dag.py:3239} INFO - Sync 1 DAGs
[2025-01-28T22:19:24.401+0000] {logging_mixin.py:190} INFO - [2025-01-28T22:19:24.401+0000] {dag.py:4180} INFO - Setting next_dagrun for example_complex to None, run_after=None
[2025-01-28T22:19:24.434+0000] {processor.py:208} INFO - Processing /home/airflow/.local/lib/python3.12/site-packages/airflow/example_dags/example_complex.py took 0.114 seconds
[2025-01-28T22:19:55.250+0000] {processor.py:186} INFO - Started process (PID=1391) to work on /home/airflow/.local/lib/python3.12/site-packages/airflow/example_dags/example_complex.py
[2025-01-28T22:19:55.251+0000] {processor.py:914} INFO - Processing file /home/airflow/.local/lib/python3.12/site-packages/airflow/example_dags/example_complex.py for tasks to queue
[2025-01-28T22:19:55.255+0000] {logging_mixin.py:190} INFO - [2025-01-28T22:19:55.254+0000] {dagbag.py:588} INFO - Filling up the DagBag from /home/airflow/.local/lib/python3.12/site-packages/airflow/example_dags/example_complex.py
[2025-01-28T22:19:55.268+0000] {processor.py:925} INFO - DAG(s) 'example_complex' retrieved from /home/airflow/.local/lib/python3.12/site-packages/airflow/example_dags/example_complex.py
[2025-01-28T22:19:55.304+0000] {logging_mixin.py:190} INFO - [2025-01-28T22:19:55.304+0000] {dag.py:3239} INFO - Sync 1 DAGs
[2025-01-28T22:19:55.321+0000] {logging_mixin.py:190} INFO - [2025-01-28T22:19:55.320+0000] {dag.py:4180} INFO - Setting next_dagrun for example_complex to None, run_after=None
[2025-01-28T22:19:55.345+0000] {processor.py:208} INFO - Processing /home/airflow/.local/lib/python3.12/site-packages/airflow/example_dags/example_complex.py took 0.102 seconds
[2025-01-28T22:20:26.256+0000] {processor.py:186} INFO - Started process (PID=1454) to work on /home/airflow/.local/lib/python3.12/site-packages/airflow/example_dags/example_complex.py
[2025-01-28T22:20:26.258+0000] {processor.py:914} INFO - Processing file /home/airflow/.local/lib/python3.12/site-packages/airflow/example_dags/example_complex.py for tasks to queue
[2025-01-28T22:20:26.260+0000] {logging_mixin.py:190} INFO - [2025-01-28T22:20:26.260+0000] {dagbag.py:588} INFO - Filling up the DagBag from /home/airflow/.local/lib/python3.12/site-packages/airflow/example_dags/example_complex.py
[2025-01-28T22:20:26.274+0000] {processor.py:925} INFO - DAG(s) 'example_complex' retrieved from /home/airflow/.local/lib/python3.12/site-packages/airflow/example_dags/example_complex.py
[2025-01-28T22:20:26.311+0000] {logging_mixin.py:190} INFO - [2025-01-28T22:20:26.311+0000] {dag.py:3239} INFO - Sync 1 DAGs
[2025-01-28T22:20:26.328+0000] {logging_mixin.py:190} INFO - [2025-01-28T22:20:26.327+0000] {dag.py:4180} INFO - Setting next_dagrun for example_complex to None, run_after=None
[2025-01-28T22:20:26.352+0000] {processor.py:208} INFO - Processing /home/airflow/.local/lib/python3.12/site-packages/airflow/example_dags/example_complex.py took 0.102 seconds
[2025-01-28T22:20:58.142+0000] {processor.py:186} INFO - Started process (PID=1517) to work on /home/airflow/.local/lib/python3.12/site-packages/airflow/example_dags/example_complex.py
[2025-01-28T22:20:58.144+0000] {processor.py:914} INFO - Processing file /home/airflow/.local/lib/python3.12/site-packages/airflow/example_dags/example_complex.py for tasks to queue
[2025-01-28T22:20:58.146+0000] {logging_mixin.py:190} INFO - [2025-01-28T22:20:58.146+0000] {dagbag.py:588} INFO - Filling up the DagBag from /home/airflow/.local/lib/python3.12/site-packages/airflow/example_dags/example_complex.py
[2025-01-28T22:20:58.161+0000] {processor.py:925} INFO - DAG(s) 'example_complex' retrieved from /home/airflow/.local/lib/python3.12/site-packages/airflow/example_dags/example_complex.py
[2025-01-28T22:20:58.197+0000] {logging_mixin.py:190} INFO - [2025-01-28T22:20:58.197+0000] {dag.py:3239} INFO - Sync 1 DAGs
[2025-01-28T22:20:58.213+0000] {logging_mixin.py:190} INFO - [2025-01-28T22:20:58.213+0000] {dag.py:4180} INFO - Setting next_dagrun for example_complex to None, run_after=None
[2025-01-28T22:20:58.236+0000] {processor.py:208} INFO - Processing /home/airflow/.local/lib/python3.12/site-packages/airflow/example_dags/example_complex.py took 0.100 seconds
[2025-01-28T22:21:28.927+0000] {processor.py:186} INFO - Started process (PID=1580) to work on /home/airflow/.local/lib/python3.12/site-packages/airflow/example_dags/example_complex.py
[2025-01-28T22:21:28.929+0000] {processor.py:914} INFO - Processing file /home/airflow/.local/lib/python3.12/site-packages/airflow/example_dags/example_complex.py for tasks to queue
[2025-01-28T22:21:28.932+0000] {logging_mixin.py:190} INFO - [2025-01-28T22:21:28.931+0000] {dagbag.py:588} INFO - Filling up the DagBag from /home/airflow/.local/lib/python3.12/site-packages/airflow/example_dags/example_complex.py
[2025-01-28T22:21:28.945+0000] {processor.py:925} INFO - DAG(s) 'example_complex' retrieved from /home/airflow/.local/lib/python3.12/site-packages/airflow/example_dags/example_complex.py
[2025-01-28T22:21:28.981+0000] {logging_mixin.py:190} INFO - [2025-01-28T22:21:28.981+0000] {dag.py:3239} INFO - Sync 1 DAGs
[2025-01-28T22:21:28.997+0000] {logging_mixin.py:190} INFO - [2025-01-28T22:21:28.996+0000] {dag.py:4180} INFO - Setting next_dagrun for example_complex to None, run_after=None
[2025-01-28T22:21:29.036+0000] {processor.py:208} INFO - Processing /home/airflow/.local/lib/python3.12/site-packages/airflow/example_dags/example_complex.py took 0.115 seconds
[2025-01-28T22:22:00.772+0000] {processor.py:186} INFO - Started process (PID=1643) to work on /home/airflow/.local/lib/python3.12/site-packages/airflow/example_dags/example_complex.py
[2025-01-28T22:22:00.773+0000] {processor.py:914} INFO - Processing file /home/airflow/.local/lib/python3.12/site-packages/airflow/example_dags/example_complex.py for tasks to queue
[2025-01-28T22:22:00.776+0000] {logging_mixin.py:190} INFO - [2025-01-28T22:22:00.776+0000] {dagbag.py:588} INFO - Filling up the DagBag from /home/airflow/.local/lib/python3.12/site-packages/airflow/example_dags/example_complex.py
[2025-01-28T22:22:00.790+0000] {processor.py:925} INFO - DAG(s) 'example_complex' retrieved from /home/airflow/.local/lib/python3.12/site-packages/airflow/example_dags/example_complex.py
[2025-01-28T22:22:00.826+0000] {logging_mixin.py:190} INFO - [2025-01-28T22:22:00.825+0000] {dag.py:3239} INFO - Sync 1 DAGs
[2025-01-28T22:22:00.842+0000] {logging_mixin.py:190} INFO - [2025-01-28T22:22:00.842+0000] {dag.py:4180} INFO - Setting next_dagrun for example_complex to None, run_after=None
[2025-01-28T22:22:00.875+0000] {processor.py:208} INFO - Processing /home/airflow/.local/lib/python3.12/site-packages/airflow/example_dags/example_complex.py took 0.109 seconds
[2025-01-28T22:22:32.188+0000] {processor.py:186} INFO - Started process (PID=1706) to work on /home/airflow/.local/lib/python3.12/site-packages/airflow/example_dags/example_complex.py
[2025-01-28T22:22:32.190+0000] {processor.py:914} INFO - Processing file /home/airflow/.local/lib/python3.12/site-packages/airflow/example_dags/example_complex.py for tasks to queue
[2025-01-28T22:22:32.193+0000] {logging_mixin.py:190} INFO - [2025-01-28T22:22:32.193+0000] {dagbag.py:588} INFO - Filling up the DagBag from /home/airflow/.local/lib/python3.12/site-packages/airflow/example_dags/example_complex.py
[2025-01-28T22:22:32.207+0000] {processor.py:925} INFO - DAG(s) 'example_complex' retrieved from /home/airflow/.local/lib/python3.12/site-packages/airflow/example_dags/example_complex.py
[2025-01-28T22:22:32.244+0000] {logging_mixin.py:190} INFO - [2025-01-28T22:22:32.243+0000] {dag.py:3239} INFO - Sync 1 DAGs
[2025-01-28T22:22:32.260+0000] {logging_mixin.py:190} INFO - [2025-01-28T22:22:32.260+0000] {dag.py:4180} INFO - Setting next_dagrun for example_complex to None, run_after=None
[2025-01-28T22:22:32.285+0000] {processor.py:208} INFO - Processing /home/airflow/.local/lib/python3.12/site-packages/airflow/example_dags/example_complex.py took 0.103 seconds
[2025-01-28T22:23:03.866+0000] {processor.py:186} INFO - Started process (PID=1769) to work on /home/airflow/.local/lib/python3.12/site-packages/airflow/example_dags/example_complex.py
[2025-01-28T22:23:03.868+0000] {processor.py:914} INFO - Processing file /home/airflow/.local/lib/python3.12/site-packages/airflow/example_dags/example_complex.py for tasks to queue
[2025-01-28T22:23:03.871+0000] {logging_mixin.py:190} INFO - [2025-01-28T22:23:03.870+0000] {dagbag.py:588} INFO - Filling up the DagBag from /home/airflow/.local/lib/python3.12/site-packages/airflow/example_dags/example_complex.py
[2025-01-28T22:23:03.884+0000] {processor.py:925} INFO - DAG(s) 'example_complex' retrieved from /home/airflow/.local/lib/python3.12/site-packages/airflow/example_dags/example_complex.py
[2025-01-28T22:23:03.922+0000] {logging_mixin.py:190} INFO - [2025-01-28T22:23:03.922+0000] {dag.py:3239} INFO - Sync 1 DAGs
[2025-01-28T22:23:03.943+0000] {logging_mixin.py:190} INFO - [2025-01-28T22:23:03.942+0000] {dag.py:4180} INFO - Setting next_dagrun for example_complex to None, run_after=None
[2025-01-28T22:23:03.966+0000] {processor.py:208} INFO - Processing /home/airflow/.local/lib/python3.12/site-packages/airflow/example_dags/example_complex.py took 0.107 seconds
[2025-01-28T22:23:34.131+0000] {processor.py:186} INFO - Started process (PID=1832) to work on /home/airflow/.local/lib/python3.12/site-packages/airflow/example_dags/example_complex.py
[2025-01-28T22:23:34.133+0000] {processor.py:914} INFO - Processing file /home/airflow/.local/lib/python3.12/site-packages/airflow/example_dags/example_complex.py for tasks to queue
[2025-01-28T22:23:34.136+0000] {logging_mixin.py:190} INFO - [2025-01-28T22:23:34.135+0000] {dagbag.py:588} INFO - Filling up the DagBag from /home/airflow/.local/lib/python3.12/site-packages/airflow/example_dags/example_complex.py
[2025-01-28T22:23:34.150+0000] {processor.py:925} INFO - DAG(s) 'example_complex' retrieved from /home/airflow/.local/lib/python3.12/site-packages/airflow/example_dags/example_complex.py
[2025-01-28T22:23:34.186+0000] {logging_mixin.py:190} INFO - [2025-01-28T22:23:34.186+0000] {dag.py:3239} INFO - Sync 1 DAGs
[2025-01-28T22:23:34.202+0000] {logging_mixin.py:190} INFO - [2025-01-28T22:23:34.202+0000] {dag.py:4180} INFO - Setting next_dagrun for example_complex to None, run_after=None
[2025-01-28T22:23:34.228+0000] {processor.py:208} INFO - Processing /home/airflow/.local/lib/python3.12/site-packages/airflow/example_dags/example_complex.py took 0.103 seconds
[2025-01-28T22:24:06.554+0000] {processor.py:186} INFO - Started process (PID=1895) to work on /home/airflow/.local/lib/python3.12/site-packages/airflow/example_dags/example_complex.py
[2025-01-28T22:24:06.556+0000] {processor.py:914} INFO - Processing file /home/airflow/.local/lib/python3.12/site-packages/airflow/example_dags/example_complex.py for tasks to queue
[2025-01-28T22:24:06.560+0000] {logging_mixin.py:190} INFO - [2025-01-28T22:24:06.559+0000] {dagbag.py:588} INFO - Filling up the DagBag from /home/airflow/.local/lib/python3.12/site-packages/airflow/example_dags/example_complex.py
[2025-01-28T22:24:06.575+0000] {processor.py:925} INFO - DAG(s) 'example_complex' retrieved from /home/airflow/.local/lib/python3.12/site-packages/airflow/example_dags/example_complex.py
[2025-01-28T22:24:06.613+0000] {logging_mixin.py:190} INFO - [2025-01-28T22:24:06.613+0000] {dag.py:3239} INFO - Sync 1 DAGs
[2025-01-28T22:24:06.633+0000] {logging_mixin.py:190} INFO - [2025-01-28T22:24:06.633+0000] {dag.py:4180} INFO - Setting next_dagrun for example_complex to None, run_after=None
[2025-01-28T22:24:06.658+0000] {processor.py:208} INFO - Processing /home/airflow/.local/lib/python3.12/site-packages/airflow/example_dags/example_complex.py took 0.111 seconds
[2025-01-28T22:24:36.791+0000] {processor.py:186} INFO - Started process (PID=1958) to work on /home/airflow/.local/lib/python3.12/site-packages/airflow/example_dags/example_complex.py
[2025-01-28T22:24:36.793+0000] {processor.py:914} INFO - Processing file /home/airflow/.local/lib/python3.12/site-packages/airflow/example_dags/example_complex.py for tasks to queue
[2025-01-28T22:24:36.795+0000] {logging_mixin.py:190} INFO - [2025-01-28T22:24:36.795+0000] {dagbag.py:588} INFO - Filling up the DagBag from /home/airflow/.local/lib/python3.12/site-packages/airflow/example_dags/example_complex.py
[2025-01-28T22:24:36.809+0000] {processor.py:925} INFO - DAG(s) 'example_complex' retrieved from /home/airflow/.local/lib/python3.12/site-packages/airflow/example_dags/example_complex.py
[2025-01-28T22:24:36.846+0000] {logging_mixin.py:190} INFO - [2025-01-28T22:24:36.845+0000] {dag.py:3239} INFO - Sync 1 DAGs
[2025-01-28T22:24:36.870+0000] {logging_mixin.py:190} INFO - [2025-01-28T22:24:36.869+0000] {dag.py:4180} INFO - Setting next_dagrun for example_complex to None, run_after=None
[2025-01-28T22:24:36.896+0000] {processor.py:208} INFO - Processing /home/airflow/.local/lib/python3.12/site-packages/airflow/example_dags/example_complex.py took 0.111 seconds
[2025-01-28T22:25:09.053+0000] {processor.py:186} INFO - Started process (PID=2021) to work on /home/airflow/.local/lib/python3.12/site-packages/airflow/example_dags/example_complex.py
[2025-01-28T22:25:09.054+0000] {processor.py:914} INFO - Processing file /home/airflow/.local/lib/python3.12/site-packages/airflow/example_dags/example_complex.py for tasks to queue
[2025-01-28T22:25:09.058+0000] {logging_mixin.py:190} INFO - [2025-01-28T22:25:09.057+0000] {dagbag.py:588} INFO - Filling up the DagBag from /home/airflow/.local/lib/python3.12/site-packages/airflow/example_dags/example_complex.py
[2025-01-28T22:25:09.071+0000] {processor.py:925} INFO - DAG(s) 'example_complex' retrieved from /home/airflow/.local/lib/python3.12/site-packages/airflow/example_dags/example_complex.py
[2025-01-28T22:25:09.107+0000] {logging_mixin.py:190} INFO - [2025-01-28T22:25:09.107+0000] {dag.py:3239} INFO - Sync 1 DAGs
[2025-01-28T22:25:09.123+0000] {logging_mixin.py:190} INFO - [2025-01-28T22:25:09.123+0000] {dag.py:4180} INFO - Setting next_dagrun for example_complex to None, run_after=None
[2025-01-28T22:25:09.149+0000] {processor.py:208} INFO - Processing /home/airflow/.local/lib/python3.12/site-packages/airflow/example_dags/example_complex.py took 0.102 seconds
[2025-01-28T22:28:50.585+0000] {processor.py:186} INFO - Started process (PID=136) to work on /home/airflow/.local/lib/python3.12/site-packages/airflow/example_dags/example_complex.py
[2025-01-28T22:28:50.587+0000] {processor.py:914} INFO - Processing file /home/airflow/.local/lib/python3.12/site-packages/airflow/example_dags/example_complex.py for tasks to queue
[2025-01-28T22:28:50.590+0000] {logging_mixin.py:190} INFO - [2025-01-28T22:28:50.590+0000] {dagbag.py:588} INFO - Filling up the DagBag from /home/airflow/.local/lib/python3.12/site-packages/airflow/example_dags/example_complex.py
[2025-01-28T22:28:50.605+0000] {processor.py:925} INFO - DAG(s) 'example_complex' retrieved from /home/airflow/.local/lib/python3.12/site-packages/airflow/example_dags/example_complex.py
[2025-01-28T22:28:50.643+0000] {logging_mixin.py:190} INFO - [2025-01-28T22:28:50.643+0000] {dag.py:3239} INFO - Sync 1 DAGs
[2025-01-28T22:28:50.659+0000] {logging_mixin.py:190} INFO - [2025-01-28T22:28:50.659+0000] {dag.py:4180} INFO - Setting next_dagrun for example_complex to None, run_after=None
[2025-01-28T22:28:50.684+0000] {processor.py:208} INFO - Processing /home/airflow/.local/lib/python3.12/site-packages/airflow/example_dags/example_complex.py took 0.105 seconds
[2025-01-28T22:29:21.939+0000] {processor.py:186} INFO - Started process (PID=199) to work on /home/airflow/.local/lib/python3.12/site-packages/airflow/example_dags/example_complex.py
[2025-01-28T22:29:21.941+0000] {processor.py:914} INFO - Processing file /home/airflow/.local/lib/python3.12/site-packages/airflow/example_dags/example_complex.py for tasks to queue
[2025-01-28T22:29:21.944+0000] {logging_mixin.py:190} INFO - [2025-01-28T22:29:21.944+0000] {dagbag.py:588} INFO - Filling up the DagBag from /home/airflow/.local/lib/python3.12/site-packages/airflow/example_dags/example_complex.py
[2025-01-28T22:29:21.958+0000] {processor.py:925} INFO - DAG(s) 'example_complex' retrieved from /home/airflow/.local/lib/python3.12/site-packages/airflow/example_dags/example_complex.py
[2025-01-28T22:29:22.001+0000] {logging_mixin.py:190} INFO - [2025-01-28T22:29:22.000+0000] {dag.py:3239} INFO - Sync 1 DAGs
[2025-01-28T22:29:22.017+0000] {logging_mixin.py:190} INFO - [2025-01-28T22:29:22.017+0000] {dag.py:4180} INFO - Setting next_dagrun for example_complex to None, run_after=None
[2025-01-28T22:29:22.043+0000] {processor.py:208} INFO - Processing /home/airflow/.local/lib/python3.12/site-packages/airflow/example_dags/example_complex.py took 0.110 seconds
[2025-01-28T22:29:52.655+0000] {processor.py:186} INFO - Started process (PID=261) to work on /home/airflow/.local/lib/python3.12/site-packages/airflow/example_dags/example_complex.py
[2025-01-28T22:29:52.657+0000] {processor.py:914} INFO - Processing file /home/airflow/.local/lib/python3.12/site-packages/airflow/example_dags/example_complex.py for tasks to queue
[2025-01-28T22:29:52.660+0000] {logging_mixin.py:190} INFO - [2025-01-28T22:29:52.659+0000] {dagbag.py:588} INFO - Filling up the DagBag from /home/airflow/.local/lib/python3.12/site-packages/airflow/example_dags/example_complex.py
[2025-01-28T22:29:52.673+0000] {processor.py:925} INFO - DAG(s) 'example_complex' retrieved from /home/airflow/.local/lib/python3.12/site-packages/airflow/example_dags/example_complex.py
[2025-01-28T22:29:52.710+0000] {logging_mixin.py:190} INFO - [2025-01-28T22:29:52.710+0000] {dag.py:3239} INFO - Sync 1 DAGs
[2025-01-28T22:29:52.727+0000] {logging_mixin.py:190} INFO - [2025-01-28T22:29:52.726+0000] {dag.py:4180} INFO - Setting next_dagrun for example_complex to None, run_after=None
[2025-01-28T22:29:52.750+0000] {processor.py:208} INFO - Processing /home/airflow/.local/lib/python3.12/site-packages/airflow/example_dags/example_complex.py took 0.100 seconds
[2025-01-28T22:30:23.975+0000] {processor.py:186} INFO - Started process (PID=324) to work on /home/airflow/.local/lib/python3.12/site-packages/airflow/example_dags/example_complex.py
[2025-01-28T22:30:23.977+0000] {processor.py:914} INFO - Processing file /home/airflow/.local/lib/python3.12/site-packages/airflow/example_dags/example_complex.py for tasks to queue
[2025-01-28T22:30:23.980+0000] {logging_mixin.py:190} INFO - [2025-01-28T22:30:23.979+0000] {dagbag.py:588} INFO - Filling up the DagBag from /home/airflow/.local/lib/python3.12/site-packages/airflow/example_dags/example_complex.py
[2025-01-28T22:30:23.996+0000] {processor.py:925} INFO - DAG(s) 'example_complex' retrieved from /home/airflow/.local/lib/python3.12/site-packages/airflow/example_dags/example_complex.py
[2025-01-28T22:30:24.037+0000] {logging_mixin.py:190} INFO - [2025-01-28T22:30:24.037+0000] {dag.py:3239} INFO - Sync 1 DAGs
[2025-01-28T22:30:24.053+0000] {logging_mixin.py:190} INFO - [2025-01-28T22:30:24.053+0000] {dag.py:4180} INFO - Setting next_dagrun for example_complex to None, run_after=None
[2025-01-28T22:30:24.088+0000] {processor.py:208} INFO - Processing /home/airflow/.local/lib/python3.12/site-packages/airflow/example_dags/example_complex.py took 0.119 seconds
[2025-01-28T22:30:55.776+0000] {processor.py:186} INFO - Started process (PID=387) to work on /home/airflow/.local/lib/python3.12/site-packages/airflow/example_dags/example_complex.py
[2025-01-28T22:30:55.777+0000] {processor.py:914} INFO - Processing file /home/airflow/.local/lib/python3.12/site-packages/airflow/example_dags/example_complex.py for tasks to queue
[2025-01-28T22:30:55.780+0000] {logging_mixin.py:190} INFO - [2025-01-28T22:30:55.780+0000] {dagbag.py:588} INFO - Filling up the DagBag from /home/airflow/.local/lib/python3.12/site-packages/airflow/example_dags/example_complex.py
[2025-01-28T22:30:55.793+0000] {processor.py:925} INFO - DAG(s) 'example_complex' retrieved from /home/airflow/.local/lib/python3.12/site-packages/airflow/example_dags/example_complex.py
[2025-01-28T22:30:55.832+0000] {logging_mixin.py:190} INFO - [2025-01-28T22:30:55.831+0000] {dag.py:3239} INFO - Sync 1 DAGs
[2025-01-28T22:30:55.848+0000] {logging_mixin.py:190} INFO - [2025-01-28T22:30:55.848+0000] {dag.py:4180} INFO - Setting next_dagrun for example_complex to None, run_after=None
[2025-01-28T22:30:55.886+0000] {processor.py:208} INFO - Processing /home/airflow/.local/lib/python3.12/site-packages/airflow/example_dags/example_complex.py took 0.117 seconds
