[2025-01-28T22:09:26.317+0000] {processor.py:186} INFO - Started process (PID=107) to work on /home/airflow/.local/lib/python3.12/site-packages/airflow/example_dags/example_latest_only.py
[2025-01-28T22:09:26.318+0000] {processor.py:914} INFO - Processing file /home/airflow/.local/lib/python3.12/site-packages/airflow/example_dags/example_latest_only.py for tasks to queue
[2025-01-28T22:09:26.321+0000] {logging_mixin.py:190} INFO - [2025-01-28T22:09:26.320+0000] {dagbag.py:588} INFO - Filling up the DagBag from /home/airflow/.local/lib/python3.12/site-packages/airflow/example_dags/example_latest_only.py
[2025-01-28T22:09:26.332+0000] {processor.py:925} INFO - DAG(s) 'latest_only' retrieved from /home/airflow/.local/lib/python3.12/site-packages/airflow/example_dags/example_latest_only.py
[2025-01-28T22:09:26.454+0000] {logging_mixin.py:190} INFO - [2025-01-28T22:09:26.453+0000] {override.py:1911} INFO - Created Permission View: can delete on DAG:latest_only
[2025-01-28T22:09:26.472+0000] {logging_mixin.py:190} INFO - [2025-01-28T22:09:26.471+0000] {override.py:1911} INFO - Created Permission View: can edit on DAG:latest_only
[2025-01-28T22:09:26.499+0000] {logging_mixin.py:190} INFO - [2025-01-28T22:09:26.498+0000] {override.py:1911} INFO - Created Permission View: can read on DAG:latest_only
[2025-01-28T22:09:26.514+0000] {logging_mixin.py:190} INFO - [2025-01-28T22:09:26.513+0000] {override.py:1911} INFO - Created Permission View: can create on DAG Run:latest_only
[2025-01-28T22:09:26.528+0000] {logging_mixin.py:190} INFO - [2025-01-28T22:09:26.528+0000] {override.py:1911} INFO - Created Permission View: can delete on DAG Run:latest_only
[2025-01-28T22:09:26.577+0000] {logging_mixin.py:190} INFO - [2025-01-28T22:09:26.577+0000] {override.py:1911} INFO - Created Permission View: menu access on DAG Run:latest_only
[2025-01-28T22:09:26.594+0000] {logging_mixin.py:190} INFO - [2025-01-28T22:09:26.593+0000] {override.py:1911} INFO - Created Permission View: can read on DAG Run:latest_only
[2025-01-28T22:09:26.595+0000] {logging_mixin.py:190} INFO - [2025-01-28T22:09:26.595+0000] {dag.py:3239} INFO - Sync 1 DAGs
[2025-01-28T22:09:26.610+0000] {logging_mixin.py:190} INFO - [2025-01-28T22:09:26.609+0000] {dag.py:3262} INFO - Creating ORM DAG for latest_only
[2025-01-28T22:09:26.620+0000] {logging_mixin.py:190} INFO - [2025-01-28T22:09:26.620+0000] {dag.py:4180} INFO - Setting next_dagrun for latest_only to 2025-01-28 16:00:00+00:00, run_after=2025-01-28 20:00:00+00:00
[2025-01-28T22:09:26.641+0000] {processor.py:208} INFO - Processing /home/airflow/.local/lib/python3.12/site-packages/airflow/example_dags/example_latest_only.py took 0.331 seconds
[2025-01-28T22:09:57.045+0000] {processor.py:186} INFO - Started process (PID=170) to work on /home/airflow/.local/lib/python3.12/site-packages/airflow/example_dags/example_latest_only.py
[2025-01-28T22:09:57.047+0000] {processor.py:914} INFO - Processing file /home/airflow/.local/lib/python3.12/site-packages/airflow/example_dags/example_latest_only.py for tasks to queue
[2025-01-28T22:09:57.049+0000] {logging_mixin.py:190} INFO - [2025-01-28T22:09:57.049+0000] {dagbag.py:588} INFO - Filling up the DagBag from /home/airflow/.local/lib/python3.12/site-packages/airflow/example_dags/example_latest_only.py
[2025-01-28T22:09:57.057+0000] {processor.py:925} INFO - DAG(s) 'latest_only' retrieved from /home/airflow/.local/lib/python3.12/site-packages/airflow/example_dags/example_latest_only.py
[2025-01-28T22:09:57.077+0000] {logging_mixin.py:190} INFO - [2025-01-28T22:09:57.076+0000] {dag.py:3239} INFO - Sync 1 DAGs
[2025-01-28T22:09:57.101+0000] {logging_mixin.py:190} INFO - [2025-01-28T22:09:57.101+0000] {dag.py:4180} INFO - Setting next_dagrun for latest_only to 2025-01-28 16:00:00+00:00, run_after=2025-01-28 20:00:00+00:00
[2025-01-28T22:09:57.123+0000] {processor.py:208} INFO - Processing /home/airflow/.local/lib/python3.12/site-packages/airflow/example_dags/example_latest_only.py took 0.084 seconds
[2025-01-28T22:10:28.439+0000] {processor.py:186} INFO - Started process (PID=233) to work on /home/airflow/.local/lib/python3.12/site-packages/airflow/example_dags/example_latest_only.py
[2025-01-28T22:10:28.441+0000] {processor.py:914} INFO - Processing file /home/airflow/.local/lib/python3.12/site-packages/airflow/example_dags/example_latest_only.py for tasks to queue
[2025-01-28T22:10:28.443+0000] {logging_mixin.py:190} INFO - [2025-01-28T22:10:28.443+0000] {dagbag.py:588} INFO - Filling up the DagBag from /home/airflow/.local/lib/python3.12/site-packages/airflow/example_dags/example_latest_only.py
[2025-01-28T22:10:28.451+0000] {processor.py:925} INFO - DAG(s) 'latest_only' retrieved from /home/airflow/.local/lib/python3.12/site-packages/airflow/example_dags/example_latest_only.py
[2025-01-28T22:10:28.473+0000] {logging_mixin.py:190} INFO - [2025-01-28T22:10:28.473+0000] {dag.py:3239} INFO - Sync 1 DAGs
[2025-01-28T22:10:28.500+0000] {logging_mixin.py:190} INFO - [2025-01-28T22:10:28.500+0000] {dag.py:4180} INFO - Setting next_dagrun for latest_only to 2025-01-28 16:00:00+00:00, run_after=2025-01-28 20:00:00+00:00
[2025-01-28T22:10:28.528+0000] {processor.py:208} INFO - Processing /home/airflow/.local/lib/python3.12/site-packages/airflow/example_dags/example_latest_only.py took 0.095 seconds
[2025-01-28T22:10:59.742+0000] {processor.py:186} INFO - Started process (PID=296) to work on /home/airflow/.local/lib/python3.12/site-packages/airflow/example_dags/example_latest_only.py
[2025-01-28T22:10:59.743+0000] {processor.py:914} INFO - Processing file /home/airflow/.local/lib/python3.12/site-packages/airflow/example_dags/example_latest_only.py for tasks to queue
[2025-01-28T22:10:59.746+0000] {logging_mixin.py:190} INFO - [2025-01-28T22:10:59.746+0000] {dagbag.py:588} INFO - Filling up the DagBag from /home/airflow/.local/lib/python3.12/site-packages/airflow/example_dags/example_latest_only.py
[2025-01-28T22:10:59.754+0000] {processor.py:925} INFO - DAG(s) 'latest_only' retrieved from /home/airflow/.local/lib/python3.12/site-packages/airflow/example_dags/example_latest_only.py
[2025-01-28T22:10:59.777+0000] {logging_mixin.py:190} INFO - [2025-01-28T22:10:59.777+0000] {dag.py:3239} INFO - Sync 1 DAGs
[2025-01-28T22:10:59.804+0000] {logging_mixin.py:190} INFO - [2025-01-28T22:10:59.803+0000] {dag.py:4180} INFO - Setting next_dagrun for latest_only to 2025-01-28 16:00:00+00:00, run_after=2025-01-28 20:00:00+00:00
[2025-01-28T22:10:59.826+0000] {processor.py:208} INFO - Processing /home/airflow/.local/lib/python3.12/site-packages/airflow/example_dags/example_latest_only.py took 0.090 seconds
[2025-01-28T22:11:31.073+0000] {processor.py:186} INFO - Started process (PID=359) to work on /home/airflow/.local/lib/python3.12/site-packages/airflow/example_dags/example_latest_only.py
[2025-01-28T22:11:31.074+0000] {processor.py:914} INFO - Processing file /home/airflow/.local/lib/python3.12/site-packages/airflow/example_dags/example_latest_only.py for tasks to queue
[2025-01-28T22:11:31.081+0000] {logging_mixin.py:190} INFO - [2025-01-28T22:11:31.080+0000] {dagbag.py:588} INFO - Filling up the DagBag from /home/airflow/.local/lib/python3.12/site-packages/airflow/example_dags/example_latest_only.py
[2025-01-28T22:11:31.088+0000] {processor.py:925} INFO - DAG(s) 'latest_only' retrieved from /home/airflow/.local/lib/python3.12/site-packages/airflow/example_dags/example_latest_only.py
[2025-01-28T22:11:31.110+0000] {logging_mixin.py:190} INFO - [2025-01-28T22:11:31.110+0000] {dag.py:3239} INFO - Sync 1 DAGs
[2025-01-28T22:11:31.136+0000] {logging_mixin.py:190} INFO - [2025-01-28T22:11:31.136+0000] {dag.py:4180} INFO - Setting next_dagrun for latest_only to 2025-01-28 16:00:00+00:00, run_after=2025-01-28 20:00:00+00:00
[2025-01-28T22:11:31.160+0000] {processor.py:208} INFO - Processing /home/airflow/.local/lib/python3.12/site-packages/airflow/example_dags/example_latest_only.py took 0.093 seconds
[2025-01-28T22:12:01.999+0000] {processor.py:186} INFO - Started process (PID=422) to work on /home/airflow/.local/lib/python3.12/site-packages/airflow/example_dags/example_latest_only.py
[2025-01-28T22:12:02.001+0000] {processor.py:914} INFO - Processing file /home/airflow/.local/lib/python3.12/site-packages/airflow/example_dags/example_latest_only.py for tasks to queue
[2025-01-28T22:12:02.004+0000] {logging_mixin.py:190} INFO - [2025-01-28T22:12:02.003+0000] {dagbag.py:588} INFO - Filling up the DagBag from /home/airflow/.local/lib/python3.12/site-packages/airflow/example_dags/example_latest_only.py
[2025-01-28T22:12:02.011+0000] {processor.py:925} INFO - DAG(s) 'latest_only' retrieved from /home/airflow/.local/lib/python3.12/site-packages/airflow/example_dags/example_latest_only.py
[2025-01-28T22:12:02.031+0000] {logging_mixin.py:190} INFO - [2025-01-28T22:12:02.031+0000] {dag.py:3239} INFO - Sync 1 DAGs
[2025-01-28T22:12:02.057+0000] {logging_mixin.py:190} INFO - [2025-01-28T22:12:02.056+0000] {dag.py:4180} INFO - Setting next_dagrun for latest_only to 2025-01-28 16:00:00+00:00, run_after=2025-01-28 20:00:00+00:00
[2025-01-28T22:12:02.079+0000] {processor.py:208} INFO - Processing /home/airflow/.local/lib/python3.12/site-packages/airflow/example_dags/example_latest_only.py took 0.086 seconds
[2025-01-28T22:12:33.205+0000] {processor.py:186} INFO - Started process (PID=485) to work on /home/airflow/.local/lib/python3.12/site-packages/airflow/example_dags/example_latest_only.py
[2025-01-28T22:12:33.206+0000] {processor.py:914} INFO - Processing file /home/airflow/.local/lib/python3.12/site-packages/airflow/example_dags/example_latest_only.py for tasks to queue
[2025-01-28T22:12:33.209+0000] {logging_mixin.py:190} INFO - [2025-01-28T22:12:33.208+0000] {dagbag.py:588} INFO - Filling up the DagBag from /home/airflow/.local/lib/python3.12/site-packages/airflow/example_dags/example_latest_only.py
[2025-01-28T22:12:33.217+0000] {processor.py:925} INFO - DAG(s) 'latest_only' retrieved from /home/airflow/.local/lib/python3.12/site-packages/airflow/example_dags/example_latest_only.py
[2025-01-28T22:12:33.238+0000] {logging_mixin.py:190} INFO - [2025-01-28T22:12:33.238+0000] {dag.py:3239} INFO - Sync 1 DAGs
[2025-01-28T22:12:33.264+0000] {logging_mixin.py:190} INFO - [2025-01-28T22:12:33.263+0000] {dag.py:4180} INFO - Setting next_dagrun for latest_only to 2025-01-28 16:00:00+00:00, run_after=2025-01-28 20:00:00+00:00
[2025-01-28T22:12:33.292+0000] {processor.py:208} INFO - Processing /home/airflow/.local/lib/python3.12/site-packages/airflow/example_dags/example_latest_only.py took 0.094 seconds
[2025-01-28T22:13:04.513+0000] {processor.py:186} INFO - Started process (PID=548) to work on /home/airflow/.local/lib/python3.12/site-packages/airflow/example_dags/example_latest_only.py
[2025-01-28T22:13:04.515+0000] {processor.py:914} INFO - Processing file /home/airflow/.local/lib/python3.12/site-packages/airflow/example_dags/example_latest_only.py for tasks to queue
[2025-01-28T22:13:04.517+0000] {logging_mixin.py:190} INFO - [2025-01-28T22:13:04.517+0000] {dagbag.py:588} INFO - Filling up the DagBag from /home/airflow/.local/lib/python3.12/site-packages/airflow/example_dags/example_latest_only.py
[2025-01-28T22:13:04.525+0000] {processor.py:925} INFO - DAG(s) 'latest_only' retrieved from /home/airflow/.local/lib/python3.12/site-packages/airflow/example_dags/example_latest_only.py
[2025-01-28T22:13:04.550+0000] {logging_mixin.py:190} INFO - [2025-01-28T22:13:04.549+0000] {dag.py:3239} INFO - Sync 1 DAGs
[2025-01-28T22:13:04.590+0000] {logging_mixin.py:190} INFO - [2025-01-28T22:13:04.589+0000] {dag.py:4180} INFO - Setting next_dagrun for latest_only to 2025-01-28 16:00:00+00:00, run_after=2025-01-28 20:00:00+00:00
[2025-01-28T22:13:04.639+0000] {processor.py:208} INFO - Processing /home/airflow/.local/lib/python3.12/site-packages/airflow/example_dags/example_latest_only.py took 0.132 seconds
[2025-01-28T22:13:36.204+0000] {processor.py:186} INFO - Started process (PID=611) to work on /home/airflow/.local/lib/python3.12/site-packages/airflow/example_dags/example_latest_only.py
[2025-01-28T22:13:36.205+0000] {processor.py:914} INFO - Processing file /home/airflow/.local/lib/python3.12/site-packages/airflow/example_dags/example_latest_only.py for tasks to queue
[2025-01-28T22:13:36.208+0000] {logging_mixin.py:190} INFO - [2025-01-28T22:13:36.208+0000] {dagbag.py:588} INFO - Filling up the DagBag from /home/airflow/.local/lib/python3.12/site-packages/airflow/example_dags/example_latest_only.py
[2025-01-28T22:13:36.216+0000] {processor.py:925} INFO - DAG(s) 'latest_only' retrieved from /home/airflow/.local/lib/python3.12/site-packages/airflow/example_dags/example_latest_only.py
[2025-01-28T22:13:36.237+0000] {logging_mixin.py:190} INFO - [2025-01-28T22:13:36.236+0000] {dag.py:3239} INFO - Sync 1 DAGs
[2025-01-28T22:13:36.262+0000] {logging_mixin.py:190} INFO - [2025-01-28T22:13:36.262+0000] {dag.py:4180} INFO - Setting next_dagrun for latest_only to 2025-01-28 16:00:00+00:00, run_after=2025-01-28 20:00:00+00:00
[2025-01-28T22:13:36.295+0000] {processor.py:208} INFO - Processing /home/airflow/.local/lib/python3.12/site-packages/airflow/example_dags/example_latest_only.py took 0.098 seconds
[2025-01-28T22:14:07.414+0000] {processor.py:186} INFO - Started process (PID=674) to work on /home/airflow/.local/lib/python3.12/site-packages/airflow/example_dags/example_latest_only.py
[2025-01-28T22:14:07.415+0000] {processor.py:914} INFO - Processing file /home/airflow/.local/lib/python3.12/site-packages/airflow/example_dags/example_latest_only.py for tasks to queue
[2025-01-28T22:14:07.418+0000] {logging_mixin.py:190} INFO - [2025-01-28T22:14:07.417+0000] {dagbag.py:588} INFO - Filling up the DagBag from /home/airflow/.local/lib/python3.12/site-packages/airflow/example_dags/example_latest_only.py
[2025-01-28T22:14:07.425+0000] {processor.py:925} INFO - DAG(s) 'latest_only' retrieved from /home/airflow/.local/lib/python3.12/site-packages/airflow/example_dags/example_latest_only.py
[2025-01-28T22:14:07.447+0000] {logging_mixin.py:190} INFO - [2025-01-28T22:14:07.447+0000] {dag.py:3239} INFO - Sync 1 DAGs
[2025-01-28T22:14:07.473+0000] {logging_mixin.py:190} INFO - [2025-01-28T22:14:07.473+0000] {dag.py:4180} INFO - Setting next_dagrun for latest_only to 2025-01-28 16:00:00+00:00, run_after=2025-01-28 20:00:00+00:00
[2025-01-28T22:14:07.496+0000] {processor.py:208} INFO - Processing /home/airflow/.local/lib/python3.12/site-packages/airflow/example_dags/example_latest_only.py took 0.088 seconds
[2025-01-28T22:14:38.106+0000] {processor.py:186} INFO - Started process (PID=737) to work on /home/airflow/.local/lib/python3.12/site-packages/airflow/example_dags/example_latest_only.py
[2025-01-28T22:14:38.107+0000] {processor.py:914} INFO - Processing file /home/airflow/.local/lib/python3.12/site-packages/airflow/example_dags/example_latest_only.py for tasks to queue
[2025-01-28T22:14:38.110+0000] {logging_mixin.py:190} INFO - [2025-01-28T22:14:38.109+0000] {dagbag.py:588} INFO - Filling up the DagBag from /home/airflow/.local/lib/python3.12/site-packages/airflow/example_dags/example_latest_only.py
[2025-01-28T22:14:38.118+0000] {processor.py:925} INFO - DAG(s) 'latest_only' retrieved from /home/airflow/.local/lib/python3.12/site-packages/airflow/example_dags/example_latest_only.py
[2025-01-28T22:14:38.139+0000] {logging_mixin.py:190} INFO - [2025-01-28T22:14:38.138+0000] {dag.py:3239} INFO - Sync 1 DAGs
[2025-01-28T22:14:38.164+0000] {logging_mixin.py:190} INFO - [2025-01-28T22:14:38.163+0000] {dag.py:4180} INFO - Setting next_dagrun for latest_only to 2025-01-28 16:00:00+00:00, run_after=2025-01-28 20:00:00+00:00
[2025-01-28T22:14:38.186+0000] {processor.py:208} INFO - Processing /home/airflow/.local/lib/python3.12/site-packages/airflow/example_dags/example_latest_only.py took 0.087 seconds
[2025-01-28T22:15:09.792+0000] {processor.py:186} INFO - Started process (PID=800) to work on /home/airflow/.local/lib/python3.12/site-packages/airflow/example_dags/example_latest_only.py
[2025-01-28T22:15:09.793+0000] {processor.py:914} INFO - Processing file /home/airflow/.local/lib/python3.12/site-packages/airflow/example_dags/example_latest_only.py for tasks to queue
[2025-01-28T22:15:09.796+0000] {logging_mixin.py:190} INFO - [2025-01-28T22:15:09.796+0000] {dagbag.py:588} INFO - Filling up the DagBag from /home/airflow/.local/lib/python3.12/site-packages/airflow/example_dags/example_latest_only.py
[2025-01-28T22:15:09.804+0000] {processor.py:925} INFO - DAG(s) 'latest_only' retrieved from /home/airflow/.local/lib/python3.12/site-packages/airflow/example_dags/example_latest_only.py
[2025-01-28T22:15:09.827+0000] {logging_mixin.py:190} INFO - [2025-01-28T22:15:09.827+0000] {dag.py:3239} INFO - Sync 1 DAGs
[2025-01-28T22:15:09.851+0000] {logging_mixin.py:190} INFO - [2025-01-28T22:15:09.851+0000] {dag.py:4180} INFO - Setting next_dagrun for latest_only to 2025-01-28 16:00:00+00:00, run_after=2025-01-28 20:00:00+00:00
[2025-01-28T22:15:09.874+0000] {processor.py:208} INFO - Processing /home/airflow/.local/lib/python3.12/site-packages/airflow/example_dags/example_latest_only.py took 0.090 seconds
[2025-01-28T22:15:41.344+0000] {processor.py:186} INFO - Started process (PID=863) to work on /home/airflow/.local/lib/python3.12/site-packages/airflow/example_dags/example_latest_only.py
[2025-01-28T22:15:41.345+0000] {processor.py:914} INFO - Processing file /home/airflow/.local/lib/python3.12/site-packages/airflow/example_dags/example_latest_only.py for tasks to queue
[2025-01-28T22:15:41.348+0000] {logging_mixin.py:190} INFO - [2025-01-28T22:15:41.348+0000] {dagbag.py:588} INFO - Filling up the DagBag from /home/airflow/.local/lib/python3.12/site-packages/airflow/example_dags/example_latest_only.py
[2025-01-28T22:15:41.356+0000] {processor.py:925} INFO - DAG(s) 'latest_only' retrieved from /home/airflow/.local/lib/python3.12/site-packages/airflow/example_dags/example_latest_only.py
[2025-01-28T22:15:41.380+0000] {logging_mixin.py:190} INFO - [2025-01-28T22:15:41.380+0000] {dag.py:3239} INFO - Sync 1 DAGs
[2025-01-28T22:15:41.412+0000] {logging_mixin.py:190} INFO - [2025-01-28T22:15:41.412+0000] {dag.py:4180} INFO - Setting next_dagrun for latest_only to 2025-01-28 16:00:00+00:00, run_after=2025-01-28 20:00:00+00:00
[2025-01-28T22:15:41.435+0000] {processor.py:208} INFO - Processing /home/airflow/.local/lib/python3.12/site-packages/airflow/example_dags/example_latest_only.py took 0.097 seconds
[2025-01-28T22:16:12.828+0000] {processor.py:186} INFO - Started process (PID=927) to work on /home/airflow/.local/lib/python3.12/site-packages/airflow/example_dags/example_latest_only.py
[2025-01-28T22:16:12.830+0000] {processor.py:914} INFO - Processing file /home/airflow/.local/lib/python3.12/site-packages/airflow/example_dags/example_latest_only.py for tasks to queue
[2025-01-28T22:16:12.833+0000] {logging_mixin.py:190} INFO - [2025-01-28T22:16:12.832+0000] {dagbag.py:588} INFO - Filling up the DagBag from /home/airflow/.local/lib/python3.12/site-packages/airflow/example_dags/example_latest_only.py
[2025-01-28T22:16:12.841+0000] {processor.py:925} INFO - DAG(s) 'latest_only' retrieved from /home/airflow/.local/lib/python3.12/site-packages/airflow/example_dags/example_latest_only.py
[2025-01-28T22:16:12.863+0000] {logging_mixin.py:190} INFO - [2025-01-28T22:16:12.862+0000] {dag.py:3239} INFO - Sync 1 DAGs
[2025-01-28T22:16:12.887+0000] {logging_mixin.py:190} INFO - [2025-01-28T22:16:12.887+0000] {dag.py:4180} INFO - Setting next_dagrun for latest_only to 2025-01-28 16:00:00+00:00, run_after=2025-01-28 20:00:00+00:00
[2025-01-28T22:16:12.919+0000] {processor.py:208} INFO - Processing /home/airflow/.local/lib/python3.12/site-packages/airflow/example_dags/example_latest_only.py took 0.097 seconds
[2025-01-28T22:16:44.625+0000] {processor.py:186} INFO - Started process (PID=990) to work on /home/airflow/.local/lib/python3.12/site-packages/airflow/example_dags/example_latest_only.py
[2025-01-28T22:16:44.626+0000] {processor.py:914} INFO - Processing file /home/airflow/.local/lib/python3.12/site-packages/airflow/example_dags/example_latest_only.py for tasks to queue
[2025-01-28T22:16:44.629+0000] {logging_mixin.py:190} INFO - [2025-01-28T22:16:44.629+0000] {dagbag.py:588} INFO - Filling up the DagBag from /home/airflow/.local/lib/python3.12/site-packages/airflow/example_dags/example_latest_only.py
[2025-01-28T22:16:44.637+0000] {processor.py:925} INFO - DAG(s) 'latest_only' retrieved from /home/airflow/.local/lib/python3.12/site-packages/airflow/example_dags/example_latest_only.py
[2025-01-28T22:16:44.660+0000] {logging_mixin.py:190} INFO - [2025-01-28T22:16:44.660+0000] {dag.py:3239} INFO - Sync 1 DAGs
[2025-01-28T22:16:44.686+0000] {logging_mixin.py:190} INFO - [2025-01-28T22:16:44.686+0000] {dag.py:4180} INFO - Setting next_dagrun for latest_only to 2025-01-28 16:00:00+00:00, run_after=2025-01-28 20:00:00+00:00
[2025-01-28T22:16:44.718+0000] {processor.py:208} INFO - Processing /home/airflow/.local/lib/python3.12/site-packages/airflow/example_dags/example_latest_only.py took 0.099 seconds
[2025-01-28T22:17:15.895+0000] {processor.py:186} INFO - Started process (PID=1053) to work on /home/airflow/.local/lib/python3.12/site-packages/airflow/example_dags/example_latest_only.py
[2025-01-28T22:17:15.896+0000] {processor.py:914} INFO - Processing file /home/airflow/.local/lib/python3.12/site-packages/airflow/example_dags/example_latest_only.py for tasks to queue
[2025-01-28T22:17:15.898+0000] {logging_mixin.py:190} INFO - [2025-01-28T22:17:15.898+0000] {dagbag.py:588} INFO - Filling up the DagBag from /home/airflow/.local/lib/python3.12/site-packages/airflow/example_dags/example_latest_only.py
[2025-01-28T22:17:15.906+0000] {processor.py:925} INFO - DAG(s) 'latest_only' retrieved from /home/airflow/.local/lib/python3.12/site-packages/airflow/example_dags/example_latest_only.py
[2025-01-28T22:17:15.926+0000] {logging_mixin.py:190} INFO - [2025-01-28T22:17:15.925+0000] {dag.py:3239} INFO - Sync 1 DAGs
[2025-01-28T22:17:15.951+0000] {logging_mixin.py:190} INFO - [2025-01-28T22:17:15.951+0000] {dag.py:4180} INFO - Setting next_dagrun for latest_only to 2025-01-28 16:00:00+00:00, run_after=2025-01-28 20:00:00+00:00
[2025-01-28T22:17:15.972+0000] {processor.py:208} INFO - Processing /home/airflow/.local/lib/python3.12/site-packages/airflow/example_dags/example_latest_only.py took 0.083 seconds
[2025-01-28T22:17:47.312+0000] {processor.py:186} INFO - Started process (PID=1116) to work on /home/airflow/.local/lib/python3.12/site-packages/airflow/example_dags/example_latest_only.py
[2025-01-28T22:17:47.313+0000] {processor.py:914} INFO - Processing file /home/airflow/.local/lib/python3.12/site-packages/airflow/example_dags/example_latest_only.py for tasks to queue
[2025-01-28T22:17:47.317+0000] {logging_mixin.py:190} INFO - [2025-01-28T22:17:47.316+0000] {dagbag.py:588} INFO - Filling up the DagBag from /home/airflow/.local/lib/python3.12/site-packages/airflow/example_dags/example_latest_only.py
[2025-01-28T22:17:47.325+0000] {processor.py:925} INFO - DAG(s) 'latest_only' retrieved from /home/airflow/.local/lib/python3.12/site-packages/airflow/example_dags/example_latest_only.py
[2025-01-28T22:17:47.346+0000] {logging_mixin.py:190} INFO - [2025-01-28T22:17:47.345+0000] {dag.py:3239} INFO - Sync 1 DAGs
[2025-01-28T22:17:47.372+0000] {logging_mixin.py:190} INFO - [2025-01-28T22:17:47.372+0000] {dag.py:4180} INFO - Setting next_dagrun for latest_only to 2025-01-28 16:00:00+00:00, run_after=2025-01-28 20:00:00+00:00
[2025-01-28T22:17:47.395+0000] {processor.py:208} INFO - Processing /home/airflow/.local/lib/python3.12/site-packages/airflow/example_dags/example_latest_only.py took 0.090 seconds
[2025-01-28T22:18:18.978+0000] {processor.py:186} INFO - Started process (PID=1179) to work on /home/airflow/.local/lib/python3.12/site-packages/airflow/example_dags/example_latest_only.py
[2025-01-28T22:18:18.979+0000] {processor.py:914} INFO - Processing file /home/airflow/.local/lib/python3.12/site-packages/airflow/example_dags/example_latest_only.py for tasks to queue
[2025-01-28T22:18:18.982+0000] {logging_mixin.py:190} INFO - [2025-01-28T22:18:18.982+0000] {dagbag.py:588} INFO - Filling up the DagBag from /home/airflow/.local/lib/python3.12/site-packages/airflow/example_dags/example_latest_only.py
[2025-01-28T22:18:18.991+0000] {processor.py:925} INFO - DAG(s) 'latest_only' retrieved from /home/airflow/.local/lib/python3.12/site-packages/airflow/example_dags/example_latest_only.py
[2025-01-28T22:18:19.011+0000] {logging_mixin.py:190} INFO - [2025-01-28T22:18:19.011+0000] {dag.py:3239} INFO - Sync 1 DAGs
[2025-01-28T22:18:19.036+0000] {logging_mixin.py:190} INFO - [2025-01-28T22:18:19.036+0000] {dag.py:4180} INFO - Setting next_dagrun for latest_only to 2025-01-28 16:00:00+00:00, run_after=2025-01-28 20:00:00+00:00
[2025-01-28T22:18:19.059+0000] {processor.py:208} INFO - Processing /home/airflow/.local/lib/python3.12/site-packages/airflow/example_dags/example_latest_only.py took 0.088 seconds
[2025-01-28T22:18:50.273+0000] {processor.py:186} INFO - Started process (PID=1242) to work on /home/airflow/.local/lib/python3.12/site-packages/airflow/example_dags/example_latest_only.py
[2025-01-28T22:18:50.276+0000] {processor.py:914} INFO - Processing file /home/airflow/.local/lib/python3.12/site-packages/airflow/example_dags/example_latest_only.py for tasks to queue
[2025-01-28T22:18:50.279+0000] {logging_mixin.py:190} INFO - [2025-01-28T22:18:50.279+0000] {dagbag.py:588} INFO - Filling up the DagBag from /home/airflow/.local/lib/python3.12/site-packages/airflow/example_dags/example_latest_only.py
[2025-01-28T22:18:50.289+0000] {processor.py:925} INFO - DAG(s) 'latest_only' retrieved from /home/airflow/.local/lib/python3.12/site-packages/airflow/example_dags/example_latest_only.py
[2025-01-28T22:18:50.312+0000] {logging_mixin.py:190} INFO - [2025-01-28T22:18:50.312+0000] {dag.py:3239} INFO - Sync 1 DAGs
[2025-01-28T22:18:50.340+0000] {logging_mixin.py:190} INFO - [2025-01-28T22:18:50.340+0000] {dag.py:4180} INFO - Setting next_dagrun for latest_only to 2025-01-28 16:00:00+00:00, run_after=2025-01-28 20:00:00+00:00
[2025-01-28T22:18:50.365+0000] {processor.py:208} INFO - Processing /home/airflow/.local/lib/python3.12/site-packages/airflow/example_dags/example_latest_only.py took 0.099 seconds
[2025-01-28T22:19:21.750+0000] {processor.py:186} INFO - Started process (PID=1305) to work on /home/airflow/.local/lib/python3.12/site-packages/airflow/example_dags/example_latest_only.py
[2025-01-28T22:19:21.752+0000] {processor.py:914} INFO - Processing file /home/airflow/.local/lib/python3.12/site-packages/airflow/example_dags/example_latest_only.py for tasks to queue
[2025-01-28T22:19:21.755+0000] {logging_mixin.py:190} INFO - [2025-01-28T22:19:21.754+0000] {dagbag.py:588} INFO - Filling up the DagBag from /home/airflow/.local/lib/python3.12/site-packages/airflow/example_dags/example_latest_only.py
[2025-01-28T22:19:21.764+0000] {processor.py:925} INFO - DAG(s) 'latest_only' retrieved from /home/airflow/.local/lib/python3.12/site-packages/airflow/example_dags/example_latest_only.py
[2025-01-28T22:19:21.788+0000] {logging_mixin.py:190} INFO - [2025-01-28T22:19:21.787+0000] {dag.py:3239} INFO - Sync 1 DAGs
[2025-01-28T22:19:21.815+0000] {logging_mixin.py:190} INFO - [2025-01-28T22:19:21.815+0000] {dag.py:4180} INFO - Setting next_dagrun for latest_only to 2025-01-28 16:00:00+00:00, run_after=2025-01-28 20:00:00+00:00
[2025-01-28T22:19:21.841+0000] {processor.py:208} INFO - Processing /home/airflow/.local/lib/python3.12/site-packages/airflow/example_dags/example_latest_only.py took 0.097 seconds
[2025-01-28T22:19:52.685+0000] {processor.py:186} INFO - Started process (PID=1368) to work on /home/airflow/.local/lib/python3.12/site-packages/airflow/example_dags/example_latest_only.py
[2025-01-28T22:19:52.686+0000] {processor.py:914} INFO - Processing file /home/airflow/.local/lib/python3.12/site-packages/airflow/example_dags/example_latest_only.py for tasks to queue
[2025-01-28T22:19:52.689+0000] {logging_mixin.py:190} INFO - [2025-01-28T22:19:52.689+0000] {dagbag.py:588} INFO - Filling up the DagBag from /home/airflow/.local/lib/python3.12/site-packages/airflow/example_dags/example_latest_only.py
[2025-01-28T22:19:52.697+0000] {processor.py:925} INFO - DAG(s) 'latest_only' retrieved from /home/airflow/.local/lib/python3.12/site-packages/airflow/example_dags/example_latest_only.py
[2025-01-28T22:19:52.720+0000] {logging_mixin.py:190} INFO - [2025-01-28T22:19:52.720+0000] {dag.py:3239} INFO - Sync 1 DAGs
[2025-01-28T22:19:52.746+0000] {logging_mixin.py:190} INFO - [2025-01-28T22:19:52.746+0000] {dag.py:4180} INFO - Setting next_dagrun for latest_only to 2025-01-28 16:00:00+00:00, run_after=2025-01-28 20:00:00+00:00
[2025-01-28T22:19:52.768+0000] {processor.py:208} INFO - Processing /home/airflow/.local/lib/python3.12/site-packages/airflow/example_dags/example_latest_only.py took 0.090 seconds
[2025-01-28T22:20:24.045+0000] {processor.py:186} INFO - Started process (PID=1431) to work on /home/airflow/.local/lib/python3.12/site-packages/airflow/example_dags/example_latest_only.py
[2025-01-28T22:20:24.046+0000] {processor.py:914} INFO - Processing file /home/airflow/.local/lib/python3.12/site-packages/airflow/example_dags/example_latest_only.py for tasks to queue
[2025-01-28T22:20:24.049+0000] {logging_mixin.py:190} INFO - [2025-01-28T22:20:24.048+0000] {dagbag.py:588} INFO - Filling up the DagBag from /home/airflow/.local/lib/python3.12/site-packages/airflow/example_dags/example_latest_only.py
[2025-01-28T22:20:24.056+0000] {processor.py:925} INFO - DAG(s) 'latest_only' retrieved from /home/airflow/.local/lib/python3.12/site-packages/airflow/example_dags/example_latest_only.py
[2025-01-28T22:20:24.078+0000] {logging_mixin.py:190} INFO - [2025-01-28T22:20:24.078+0000] {dag.py:3239} INFO - Sync 1 DAGs
[2025-01-28T22:20:24.103+0000] {logging_mixin.py:190} INFO - [2025-01-28T22:20:24.103+0000] {dag.py:4180} INFO - Setting next_dagrun for latest_only to 2025-01-28 16:00:00+00:00, run_after=2025-01-28 20:00:00+00:00
[2025-01-28T22:20:24.125+0000] {processor.py:208} INFO - Processing /home/airflow/.local/lib/python3.12/site-packages/airflow/example_dags/example_latest_only.py took 0.087 seconds
[2025-01-28T22:20:55.632+0000] {processor.py:186} INFO - Started process (PID=1494) to work on /home/airflow/.local/lib/python3.12/site-packages/airflow/example_dags/example_latest_only.py
[2025-01-28T22:20:55.634+0000] {processor.py:914} INFO - Processing file /home/airflow/.local/lib/python3.12/site-packages/airflow/example_dags/example_latest_only.py for tasks to queue
[2025-01-28T22:20:55.637+0000] {logging_mixin.py:190} INFO - [2025-01-28T22:20:55.637+0000] {dagbag.py:588} INFO - Filling up the DagBag from /home/airflow/.local/lib/python3.12/site-packages/airflow/example_dags/example_latest_only.py
[2025-01-28T22:20:55.646+0000] {processor.py:925} INFO - DAG(s) 'latest_only' retrieved from /home/airflow/.local/lib/python3.12/site-packages/airflow/example_dags/example_latest_only.py
[2025-01-28T22:20:55.669+0000] {logging_mixin.py:190} INFO - [2025-01-28T22:20:55.669+0000] {dag.py:3239} INFO - Sync 1 DAGs
[2025-01-28T22:20:55.695+0000] {logging_mixin.py:190} INFO - [2025-01-28T22:20:55.695+0000] {dag.py:4180} INFO - Setting next_dagrun for latest_only to 2025-01-28 16:00:00+00:00, run_after=2025-01-28 20:00:00+00:00
[2025-01-28T22:20:55.720+0000] {processor.py:208} INFO - Processing /home/airflow/.local/lib/python3.12/site-packages/airflow/example_dags/example_latest_only.py took 0.095 seconds
[2025-01-28T22:21:26.439+0000] {processor.py:186} INFO - Started process (PID=1557) to work on /home/airflow/.local/lib/python3.12/site-packages/airflow/example_dags/example_latest_only.py
[2025-01-28T22:21:26.441+0000] {processor.py:914} INFO - Processing file /home/airflow/.local/lib/python3.12/site-packages/airflow/example_dags/example_latest_only.py for tasks to queue
[2025-01-28T22:21:26.443+0000] {logging_mixin.py:190} INFO - [2025-01-28T22:21:26.443+0000] {dagbag.py:588} INFO - Filling up the DagBag from /home/airflow/.local/lib/python3.12/site-packages/airflow/example_dags/example_latest_only.py
[2025-01-28T22:21:26.452+0000] {processor.py:925} INFO - DAG(s) 'latest_only' retrieved from /home/airflow/.local/lib/python3.12/site-packages/airflow/example_dags/example_latest_only.py
[2025-01-28T22:21:26.474+0000] {logging_mixin.py:190} INFO - [2025-01-28T22:21:26.474+0000] {dag.py:3239} INFO - Sync 1 DAGs
[2025-01-28T22:21:26.500+0000] {logging_mixin.py:190} INFO - [2025-01-28T22:21:26.500+0000] {dag.py:4180} INFO - Setting next_dagrun for latest_only to 2025-01-28 16:00:00+00:00, run_after=2025-01-28 20:00:00+00:00
[2025-01-28T22:21:26.541+0000] {processor.py:208} INFO - Processing /home/airflow/.local/lib/python3.12/site-packages/airflow/example_dags/example_latest_only.py took 0.108 seconds
[2025-01-28T22:21:58.119+0000] {processor.py:186} INFO - Started process (PID=1620) to work on /home/airflow/.local/lib/python3.12/site-packages/airflow/example_dags/example_latest_only.py
[2025-01-28T22:21:58.120+0000] {processor.py:914} INFO - Processing file /home/airflow/.local/lib/python3.12/site-packages/airflow/example_dags/example_latest_only.py for tasks to queue
[2025-01-28T22:21:58.123+0000] {logging_mixin.py:190} INFO - [2025-01-28T22:21:58.123+0000] {dagbag.py:588} INFO - Filling up the DagBag from /home/airflow/.local/lib/python3.12/site-packages/airflow/example_dags/example_latest_only.py
[2025-01-28T22:21:58.132+0000] {processor.py:925} INFO - DAG(s) 'latest_only' retrieved from /home/airflow/.local/lib/python3.12/site-packages/airflow/example_dags/example_latest_only.py
[2025-01-28T22:21:58.158+0000] {logging_mixin.py:190} INFO - [2025-01-28T22:21:58.157+0000] {dag.py:3239} INFO - Sync 1 DAGs
[2025-01-28T22:21:58.183+0000] {logging_mixin.py:190} INFO - [2025-01-28T22:21:58.183+0000] {dag.py:4180} INFO - Setting next_dagrun for latest_only to 2025-01-28 16:00:00+00:00, run_after=2025-01-28 20:00:00+00:00
[2025-01-28T22:21:58.216+0000] {processor.py:208} INFO - Processing /home/airflow/.local/lib/python3.12/site-packages/airflow/example_dags/example_latest_only.py took 0.104 seconds
[2025-01-28T22:22:29.541+0000] {processor.py:186} INFO - Started process (PID=1683) to work on /home/airflow/.local/lib/python3.12/site-packages/airflow/example_dags/example_latest_only.py
[2025-01-28T22:22:29.543+0000] {processor.py:914} INFO - Processing file /home/airflow/.local/lib/python3.12/site-packages/airflow/example_dags/example_latest_only.py for tasks to queue
[2025-01-28T22:22:29.546+0000] {logging_mixin.py:190} INFO - [2025-01-28T22:22:29.546+0000] {dagbag.py:588} INFO - Filling up the DagBag from /home/airflow/.local/lib/python3.12/site-packages/airflow/example_dags/example_latest_only.py
[2025-01-28T22:22:29.554+0000] {processor.py:925} INFO - DAG(s) 'latest_only' retrieved from /home/airflow/.local/lib/python3.12/site-packages/airflow/example_dags/example_latest_only.py
[2025-01-28T22:22:29.576+0000] {logging_mixin.py:190} INFO - [2025-01-28T22:22:29.576+0000] {dag.py:3239} INFO - Sync 1 DAGs
[2025-01-28T22:22:29.602+0000] {logging_mixin.py:190} INFO - [2025-01-28T22:22:29.602+0000] {dag.py:4180} INFO - Setting next_dagrun for latest_only to 2025-01-28 16:00:00+00:00, run_after=2025-01-28 20:00:00+00:00
[2025-01-28T22:22:29.625+0000] {processor.py:208} INFO - Processing /home/airflow/.local/lib/python3.12/site-packages/airflow/example_dags/example_latest_only.py took 0.090 seconds
[2025-01-28T22:23:00.705+0000] {processor.py:186} INFO - Started process (PID=1746) to work on /home/airflow/.local/lib/python3.12/site-packages/airflow/example_dags/example_latest_only.py
[2025-01-28T22:23:00.706+0000] {processor.py:914} INFO - Processing file /home/airflow/.local/lib/python3.12/site-packages/airflow/example_dags/example_latest_only.py for tasks to queue
[2025-01-28T22:23:00.709+0000] {logging_mixin.py:190} INFO - [2025-01-28T22:23:00.709+0000] {dagbag.py:588} INFO - Filling up the DagBag from /home/airflow/.local/lib/python3.12/site-packages/airflow/example_dags/example_latest_only.py
[2025-01-28T22:23:00.719+0000] {processor.py:925} INFO - DAG(s) 'latest_only' retrieved from /home/airflow/.local/lib/python3.12/site-packages/airflow/example_dags/example_latest_only.py
[2025-01-28T22:23:00.747+0000] {logging_mixin.py:190} INFO - [2025-01-28T22:23:00.747+0000] {dag.py:3239} INFO - Sync 1 DAGs
[2025-01-28T22:23:00.779+0000] {logging_mixin.py:190} INFO - [2025-01-28T22:23:00.778+0000] {dag.py:4180} INFO - Setting next_dagrun for latest_only to 2025-01-28 16:00:00+00:00, run_after=2025-01-28 20:00:00+00:00
[2025-01-28T22:23:00.809+0000] {processor.py:208} INFO - Processing /home/airflow/.local/lib/python3.12/site-packages/airflow/example_dags/example_latest_only.py took 0.111 seconds
[2025-01-28T22:23:31.735+0000] {processor.py:186} INFO - Started process (PID=1809) to work on /home/airflow/.local/lib/python3.12/site-packages/airflow/example_dags/example_latest_only.py
[2025-01-28T22:23:31.737+0000] {processor.py:914} INFO - Processing file /home/airflow/.local/lib/python3.12/site-packages/airflow/example_dags/example_latest_only.py for tasks to queue
[2025-01-28T22:23:31.740+0000] {logging_mixin.py:190} INFO - [2025-01-28T22:23:31.739+0000] {dagbag.py:588} INFO - Filling up the DagBag from /home/airflow/.local/lib/python3.12/site-packages/airflow/example_dags/example_latest_only.py
[2025-01-28T22:23:31.749+0000] {processor.py:925} INFO - DAG(s) 'latest_only' retrieved from /home/airflow/.local/lib/python3.12/site-packages/airflow/example_dags/example_latest_only.py
[2025-01-28T22:23:31.773+0000] {logging_mixin.py:190} INFO - [2025-01-28T22:23:31.773+0000] {dag.py:3239} INFO - Sync 1 DAGs
[2025-01-28T22:23:31.800+0000] {logging_mixin.py:190} INFO - [2025-01-28T22:23:31.800+0000] {dag.py:4180} INFO - Setting next_dagrun for latest_only to 2025-01-28 16:00:00+00:00, run_after=2025-01-28 20:00:00+00:00
[2025-01-28T22:23:31.827+0000] {processor.py:208} INFO - Processing /home/airflow/.local/lib/python3.12/site-packages/airflow/example_dags/example_latest_only.py took 0.103 seconds
[2025-01-28T22:24:03.255+0000] {processor.py:186} INFO - Started process (PID=1872) to work on /home/airflow/.local/lib/python3.12/site-packages/airflow/example_dags/example_latest_only.py
[2025-01-28T22:24:03.259+0000] {processor.py:914} INFO - Processing file /home/airflow/.local/lib/python3.12/site-packages/airflow/example_dags/example_latest_only.py for tasks to queue
[2025-01-28T22:24:03.263+0000] {logging_mixin.py:190} INFO - [2025-01-28T22:24:03.262+0000] {dagbag.py:588} INFO - Filling up the DagBag from /home/airflow/.local/lib/python3.12/site-packages/airflow/example_dags/example_latest_only.py
[2025-01-28T22:24:03.274+0000] {processor.py:925} INFO - DAG(s) 'latest_only' retrieved from /home/airflow/.local/lib/python3.12/site-packages/airflow/example_dags/example_latest_only.py
[2025-01-28T22:24:03.303+0000] {logging_mixin.py:190} INFO - [2025-01-28T22:24:03.302+0000] {dag.py:3239} INFO - Sync 1 DAGs
[2025-01-28T22:24:03.334+0000] {logging_mixin.py:190} INFO - [2025-01-28T22:24:03.333+0000] {dag.py:4180} INFO - Setting next_dagrun for latest_only to 2025-01-28 16:00:00+00:00, run_after=2025-01-28 20:00:00+00:00
[2025-01-28T22:24:03.365+0000] {processor.py:208} INFO - Processing /home/airflow/.local/lib/python3.12/site-packages/airflow/example_dags/example_latest_only.py took 0.119 seconds
[2025-01-28T22:24:34.444+0000] {processor.py:186} INFO - Started process (PID=1935) to work on /home/airflow/.local/lib/python3.12/site-packages/airflow/example_dags/example_latest_only.py
[2025-01-28T22:24:34.446+0000] {processor.py:914} INFO - Processing file /home/airflow/.local/lib/python3.12/site-packages/airflow/example_dags/example_latest_only.py for tasks to queue
[2025-01-28T22:24:34.449+0000] {logging_mixin.py:190} INFO - [2025-01-28T22:24:34.448+0000] {dagbag.py:588} INFO - Filling up the DagBag from /home/airflow/.local/lib/python3.12/site-packages/airflow/example_dags/example_latest_only.py
[2025-01-28T22:24:34.456+0000] {processor.py:925} INFO - DAG(s) 'latest_only' retrieved from /home/airflow/.local/lib/python3.12/site-packages/airflow/example_dags/example_latest_only.py
[2025-01-28T22:24:34.478+0000] {logging_mixin.py:190} INFO - [2025-01-28T22:24:34.478+0000] {dag.py:3239} INFO - Sync 1 DAGs
[2025-01-28T22:24:34.505+0000] {logging_mixin.py:190} INFO - [2025-01-28T22:24:34.505+0000] {dag.py:4180} INFO - Setting next_dagrun for latest_only to 2025-01-28 16:00:00+00:00, run_after=2025-01-28 20:00:00+00:00
[2025-01-28T22:24:34.531+0000] {processor.py:208} INFO - Processing /home/airflow/.local/lib/python3.12/site-packages/airflow/example_dags/example_latest_only.py took 0.092 seconds
[2025-01-28T22:25:05.849+0000] {processor.py:186} INFO - Started process (PID=1998) to work on /home/airflow/.local/lib/python3.12/site-packages/airflow/example_dags/example_latest_only.py
[2025-01-28T22:25:05.850+0000] {processor.py:914} INFO - Processing file /home/airflow/.local/lib/python3.12/site-packages/airflow/example_dags/example_latest_only.py for tasks to queue
[2025-01-28T22:25:05.853+0000] {logging_mixin.py:190} INFO - [2025-01-28T22:25:05.853+0000] {dagbag.py:588} INFO - Filling up the DagBag from /home/airflow/.local/lib/python3.12/site-packages/airflow/example_dags/example_latest_only.py
[2025-01-28T22:25:05.862+0000] {processor.py:925} INFO - DAG(s) 'latest_only' retrieved from /home/airflow/.local/lib/python3.12/site-packages/airflow/example_dags/example_latest_only.py
[2025-01-28T22:25:05.886+0000] {logging_mixin.py:190} INFO - [2025-01-28T22:25:05.886+0000] {dag.py:3239} INFO - Sync 1 DAGs
[2025-01-28T22:25:05.913+0000] {logging_mixin.py:190} INFO - [2025-01-28T22:25:05.913+0000] {dag.py:4180} INFO - Setting next_dagrun for latest_only to 2025-01-28 16:00:00+00:00, run_after=2025-01-28 20:00:00+00:00
[2025-01-28T22:25:05.939+0000] {processor.py:208} INFO - Processing /home/airflow/.local/lib/python3.12/site-packages/airflow/example_dags/example_latest_only.py took 0.100 seconds
[2025-01-28T22:28:47.291+0000] {processor.py:186} INFO - Started process (PID=107) to work on /home/airflow/.local/lib/python3.12/site-packages/airflow/example_dags/example_latest_only.py
[2025-01-28T22:28:47.293+0000] {processor.py:914} INFO - Processing file /home/airflow/.local/lib/python3.12/site-packages/airflow/example_dags/example_latest_only.py for tasks to queue
[2025-01-28T22:28:47.295+0000] {logging_mixin.py:190} INFO - [2025-01-28T22:28:47.295+0000] {dagbag.py:588} INFO - Filling up the DagBag from /home/airflow/.local/lib/python3.12/site-packages/airflow/example_dags/example_latest_only.py
[2025-01-28T22:28:47.304+0000] {processor.py:925} INFO - DAG(s) 'latest_only' retrieved from /home/airflow/.local/lib/python3.12/site-packages/airflow/example_dags/example_latest_only.py
[2025-01-28T22:28:47.335+0000] {logging_mixin.py:190} INFO - [2025-01-28T22:28:47.335+0000] {dag.py:3239} INFO - Sync 1 DAGs
[2025-01-28T22:28:47.360+0000] {logging_mixin.py:190} INFO - [2025-01-28T22:28:47.360+0000] {dag.py:4180} INFO - Setting next_dagrun for latest_only to 2025-01-28 16:00:00+00:00, run_after=2025-01-28 20:00:00+00:00
[2025-01-28T22:28:47.385+0000] {processor.py:208} INFO - Processing /home/airflow/.local/lib/python3.12/site-packages/airflow/example_dags/example_latest_only.py took 0.100 seconds
[2025-01-28T22:29:18.505+0000] {processor.py:186} INFO - Started process (PID=170) to work on /home/airflow/.local/lib/python3.12/site-packages/airflow/example_dags/example_latest_only.py
[2025-01-28T22:29:18.507+0000] {processor.py:914} INFO - Processing file /home/airflow/.local/lib/python3.12/site-packages/airflow/example_dags/example_latest_only.py for tasks to queue
[2025-01-28T22:29:18.510+0000] {logging_mixin.py:190} INFO - [2025-01-28T22:29:18.509+0000] {dagbag.py:588} INFO - Filling up the DagBag from /home/airflow/.local/lib/python3.12/site-packages/airflow/example_dags/example_latest_only.py
[2025-01-28T22:29:18.518+0000] {processor.py:925} INFO - DAG(s) 'latest_only' retrieved from /home/airflow/.local/lib/python3.12/site-packages/airflow/example_dags/example_latest_only.py
[2025-01-28T22:29:18.539+0000] {logging_mixin.py:190} INFO - [2025-01-28T22:29:18.539+0000] {dag.py:3239} INFO - Sync 1 DAGs
[2025-01-28T22:29:18.567+0000] {logging_mixin.py:190} INFO - [2025-01-28T22:29:18.566+0000] {dag.py:4180} INFO - Setting next_dagrun for latest_only to 2025-01-28 16:00:00+00:00, run_after=2025-01-28 20:00:00+00:00
[2025-01-28T22:29:18.592+0000] {processor.py:208} INFO - Processing /home/airflow/.local/lib/python3.12/site-packages/airflow/example_dags/example_latest_only.py took 0.092 seconds
[2025-01-28T22:29:50.130+0000] {processor.py:186} INFO - Started process (PID=233) to work on /home/airflow/.local/lib/python3.12/site-packages/airflow/example_dags/example_latest_only.py
[2025-01-28T22:29:50.132+0000] {processor.py:914} INFO - Processing file /home/airflow/.local/lib/python3.12/site-packages/airflow/example_dags/example_latest_only.py for tasks to queue
[2025-01-28T22:29:50.135+0000] {logging_mixin.py:190} INFO - [2025-01-28T22:29:50.135+0000] {dagbag.py:588} INFO - Filling up the DagBag from /home/airflow/.local/lib/python3.12/site-packages/airflow/example_dags/example_latest_only.py
[2025-01-28T22:29:50.143+0000] {processor.py:925} INFO - DAG(s) 'latest_only' retrieved from /home/airflow/.local/lib/python3.12/site-packages/airflow/example_dags/example_latest_only.py
[2025-01-28T22:29:50.164+0000] {logging_mixin.py:190} INFO - [2025-01-28T22:29:50.164+0000] {dag.py:3239} INFO - Sync 1 DAGs
[2025-01-28T22:29:50.189+0000] {logging_mixin.py:190} INFO - [2025-01-28T22:29:50.189+0000] {dag.py:4180} INFO - Setting next_dagrun for latest_only to 2025-01-28 16:00:00+00:00, run_after=2025-01-28 20:00:00+00:00
[2025-01-28T22:29:50.212+0000] {processor.py:208} INFO - Processing /home/airflow/.local/lib/python3.12/site-packages/airflow/example_dags/example_latest_only.py took 0.088 seconds
[2025-01-28T22:30:21.510+0000] {processor.py:186} INFO - Started process (PID=295) to work on /home/airflow/.local/lib/python3.12/site-packages/airflow/example_dags/example_latest_only.py
[2025-01-28T22:30:21.512+0000] {processor.py:914} INFO - Processing file /home/airflow/.local/lib/python3.12/site-packages/airflow/example_dags/example_latest_only.py for tasks to queue
[2025-01-28T22:30:21.515+0000] {logging_mixin.py:190} INFO - [2025-01-28T22:30:21.514+0000] {dagbag.py:588} INFO - Filling up the DagBag from /home/airflow/.local/lib/python3.12/site-packages/airflow/example_dags/example_latest_only.py
[2025-01-28T22:30:21.523+0000] {processor.py:925} INFO - DAG(s) 'latest_only' retrieved from /home/airflow/.local/lib/python3.12/site-packages/airflow/example_dags/example_latest_only.py
[2025-01-28T22:30:21.548+0000] {logging_mixin.py:190} INFO - [2025-01-28T22:30:21.548+0000] {dag.py:3239} INFO - Sync 1 DAGs
[2025-01-28T22:30:21.579+0000] {logging_mixin.py:190} INFO - [2025-01-28T22:30:21.579+0000] {dag.py:4180} INFO - Setting next_dagrun for latest_only to 2025-01-28 16:00:00+00:00, run_after=2025-01-28 20:00:00+00:00
[2025-01-28T22:30:21.636+0000] {processor.py:208} INFO - Processing /home/airflow/.local/lib/python3.12/site-packages/airflow/example_dags/example_latest_only.py took 0.132 seconds
[2025-01-28T22:30:52.887+0000] {processor.py:186} INFO - Started process (PID=358) to work on /home/airflow/.local/lib/python3.12/site-packages/airflow/example_dags/example_latest_only.py
[2025-01-28T22:30:52.889+0000] {processor.py:914} INFO - Processing file /home/airflow/.local/lib/python3.12/site-packages/airflow/example_dags/example_latest_only.py for tasks to queue
[2025-01-28T22:30:52.892+0000] {logging_mixin.py:190} INFO - [2025-01-28T22:30:52.891+0000] {dagbag.py:588} INFO - Filling up the DagBag from /home/airflow/.local/lib/python3.12/site-packages/airflow/example_dags/example_latest_only.py
[2025-01-28T22:30:52.900+0000] {processor.py:925} INFO - DAG(s) 'latest_only' retrieved from /home/airflow/.local/lib/python3.12/site-packages/airflow/example_dags/example_latest_only.py
[2025-01-28T22:30:52.923+0000] {logging_mixin.py:190} INFO - [2025-01-28T22:30:52.923+0000] {dag.py:3239} INFO - Sync 1 DAGs
[2025-01-28T22:30:52.951+0000] {logging_mixin.py:190} INFO - [2025-01-28T22:30:52.951+0000] {dag.py:4180} INFO - Setting next_dagrun for latest_only to 2025-01-28 16:00:00+00:00, run_after=2025-01-28 20:00:00+00:00
[2025-01-28T22:30:52.985+0000] {processor.py:208} INFO - Processing /home/airflow/.local/lib/python3.12/site-packages/airflow/example_dags/example_latest_only.py took 0.104 seconds
