[2025-01-28T22:09:26.047+0000] {processor.py:186} INFO - Started process (PID=106) to work on /home/airflow/.local/lib/python3.12/site-packages/airflow/example_dags/example_xcomargs.py
[2025-01-28T22:09:26.048+0000] {processor.py:914} INFO - Processing file /home/airflow/.local/lib/python3.12/site-packages/airflow/example_dags/example_xcomargs.py for tasks to queue
[2025-01-28T22:09:26.051+0000] {logging_mixin.py:190} INFO - [2025-01-28T22:09:26.051+0000] {dagbag.py:588} INFO - Filling up the DagBag from /home/airflow/.local/lib/python3.12/site-packages/airflow/example_dags/example_xcomargs.py
[2025-01-28T22:09:26.067+0000] {processor.py:925} INFO - DAG(s) 'example_xcom_args', 'example_xcom_args_with_operators' retrieved from /home/airflow/.local/lib/python3.12/site-packages/airflow/example_dags/example_xcomargs.py
[2025-01-28T22:09:26.186+0000] {logging_mixin.py:190} INFO - [2025-01-28T22:09:26.186+0000] {override.py:1911} INFO - Created Permission View: can delete on DAG:example_xcom_args
[2025-01-28T22:09:26.200+0000] {logging_mixin.py:190} INFO - [2025-01-28T22:09:26.200+0000] {override.py:1911} INFO - Created Permission View: can edit on DAG:example_xcom_args
[2025-01-28T22:09:26.209+0000] {logging_mixin.py:190} INFO - [2025-01-28T22:09:26.209+0000] {override.py:1911} INFO - Created Permission View: can read on DAG:example_xcom_args
[2025-01-28T22:09:26.225+0000] {logging_mixin.py:190} INFO - [2025-01-28T22:09:26.225+0000] {override.py:1911} INFO - Created Permission View: can create on DAG Run:example_xcom_args
[2025-01-28T22:09:26.235+0000] {logging_mixin.py:190} INFO - [2025-01-28T22:09:26.235+0000] {override.py:1911} INFO - Created Permission View: can delete on DAG Run:example_xcom_args
[2025-01-28T22:09:26.245+0000] {logging_mixin.py:190} INFO - [2025-01-28T22:09:26.245+0000] {override.py:1911} INFO - Created Permission View: menu access on DAG Run:example_xcom_args
[2025-01-28T22:09:26.256+0000] {logging_mixin.py:190} INFO - [2025-01-28T22:09:26.255+0000] {override.py:1911} INFO - Created Permission View: can read on DAG Run:example_xcom_args
[2025-01-28T22:09:26.275+0000] {logging_mixin.py:190} INFO - [2025-01-28T22:09:26.274+0000] {override.py:1911} INFO - Created Permission View: can delete on DAG:example_xcom_args_with_operators
[2025-01-28T22:09:26.285+0000] {logging_mixin.py:190} INFO - [2025-01-28T22:09:26.285+0000] {override.py:1911} INFO - Created Permission View: can edit on DAG:example_xcom_args_with_operators
[2025-01-28T22:09:26.296+0000] {logging_mixin.py:190} INFO - [2025-01-28T22:09:26.296+0000] {override.py:1911} INFO - Created Permission View: can read on DAG:example_xcom_args_with_operators
[2025-01-28T22:09:26.307+0000] {logging_mixin.py:190} INFO - [2025-01-28T22:09:26.307+0000] {override.py:1911} INFO - Created Permission View: can create on DAG Run:example_xcom_args_with_operators
[2025-01-28T22:09:26.317+0000] {logging_mixin.py:190} INFO - [2025-01-28T22:09:26.317+0000] {override.py:1911} INFO - Created Permission View: can delete on DAG Run:example_xcom_args_with_operators
[2025-01-28T22:09:26.327+0000] {logging_mixin.py:190} INFO - [2025-01-28T22:09:26.327+0000] {override.py:1911} INFO - Created Permission View: menu access on DAG Run:example_xcom_args_with_operators
[2025-01-28T22:09:26.336+0000] {logging_mixin.py:190} INFO - [2025-01-28T22:09:26.335+0000] {override.py:1911} INFO - Created Permission View: can read on DAG Run:example_xcom_args_with_operators
[2025-01-28T22:09:26.337+0000] {logging_mixin.py:190} INFO - [2025-01-28T22:09:26.336+0000] {dag.py:3239} INFO - Sync 2 DAGs
[2025-01-28T22:09:26.350+0000] {logging_mixin.py:190} INFO - [2025-01-28T22:09:26.350+0000] {dag.py:3262} INFO - Creating ORM DAG for example_xcom_args_with_operators
[2025-01-28T22:09:26.351+0000] {logging_mixin.py:190} INFO - [2025-01-28T22:09:26.351+0000] {dag.py:3262} INFO - Creating ORM DAG for example_xcom_args
[2025-01-28T22:09:26.352+0000] {logging_mixin.py:190} INFO - [2025-01-28T22:09:26.352+0000] {dag.py:4180} INFO - Setting next_dagrun for example_xcom_args to None, run_after=None
[2025-01-28T22:09:26.354+0000] {logging_mixin.py:190} INFO - [2025-01-28T22:09:26.353+0000] {dag.py:4180} INFO - Setting next_dagrun for example_xcom_args_with_operators to None, run_after=None
[2025-01-28T22:09:26.378+0000] {processor.py:208} INFO - Processing /home/airflow/.local/lib/python3.12/site-packages/airflow/example_dags/example_xcomargs.py took 0.338 seconds
[2025-01-28T22:09:56.928+0000] {processor.py:186} INFO - Started process (PID=169) to work on /home/airflow/.local/lib/python3.12/site-packages/airflow/example_dags/example_xcomargs.py
[2025-01-28T22:09:56.929+0000] {processor.py:914} INFO - Processing file /home/airflow/.local/lib/python3.12/site-packages/airflow/example_dags/example_xcomargs.py for tasks to queue
[2025-01-28T22:09:56.933+0000] {logging_mixin.py:190} INFO - [2025-01-28T22:09:56.932+0000] {dagbag.py:588} INFO - Filling up the DagBag from /home/airflow/.local/lib/python3.12/site-packages/airflow/example_dags/example_xcomargs.py
[2025-01-28T22:09:56.946+0000] {processor.py:925} INFO - DAG(s) 'example_xcom_args_with_operators', 'example_xcom_args' retrieved from /home/airflow/.local/lib/python3.12/site-packages/airflow/example_dags/example_xcomargs.py
[2025-01-28T22:09:56.974+0000] {logging_mixin.py:190} INFO - [2025-01-28T22:09:56.974+0000] {dag.py:3239} INFO - Sync 2 DAGs
[2025-01-28T22:09:56.990+0000] {logging_mixin.py:190} INFO - [2025-01-28T22:09:56.990+0000] {dag.py:4180} INFO - Setting next_dagrun for example_xcom_args to None, run_after=None
[2025-01-28T22:09:56.995+0000] {logging_mixin.py:190} INFO - [2025-01-28T22:09:56.995+0000] {dag.py:4180} INFO - Setting next_dagrun for example_xcom_args_with_operators to None, run_after=None
[2025-01-28T22:09:57.016+0000] {processor.py:208} INFO - Processing /home/airflow/.local/lib/python3.12/site-packages/airflow/example_dags/example_xcomargs.py took 0.095 seconds
[2025-01-28T22:10:28.439+0000] {processor.py:186} INFO - Started process (PID=232) to work on /home/airflow/.local/lib/python3.12/site-packages/airflow/example_dags/example_xcomargs.py
[2025-01-28T22:10:28.440+0000] {processor.py:914} INFO - Processing file /home/airflow/.local/lib/python3.12/site-packages/airflow/example_dags/example_xcomargs.py for tasks to queue
[2025-01-28T22:10:28.443+0000] {logging_mixin.py:190} INFO - [2025-01-28T22:10:28.443+0000] {dagbag.py:588} INFO - Filling up the DagBag from /home/airflow/.local/lib/python3.12/site-packages/airflow/example_dags/example_xcomargs.py
[2025-01-28T22:10:28.454+0000] {processor.py:925} INFO - DAG(s) 'example_xcom_args_with_operators', 'example_xcom_args' retrieved from /home/airflow/.local/lib/python3.12/site-packages/airflow/example_dags/example_xcomargs.py
[2025-01-28T22:10:28.481+0000] {logging_mixin.py:190} INFO - [2025-01-28T22:10:28.481+0000] {dag.py:3239} INFO - Sync 2 DAGs
[2025-01-28T22:10:28.498+0000] {logging_mixin.py:190} INFO - [2025-01-28T22:10:28.498+0000] {dag.py:4180} INFO - Setting next_dagrun for example_xcom_args to None, run_after=None
[2025-01-28T22:10:28.503+0000] {logging_mixin.py:190} INFO - [2025-01-28T22:10:28.503+0000] {dag.py:4180} INFO - Setting next_dagrun for example_xcom_args_with_operators to None, run_after=None
[2025-01-28T22:10:28.525+0000] {processor.py:208} INFO - Processing /home/airflow/.local/lib/python3.12/site-packages/airflow/example_dags/example_xcomargs.py took 0.093 seconds
[2025-01-28T22:10:59.603+0000] {processor.py:186} INFO - Started process (PID=295) to work on /home/airflow/.local/lib/python3.12/site-packages/airflow/example_dags/example_xcomargs.py
[2025-01-28T22:10:59.610+0000] {processor.py:914} INFO - Processing file /home/airflow/.local/lib/python3.12/site-packages/airflow/example_dags/example_xcomargs.py for tasks to queue
[2025-01-28T22:10:59.614+0000] {logging_mixin.py:190} INFO - [2025-01-28T22:10:59.614+0000] {dagbag.py:588} INFO - Filling up the DagBag from /home/airflow/.local/lib/python3.12/site-packages/airflow/example_dags/example_xcomargs.py
[2025-01-28T22:10:59.626+0000] {processor.py:925} INFO - DAG(s) 'example_xcom_args', 'example_xcom_args_with_operators' retrieved from /home/airflow/.local/lib/python3.12/site-packages/airflow/example_dags/example_xcomargs.py
[2025-01-28T22:10:59.654+0000] {logging_mixin.py:190} INFO - [2025-01-28T22:10:59.653+0000] {dag.py:3239} INFO - Sync 2 DAGs
[2025-01-28T22:10:59.673+0000] {logging_mixin.py:190} INFO - [2025-01-28T22:10:59.672+0000] {dag.py:4180} INFO - Setting next_dagrun for example_xcom_args to None, run_after=None
[2025-01-28T22:10:59.677+0000] {logging_mixin.py:190} INFO - [2025-01-28T22:10:59.677+0000] {dag.py:4180} INFO - Setting next_dagrun for example_xcom_args_with_operators to None, run_after=None
[2025-01-28T22:10:59.697+0000] {processor.py:208} INFO - Processing /home/airflow/.local/lib/python3.12/site-packages/airflow/example_dags/example_xcomargs.py took 0.100 seconds
[2025-01-28T22:11:31.038+0000] {processor.py:186} INFO - Started process (PID=358) to work on /home/airflow/.local/lib/python3.12/site-packages/airflow/example_dags/example_xcomargs.py
[2025-01-28T22:11:31.040+0000] {processor.py:914} INFO - Processing file /home/airflow/.local/lib/python3.12/site-packages/airflow/example_dags/example_xcomargs.py for tasks to queue
[2025-01-28T22:11:31.043+0000] {logging_mixin.py:190} INFO - [2025-01-28T22:11:31.042+0000] {dagbag.py:588} INFO - Filling up the DagBag from /home/airflow/.local/lib/python3.12/site-packages/airflow/example_dags/example_xcomargs.py
[2025-01-28T22:11:31.055+0000] {processor.py:925} INFO - DAG(s) 'example_xcom_args_with_operators', 'example_xcom_args' retrieved from /home/airflow/.local/lib/python3.12/site-packages/airflow/example_dags/example_xcomargs.py
[2025-01-28T22:11:31.081+0000] {logging_mixin.py:190} INFO - [2025-01-28T22:11:31.081+0000] {dag.py:3239} INFO - Sync 2 DAGs
[2025-01-28T22:11:31.098+0000] {logging_mixin.py:190} INFO - [2025-01-28T22:11:31.097+0000] {dag.py:4180} INFO - Setting next_dagrun for example_xcom_args to None, run_after=None
[2025-01-28T22:11:31.102+0000] {logging_mixin.py:190} INFO - [2025-01-28T22:11:31.102+0000] {dag.py:4180} INFO - Setting next_dagrun for example_xcom_args_with_operators to None, run_after=None
[2025-01-28T22:11:31.124+0000] {processor.py:208} INFO - Processing /home/airflow/.local/lib/python3.12/site-packages/airflow/example_dags/example_xcomargs.py took 0.092 seconds
[2025-01-28T22:12:01.977+0000] {processor.py:186} INFO - Started process (PID=421) to work on /home/airflow/.local/lib/python3.12/site-packages/airflow/example_dags/example_xcomargs.py
[2025-01-28T22:12:01.978+0000] {processor.py:914} INFO - Processing file /home/airflow/.local/lib/python3.12/site-packages/airflow/example_dags/example_xcomargs.py for tasks to queue
[2025-01-28T22:12:01.981+0000] {logging_mixin.py:190} INFO - [2025-01-28T22:12:01.980+0000] {dagbag.py:588} INFO - Filling up the DagBag from /home/airflow/.local/lib/python3.12/site-packages/airflow/example_dags/example_xcomargs.py
[2025-01-28T22:12:01.992+0000] {processor.py:925} INFO - DAG(s) 'example_xcom_args', 'example_xcom_args_with_operators' retrieved from /home/airflow/.local/lib/python3.12/site-packages/airflow/example_dags/example_xcomargs.py
[2025-01-28T22:12:02.016+0000] {logging_mixin.py:190} INFO - [2025-01-28T22:12:02.015+0000] {dag.py:3239} INFO - Sync 2 DAGs
[2025-01-28T22:12:02.032+0000] {logging_mixin.py:190} INFO - [2025-01-28T22:12:02.032+0000] {dag.py:4180} INFO - Setting next_dagrun for example_xcom_args to None, run_after=None
[2025-01-28T22:12:02.037+0000] {logging_mixin.py:190} INFO - [2025-01-28T22:12:02.037+0000] {dag.py:4180} INFO - Setting next_dagrun for example_xcom_args_with_operators to None, run_after=None
[2025-01-28T22:12:02.061+0000] {processor.py:208} INFO - Processing /home/airflow/.local/lib/python3.12/site-packages/airflow/example_dags/example_xcomargs.py took 0.090 seconds
[2025-01-28T22:12:33.187+0000] {processor.py:186} INFO - Started process (PID=484) to work on /home/airflow/.local/lib/python3.12/site-packages/airflow/example_dags/example_xcomargs.py
[2025-01-28T22:12:33.188+0000] {processor.py:914} INFO - Processing file /home/airflow/.local/lib/python3.12/site-packages/airflow/example_dags/example_xcomargs.py for tasks to queue
[2025-01-28T22:12:33.191+0000] {logging_mixin.py:190} INFO - [2025-01-28T22:12:33.190+0000] {dagbag.py:588} INFO - Filling up the DagBag from /home/airflow/.local/lib/python3.12/site-packages/airflow/example_dags/example_xcomargs.py
[2025-01-28T22:12:33.202+0000] {processor.py:925} INFO - DAG(s) 'example_xcom_args_with_operators', 'example_xcom_args' retrieved from /home/airflow/.local/lib/python3.12/site-packages/airflow/example_dags/example_xcomargs.py
[2025-01-28T22:12:33.227+0000] {logging_mixin.py:190} INFO - [2025-01-28T22:12:33.227+0000] {dag.py:3239} INFO - Sync 2 DAGs
[2025-01-28T22:12:33.243+0000] {logging_mixin.py:190} INFO - [2025-01-28T22:12:33.243+0000] {dag.py:4180} INFO - Setting next_dagrun for example_xcom_args to None, run_after=None
[2025-01-28T22:12:33.248+0000] {logging_mixin.py:190} INFO - [2025-01-28T22:12:33.248+0000] {dag.py:4180} INFO - Setting next_dagrun for example_xcom_args_with_operators to None, run_after=None
[2025-01-28T22:12:33.270+0000] {processor.py:208} INFO - Processing /home/airflow/.local/lib/python3.12/site-packages/airflow/example_dags/example_xcomargs.py took 0.090 seconds
[2025-01-28T22:13:04.351+0000] {processor.py:186} INFO - Started process (PID=547) to work on /home/airflow/.local/lib/python3.12/site-packages/airflow/example_dags/example_xcomargs.py
[2025-01-28T22:13:04.352+0000] {processor.py:914} INFO - Processing file /home/airflow/.local/lib/python3.12/site-packages/airflow/example_dags/example_xcomargs.py for tasks to queue
[2025-01-28T22:13:04.355+0000] {logging_mixin.py:190} INFO - [2025-01-28T22:13:04.355+0000] {dagbag.py:588} INFO - Filling up the DagBag from /home/airflow/.local/lib/python3.12/site-packages/airflow/example_dags/example_xcomargs.py
[2025-01-28T22:13:04.367+0000] {processor.py:925} INFO - DAG(s) 'example_xcom_args_with_operators', 'example_xcom_args' retrieved from /home/airflow/.local/lib/python3.12/site-packages/airflow/example_dags/example_xcomargs.py
[2025-01-28T22:13:04.393+0000] {logging_mixin.py:190} INFO - [2025-01-28T22:13:04.393+0000] {dag.py:3239} INFO - Sync 2 DAGs
[2025-01-28T22:13:04.411+0000] {logging_mixin.py:190} INFO - [2025-01-28T22:13:04.411+0000] {dag.py:4180} INFO - Setting next_dagrun for example_xcom_args to None, run_after=None
[2025-01-28T22:13:04.416+0000] {logging_mixin.py:190} INFO - [2025-01-28T22:13:04.415+0000] {dag.py:4180} INFO - Setting next_dagrun for example_xcom_args_with_operators to None, run_after=None
[2025-01-28T22:13:04.458+0000] {processor.py:208} INFO - Processing /home/airflow/.local/lib/python3.12/site-packages/airflow/example_dags/example_xcomargs.py took 0.114 seconds
[2025-01-28T22:13:36.206+0000] {processor.py:186} INFO - Started process (PID=610) to work on /home/airflow/.local/lib/python3.12/site-packages/airflow/example_dags/example_xcomargs.py
[2025-01-28T22:13:36.207+0000] {processor.py:914} INFO - Processing file /home/airflow/.local/lib/python3.12/site-packages/airflow/example_dags/example_xcomargs.py for tasks to queue
[2025-01-28T22:13:36.209+0000] {logging_mixin.py:190} INFO - [2025-01-28T22:13:36.209+0000] {dagbag.py:588} INFO - Filling up the DagBag from /home/airflow/.local/lib/python3.12/site-packages/airflow/example_dags/example_xcomargs.py
[2025-01-28T22:13:36.220+0000] {processor.py:925} INFO - DAG(s) 'example_xcom_args_with_operators', 'example_xcom_args' retrieved from /home/airflow/.local/lib/python3.12/site-packages/airflow/example_dags/example_xcomargs.py
[2025-01-28T22:13:36.246+0000] {logging_mixin.py:190} INFO - [2025-01-28T22:13:36.246+0000] {dag.py:3239} INFO - Sync 2 DAGs
[2025-01-28T22:13:36.263+0000] {logging_mixin.py:190} INFO - [2025-01-28T22:13:36.263+0000] {dag.py:4180} INFO - Setting next_dagrun for example_xcom_args to None, run_after=None
[2025-01-28T22:13:36.267+0000] {logging_mixin.py:190} INFO - [2025-01-28T22:13:36.267+0000] {dag.py:4180} INFO - Setting next_dagrun for example_xcom_args_with_operators to None, run_after=None
[2025-01-28T22:13:36.309+0000] {processor.py:208} INFO - Processing /home/airflow/.local/lib/python3.12/site-packages/airflow/example_dags/example_xcomargs.py took 0.112 seconds
[2025-01-28T22:14:07.413+0000] {processor.py:186} INFO - Started process (PID=673) to work on /home/airflow/.local/lib/python3.12/site-packages/airflow/example_dags/example_xcomargs.py
[2025-01-28T22:14:07.414+0000] {processor.py:914} INFO - Processing file /home/airflow/.local/lib/python3.12/site-packages/airflow/example_dags/example_xcomargs.py for tasks to queue
[2025-01-28T22:14:07.416+0000] {logging_mixin.py:190} INFO - [2025-01-28T22:14:07.416+0000] {dagbag.py:588} INFO - Filling up the DagBag from /home/airflow/.local/lib/python3.12/site-packages/airflow/example_dags/example_xcomargs.py
[2025-01-28T22:14:07.428+0000] {processor.py:925} INFO - DAG(s) 'example_xcom_args_with_operators', 'example_xcom_args' retrieved from /home/airflow/.local/lib/python3.12/site-packages/airflow/example_dags/example_xcomargs.py
[2025-01-28T22:14:07.453+0000] {logging_mixin.py:190} INFO - [2025-01-28T22:14:07.452+0000] {dag.py:3239} INFO - Sync 2 DAGs
[2025-01-28T22:14:07.468+0000] {logging_mixin.py:190} INFO - [2025-01-28T22:14:07.468+0000] {dag.py:4180} INFO - Setting next_dagrun for example_xcom_args to None, run_after=None
[2025-01-28T22:14:07.472+0000] {logging_mixin.py:190} INFO - [2025-01-28T22:14:07.472+0000] {dag.py:4180} INFO - Setting next_dagrun for example_xcom_args_with_operators to None, run_after=None
[2025-01-28T22:14:07.493+0000] {processor.py:208} INFO - Processing /home/airflow/.local/lib/python3.12/site-packages/airflow/example_dags/example_xcomargs.py took 0.086 seconds
[2025-01-28T22:14:38.028+0000] {processor.py:186} INFO - Started process (PID=736) to work on /home/airflow/.local/lib/python3.12/site-packages/airflow/example_dags/example_xcomargs.py
[2025-01-28T22:14:38.030+0000] {processor.py:914} INFO - Processing file /home/airflow/.local/lib/python3.12/site-packages/airflow/example_dags/example_xcomargs.py for tasks to queue
[2025-01-28T22:14:38.033+0000] {logging_mixin.py:190} INFO - [2025-01-28T22:14:38.032+0000] {dagbag.py:588} INFO - Filling up the DagBag from /home/airflow/.local/lib/python3.12/site-packages/airflow/example_dags/example_xcomargs.py
[2025-01-28T22:14:38.044+0000] {processor.py:925} INFO - DAG(s) 'example_xcom_args', 'example_xcom_args_with_operators' retrieved from /home/airflow/.local/lib/python3.12/site-packages/airflow/example_dags/example_xcomargs.py
[2025-01-28T22:14:38.071+0000] {logging_mixin.py:190} INFO - [2025-01-28T22:14:38.071+0000] {dag.py:3239} INFO - Sync 2 DAGs
[2025-01-28T22:14:38.088+0000] {logging_mixin.py:190} INFO - [2025-01-28T22:14:38.088+0000] {dag.py:4180} INFO - Setting next_dagrun for example_xcom_args to None, run_after=None
[2025-01-28T22:14:38.092+0000] {logging_mixin.py:190} INFO - [2025-01-28T22:14:38.092+0000] {dag.py:4180} INFO - Setting next_dagrun for example_xcom_args_with_operators to None, run_after=None
[2025-01-28T22:14:38.114+0000] {processor.py:208} INFO - Processing /home/airflow/.local/lib/python3.12/site-packages/airflow/example_dags/example_xcomargs.py took 0.092 seconds
[2025-01-28T22:15:09.795+0000] {processor.py:186} INFO - Started process (PID=799) to work on /home/airflow/.local/lib/python3.12/site-packages/airflow/example_dags/example_xcomargs.py
[2025-01-28T22:15:09.797+0000] {processor.py:914} INFO - Processing file /home/airflow/.local/lib/python3.12/site-packages/airflow/example_dags/example_xcomargs.py for tasks to queue
[2025-01-28T22:15:09.799+0000] {logging_mixin.py:190} INFO - [2025-01-28T22:15:09.799+0000] {dagbag.py:588} INFO - Filling up the DagBag from /home/airflow/.local/lib/python3.12/site-packages/airflow/example_dags/example_xcomargs.py
[2025-01-28T22:15:09.810+0000] {processor.py:925} INFO - DAG(s) 'example_xcom_args_with_operators', 'example_xcom_args' retrieved from /home/airflow/.local/lib/python3.12/site-packages/airflow/example_dags/example_xcomargs.py
[2025-01-28T22:15:09.835+0000] {logging_mixin.py:190} INFO - [2025-01-28T22:15:09.835+0000] {dag.py:3239} INFO - Sync 2 DAGs
[2025-01-28T22:15:09.851+0000] {logging_mixin.py:190} INFO - [2025-01-28T22:15:09.851+0000] {dag.py:4180} INFO - Setting next_dagrun for example_xcom_args to None, run_after=None
[2025-01-28T22:15:09.856+0000] {logging_mixin.py:190} INFO - [2025-01-28T22:15:09.856+0000] {dag.py:4180} INFO - Setting next_dagrun for example_xcom_args_with_operators to None, run_after=None
[2025-01-28T22:15:09.876+0000] {processor.py:208} INFO - Processing /home/airflow/.local/lib/python3.12/site-packages/airflow/example_dags/example_xcomargs.py took 0.087 seconds
[2025-01-28T22:15:41.344+0000] {processor.py:186} INFO - Started process (PID=862) to work on /home/airflow/.local/lib/python3.12/site-packages/airflow/example_dags/example_xcomargs.py
[2025-01-28T22:15:41.345+0000] {processor.py:914} INFO - Processing file /home/airflow/.local/lib/python3.12/site-packages/airflow/example_dags/example_xcomargs.py for tasks to queue
[2025-01-28T22:15:41.348+0000] {logging_mixin.py:190} INFO - [2025-01-28T22:15:41.347+0000] {dagbag.py:588} INFO - Filling up the DagBag from /home/airflow/.local/lib/python3.12/site-packages/airflow/example_dags/example_xcomargs.py
[2025-01-28T22:15:41.359+0000] {processor.py:925} INFO - DAG(s) 'example_xcom_args', 'example_xcom_args_with_operators' retrieved from /home/airflow/.local/lib/python3.12/site-packages/airflow/example_dags/example_xcomargs.py
[2025-01-28T22:15:41.386+0000] {logging_mixin.py:190} INFO - [2025-01-28T22:15:41.385+0000] {dag.py:3239} INFO - Sync 2 DAGs
[2025-01-28T22:15:41.403+0000] {logging_mixin.py:190} INFO - [2025-01-28T22:15:41.402+0000] {dag.py:4180} INFO - Setting next_dagrun for example_xcom_args to None, run_after=None
[2025-01-28T22:15:41.408+0000] {logging_mixin.py:190} INFO - [2025-01-28T22:15:41.408+0000] {dag.py:4180} INFO - Setting next_dagrun for example_xcom_args_with_operators to None, run_after=None
[2025-01-28T22:15:41.430+0000] {processor.py:208} INFO - Processing /home/airflow/.local/lib/python3.12/site-packages/airflow/example_dags/example_xcomargs.py took 0.092 seconds
[2025-01-28T22:16:12.794+0000] {processor.py:186} INFO - Started process (PID=926) to work on /home/airflow/.local/lib/python3.12/site-packages/airflow/example_dags/example_xcomargs.py
[2025-01-28T22:16:12.795+0000] {processor.py:914} INFO - Processing file /home/airflow/.local/lib/python3.12/site-packages/airflow/example_dags/example_xcomargs.py for tasks to queue
[2025-01-28T22:16:12.798+0000] {logging_mixin.py:190} INFO - [2025-01-28T22:16:12.798+0000] {dagbag.py:588} INFO - Filling up the DagBag from /home/airflow/.local/lib/python3.12/site-packages/airflow/example_dags/example_xcomargs.py
[2025-01-28T22:16:12.809+0000] {processor.py:925} INFO - DAG(s) 'example_xcom_args_with_operators', 'example_xcom_args' retrieved from /home/airflow/.local/lib/python3.12/site-packages/airflow/example_dags/example_xcomargs.py
[2025-01-28T22:16:12.835+0000] {logging_mixin.py:190} INFO - [2025-01-28T22:16:12.835+0000] {dag.py:3239} INFO - Sync 2 DAGs
[2025-01-28T22:16:12.851+0000] {logging_mixin.py:190} INFO - [2025-01-28T22:16:12.851+0000] {dag.py:4180} INFO - Setting next_dagrun for example_xcom_args to None, run_after=None
[2025-01-28T22:16:12.856+0000] {logging_mixin.py:190} INFO - [2025-01-28T22:16:12.856+0000] {dag.py:4180} INFO - Setting next_dagrun for example_xcom_args_with_operators to None, run_after=None
[2025-01-28T22:16:12.886+0000] {processor.py:208} INFO - Processing /home/airflow/.local/lib/python3.12/site-packages/airflow/example_dags/example_xcomargs.py took 0.098 seconds
[2025-01-28T22:16:44.583+0000] {processor.py:186} INFO - Started process (PID=989) to work on /home/airflow/.local/lib/python3.12/site-packages/airflow/example_dags/example_xcomargs.py
[2025-01-28T22:16:44.589+0000] {processor.py:914} INFO - Processing file /home/airflow/.local/lib/python3.12/site-packages/airflow/example_dags/example_xcomargs.py for tasks to queue
[2025-01-28T22:16:44.592+0000] {logging_mixin.py:190} INFO - [2025-01-28T22:16:44.592+0000] {dagbag.py:588} INFO - Filling up the DagBag from /home/airflow/.local/lib/python3.12/site-packages/airflow/example_dags/example_xcomargs.py
[2025-01-28T22:16:44.607+0000] {processor.py:925} INFO - DAG(s) 'example_xcom_args', 'example_xcom_args_with_operators' retrieved from /home/airflow/.local/lib/python3.12/site-packages/airflow/example_dags/example_xcomargs.py
[2025-01-28T22:16:44.632+0000] {logging_mixin.py:190} INFO - [2025-01-28T22:16:44.632+0000] {dag.py:3239} INFO - Sync 2 DAGs
[2025-01-28T22:16:44.648+0000] {logging_mixin.py:190} INFO - [2025-01-28T22:16:44.648+0000] {dag.py:4180} INFO - Setting next_dagrun for example_xcom_args to None, run_after=None
[2025-01-28T22:16:44.653+0000] {logging_mixin.py:190} INFO - [2025-01-28T22:16:44.653+0000] {dag.py:4180} INFO - Setting next_dagrun for example_xcom_args_with_operators to None, run_after=None
[2025-01-28T22:16:44.681+0000] {processor.py:208} INFO - Processing /home/airflow/.local/lib/python3.12/site-packages/airflow/example_dags/example_xcomargs.py took 0.104 seconds
[2025-01-28T22:17:15.891+0000] {processor.py:186} INFO - Started process (PID=1052) to work on /home/airflow/.local/lib/python3.12/site-packages/airflow/example_dags/example_xcomargs.py
[2025-01-28T22:17:15.892+0000] {processor.py:914} INFO - Processing file /home/airflow/.local/lib/python3.12/site-packages/airflow/example_dags/example_xcomargs.py for tasks to queue
[2025-01-28T22:17:15.895+0000] {logging_mixin.py:190} INFO - [2025-01-28T22:17:15.894+0000] {dagbag.py:588} INFO - Filling up the DagBag from /home/airflow/.local/lib/python3.12/site-packages/airflow/example_dags/example_xcomargs.py
[2025-01-28T22:17:15.905+0000] {processor.py:925} INFO - DAG(s) 'example_xcom_args', 'example_xcom_args_with_operators' retrieved from /home/airflow/.local/lib/python3.12/site-packages/airflow/example_dags/example_xcomargs.py
[2025-01-28T22:17:15.929+0000] {logging_mixin.py:190} INFO - [2025-01-28T22:17:15.929+0000] {dag.py:3239} INFO - Sync 2 DAGs
[2025-01-28T22:17:15.945+0000] {logging_mixin.py:190} INFO - [2025-01-28T22:17:15.945+0000] {dag.py:4180} INFO - Setting next_dagrun for example_xcom_args to None, run_after=None
[2025-01-28T22:17:15.949+0000] {logging_mixin.py:190} INFO - [2025-01-28T22:17:15.949+0000] {dag.py:4180} INFO - Setting next_dagrun for example_xcom_args_with_operators to None, run_after=None
[2025-01-28T22:17:15.969+0000] {processor.py:208} INFO - Processing /home/airflow/.local/lib/python3.12/site-packages/airflow/example_dags/example_xcomargs.py took 0.084 seconds
[2025-01-28T22:17:47.289+0000] {processor.py:186} INFO - Started process (PID=1115) to work on /home/airflow/.local/lib/python3.12/site-packages/airflow/example_dags/example_xcomargs.py
[2025-01-28T22:17:47.291+0000] {processor.py:914} INFO - Processing file /home/airflow/.local/lib/python3.12/site-packages/airflow/example_dags/example_xcomargs.py for tasks to queue
[2025-01-28T22:17:47.294+0000] {logging_mixin.py:190} INFO - [2025-01-28T22:17:47.294+0000] {dagbag.py:588} INFO - Filling up the DagBag from /home/airflow/.local/lib/python3.12/site-packages/airflow/example_dags/example_xcomargs.py
[2025-01-28T22:17:47.305+0000] {processor.py:925} INFO - DAG(s) 'example_xcom_args_with_operators', 'example_xcom_args' retrieved from /home/airflow/.local/lib/python3.12/site-packages/airflow/example_dags/example_xcomargs.py
[2025-01-28T22:17:47.331+0000] {logging_mixin.py:190} INFO - [2025-01-28T22:17:47.330+0000] {dag.py:3239} INFO - Sync 2 DAGs
[2025-01-28T22:17:47.347+0000] {logging_mixin.py:190} INFO - [2025-01-28T22:17:47.346+0000] {dag.py:4180} INFO - Setting next_dagrun for example_xcom_args to None, run_after=None
[2025-01-28T22:17:47.351+0000] {logging_mixin.py:190} INFO - [2025-01-28T22:17:47.351+0000] {dag.py:4180} INFO - Setting next_dagrun for example_xcom_args_with_operators to None, run_after=None
[2025-01-28T22:17:47.374+0000] {processor.py:208} INFO - Processing /home/airflow/.local/lib/python3.12/site-packages/airflow/example_dags/example_xcomargs.py took 0.091 seconds
[2025-01-28T22:18:18.968+0000] {processor.py:186} INFO - Started process (PID=1178) to work on /home/airflow/.local/lib/python3.12/site-packages/airflow/example_dags/example_xcomargs.py
[2025-01-28T22:18:18.970+0000] {processor.py:914} INFO - Processing file /home/airflow/.local/lib/python3.12/site-packages/airflow/example_dags/example_xcomargs.py for tasks to queue
[2025-01-28T22:18:18.973+0000] {logging_mixin.py:190} INFO - [2025-01-28T22:18:18.972+0000] {dagbag.py:588} INFO - Filling up the DagBag from /home/airflow/.local/lib/python3.12/site-packages/airflow/example_dags/example_xcomargs.py
[2025-01-28T22:18:18.984+0000] {processor.py:925} INFO - DAG(s) 'example_xcom_args_with_operators', 'example_xcom_args' retrieved from /home/airflow/.local/lib/python3.12/site-packages/airflow/example_dags/example_xcomargs.py
[2025-01-28T22:18:19.009+0000] {logging_mixin.py:190} INFO - [2025-01-28T22:18:19.008+0000] {dag.py:3239} INFO - Sync 2 DAGs
[2025-01-28T22:18:19.026+0000] {logging_mixin.py:190} INFO - [2025-01-28T22:18:19.025+0000] {dag.py:4180} INFO - Setting next_dagrun for example_xcom_args to None, run_after=None
[2025-01-28T22:18:19.030+0000] {logging_mixin.py:190} INFO - [2025-01-28T22:18:19.030+0000] {dag.py:4180} INFO - Setting next_dagrun for example_xcom_args_with_operators to None, run_after=None
[2025-01-28T22:18:19.051+0000] {processor.py:208} INFO - Processing /home/airflow/.local/lib/python3.12/site-packages/airflow/example_dags/example_xcomargs.py took 0.088 seconds
[2025-01-28T22:18:50.092+0000] {processor.py:186} INFO - Started process (PID=1241) to work on /home/airflow/.local/lib/python3.12/site-packages/airflow/example_dags/example_xcomargs.py
[2025-01-28T22:18:50.094+0000] {processor.py:914} INFO - Processing file /home/airflow/.local/lib/python3.12/site-packages/airflow/example_dags/example_xcomargs.py for tasks to queue
[2025-01-28T22:18:50.097+0000] {logging_mixin.py:190} INFO - [2025-01-28T22:18:50.096+0000] {dagbag.py:588} INFO - Filling up the DagBag from /home/airflow/.local/lib/python3.12/site-packages/airflow/example_dags/example_xcomargs.py
[2025-01-28T22:18:50.108+0000] {processor.py:925} INFO - DAG(s) 'example_xcom_args', 'example_xcom_args_with_operators' retrieved from /home/airflow/.local/lib/python3.12/site-packages/airflow/example_dags/example_xcomargs.py
[2025-01-28T22:18:50.135+0000] {logging_mixin.py:190} INFO - [2025-01-28T22:18:50.135+0000] {dag.py:3239} INFO - Sync 2 DAGs
[2025-01-28T22:18:50.152+0000] {logging_mixin.py:190} INFO - [2025-01-28T22:18:50.151+0000] {dag.py:4180} INFO - Setting next_dagrun for example_xcom_args to None, run_after=None
[2025-01-28T22:18:50.156+0000] {logging_mixin.py:190} INFO - [2025-01-28T22:18:50.156+0000] {dag.py:4180} INFO - Setting next_dagrun for example_xcom_args_with_operators to None, run_after=None
[2025-01-28T22:18:50.179+0000] {processor.py:208} INFO - Processing /home/airflow/.local/lib/python3.12/site-packages/airflow/example_dags/example_xcomargs.py took 0.094 seconds
[2025-01-28T22:19:21.583+0000] {processor.py:186} INFO - Started process (PID=1304) to work on /home/airflow/.local/lib/python3.12/site-packages/airflow/example_dags/example_xcomargs.py
[2025-01-28T22:19:21.585+0000] {processor.py:914} INFO - Processing file /home/airflow/.local/lib/python3.12/site-packages/airflow/example_dags/example_xcomargs.py for tasks to queue
[2025-01-28T22:19:21.589+0000] {logging_mixin.py:190} INFO - [2025-01-28T22:19:21.588+0000] {dagbag.py:588} INFO - Filling up the DagBag from /home/airflow/.local/lib/python3.12/site-packages/airflow/example_dags/example_xcomargs.py
[2025-01-28T22:19:21.602+0000] {processor.py:925} INFO - DAG(s) 'example_xcom_args_with_operators', 'example_xcom_args' retrieved from /home/airflow/.local/lib/python3.12/site-packages/airflow/example_dags/example_xcomargs.py
[2025-01-28T22:19:21.631+0000] {logging_mixin.py:190} INFO - [2025-01-28T22:19:21.631+0000] {dag.py:3239} INFO - Sync 2 DAGs
[2025-01-28T22:19:21.648+0000] {logging_mixin.py:190} INFO - [2025-01-28T22:19:21.648+0000] {dag.py:4180} INFO - Setting next_dagrun for example_xcom_args to None, run_after=None
[2025-01-28T22:19:21.653+0000] {logging_mixin.py:190} INFO - [2025-01-28T22:19:21.653+0000] {dag.py:4180} INFO - Setting next_dagrun for example_xcom_args_with_operators to None, run_after=None
[2025-01-28T22:19:21.678+0000] {processor.py:208} INFO - Processing /home/airflow/.local/lib/python3.12/site-packages/airflow/example_dags/example_xcomargs.py took 0.102 seconds
[2025-01-28T22:19:52.678+0000] {processor.py:186} INFO - Started process (PID=1367) to work on /home/airflow/.local/lib/python3.12/site-packages/airflow/example_dags/example_xcomargs.py
[2025-01-28T22:19:52.679+0000] {processor.py:914} INFO - Processing file /home/airflow/.local/lib/python3.12/site-packages/airflow/example_dags/example_xcomargs.py for tasks to queue
[2025-01-28T22:19:52.683+0000] {logging_mixin.py:190} INFO - [2025-01-28T22:19:52.682+0000] {dagbag.py:588} INFO - Filling up the DagBag from /home/airflow/.local/lib/python3.12/site-packages/airflow/example_dags/example_xcomargs.py
[2025-01-28T22:19:52.694+0000] {processor.py:925} INFO - DAG(s) 'example_xcom_args_with_operators', 'example_xcom_args' retrieved from /home/airflow/.local/lib/python3.12/site-packages/airflow/example_dags/example_xcomargs.py
[2025-01-28T22:19:52.722+0000] {logging_mixin.py:190} INFO - [2025-01-28T22:19:52.722+0000] {dag.py:3239} INFO - Sync 2 DAGs
[2025-01-28T22:19:52.738+0000] {logging_mixin.py:190} INFO - [2025-01-28T22:19:52.737+0000] {dag.py:4180} INFO - Setting next_dagrun for example_xcom_args to None, run_after=None
[2025-01-28T22:19:52.743+0000] {logging_mixin.py:190} INFO - [2025-01-28T22:19:52.742+0000] {dag.py:4180} INFO - Setting next_dagrun for example_xcom_args_with_operators to None, run_after=None
[2025-01-28T22:19:52.765+0000] {processor.py:208} INFO - Processing /home/airflow/.local/lib/python3.12/site-packages/airflow/example_dags/example_xcomargs.py took 0.093 seconds
[2025-01-28T22:20:24.022+0000] {processor.py:186} INFO - Started process (PID=1430) to work on /home/airflow/.local/lib/python3.12/site-packages/airflow/example_dags/example_xcomargs.py
[2025-01-28T22:20:24.024+0000] {processor.py:914} INFO - Processing file /home/airflow/.local/lib/python3.12/site-packages/airflow/example_dags/example_xcomargs.py for tasks to queue
[2025-01-28T22:20:24.026+0000] {logging_mixin.py:190} INFO - [2025-01-28T22:20:24.026+0000] {dagbag.py:588} INFO - Filling up the DagBag from /home/airflow/.local/lib/python3.12/site-packages/airflow/example_dags/example_xcomargs.py
[2025-01-28T22:20:24.038+0000] {processor.py:925} INFO - DAG(s) 'example_xcom_args', 'example_xcom_args_with_operators' retrieved from /home/airflow/.local/lib/python3.12/site-packages/airflow/example_dags/example_xcomargs.py
[2025-01-28T22:20:24.062+0000] {logging_mixin.py:190} INFO - [2025-01-28T22:20:24.062+0000] {dag.py:3239} INFO - Sync 2 DAGs
[2025-01-28T22:20:24.079+0000] {logging_mixin.py:190} INFO - [2025-01-28T22:20:24.078+0000] {dag.py:4180} INFO - Setting next_dagrun for example_xcom_args to None, run_after=None
[2025-01-28T22:20:24.083+0000] {logging_mixin.py:190} INFO - [2025-01-28T22:20:24.083+0000] {dag.py:4180} INFO - Setting next_dagrun for example_xcom_args_with_operators to None, run_after=None
[2025-01-28T22:20:24.104+0000] {processor.py:208} INFO - Processing /home/airflow/.local/lib/python3.12/site-packages/airflow/example_dags/example_xcomargs.py took 0.087 seconds
[2025-01-28T22:20:55.605+0000] {processor.py:186} INFO - Started process (PID=1493) to work on /home/airflow/.local/lib/python3.12/site-packages/airflow/example_dags/example_xcomargs.py
[2025-01-28T22:20:55.606+0000] {processor.py:914} INFO - Processing file /home/airflow/.local/lib/python3.12/site-packages/airflow/example_dags/example_xcomargs.py for tasks to queue
[2025-01-28T22:20:55.609+0000] {logging_mixin.py:190} INFO - [2025-01-28T22:20:55.609+0000] {dagbag.py:588} INFO - Filling up the DagBag from /home/airflow/.local/lib/python3.12/site-packages/airflow/example_dags/example_xcomargs.py
[2025-01-28T22:20:55.620+0000] {processor.py:925} INFO - DAG(s) 'example_xcom_args', 'example_xcom_args_with_operators' retrieved from /home/airflow/.local/lib/python3.12/site-packages/airflow/example_dags/example_xcomargs.py
[2025-01-28T22:20:55.650+0000] {logging_mixin.py:190} INFO - [2025-01-28T22:20:55.650+0000] {dag.py:3239} INFO - Sync 2 DAGs
[2025-01-28T22:20:55.667+0000] {logging_mixin.py:190} INFO - [2025-01-28T22:20:55.667+0000] {dag.py:4180} INFO - Setting next_dagrun for example_xcom_args to None, run_after=None
[2025-01-28T22:20:55.672+0000] {logging_mixin.py:190} INFO - [2025-01-28T22:20:55.672+0000] {dag.py:4180} INFO - Setting next_dagrun for example_xcom_args_with_operators to None, run_after=None
[2025-01-28T22:20:55.694+0000] {processor.py:208} INFO - Processing /home/airflow/.local/lib/python3.12/site-packages/airflow/example_dags/example_xcomargs.py took 0.096 seconds
[2025-01-28T22:21:26.439+0000] {processor.py:186} INFO - Started process (PID=1556) to work on /home/airflow/.local/lib/python3.12/site-packages/airflow/example_dags/example_xcomargs.py
[2025-01-28T22:21:26.441+0000] {processor.py:914} INFO - Processing file /home/airflow/.local/lib/python3.12/site-packages/airflow/example_dags/example_xcomargs.py for tasks to queue
[2025-01-28T22:21:26.444+0000] {logging_mixin.py:190} INFO - [2025-01-28T22:21:26.443+0000] {dagbag.py:588} INFO - Filling up the DagBag from /home/airflow/.local/lib/python3.12/site-packages/airflow/example_dags/example_xcomargs.py
[2025-01-28T22:21:26.455+0000] {processor.py:925} INFO - DAG(s) 'example_xcom_args', 'example_xcom_args_with_operators' retrieved from /home/airflow/.local/lib/python3.12/site-packages/airflow/example_dags/example_xcomargs.py
[2025-01-28T22:21:26.480+0000] {logging_mixin.py:190} INFO - [2025-01-28T22:21:26.480+0000] {dag.py:3239} INFO - Sync 2 DAGs
[2025-01-28T22:21:26.497+0000] {logging_mixin.py:190} INFO - [2025-01-28T22:21:26.497+0000] {dag.py:4180} INFO - Setting next_dagrun for example_xcom_args to None, run_after=None
[2025-01-28T22:21:26.501+0000] {logging_mixin.py:190} INFO - [2025-01-28T22:21:26.501+0000] {dag.py:4180} INFO - Setting next_dagrun for example_xcom_args_with_operators to None, run_after=None
[2025-01-28T22:21:26.529+0000] {processor.py:208} INFO - Processing /home/airflow/.local/lib/python3.12/site-packages/airflow/example_dags/example_xcomargs.py took 0.096 seconds
[2025-01-28T22:21:58.094+0000] {processor.py:186} INFO - Started process (PID=1619) to work on /home/airflow/.local/lib/python3.12/site-packages/airflow/example_dags/example_xcomargs.py
[2025-01-28T22:21:58.096+0000] {processor.py:914} INFO - Processing file /home/airflow/.local/lib/python3.12/site-packages/airflow/example_dags/example_xcomargs.py for tasks to queue
[2025-01-28T22:21:58.099+0000] {logging_mixin.py:190} INFO - [2025-01-28T22:21:58.099+0000] {dagbag.py:588} INFO - Filling up the DagBag from /home/airflow/.local/lib/python3.12/site-packages/airflow/example_dags/example_xcomargs.py
[2025-01-28T22:21:58.112+0000] {processor.py:925} INFO - DAG(s) 'example_xcom_args_with_operators', 'example_xcom_args' retrieved from /home/airflow/.local/lib/python3.12/site-packages/airflow/example_dags/example_xcomargs.py
[2025-01-28T22:21:58.144+0000] {logging_mixin.py:190} INFO - [2025-01-28T22:21:58.144+0000] {dag.py:3239} INFO - Sync 2 DAGs
[2025-01-28T22:21:58.161+0000] {logging_mixin.py:190} INFO - [2025-01-28T22:21:58.161+0000] {dag.py:4180} INFO - Setting next_dagrun for example_xcom_args to None, run_after=None
[2025-01-28T22:21:58.166+0000] {logging_mixin.py:190} INFO - [2025-01-28T22:21:58.165+0000] {dag.py:4180} INFO - Setting next_dagrun for example_xcom_args_with_operators to None, run_after=None
[2025-01-28T22:21:58.197+0000] {processor.py:208} INFO - Processing /home/airflow/.local/lib/python3.12/site-packages/airflow/example_dags/example_xcomargs.py took 0.109 seconds
[2025-01-28T22:22:29.536+0000] {processor.py:186} INFO - Started process (PID=1682) to work on /home/airflow/.local/lib/python3.12/site-packages/airflow/example_dags/example_xcomargs.py
[2025-01-28T22:22:29.538+0000] {processor.py:914} INFO - Processing file /home/airflow/.local/lib/python3.12/site-packages/airflow/example_dags/example_xcomargs.py for tasks to queue
[2025-01-28T22:22:29.541+0000] {logging_mixin.py:190} INFO - [2025-01-28T22:22:29.540+0000] {dagbag.py:588} INFO - Filling up the DagBag from /home/airflow/.local/lib/python3.12/site-packages/airflow/example_dags/example_xcomargs.py
[2025-01-28T22:22:29.552+0000] {processor.py:925} INFO - DAG(s) 'example_xcom_args', 'example_xcom_args_with_operators' retrieved from /home/airflow/.local/lib/python3.12/site-packages/airflow/example_dags/example_xcomargs.py
[2025-01-28T22:22:29.578+0000] {logging_mixin.py:190} INFO - [2025-01-28T22:22:29.578+0000] {dag.py:3239} INFO - Sync 2 DAGs
[2025-01-28T22:22:29.595+0000] {logging_mixin.py:190} INFO - [2025-01-28T22:22:29.594+0000] {dag.py:4180} INFO - Setting next_dagrun for example_xcom_args to None, run_after=None
[2025-01-28T22:22:29.599+0000] {logging_mixin.py:190} INFO - [2025-01-28T22:22:29.599+0000] {dag.py:4180} INFO - Setting next_dagrun for example_xcom_args_with_operators to None, run_after=None
[2025-01-28T22:22:29.622+0000] {processor.py:208} INFO - Processing /home/airflow/.local/lib/python3.12/site-packages/airflow/example_dags/example_xcomargs.py took 0.092 seconds
[2025-01-28T22:23:00.701+0000] {processor.py:186} INFO - Started process (PID=1745) to work on /home/airflow/.local/lib/python3.12/site-packages/airflow/example_dags/example_xcomargs.py
[2025-01-28T22:23:00.703+0000] {processor.py:914} INFO - Processing file /home/airflow/.local/lib/python3.12/site-packages/airflow/example_dags/example_xcomargs.py for tasks to queue
[2025-01-28T22:23:00.706+0000] {logging_mixin.py:190} INFO - [2025-01-28T22:23:00.706+0000] {dagbag.py:588} INFO - Filling up the DagBag from /home/airflow/.local/lib/python3.12/site-packages/airflow/example_dags/example_xcomargs.py
[2025-01-28T22:23:00.720+0000] {processor.py:925} INFO - DAG(s) 'example_xcom_args', 'example_xcom_args_with_operators' retrieved from /home/airflow/.local/lib/python3.12/site-packages/airflow/example_dags/example_xcomargs.py
[2025-01-28T22:23:00.755+0000] {logging_mixin.py:190} INFO - [2025-01-28T22:23:00.755+0000] {dag.py:3239} INFO - Sync 2 DAGs
[2025-01-28T22:23:00.775+0000] {logging_mixin.py:190} INFO - [2025-01-28T22:23:00.775+0000] {dag.py:4180} INFO - Setting next_dagrun for example_xcom_args to None, run_after=None
[2025-01-28T22:23:00.782+0000] {logging_mixin.py:190} INFO - [2025-01-28T22:23:00.781+0000] {dag.py:4180} INFO - Setting next_dagrun for example_xcom_args_with_operators to None, run_after=None
[2025-01-28T22:23:00.810+0000] {processor.py:208} INFO - Processing /home/airflow/.local/lib/python3.12/site-packages/airflow/example_dags/example_xcomargs.py took 0.116 seconds
[2025-01-28T22:23:31.562+0000] {processor.py:186} INFO - Started process (PID=1808) to work on /home/airflow/.local/lib/python3.12/site-packages/airflow/example_dags/example_xcomargs.py
[2025-01-28T22:23:31.564+0000] {processor.py:914} INFO - Processing file /home/airflow/.local/lib/python3.12/site-packages/airflow/example_dags/example_xcomargs.py for tasks to queue
[2025-01-28T22:23:31.567+0000] {logging_mixin.py:190} INFO - [2025-01-28T22:23:31.566+0000] {dagbag.py:588} INFO - Filling up the DagBag from /home/airflow/.local/lib/python3.12/site-packages/airflow/example_dags/example_xcomargs.py
[2025-01-28T22:23:31.578+0000] {processor.py:925} INFO - DAG(s) 'example_xcom_args', 'example_xcom_args_with_operators' retrieved from /home/airflow/.local/lib/python3.12/site-packages/airflow/example_dags/example_xcomargs.py
[2025-01-28T22:23:31.602+0000] {logging_mixin.py:190} INFO - [2025-01-28T22:23:31.602+0000] {dag.py:3239} INFO - Sync 2 DAGs
[2025-01-28T22:23:31.619+0000] {logging_mixin.py:190} INFO - [2025-01-28T22:23:31.618+0000] {dag.py:4180} INFO - Setting next_dagrun for example_xcom_args to None, run_after=None
[2025-01-28T22:23:31.623+0000] {logging_mixin.py:190} INFO - [2025-01-28T22:23:31.623+0000] {dag.py:4180} INFO - Setting next_dagrun for example_xcom_args_with_operators to None, run_after=None
[2025-01-28T22:23:31.645+0000] {processor.py:208} INFO - Processing /home/airflow/.local/lib/python3.12/site-packages/airflow/example_dags/example_xcomargs.py took 0.089 seconds
[2025-01-28T22:24:03.048+0000] {processor.py:186} INFO - Started process (PID=1871) to work on /home/airflow/.local/lib/python3.12/site-packages/airflow/example_dags/example_xcomargs.py
[2025-01-28T22:24:03.049+0000] {processor.py:914} INFO - Processing file /home/airflow/.local/lib/python3.12/site-packages/airflow/example_dags/example_xcomargs.py for tasks to queue
[2025-01-28T22:24:03.052+0000] {logging_mixin.py:190} INFO - [2025-01-28T22:24:03.052+0000] {dagbag.py:588} INFO - Filling up the DagBag from /home/airflow/.local/lib/python3.12/site-packages/airflow/example_dags/example_xcomargs.py
[2025-01-28T22:24:03.064+0000] {processor.py:925} INFO - DAG(s) 'example_xcom_args', 'example_xcom_args_with_operators' retrieved from /home/airflow/.local/lib/python3.12/site-packages/airflow/example_dags/example_xcomargs.py
[2025-01-28T22:24:03.096+0000] {logging_mixin.py:190} INFO - [2025-01-28T22:24:03.095+0000] {dag.py:3239} INFO - Sync 2 DAGs
[2025-01-28T22:24:03.113+0000] {logging_mixin.py:190} INFO - [2025-01-28T22:24:03.112+0000] {dag.py:4180} INFO - Setting next_dagrun for example_xcom_args to None, run_after=None
[2025-01-28T22:24:03.117+0000] {logging_mixin.py:190} INFO - [2025-01-28T22:24:03.117+0000] {dag.py:4180} INFO - Setting next_dagrun for example_xcom_args_with_operators to None, run_after=None
[2025-01-28T22:24:03.142+0000] {processor.py:208} INFO - Processing /home/airflow/.local/lib/python3.12/site-packages/airflow/example_dags/example_xcomargs.py took 0.101 seconds
[2025-01-28T22:24:34.311+0000] {processor.py:186} INFO - Started process (PID=1934) to work on /home/airflow/.local/lib/python3.12/site-packages/airflow/example_dags/example_xcomargs.py
[2025-01-28T22:24:34.312+0000] {processor.py:914} INFO - Processing file /home/airflow/.local/lib/python3.12/site-packages/airflow/example_dags/example_xcomargs.py for tasks to queue
[2025-01-28T22:24:34.315+0000] {logging_mixin.py:190} INFO - [2025-01-28T22:24:34.315+0000] {dagbag.py:588} INFO - Filling up the DagBag from /home/airflow/.local/lib/python3.12/site-packages/airflow/example_dags/example_xcomargs.py
[2025-01-28T22:24:34.326+0000] {processor.py:925} INFO - DAG(s) 'example_xcom_args', 'example_xcom_args_with_operators' retrieved from /home/airflow/.local/lib/python3.12/site-packages/airflow/example_dags/example_xcomargs.py
[2025-01-28T22:24:34.351+0000] {logging_mixin.py:190} INFO - [2025-01-28T22:24:34.351+0000] {dag.py:3239} INFO - Sync 2 DAGs
[2025-01-28T22:24:34.367+0000] {logging_mixin.py:190} INFO - [2025-01-28T22:24:34.367+0000] {dag.py:4180} INFO - Setting next_dagrun for example_xcom_args to None, run_after=None
[2025-01-28T22:24:34.372+0000] {logging_mixin.py:190} INFO - [2025-01-28T22:24:34.371+0000] {dag.py:4180} INFO - Setting next_dagrun for example_xcom_args_with_operators to None, run_after=None
[2025-01-28T22:24:34.393+0000] {processor.py:208} INFO - Processing /home/airflow/.local/lib/python3.12/site-packages/airflow/example_dags/example_xcomargs.py took 0.089 seconds
[2025-01-28T22:25:05.676+0000] {processor.py:186} INFO - Started process (PID=1997) to work on /home/airflow/.local/lib/python3.12/site-packages/airflow/example_dags/example_xcomargs.py
[2025-01-28T22:25:05.677+0000] {processor.py:914} INFO - Processing file /home/airflow/.local/lib/python3.12/site-packages/airflow/example_dags/example_xcomargs.py for tasks to queue
[2025-01-28T22:25:05.680+0000] {logging_mixin.py:190} INFO - [2025-01-28T22:25:05.680+0000] {dagbag.py:588} INFO - Filling up the DagBag from /home/airflow/.local/lib/python3.12/site-packages/airflow/example_dags/example_xcomargs.py
[2025-01-28T22:25:05.691+0000] {processor.py:925} INFO - DAG(s) 'example_xcom_args_with_operators', 'example_xcom_args' retrieved from /home/airflow/.local/lib/python3.12/site-packages/airflow/example_dags/example_xcomargs.py
[2025-01-28T22:25:05.718+0000] {logging_mixin.py:190} INFO - [2025-01-28T22:25:05.717+0000] {dag.py:3239} INFO - Sync 2 DAGs
[2025-01-28T22:25:05.733+0000] {logging_mixin.py:190} INFO - [2025-01-28T22:25:05.733+0000] {dag.py:4180} INFO - Setting next_dagrun for example_xcom_args to None, run_after=None
[2025-01-28T22:25:05.738+0000] {logging_mixin.py:190} INFO - [2025-01-28T22:25:05.738+0000] {dag.py:4180} INFO - Setting next_dagrun for example_xcom_args_with_operators to None, run_after=None
[2025-01-28T22:25:05.760+0000] {processor.py:208} INFO - Processing /home/airflow/.local/lib/python3.12/site-packages/airflow/example_dags/example_xcomargs.py took 0.092 seconds
[2025-01-28T22:28:47.129+0000] {processor.py:186} INFO - Started process (PID=106) to work on /home/airflow/.local/lib/python3.12/site-packages/airflow/example_dags/example_xcomargs.py
[2025-01-28T22:28:47.131+0000] {processor.py:914} INFO - Processing file /home/airflow/.local/lib/python3.12/site-packages/airflow/example_dags/example_xcomargs.py for tasks to queue
[2025-01-28T22:28:47.134+0000] {logging_mixin.py:190} INFO - [2025-01-28T22:28:47.134+0000] {dagbag.py:588} INFO - Filling up the DagBag from /home/airflow/.local/lib/python3.12/site-packages/airflow/example_dags/example_xcomargs.py
[2025-01-28T22:28:47.146+0000] {processor.py:925} INFO - DAG(s) 'example_xcom_args_with_operators', 'example_xcom_args' retrieved from /home/airflow/.local/lib/python3.12/site-packages/airflow/example_dags/example_xcomargs.py
[2025-01-28T22:28:47.179+0000] {logging_mixin.py:190} INFO - [2025-01-28T22:28:47.179+0000] {dag.py:3239} INFO - Sync 2 DAGs
[2025-01-28T22:28:47.195+0000] {logging_mixin.py:190} INFO - [2025-01-28T22:28:47.195+0000] {dag.py:4180} INFO - Setting next_dagrun for example_xcom_args to None, run_after=None
[2025-01-28T22:28:47.200+0000] {logging_mixin.py:190} INFO - [2025-01-28T22:28:47.200+0000] {dag.py:4180} INFO - Setting next_dagrun for example_xcom_args_with_operators to None, run_after=None
[2025-01-28T22:28:47.220+0000] {processor.py:208} INFO - Processing /home/airflow/.local/lib/python3.12/site-packages/airflow/example_dags/example_xcomargs.py took 0.097 seconds
[2025-01-28T22:29:18.388+0000] {processor.py:186} INFO - Started process (PID=169) to work on /home/airflow/.local/lib/python3.12/site-packages/airflow/example_dags/example_xcomargs.py
[2025-01-28T22:29:18.390+0000] {processor.py:914} INFO - Processing file /home/airflow/.local/lib/python3.12/site-packages/airflow/example_dags/example_xcomargs.py for tasks to queue
[2025-01-28T22:29:18.393+0000] {logging_mixin.py:190} INFO - [2025-01-28T22:29:18.392+0000] {dagbag.py:588} INFO - Filling up the DagBag from /home/airflow/.local/lib/python3.12/site-packages/airflow/example_dags/example_xcomargs.py
[2025-01-28T22:29:18.404+0000] {processor.py:925} INFO - DAG(s) 'example_xcom_args', 'example_xcom_args_with_operators' retrieved from /home/airflow/.local/lib/python3.12/site-packages/airflow/example_dags/example_xcomargs.py
[2025-01-28T22:29:18.431+0000] {logging_mixin.py:190} INFO - [2025-01-28T22:29:18.430+0000] {dag.py:3239} INFO - Sync 2 DAGs
[2025-01-28T22:29:18.446+0000] {logging_mixin.py:190} INFO - [2025-01-28T22:29:18.446+0000] {dag.py:4180} INFO - Setting next_dagrun for example_xcom_args to None, run_after=None
[2025-01-28T22:29:18.451+0000] {logging_mixin.py:190} INFO - [2025-01-28T22:29:18.450+0000] {dag.py:4180} INFO - Setting next_dagrun for example_xcom_args_with_operators to None, run_after=None
[2025-01-28T22:29:18.471+0000] {processor.py:208} INFO - Processing /home/airflow/.local/lib/python3.12/site-packages/airflow/example_dags/example_xcomargs.py took 0.089 seconds
[2025-01-28T22:29:50.131+0000] {processor.py:186} INFO - Started process (PID=232) to work on /home/airflow/.local/lib/python3.12/site-packages/airflow/example_dags/example_xcomargs.py
[2025-01-28T22:29:50.132+0000] {processor.py:914} INFO - Processing file /home/airflow/.local/lib/python3.12/site-packages/airflow/example_dags/example_xcomargs.py for tasks to queue
[2025-01-28T22:29:50.135+0000] {logging_mixin.py:190} INFO - [2025-01-28T22:29:50.135+0000] {dagbag.py:588} INFO - Filling up the DagBag from /home/airflow/.local/lib/python3.12/site-packages/airflow/example_dags/example_xcomargs.py
[2025-01-28T22:29:50.146+0000] {processor.py:925} INFO - DAG(s) 'example_xcom_args', 'example_xcom_args_with_operators' retrieved from /home/airflow/.local/lib/python3.12/site-packages/airflow/example_dags/example_xcomargs.py
[2025-01-28T22:29:50.173+0000] {logging_mixin.py:190} INFO - [2025-01-28T22:29:50.173+0000] {dag.py:3239} INFO - Sync 2 DAGs
[2025-01-28T22:29:50.189+0000] {logging_mixin.py:190} INFO - [2025-01-28T22:29:50.189+0000] {dag.py:4180} INFO - Setting next_dagrun for example_xcom_args to None, run_after=None
[2025-01-28T22:29:50.194+0000] {logging_mixin.py:190} INFO - [2025-01-28T22:29:50.194+0000] {dag.py:4180} INFO - Setting next_dagrun for example_xcom_args_with_operators to None, run_after=None
[2025-01-28T22:29:50.215+0000] {processor.py:208} INFO - Processing /home/airflow/.local/lib/python3.12/site-packages/airflow/example_dags/example_xcomargs.py took 0.090 seconds
[2025-01-28T22:30:21.510+0000] {processor.py:186} INFO - Started process (PID=294) to work on /home/airflow/.local/lib/python3.12/site-packages/airflow/example_dags/example_xcomargs.py
[2025-01-28T22:30:21.512+0000] {processor.py:914} INFO - Processing file /home/airflow/.local/lib/python3.12/site-packages/airflow/example_dags/example_xcomargs.py for tasks to queue
[2025-01-28T22:30:21.515+0000] {logging_mixin.py:190} INFO - [2025-01-28T22:30:21.514+0000] {dagbag.py:588} INFO - Filling up the DagBag from /home/airflow/.local/lib/python3.12/site-packages/airflow/example_dags/example_xcomargs.py
[2025-01-28T22:30:21.526+0000] {processor.py:925} INFO - DAG(s) 'example_xcom_args_with_operators', 'example_xcom_args' retrieved from /home/airflow/.local/lib/python3.12/site-packages/airflow/example_dags/example_xcomargs.py
[2025-01-28T22:30:21.559+0000] {logging_mixin.py:190} INFO - [2025-01-28T22:30:21.558+0000] {dag.py:3239} INFO - Sync 2 DAGs
[2025-01-28T22:30:21.576+0000] {logging_mixin.py:190} INFO - [2025-01-28T22:30:21.576+0000] {dag.py:4180} INFO - Setting next_dagrun for example_xcom_args to None, run_after=None
[2025-01-28T22:30:21.581+0000] {logging_mixin.py:190} INFO - [2025-01-28T22:30:21.581+0000] {dag.py:4180} INFO - Setting next_dagrun for example_xcom_args_with_operators to None, run_after=None
[2025-01-28T22:30:21.616+0000] {processor.py:208} INFO - Processing /home/airflow/.local/lib/python3.12/site-packages/airflow/example_dags/example_xcomargs.py took 0.112 seconds
[2025-01-28T22:30:52.798+0000] {processor.py:186} INFO - Started process (PID=357) to work on /home/airflow/.local/lib/python3.12/site-packages/airflow/example_dags/example_xcomargs.py
[2025-01-28T22:30:52.800+0000] {processor.py:914} INFO - Processing file /home/airflow/.local/lib/python3.12/site-packages/airflow/example_dags/example_xcomargs.py for tasks to queue
[2025-01-28T22:30:52.802+0000] {logging_mixin.py:190} INFO - [2025-01-28T22:30:52.802+0000] {dagbag.py:588} INFO - Filling up the DagBag from /home/airflow/.local/lib/python3.12/site-packages/airflow/example_dags/example_xcomargs.py
[2025-01-28T22:30:52.814+0000] {processor.py:925} INFO - DAG(s) 'example_xcom_args_with_operators', 'example_xcom_args' retrieved from /home/airflow/.local/lib/python3.12/site-packages/airflow/example_dags/example_xcomargs.py
[2025-01-28T22:30:52.842+0000] {logging_mixin.py:190} INFO - [2025-01-28T22:30:52.842+0000] {dag.py:3239} INFO - Sync 2 DAGs
[2025-01-28T22:30:52.859+0000] {logging_mixin.py:190} INFO - [2025-01-28T22:30:52.859+0000] {dag.py:4180} INFO - Setting next_dagrun for example_xcom_args to None, run_after=None
[2025-01-28T22:30:52.866+0000] {logging_mixin.py:190} INFO - [2025-01-28T22:30:52.865+0000] {dag.py:4180} INFO - Setting next_dagrun for example_xcom_args_with_operators to None, run_after=None
[2025-01-28T22:30:52.896+0000] {processor.py:208} INFO - Processing /home/airflow/.local/lib/python3.12/site-packages/airflow/example_dags/example_xcomargs.py took 0.104 seconds
