[2025-01-28T22:09:29.725+0000] {processor.py:186} INFO - Started process (PID=125) to work on /home/airflow/.local/lib/python3.12/site-packages/airflow/example_dags/example_task_group.py
[2025-01-28T22:09:29.727+0000] {processor.py:914} INFO - Processing file /home/airflow/.local/lib/python3.12/site-packages/airflow/example_dags/example_task_group.py for tasks to queue
[2025-01-28T22:09:29.730+0000] {logging_mixin.py:190} INFO - [2025-01-28T22:09:29.730+0000] {dagbag.py:588} INFO - Filling up the DagBag from /home/airflow/.local/lib/python3.12/site-packages/airflow/example_dags/example_task_group.py
[2025-01-28T22:09:29.741+0000] {processor.py:925} INFO - DAG(s) 'example_task_group' retrieved from /home/airflow/.local/lib/python3.12/site-packages/airflow/example_dags/example_task_group.py
[2025-01-28T22:09:29.859+0000] {logging_mixin.py:190} INFO - [2025-01-28T22:09:29.858+0000] {override.py:1911} INFO - Created Permission View: can delete on DAG:example_task_group
[2025-01-28T22:09:29.872+0000] {logging_mixin.py:190} INFO - [2025-01-28T22:09:29.872+0000] {override.py:1911} INFO - Created Permission View: can edit on DAG:example_task_group
[2025-01-28T22:09:29.883+0000] {logging_mixin.py:190} INFO - [2025-01-28T22:09:29.883+0000] {override.py:1911} INFO - Created Permission View: can read on DAG:example_task_group
[2025-01-28T22:09:29.895+0000] {logging_mixin.py:190} INFO - [2025-01-28T22:09:29.895+0000] {override.py:1911} INFO - Created Permission View: can create on DAG Run:example_task_group
[2025-01-28T22:09:29.904+0000] {logging_mixin.py:190} INFO - [2025-01-28T22:09:29.904+0000] {override.py:1911} INFO - Created Permission View: can delete on DAG Run:example_task_group
[2025-01-28T22:09:29.915+0000] {logging_mixin.py:190} INFO - [2025-01-28T22:09:29.914+0000] {override.py:1911} INFO - Created Permission View: menu access on DAG Run:example_task_group
[2025-01-28T22:09:29.925+0000] {logging_mixin.py:190} INFO - [2025-01-28T22:09:29.925+0000] {override.py:1911} INFO - Created Permission View: can read on DAG Run:example_task_group
[2025-01-28T22:09:29.926+0000] {logging_mixin.py:190} INFO - [2025-01-28T22:09:29.925+0000] {dag.py:3239} INFO - Sync 1 DAGs
[2025-01-28T22:09:29.940+0000] {logging_mixin.py:190} INFO - [2025-01-28T22:09:29.940+0000] {dag.py:3262} INFO - Creating ORM DAG for example_task_group
[2025-01-28T22:09:29.941+0000] {logging_mixin.py:190} INFO - [2025-01-28T22:09:29.941+0000] {dag.py:4180} INFO - Setting next_dagrun for example_task_group to None, run_after=None
[2025-01-28T22:09:29.961+0000] {processor.py:208} INFO - Processing /home/airflow/.local/lib/python3.12/site-packages/airflow/example_dags/example_task_group.py took 0.242 seconds
[2025-01-28T22:10:00.039+0000] {processor.py:186} INFO - Started process (PID=187) to work on /home/airflow/.local/lib/python3.12/site-packages/airflow/example_dags/example_task_group.py
[2025-01-28T22:10:00.040+0000] {processor.py:914} INFO - Processing file /home/airflow/.local/lib/python3.12/site-packages/airflow/example_dags/example_task_group.py for tasks to queue
[2025-01-28T22:10:00.043+0000] {logging_mixin.py:190} INFO - [2025-01-28T22:10:00.043+0000] {dagbag.py:588} INFO - Filling up the DagBag from /home/airflow/.local/lib/python3.12/site-packages/airflow/example_dags/example_task_group.py
[2025-01-28T22:10:00.053+0000] {processor.py:925} INFO - DAG(s) 'example_task_group' retrieved from /home/airflow/.local/lib/python3.12/site-packages/airflow/example_dags/example_task_group.py
[2025-01-28T22:10:00.077+0000] {logging_mixin.py:190} INFO - [2025-01-28T22:10:00.077+0000] {dag.py:3239} INFO - Sync 1 DAGs
[2025-01-28T22:10:00.094+0000] {logging_mixin.py:190} INFO - [2025-01-28T22:10:00.094+0000] {dag.py:4180} INFO - Setting next_dagrun for example_task_group to None, run_after=None
[2025-01-28T22:10:00.118+0000] {processor.py:208} INFO - Processing /home/airflow/.local/lib/python3.12/site-packages/airflow/example_dags/example_task_group.py took 0.088 seconds
[2025-01-28T22:10:30.858+0000] {processor.py:186} INFO - Started process (PID=250) to work on /home/airflow/.local/lib/python3.12/site-packages/airflow/example_dags/example_task_group.py
[2025-01-28T22:10:30.860+0000] {processor.py:914} INFO - Processing file /home/airflow/.local/lib/python3.12/site-packages/airflow/example_dags/example_task_group.py for tasks to queue
[2025-01-28T22:10:30.863+0000] {logging_mixin.py:190} INFO - [2025-01-28T22:10:30.862+0000] {dagbag.py:588} INFO - Filling up the DagBag from /home/airflow/.local/lib/python3.12/site-packages/airflow/example_dags/example_task_group.py
[2025-01-28T22:10:30.872+0000] {processor.py:925} INFO - DAG(s) 'example_task_group' retrieved from /home/airflow/.local/lib/python3.12/site-packages/airflow/example_dags/example_task_group.py
[2025-01-28T22:10:30.897+0000] {logging_mixin.py:190} INFO - [2025-01-28T22:10:30.897+0000] {dag.py:3239} INFO - Sync 1 DAGs
[2025-01-28T22:10:30.913+0000] {logging_mixin.py:190} INFO - [2025-01-28T22:10:30.913+0000] {dag.py:4180} INFO - Setting next_dagrun for example_task_group to None, run_after=None
[2025-01-28T22:10:30.936+0000] {processor.py:208} INFO - Processing /home/airflow/.local/lib/python3.12/site-packages/airflow/example_dags/example_task_group.py took 0.084 seconds
[2025-01-28T22:11:01.619+0000] {processor.py:186} INFO - Started process (PID=313) to work on /home/airflow/.local/lib/python3.12/site-packages/airflow/example_dags/example_task_group.py
[2025-01-28T22:11:01.621+0000] {processor.py:914} INFO - Processing file /home/airflow/.local/lib/python3.12/site-packages/airflow/example_dags/example_task_group.py for tasks to queue
[2025-01-28T22:11:01.624+0000] {logging_mixin.py:190} INFO - [2025-01-28T22:11:01.623+0000] {dagbag.py:588} INFO - Filling up the DagBag from /home/airflow/.local/lib/python3.12/site-packages/airflow/example_dags/example_task_group.py
[2025-01-28T22:11:01.633+0000] {processor.py:925} INFO - DAG(s) 'example_task_group' retrieved from /home/airflow/.local/lib/python3.12/site-packages/airflow/example_dags/example_task_group.py
[2025-01-28T22:11:01.658+0000] {logging_mixin.py:190} INFO - [2025-01-28T22:11:01.657+0000] {dag.py:3239} INFO - Sync 1 DAGs
[2025-01-28T22:11:01.674+0000] {logging_mixin.py:190} INFO - [2025-01-28T22:11:01.674+0000] {dag.py:4180} INFO - Setting next_dagrun for example_task_group to None, run_after=None
[2025-01-28T22:11:01.703+0000] {processor.py:208} INFO - Processing /home/airflow/.local/lib/python3.12/site-packages/airflow/example_dags/example_task_group.py took 0.090 seconds
[2025-01-28T22:11:33.328+0000] {processor.py:186} INFO - Started process (PID=376) to work on /home/airflow/.local/lib/python3.12/site-packages/airflow/example_dags/example_task_group.py
[2025-01-28T22:11:33.329+0000] {processor.py:914} INFO - Processing file /home/airflow/.local/lib/python3.12/site-packages/airflow/example_dags/example_task_group.py for tasks to queue
[2025-01-28T22:11:33.334+0000] {logging_mixin.py:190} INFO - [2025-01-28T22:11:33.333+0000] {dagbag.py:588} INFO - Filling up the DagBag from /home/airflow/.local/lib/python3.12/site-packages/airflow/example_dags/example_task_group.py
[2025-01-28T22:11:33.343+0000] {processor.py:925} INFO - DAG(s) 'example_task_group' retrieved from /home/airflow/.local/lib/python3.12/site-packages/airflow/example_dags/example_task_group.py
[2025-01-28T22:11:33.365+0000] {logging_mixin.py:190} INFO - [2025-01-28T22:11:33.365+0000] {dag.py:3239} INFO - Sync 1 DAGs
[2025-01-28T22:11:33.382+0000] {logging_mixin.py:190} INFO - [2025-01-28T22:11:33.381+0000] {dag.py:4180} INFO - Setting next_dagrun for example_task_group to None, run_after=None
[2025-01-28T22:11:33.405+0000] {processor.py:208} INFO - Processing /home/airflow/.local/lib/python3.12/site-packages/airflow/example_dags/example_task_group.py took 0.084 seconds
[2025-01-28T22:12:04.047+0000] {processor.py:186} INFO - Started process (PID=439) to work on /home/airflow/.local/lib/python3.12/site-packages/airflow/example_dags/example_task_group.py
[2025-01-28T22:12:04.049+0000] {processor.py:914} INFO - Processing file /home/airflow/.local/lib/python3.12/site-packages/airflow/example_dags/example_task_group.py for tasks to queue
[2025-01-28T22:12:04.052+0000] {logging_mixin.py:190} INFO - [2025-01-28T22:12:04.051+0000] {dagbag.py:588} INFO - Filling up the DagBag from /home/airflow/.local/lib/python3.12/site-packages/airflow/example_dags/example_task_group.py
[2025-01-28T22:12:04.063+0000] {processor.py:925} INFO - DAG(s) 'example_task_group' retrieved from /home/airflow/.local/lib/python3.12/site-packages/airflow/example_dags/example_task_group.py
[2025-01-28T22:12:04.088+0000] {logging_mixin.py:190} INFO - [2025-01-28T22:12:04.088+0000] {dag.py:3239} INFO - Sync 1 DAGs
[2025-01-28T22:12:04.106+0000] {logging_mixin.py:190} INFO - [2025-01-28T22:12:04.105+0000] {dag.py:4180} INFO - Setting next_dagrun for example_task_group to None, run_after=None
[2025-01-28T22:12:04.129+0000] {processor.py:208} INFO - Processing /home/airflow/.local/lib/python3.12/site-packages/airflow/example_dags/example_task_group.py took 0.089 seconds
[2025-01-28T22:12:35.113+0000] {processor.py:186} INFO - Started process (PID=502) to work on /home/airflow/.local/lib/python3.12/site-packages/airflow/example_dags/example_task_group.py
[2025-01-28T22:12:35.114+0000] {processor.py:914} INFO - Processing file /home/airflow/.local/lib/python3.12/site-packages/airflow/example_dags/example_task_group.py for tasks to queue
[2025-01-28T22:12:35.117+0000] {logging_mixin.py:190} INFO - [2025-01-28T22:12:35.117+0000] {dagbag.py:588} INFO - Filling up the DagBag from /home/airflow/.local/lib/python3.12/site-packages/airflow/example_dags/example_task_group.py
[2025-01-28T22:12:35.127+0000] {processor.py:925} INFO - DAG(s) 'example_task_group' retrieved from /home/airflow/.local/lib/python3.12/site-packages/airflow/example_dags/example_task_group.py
[2025-01-28T22:12:35.150+0000] {logging_mixin.py:190} INFO - [2025-01-28T22:12:35.150+0000] {dag.py:3239} INFO - Sync 1 DAGs
[2025-01-28T22:12:35.166+0000] {logging_mixin.py:190} INFO - [2025-01-28T22:12:35.166+0000] {dag.py:4180} INFO - Setting next_dagrun for example_task_group to None, run_after=None
[2025-01-28T22:12:35.190+0000] {processor.py:208} INFO - Processing /home/airflow/.local/lib/python3.12/site-packages/airflow/example_dags/example_task_group.py took 0.083 seconds
[2025-01-28T22:13:07.150+0000] {processor.py:186} INFO - Started process (PID=565) to work on /home/airflow/.local/lib/python3.12/site-packages/airflow/example_dags/example_task_group.py
[2025-01-28T22:13:07.152+0000] {processor.py:914} INFO - Processing file /home/airflow/.local/lib/python3.12/site-packages/airflow/example_dags/example_task_group.py for tasks to queue
[2025-01-28T22:13:07.155+0000] {logging_mixin.py:190} INFO - [2025-01-28T22:13:07.155+0000] {dagbag.py:588} INFO - Filling up the DagBag from /home/airflow/.local/lib/python3.12/site-packages/airflow/example_dags/example_task_group.py
[2025-01-28T22:13:07.177+0000] {processor.py:925} INFO - DAG(s) 'example_task_group' retrieved from /home/airflow/.local/lib/python3.12/site-packages/airflow/example_dags/example_task_group.py
[2025-01-28T22:13:07.203+0000] {logging_mixin.py:190} INFO - [2025-01-28T22:13:07.202+0000] {dag.py:3239} INFO - Sync 1 DAGs
[2025-01-28T22:13:07.218+0000] {logging_mixin.py:190} INFO - [2025-01-28T22:13:07.218+0000] {dag.py:4180} INFO - Setting next_dagrun for example_task_group to None, run_after=None
[2025-01-28T22:13:07.277+0000] {processor.py:208} INFO - Processing /home/airflow/.local/lib/python3.12/site-packages/airflow/example_dags/example_task_group.py took 0.134 seconds
[2025-01-28T22:13:38.172+0000] {processor.py:186} INFO - Started process (PID=628) to work on /home/airflow/.local/lib/python3.12/site-packages/airflow/example_dags/example_task_group.py
[2025-01-28T22:13:38.174+0000] {processor.py:914} INFO - Processing file /home/airflow/.local/lib/python3.12/site-packages/airflow/example_dags/example_task_group.py for tasks to queue
[2025-01-28T22:13:38.178+0000] {logging_mixin.py:190} INFO - [2025-01-28T22:13:38.177+0000] {dagbag.py:588} INFO - Filling up the DagBag from /home/airflow/.local/lib/python3.12/site-packages/airflow/example_dags/example_task_group.py
[2025-01-28T22:13:38.188+0000] {processor.py:925} INFO - DAG(s) 'example_task_group' retrieved from /home/airflow/.local/lib/python3.12/site-packages/airflow/example_dags/example_task_group.py
[2025-01-28T22:13:38.211+0000] {logging_mixin.py:190} INFO - [2025-01-28T22:13:38.211+0000] {dag.py:3239} INFO - Sync 1 DAGs
[2025-01-28T22:13:38.229+0000] {logging_mixin.py:190} INFO - [2025-01-28T22:13:38.229+0000] {dag.py:4180} INFO - Setting next_dagrun for example_task_group to None, run_after=None
[2025-01-28T22:13:38.264+0000] {processor.py:208} INFO - Processing /home/airflow/.local/lib/python3.12/site-packages/airflow/example_dags/example_task_group.py took 0.098 seconds
[2025-01-28T22:14:09.303+0000] {processor.py:186} INFO - Started process (PID=691) to work on /home/airflow/.local/lib/python3.12/site-packages/airflow/example_dags/example_task_group.py
[2025-01-28T22:14:09.304+0000] {processor.py:914} INFO - Processing file /home/airflow/.local/lib/python3.12/site-packages/airflow/example_dags/example_task_group.py for tasks to queue
[2025-01-28T22:14:09.308+0000] {logging_mixin.py:190} INFO - [2025-01-28T22:14:09.307+0000] {dagbag.py:588} INFO - Filling up the DagBag from /home/airflow/.local/lib/python3.12/site-packages/airflow/example_dags/example_task_group.py
[2025-01-28T22:14:09.320+0000] {processor.py:925} INFO - DAG(s) 'example_task_group' retrieved from /home/airflow/.local/lib/python3.12/site-packages/airflow/example_dags/example_task_group.py
[2025-01-28T22:14:09.346+0000] {logging_mixin.py:190} INFO - [2025-01-28T22:14:09.346+0000] {dag.py:3239} INFO - Sync 1 DAGs
[2025-01-28T22:14:09.365+0000] {logging_mixin.py:190} INFO - [2025-01-28T22:14:09.365+0000] {dag.py:4180} INFO - Setting next_dagrun for example_task_group to None, run_after=None
[2025-01-28T22:14:09.390+0000] {processor.py:208} INFO - Processing /home/airflow/.local/lib/python3.12/site-packages/airflow/example_dags/example_task_group.py took 0.095 seconds
[2025-01-28T22:14:39.651+0000] {processor.py:186} INFO - Started process (PID=754) to work on /home/airflow/.local/lib/python3.12/site-packages/airflow/example_dags/example_task_group.py
[2025-01-28T22:14:39.654+0000] {processor.py:914} INFO - Processing file /home/airflow/.local/lib/python3.12/site-packages/airflow/example_dags/example_task_group.py for tasks to queue
[2025-01-28T22:14:39.657+0000] {logging_mixin.py:190} INFO - [2025-01-28T22:14:39.656+0000] {dagbag.py:588} INFO - Filling up the DagBag from /home/airflow/.local/lib/python3.12/site-packages/airflow/example_dags/example_task_group.py
[2025-01-28T22:14:39.666+0000] {processor.py:925} INFO - DAG(s) 'example_task_group' retrieved from /home/airflow/.local/lib/python3.12/site-packages/airflow/example_dags/example_task_group.py
[2025-01-28T22:14:39.693+0000] {logging_mixin.py:190} INFO - [2025-01-28T22:14:39.692+0000] {dag.py:3239} INFO - Sync 1 DAGs
[2025-01-28T22:14:39.709+0000] {logging_mixin.py:190} INFO - [2025-01-28T22:14:39.709+0000] {dag.py:4180} INFO - Setting next_dagrun for example_task_group to None, run_after=None
[2025-01-28T22:14:39.733+0000] {processor.py:208} INFO - Processing /home/airflow/.local/lib/python3.12/site-packages/airflow/example_dags/example_task_group.py took 0.088 seconds
[2025-01-28T22:15:11.497+0000] {processor.py:186} INFO - Started process (PID=817) to work on /home/airflow/.local/lib/python3.12/site-packages/airflow/example_dags/example_task_group.py
[2025-01-28T22:15:11.499+0000] {processor.py:914} INFO - Processing file /home/airflow/.local/lib/python3.12/site-packages/airflow/example_dags/example_task_group.py for tasks to queue
[2025-01-28T22:15:11.502+0000] {logging_mixin.py:190} INFO - [2025-01-28T22:15:11.501+0000] {dagbag.py:588} INFO - Filling up the DagBag from /home/airflow/.local/lib/python3.12/site-packages/airflow/example_dags/example_task_group.py
[2025-01-28T22:15:11.513+0000] {processor.py:925} INFO - DAG(s) 'example_task_group' retrieved from /home/airflow/.local/lib/python3.12/site-packages/airflow/example_dags/example_task_group.py
[2025-01-28T22:15:11.538+0000] {logging_mixin.py:190} INFO - [2025-01-28T22:15:11.538+0000] {dag.py:3239} INFO - Sync 1 DAGs
[2025-01-28T22:15:11.556+0000] {logging_mixin.py:190} INFO - [2025-01-28T22:15:11.556+0000] {dag.py:4180} INFO - Setting next_dagrun for example_task_group to None, run_after=None
[2025-01-28T22:15:11.578+0000] {processor.py:208} INFO - Processing /home/airflow/.local/lib/python3.12/site-packages/airflow/example_dags/example_task_group.py took 0.087 seconds
[2025-01-28T22:15:43.048+0000] {processor.py:186} INFO - Started process (PID=880) to work on /home/airflow/.local/lib/python3.12/site-packages/airflow/example_dags/example_task_group.py
[2025-01-28T22:15:43.050+0000] {processor.py:914} INFO - Processing file /home/airflow/.local/lib/python3.12/site-packages/airflow/example_dags/example_task_group.py for tasks to queue
[2025-01-28T22:15:43.053+0000] {logging_mixin.py:190} INFO - [2025-01-28T22:15:43.052+0000] {dagbag.py:588} INFO - Filling up the DagBag from /home/airflow/.local/lib/python3.12/site-packages/airflow/example_dags/example_task_group.py
[2025-01-28T22:15:43.063+0000] {processor.py:925} INFO - DAG(s) 'example_task_group' retrieved from /home/airflow/.local/lib/python3.12/site-packages/airflow/example_dags/example_task_group.py
[2025-01-28T22:15:43.091+0000] {logging_mixin.py:190} INFO - [2025-01-28T22:15:43.090+0000] {dag.py:3239} INFO - Sync 1 DAGs
[2025-01-28T22:15:43.108+0000] {logging_mixin.py:190} INFO - [2025-01-28T22:15:43.108+0000] {dag.py:4180} INFO - Setting next_dagrun for example_task_group to None, run_after=None
[2025-01-28T22:15:43.135+0000] {processor.py:208} INFO - Processing /home/airflow/.local/lib/python3.12/site-packages/airflow/example_dags/example_task_group.py took 0.093 seconds
[2025-01-28T22:16:14.539+0000] {processor.py:186} INFO - Started process (PID=944) to work on /home/airflow/.local/lib/python3.12/site-packages/airflow/example_dags/example_task_group.py
[2025-01-28T22:16:14.540+0000] {processor.py:914} INFO - Processing file /home/airflow/.local/lib/python3.12/site-packages/airflow/example_dags/example_task_group.py for tasks to queue
[2025-01-28T22:16:14.543+0000] {logging_mixin.py:190} INFO - [2025-01-28T22:16:14.543+0000] {dagbag.py:588} INFO - Filling up the DagBag from /home/airflow/.local/lib/python3.12/site-packages/airflow/example_dags/example_task_group.py
[2025-01-28T22:16:14.553+0000] {processor.py:925} INFO - DAG(s) 'example_task_group' retrieved from /home/airflow/.local/lib/python3.12/site-packages/airflow/example_dags/example_task_group.py
[2025-01-28T22:16:14.579+0000] {logging_mixin.py:190} INFO - [2025-01-28T22:16:14.579+0000] {dag.py:3239} INFO - Sync 1 DAGs
[2025-01-28T22:16:14.597+0000] {logging_mixin.py:190} INFO - [2025-01-28T22:16:14.597+0000] {dag.py:4180} INFO - Setting next_dagrun for example_task_group to None, run_after=None
[2025-01-28T22:16:14.654+0000] {processor.py:208} INFO - Processing /home/airflow/.local/lib/python3.12/site-packages/airflow/example_dags/example_task_group.py took 0.122 seconds
[2025-01-28T22:16:46.433+0000] {processor.py:186} INFO - Started process (PID=1007) to work on /home/airflow/.local/lib/python3.12/site-packages/airflow/example_dags/example_task_group.py
[2025-01-28T22:16:46.435+0000] {processor.py:914} INFO - Processing file /home/airflow/.local/lib/python3.12/site-packages/airflow/example_dags/example_task_group.py for tasks to queue
[2025-01-28T22:16:46.437+0000] {logging_mixin.py:190} INFO - [2025-01-28T22:16:46.437+0000] {dagbag.py:588} INFO - Filling up the DagBag from /home/airflow/.local/lib/python3.12/site-packages/airflow/example_dags/example_task_group.py
[2025-01-28T22:16:46.447+0000] {processor.py:925} INFO - DAG(s) 'example_task_group' retrieved from /home/airflow/.local/lib/python3.12/site-packages/airflow/example_dags/example_task_group.py
[2025-01-28T22:16:46.471+0000] {logging_mixin.py:190} INFO - [2025-01-28T22:16:46.471+0000] {dag.py:3239} INFO - Sync 1 DAGs
[2025-01-28T22:16:46.487+0000] {logging_mixin.py:190} INFO - [2025-01-28T22:16:46.487+0000] {dag.py:4180} INFO - Setting next_dagrun for example_task_group to None, run_after=None
[2025-01-28T22:16:46.520+0000] {processor.py:208} INFO - Processing /home/airflow/.local/lib/python3.12/site-packages/airflow/example_dags/example_task_group.py took 0.092 seconds
[2025-01-28T22:17:18.044+0000] {processor.py:186} INFO - Started process (PID=1070) to work on /home/airflow/.local/lib/python3.12/site-packages/airflow/example_dags/example_task_group.py
[2025-01-28T22:17:18.045+0000] {processor.py:914} INFO - Processing file /home/airflow/.local/lib/python3.12/site-packages/airflow/example_dags/example_task_group.py for tasks to queue
[2025-01-28T22:17:18.048+0000] {logging_mixin.py:190} INFO - [2025-01-28T22:17:18.048+0000] {dagbag.py:588} INFO - Filling up the DagBag from /home/airflow/.local/lib/python3.12/site-packages/airflow/example_dags/example_task_group.py
[2025-01-28T22:17:18.057+0000] {processor.py:925} INFO - DAG(s) 'example_task_group' retrieved from /home/airflow/.local/lib/python3.12/site-packages/airflow/example_dags/example_task_group.py
[2025-01-28T22:17:18.080+0000] {logging_mixin.py:190} INFO - [2025-01-28T22:17:18.079+0000] {dag.py:3239} INFO - Sync 1 DAGs
[2025-01-28T22:17:18.095+0000] {logging_mixin.py:190} INFO - [2025-01-28T22:17:18.095+0000] {dag.py:4180} INFO - Setting next_dagrun for example_task_group to None, run_after=None
[2025-01-28T22:17:18.117+0000] {processor.py:208} INFO - Processing /home/airflow/.local/lib/python3.12/site-packages/airflow/example_dags/example_task_group.py took 0.079 seconds
[2025-01-28T22:17:49.234+0000] {processor.py:186} INFO - Started process (PID=1133) to work on /home/airflow/.local/lib/python3.12/site-packages/airflow/example_dags/example_task_group.py
[2025-01-28T22:17:49.236+0000] {processor.py:914} INFO - Processing file /home/airflow/.local/lib/python3.12/site-packages/airflow/example_dags/example_task_group.py for tasks to queue
[2025-01-28T22:17:49.239+0000] {logging_mixin.py:190} INFO - [2025-01-28T22:17:49.238+0000] {dagbag.py:588} INFO - Filling up the DagBag from /home/airflow/.local/lib/python3.12/site-packages/airflow/example_dags/example_task_group.py
[2025-01-28T22:17:49.249+0000] {processor.py:925} INFO - DAG(s) 'example_task_group' retrieved from /home/airflow/.local/lib/python3.12/site-packages/airflow/example_dags/example_task_group.py
[2025-01-28T22:17:49.273+0000] {logging_mixin.py:190} INFO - [2025-01-28T22:17:49.273+0000] {dag.py:3239} INFO - Sync 1 DAGs
[2025-01-28T22:17:49.289+0000] {logging_mixin.py:190} INFO - [2025-01-28T22:17:49.288+0000] {dag.py:4180} INFO - Setting next_dagrun for example_task_group to None, run_after=None
[2025-01-28T22:17:49.312+0000] {processor.py:208} INFO - Processing /home/airflow/.local/lib/python3.12/site-packages/airflow/example_dags/example_task_group.py took 0.085 seconds
[2025-01-28T22:18:20.927+0000] {processor.py:186} INFO - Started process (PID=1196) to work on /home/airflow/.local/lib/python3.12/site-packages/airflow/example_dags/example_task_group.py
[2025-01-28T22:18:20.929+0000] {processor.py:914} INFO - Processing file /home/airflow/.local/lib/python3.12/site-packages/airflow/example_dags/example_task_group.py for tasks to queue
[2025-01-28T22:18:20.931+0000] {logging_mixin.py:190} INFO - [2025-01-28T22:18:20.931+0000] {dagbag.py:588} INFO - Filling up the DagBag from /home/airflow/.local/lib/python3.12/site-packages/airflow/example_dags/example_task_group.py
[2025-01-28T22:18:20.941+0000] {processor.py:925} INFO - DAG(s) 'example_task_group' retrieved from /home/airflow/.local/lib/python3.12/site-packages/airflow/example_dags/example_task_group.py
[2025-01-28T22:18:20.965+0000] {logging_mixin.py:190} INFO - [2025-01-28T22:18:20.965+0000] {dag.py:3239} INFO - Sync 1 DAGs
[2025-01-28T22:18:20.981+0000] {logging_mixin.py:190} INFO - [2025-01-28T22:18:20.981+0000] {dag.py:4180} INFO - Setting next_dagrun for example_task_group to None, run_after=None
[2025-01-28T22:18:21.006+0000] {processor.py:208} INFO - Processing /home/airflow/.local/lib/python3.12/site-packages/airflow/example_dags/example_task_group.py took 0.085 seconds
[2025-01-28T22:18:52.358+0000] {processor.py:186} INFO - Started process (PID=1259) to work on /home/airflow/.local/lib/python3.12/site-packages/airflow/example_dags/example_task_group.py
[2025-01-28T22:18:52.360+0000] {processor.py:914} INFO - Processing file /home/airflow/.local/lib/python3.12/site-packages/airflow/example_dags/example_task_group.py for tasks to queue
[2025-01-28T22:18:52.363+0000] {logging_mixin.py:190} INFO - [2025-01-28T22:18:52.363+0000] {dagbag.py:588} INFO - Filling up the DagBag from /home/airflow/.local/lib/python3.12/site-packages/airflow/example_dags/example_task_group.py
[2025-01-28T22:18:52.373+0000] {processor.py:925} INFO - DAG(s) 'example_task_group' retrieved from /home/airflow/.local/lib/python3.12/site-packages/airflow/example_dags/example_task_group.py
[2025-01-28T22:18:52.398+0000] {logging_mixin.py:190} INFO - [2025-01-28T22:18:52.398+0000] {dag.py:3239} INFO - Sync 1 DAGs
[2025-01-28T22:18:52.416+0000] {logging_mixin.py:190} INFO - [2025-01-28T22:18:52.416+0000] {dag.py:4180} INFO - Setting next_dagrun for example_task_group to None, run_after=None
[2025-01-28T22:18:52.441+0000] {processor.py:208} INFO - Processing /home/airflow/.local/lib/python3.12/site-packages/airflow/example_dags/example_task_group.py took 0.089 seconds
[2025-01-28T22:19:23.769+0000] {processor.py:186} INFO - Started process (PID=1322) to work on /home/airflow/.local/lib/python3.12/site-packages/airflow/example_dags/example_task_group.py
[2025-01-28T22:19:23.773+0000] {processor.py:914} INFO - Processing file /home/airflow/.local/lib/python3.12/site-packages/airflow/example_dags/example_task_group.py for tasks to queue
[2025-01-28T22:19:23.776+0000] {logging_mixin.py:190} INFO - [2025-01-28T22:19:23.776+0000] {dagbag.py:588} INFO - Filling up the DagBag from /home/airflow/.local/lib/python3.12/site-packages/airflow/example_dags/example_task_group.py
[2025-01-28T22:19:23.787+0000] {processor.py:925} INFO - DAG(s) 'example_task_group' retrieved from /home/airflow/.local/lib/python3.12/site-packages/airflow/example_dags/example_task_group.py
[2025-01-28T22:19:23.812+0000] {logging_mixin.py:190} INFO - [2025-01-28T22:19:23.812+0000] {dag.py:3239} INFO - Sync 1 DAGs
[2025-01-28T22:19:23.829+0000] {logging_mixin.py:190} INFO - [2025-01-28T22:19:23.828+0000] {dag.py:4180} INFO - Setting next_dagrun for example_task_group to None, run_after=None
[2025-01-28T22:19:23.853+0000] {processor.py:208} INFO - Processing /home/airflow/.local/lib/python3.12/site-packages/airflow/example_dags/example_task_group.py took 0.091 seconds
[2025-01-28T22:19:54.502+0000] {processor.py:186} INFO - Started process (PID=1385) to work on /home/airflow/.local/lib/python3.12/site-packages/airflow/example_dags/example_task_group.py
[2025-01-28T22:19:54.503+0000] {processor.py:914} INFO - Processing file /home/airflow/.local/lib/python3.12/site-packages/airflow/example_dags/example_task_group.py for tasks to queue
[2025-01-28T22:19:54.506+0000] {logging_mixin.py:190} INFO - [2025-01-28T22:19:54.506+0000] {dagbag.py:588} INFO - Filling up the DagBag from /home/airflow/.local/lib/python3.12/site-packages/airflow/example_dags/example_task_group.py
[2025-01-28T22:19:54.516+0000] {processor.py:925} INFO - DAG(s) 'example_task_group' retrieved from /home/airflow/.local/lib/python3.12/site-packages/airflow/example_dags/example_task_group.py
[2025-01-28T22:19:54.542+0000] {logging_mixin.py:190} INFO - [2025-01-28T22:19:54.542+0000] {dag.py:3239} INFO - Sync 1 DAGs
[2025-01-28T22:19:54.558+0000] {logging_mixin.py:190} INFO - [2025-01-28T22:19:54.558+0000] {dag.py:4180} INFO - Setting next_dagrun for example_task_group to None, run_after=None
[2025-01-28T22:19:54.582+0000] {processor.py:208} INFO - Processing /home/airflow/.local/lib/python3.12/site-packages/airflow/example_dags/example_task_group.py took 0.087 seconds
[2025-01-28T22:20:25.703+0000] {processor.py:186} INFO - Started process (PID=1448) to work on /home/airflow/.local/lib/python3.12/site-packages/airflow/example_dags/example_task_group.py
[2025-01-28T22:20:25.705+0000] {processor.py:914} INFO - Processing file /home/airflow/.local/lib/python3.12/site-packages/airflow/example_dags/example_task_group.py for tasks to queue
[2025-01-28T22:20:25.708+0000] {logging_mixin.py:190} INFO - [2025-01-28T22:20:25.707+0000] {dagbag.py:588} INFO - Filling up the DagBag from /home/airflow/.local/lib/python3.12/site-packages/airflow/example_dags/example_task_group.py
[2025-01-28T22:20:25.718+0000] {processor.py:925} INFO - DAG(s) 'example_task_group' retrieved from /home/airflow/.local/lib/python3.12/site-packages/airflow/example_dags/example_task_group.py
[2025-01-28T22:20:25.743+0000] {logging_mixin.py:190} INFO - [2025-01-28T22:20:25.742+0000] {dag.py:3239} INFO - Sync 1 DAGs
[2025-01-28T22:20:25.759+0000] {logging_mixin.py:190} INFO - [2025-01-28T22:20:25.758+0000] {dag.py:4180} INFO - Setting next_dagrun for example_task_group to None, run_after=None
[2025-01-28T22:20:25.780+0000] {processor.py:208} INFO - Processing /home/airflow/.local/lib/python3.12/site-packages/airflow/example_dags/example_task_group.py took 0.083 seconds
[2025-01-28T22:20:57.414+0000] {processor.py:186} INFO - Started process (PID=1511) to work on /home/airflow/.local/lib/python3.12/site-packages/airflow/example_dags/example_task_group.py
[2025-01-28T22:20:57.417+0000] {processor.py:914} INFO - Processing file /home/airflow/.local/lib/python3.12/site-packages/airflow/example_dags/example_task_group.py for tasks to queue
[2025-01-28T22:20:57.420+0000] {logging_mixin.py:190} INFO - [2025-01-28T22:20:57.419+0000] {dagbag.py:588} INFO - Filling up the DagBag from /home/airflow/.local/lib/python3.12/site-packages/airflow/example_dags/example_task_group.py
[2025-01-28T22:20:57.431+0000] {processor.py:925} INFO - DAG(s) 'example_task_group' retrieved from /home/airflow/.local/lib/python3.12/site-packages/airflow/example_dags/example_task_group.py
[2025-01-28T22:20:57.457+0000] {logging_mixin.py:190} INFO - [2025-01-28T22:20:57.457+0000] {dag.py:3239} INFO - Sync 1 DAGs
[2025-01-28T22:20:57.473+0000] {logging_mixin.py:190} INFO - [2025-01-28T22:20:57.473+0000] {dag.py:4180} INFO - Setting next_dagrun for example_task_group to None, run_after=None
[2025-01-28T22:20:57.498+0000] {processor.py:208} INFO - Processing /home/airflow/.local/lib/python3.12/site-packages/airflow/example_dags/example_task_group.py took 0.091 seconds
[2025-01-28T22:21:28.370+0000] {processor.py:186} INFO - Started process (PID=1574) to work on /home/airflow/.local/lib/python3.12/site-packages/airflow/example_dags/example_task_group.py
[2025-01-28T22:21:28.371+0000] {processor.py:914} INFO - Processing file /home/airflow/.local/lib/python3.12/site-packages/airflow/example_dags/example_task_group.py for tasks to queue
[2025-01-28T22:21:28.374+0000] {logging_mixin.py:190} INFO - [2025-01-28T22:21:28.374+0000] {dagbag.py:588} INFO - Filling up the DagBag from /home/airflow/.local/lib/python3.12/site-packages/airflow/example_dags/example_task_group.py
[2025-01-28T22:21:28.384+0000] {processor.py:925} INFO - DAG(s) 'example_task_group' retrieved from /home/airflow/.local/lib/python3.12/site-packages/airflow/example_dags/example_task_group.py
[2025-01-28T22:21:28.409+0000] {logging_mixin.py:190} INFO - [2025-01-28T22:21:28.409+0000] {dag.py:3239} INFO - Sync 1 DAGs
[2025-01-28T22:21:28.426+0000] {logging_mixin.py:190} INFO - [2025-01-28T22:21:28.426+0000] {dag.py:4180} INFO - Setting next_dagrun for example_task_group to None, run_after=None
[2025-01-28T22:21:28.461+0000] {processor.py:208} INFO - Processing /home/airflow/.local/lib/python3.12/site-packages/airflow/example_dags/example_task_group.py took 0.097 seconds
[2025-01-28T22:22:00.137+0000] {processor.py:186} INFO - Started process (PID=1638) to work on /home/airflow/.local/lib/python3.12/site-packages/airflow/example_dags/example_task_group.py
[2025-01-28T22:22:00.138+0000] {processor.py:914} INFO - Processing file /home/airflow/.local/lib/python3.12/site-packages/airflow/example_dags/example_task_group.py for tasks to queue
[2025-01-28T22:22:00.141+0000] {logging_mixin.py:190} INFO - [2025-01-28T22:22:00.141+0000] {dagbag.py:588} INFO - Filling up the DagBag from /home/airflow/.local/lib/python3.12/site-packages/airflow/example_dags/example_task_group.py
[2025-01-28T22:22:00.151+0000] {processor.py:925} INFO - DAG(s) 'example_task_group' retrieved from /home/airflow/.local/lib/python3.12/site-packages/airflow/example_dags/example_task_group.py
[2025-01-28T22:22:00.176+0000] {logging_mixin.py:190} INFO - [2025-01-28T22:22:00.176+0000] {dag.py:3239} INFO - Sync 1 DAGs
[2025-01-28T22:22:00.191+0000] {logging_mixin.py:190} INFO - [2025-01-28T22:22:00.191+0000] {dag.py:4180} INFO - Setting next_dagrun for example_task_group to None, run_after=None
[2025-01-28T22:22:00.227+0000] {processor.py:208} INFO - Processing /home/airflow/.local/lib/python3.12/site-packages/airflow/example_dags/example_task_group.py took 0.096 seconds
[2025-01-28T22:22:31.516+0000] {processor.py:186} INFO - Started process (PID=1701) to work on /home/airflow/.local/lib/python3.12/site-packages/airflow/example_dags/example_task_group.py
[2025-01-28T22:22:31.518+0000] {processor.py:914} INFO - Processing file /home/airflow/.local/lib/python3.12/site-packages/airflow/example_dags/example_task_group.py for tasks to queue
[2025-01-28T22:22:31.520+0000] {logging_mixin.py:190} INFO - [2025-01-28T22:22:31.520+0000] {dagbag.py:588} INFO - Filling up the DagBag from /home/airflow/.local/lib/python3.12/site-packages/airflow/example_dags/example_task_group.py
[2025-01-28T22:22:31.531+0000] {processor.py:925} INFO - DAG(s) 'example_task_group' retrieved from /home/airflow/.local/lib/python3.12/site-packages/airflow/example_dags/example_task_group.py
[2025-01-28T22:22:31.556+0000] {logging_mixin.py:190} INFO - [2025-01-28T22:22:31.556+0000] {dag.py:3239} INFO - Sync 1 DAGs
[2025-01-28T22:22:31.572+0000] {logging_mixin.py:190} INFO - [2025-01-28T22:22:31.572+0000] {dag.py:4180} INFO - Setting next_dagrun for example_task_group to None, run_after=None
[2025-01-28T22:22:31.600+0000] {processor.py:208} INFO - Processing /home/airflow/.local/lib/python3.12/site-packages/airflow/example_dags/example_task_group.py took 0.091 seconds
[2025-01-28T22:23:03.200+0000] {processor.py:186} INFO - Started process (PID=1764) to work on /home/airflow/.local/lib/python3.12/site-packages/airflow/example_dags/example_task_group.py
[2025-01-28T22:23:03.202+0000] {processor.py:914} INFO - Processing file /home/airflow/.local/lib/python3.12/site-packages/airflow/example_dags/example_task_group.py for tasks to queue
[2025-01-28T22:23:03.205+0000] {logging_mixin.py:190} INFO - [2025-01-28T22:23:03.205+0000] {dagbag.py:588} INFO - Filling up the DagBag from /home/airflow/.local/lib/python3.12/site-packages/airflow/example_dags/example_task_group.py
[2025-01-28T22:23:03.220+0000] {processor.py:925} INFO - DAG(s) 'example_task_group' retrieved from /home/airflow/.local/lib/python3.12/site-packages/airflow/example_dags/example_task_group.py
[2025-01-28T22:23:03.247+0000] {logging_mixin.py:190} INFO - [2025-01-28T22:23:03.247+0000] {dag.py:3239} INFO - Sync 1 DAGs
[2025-01-28T22:23:03.264+0000] {logging_mixin.py:190} INFO - [2025-01-28T22:23:03.264+0000] {dag.py:4180} INFO - Setting next_dagrun for example_task_group to None, run_after=None
[2025-01-28T22:23:03.292+0000] {processor.py:208} INFO - Processing /home/airflow/.local/lib/python3.12/site-packages/airflow/example_dags/example_task_group.py took 0.098 seconds
[2025-01-28T22:23:33.579+0000] {processor.py:186} INFO - Started process (PID=1826) to work on /home/airflow/.local/lib/python3.12/site-packages/airflow/example_dags/example_task_group.py
[2025-01-28T22:23:33.580+0000] {processor.py:914} INFO - Processing file /home/airflow/.local/lib/python3.12/site-packages/airflow/example_dags/example_task_group.py for tasks to queue
[2025-01-28T22:23:33.583+0000] {logging_mixin.py:190} INFO - [2025-01-28T22:23:33.582+0000] {dagbag.py:588} INFO - Filling up the DagBag from /home/airflow/.local/lib/python3.12/site-packages/airflow/example_dags/example_task_group.py
[2025-01-28T22:23:33.592+0000] {processor.py:925} INFO - DAG(s) 'example_task_group' retrieved from /home/airflow/.local/lib/python3.12/site-packages/airflow/example_dags/example_task_group.py
[2025-01-28T22:23:33.616+0000] {logging_mixin.py:190} INFO - [2025-01-28T22:23:33.615+0000] {dag.py:3239} INFO - Sync 1 DAGs
[2025-01-28T22:23:33.633+0000] {logging_mixin.py:190} INFO - [2025-01-28T22:23:33.633+0000] {dag.py:4180} INFO - Setting next_dagrun for example_task_group to None, run_after=None
[2025-01-28T22:23:33.661+0000] {processor.py:208} INFO - Processing /home/airflow/.local/lib/python3.12/site-packages/airflow/example_dags/example_task_group.py took 0.089 seconds
[2025-01-28T22:24:05.856+0000] {processor.py:186} INFO - Started process (PID=1890) to work on /home/airflow/.local/lib/python3.12/site-packages/airflow/example_dags/example_task_group.py
[2025-01-28T22:24:05.858+0000] {processor.py:914} INFO - Processing file /home/airflow/.local/lib/python3.12/site-packages/airflow/example_dags/example_task_group.py for tasks to queue
[2025-01-28T22:24:05.862+0000] {logging_mixin.py:190} INFO - [2025-01-28T22:24:05.862+0000] {dagbag.py:588} INFO - Filling up the DagBag from /home/airflow/.local/lib/python3.12/site-packages/airflow/example_dags/example_task_group.py
[2025-01-28T22:24:05.873+0000] {processor.py:925} INFO - DAG(s) 'example_task_group' retrieved from /home/airflow/.local/lib/python3.12/site-packages/airflow/example_dags/example_task_group.py
[2025-01-28T22:24:05.897+0000] {logging_mixin.py:190} INFO - [2025-01-28T22:24:05.897+0000] {dag.py:3239} INFO - Sync 1 DAGs
[2025-01-28T22:24:05.915+0000] {logging_mixin.py:190} INFO - [2025-01-28T22:24:05.914+0000] {dag.py:4180} INFO - Setting next_dagrun for example_task_group to None, run_after=None
[2025-01-28T22:24:05.944+0000] {processor.py:208} INFO - Processing /home/airflow/.local/lib/python3.12/site-packages/airflow/example_dags/example_task_group.py took 0.094 seconds
[2025-01-28T22:24:36.183+0000] {processor.py:186} INFO - Started process (PID=1952) to work on /home/airflow/.local/lib/python3.12/site-packages/airflow/example_dags/example_task_group.py
[2025-01-28T22:24:36.185+0000] {processor.py:914} INFO - Processing file /home/airflow/.local/lib/python3.12/site-packages/airflow/example_dags/example_task_group.py for tasks to queue
[2025-01-28T22:24:36.188+0000] {logging_mixin.py:190} INFO - [2025-01-28T22:24:36.187+0000] {dagbag.py:588} INFO - Filling up the DagBag from /home/airflow/.local/lib/python3.12/site-packages/airflow/example_dags/example_task_group.py
[2025-01-28T22:24:36.198+0000] {processor.py:925} INFO - DAG(s) 'example_task_group' retrieved from /home/airflow/.local/lib/python3.12/site-packages/airflow/example_dags/example_task_group.py
[2025-01-28T22:24:36.224+0000] {logging_mixin.py:190} INFO - [2025-01-28T22:24:36.223+0000] {dag.py:3239} INFO - Sync 1 DAGs
[2025-01-28T22:24:36.241+0000] {logging_mixin.py:190} INFO - [2025-01-28T22:24:36.240+0000] {dag.py:4180} INFO - Setting next_dagrun for example_task_group to None, run_after=None
[2025-01-28T22:24:36.264+0000] {processor.py:208} INFO - Processing /home/airflow/.local/lib/python3.12/site-packages/airflow/example_dags/example_task_group.py took 0.087 seconds
[2025-01-28T22:25:08.489+0000] {processor.py:186} INFO - Started process (PID=2016) to work on /home/airflow/.local/lib/python3.12/site-packages/airflow/example_dags/example_task_group.py
[2025-01-28T22:25:08.490+0000] {processor.py:914} INFO - Processing file /home/airflow/.local/lib/python3.12/site-packages/airflow/example_dags/example_task_group.py for tasks to queue
[2025-01-28T22:25:08.493+0000] {logging_mixin.py:190} INFO - [2025-01-28T22:25:08.493+0000] {dagbag.py:588} INFO - Filling up the DagBag from /home/airflow/.local/lib/python3.12/site-packages/airflow/example_dags/example_task_group.py
[2025-01-28T22:25:08.503+0000] {processor.py:925} INFO - DAG(s) 'example_task_group' retrieved from /home/airflow/.local/lib/python3.12/site-packages/airflow/example_dags/example_task_group.py
[2025-01-28T22:25:08.535+0000] {logging_mixin.py:190} INFO - [2025-01-28T22:25:08.535+0000] {dag.py:3239} INFO - Sync 1 DAGs
[2025-01-28T22:25:08.551+0000] {logging_mixin.py:190} INFO - [2025-01-28T22:25:08.551+0000] {dag.py:4180} INFO - Setting next_dagrun for example_task_group to None, run_after=None
[2025-01-28T22:25:08.574+0000] {processor.py:208} INFO - Processing /home/airflow/.local/lib/python3.12/site-packages/airflow/example_dags/example_task_group.py took 0.092 seconds
[2025-01-28T22:28:49.896+0000] {processor.py:186} INFO - Started process (PID=131) to work on /home/airflow/.local/lib/python3.12/site-packages/airflow/example_dags/example_task_group.py
[2025-01-28T22:28:49.898+0000] {processor.py:914} INFO - Processing file /home/airflow/.local/lib/python3.12/site-packages/airflow/example_dags/example_task_group.py for tasks to queue
[2025-01-28T22:28:49.901+0000] {logging_mixin.py:190} INFO - [2025-01-28T22:28:49.900+0000] {dagbag.py:588} INFO - Filling up the DagBag from /home/airflow/.local/lib/python3.12/site-packages/airflow/example_dags/example_task_group.py
[2025-01-28T22:28:49.911+0000] {processor.py:925} INFO - DAG(s) 'example_task_group' retrieved from /home/airflow/.local/lib/python3.12/site-packages/airflow/example_dags/example_task_group.py
[2025-01-28T22:28:49.935+0000] {logging_mixin.py:190} INFO - [2025-01-28T22:28:49.935+0000] {dag.py:3239} INFO - Sync 1 DAGs
[2025-01-28T22:28:49.951+0000] {logging_mixin.py:190} INFO - [2025-01-28T22:28:49.950+0000] {dag.py:4180} INFO - Setting next_dagrun for example_task_group to None, run_after=None
[2025-01-28T22:28:49.976+0000] {processor.py:208} INFO - Processing /home/airflow/.local/lib/python3.12/site-packages/airflow/example_dags/example_task_group.py took 0.086 seconds
[2025-01-28T22:29:20.268+0000] {processor.py:186} INFO - Started process (PID=193) to work on /home/airflow/.local/lib/python3.12/site-packages/airflow/example_dags/example_task_group.py
[2025-01-28T22:29:20.269+0000] {processor.py:914} INFO - Processing file /home/airflow/.local/lib/python3.12/site-packages/airflow/example_dags/example_task_group.py for tasks to queue
[2025-01-28T22:29:20.272+0000] {logging_mixin.py:190} INFO - [2025-01-28T22:29:20.272+0000] {dagbag.py:588} INFO - Filling up the DagBag from /home/airflow/.local/lib/python3.12/site-packages/airflow/example_dags/example_task_group.py
[2025-01-28T22:29:20.282+0000] {processor.py:925} INFO - DAG(s) 'example_task_group' retrieved from /home/airflow/.local/lib/python3.12/site-packages/airflow/example_dags/example_task_group.py
[2025-01-28T22:29:20.305+0000] {logging_mixin.py:190} INFO - [2025-01-28T22:29:20.304+0000] {dag.py:3239} INFO - Sync 1 DAGs
[2025-01-28T22:29:20.322+0000] {logging_mixin.py:190} INFO - [2025-01-28T22:29:20.322+0000] {dag.py:4180} INFO - Setting next_dagrun for example_task_group to None, run_after=None
[2025-01-28T22:29:20.347+0000] {processor.py:208} INFO - Processing /home/airflow/.local/lib/python3.12/site-packages/airflow/example_dags/example_task_group.py took 0.085 seconds
[2025-01-28T22:29:52.113+0000] {processor.py:186} INFO - Started process (PID=255) to work on /home/airflow/.local/lib/python3.12/site-packages/airflow/example_dags/example_task_group.py
[2025-01-28T22:29:52.114+0000] {processor.py:914} INFO - Processing file /home/airflow/.local/lib/python3.12/site-packages/airflow/example_dags/example_task_group.py for tasks to queue
[2025-01-28T22:29:52.117+0000] {logging_mixin.py:190} INFO - [2025-01-28T22:29:52.117+0000] {dagbag.py:588} INFO - Filling up the DagBag from /home/airflow/.local/lib/python3.12/site-packages/airflow/example_dags/example_task_group.py
[2025-01-28T22:29:52.127+0000] {processor.py:925} INFO - DAG(s) 'example_task_group' retrieved from /home/airflow/.local/lib/python3.12/site-packages/airflow/example_dags/example_task_group.py
[2025-01-28T22:29:52.150+0000] {logging_mixin.py:190} INFO - [2025-01-28T22:29:52.149+0000] {dag.py:3239} INFO - Sync 1 DAGs
[2025-01-28T22:29:52.165+0000] {logging_mixin.py:190} INFO - [2025-01-28T22:29:52.165+0000] {dag.py:4180} INFO - Setting next_dagrun for example_task_group to None, run_after=None
[2025-01-28T22:29:52.194+0000] {processor.py:208} INFO - Processing /home/airflow/.local/lib/python3.12/site-packages/airflow/example_dags/example_task_group.py took 0.087 seconds
[2025-01-28T22:30:23.338+0000] {processor.py:186} INFO - Started process (PID=318) to work on /home/airflow/.local/lib/python3.12/site-packages/airflow/example_dags/example_task_group.py
[2025-01-28T22:30:23.340+0000] {processor.py:914} INFO - Processing file /home/airflow/.local/lib/python3.12/site-packages/airflow/example_dags/example_task_group.py for tasks to queue
[2025-01-28T22:30:23.343+0000] {logging_mixin.py:190} INFO - [2025-01-28T22:30:23.343+0000] {dagbag.py:588} INFO - Filling up the DagBag from /home/airflow/.local/lib/python3.12/site-packages/airflow/example_dags/example_task_group.py
[2025-01-28T22:30:23.352+0000] {processor.py:925} INFO - DAG(s) 'example_task_group' retrieved from /home/airflow/.local/lib/python3.12/site-packages/airflow/example_dags/example_task_group.py
[2025-01-28T22:30:23.377+0000] {logging_mixin.py:190} INFO - [2025-01-28T22:30:23.377+0000] {dag.py:3239} INFO - Sync 1 DAGs
[2025-01-28T22:30:23.399+0000] {logging_mixin.py:190} INFO - [2025-01-28T22:30:23.398+0000] {dag.py:4180} INFO - Setting next_dagrun for example_task_group to None, run_after=None
[2025-01-28T22:30:23.438+0000] {processor.py:208} INFO - Processing /home/airflow/.local/lib/python3.12/site-packages/airflow/example_dags/example_task_group.py took 0.108 seconds
[2025-01-28T22:30:54.458+0000] {processor.py:186} INFO - Started process (PID=381) to work on /home/airflow/.local/lib/python3.12/site-packages/airflow/example_dags/example_task_group.py
[2025-01-28T22:30:54.459+0000] {processor.py:914} INFO - Processing file /home/airflow/.local/lib/python3.12/site-packages/airflow/example_dags/example_task_group.py for tasks to queue
[2025-01-28T22:30:54.462+0000] {logging_mixin.py:190} INFO - [2025-01-28T22:30:54.462+0000] {dagbag.py:588} INFO - Filling up the DagBag from /home/airflow/.local/lib/python3.12/site-packages/airflow/example_dags/example_task_group.py
[2025-01-28T22:30:54.472+0000] {processor.py:925} INFO - DAG(s) 'example_task_group' retrieved from /home/airflow/.local/lib/python3.12/site-packages/airflow/example_dags/example_task_group.py
[2025-01-28T22:30:54.495+0000] {logging_mixin.py:190} INFO - [2025-01-28T22:30:54.495+0000] {dag.py:3239} INFO - Sync 1 DAGs
[2025-01-28T22:30:54.512+0000] {logging_mixin.py:190} INFO - [2025-01-28T22:30:54.512+0000] {dag.py:4180} INFO - Setting next_dagrun for example_task_group to None, run_after=None
[2025-01-28T22:30:54.542+0000] {processor.py:208} INFO - Processing /home/airflow/.local/lib/python3.12/site-packages/airflow/example_dags/example_task_group.py took 0.090 seconds
