[2025-01-28T22:09:33.441+0000] {processor.py:186} INFO - Started process (PID=141) to work on /home/airflow/.local/lib/python3.12/site-packages/airflow/example_dags/example_dataset_alias_with_no_taskflow.py
[2025-01-28T22:09:33.442+0000] {processor.py:914} INFO - Processing file /home/airflow/.local/lib/python3.12/site-packages/airflow/example_dags/example_dataset_alias_with_no_taskflow.py for tasks to queue
[2025-01-28T22:09:33.445+0000] {logging_mixin.py:190} INFO - [2025-01-28T22:09:33.445+0000] {dagbag.py:588} INFO - Filling up the DagBag from /home/airflow/.local/lib/python3.12/site-packages/airflow/example_dags/example_dataset_alias_with_no_taskflow.py
[2025-01-28T22:09:34.891+0000] {processor.py:925} INFO - DAG(s) 'dataset_s3_bucket_consumer_with_no_taskflow', 'dataset_alias_example_alias_producer_with_no_taskflow', 'dataset_alias_example_alias_consumer_with_no_taskflow', 'dataset_s3_bucket_producer_with_no_taskflow' retrieved from /home/airflow/.local/lib/python3.12/site-packages/airflow/example_dags/example_dataset_alias_with_no_taskflow.py
[2025-01-28T22:09:34.994+0000] {logging_mixin.py:190} INFO - [2025-01-28T22:09:34.994+0000] {override.py:1911} INFO - Created Permission View: can delete on DAG:dataset_s3_bucket_consumer_with_no_taskflow
[2025-01-28T22:09:35.009+0000] {logging_mixin.py:190} INFO - [2025-01-28T22:09:35.008+0000] {override.py:1911} INFO - Created Permission View: can edit on DAG:dataset_s3_bucket_consumer_with_no_taskflow
[2025-01-28T22:09:35.019+0000] {logging_mixin.py:190} INFO - [2025-01-28T22:09:35.019+0000] {override.py:1911} INFO - Created Permission View: can read on DAG:dataset_s3_bucket_consumer_with_no_taskflow
[2025-01-28T22:09:35.031+0000] {logging_mixin.py:190} INFO - [2025-01-28T22:09:35.031+0000] {override.py:1911} INFO - Created Permission View: can create on DAG Run:dataset_s3_bucket_consumer_with_no_taskflow
[2025-01-28T22:09:35.040+0000] {logging_mixin.py:190} INFO - [2025-01-28T22:09:35.039+0000] {override.py:1911} INFO - Created Permission View: can delete on DAG Run:dataset_s3_bucket_consumer_with_no_taskflow
[2025-01-28T22:09:35.048+0000] {logging_mixin.py:190} INFO - [2025-01-28T22:09:35.048+0000] {override.py:1911} INFO - Created Permission View: menu access on DAG Run:dataset_s3_bucket_consumer_with_no_taskflow
[2025-01-28T22:09:35.057+0000] {logging_mixin.py:190} INFO - [2025-01-28T22:09:35.056+0000] {override.py:1911} INFO - Created Permission View: can read on DAG Run:dataset_s3_bucket_consumer_with_no_taskflow
[2025-01-28T22:09:35.075+0000] {logging_mixin.py:190} INFO - [2025-01-28T22:09:35.074+0000] {override.py:1911} INFO - Created Permission View: can delete on DAG:dataset_alias_example_alias_producer_with_no_taskflow
[2025-01-28T22:09:35.084+0000] {logging_mixin.py:190} INFO - [2025-01-28T22:09:35.083+0000] {override.py:1911} INFO - Created Permission View: can edit on DAG:dataset_alias_example_alias_producer_with_no_taskflow
[2025-01-28T22:09:35.092+0000] {logging_mixin.py:190} INFO - [2025-01-28T22:09:35.092+0000] {override.py:1911} INFO - Created Permission View: can read on DAG:dataset_alias_example_alias_producer_with_no_taskflow
[2025-01-28T22:09:35.103+0000] {logging_mixin.py:190} INFO - [2025-01-28T22:09:35.103+0000] {override.py:1911} INFO - Created Permission View: can create on DAG Run:dataset_alias_example_alias_producer_with_no_taskflow
[2025-01-28T22:09:35.112+0000] {logging_mixin.py:190} INFO - [2025-01-28T22:09:35.112+0000] {override.py:1911} INFO - Created Permission View: can delete on DAG Run:dataset_alias_example_alias_producer_with_no_taskflow
[2025-01-28T22:09:35.121+0000] {logging_mixin.py:190} INFO - [2025-01-28T22:09:35.121+0000] {override.py:1911} INFO - Created Permission View: menu access on DAG Run:dataset_alias_example_alias_producer_with_no_taskflow
[2025-01-28T22:09:35.131+0000] {logging_mixin.py:190} INFO - [2025-01-28T22:09:35.131+0000] {override.py:1911} INFO - Created Permission View: can read on DAG Run:dataset_alias_example_alias_producer_with_no_taskflow
[2025-01-28T22:09:35.149+0000] {logging_mixin.py:190} INFO - [2025-01-28T22:09:35.149+0000] {override.py:1911} INFO - Created Permission View: can delete on DAG:dataset_alias_example_alias_consumer_with_no_taskflow
[2025-01-28T22:09:35.160+0000] {logging_mixin.py:190} INFO - [2025-01-28T22:09:35.160+0000] {override.py:1911} INFO - Created Permission View: can edit on DAG:dataset_alias_example_alias_consumer_with_no_taskflow
[2025-01-28T22:09:35.169+0000] {logging_mixin.py:190} INFO - [2025-01-28T22:09:35.168+0000] {override.py:1911} INFO - Created Permission View: can read on DAG:dataset_alias_example_alias_consumer_with_no_taskflow
[2025-01-28T22:09:35.181+0000] {logging_mixin.py:190} INFO - [2025-01-28T22:09:35.181+0000] {override.py:1911} INFO - Created Permission View: can create on DAG Run:dataset_alias_example_alias_consumer_with_no_taskflow
[2025-01-28T22:09:35.190+0000] {logging_mixin.py:190} INFO - [2025-01-28T22:09:35.190+0000] {override.py:1911} INFO - Created Permission View: can delete on DAG Run:dataset_alias_example_alias_consumer_with_no_taskflow
[2025-01-28T22:09:35.200+0000] {logging_mixin.py:190} INFO - [2025-01-28T22:09:35.199+0000] {override.py:1911} INFO - Created Permission View: menu access on DAG Run:dataset_alias_example_alias_consumer_with_no_taskflow
[2025-01-28T22:09:35.209+0000] {logging_mixin.py:190} INFO - [2025-01-28T22:09:35.209+0000] {override.py:1911} INFO - Created Permission View: can read on DAG Run:dataset_alias_example_alias_consumer_with_no_taskflow
[2025-01-28T22:09:35.231+0000] {logging_mixin.py:190} INFO - [2025-01-28T22:09:35.230+0000] {override.py:1911} INFO - Created Permission View: can delete on DAG:dataset_s3_bucket_producer_with_no_taskflow
[2025-01-28T22:09:35.239+0000] {logging_mixin.py:190} INFO - [2025-01-28T22:09:35.239+0000] {override.py:1911} INFO - Created Permission View: can edit on DAG:dataset_s3_bucket_producer_with_no_taskflow
[2025-01-28T22:09:35.249+0000] {logging_mixin.py:190} INFO - [2025-01-28T22:09:35.249+0000] {override.py:1911} INFO - Created Permission View: can read on DAG:dataset_s3_bucket_producer_with_no_taskflow
[2025-01-28T22:09:35.264+0000] {logging_mixin.py:190} INFO - [2025-01-28T22:09:35.264+0000] {override.py:1911} INFO - Created Permission View: can create on DAG Run:dataset_s3_bucket_producer_with_no_taskflow
[2025-01-28T22:09:35.273+0000] {logging_mixin.py:190} INFO - [2025-01-28T22:09:35.273+0000] {override.py:1911} INFO - Created Permission View: can delete on DAG Run:dataset_s3_bucket_producer_with_no_taskflow
[2025-01-28T22:09:35.283+0000] {logging_mixin.py:190} INFO - [2025-01-28T22:09:35.283+0000] {override.py:1911} INFO - Created Permission View: menu access on DAG Run:dataset_s3_bucket_producer_with_no_taskflow
[2025-01-28T22:09:35.293+0000] {logging_mixin.py:190} INFO - [2025-01-28T22:09:35.293+0000] {override.py:1911} INFO - Created Permission View: can read on DAG Run:dataset_s3_bucket_producer_with_no_taskflow
[2025-01-28T22:09:35.295+0000] {logging_mixin.py:190} INFO - [2025-01-28T22:09:35.294+0000] {dag.py:3239} INFO - Sync 4 DAGs
[2025-01-28T22:09:35.309+0000] {logging_mixin.py:190} INFO - [2025-01-28T22:09:35.309+0000] {dag.py:3262} INFO - Creating ORM DAG for dataset_s3_bucket_producer_with_no_taskflow
[2025-01-28T22:09:35.311+0000] {logging_mixin.py:190} INFO - [2025-01-28T22:09:35.311+0000] {dag.py:3262} INFO - Creating ORM DAG for dataset_s3_bucket_consumer_with_no_taskflow
[2025-01-28T22:09:35.312+0000] {logging_mixin.py:190} INFO - [2025-01-28T22:09:35.312+0000] {dag.py:3262} INFO - Creating ORM DAG for dataset_alias_example_alias_producer_with_no_taskflow
[2025-01-28T22:09:35.313+0000] {logging_mixin.py:190} INFO - [2025-01-28T22:09:35.313+0000] {dag.py:3262} INFO - Creating ORM DAG for dataset_alias_example_alias_consumer_with_no_taskflow
[2025-01-28T22:09:35.325+0000] {logging_mixin.py:190} INFO - [2025-01-28T22:09:35.324+0000] {dag.py:4180} INFO - Setting next_dagrun for dataset_alias_example_alias_consumer_with_no_taskflow to None, run_after=None
[2025-01-28T22:09:35.326+0000] {logging_mixin.py:190} INFO - [2025-01-28T22:09:35.326+0000] {dag.py:4180} INFO - Setting next_dagrun for dataset_alias_example_alias_producer_with_no_taskflow to None, run_after=None
[2025-01-28T22:09:35.328+0000] {logging_mixin.py:190} INFO - [2025-01-28T22:09:35.328+0000] {dag.py:4180} INFO - Setting next_dagrun for dataset_s3_bucket_consumer_with_no_taskflow to None, run_after=None
[2025-01-28T22:09:35.330+0000] {logging_mixin.py:190} INFO - [2025-01-28T22:09:35.329+0000] {dag.py:4180} INFO - Setting next_dagrun for dataset_s3_bucket_producer_with_no_taskflow to None, run_after=None
[2025-01-28T22:09:35.369+0000] {processor.py:208} INFO - Processing /home/airflow/.local/lib/python3.12/site-packages/airflow/example_dags/example_dataset_alias_with_no_taskflow.py took 1.163 seconds
[2025-01-28T22:10:05.844+0000] {processor.py:186} INFO - Started process (PID=204) to work on /home/airflow/.local/lib/python3.12/site-packages/airflow/example_dags/example_dataset_alias_with_no_taskflow.py
[2025-01-28T22:10:05.845+0000] {processor.py:914} INFO - Processing file /home/airflow/.local/lib/python3.12/site-packages/airflow/example_dags/example_dataset_alias_with_no_taskflow.py for tasks to queue
[2025-01-28T22:10:05.847+0000] {logging_mixin.py:190} INFO - [2025-01-28T22:10:05.847+0000] {dagbag.py:588} INFO - Filling up the DagBag from /home/airflow/.local/lib/python3.12/site-packages/airflow/example_dags/example_dataset_alias_with_no_taskflow.py
[2025-01-28T22:10:06.494+0000] {processor.py:925} INFO - DAG(s) 'dataset_s3_bucket_producer_with_no_taskflow', 'dataset_alias_example_alias_consumer_with_no_taskflow', 'dataset_alias_example_alias_producer_with_no_taskflow', 'dataset_s3_bucket_consumer_with_no_taskflow' retrieved from /home/airflow/.local/lib/python3.12/site-packages/airflow/example_dags/example_dataset_alias_with_no_taskflow.py
[2025-01-28T22:10:06.520+0000] {logging_mixin.py:190} INFO - [2025-01-28T22:10:06.520+0000] {dag.py:3239} INFO - Sync 4 DAGs
[2025-01-28T22:10:06.550+0000] {logging_mixin.py:190} INFO - [2025-01-28T22:10:06.549+0000] {dag.py:4180} INFO - Setting next_dagrun for dataset_alias_example_alias_consumer_with_no_taskflow to None, run_after=None
[2025-01-28T22:10:06.553+0000] {logging_mixin.py:190} INFO - [2025-01-28T22:10:06.553+0000] {dag.py:4180} INFO - Setting next_dagrun for dataset_alias_example_alias_producer_with_no_taskflow to None, run_after=None
[2025-01-28T22:10:06.555+0000] {logging_mixin.py:190} INFO - [2025-01-28T22:10:06.555+0000] {dag.py:4180} INFO - Setting next_dagrun for dataset_s3_bucket_consumer_with_no_taskflow to None, run_after=None
[2025-01-28T22:10:06.557+0000] {logging_mixin.py:190} INFO - [2025-01-28T22:10:06.557+0000] {dag.py:4180} INFO - Setting next_dagrun for dataset_s3_bucket_producer_with_no_taskflow to None, run_after=None
[2025-01-28T22:10:06.586+0000] {processor.py:208} INFO - Processing /home/airflow/.local/lib/python3.12/site-packages/airflow/example_dags/example_dataset_alias_with_no_taskflow.py took 0.749 seconds
[2025-01-28T22:10:37.736+0000] {processor.py:186} INFO - Started process (PID=267) to work on /home/airflow/.local/lib/python3.12/site-packages/airflow/example_dags/example_dataset_alias_with_no_taskflow.py
[2025-01-28T22:10:37.738+0000] {processor.py:914} INFO - Processing file /home/airflow/.local/lib/python3.12/site-packages/airflow/example_dags/example_dataset_alias_with_no_taskflow.py for tasks to queue
[2025-01-28T22:10:37.741+0000] {logging_mixin.py:190} INFO - [2025-01-28T22:10:37.740+0000] {dagbag.py:588} INFO - Filling up the DagBag from /home/airflow/.local/lib/python3.12/site-packages/airflow/example_dags/example_dataset_alias_with_no_taskflow.py
[2025-01-28T22:10:38.405+0000] {processor.py:925} INFO - DAG(s) 'dataset_s3_bucket_consumer_with_no_taskflow', 'dataset_s3_bucket_producer_with_no_taskflow', 'dataset_alias_example_alias_producer_with_no_taskflow', 'dataset_alias_example_alias_consumer_with_no_taskflow' retrieved from /home/airflow/.local/lib/python3.12/site-packages/airflow/example_dags/example_dataset_alias_with_no_taskflow.py
[2025-01-28T22:10:38.432+0000] {logging_mixin.py:190} INFO - [2025-01-28T22:10:38.431+0000] {dag.py:3239} INFO - Sync 4 DAGs
[2025-01-28T22:10:38.457+0000] {logging_mixin.py:190} INFO - [2025-01-28T22:10:38.456+0000] {dag.py:4180} INFO - Setting next_dagrun for dataset_alias_example_alias_consumer_with_no_taskflow to None, run_after=None
[2025-01-28T22:10:38.460+0000] {logging_mixin.py:190} INFO - [2025-01-28T22:10:38.460+0000] {dag.py:4180} INFO - Setting next_dagrun for dataset_alias_example_alias_producer_with_no_taskflow to None, run_after=None
[2025-01-28T22:10:38.463+0000] {logging_mixin.py:190} INFO - [2025-01-28T22:10:38.462+0000] {dag.py:4180} INFO - Setting next_dagrun for dataset_s3_bucket_consumer_with_no_taskflow to None, run_after=None
[2025-01-28T22:10:38.465+0000] {logging_mixin.py:190} INFO - [2025-01-28T22:10:38.464+0000] {dag.py:4180} INFO - Setting next_dagrun for dataset_s3_bucket_producer_with_no_taskflow to None, run_after=None
[2025-01-28T22:10:38.492+0000] {processor.py:208} INFO - Processing /home/airflow/.local/lib/python3.12/site-packages/airflow/example_dags/example_dataset_alias_with_no_taskflow.py took 0.762 seconds
[2025-01-28T22:11:09.080+0000] {processor.py:186} INFO - Started process (PID=330) to work on /home/airflow/.local/lib/python3.12/site-packages/airflow/example_dags/example_dataset_alias_with_no_taskflow.py
[2025-01-28T22:11:09.081+0000] {processor.py:914} INFO - Processing file /home/airflow/.local/lib/python3.12/site-packages/airflow/example_dags/example_dataset_alias_with_no_taskflow.py for tasks to queue
[2025-01-28T22:11:09.084+0000] {logging_mixin.py:190} INFO - [2025-01-28T22:11:09.084+0000] {dagbag.py:588} INFO - Filling up the DagBag from /home/airflow/.local/lib/python3.12/site-packages/airflow/example_dags/example_dataset_alias_with_no_taskflow.py
[2025-01-28T22:11:09.758+0000] {processor.py:925} INFO - DAG(s) 'dataset_s3_bucket_consumer_with_no_taskflow', 'dataset_alias_example_alias_consumer_with_no_taskflow', 'dataset_s3_bucket_producer_with_no_taskflow', 'dataset_alias_example_alias_producer_with_no_taskflow' retrieved from /home/airflow/.local/lib/python3.12/site-packages/airflow/example_dags/example_dataset_alias_with_no_taskflow.py
[2025-01-28T22:11:09.783+0000] {logging_mixin.py:190} INFO - [2025-01-28T22:11:09.782+0000] {dag.py:3239} INFO - Sync 4 DAGs
[2025-01-28T22:11:09.809+0000] {logging_mixin.py:190} INFO - [2025-01-28T22:11:09.809+0000] {dag.py:4180} INFO - Setting next_dagrun for dataset_alias_example_alias_consumer_with_no_taskflow to None, run_after=None
[2025-01-28T22:11:09.812+0000] {logging_mixin.py:190} INFO - [2025-01-28T22:11:09.812+0000] {dag.py:4180} INFO - Setting next_dagrun for dataset_alias_example_alias_producer_with_no_taskflow to None, run_after=None
[2025-01-28T22:11:09.815+0000] {logging_mixin.py:190} INFO - [2025-01-28T22:11:09.814+0000] {dag.py:4180} INFO - Setting next_dagrun for dataset_s3_bucket_consumer_with_no_taskflow to None, run_after=None
[2025-01-28T22:11:09.817+0000] {logging_mixin.py:190} INFO - [2025-01-28T22:11:09.817+0000] {dag.py:4180} INFO - Setting next_dagrun for dataset_s3_bucket_producer_with_no_taskflow to None, run_after=None
[2025-01-28T22:11:09.842+0000] {processor.py:208} INFO - Processing /home/airflow/.local/lib/python3.12/site-packages/airflow/example_dags/example_dataset_alias_with_no_taskflow.py took 0.769 seconds
[2025-01-28T22:11:40.023+0000] {processor.py:186} INFO - Started process (PID=398) to work on /home/airflow/.local/lib/python3.12/site-packages/airflow/example_dags/example_dataset_alias_with_no_taskflow.py
[2025-01-28T22:11:40.024+0000] {processor.py:914} INFO - Processing file /home/airflow/.local/lib/python3.12/site-packages/airflow/example_dags/example_dataset_alias_with_no_taskflow.py for tasks to queue
[2025-01-28T22:11:40.027+0000] {logging_mixin.py:190} INFO - [2025-01-28T22:11:40.027+0000] {dagbag.py:588} INFO - Filling up the DagBag from /home/airflow/.local/lib/python3.12/site-packages/airflow/example_dags/example_dataset_alias_with_no_taskflow.py
[2025-01-28T22:11:40.689+0000] {processor.py:925} INFO - DAG(s) 'dataset_s3_bucket_producer_with_no_taskflow', 'dataset_alias_example_alias_consumer_with_no_taskflow', 'dataset_alias_example_alias_producer_with_no_taskflow', 'dataset_s3_bucket_consumer_with_no_taskflow' retrieved from /home/airflow/.local/lib/python3.12/site-packages/airflow/example_dags/example_dataset_alias_with_no_taskflow.py
[2025-01-28T22:11:40.721+0000] {logging_mixin.py:190} INFO - [2025-01-28T22:11:40.720+0000] {dag.py:3239} INFO - Sync 4 DAGs
[2025-01-28T22:11:40.749+0000] {logging_mixin.py:190} INFO - [2025-01-28T22:11:40.749+0000] {dag.py:4180} INFO - Setting next_dagrun for dataset_alias_example_alias_consumer_with_no_taskflow to None, run_after=None
[2025-01-28T22:11:40.756+0000] {logging_mixin.py:190} INFO - [2025-01-28T22:11:40.756+0000] {dag.py:4180} INFO - Setting next_dagrun for dataset_alias_example_alias_producer_with_no_taskflow to None, run_after=None
[2025-01-28T22:11:40.758+0000] {logging_mixin.py:190} INFO - [2025-01-28T22:11:40.758+0000] {dag.py:4180} INFO - Setting next_dagrun for dataset_s3_bucket_consumer_with_no_taskflow to None, run_after=None
[2025-01-28T22:11:40.760+0000] {logging_mixin.py:190} INFO - [2025-01-28T22:11:40.760+0000] {dag.py:4180} INFO - Setting next_dagrun for dataset_s3_bucket_producer_with_no_taskflow to None, run_after=None
[2025-01-28T22:11:40.794+0000] {processor.py:208} INFO - Processing /home/airflow/.local/lib/python3.12/site-packages/airflow/example_dags/example_dataset_alias_with_no_taskflow.py took 0.778 seconds
[2025-01-28T22:12:11.552+0000] {processor.py:186} INFO - Started process (PID=456) to work on /home/airflow/.local/lib/python3.12/site-packages/airflow/example_dags/example_dataset_alias_with_no_taskflow.py
[2025-01-28T22:12:11.553+0000] {processor.py:914} INFO - Processing file /home/airflow/.local/lib/python3.12/site-packages/airflow/example_dags/example_dataset_alias_with_no_taskflow.py for tasks to queue
[2025-01-28T22:12:11.556+0000] {logging_mixin.py:190} INFO - [2025-01-28T22:12:11.555+0000] {dagbag.py:588} INFO - Filling up the DagBag from /home/airflow/.local/lib/python3.12/site-packages/airflow/example_dags/example_dataset_alias_with_no_taskflow.py
[2025-01-28T22:12:12.240+0000] {processor.py:925} INFO - DAG(s) 'dataset_s3_bucket_producer_with_no_taskflow', 'dataset_s3_bucket_consumer_with_no_taskflow', 'dataset_alias_example_alias_consumer_with_no_taskflow', 'dataset_alias_example_alias_producer_with_no_taskflow' retrieved from /home/airflow/.local/lib/python3.12/site-packages/airflow/example_dags/example_dataset_alias_with_no_taskflow.py
[2025-01-28T22:12:12.269+0000] {logging_mixin.py:190} INFO - [2025-01-28T22:12:12.268+0000] {dag.py:3239} INFO - Sync 4 DAGs
[2025-01-28T22:12:12.297+0000] {logging_mixin.py:190} INFO - [2025-01-28T22:12:12.297+0000] {dag.py:4180} INFO - Setting next_dagrun for dataset_alias_example_alias_consumer_with_no_taskflow to None, run_after=None
[2025-01-28T22:12:12.301+0000] {logging_mixin.py:190} INFO - [2025-01-28T22:12:12.301+0000] {dag.py:4180} INFO - Setting next_dagrun for dataset_alias_example_alias_producer_with_no_taskflow to None, run_after=None
[2025-01-28T22:12:12.303+0000] {logging_mixin.py:190} INFO - [2025-01-28T22:12:12.303+0000] {dag.py:4180} INFO - Setting next_dagrun for dataset_s3_bucket_consumer_with_no_taskflow to None, run_after=None
[2025-01-28T22:12:12.306+0000] {logging_mixin.py:190} INFO - [2025-01-28T22:12:12.306+0000] {dag.py:4180} INFO - Setting next_dagrun for dataset_s3_bucket_producer_with_no_taskflow to None, run_after=None
[2025-01-28T22:12:12.338+0000] {processor.py:208} INFO - Processing /home/airflow/.local/lib/python3.12/site-packages/airflow/example_dags/example_dataset_alias_with_no_taskflow.py took 0.793 seconds
[2025-01-28T22:12:42.733+0000] {processor.py:186} INFO - Started process (PID=519) to work on /home/airflow/.local/lib/python3.12/site-packages/airflow/example_dags/example_dataset_alias_with_no_taskflow.py
[2025-01-28T22:12:42.734+0000] {processor.py:914} INFO - Processing file /home/airflow/.local/lib/python3.12/site-packages/airflow/example_dags/example_dataset_alias_with_no_taskflow.py for tasks to queue
[2025-01-28T22:12:42.737+0000] {logging_mixin.py:190} INFO - [2025-01-28T22:12:42.737+0000] {dagbag.py:588} INFO - Filling up the DagBag from /home/airflow/.local/lib/python3.12/site-packages/airflow/example_dags/example_dataset_alias_with_no_taskflow.py
[2025-01-28T22:12:43.400+0000] {processor.py:925} INFO - DAG(s) 'dataset_s3_bucket_producer_with_no_taskflow', 'dataset_s3_bucket_consumer_with_no_taskflow', 'dataset_alias_example_alias_consumer_with_no_taskflow', 'dataset_alias_example_alias_producer_with_no_taskflow' retrieved from /home/airflow/.local/lib/python3.12/site-packages/airflow/example_dags/example_dataset_alias_with_no_taskflow.py
[2025-01-28T22:12:43.423+0000] {logging_mixin.py:190} INFO - [2025-01-28T22:12:43.423+0000] {dag.py:3239} INFO - Sync 4 DAGs
[2025-01-28T22:12:43.448+0000] {logging_mixin.py:190} INFO - [2025-01-28T22:12:43.448+0000] {dag.py:4180} INFO - Setting next_dagrun for dataset_alias_example_alias_consumer_with_no_taskflow to None, run_after=None
[2025-01-28T22:12:43.452+0000] {logging_mixin.py:190} INFO - [2025-01-28T22:12:43.451+0000] {dag.py:4180} INFO - Setting next_dagrun for dataset_alias_example_alias_producer_with_no_taskflow to None, run_after=None
[2025-01-28T22:12:43.454+0000] {logging_mixin.py:190} INFO - [2025-01-28T22:12:43.453+0000] {dag.py:4180} INFO - Setting next_dagrun for dataset_s3_bucket_consumer_with_no_taskflow to None, run_after=None
[2025-01-28T22:12:43.455+0000] {logging_mixin.py:190} INFO - [2025-01-28T22:12:43.455+0000] {dag.py:4180} INFO - Setting next_dagrun for dataset_s3_bucket_producer_with_no_taskflow to None, run_after=None
[2025-01-28T22:12:43.483+0000] {processor.py:208} INFO - Processing /home/airflow/.local/lib/python3.12/site-packages/airflow/example_dags/example_dataset_alias_with_no_taskflow.py took 0.756 seconds
[2025-01-28T22:13:14.442+0000] {processor.py:186} INFO - Started process (PID=582) to work on /home/airflow/.local/lib/python3.12/site-packages/airflow/example_dags/example_dataset_alias_with_no_taskflow.py
[2025-01-28T22:13:14.444+0000] {processor.py:914} INFO - Processing file /home/airflow/.local/lib/python3.12/site-packages/airflow/example_dags/example_dataset_alias_with_no_taskflow.py for tasks to queue
[2025-01-28T22:13:14.446+0000] {logging_mixin.py:190} INFO - [2025-01-28T22:13:14.446+0000] {dagbag.py:588} INFO - Filling up the DagBag from /home/airflow/.local/lib/python3.12/site-packages/airflow/example_dags/example_dataset_alias_with_no_taskflow.py
[2025-01-28T22:13:15.110+0000] {processor.py:925} INFO - DAG(s) 'dataset_alias_example_alias_producer_with_no_taskflow', 'dataset_s3_bucket_consumer_with_no_taskflow', 'dataset_s3_bucket_producer_with_no_taskflow', 'dataset_alias_example_alias_consumer_with_no_taskflow' retrieved from /home/airflow/.local/lib/python3.12/site-packages/airflow/example_dags/example_dataset_alias_with_no_taskflow.py
[2025-01-28T22:13:15.135+0000] {logging_mixin.py:190} INFO - [2025-01-28T22:13:15.134+0000] {dag.py:3239} INFO - Sync 4 DAGs
[2025-01-28T22:13:15.161+0000] {logging_mixin.py:190} INFO - [2025-01-28T22:13:15.160+0000] {dag.py:4180} INFO - Setting next_dagrun for dataset_alias_example_alias_consumer_with_no_taskflow to None, run_after=None
[2025-01-28T22:13:15.165+0000] {logging_mixin.py:190} INFO - [2025-01-28T22:13:15.165+0000] {dag.py:4180} INFO - Setting next_dagrun for dataset_alias_example_alias_producer_with_no_taskflow to None, run_after=None
[2025-01-28T22:13:15.168+0000] {logging_mixin.py:190} INFO - [2025-01-28T22:13:15.168+0000] {dag.py:4180} INFO - Setting next_dagrun for dataset_s3_bucket_consumer_with_no_taskflow to None, run_after=None
[2025-01-28T22:13:15.170+0000] {logging_mixin.py:190} INFO - [2025-01-28T22:13:15.169+0000] {dag.py:4180} INFO - Setting next_dagrun for dataset_s3_bucket_producer_with_no_taskflow to None, run_after=None
[2025-01-28T22:13:15.203+0000] {processor.py:208} INFO - Processing /home/airflow/.local/lib/python3.12/site-packages/airflow/example_dags/example_dataset_alias_with_no_taskflow.py took 0.768 seconds
[2025-01-28T22:13:45.346+0000] {processor.py:186} INFO - Started process (PID=649) to work on /home/airflow/.local/lib/python3.12/site-packages/airflow/example_dags/example_dataset_alias_with_no_taskflow.py
[2025-01-28T22:13:45.347+0000] {processor.py:914} INFO - Processing file /home/airflow/.local/lib/python3.12/site-packages/airflow/example_dags/example_dataset_alias_with_no_taskflow.py for tasks to queue
[2025-01-28T22:13:45.350+0000] {logging_mixin.py:190} INFO - [2025-01-28T22:13:45.350+0000] {dagbag.py:588} INFO - Filling up the DagBag from /home/airflow/.local/lib/python3.12/site-packages/airflow/example_dags/example_dataset_alias_with_no_taskflow.py
[2025-01-28T22:13:45.985+0000] {processor.py:925} INFO - DAG(s) 'dataset_s3_bucket_consumer_with_no_taskflow', 'dataset_alias_example_alias_consumer_with_no_taskflow', 'dataset_alias_example_alias_producer_with_no_taskflow', 'dataset_s3_bucket_producer_with_no_taskflow' retrieved from /home/airflow/.local/lib/python3.12/site-packages/airflow/example_dags/example_dataset_alias_with_no_taskflow.py
[2025-01-28T22:13:46.011+0000] {logging_mixin.py:190} INFO - [2025-01-28T22:13:46.010+0000] {dag.py:3239} INFO - Sync 4 DAGs
[2025-01-28T22:13:46.034+0000] {logging_mixin.py:190} INFO - [2025-01-28T22:13:46.034+0000] {dag.py:4180} INFO - Setting next_dagrun for dataset_alias_example_alias_consumer_with_no_taskflow to None, run_after=None
[2025-01-28T22:13:46.037+0000] {logging_mixin.py:190} INFO - [2025-01-28T22:13:46.037+0000] {dag.py:4180} INFO - Setting next_dagrun for dataset_alias_example_alias_producer_with_no_taskflow to None, run_after=None
[2025-01-28T22:13:46.040+0000] {logging_mixin.py:190} INFO - [2025-01-28T22:13:46.039+0000] {dag.py:4180} INFO - Setting next_dagrun for dataset_s3_bucket_consumer_with_no_taskflow to None, run_after=None
[2025-01-28T22:13:46.042+0000] {logging_mixin.py:190} INFO - [2025-01-28T22:13:46.042+0000] {dag.py:4180} INFO - Setting next_dagrun for dataset_s3_bucket_producer_with_no_taskflow to None, run_after=None
[2025-01-28T22:13:46.082+0000] {processor.py:208} INFO - Processing /home/airflow/.local/lib/python3.12/site-packages/airflow/example_dags/example_dataset_alias_with_no_taskflow.py took 0.743 seconds
[2025-01-28T22:14:16.544+0000] {processor.py:186} INFO - Started process (PID=708) to work on /home/airflow/.local/lib/python3.12/site-packages/airflow/example_dags/example_dataset_alias_with_no_taskflow.py
[2025-01-28T22:14:16.546+0000] {processor.py:914} INFO - Processing file /home/airflow/.local/lib/python3.12/site-packages/airflow/example_dags/example_dataset_alias_with_no_taskflow.py for tasks to queue
[2025-01-28T22:14:16.549+0000] {logging_mixin.py:190} INFO - [2025-01-28T22:14:16.548+0000] {dagbag.py:588} INFO - Filling up the DagBag from /home/airflow/.local/lib/python3.12/site-packages/airflow/example_dags/example_dataset_alias_with_no_taskflow.py
[2025-01-28T22:14:17.215+0000] {processor.py:925} INFO - DAG(s) 'dataset_s3_bucket_producer_with_no_taskflow', 'dataset_s3_bucket_consumer_with_no_taskflow', 'dataset_alias_example_alias_consumer_with_no_taskflow', 'dataset_alias_example_alias_producer_with_no_taskflow' retrieved from /home/airflow/.local/lib/python3.12/site-packages/airflow/example_dags/example_dataset_alias_with_no_taskflow.py
[2025-01-28T22:14:17.240+0000] {logging_mixin.py:190} INFO - [2025-01-28T22:14:17.239+0000] {dag.py:3239} INFO - Sync 4 DAGs
[2025-01-28T22:14:17.265+0000] {logging_mixin.py:190} INFO - [2025-01-28T22:14:17.265+0000] {dag.py:4180} INFO - Setting next_dagrun for dataset_alias_example_alias_consumer_with_no_taskflow to None, run_after=None
[2025-01-28T22:14:17.268+0000] {logging_mixin.py:190} INFO - [2025-01-28T22:14:17.268+0000] {dag.py:4180} INFO - Setting next_dagrun for dataset_alias_example_alias_producer_with_no_taskflow to None, run_after=None
[2025-01-28T22:14:17.271+0000] {logging_mixin.py:190} INFO - [2025-01-28T22:14:17.271+0000] {dag.py:4180} INFO - Setting next_dagrun for dataset_s3_bucket_consumer_with_no_taskflow to None, run_after=None
[2025-01-28T22:14:17.273+0000] {logging_mixin.py:190} INFO - [2025-01-28T22:14:17.273+0000] {dag.py:4180} INFO - Setting next_dagrun for dataset_s3_bucket_producer_with_no_taskflow to None, run_after=None
[2025-01-28T22:14:17.301+0000] {processor.py:208} INFO - Processing /home/airflow/.local/lib/python3.12/site-packages/airflow/example_dags/example_dataset_alias_with_no_taskflow.py took 0.763 seconds
[2025-01-28T22:14:48.111+0000] {processor.py:186} INFO - Started process (PID=771) to work on /home/airflow/.local/lib/python3.12/site-packages/airflow/example_dags/example_dataset_alias_with_no_taskflow.py
[2025-01-28T22:14:48.113+0000] {processor.py:914} INFO - Processing file /home/airflow/.local/lib/python3.12/site-packages/airflow/example_dags/example_dataset_alias_with_no_taskflow.py for tasks to queue
[2025-01-28T22:14:48.115+0000] {logging_mixin.py:190} INFO - [2025-01-28T22:14:48.115+0000] {dagbag.py:588} INFO - Filling up the DagBag from /home/airflow/.local/lib/python3.12/site-packages/airflow/example_dags/example_dataset_alias_with_no_taskflow.py
[2025-01-28T22:14:48.809+0000] {processor.py:925} INFO - DAG(s) 'dataset_s3_bucket_producer_with_no_taskflow', 'dataset_alias_example_alias_producer_with_no_taskflow', 'dataset_s3_bucket_consumer_with_no_taskflow', 'dataset_alias_example_alias_consumer_with_no_taskflow' retrieved from /home/airflow/.local/lib/python3.12/site-packages/airflow/example_dags/example_dataset_alias_with_no_taskflow.py
[2025-01-28T22:14:48.834+0000] {logging_mixin.py:190} INFO - [2025-01-28T22:14:48.834+0000] {dag.py:3239} INFO - Sync 4 DAGs
[2025-01-28T22:14:48.861+0000] {logging_mixin.py:190} INFO - [2025-01-28T22:14:48.861+0000] {dag.py:4180} INFO - Setting next_dagrun for dataset_alias_example_alias_consumer_with_no_taskflow to None, run_after=None
[2025-01-28T22:14:48.865+0000] {logging_mixin.py:190} INFO - [2025-01-28T22:14:48.865+0000] {dag.py:4180} INFO - Setting next_dagrun for dataset_alias_example_alias_producer_with_no_taskflow to None, run_after=None
[2025-01-28T22:14:48.867+0000] {logging_mixin.py:190} INFO - [2025-01-28T22:14:48.867+0000] {dag.py:4180} INFO - Setting next_dagrun for dataset_s3_bucket_consumer_with_no_taskflow to None, run_after=None
[2025-01-28T22:14:48.869+0000] {logging_mixin.py:190} INFO - [2025-01-28T22:14:48.869+0000] {dag.py:4180} INFO - Setting next_dagrun for dataset_s3_bucket_producer_with_no_taskflow to None, run_after=None
[2025-01-28T22:14:48.896+0000] {processor.py:208} INFO - Processing /home/airflow/.local/lib/python3.12/site-packages/airflow/example_dags/example_dataset_alias_with_no_taskflow.py took 0.792 seconds
[2025-01-28T22:15:19.789+0000] {processor.py:186} INFO - Started process (PID=834) to work on /home/airflow/.local/lib/python3.12/site-packages/airflow/example_dags/example_dataset_alias_with_no_taskflow.py
[2025-01-28T22:15:19.790+0000] {processor.py:914} INFO - Processing file /home/airflow/.local/lib/python3.12/site-packages/airflow/example_dags/example_dataset_alias_with_no_taskflow.py for tasks to queue
[2025-01-28T22:15:19.793+0000] {logging_mixin.py:190} INFO - [2025-01-28T22:15:19.793+0000] {dagbag.py:588} INFO - Filling up the DagBag from /home/airflow/.local/lib/python3.12/site-packages/airflow/example_dags/example_dataset_alias_with_no_taskflow.py
[2025-01-28T22:15:20.486+0000] {processor.py:925} INFO - DAG(s) 'dataset_s3_bucket_producer_with_no_taskflow', 'dataset_s3_bucket_consumer_with_no_taskflow', 'dataset_alias_example_alias_consumer_with_no_taskflow', 'dataset_alias_example_alias_producer_with_no_taskflow' retrieved from /home/airflow/.local/lib/python3.12/site-packages/airflow/example_dags/example_dataset_alias_with_no_taskflow.py
[2025-01-28T22:15:20.512+0000] {logging_mixin.py:190} INFO - [2025-01-28T22:15:20.511+0000] {dag.py:3239} INFO - Sync 4 DAGs
[2025-01-28T22:15:20.537+0000] {logging_mixin.py:190} INFO - [2025-01-28T22:15:20.537+0000] {dag.py:4180} INFO - Setting next_dagrun for dataset_alias_example_alias_consumer_with_no_taskflow to None, run_after=None
[2025-01-28T22:15:20.540+0000] {logging_mixin.py:190} INFO - [2025-01-28T22:15:20.540+0000] {dag.py:4180} INFO - Setting next_dagrun for dataset_alias_example_alias_producer_with_no_taskflow to None, run_after=None
[2025-01-28T22:15:20.542+0000] {logging_mixin.py:190} INFO - [2025-01-28T22:15:20.542+0000] {dag.py:4180} INFO - Setting next_dagrun for dataset_s3_bucket_consumer_with_no_taskflow to None, run_after=None
[2025-01-28T22:15:20.544+0000] {logging_mixin.py:190} INFO - [2025-01-28T22:15:20.544+0000] {dag.py:4180} INFO - Setting next_dagrun for dataset_s3_bucket_producer_with_no_taskflow to None, run_after=None
[2025-01-28T22:15:20.571+0000] {processor.py:208} INFO - Processing /home/airflow/.local/lib/python3.12/site-packages/airflow/example_dags/example_dataset_alias_with_no_taskflow.py took 0.788 seconds
[2025-01-28T22:15:50.986+0000] {processor.py:186} INFO - Started process (PID=902) to work on /home/airflow/.local/lib/python3.12/site-packages/airflow/example_dags/example_dataset_alias_with_no_taskflow.py
[2025-01-28T22:15:50.988+0000] {processor.py:914} INFO - Processing file /home/airflow/.local/lib/python3.12/site-packages/airflow/example_dags/example_dataset_alias_with_no_taskflow.py for tasks to queue
[2025-01-28T22:15:50.990+0000] {logging_mixin.py:190} INFO - [2025-01-28T22:15:50.990+0000] {dagbag.py:588} INFO - Filling up the DagBag from /home/airflow/.local/lib/python3.12/site-packages/airflow/example_dags/example_dataset_alias_with_no_taskflow.py
[2025-01-28T22:15:51.611+0000] {processor.py:925} INFO - DAG(s) 'dataset_s3_bucket_producer_with_no_taskflow', 'dataset_alias_example_alias_consumer_with_no_taskflow', 'dataset_alias_example_alias_producer_with_no_taskflow', 'dataset_s3_bucket_consumer_with_no_taskflow' retrieved from /home/airflow/.local/lib/python3.12/site-packages/airflow/example_dags/example_dataset_alias_with_no_taskflow.py
[2025-01-28T22:15:51.635+0000] {logging_mixin.py:190} INFO - [2025-01-28T22:15:51.634+0000] {dag.py:3239} INFO - Sync 4 DAGs
[2025-01-28T22:15:51.664+0000] {logging_mixin.py:190} INFO - [2025-01-28T22:15:51.664+0000] {dag.py:4180} INFO - Setting next_dagrun for dataset_alias_example_alias_consumer_with_no_taskflow to None, run_after=None
[2025-01-28T22:15:51.668+0000] {logging_mixin.py:190} INFO - [2025-01-28T22:15:51.668+0000] {dag.py:4180} INFO - Setting next_dagrun for dataset_alias_example_alias_producer_with_no_taskflow to None, run_after=None
[2025-01-28T22:15:51.670+0000] {logging_mixin.py:190} INFO - [2025-01-28T22:15:51.670+0000] {dag.py:4180} INFO - Setting next_dagrun for dataset_s3_bucket_consumer_with_no_taskflow to None, run_after=None
[2025-01-28T22:15:51.672+0000] {logging_mixin.py:190} INFO - [2025-01-28T22:15:51.672+0000] {dag.py:4180} INFO - Setting next_dagrun for dataset_s3_bucket_producer_with_no_taskflow to None, run_after=None
[2025-01-28T22:15:51.698+0000] {processor.py:208} INFO - Processing /home/airflow/.local/lib/python3.12/site-packages/airflow/example_dags/example_dataset_alias_with_no_taskflow.py took 0.718 seconds
[2025-01-28T22:16:21.937+0000] {processor.py:186} INFO - Started process (PID=961) to work on /home/airflow/.local/lib/python3.12/site-packages/airflow/example_dags/example_dataset_alias_with_no_taskflow.py
[2025-01-28T22:16:21.939+0000] {processor.py:914} INFO - Processing file /home/airflow/.local/lib/python3.12/site-packages/airflow/example_dags/example_dataset_alias_with_no_taskflow.py for tasks to queue
[2025-01-28T22:16:21.942+0000] {logging_mixin.py:190} INFO - [2025-01-28T22:16:21.941+0000] {dagbag.py:588} INFO - Filling up the DagBag from /home/airflow/.local/lib/python3.12/site-packages/airflow/example_dags/example_dataset_alias_with_no_taskflow.py
[2025-01-28T22:16:22.545+0000] {processor.py:925} INFO - DAG(s) 'dataset_s3_bucket_consumer_with_no_taskflow', 'dataset_alias_example_alias_producer_with_no_taskflow', 'dataset_alias_example_alias_consumer_with_no_taskflow', 'dataset_s3_bucket_producer_with_no_taskflow' retrieved from /home/airflow/.local/lib/python3.12/site-packages/airflow/example_dags/example_dataset_alias_with_no_taskflow.py
[2025-01-28T22:16:22.568+0000] {logging_mixin.py:190} INFO - [2025-01-28T22:16:22.568+0000] {dag.py:3239} INFO - Sync 4 DAGs
[2025-01-28T22:16:22.592+0000] {logging_mixin.py:190} INFO - [2025-01-28T22:16:22.591+0000] {dag.py:4180} INFO - Setting next_dagrun for dataset_alias_example_alias_consumer_with_no_taskflow to None, run_after=None
[2025-01-28T22:16:22.595+0000] {logging_mixin.py:190} INFO - [2025-01-28T22:16:22.595+0000] {dag.py:4180} INFO - Setting next_dagrun for dataset_alias_example_alias_producer_with_no_taskflow to None, run_after=None
[2025-01-28T22:16:22.598+0000] {logging_mixin.py:190} INFO - [2025-01-28T22:16:22.598+0000] {dag.py:4180} INFO - Setting next_dagrun for dataset_s3_bucket_consumer_with_no_taskflow to None, run_after=None
[2025-01-28T22:16:22.600+0000] {logging_mixin.py:190} INFO - [2025-01-28T22:16:22.600+0000] {dag.py:4180} INFO - Setting next_dagrun for dataset_s3_bucket_producer_with_no_taskflow to None, run_after=None
[2025-01-28T22:16:22.636+0000] {processor.py:208} INFO - Processing /home/airflow/.local/lib/python3.12/site-packages/airflow/example_dags/example_dataset_alias_with_no_taskflow.py took 0.705 seconds
[2025-01-28T22:16:53.286+0000] {processor.py:186} INFO - Started process (PID=1024) to work on /home/airflow/.local/lib/python3.12/site-packages/airflow/example_dags/example_dataset_alias_with_no_taskflow.py
[2025-01-28T22:16:53.288+0000] {processor.py:914} INFO - Processing file /home/airflow/.local/lib/python3.12/site-packages/airflow/example_dags/example_dataset_alias_with_no_taskflow.py for tasks to queue
[2025-01-28T22:16:53.291+0000] {logging_mixin.py:190} INFO - [2025-01-28T22:16:53.290+0000] {dagbag.py:588} INFO - Filling up the DagBag from /home/airflow/.local/lib/python3.12/site-packages/airflow/example_dags/example_dataset_alias_with_no_taskflow.py
[2025-01-28T22:16:53.906+0000] {processor.py:925} INFO - DAG(s) 'dataset_alias_example_alias_producer_with_no_taskflow', 'dataset_s3_bucket_producer_with_no_taskflow', 'dataset_alias_example_alias_consumer_with_no_taskflow', 'dataset_s3_bucket_consumer_with_no_taskflow' retrieved from /home/airflow/.local/lib/python3.12/site-packages/airflow/example_dags/example_dataset_alias_with_no_taskflow.py
[2025-01-28T22:16:53.929+0000] {logging_mixin.py:190} INFO - [2025-01-28T22:16:53.929+0000] {dag.py:3239} INFO - Sync 4 DAGs
[2025-01-28T22:16:53.956+0000] {logging_mixin.py:190} INFO - [2025-01-28T22:16:53.956+0000] {dag.py:4180} INFO - Setting next_dagrun for dataset_alias_example_alias_consumer_with_no_taskflow to None, run_after=None
[2025-01-28T22:16:53.961+0000] {logging_mixin.py:190} INFO - [2025-01-28T22:16:53.961+0000] {dag.py:4180} INFO - Setting next_dagrun for dataset_alias_example_alias_producer_with_no_taskflow to None, run_after=None
[2025-01-28T22:16:53.971+0000] {logging_mixin.py:190} INFO - [2025-01-28T22:16:53.971+0000] {dag.py:4180} INFO - Setting next_dagrun for dataset_s3_bucket_consumer_with_no_taskflow to None, run_after=None
[2025-01-28T22:16:53.974+0000] {logging_mixin.py:190} INFO - [2025-01-28T22:16:53.974+0000] {dag.py:4180} INFO - Setting next_dagrun for dataset_s3_bucket_producer_with_no_taskflow to None, run_after=None
[2025-01-28T22:16:54.008+0000] {processor.py:208} INFO - Processing /home/airflow/.local/lib/python3.12/site-packages/airflow/example_dags/example_dataset_alias_with_no_taskflow.py took 0.728 seconds
[2025-01-28T22:17:25.366+0000] {processor.py:186} INFO - Started process (PID=1087) to work on /home/airflow/.local/lib/python3.12/site-packages/airflow/example_dags/example_dataset_alias_with_no_taskflow.py
[2025-01-28T22:17:25.367+0000] {processor.py:914} INFO - Processing file /home/airflow/.local/lib/python3.12/site-packages/airflow/example_dags/example_dataset_alias_with_no_taskflow.py for tasks to queue
[2025-01-28T22:17:25.370+0000] {logging_mixin.py:190} INFO - [2025-01-28T22:17:25.370+0000] {dagbag.py:588} INFO - Filling up the DagBag from /home/airflow/.local/lib/python3.12/site-packages/airflow/example_dags/example_dataset_alias_with_no_taskflow.py
[2025-01-28T22:17:26.059+0000] {processor.py:925} INFO - DAG(s) 'dataset_s3_bucket_producer_with_no_taskflow', 'dataset_alias_example_alias_producer_with_no_taskflow', 'dataset_alias_example_alias_consumer_with_no_taskflow', 'dataset_s3_bucket_consumer_with_no_taskflow' retrieved from /home/airflow/.local/lib/python3.12/site-packages/airflow/example_dags/example_dataset_alias_with_no_taskflow.py
[2025-01-28T22:17:26.084+0000] {logging_mixin.py:190} INFO - [2025-01-28T22:17:26.083+0000] {dag.py:3239} INFO - Sync 4 DAGs
[2025-01-28T22:17:26.112+0000] {logging_mixin.py:190} INFO - [2025-01-28T22:17:26.112+0000] {dag.py:4180} INFO - Setting next_dagrun for dataset_alias_example_alias_consumer_with_no_taskflow to None, run_after=None
[2025-01-28T22:17:26.116+0000] {logging_mixin.py:190} INFO - [2025-01-28T22:17:26.115+0000] {dag.py:4180} INFO - Setting next_dagrun for dataset_alias_example_alias_producer_with_no_taskflow to None, run_after=None
[2025-01-28T22:17:26.118+0000] {logging_mixin.py:190} INFO - [2025-01-28T22:17:26.118+0000] {dag.py:4180} INFO - Setting next_dagrun for dataset_s3_bucket_consumer_with_no_taskflow to None, run_after=None
[2025-01-28T22:17:26.120+0000] {logging_mixin.py:190} INFO - [2025-01-28T22:17:26.119+0000] {dag.py:4180} INFO - Setting next_dagrun for dataset_s3_bucket_producer_with_no_taskflow to None, run_after=None
[2025-01-28T22:17:26.147+0000] {processor.py:208} INFO - Processing /home/airflow/.local/lib/python3.12/site-packages/airflow/example_dags/example_dataset_alias_with_no_taskflow.py took 0.787 seconds
[2025-01-28T22:17:57.150+0000] {processor.py:186} INFO - Started process (PID=1155) to work on /home/airflow/.local/lib/python3.12/site-packages/airflow/example_dags/example_dataset_alias_with_no_taskflow.py
[2025-01-28T22:17:57.151+0000] {processor.py:914} INFO - Processing file /home/airflow/.local/lib/python3.12/site-packages/airflow/example_dags/example_dataset_alias_with_no_taskflow.py for tasks to queue
[2025-01-28T22:17:57.153+0000] {logging_mixin.py:190} INFO - [2025-01-28T22:17:57.153+0000] {dagbag.py:588} INFO - Filling up the DagBag from /home/airflow/.local/lib/python3.12/site-packages/airflow/example_dags/example_dataset_alias_with_no_taskflow.py
[2025-01-28T22:17:57.790+0000] {processor.py:925} INFO - DAG(s) 'dataset_alias_example_alias_consumer_with_no_taskflow', 'dataset_s3_bucket_producer_with_no_taskflow', 'dataset_alias_example_alias_producer_with_no_taskflow', 'dataset_s3_bucket_consumer_with_no_taskflow' retrieved from /home/airflow/.local/lib/python3.12/site-packages/airflow/example_dags/example_dataset_alias_with_no_taskflow.py
[2025-01-28T22:17:57.813+0000] {logging_mixin.py:190} INFO - [2025-01-28T22:17:57.813+0000] {dag.py:3239} INFO - Sync 4 DAGs
[2025-01-28T22:17:57.838+0000] {logging_mixin.py:190} INFO - [2025-01-28T22:17:57.838+0000] {dag.py:4180} INFO - Setting next_dagrun for dataset_alias_example_alias_consumer_with_no_taskflow to None, run_after=None
[2025-01-28T22:17:57.842+0000] {logging_mixin.py:190} INFO - [2025-01-28T22:17:57.842+0000] {dag.py:4180} INFO - Setting next_dagrun for dataset_alias_example_alias_producer_with_no_taskflow to None, run_after=None
[2025-01-28T22:17:57.844+0000] {logging_mixin.py:190} INFO - [2025-01-28T22:17:57.844+0000] {dag.py:4180} INFO - Setting next_dagrun for dataset_s3_bucket_consumer_with_no_taskflow to None, run_after=None
[2025-01-28T22:17:57.846+0000] {logging_mixin.py:190} INFO - [2025-01-28T22:17:57.846+0000] {dag.py:4180} INFO - Setting next_dagrun for dataset_s3_bucket_producer_with_no_taskflow to None, run_after=None
[2025-01-28T22:17:57.873+0000] {processor.py:208} INFO - Processing /home/airflow/.local/lib/python3.12/site-packages/airflow/example_dags/example_dataset_alias_with_no_taskflow.py took 0.730 seconds
[2025-01-28T22:18:28.135+0000] {processor.py:186} INFO - Started process (PID=1218) to work on /home/airflow/.local/lib/python3.12/site-packages/airflow/example_dags/example_dataset_alias_with_no_taskflow.py
[2025-01-28T22:18:28.136+0000] {processor.py:914} INFO - Processing file /home/airflow/.local/lib/python3.12/site-packages/airflow/example_dags/example_dataset_alias_with_no_taskflow.py for tasks to queue
[2025-01-28T22:18:28.140+0000] {logging_mixin.py:190} INFO - [2025-01-28T22:18:28.139+0000] {dagbag.py:588} INFO - Filling up the DagBag from /home/airflow/.local/lib/python3.12/site-packages/airflow/example_dags/example_dataset_alias_with_no_taskflow.py
[2025-01-28T22:18:28.781+0000] {processor.py:925} INFO - DAG(s) 'dataset_s3_bucket_consumer_with_no_taskflow', 'dataset_alias_example_alias_producer_with_no_taskflow', 'dataset_alias_example_alias_consumer_with_no_taskflow', 'dataset_s3_bucket_producer_with_no_taskflow' retrieved from /home/airflow/.local/lib/python3.12/site-packages/airflow/example_dags/example_dataset_alias_with_no_taskflow.py
[2025-01-28T22:18:28.811+0000] {logging_mixin.py:190} INFO - [2025-01-28T22:18:28.811+0000] {dag.py:3239} INFO - Sync 4 DAGs
[2025-01-28T22:18:28.838+0000] {logging_mixin.py:190} INFO - [2025-01-28T22:18:28.838+0000] {dag.py:4180} INFO - Setting next_dagrun for dataset_alias_example_alias_consumer_with_no_taskflow to None, run_after=None
[2025-01-28T22:18:28.842+0000] {logging_mixin.py:190} INFO - [2025-01-28T22:18:28.842+0000] {dag.py:4180} INFO - Setting next_dagrun for dataset_alias_example_alias_producer_with_no_taskflow to None, run_after=None
[2025-01-28T22:18:28.851+0000] {logging_mixin.py:190} INFO - [2025-01-28T22:18:28.851+0000] {dag.py:4180} INFO - Setting next_dagrun for dataset_s3_bucket_consumer_with_no_taskflow to None, run_after=None
[2025-01-28T22:18:28.867+0000] {logging_mixin.py:190} INFO - [2025-01-28T22:18:28.867+0000] {dag.py:4180} INFO - Setting next_dagrun for dataset_s3_bucket_producer_with_no_taskflow to None, run_after=None
[2025-01-28T22:18:28.910+0000] {processor.py:208} INFO - Processing /home/airflow/.local/lib/python3.12/site-packages/airflow/example_dags/example_dataset_alias_with_no_taskflow.py took 0.786 seconds
[2025-01-28T22:18:59.328+0000] {processor.py:186} INFO - Started process (PID=1276) to work on /home/airflow/.local/lib/python3.12/site-packages/airflow/example_dags/example_dataset_alias_with_no_taskflow.py
[2025-01-28T22:18:59.329+0000] {processor.py:914} INFO - Processing file /home/airflow/.local/lib/python3.12/site-packages/airflow/example_dags/example_dataset_alias_with_no_taskflow.py for tasks to queue
[2025-01-28T22:18:59.332+0000] {logging_mixin.py:190} INFO - [2025-01-28T22:18:59.332+0000] {dagbag.py:588} INFO - Filling up the DagBag from /home/airflow/.local/lib/python3.12/site-packages/airflow/example_dags/example_dataset_alias_with_no_taskflow.py
[2025-01-28T22:19:00.009+0000] {processor.py:925} INFO - DAG(s) 'dataset_s3_bucket_producer_with_no_taskflow', 'dataset_s3_bucket_consumer_with_no_taskflow', 'dataset_alias_example_alias_consumer_with_no_taskflow', 'dataset_alias_example_alias_producer_with_no_taskflow' retrieved from /home/airflow/.local/lib/python3.12/site-packages/airflow/example_dags/example_dataset_alias_with_no_taskflow.py
[2025-01-28T22:19:00.035+0000] {logging_mixin.py:190} INFO - [2025-01-28T22:19:00.034+0000] {dag.py:3239} INFO - Sync 4 DAGs
[2025-01-28T22:19:00.062+0000] {logging_mixin.py:190} INFO - [2025-01-28T22:19:00.061+0000] {dag.py:4180} INFO - Setting next_dagrun for dataset_alias_example_alias_consumer_with_no_taskflow to None, run_after=None
[2025-01-28T22:19:00.065+0000] {logging_mixin.py:190} INFO - [2025-01-28T22:19:00.065+0000] {dag.py:4180} INFO - Setting next_dagrun for dataset_alias_example_alias_producer_with_no_taskflow to None, run_after=None
[2025-01-28T22:19:00.067+0000] {logging_mixin.py:190} INFO - [2025-01-28T22:19:00.067+0000] {dag.py:4180} INFO - Setting next_dagrun for dataset_s3_bucket_consumer_with_no_taskflow to None, run_after=None
[2025-01-28T22:19:00.069+0000] {logging_mixin.py:190} INFO - [2025-01-28T22:19:00.069+0000] {dag.py:4180} INFO - Setting next_dagrun for dataset_s3_bucket_producer_with_no_taskflow to None, run_after=None
[2025-01-28T22:19:00.097+0000] {processor.py:208} INFO - Processing /home/airflow/.local/lib/python3.12/site-packages/airflow/example_dags/example_dataset_alias_with_no_taskflow.py took 0.776 seconds
[2025-01-28T22:19:30.840+0000] {processor.py:186} INFO - Started process (PID=1339) to work on /home/airflow/.local/lib/python3.12/site-packages/airflow/example_dags/example_dataset_alias_with_no_taskflow.py
[2025-01-28T22:19:30.842+0000] {processor.py:914} INFO - Processing file /home/airflow/.local/lib/python3.12/site-packages/airflow/example_dags/example_dataset_alias_with_no_taskflow.py for tasks to queue
[2025-01-28T22:19:30.845+0000] {logging_mixin.py:190} INFO - [2025-01-28T22:19:30.845+0000] {dagbag.py:588} INFO - Filling up the DagBag from /home/airflow/.local/lib/python3.12/site-packages/airflow/example_dags/example_dataset_alias_with_no_taskflow.py
[2025-01-28T22:19:31.487+0000] {processor.py:925} INFO - DAG(s) 'dataset_s3_bucket_consumer_with_no_taskflow', 'dataset_alias_example_alias_consumer_with_no_taskflow', 'dataset_s3_bucket_producer_with_no_taskflow', 'dataset_alias_example_alias_producer_with_no_taskflow' retrieved from /home/airflow/.local/lib/python3.12/site-packages/airflow/example_dags/example_dataset_alias_with_no_taskflow.py
[2025-01-28T22:19:31.512+0000] {logging_mixin.py:190} INFO - [2025-01-28T22:19:31.511+0000] {dag.py:3239} INFO - Sync 4 DAGs
[2025-01-28T22:19:31.537+0000] {logging_mixin.py:190} INFO - [2025-01-28T22:19:31.536+0000] {dag.py:4180} INFO - Setting next_dagrun for dataset_alias_example_alias_consumer_with_no_taskflow to None, run_after=None
[2025-01-28T22:19:31.540+0000] {logging_mixin.py:190} INFO - [2025-01-28T22:19:31.539+0000] {dag.py:4180} INFO - Setting next_dagrun for dataset_alias_example_alias_producer_with_no_taskflow to None, run_after=None
[2025-01-28T22:19:31.542+0000] {logging_mixin.py:190} INFO - [2025-01-28T22:19:31.542+0000] {dag.py:4180} INFO - Setting next_dagrun for dataset_s3_bucket_consumer_with_no_taskflow to None, run_after=None
[2025-01-28T22:19:31.544+0000] {logging_mixin.py:190} INFO - [2025-01-28T22:19:31.543+0000] {dag.py:4180} INFO - Setting next_dagrun for dataset_s3_bucket_producer_with_no_taskflow to None, run_after=None
[2025-01-28T22:19:31.572+0000] {processor.py:208} INFO - Processing /home/airflow/.local/lib/python3.12/site-packages/airflow/example_dags/example_dataset_alias_with_no_taskflow.py took 0.738 seconds
[2025-01-28T22:20:01.911+0000] {processor.py:186} INFO - Started process (PID=1403) to work on /home/airflow/.local/lib/python3.12/site-packages/airflow/example_dags/example_dataset_alias_with_no_taskflow.py
[2025-01-28T22:20:01.913+0000] {processor.py:914} INFO - Processing file /home/airflow/.local/lib/python3.12/site-packages/airflow/example_dags/example_dataset_alias_with_no_taskflow.py for tasks to queue
[2025-01-28T22:20:01.915+0000] {logging_mixin.py:190} INFO - [2025-01-28T22:20:01.915+0000] {dagbag.py:588} INFO - Filling up the DagBag from /home/airflow/.local/lib/python3.12/site-packages/airflow/example_dags/example_dataset_alias_with_no_taskflow.py
[2025-01-28T22:20:02.559+0000] {processor.py:925} INFO - DAG(s) 'dataset_s3_bucket_consumer_with_no_taskflow', 'dataset_alias_example_alias_producer_with_no_taskflow', 'dataset_s3_bucket_producer_with_no_taskflow', 'dataset_alias_example_alias_consumer_with_no_taskflow' retrieved from /home/airflow/.local/lib/python3.12/site-packages/airflow/example_dags/example_dataset_alias_with_no_taskflow.py
[2025-01-28T22:20:02.584+0000] {logging_mixin.py:190} INFO - [2025-01-28T22:20:02.584+0000] {dag.py:3239} INFO - Sync 4 DAGs
[2025-01-28T22:20:02.610+0000] {logging_mixin.py:190} INFO - [2025-01-28T22:20:02.609+0000] {dag.py:4180} INFO - Setting next_dagrun for dataset_alias_example_alias_consumer_with_no_taskflow to None, run_after=None
[2025-01-28T22:20:02.613+0000] {logging_mixin.py:190} INFO - [2025-01-28T22:20:02.613+0000] {dag.py:4180} INFO - Setting next_dagrun for dataset_alias_example_alias_producer_with_no_taskflow to None, run_after=None
[2025-01-28T22:20:02.615+0000] {logging_mixin.py:190} INFO - [2025-01-28T22:20:02.615+0000] {dag.py:4180} INFO - Setting next_dagrun for dataset_s3_bucket_consumer_with_no_taskflow to None, run_after=None
[2025-01-28T22:20:02.617+0000] {logging_mixin.py:190} INFO - [2025-01-28T22:20:02.617+0000] {dag.py:4180} INFO - Setting next_dagrun for dataset_s3_bucket_producer_with_no_taskflow to None, run_after=None
[2025-01-28T22:20:02.646+0000] {processor.py:208} INFO - Processing /home/airflow/.local/lib/python3.12/site-packages/airflow/example_dags/example_dataset_alias_with_no_taskflow.py took 0.741 seconds
[2025-01-28T22:20:32.885+0000] {processor.py:186} INFO - Started process (PID=1466) to work on /home/airflow/.local/lib/python3.12/site-packages/airflow/example_dags/example_dataset_alias_with_no_taskflow.py
[2025-01-28T22:20:32.887+0000] {processor.py:914} INFO - Processing file /home/airflow/.local/lib/python3.12/site-packages/airflow/example_dags/example_dataset_alias_with_no_taskflow.py for tasks to queue
[2025-01-28T22:20:32.890+0000] {logging_mixin.py:190} INFO - [2025-01-28T22:20:32.889+0000] {dagbag.py:588} INFO - Filling up the DagBag from /home/airflow/.local/lib/python3.12/site-packages/airflow/example_dags/example_dataset_alias_with_no_taskflow.py
[2025-01-28T22:20:33.555+0000] {processor.py:925} INFO - DAG(s) 'dataset_alias_example_alias_consumer_with_no_taskflow', 'dataset_alias_example_alias_producer_with_no_taskflow', 'dataset_s3_bucket_producer_with_no_taskflow', 'dataset_s3_bucket_consumer_with_no_taskflow' retrieved from /home/airflow/.local/lib/python3.12/site-packages/airflow/example_dags/example_dataset_alias_with_no_taskflow.py
[2025-01-28T22:20:33.579+0000] {logging_mixin.py:190} INFO - [2025-01-28T22:20:33.579+0000] {dag.py:3239} INFO - Sync 4 DAGs
[2025-01-28T22:20:33.604+0000] {logging_mixin.py:190} INFO - [2025-01-28T22:20:33.604+0000] {dag.py:4180} INFO - Setting next_dagrun for dataset_alias_example_alias_consumer_with_no_taskflow to None, run_after=None
[2025-01-28T22:20:33.608+0000] {logging_mixin.py:190} INFO - [2025-01-28T22:20:33.608+0000] {dag.py:4180} INFO - Setting next_dagrun for dataset_alias_example_alias_producer_with_no_taskflow to None, run_after=None
[2025-01-28T22:20:33.610+0000] {logging_mixin.py:190} INFO - [2025-01-28T22:20:33.610+0000] {dag.py:4180} INFO - Setting next_dagrun for dataset_s3_bucket_consumer_with_no_taskflow to None, run_after=None
[2025-01-28T22:20:33.612+0000] {logging_mixin.py:190} INFO - [2025-01-28T22:20:33.612+0000] {dag.py:4180} INFO - Setting next_dagrun for dataset_s3_bucket_producer_with_no_taskflow to None, run_after=None
[2025-01-28T22:20:33.639+0000] {processor.py:208} INFO - Processing /home/airflow/.local/lib/python3.12/site-packages/airflow/example_dags/example_dataset_alias_with_no_taskflow.py took 0.762 seconds
[2025-01-28T22:21:05.517+0000] {processor.py:186} INFO - Started process (PID=1538) to work on /home/airflow/.local/lib/python3.12/site-packages/airflow/example_dags/example_dataset_alias_with_no_taskflow.py
[2025-01-28T22:21:05.519+0000] {processor.py:914} INFO - Processing file /home/airflow/.local/lib/python3.12/site-packages/airflow/example_dags/example_dataset_alias_with_no_taskflow.py for tasks to queue
[2025-01-28T22:21:05.524+0000] {logging_mixin.py:190} INFO - [2025-01-28T22:21:05.523+0000] {dagbag.py:588} INFO - Filling up the DagBag from /home/airflow/.local/lib/python3.12/site-packages/airflow/example_dags/example_dataset_alias_with_no_taskflow.py
[2025-01-28T22:21:06.220+0000] {processor.py:925} INFO - DAG(s) 'dataset_s3_bucket_producer_with_no_taskflow', 'dataset_alias_example_alias_producer_with_no_taskflow', 'dataset_s3_bucket_consumer_with_no_taskflow', 'dataset_alias_example_alias_consumer_with_no_taskflow' retrieved from /home/airflow/.local/lib/python3.12/site-packages/airflow/example_dags/example_dataset_alias_with_no_taskflow.py
[2025-01-28T22:21:06.253+0000] {logging_mixin.py:190} INFO - [2025-01-28T22:21:06.252+0000] {dag.py:3239} INFO - Sync 4 DAGs
[2025-01-28T22:21:06.278+0000] {logging_mixin.py:190} INFO - [2025-01-28T22:21:06.277+0000] {dag.py:4180} INFO - Setting next_dagrun for dataset_alias_example_alias_consumer_with_no_taskflow to None, run_after=None
[2025-01-28T22:21:06.281+0000] {logging_mixin.py:190} INFO - [2025-01-28T22:21:06.281+0000] {dag.py:4180} INFO - Setting next_dagrun for dataset_alias_example_alias_producer_with_no_taskflow to None, run_after=None
[2025-01-28T22:21:06.284+0000] {logging_mixin.py:190} INFO - [2025-01-28T22:21:06.284+0000] {dag.py:4180} INFO - Setting next_dagrun for dataset_s3_bucket_consumer_with_no_taskflow to None, run_after=None
[2025-01-28T22:21:06.286+0000] {logging_mixin.py:190} INFO - [2025-01-28T22:21:06.286+0000] {dag.py:4180} INFO - Setting next_dagrun for dataset_s3_bucket_producer_with_no_taskflow to None, run_after=None
[2025-01-28T22:21:06.316+0000] {processor.py:208} INFO - Processing /home/airflow/.local/lib/python3.12/site-packages/airflow/example_dags/example_dataset_alias_with_no_taskflow.py took 0.806 seconds
[2025-01-28T22:21:36.884+0000] {processor.py:186} INFO - Started process (PID=1607) to work on /home/airflow/.local/lib/python3.12/site-packages/airflow/example_dags/example_dataset_alias_with_no_taskflow.py
[2025-01-28T22:21:36.885+0000] {processor.py:914} INFO - Processing file /home/airflow/.local/lib/python3.12/site-packages/airflow/example_dags/example_dataset_alias_with_no_taskflow.py for tasks to queue
[2025-01-28T22:21:36.889+0000] {logging_mixin.py:190} INFO - [2025-01-28T22:21:36.888+0000] {dagbag.py:588} INFO - Filling up the DagBag from /home/airflow/.local/lib/python3.12/site-packages/airflow/example_dags/example_dataset_alias_with_no_taskflow.py
[2025-01-28T22:21:37.524+0000] {processor.py:925} INFO - DAG(s) 'dataset_s3_bucket_consumer_with_no_taskflow', 'dataset_alias_example_alias_consumer_with_no_taskflow', 'dataset_alias_example_alias_producer_with_no_taskflow', 'dataset_s3_bucket_producer_with_no_taskflow' retrieved from /home/airflow/.local/lib/python3.12/site-packages/airflow/example_dags/example_dataset_alias_with_no_taskflow.py
[2025-01-28T22:21:37.549+0000] {logging_mixin.py:190} INFO - [2025-01-28T22:21:37.549+0000] {dag.py:3239} INFO - Sync 4 DAGs
[2025-01-28T22:21:37.574+0000] {logging_mixin.py:190} INFO - [2025-01-28T22:21:37.574+0000] {dag.py:4180} INFO - Setting next_dagrun for dataset_alias_example_alias_consumer_with_no_taskflow to None, run_after=None
[2025-01-28T22:21:37.578+0000] {logging_mixin.py:190} INFO - [2025-01-28T22:21:37.577+0000] {dag.py:4180} INFO - Setting next_dagrun for dataset_alias_example_alias_producer_with_no_taskflow to None, run_after=None
[2025-01-28T22:21:37.580+0000] {logging_mixin.py:190} INFO - [2025-01-28T22:21:37.580+0000] {dag.py:4180} INFO - Setting next_dagrun for dataset_s3_bucket_consumer_with_no_taskflow to None, run_after=None
[2025-01-28T22:21:37.582+0000] {logging_mixin.py:190} INFO - [2025-01-28T22:21:37.582+0000] {dag.py:4180} INFO - Setting next_dagrun for dataset_s3_bucket_producer_with_no_taskflow to None, run_after=None
[2025-01-28T22:21:37.621+0000] {processor.py:208} INFO - Processing /home/airflow/.local/lib/python3.12/site-packages/airflow/example_dags/example_dataset_alias_with_no_taskflow.py took 0.744 seconds
[2025-01-28T22:22:08.386+0000] {processor.py:186} INFO - Started process (PID=1670) to work on /home/airflow/.local/lib/python3.12/site-packages/airflow/example_dags/example_dataset_alias_with_no_taskflow.py
[2025-01-28T22:22:08.388+0000] {processor.py:914} INFO - Processing file /home/airflow/.local/lib/python3.12/site-packages/airflow/example_dags/example_dataset_alias_with_no_taskflow.py for tasks to queue
[2025-01-28T22:22:08.391+0000] {logging_mixin.py:190} INFO - [2025-01-28T22:22:08.390+0000] {dagbag.py:588} INFO - Filling up the DagBag from /home/airflow/.local/lib/python3.12/site-packages/airflow/example_dags/example_dataset_alias_with_no_taskflow.py
[2025-01-28T22:22:09.026+0000] {processor.py:925} INFO - DAG(s) 'dataset_alias_example_alias_consumer_with_no_taskflow', 'dataset_s3_bucket_consumer_with_no_taskflow', 'dataset_alias_example_alias_producer_with_no_taskflow', 'dataset_s3_bucket_producer_with_no_taskflow' retrieved from /home/airflow/.local/lib/python3.12/site-packages/airflow/example_dags/example_dataset_alias_with_no_taskflow.py
[2025-01-28T22:22:09.053+0000] {logging_mixin.py:190} INFO - [2025-01-28T22:22:09.053+0000] {dag.py:3239} INFO - Sync 4 DAGs
[2025-01-28T22:22:09.083+0000] {logging_mixin.py:190} INFO - [2025-01-28T22:22:09.082+0000] {dag.py:4180} INFO - Setting next_dagrun for dataset_alias_example_alias_consumer_with_no_taskflow to None, run_after=None
[2025-01-28T22:22:09.086+0000] {logging_mixin.py:190} INFO - [2025-01-28T22:22:09.086+0000] {dag.py:4180} INFO - Setting next_dagrun for dataset_alias_example_alias_producer_with_no_taskflow to None, run_after=None
[2025-01-28T22:22:09.089+0000] {logging_mixin.py:190} INFO - [2025-01-28T22:22:09.088+0000] {dag.py:4180} INFO - Setting next_dagrun for dataset_s3_bucket_consumer_with_no_taskflow to None, run_after=None
[2025-01-28T22:22:09.090+0000] {logging_mixin.py:190} INFO - [2025-01-28T22:22:09.090+0000] {dag.py:4180} INFO - Setting next_dagrun for dataset_s3_bucket_producer_with_no_taskflow to None, run_after=None
[2025-01-28T22:22:09.124+0000] {processor.py:208} INFO - Processing /home/airflow/.local/lib/python3.12/site-packages/airflow/example_dags/example_dataset_alias_with_no_taskflow.py took 0.744 seconds
[2025-01-28T22:22:39.551+0000] {processor.py:186} INFO - Started process (PID=1732) to work on /home/airflow/.local/lib/python3.12/site-packages/airflow/example_dags/example_dataset_alias_with_no_taskflow.py
[2025-01-28T22:22:39.552+0000] {processor.py:914} INFO - Processing file /home/airflow/.local/lib/python3.12/site-packages/airflow/example_dags/example_dataset_alias_with_no_taskflow.py for tasks to queue
[2025-01-28T22:22:39.555+0000] {logging_mixin.py:190} INFO - [2025-01-28T22:22:39.554+0000] {dagbag.py:588} INFO - Filling up the DagBag from /home/airflow/.local/lib/python3.12/site-packages/airflow/example_dags/example_dataset_alias_with_no_taskflow.py
[2025-01-28T22:22:40.172+0000] {processor.py:925} INFO - DAG(s) 'dataset_s3_bucket_producer_with_no_taskflow', 'dataset_s3_bucket_consumer_with_no_taskflow', 'dataset_alias_example_alias_consumer_with_no_taskflow', 'dataset_alias_example_alias_producer_with_no_taskflow' retrieved from /home/airflow/.local/lib/python3.12/site-packages/airflow/example_dags/example_dataset_alias_with_no_taskflow.py
[2025-01-28T22:22:40.195+0000] {logging_mixin.py:190} INFO - [2025-01-28T22:22:40.195+0000] {dag.py:3239} INFO - Sync 4 DAGs
[2025-01-28T22:22:40.223+0000] {logging_mixin.py:190} INFO - [2025-01-28T22:22:40.222+0000] {dag.py:4180} INFO - Setting next_dagrun for dataset_alias_example_alias_consumer_with_no_taskflow to None, run_after=None
[2025-01-28T22:22:40.227+0000] {logging_mixin.py:190} INFO - [2025-01-28T22:22:40.226+0000] {dag.py:4180} INFO - Setting next_dagrun for dataset_alias_example_alias_producer_with_no_taskflow to None, run_after=None
[2025-01-28T22:22:40.229+0000] {logging_mixin.py:190} INFO - [2025-01-28T22:22:40.228+0000] {dag.py:4180} INFO - Setting next_dagrun for dataset_s3_bucket_consumer_with_no_taskflow to None, run_after=None
[2025-01-28T22:22:40.230+0000] {logging_mixin.py:190} INFO - [2025-01-28T22:22:40.230+0000] {dag.py:4180} INFO - Setting next_dagrun for dataset_s3_bucket_producer_with_no_taskflow to None, run_after=None
[2025-01-28T22:22:40.258+0000] {processor.py:208} INFO - Processing /home/airflow/.local/lib/python3.12/site-packages/airflow/example_dags/example_dataset_alias_with_no_taskflow.py took 0.714 seconds
[2025-01-28T22:23:11.717+0000] {processor.py:186} INFO - Started process (PID=1796) to work on /home/airflow/.local/lib/python3.12/site-packages/airflow/example_dags/example_dataset_alias_with_no_taskflow.py
[2025-01-28T22:23:11.719+0000] {processor.py:914} INFO - Processing file /home/airflow/.local/lib/python3.12/site-packages/airflow/example_dags/example_dataset_alias_with_no_taskflow.py for tasks to queue
[2025-01-28T22:23:11.722+0000] {logging_mixin.py:190} INFO - [2025-01-28T22:23:11.722+0000] {dagbag.py:588} INFO - Filling up the DagBag from /home/airflow/.local/lib/python3.12/site-packages/airflow/example_dags/example_dataset_alias_with_no_taskflow.py
[2025-01-28T22:23:12.350+0000] {processor.py:925} INFO - DAG(s) 'dataset_alias_example_alias_consumer_with_no_taskflow', 'dataset_s3_bucket_producer_with_no_taskflow', 'dataset_s3_bucket_consumer_with_no_taskflow', 'dataset_alias_example_alias_producer_with_no_taskflow' retrieved from /home/airflow/.local/lib/python3.12/site-packages/airflow/example_dags/example_dataset_alias_with_no_taskflow.py
[2025-01-28T22:23:12.376+0000] {logging_mixin.py:190} INFO - [2025-01-28T22:23:12.375+0000] {dag.py:3239} INFO - Sync 4 DAGs
[2025-01-28T22:23:12.401+0000] {logging_mixin.py:190} INFO - [2025-01-28T22:23:12.401+0000] {dag.py:4180} INFO - Setting next_dagrun for dataset_alias_example_alias_consumer_with_no_taskflow to None, run_after=None
[2025-01-28T22:23:12.405+0000] {logging_mixin.py:190} INFO - [2025-01-28T22:23:12.404+0000] {dag.py:4180} INFO - Setting next_dagrun for dataset_alias_example_alias_producer_with_no_taskflow to None, run_after=None
[2025-01-28T22:23:12.407+0000] {logging_mixin.py:190} INFO - [2025-01-28T22:23:12.407+0000] {dag.py:4180} INFO - Setting next_dagrun for dataset_s3_bucket_consumer_with_no_taskflow to None, run_after=None
[2025-01-28T22:23:12.409+0000] {logging_mixin.py:190} INFO - [2025-01-28T22:23:12.409+0000] {dag.py:4180} INFO - Setting next_dagrun for dataset_s3_bucket_producer_with_no_taskflow to None, run_after=None
[2025-01-28T22:23:12.438+0000] {processor.py:208} INFO - Processing /home/airflow/.local/lib/python3.12/site-packages/airflow/example_dags/example_dataset_alias_with_no_taskflow.py took 0.727 seconds
[2025-01-28T22:23:43.120+0000] {processor.py:186} INFO - Started process (PID=1859) to work on /home/airflow/.local/lib/python3.12/site-packages/airflow/example_dags/example_dataset_alias_with_no_taskflow.py
[2025-01-28T22:23:43.122+0000] {processor.py:914} INFO - Processing file /home/airflow/.local/lib/python3.12/site-packages/airflow/example_dags/example_dataset_alias_with_no_taskflow.py for tasks to queue
[2025-01-28T22:23:43.125+0000] {logging_mixin.py:190} INFO - [2025-01-28T22:23:43.125+0000] {dagbag.py:588} INFO - Filling up the DagBag from /home/airflow/.local/lib/python3.12/site-packages/airflow/example_dags/example_dataset_alias_with_no_taskflow.py
[2025-01-28T22:23:43.753+0000] {processor.py:925} INFO - DAG(s) 'dataset_alias_example_alias_producer_with_no_taskflow', 'dataset_s3_bucket_producer_with_no_taskflow', 'dataset_s3_bucket_consumer_with_no_taskflow', 'dataset_alias_example_alias_consumer_with_no_taskflow' retrieved from /home/airflow/.local/lib/python3.12/site-packages/airflow/example_dags/example_dataset_alias_with_no_taskflow.py
[2025-01-28T22:23:43.780+0000] {logging_mixin.py:190} INFO - [2025-01-28T22:23:43.780+0000] {dag.py:3239} INFO - Sync 4 DAGs
[2025-01-28T22:23:43.805+0000] {logging_mixin.py:190} INFO - [2025-01-28T22:23:43.804+0000] {dag.py:4180} INFO - Setting next_dagrun for dataset_alias_example_alias_consumer_with_no_taskflow to None, run_after=None
[2025-01-28T22:23:43.808+0000] {logging_mixin.py:190} INFO - [2025-01-28T22:23:43.808+0000] {dag.py:4180} INFO - Setting next_dagrun for dataset_alias_example_alias_producer_with_no_taskflow to None, run_after=None
[2025-01-28T22:23:43.810+0000] {logging_mixin.py:190} INFO - [2025-01-28T22:23:43.810+0000] {dag.py:4180} INFO - Setting next_dagrun for dataset_s3_bucket_consumer_with_no_taskflow to None, run_after=None
[2025-01-28T22:23:43.812+0000] {logging_mixin.py:190} INFO - [2025-01-28T22:23:43.812+0000] {dag.py:4180} INFO - Setting next_dagrun for dataset_s3_bucket_producer_with_no_taskflow to None, run_after=None
[2025-01-28T22:23:43.840+0000] {processor.py:208} INFO - Processing /home/airflow/.local/lib/python3.12/site-packages/airflow/example_dags/example_dataset_alias_with_no_taskflow.py took 0.727 seconds
[2025-01-28T22:24:14.338+0000] {processor.py:186} INFO - Started process (PID=1922) to work on /home/airflow/.local/lib/python3.12/site-packages/airflow/example_dags/example_dataset_alias_with_no_taskflow.py
[2025-01-28T22:24:14.340+0000] {processor.py:914} INFO - Processing file /home/airflow/.local/lib/python3.12/site-packages/airflow/example_dags/example_dataset_alias_with_no_taskflow.py for tasks to queue
[2025-01-28T22:24:14.345+0000] {logging_mixin.py:190} INFO - [2025-01-28T22:24:14.345+0000] {dagbag.py:588} INFO - Filling up the DagBag from /home/airflow/.local/lib/python3.12/site-packages/airflow/example_dags/example_dataset_alias_with_no_taskflow.py
[2025-01-28T22:24:15.031+0000] {processor.py:925} INFO - DAG(s) 'dataset_s3_bucket_producer_with_no_taskflow', 'dataset_alias_example_alias_consumer_with_no_taskflow', 'dataset_alias_example_alias_producer_with_no_taskflow', 'dataset_s3_bucket_consumer_with_no_taskflow' retrieved from /home/airflow/.local/lib/python3.12/site-packages/airflow/example_dags/example_dataset_alias_with_no_taskflow.py
[2025-01-28T22:24:15.061+0000] {logging_mixin.py:190} INFO - [2025-01-28T22:24:15.061+0000] {dag.py:3239} INFO - Sync 4 DAGs
[2025-01-28T22:24:15.089+0000] {logging_mixin.py:190} INFO - [2025-01-28T22:24:15.089+0000] {dag.py:4180} INFO - Setting next_dagrun for dataset_alias_example_alias_consumer_with_no_taskflow to None, run_after=None
[2025-01-28T22:24:15.094+0000] {logging_mixin.py:190} INFO - [2025-01-28T22:24:15.094+0000] {dag.py:4180} INFO - Setting next_dagrun for dataset_alias_example_alias_producer_with_no_taskflow to None, run_after=None
[2025-01-28T22:24:15.097+0000] {logging_mixin.py:190} INFO - [2025-01-28T22:24:15.096+0000] {dag.py:4180} INFO - Setting next_dagrun for dataset_s3_bucket_consumer_with_no_taskflow to None, run_after=None
[2025-01-28T22:24:15.099+0000] {logging_mixin.py:190} INFO - [2025-01-28T22:24:15.099+0000] {dag.py:4180} INFO - Setting next_dagrun for dataset_s3_bucket_producer_with_no_taskflow to None, run_after=None
[2025-01-28T22:24:15.131+0000] {processor.py:208} INFO - Processing /home/airflow/.local/lib/python3.12/site-packages/airflow/example_dags/example_dataset_alias_with_no_taskflow.py took 0.799 seconds
[2025-01-28T22:24:45.700+0000] {processor.py:186} INFO - Started process (PID=1982) to work on /home/airflow/.local/lib/python3.12/site-packages/airflow/example_dags/example_dataset_alias_with_no_taskflow.py
[2025-01-28T22:24:45.702+0000] {processor.py:914} INFO - Processing file /home/airflow/.local/lib/python3.12/site-packages/airflow/example_dags/example_dataset_alias_with_no_taskflow.py for tasks to queue
[2025-01-28T22:24:45.705+0000] {logging_mixin.py:190} INFO - [2025-01-28T22:24:45.705+0000] {dagbag.py:588} INFO - Filling up the DagBag from /home/airflow/.local/lib/python3.12/site-packages/airflow/example_dags/example_dataset_alias_with_no_taskflow.py
[2025-01-28T22:24:46.449+0000] {processor.py:925} INFO - DAG(s) 'dataset_alias_example_alias_consumer_with_no_taskflow', 'dataset_alias_example_alias_producer_with_no_taskflow', 'dataset_s3_bucket_consumer_with_no_taskflow', 'dataset_s3_bucket_producer_with_no_taskflow' retrieved from /home/airflow/.local/lib/python3.12/site-packages/airflow/example_dags/example_dataset_alias_with_no_taskflow.py
[2025-01-28T22:24:46.475+0000] {logging_mixin.py:190} INFO - [2025-01-28T22:24:46.475+0000] {dag.py:3239} INFO - Sync 4 DAGs
[2025-01-28T22:24:46.505+0000] {logging_mixin.py:190} INFO - [2025-01-28T22:24:46.505+0000] {dag.py:4180} INFO - Setting next_dagrun for dataset_alias_example_alias_consumer_with_no_taskflow to None, run_after=None
[2025-01-28T22:24:46.509+0000] {logging_mixin.py:190} INFO - [2025-01-28T22:24:46.509+0000] {dag.py:4180} INFO - Setting next_dagrun for dataset_alias_example_alias_producer_with_no_taskflow to None, run_after=None
[2025-01-28T22:24:46.513+0000] {logging_mixin.py:190} INFO - [2025-01-28T22:24:46.513+0000] {dag.py:4180} INFO - Setting next_dagrun for dataset_s3_bucket_consumer_with_no_taskflow to None, run_after=None
[2025-01-28T22:24:46.516+0000] {logging_mixin.py:190} INFO - [2025-01-28T22:24:46.516+0000] {dag.py:4180} INFO - Setting next_dagrun for dataset_s3_bucket_producer_with_no_taskflow to None, run_after=None
[2025-01-28T22:24:46.546+0000] {processor.py:208} INFO - Processing /home/airflow/.local/lib/python3.12/site-packages/airflow/example_dags/example_dataset_alias_with_no_taskflow.py took 0.853 seconds
[2025-01-28T22:25:17.525+0000] {processor.py:186} INFO - Started process (PID=2048) to work on /home/airflow/.local/lib/python3.12/site-packages/airflow/example_dags/example_dataset_alias_with_no_taskflow.py
[2025-01-28T22:25:17.527+0000] {processor.py:914} INFO - Processing file /home/airflow/.local/lib/python3.12/site-packages/airflow/example_dags/example_dataset_alias_with_no_taskflow.py for tasks to queue
[2025-01-28T22:25:17.530+0000] {logging_mixin.py:190} INFO - [2025-01-28T22:25:17.530+0000] {dagbag.py:588} INFO - Filling up the DagBag from /home/airflow/.local/lib/python3.12/site-packages/airflow/example_dags/example_dataset_alias_with_no_taskflow.py
[2025-01-28T22:25:18.158+0000] {processor.py:925} INFO - DAG(s) 'dataset_alias_example_alias_consumer_with_no_taskflow', 'dataset_alias_example_alias_producer_with_no_taskflow', 'dataset_s3_bucket_consumer_with_no_taskflow', 'dataset_s3_bucket_producer_with_no_taskflow' retrieved from /home/airflow/.local/lib/python3.12/site-packages/airflow/example_dags/example_dataset_alias_with_no_taskflow.py
[2025-01-28T22:25:18.184+0000] {logging_mixin.py:190} INFO - [2025-01-28T22:25:18.183+0000] {dag.py:3239} INFO - Sync 4 DAGs
[2025-01-28T22:25:18.210+0000] {logging_mixin.py:190} INFO - [2025-01-28T22:25:18.210+0000] {dag.py:4180} INFO - Setting next_dagrun for dataset_alias_example_alias_consumer_with_no_taskflow to None, run_after=None
[2025-01-28T22:25:18.214+0000] {logging_mixin.py:190} INFO - [2025-01-28T22:25:18.214+0000] {dag.py:4180} INFO - Setting next_dagrun for dataset_alias_example_alias_producer_with_no_taskflow to None, run_after=None
[2025-01-28T22:25:18.216+0000] {logging_mixin.py:190} INFO - [2025-01-28T22:25:18.216+0000] {dag.py:4180} INFO - Setting next_dagrun for dataset_s3_bucket_consumer_with_no_taskflow to None, run_after=None
[2025-01-28T22:25:18.218+0000] {logging_mixin.py:190} INFO - [2025-01-28T22:25:18.218+0000] {dag.py:4180} INFO - Setting next_dagrun for dataset_s3_bucket_producer_with_no_taskflow to None, run_after=None
[2025-01-28T22:25:18.247+0000] {processor.py:208} INFO - Processing /home/airflow/.local/lib/python3.12/site-packages/airflow/example_dags/example_dataset_alias_with_no_taskflow.py took 0.728 seconds
[2025-01-28T22:28:51.653+0000] {processor.py:186} INFO - Started process (PID=147) to work on /home/airflow/.local/lib/python3.12/site-packages/airflow/example_dags/example_dataset_alias_with_no_taskflow.py
[2025-01-28T22:28:51.654+0000] {processor.py:914} INFO - Processing file /home/airflow/.local/lib/python3.12/site-packages/airflow/example_dags/example_dataset_alias_with_no_taskflow.py for tasks to queue
[2025-01-28T22:28:51.657+0000] {logging_mixin.py:190} INFO - [2025-01-28T22:28:51.657+0000] {dagbag.py:588} INFO - Filling up the DagBag from /home/airflow/.local/lib/python3.12/site-packages/airflow/example_dags/example_dataset_alias_with_no_taskflow.py
[2025-01-28T22:28:52.311+0000] {processor.py:925} INFO - DAG(s) 'dataset_s3_bucket_producer_with_no_taskflow', 'dataset_alias_example_alias_consumer_with_no_taskflow', 'dataset_s3_bucket_consumer_with_no_taskflow', 'dataset_alias_example_alias_producer_with_no_taskflow' retrieved from /home/airflow/.local/lib/python3.12/site-packages/airflow/example_dags/example_dataset_alias_with_no_taskflow.py
[2025-01-28T22:28:52.338+0000] {logging_mixin.py:190} INFO - [2025-01-28T22:28:52.337+0000] {dag.py:3239} INFO - Sync 4 DAGs
[2025-01-28T22:28:52.367+0000] {logging_mixin.py:190} INFO - [2025-01-28T22:28:52.366+0000] {dag.py:4180} INFO - Setting next_dagrun for dataset_alias_example_alias_consumer_with_no_taskflow to None, run_after=None
[2025-01-28T22:28:52.370+0000] {logging_mixin.py:190} INFO - [2025-01-28T22:28:52.370+0000] {dag.py:4180} INFO - Setting next_dagrun for dataset_alias_example_alias_producer_with_no_taskflow to None, run_after=None
[2025-01-28T22:28:52.375+0000] {logging_mixin.py:190} INFO - [2025-01-28T22:28:52.375+0000] {dag.py:4180} INFO - Setting next_dagrun for dataset_s3_bucket_consumer_with_no_taskflow to None, run_after=None
[2025-01-28T22:28:52.377+0000] {logging_mixin.py:190} INFO - [2025-01-28T22:28:52.377+0000] {dag.py:4180} INFO - Setting next_dagrun for dataset_s3_bucket_producer_with_no_taskflow to None, run_after=None
[2025-01-28T22:28:52.404+0000] {processor.py:208} INFO - Processing /home/airflow/.local/lib/python3.12/site-packages/airflow/example_dags/example_dataset_alias_with_no_taskflow.py took 0.757 seconds
[2025-01-28T22:29:23.118+0000] {processor.py:186} INFO - Started process (PID=210) to work on /home/airflow/.local/lib/python3.12/site-packages/airflow/example_dags/example_dataset_alias_with_no_taskflow.py
[2025-01-28T22:29:23.119+0000] {processor.py:914} INFO - Processing file /home/airflow/.local/lib/python3.12/site-packages/airflow/example_dags/example_dataset_alias_with_no_taskflow.py for tasks to queue
[2025-01-28T22:29:23.122+0000] {logging_mixin.py:190} INFO - [2025-01-28T22:29:23.122+0000] {dagbag.py:588} INFO - Filling up the DagBag from /home/airflow/.local/lib/python3.12/site-packages/airflow/example_dags/example_dataset_alias_with_no_taskflow.py
[2025-01-28T22:29:23.736+0000] {processor.py:925} INFO - DAG(s) 'dataset_alias_example_alias_consumer_with_no_taskflow', 'dataset_s3_bucket_producer_with_no_taskflow', 'dataset_s3_bucket_consumer_with_no_taskflow', 'dataset_alias_example_alias_producer_with_no_taskflow' retrieved from /home/airflow/.local/lib/python3.12/site-packages/airflow/example_dags/example_dataset_alias_with_no_taskflow.py
[2025-01-28T22:29:23.761+0000] {logging_mixin.py:190} INFO - [2025-01-28T22:29:23.760+0000] {dag.py:3239} INFO - Sync 4 DAGs
[2025-01-28T22:29:23.786+0000] {logging_mixin.py:190} INFO - [2025-01-28T22:29:23.786+0000] {dag.py:4180} INFO - Setting next_dagrun for dataset_alias_example_alias_consumer_with_no_taskflow to None, run_after=None
[2025-01-28T22:29:23.790+0000] {logging_mixin.py:190} INFO - [2025-01-28T22:29:23.790+0000] {dag.py:4180} INFO - Setting next_dagrun for dataset_alias_example_alias_producer_with_no_taskflow to None, run_after=None
[2025-01-28T22:29:23.792+0000] {logging_mixin.py:190} INFO - [2025-01-28T22:29:23.792+0000] {dag.py:4180} INFO - Setting next_dagrun for dataset_s3_bucket_consumer_with_no_taskflow to None, run_after=None
[2025-01-28T22:29:23.794+0000] {logging_mixin.py:190} INFO - [2025-01-28T22:29:23.794+0000] {dag.py:4180} INFO - Setting next_dagrun for dataset_s3_bucket_producer_with_no_taskflow to None, run_after=None
[2025-01-28T22:29:23.824+0000] {processor.py:208} INFO - Processing /home/airflow/.local/lib/python3.12/site-packages/airflow/example_dags/example_dataset_alias_with_no_taskflow.py took 0.712 seconds
[2025-01-28T22:29:53.988+0000] {processor.py:186} INFO - Started process (PID=277) to work on /home/airflow/.local/lib/python3.12/site-packages/airflow/example_dags/example_dataset_alias_with_no_taskflow.py
[2025-01-28T22:29:53.989+0000] {processor.py:914} INFO - Processing file /home/airflow/.local/lib/python3.12/site-packages/airflow/example_dags/example_dataset_alias_with_no_taskflow.py for tasks to queue
[2025-01-28T22:29:53.992+0000] {logging_mixin.py:190} INFO - [2025-01-28T22:29:53.992+0000] {dagbag.py:588} INFO - Filling up the DagBag from /home/airflow/.local/lib/python3.12/site-packages/airflow/example_dags/example_dataset_alias_with_no_taskflow.py
[2025-01-28T22:29:54.651+0000] {processor.py:925} INFO - DAG(s) 'dataset_alias_example_alias_consumer_with_no_taskflow', 'dataset_s3_bucket_producer_with_no_taskflow', 'dataset_alias_example_alias_producer_with_no_taskflow', 'dataset_s3_bucket_consumer_with_no_taskflow' retrieved from /home/airflow/.local/lib/python3.12/site-packages/airflow/example_dags/example_dataset_alias_with_no_taskflow.py
[2025-01-28T22:29:54.676+0000] {logging_mixin.py:190} INFO - [2025-01-28T22:29:54.675+0000] {dag.py:3239} INFO - Sync 4 DAGs
[2025-01-28T22:29:54.701+0000] {logging_mixin.py:190} INFO - [2025-01-28T22:29:54.701+0000] {dag.py:4180} INFO - Setting next_dagrun for dataset_alias_example_alias_consumer_with_no_taskflow to None, run_after=None
[2025-01-28T22:29:54.705+0000] {logging_mixin.py:190} INFO - [2025-01-28T22:29:54.704+0000] {dag.py:4180} INFO - Setting next_dagrun for dataset_alias_example_alias_producer_with_no_taskflow to None, run_after=None
[2025-01-28T22:29:54.707+0000] {logging_mixin.py:190} INFO - [2025-01-28T22:29:54.707+0000] {dag.py:4180} INFO - Setting next_dagrun for dataset_s3_bucket_consumer_with_no_taskflow to None, run_after=None
[2025-01-28T22:29:54.709+0000] {logging_mixin.py:190} INFO - [2025-01-28T22:29:54.709+0000] {dag.py:4180} INFO - Setting next_dagrun for dataset_s3_bucket_producer_with_no_taskflow to None, run_after=None
[2025-01-28T22:29:54.762+0000] {processor.py:208} INFO - Processing /home/airflow/.local/lib/python3.12/site-packages/airflow/example_dags/example_dataset_alias_with_no_taskflow.py took 0.781 seconds
[2025-01-28T22:30:25.528+0000] {processor.py:186} INFO - Started process (PID=340) to work on /home/airflow/.local/lib/python3.12/site-packages/airflow/example_dags/example_dataset_alias_with_no_taskflow.py
[2025-01-28T22:30:25.529+0000] {processor.py:914} INFO - Processing file /home/airflow/.local/lib/python3.12/site-packages/airflow/example_dags/example_dataset_alias_with_no_taskflow.py for tasks to queue
[2025-01-28T22:30:25.533+0000] {logging_mixin.py:190} INFO - [2025-01-28T22:30:25.532+0000] {dagbag.py:588} INFO - Filling up the DagBag from /home/airflow/.local/lib/python3.12/site-packages/airflow/example_dags/example_dataset_alias_with_no_taskflow.py
[2025-01-28T22:30:26.220+0000] {processor.py:925} INFO - DAG(s) 'dataset_alias_example_alias_producer_with_no_taskflow', 'dataset_alias_example_alias_consumer_with_no_taskflow', 'dataset_s3_bucket_consumer_with_no_taskflow', 'dataset_s3_bucket_producer_with_no_taskflow' retrieved from /home/airflow/.local/lib/python3.12/site-packages/airflow/example_dags/example_dataset_alias_with_no_taskflow.py
[2025-01-28T22:30:26.245+0000] {logging_mixin.py:190} INFO - [2025-01-28T22:30:26.244+0000] {dag.py:3239} INFO - Sync 4 DAGs
[2025-01-28T22:30:26.269+0000] {logging_mixin.py:190} INFO - [2025-01-28T22:30:26.269+0000] {dag.py:4180} INFO - Setting next_dagrun for dataset_alias_example_alias_consumer_with_no_taskflow to None, run_after=None
[2025-01-28T22:30:26.273+0000] {logging_mixin.py:190} INFO - [2025-01-28T22:30:26.273+0000] {dag.py:4180} INFO - Setting next_dagrun for dataset_alias_example_alias_producer_with_no_taskflow to None, run_after=None
[2025-01-28T22:30:26.275+0000] {logging_mixin.py:190} INFO - [2025-01-28T22:30:26.275+0000] {dag.py:4180} INFO - Setting next_dagrun for dataset_s3_bucket_consumer_with_no_taskflow to None, run_after=None
[2025-01-28T22:30:26.277+0000] {logging_mixin.py:190} INFO - [2025-01-28T22:30:26.277+0000] {dag.py:4180} INFO - Setting next_dagrun for dataset_s3_bucket_producer_with_no_taskflow to None, run_after=None
[2025-01-28T22:30:26.311+0000] {processor.py:208} INFO - Processing /home/airflow/.local/lib/python3.12/site-packages/airflow/example_dags/example_dataset_alias_with_no_taskflow.py took 0.790 seconds
[2025-01-28T22:30:56.802+0000] {processor.py:186} INFO - Started process (PID=398) to work on /home/airflow/.local/lib/python3.12/site-packages/airflow/example_dags/example_dataset_alias_with_no_taskflow.py
[2025-01-28T22:30:56.803+0000] {processor.py:914} INFO - Processing file /home/airflow/.local/lib/python3.12/site-packages/airflow/example_dags/example_dataset_alias_with_no_taskflow.py for tasks to queue
[2025-01-28T22:30:56.806+0000] {logging_mixin.py:190} INFO - [2025-01-28T22:30:56.806+0000] {dagbag.py:588} INFO - Filling up the DagBag from /home/airflow/.local/lib/python3.12/site-packages/airflow/example_dags/example_dataset_alias_with_no_taskflow.py
[2025-01-28T22:30:57.485+0000] {processor.py:925} INFO - DAG(s) 'dataset_alias_example_alias_producer_with_no_taskflow', 'dataset_s3_bucket_consumer_with_no_taskflow', 'dataset_s3_bucket_producer_with_no_taskflow', 'dataset_alias_example_alias_consumer_with_no_taskflow' retrieved from /home/airflow/.local/lib/python3.12/site-packages/airflow/example_dags/example_dataset_alias_with_no_taskflow.py
[2025-01-28T22:30:57.517+0000] {logging_mixin.py:190} INFO - [2025-01-28T22:30:57.517+0000] {dag.py:3239} INFO - Sync 4 DAGs
[2025-01-28T22:30:57.544+0000] {logging_mixin.py:190} INFO - [2025-01-28T22:30:57.544+0000] {dag.py:4180} INFO - Setting next_dagrun for dataset_alias_example_alias_consumer_with_no_taskflow to None, run_after=None
[2025-01-28T22:30:57.548+0000] {logging_mixin.py:190} INFO - [2025-01-28T22:30:57.548+0000] {dag.py:4180} INFO - Setting next_dagrun for dataset_alias_example_alias_producer_with_no_taskflow to None, run_after=None
[2025-01-28T22:30:57.551+0000] {logging_mixin.py:190} INFO - [2025-01-28T22:30:57.551+0000] {dag.py:4180} INFO - Setting next_dagrun for dataset_s3_bucket_consumer_with_no_taskflow to None, run_after=None
[2025-01-28T22:30:57.554+0000] {logging_mixin.py:190} INFO - [2025-01-28T22:30:57.553+0000] {dag.py:4180} INFO - Setting next_dagrun for dataset_s3_bucket_producer_with_no_taskflow to None, run_after=None
[2025-01-28T22:30:57.588+0000] {processor.py:208} INFO - Processing /home/airflow/.local/lib/python3.12/site-packages/airflow/example_dags/example_dataset_alias_with_no_taskflow.py took 0.793 seconds
