[2025-01-28T22:09:28.493+0000] {processor.py:186} INFO - Started process (PID=118) to work on /home/airflow/.local/lib/python3.12/site-packages/airflow/example_dags/example_time_delta_sensor_async.py
[2025-01-28T22:09:28.494+0000] {processor.py:914} INFO - Processing file /home/airflow/.local/lib/python3.12/site-packages/airflow/example_dags/example_time_delta_sensor_async.py for tasks to queue
[2025-01-28T22:09:28.498+0000] {logging_mixin.py:190} INFO - [2025-01-28T22:09:28.498+0000] {dagbag.py:588} INFO - Filling up the DagBag from /home/airflow/.local/lib/python3.12/site-packages/airflow/example_dags/example_time_delta_sensor_async.py
[2025-01-28T22:09:28.505+0000] {processor.py:925} INFO - DAG(s) 'example_time_delta_sensor_async' retrieved from /home/airflow/.local/lib/python3.12/site-packages/airflow/example_dags/example_time_delta_sensor_async.py
[2025-01-28T22:09:28.620+0000] {logging_mixin.py:190} INFO - [2025-01-28T22:09:28.619+0000] {override.py:1911} INFO - Created Permission View: can delete on DAG:example_time_delta_sensor_async
[2025-01-28T22:09:28.632+0000] {logging_mixin.py:190} INFO - [2025-01-28T22:09:28.632+0000] {override.py:1911} INFO - Created Permission View: can edit on DAG:example_time_delta_sensor_async
[2025-01-28T22:09:28.642+0000] {logging_mixin.py:190} INFO - [2025-01-28T22:09:28.642+0000] {override.py:1911} INFO - Created Permission View: can read on DAG:example_time_delta_sensor_async
[2025-01-28T22:09:28.654+0000] {logging_mixin.py:190} INFO - [2025-01-28T22:09:28.653+0000] {override.py:1911} INFO - Created Permission View: can create on DAG Run:example_time_delta_sensor_async
[2025-01-28T22:09:28.664+0000] {logging_mixin.py:190} INFO - [2025-01-28T22:09:28.663+0000] {override.py:1911} INFO - Created Permission View: can delete on DAG Run:example_time_delta_sensor_async
[2025-01-28T22:09:28.674+0000] {logging_mixin.py:190} INFO - [2025-01-28T22:09:28.674+0000] {override.py:1911} INFO - Created Permission View: menu access on DAG Run:example_time_delta_sensor_async
[2025-01-28T22:09:28.684+0000] {logging_mixin.py:190} INFO - [2025-01-28T22:09:28.684+0000] {override.py:1911} INFO - Created Permission View: can read on DAG Run:example_time_delta_sensor_async
[2025-01-28T22:09:28.685+0000] {logging_mixin.py:190} INFO - [2025-01-28T22:09:28.685+0000] {dag.py:3239} INFO - Sync 1 DAGs
[2025-01-28T22:09:28.698+0000] {logging_mixin.py:190} INFO - [2025-01-28T22:09:28.698+0000] {dag.py:3262} INFO - Creating ORM DAG for example_time_delta_sensor_async
[2025-01-28T22:09:28.700+0000] {logging_mixin.py:190} INFO - [2025-01-28T22:09:28.699+0000] {dag.py:4180} INFO - Setting next_dagrun for example_time_delta_sensor_async to None, run_after=None
[2025-01-28T22:09:28.720+0000] {processor.py:208} INFO - Processing /home/airflow/.local/lib/python3.12/site-packages/airflow/example_dags/example_time_delta_sensor_async.py took 0.234 seconds
[2025-01-28T22:09:59.066+0000] {processor.py:186} INFO - Started process (PID=181) to work on /home/airflow/.local/lib/python3.12/site-packages/airflow/example_dags/example_time_delta_sensor_async.py
[2025-01-28T22:09:59.067+0000] {processor.py:914} INFO - Processing file /home/airflow/.local/lib/python3.12/site-packages/airflow/example_dags/example_time_delta_sensor_async.py for tasks to queue
[2025-01-28T22:09:59.071+0000] {logging_mixin.py:190} INFO - [2025-01-28T22:09:59.070+0000] {dagbag.py:588} INFO - Filling up the DagBag from /home/airflow/.local/lib/python3.12/site-packages/airflow/example_dags/example_time_delta_sensor_async.py
[2025-01-28T22:09:59.079+0000] {processor.py:925} INFO - DAG(s) 'example_time_delta_sensor_async' retrieved from /home/airflow/.local/lib/python3.12/site-packages/airflow/example_dags/example_time_delta_sensor_async.py
[2025-01-28T22:09:59.102+0000] {logging_mixin.py:190} INFO - [2025-01-28T22:09:59.102+0000] {dag.py:3239} INFO - Sync 1 DAGs
[2025-01-28T22:09:59.118+0000] {logging_mixin.py:190} INFO - [2025-01-28T22:09:59.117+0000] {dag.py:4180} INFO - Setting next_dagrun for example_time_delta_sensor_async to None, run_after=None
[2025-01-28T22:09:59.142+0000] {processor.py:208} INFO - Processing /home/airflow/.local/lib/python3.12/site-packages/airflow/example_dags/example_time_delta_sensor_async.py took 0.083 seconds
[2025-01-28T22:10:29.424+0000] {processor.py:186} INFO - Started process (PID=243) to work on /home/airflow/.local/lib/python3.12/site-packages/airflow/example_dags/example_time_delta_sensor_async.py
[2025-01-28T22:10:29.426+0000] {processor.py:914} INFO - Processing file /home/airflow/.local/lib/python3.12/site-packages/airflow/example_dags/example_time_delta_sensor_async.py for tasks to queue
[2025-01-28T22:10:29.429+0000] {logging_mixin.py:190} INFO - [2025-01-28T22:10:29.429+0000] {dagbag.py:588} INFO - Filling up the DagBag from /home/airflow/.local/lib/python3.12/site-packages/airflow/example_dags/example_time_delta_sensor_async.py
[2025-01-28T22:10:29.437+0000] {processor.py:925} INFO - DAG(s) 'example_time_delta_sensor_async' retrieved from /home/airflow/.local/lib/python3.12/site-packages/airflow/example_dags/example_time_delta_sensor_async.py
[2025-01-28T22:10:29.458+0000] {logging_mixin.py:190} INFO - [2025-01-28T22:10:29.458+0000] {dag.py:3239} INFO - Sync 1 DAGs
[2025-01-28T22:10:29.473+0000] {logging_mixin.py:190} INFO - [2025-01-28T22:10:29.473+0000] {dag.py:4180} INFO - Setting next_dagrun for example_time_delta_sensor_async to None, run_after=None
[2025-01-28T22:10:29.495+0000] {processor.py:208} INFO - Processing /home/airflow/.local/lib/python3.12/site-packages/airflow/example_dags/example_time_delta_sensor_async.py took 0.077 seconds
[2025-01-28T22:11:00.760+0000] {processor.py:186} INFO - Started process (PID=306) to work on /home/airflow/.local/lib/python3.12/site-packages/airflow/example_dags/example_time_delta_sensor_async.py
[2025-01-28T22:11:00.761+0000] {processor.py:914} INFO - Processing file /home/airflow/.local/lib/python3.12/site-packages/airflow/example_dags/example_time_delta_sensor_async.py for tasks to queue
[2025-01-28T22:11:00.764+0000] {logging_mixin.py:190} INFO - [2025-01-28T22:11:00.764+0000] {dagbag.py:588} INFO - Filling up the DagBag from /home/airflow/.local/lib/python3.12/site-packages/airflow/example_dags/example_time_delta_sensor_async.py
[2025-01-28T22:11:00.773+0000] {processor.py:925} INFO - DAG(s) 'example_time_delta_sensor_async' retrieved from /home/airflow/.local/lib/python3.12/site-packages/airflow/example_dags/example_time_delta_sensor_async.py
[2025-01-28T22:11:00.793+0000] {logging_mixin.py:190} INFO - [2025-01-28T22:11:00.793+0000] {dag.py:3239} INFO - Sync 1 DAGs
[2025-01-28T22:11:00.809+0000] {logging_mixin.py:190} INFO - [2025-01-28T22:11:00.809+0000] {dag.py:4180} INFO - Setting next_dagrun for example_time_delta_sensor_async to None, run_after=None
[2025-01-28T22:11:00.832+0000] {processor.py:208} INFO - Processing /home/airflow/.local/lib/python3.12/site-packages/airflow/example_dags/example_time_delta_sensor_async.py took 0.079 seconds
[2025-01-28T22:11:31.810+0000] {processor.py:186} INFO - Started process (PID=369) to work on /home/airflow/.local/lib/python3.12/site-packages/airflow/example_dags/example_time_delta_sensor_async.py
[2025-01-28T22:11:31.811+0000] {processor.py:914} INFO - Processing file /home/airflow/.local/lib/python3.12/site-packages/airflow/example_dags/example_time_delta_sensor_async.py for tasks to queue
[2025-01-28T22:11:31.814+0000] {logging_mixin.py:190} INFO - [2025-01-28T22:11:31.814+0000] {dagbag.py:588} INFO - Filling up the DagBag from /home/airflow/.local/lib/python3.12/site-packages/airflow/example_dags/example_time_delta_sensor_async.py
[2025-01-28T22:11:31.822+0000] {processor.py:925} INFO - DAG(s) 'example_time_delta_sensor_async' retrieved from /home/airflow/.local/lib/python3.12/site-packages/airflow/example_dags/example_time_delta_sensor_async.py
[2025-01-28T22:11:31.842+0000] {logging_mixin.py:190} INFO - [2025-01-28T22:11:31.842+0000] {dag.py:3239} INFO - Sync 1 DAGs
[2025-01-28T22:11:31.857+0000] {logging_mixin.py:190} INFO - [2025-01-28T22:11:31.857+0000] {dag.py:4180} INFO - Setting next_dagrun for example_time_delta_sensor_async to None, run_after=None
[2025-01-28T22:11:31.881+0000] {processor.py:208} INFO - Processing /home/airflow/.local/lib/python3.12/site-packages/airflow/example_dags/example_time_delta_sensor_async.py took 0.077 seconds
[2025-01-28T22:12:03.299+0000] {processor.py:186} INFO - Started process (PID=433) to work on /home/airflow/.local/lib/python3.12/site-packages/airflow/example_dags/example_time_delta_sensor_async.py
[2025-01-28T22:12:03.300+0000] {processor.py:914} INFO - Processing file /home/airflow/.local/lib/python3.12/site-packages/airflow/example_dags/example_time_delta_sensor_async.py for tasks to queue
[2025-01-28T22:12:03.303+0000] {logging_mixin.py:190} INFO - [2025-01-28T22:12:03.303+0000] {dagbag.py:588} INFO - Filling up the DagBag from /home/airflow/.local/lib/python3.12/site-packages/airflow/example_dags/example_time_delta_sensor_async.py
[2025-01-28T22:12:03.311+0000] {processor.py:925} INFO - DAG(s) 'example_time_delta_sensor_async' retrieved from /home/airflow/.local/lib/python3.12/site-packages/airflow/example_dags/example_time_delta_sensor_async.py
[2025-01-28T22:12:03.333+0000] {logging_mixin.py:190} INFO - [2025-01-28T22:12:03.333+0000] {dag.py:3239} INFO - Sync 1 DAGs
[2025-01-28T22:12:03.349+0000] {logging_mixin.py:190} INFO - [2025-01-28T22:12:03.349+0000] {dag.py:4180} INFO - Setting next_dagrun for example_time_delta_sensor_async to None, run_after=None
[2025-01-28T22:12:03.374+0000] {processor.py:208} INFO - Processing /home/airflow/.local/lib/python3.12/site-packages/airflow/example_dags/example_time_delta_sensor_async.py took 0.082 seconds
[2025-01-28T22:12:34.275+0000] {processor.py:186} INFO - Started process (PID=496) to work on /home/airflow/.local/lib/python3.12/site-packages/airflow/example_dags/example_time_delta_sensor_async.py
[2025-01-28T22:12:34.277+0000] {processor.py:914} INFO - Processing file /home/airflow/.local/lib/python3.12/site-packages/airflow/example_dags/example_time_delta_sensor_async.py for tasks to queue
[2025-01-28T22:12:34.279+0000] {logging_mixin.py:190} INFO - [2025-01-28T22:12:34.279+0000] {dagbag.py:588} INFO - Filling up the DagBag from /home/airflow/.local/lib/python3.12/site-packages/airflow/example_dags/example_time_delta_sensor_async.py
[2025-01-28T22:12:34.288+0000] {processor.py:925} INFO - DAG(s) 'example_time_delta_sensor_async' retrieved from /home/airflow/.local/lib/python3.12/site-packages/airflow/example_dags/example_time_delta_sensor_async.py
[2025-01-28T22:12:34.308+0000] {logging_mixin.py:190} INFO - [2025-01-28T22:12:34.308+0000] {dag.py:3239} INFO - Sync 1 DAGs
[2025-01-28T22:12:34.324+0000] {logging_mixin.py:190} INFO - [2025-01-28T22:12:34.324+0000] {dag.py:4180} INFO - Setting next_dagrun for example_time_delta_sensor_async to None, run_after=None
[2025-01-28T22:12:34.346+0000] {processor.py:208} INFO - Processing /home/airflow/.local/lib/python3.12/site-packages/airflow/example_dags/example_time_delta_sensor_async.py took 0.077 seconds
[2025-01-28T22:13:05.561+0000] {processor.py:186} INFO - Started process (PID=558) to work on /home/airflow/.local/lib/python3.12/site-packages/airflow/example_dags/example_time_delta_sensor_async.py
[2025-01-28T22:13:05.563+0000] {processor.py:914} INFO - Processing file /home/airflow/.local/lib/python3.12/site-packages/airflow/example_dags/example_time_delta_sensor_async.py for tasks to queue
[2025-01-28T22:13:05.566+0000] {logging_mixin.py:190} INFO - [2025-01-28T22:13:05.565+0000] {dagbag.py:588} INFO - Filling up the DagBag from /home/airflow/.local/lib/python3.12/site-packages/airflow/example_dags/example_time_delta_sensor_async.py
[2025-01-28T22:13:05.574+0000] {processor.py:925} INFO - DAG(s) 'example_time_delta_sensor_async' retrieved from /home/airflow/.local/lib/python3.12/site-packages/airflow/example_dags/example_time_delta_sensor_async.py
[2025-01-28T22:13:05.595+0000] {logging_mixin.py:190} INFO - [2025-01-28T22:13:05.595+0000] {dag.py:3239} INFO - Sync 1 DAGs
[2025-01-28T22:13:05.613+0000] {logging_mixin.py:190} INFO - [2025-01-28T22:13:05.613+0000] {dag.py:4180} INFO - Setting next_dagrun for example_time_delta_sensor_async to None, run_after=None
[2025-01-28T22:13:05.646+0000] {processor.py:208} INFO - Processing /home/airflow/.local/lib/python3.12/site-packages/airflow/example_dags/example_time_delta_sensor_async.py took 0.092 seconds
[2025-01-28T22:13:37.646+0000] {processor.py:186} INFO - Started process (PID=622) to work on /home/airflow/.local/lib/python3.12/site-packages/airflow/example_dags/example_time_delta_sensor_async.py
[2025-01-28T22:13:37.647+0000] {processor.py:914} INFO - Processing file /home/airflow/.local/lib/python3.12/site-packages/airflow/example_dags/example_time_delta_sensor_async.py for tasks to queue
[2025-01-28T22:13:37.652+0000] {logging_mixin.py:190} INFO - [2025-01-28T22:13:37.652+0000] {dagbag.py:588} INFO - Filling up the DagBag from /home/airflow/.local/lib/python3.12/site-packages/airflow/example_dags/example_time_delta_sensor_async.py
[2025-01-28T22:13:37.660+0000] {processor.py:925} INFO - DAG(s) 'example_time_delta_sensor_async' retrieved from /home/airflow/.local/lib/python3.12/site-packages/airflow/example_dags/example_time_delta_sensor_async.py
[2025-01-28T22:13:37.683+0000] {logging_mixin.py:190} INFO - [2025-01-28T22:13:37.683+0000] {dag.py:3239} INFO - Sync 1 DAGs
[2025-01-28T22:13:37.699+0000] {logging_mixin.py:190} INFO - [2025-01-28T22:13:37.699+0000] {dag.py:4180} INFO - Setting next_dagrun for example_time_delta_sensor_async to None, run_after=None
[2025-01-28T22:13:37.732+0000] {processor.py:208} INFO - Processing /home/airflow/.local/lib/python3.12/site-packages/airflow/example_dags/example_time_delta_sensor_async.py took 0.092 seconds
[2025-01-28T22:14:08.592+0000] {processor.py:186} INFO - Started process (PID=685) to work on /home/airflow/.local/lib/python3.12/site-packages/airflow/example_dags/example_time_delta_sensor_async.py
[2025-01-28T22:14:08.593+0000] {processor.py:914} INFO - Processing file /home/airflow/.local/lib/python3.12/site-packages/airflow/example_dags/example_time_delta_sensor_async.py for tasks to queue
[2025-01-28T22:14:08.596+0000] {logging_mixin.py:190} INFO - [2025-01-28T22:14:08.596+0000] {dagbag.py:588} INFO - Filling up the DagBag from /home/airflow/.local/lib/python3.12/site-packages/airflow/example_dags/example_time_delta_sensor_async.py
[2025-01-28T22:14:08.604+0000] {processor.py:925} INFO - DAG(s) 'example_time_delta_sensor_async' retrieved from /home/airflow/.local/lib/python3.12/site-packages/airflow/example_dags/example_time_delta_sensor_async.py
[2025-01-28T22:14:08.626+0000] {logging_mixin.py:190} INFO - [2025-01-28T22:14:08.626+0000] {dag.py:3239} INFO - Sync 1 DAGs
[2025-01-28T22:14:08.642+0000] {logging_mixin.py:190} INFO - [2025-01-28T22:14:08.642+0000] {dag.py:4180} INFO - Setting next_dagrun for example_time_delta_sensor_async to None, run_after=None
[2025-01-28T22:14:08.665+0000] {processor.py:208} INFO - Processing /home/airflow/.local/lib/python3.12/site-packages/airflow/example_dags/example_time_delta_sensor_async.py took 0.080 seconds
[2025-01-28T22:14:38.783+0000] {processor.py:186} INFO - Started process (PID=747) to work on /home/airflow/.local/lib/python3.12/site-packages/airflow/example_dags/example_time_delta_sensor_async.py
[2025-01-28T22:14:38.784+0000] {processor.py:914} INFO - Processing file /home/airflow/.local/lib/python3.12/site-packages/airflow/example_dags/example_time_delta_sensor_async.py for tasks to queue
[2025-01-28T22:14:38.787+0000] {logging_mixin.py:190} INFO - [2025-01-28T22:14:38.787+0000] {dagbag.py:588} INFO - Filling up the DagBag from /home/airflow/.local/lib/python3.12/site-packages/airflow/example_dags/example_time_delta_sensor_async.py
[2025-01-28T22:14:38.795+0000] {processor.py:925} INFO - DAG(s) 'example_time_delta_sensor_async' retrieved from /home/airflow/.local/lib/python3.12/site-packages/airflow/example_dags/example_time_delta_sensor_async.py
[2025-01-28T22:14:38.818+0000] {logging_mixin.py:190} INFO - [2025-01-28T22:14:38.817+0000] {dag.py:3239} INFO - Sync 1 DAGs
[2025-01-28T22:14:38.833+0000] {logging_mixin.py:190} INFO - [2025-01-28T22:14:38.833+0000] {dag.py:4180} INFO - Setting next_dagrun for example_time_delta_sensor_async to None, run_after=None
[2025-01-28T22:14:38.855+0000] {processor.py:208} INFO - Processing /home/airflow/.local/lib/python3.12/site-packages/airflow/example_dags/example_time_delta_sensor_async.py took 0.079 seconds
[2025-01-28T22:15:11.021+0000] {processor.py:186} INFO - Started process (PID=811) to work on /home/airflow/.local/lib/python3.12/site-packages/airflow/example_dags/example_time_delta_sensor_async.py
[2025-01-28T22:15:11.023+0000] {processor.py:914} INFO - Processing file /home/airflow/.local/lib/python3.12/site-packages/airflow/example_dags/example_time_delta_sensor_async.py for tasks to queue
[2025-01-28T22:15:11.025+0000] {logging_mixin.py:190} INFO - [2025-01-28T22:15:11.025+0000] {dagbag.py:588} INFO - Filling up the DagBag from /home/airflow/.local/lib/python3.12/site-packages/airflow/example_dags/example_time_delta_sensor_async.py
[2025-01-28T22:15:11.034+0000] {processor.py:925} INFO - DAG(s) 'example_time_delta_sensor_async' retrieved from /home/airflow/.local/lib/python3.12/site-packages/airflow/example_dags/example_time_delta_sensor_async.py
[2025-01-28T22:15:11.056+0000] {logging_mixin.py:190} INFO - [2025-01-28T22:15:11.056+0000] {dag.py:3239} INFO - Sync 1 DAGs
[2025-01-28T22:15:11.071+0000] {logging_mixin.py:190} INFO - [2025-01-28T22:15:11.071+0000] {dag.py:4180} INFO - Setting next_dagrun for example_time_delta_sensor_async to None, run_after=None
[2025-01-28T22:15:11.093+0000] {processor.py:208} INFO - Processing /home/airflow/.local/lib/python3.12/site-packages/airflow/example_dags/example_time_delta_sensor_async.py took 0.079 seconds
[2025-01-28T22:15:42.542+0000] {processor.py:186} INFO - Started process (PID=874) to work on /home/airflow/.local/lib/python3.12/site-packages/airflow/example_dags/example_time_delta_sensor_async.py
[2025-01-28T22:15:42.543+0000] {processor.py:914} INFO - Processing file /home/airflow/.local/lib/python3.12/site-packages/airflow/example_dags/example_time_delta_sensor_async.py for tasks to queue
[2025-01-28T22:15:42.546+0000] {logging_mixin.py:190} INFO - [2025-01-28T22:15:42.546+0000] {dagbag.py:588} INFO - Filling up the DagBag from /home/airflow/.local/lib/python3.12/site-packages/airflow/example_dags/example_time_delta_sensor_async.py
[2025-01-28T22:15:42.554+0000] {processor.py:925} INFO - DAG(s) 'example_time_delta_sensor_async' retrieved from /home/airflow/.local/lib/python3.12/site-packages/airflow/example_dags/example_time_delta_sensor_async.py
[2025-01-28T22:15:42.575+0000] {logging_mixin.py:190} INFO - [2025-01-28T22:15:42.574+0000] {dag.py:3239} INFO - Sync 1 DAGs
[2025-01-28T22:15:42.591+0000] {logging_mixin.py:190} INFO - [2025-01-28T22:15:42.591+0000] {dag.py:4180} INFO - Setting next_dagrun for example_time_delta_sensor_async to None, run_after=None
[2025-01-28T22:15:42.616+0000] {processor.py:208} INFO - Processing /home/airflow/.local/lib/python3.12/site-packages/airflow/example_dags/example_time_delta_sensor_async.py took 0.081 seconds
[2025-01-28T22:16:14.058+0000] {processor.py:186} INFO - Started process (PID=938) to work on /home/airflow/.local/lib/python3.12/site-packages/airflow/example_dags/example_time_delta_sensor_async.py
[2025-01-28T22:16:14.063+0000] {processor.py:914} INFO - Processing file /home/airflow/.local/lib/python3.12/site-packages/airflow/example_dags/example_time_delta_sensor_async.py for tasks to queue
[2025-01-28T22:16:14.067+0000] {logging_mixin.py:190} INFO - [2025-01-28T22:16:14.066+0000] {dagbag.py:588} INFO - Filling up the DagBag from /home/airflow/.local/lib/python3.12/site-packages/airflow/example_dags/example_time_delta_sensor_async.py
[2025-01-28T22:16:14.075+0000] {processor.py:925} INFO - DAG(s) 'example_time_delta_sensor_async' retrieved from /home/airflow/.local/lib/python3.12/site-packages/airflow/example_dags/example_time_delta_sensor_async.py
[2025-01-28T22:16:14.097+0000] {logging_mixin.py:190} INFO - [2025-01-28T22:16:14.096+0000] {dag.py:3239} INFO - Sync 1 DAGs
[2025-01-28T22:16:14.113+0000] {logging_mixin.py:190} INFO - [2025-01-28T22:16:14.113+0000] {dag.py:4180} INFO - Setting next_dagrun for example_time_delta_sensor_async to None, run_after=None
[2025-01-28T22:16:14.146+0000] {processor.py:208} INFO - Processing /home/airflow/.local/lib/python3.12/site-packages/airflow/example_dags/example_time_delta_sensor_async.py took 0.095 seconds
[2025-01-28T22:16:45.772+0000] {processor.py:186} INFO - Started process (PID=1001) to work on /home/airflow/.local/lib/python3.12/site-packages/airflow/example_dags/example_time_delta_sensor_async.py
[2025-01-28T22:16:45.774+0000] {processor.py:914} INFO - Processing file /home/airflow/.local/lib/python3.12/site-packages/airflow/example_dags/example_time_delta_sensor_async.py for tasks to queue
[2025-01-28T22:16:45.777+0000] {logging_mixin.py:190} INFO - [2025-01-28T22:16:45.776+0000] {dagbag.py:588} INFO - Filling up the DagBag from /home/airflow/.local/lib/python3.12/site-packages/airflow/example_dags/example_time_delta_sensor_async.py
[2025-01-28T22:16:45.785+0000] {processor.py:925} INFO - DAG(s) 'example_time_delta_sensor_async' retrieved from /home/airflow/.local/lib/python3.12/site-packages/airflow/example_dags/example_time_delta_sensor_async.py
[2025-01-28T22:16:45.806+0000] {logging_mixin.py:190} INFO - [2025-01-28T22:16:45.805+0000] {dag.py:3239} INFO - Sync 1 DAGs
[2025-01-28T22:16:45.822+0000] {logging_mixin.py:190} INFO - [2025-01-28T22:16:45.822+0000] {dag.py:4180} INFO - Setting next_dagrun for example_time_delta_sensor_async to None, run_after=None
[2025-01-28T22:16:45.852+0000] {processor.py:208} INFO - Processing /home/airflow/.local/lib/python3.12/site-packages/airflow/example_dags/example_time_delta_sensor_async.py took 0.086 seconds
[2025-01-28T22:17:17.466+0000] {processor.py:186} INFO - Started process (PID=1064) to work on /home/airflow/.local/lib/python3.12/site-packages/airflow/example_dags/example_time_delta_sensor_async.py
[2025-01-28T22:17:17.467+0000] {processor.py:914} INFO - Processing file /home/airflow/.local/lib/python3.12/site-packages/airflow/example_dags/example_time_delta_sensor_async.py for tasks to queue
[2025-01-28T22:17:17.470+0000] {logging_mixin.py:190} INFO - [2025-01-28T22:17:17.470+0000] {dagbag.py:588} INFO - Filling up the DagBag from /home/airflow/.local/lib/python3.12/site-packages/airflow/example_dags/example_time_delta_sensor_async.py
[2025-01-28T22:17:17.478+0000] {processor.py:925} INFO - DAG(s) 'example_time_delta_sensor_async' retrieved from /home/airflow/.local/lib/python3.12/site-packages/airflow/example_dags/example_time_delta_sensor_async.py
[2025-01-28T22:17:17.498+0000] {logging_mixin.py:190} INFO - [2025-01-28T22:17:17.498+0000] {dag.py:3239} INFO - Sync 1 DAGs
[2025-01-28T22:17:17.513+0000] {logging_mixin.py:190} INFO - [2025-01-28T22:17:17.513+0000] {dag.py:4180} INFO - Setting next_dagrun for example_time_delta_sensor_async to None, run_after=None
[2025-01-28T22:17:17.535+0000] {processor.py:208} INFO - Processing /home/airflow/.local/lib/python3.12/site-packages/airflow/example_dags/example_time_delta_sensor_async.py took 0.075 seconds
[2025-01-28T22:17:48.432+0000] {processor.py:186} INFO - Started process (PID=1127) to work on /home/airflow/.local/lib/python3.12/site-packages/airflow/example_dags/example_time_delta_sensor_async.py
[2025-01-28T22:17:48.434+0000] {processor.py:914} INFO - Processing file /home/airflow/.local/lib/python3.12/site-packages/airflow/example_dags/example_time_delta_sensor_async.py for tasks to queue
[2025-01-28T22:17:48.437+0000] {logging_mixin.py:190} INFO - [2025-01-28T22:17:48.437+0000] {dagbag.py:588} INFO - Filling up the DagBag from /home/airflow/.local/lib/python3.12/site-packages/airflow/example_dags/example_time_delta_sensor_async.py
[2025-01-28T22:17:48.445+0000] {processor.py:925} INFO - DAG(s) 'example_time_delta_sensor_async' retrieved from /home/airflow/.local/lib/python3.12/site-packages/airflow/example_dags/example_time_delta_sensor_async.py
[2025-01-28T22:17:48.467+0000] {logging_mixin.py:190} INFO - [2025-01-28T22:17:48.466+0000] {dag.py:3239} INFO - Sync 1 DAGs
[2025-01-28T22:17:48.482+0000] {logging_mixin.py:190} INFO - [2025-01-28T22:17:48.482+0000] {dag.py:4180} INFO - Setting next_dagrun for example_time_delta_sensor_async to None, run_after=None
[2025-01-28T22:17:48.505+0000] {processor.py:208} INFO - Processing /home/airflow/.local/lib/python3.12/site-packages/airflow/example_dags/example_time_delta_sensor_async.py took 0.079 seconds
[2025-01-28T22:18:20.359+0000] {processor.py:186} INFO - Started process (PID=1190) to work on /home/airflow/.local/lib/python3.12/site-packages/airflow/example_dags/example_time_delta_sensor_async.py
[2025-01-28T22:18:20.360+0000] {processor.py:914} INFO - Processing file /home/airflow/.local/lib/python3.12/site-packages/airflow/example_dags/example_time_delta_sensor_async.py for tasks to queue
[2025-01-28T22:18:20.363+0000] {logging_mixin.py:190} INFO - [2025-01-28T22:18:20.362+0000] {dagbag.py:588} INFO - Filling up the DagBag from /home/airflow/.local/lib/python3.12/site-packages/airflow/example_dags/example_time_delta_sensor_async.py
[2025-01-28T22:18:20.371+0000] {processor.py:925} INFO - DAG(s) 'example_time_delta_sensor_async' retrieved from /home/airflow/.local/lib/python3.12/site-packages/airflow/example_dags/example_time_delta_sensor_async.py
[2025-01-28T22:18:20.392+0000] {logging_mixin.py:190} INFO - [2025-01-28T22:18:20.392+0000] {dag.py:3239} INFO - Sync 1 DAGs
[2025-01-28T22:18:20.409+0000] {logging_mixin.py:190} INFO - [2025-01-28T22:18:20.408+0000] {dag.py:4180} INFO - Setting next_dagrun for example_time_delta_sensor_async to None, run_after=None
[2025-01-28T22:18:20.430+0000] {processor.py:208} INFO - Processing /home/airflow/.local/lib/python3.12/site-packages/airflow/example_dags/example_time_delta_sensor_async.py took 0.077 seconds
[2025-01-28T22:18:51.654+0000] {processor.py:186} INFO - Started process (PID=1253) to work on /home/airflow/.local/lib/python3.12/site-packages/airflow/example_dags/example_time_delta_sensor_async.py
[2025-01-28T22:18:51.655+0000] {processor.py:914} INFO - Processing file /home/airflow/.local/lib/python3.12/site-packages/airflow/example_dags/example_time_delta_sensor_async.py for tasks to queue
[2025-01-28T22:18:51.659+0000] {logging_mixin.py:190} INFO - [2025-01-28T22:18:51.659+0000] {dagbag.py:588} INFO - Filling up the DagBag from /home/airflow/.local/lib/python3.12/site-packages/airflow/example_dags/example_time_delta_sensor_async.py
[2025-01-28T22:18:51.669+0000] {processor.py:925} INFO - DAG(s) 'example_time_delta_sensor_async' retrieved from /home/airflow/.local/lib/python3.12/site-packages/airflow/example_dags/example_time_delta_sensor_async.py
[2025-01-28T22:18:51.692+0000] {logging_mixin.py:190} INFO - [2025-01-28T22:18:51.692+0000] {dag.py:3239} INFO - Sync 1 DAGs
[2025-01-28T22:18:51.709+0000] {logging_mixin.py:190} INFO - [2025-01-28T22:18:51.709+0000] {dag.py:4180} INFO - Setting next_dagrun for example_time_delta_sensor_async to None, run_after=None
[2025-01-28T22:18:51.737+0000] {processor.py:208} INFO - Processing /home/airflow/.local/lib/python3.12/site-packages/airflow/example_dags/example_time_delta_sensor_async.py took 0.090 seconds
[2025-01-28T22:19:22.956+0000] {processor.py:186} INFO - Started process (PID=1316) to work on /home/airflow/.local/lib/python3.12/site-packages/airflow/example_dags/example_time_delta_sensor_async.py
[2025-01-28T22:19:22.957+0000] {processor.py:914} INFO - Processing file /home/airflow/.local/lib/python3.12/site-packages/airflow/example_dags/example_time_delta_sensor_async.py for tasks to queue
[2025-01-28T22:19:22.960+0000] {logging_mixin.py:190} INFO - [2025-01-28T22:19:22.960+0000] {dagbag.py:588} INFO - Filling up the DagBag from /home/airflow/.local/lib/python3.12/site-packages/airflow/example_dags/example_time_delta_sensor_async.py
[2025-01-28T22:19:22.968+0000] {processor.py:925} INFO - DAG(s) 'example_time_delta_sensor_async' retrieved from /home/airflow/.local/lib/python3.12/site-packages/airflow/example_dags/example_time_delta_sensor_async.py
[2025-01-28T22:19:22.991+0000] {logging_mixin.py:190} INFO - [2025-01-28T22:19:22.991+0000] {dag.py:3239} INFO - Sync 1 DAGs
[2025-01-28T22:19:23.008+0000] {logging_mixin.py:190} INFO - [2025-01-28T22:19:23.008+0000] {dag.py:4180} INFO - Setting next_dagrun for example_time_delta_sensor_async to None, run_after=None
[2025-01-28T22:19:23.034+0000] {processor.py:208} INFO - Processing /home/airflow/.local/lib/python3.12/site-packages/airflow/example_dags/example_time_delta_sensor_async.py took 0.085 seconds
[2025-01-28T22:19:53.758+0000] {processor.py:186} INFO - Started process (PID=1378) to work on /home/airflow/.local/lib/python3.12/site-packages/airflow/example_dags/example_time_delta_sensor_async.py
[2025-01-28T22:19:53.760+0000] {processor.py:914} INFO - Processing file /home/airflow/.local/lib/python3.12/site-packages/airflow/example_dags/example_time_delta_sensor_async.py for tasks to queue
[2025-01-28T22:19:53.762+0000] {logging_mixin.py:190} INFO - [2025-01-28T22:19:53.762+0000] {dagbag.py:588} INFO - Filling up the DagBag from /home/airflow/.local/lib/python3.12/site-packages/airflow/example_dags/example_time_delta_sensor_async.py
[2025-01-28T22:19:53.771+0000] {processor.py:925} INFO - DAG(s) 'example_time_delta_sensor_async' retrieved from /home/airflow/.local/lib/python3.12/site-packages/airflow/example_dags/example_time_delta_sensor_async.py
[2025-01-28T22:19:53.793+0000] {logging_mixin.py:190} INFO - [2025-01-28T22:19:53.792+0000] {dag.py:3239} INFO - Sync 1 DAGs
[2025-01-28T22:19:53.808+0000] {logging_mixin.py:190} INFO - [2025-01-28T22:19:53.808+0000] {dag.py:4180} INFO - Setting next_dagrun for example_time_delta_sensor_async to None, run_after=None
[2025-01-28T22:19:53.831+0000] {processor.py:208} INFO - Processing /home/airflow/.local/lib/python3.12/site-packages/airflow/example_dags/example_time_delta_sensor_async.py took 0.081 seconds
[2025-01-28T22:20:24.934+0000] {processor.py:186} INFO - Started process (PID=1441) to work on /home/airflow/.local/lib/python3.12/site-packages/airflow/example_dags/example_time_delta_sensor_async.py
[2025-01-28T22:20:24.936+0000] {processor.py:914} INFO - Processing file /home/airflow/.local/lib/python3.12/site-packages/airflow/example_dags/example_time_delta_sensor_async.py for tasks to queue
[2025-01-28T22:20:24.938+0000] {logging_mixin.py:190} INFO - [2025-01-28T22:20:24.938+0000] {dagbag.py:588} INFO - Filling up the DagBag from /home/airflow/.local/lib/python3.12/site-packages/airflow/example_dags/example_time_delta_sensor_async.py
[2025-01-28T22:20:24.946+0000] {processor.py:925} INFO - DAG(s) 'example_time_delta_sensor_async' retrieved from /home/airflow/.local/lib/python3.12/site-packages/airflow/example_dags/example_time_delta_sensor_async.py
[2025-01-28T22:20:24.967+0000] {logging_mixin.py:190} INFO - [2025-01-28T22:20:24.967+0000] {dag.py:3239} INFO - Sync 1 DAGs
[2025-01-28T22:20:24.984+0000] {logging_mixin.py:190} INFO - [2025-01-28T22:20:24.984+0000] {dag.py:4180} INFO - Setting next_dagrun for example_time_delta_sensor_async to None, run_after=None
[2025-01-28T22:20:25.005+0000] {processor.py:208} INFO - Processing /home/airflow/.local/lib/python3.12/site-packages/airflow/example_dags/example_time_delta_sensor_async.py took 0.077 seconds
[2025-01-28T22:20:56.776+0000] {processor.py:186} INFO - Started process (PID=1505) to work on /home/airflow/.local/lib/python3.12/site-packages/airflow/example_dags/example_time_delta_sensor_async.py
[2025-01-28T22:20:56.780+0000] {processor.py:914} INFO - Processing file /home/airflow/.local/lib/python3.12/site-packages/airflow/example_dags/example_time_delta_sensor_async.py for tasks to queue
[2025-01-28T22:20:56.786+0000] {logging_mixin.py:190} INFO - [2025-01-28T22:20:56.785+0000] {dagbag.py:588} INFO - Filling up the DagBag from /home/airflow/.local/lib/python3.12/site-packages/airflow/example_dags/example_time_delta_sensor_async.py
[2025-01-28T22:20:56.794+0000] {processor.py:925} INFO - DAG(s) 'example_time_delta_sensor_async' retrieved from /home/airflow/.local/lib/python3.12/site-packages/airflow/example_dags/example_time_delta_sensor_async.py
[2025-01-28T22:20:56.815+0000] {logging_mixin.py:190} INFO - [2025-01-28T22:20:56.815+0000] {dag.py:3239} INFO - Sync 1 DAGs
[2025-01-28T22:20:56.830+0000] {logging_mixin.py:190} INFO - [2025-01-28T22:20:56.830+0000] {dag.py:4180} INFO - Setting next_dagrun for example_time_delta_sensor_async to None, run_after=None
[2025-01-28T22:20:56.854+0000] {processor.py:208} INFO - Processing /home/airflow/.local/lib/python3.12/site-packages/airflow/example_dags/example_time_delta_sensor_async.py took 0.084 seconds
[2025-01-28T22:21:27.922+0000] {processor.py:186} INFO - Started process (PID=1568) to work on /home/airflow/.local/lib/python3.12/site-packages/airflow/example_dags/example_time_delta_sensor_async.py
[2025-01-28T22:21:27.923+0000] {processor.py:914} INFO - Processing file /home/airflow/.local/lib/python3.12/site-packages/airflow/example_dags/example_time_delta_sensor_async.py for tasks to queue
[2025-01-28T22:21:27.926+0000] {logging_mixin.py:190} INFO - [2025-01-28T22:21:27.926+0000] {dagbag.py:588} INFO - Filling up the DagBag from /home/airflow/.local/lib/python3.12/site-packages/airflow/example_dags/example_time_delta_sensor_async.py
[2025-01-28T22:21:27.934+0000] {processor.py:925} INFO - DAG(s) 'example_time_delta_sensor_async' retrieved from /home/airflow/.local/lib/python3.12/site-packages/airflow/example_dags/example_time_delta_sensor_async.py
[2025-01-28T22:21:27.960+0000] {logging_mixin.py:190} INFO - [2025-01-28T22:21:27.959+0000] {dag.py:3239} INFO - Sync 1 DAGs
[2025-01-28T22:21:27.977+0000] {logging_mixin.py:190} INFO - [2025-01-28T22:21:27.976+0000] {dag.py:4180} INFO - Setting next_dagrun for example_time_delta_sensor_async to None, run_after=None
[2025-01-28T22:21:28.016+0000] {processor.py:208} INFO - Processing /home/airflow/.local/lib/python3.12/site-packages/airflow/example_dags/example_time_delta_sensor_async.py took 0.100 seconds
[2025-01-28T22:21:59.423+0000] {processor.py:186} INFO - Started process (PID=1631) to work on /home/airflow/.local/lib/python3.12/site-packages/airflow/example_dags/example_time_delta_sensor_async.py
[2025-01-28T22:21:59.425+0000] {processor.py:914} INFO - Processing file /home/airflow/.local/lib/python3.12/site-packages/airflow/example_dags/example_time_delta_sensor_async.py for tasks to queue
[2025-01-28T22:21:59.428+0000] {logging_mixin.py:190} INFO - [2025-01-28T22:21:59.428+0000] {dagbag.py:588} INFO - Filling up the DagBag from /home/airflow/.local/lib/python3.12/site-packages/airflow/example_dags/example_time_delta_sensor_async.py
[2025-01-28T22:21:59.436+0000] {processor.py:925} INFO - DAG(s) 'example_time_delta_sensor_async' retrieved from /home/airflow/.local/lib/python3.12/site-packages/airflow/example_dags/example_time_delta_sensor_async.py
[2025-01-28T22:21:59.458+0000] {logging_mixin.py:190} INFO - [2025-01-28T22:21:59.457+0000] {dag.py:3239} INFO - Sync 1 DAGs
[2025-01-28T22:21:59.475+0000] {logging_mixin.py:190} INFO - [2025-01-28T22:21:59.475+0000] {dag.py:4180} INFO - Setting next_dagrun for example_time_delta_sensor_async to None, run_after=None
[2025-01-28T22:21:59.504+0000] {processor.py:208} INFO - Processing /home/airflow/.local/lib/python3.12/site-packages/airflow/example_dags/example_time_delta_sensor_async.py took 0.087 seconds
[2025-01-28T22:22:30.937+0000] {processor.py:186} INFO - Started process (PID=1694) to work on /home/airflow/.local/lib/python3.12/site-packages/airflow/example_dags/example_time_delta_sensor_async.py
[2025-01-28T22:22:30.938+0000] {processor.py:914} INFO - Processing file /home/airflow/.local/lib/python3.12/site-packages/airflow/example_dags/example_time_delta_sensor_async.py for tasks to queue
[2025-01-28T22:22:30.941+0000] {logging_mixin.py:190} INFO - [2025-01-28T22:22:30.941+0000] {dagbag.py:588} INFO - Filling up the DagBag from /home/airflow/.local/lib/python3.12/site-packages/airflow/example_dags/example_time_delta_sensor_async.py
[2025-01-28T22:22:30.949+0000] {processor.py:925} INFO - DAG(s) 'example_time_delta_sensor_async' retrieved from /home/airflow/.local/lib/python3.12/site-packages/airflow/example_dags/example_time_delta_sensor_async.py
[2025-01-28T22:22:30.971+0000] {logging_mixin.py:190} INFO - [2025-01-28T22:22:30.971+0000] {dag.py:3239} INFO - Sync 1 DAGs
[2025-01-28T22:22:30.988+0000] {logging_mixin.py:190} INFO - [2025-01-28T22:22:30.987+0000] {dag.py:4180} INFO - Setting next_dagrun for example_time_delta_sensor_async to None, run_after=None
[2025-01-28T22:22:31.018+0000] {processor.py:208} INFO - Processing /home/airflow/.local/lib/python3.12/site-packages/airflow/example_dags/example_time_delta_sensor_async.py took 0.088 seconds
[2025-01-28T22:23:02.546+0000] {processor.py:186} INFO - Started process (PID=1757) to work on /home/airflow/.local/lib/python3.12/site-packages/airflow/example_dags/example_time_delta_sensor_async.py
[2025-01-28T22:23:02.548+0000] {processor.py:914} INFO - Processing file /home/airflow/.local/lib/python3.12/site-packages/airflow/example_dags/example_time_delta_sensor_async.py for tasks to queue
[2025-01-28T22:23:02.551+0000] {logging_mixin.py:190} INFO - [2025-01-28T22:23:02.550+0000] {dagbag.py:588} INFO - Filling up the DagBag from /home/airflow/.local/lib/python3.12/site-packages/airflow/example_dags/example_time_delta_sensor_async.py
[2025-01-28T22:23:02.559+0000] {processor.py:925} INFO - DAG(s) 'example_time_delta_sensor_async' retrieved from /home/airflow/.local/lib/python3.12/site-packages/airflow/example_dags/example_time_delta_sensor_async.py
[2025-01-28T22:23:02.581+0000] {logging_mixin.py:190} INFO - [2025-01-28T22:23:02.581+0000] {dag.py:3239} INFO - Sync 1 DAGs
[2025-01-28T22:23:02.597+0000] {logging_mixin.py:190} INFO - [2025-01-28T22:23:02.597+0000] {dag.py:4180} INFO - Setting next_dagrun for example_time_delta_sensor_async to None, run_after=None
[2025-01-28T22:23:02.621+0000] {processor.py:208} INFO - Processing /home/airflow/.local/lib/python3.12/site-packages/airflow/example_dags/example_time_delta_sensor_async.py took 0.081 seconds
[2025-01-28T22:23:33.056+0000] {processor.py:186} INFO - Started process (PID=1820) to work on /home/airflow/.local/lib/python3.12/site-packages/airflow/example_dags/example_time_delta_sensor_async.py
[2025-01-28T22:23:33.058+0000] {processor.py:914} INFO - Processing file /home/airflow/.local/lib/python3.12/site-packages/airflow/example_dags/example_time_delta_sensor_async.py for tasks to queue
[2025-01-28T22:23:33.060+0000] {logging_mixin.py:190} INFO - [2025-01-28T22:23:33.060+0000] {dagbag.py:588} INFO - Filling up the DagBag from /home/airflow/.local/lib/python3.12/site-packages/airflow/example_dags/example_time_delta_sensor_async.py
[2025-01-28T22:23:33.068+0000] {processor.py:925} INFO - DAG(s) 'example_time_delta_sensor_async' retrieved from /home/airflow/.local/lib/python3.12/site-packages/airflow/example_dags/example_time_delta_sensor_async.py
[2025-01-28T22:23:33.091+0000] {logging_mixin.py:190} INFO - [2025-01-28T22:23:33.090+0000] {dag.py:3239} INFO - Sync 1 DAGs
[2025-01-28T22:23:33.107+0000] {logging_mixin.py:190} INFO - [2025-01-28T22:23:33.107+0000] {dag.py:4180} INFO - Setting next_dagrun for example_time_delta_sensor_async to None, run_after=None
[2025-01-28T22:23:33.130+0000] {processor.py:208} INFO - Processing /home/airflow/.local/lib/python3.12/site-packages/airflow/example_dags/example_time_delta_sensor_async.py took 0.080 seconds
[2025-01-28T22:24:05.173+0000] {processor.py:186} INFO - Started process (PID=1883) to work on /home/airflow/.local/lib/python3.12/site-packages/airflow/example_dags/example_time_delta_sensor_async.py
[2025-01-28T22:24:05.174+0000] {processor.py:914} INFO - Processing file /home/airflow/.local/lib/python3.12/site-packages/airflow/example_dags/example_time_delta_sensor_async.py for tasks to queue
[2025-01-28T22:24:05.177+0000] {logging_mixin.py:190} INFO - [2025-01-28T22:24:05.177+0000] {dagbag.py:588} INFO - Filling up the DagBag from /home/airflow/.local/lib/python3.12/site-packages/airflow/example_dags/example_time_delta_sensor_async.py
[2025-01-28T22:24:05.186+0000] {processor.py:925} INFO - DAG(s) 'example_time_delta_sensor_async' retrieved from /home/airflow/.local/lib/python3.12/site-packages/airflow/example_dags/example_time_delta_sensor_async.py
[2025-01-28T22:24:05.210+0000] {logging_mixin.py:190} INFO - [2025-01-28T22:24:05.210+0000] {dag.py:3239} INFO - Sync 1 DAGs
[2025-01-28T22:24:05.228+0000] {logging_mixin.py:190} INFO - [2025-01-28T22:24:05.228+0000] {dag.py:4180} INFO - Setting next_dagrun for example_time_delta_sensor_async to None, run_after=None
[2025-01-28T22:24:05.266+0000] {processor.py:208} INFO - Processing /home/airflow/.local/lib/python3.12/site-packages/airflow/example_dags/example_time_delta_sensor_async.py took 0.100 seconds
[2025-01-28T22:24:35.692+0000] {processor.py:186} INFO - Started process (PID=1946) to work on /home/airflow/.local/lib/python3.12/site-packages/airflow/example_dags/example_time_delta_sensor_async.py
[2025-01-28T22:24:35.694+0000] {processor.py:914} INFO - Processing file /home/airflow/.local/lib/python3.12/site-packages/airflow/example_dags/example_time_delta_sensor_async.py for tasks to queue
[2025-01-28T22:24:35.697+0000] {logging_mixin.py:190} INFO - [2025-01-28T22:24:35.696+0000] {dagbag.py:588} INFO - Filling up the DagBag from /home/airflow/.local/lib/python3.12/site-packages/airflow/example_dags/example_time_delta_sensor_async.py
[2025-01-28T22:24:35.705+0000] {processor.py:925} INFO - DAG(s) 'example_time_delta_sensor_async' retrieved from /home/airflow/.local/lib/python3.12/site-packages/airflow/example_dags/example_time_delta_sensor_async.py
[2025-01-28T22:24:35.727+0000] {logging_mixin.py:190} INFO - [2025-01-28T22:24:35.726+0000] {dag.py:3239} INFO - Sync 1 DAGs
[2025-01-28T22:24:35.744+0000] {logging_mixin.py:190} INFO - [2025-01-28T22:24:35.743+0000] {dag.py:4180} INFO - Setting next_dagrun for example_time_delta_sensor_async to None, run_after=None
[2025-01-28T22:24:35.770+0000] {processor.py:208} INFO - Processing /home/airflow/.local/lib/python3.12/site-packages/airflow/example_dags/example_time_delta_sensor_async.py took 0.084 seconds
[2025-01-28T22:25:07.667+0000] {processor.py:186} INFO - Started process (PID=2009) to work on /home/airflow/.local/lib/python3.12/site-packages/airflow/example_dags/example_time_delta_sensor_async.py
[2025-01-28T22:25:07.669+0000] {processor.py:914} INFO - Processing file /home/airflow/.local/lib/python3.12/site-packages/airflow/example_dags/example_time_delta_sensor_async.py for tasks to queue
[2025-01-28T22:25:07.671+0000] {logging_mixin.py:190} INFO - [2025-01-28T22:25:07.671+0000] {dagbag.py:588} INFO - Filling up the DagBag from /home/airflow/.local/lib/python3.12/site-packages/airflow/example_dags/example_time_delta_sensor_async.py
[2025-01-28T22:25:07.680+0000] {processor.py:925} INFO - DAG(s) 'example_time_delta_sensor_async' retrieved from /home/airflow/.local/lib/python3.12/site-packages/airflow/example_dags/example_time_delta_sensor_async.py
[2025-01-28T22:25:07.701+0000] {logging_mixin.py:190} INFO - [2025-01-28T22:25:07.701+0000] {dag.py:3239} INFO - Sync 1 DAGs
[2025-01-28T22:25:07.717+0000] {logging_mixin.py:190} INFO - [2025-01-28T22:25:07.716+0000] {dag.py:4180} INFO - Setting next_dagrun for example_time_delta_sensor_async to None, run_after=None
[2025-01-28T22:25:07.739+0000] {processor.py:208} INFO - Processing /home/airflow/.local/lib/python3.12/site-packages/airflow/example_dags/example_time_delta_sensor_async.py took 0.079 seconds
[2025-01-28T22:28:49.071+0000] {processor.py:186} INFO - Started process (PID=124) to work on /home/airflow/.local/lib/python3.12/site-packages/airflow/example_dags/example_time_delta_sensor_async.py
[2025-01-28T22:28:49.072+0000] {processor.py:914} INFO - Processing file /home/airflow/.local/lib/python3.12/site-packages/airflow/example_dags/example_time_delta_sensor_async.py for tasks to queue
[2025-01-28T22:28:49.075+0000] {logging_mixin.py:190} INFO - [2025-01-28T22:28:49.075+0000] {dagbag.py:588} INFO - Filling up the DagBag from /home/airflow/.local/lib/python3.12/site-packages/airflow/example_dags/example_time_delta_sensor_async.py
[2025-01-28T22:28:49.083+0000] {processor.py:925} INFO - DAG(s) 'example_time_delta_sensor_async' retrieved from /home/airflow/.local/lib/python3.12/site-packages/airflow/example_dags/example_time_delta_sensor_async.py
[2025-01-28T22:28:49.106+0000] {logging_mixin.py:190} INFO - [2025-01-28T22:28:49.106+0000] {dag.py:3239} INFO - Sync 1 DAGs
[2025-01-28T22:28:49.122+0000] {logging_mixin.py:190} INFO - [2025-01-28T22:28:49.122+0000] {dag.py:4180} INFO - Setting next_dagrun for example_time_delta_sensor_async to None, run_after=None
[2025-01-28T22:28:49.145+0000] {processor.py:208} INFO - Processing /home/airflow/.local/lib/python3.12/site-packages/airflow/example_dags/example_time_delta_sensor_async.py took 0.080 seconds
[2025-01-28T22:29:19.746+0000] {processor.py:186} INFO - Started process (PID=181) to work on /home/airflow/.local/lib/python3.12/site-packages/airflow/example_dags/example_time_delta_sensor_async.py
[2025-01-28T22:29:19.747+0000] {processor.py:914} INFO - Processing file /home/airflow/.local/lib/python3.12/site-packages/airflow/example_dags/example_time_delta_sensor_async.py for tasks to queue
[2025-01-28T22:29:19.750+0000] {logging_mixin.py:190} INFO - [2025-01-28T22:29:19.750+0000] {dagbag.py:588} INFO - Filling up the DagBag from /home/airflow/.local/lib/python3.12/site-packages/airflow/example_dags/example_time_delta_sensor_async.py
[2025-01-28T22:29:19.758+0000] {processor.py:925} INFO - DAG(s) 'example_time_delta_sensor_async' retrieved from /home/airflow/.local/lib/python3.12/site-packages/airflow/example_dags/example_time_delta_sensor_async.py
[2025-01-28T22:29:19.780+0000] {logging_mixin.py:190} INFO - [2025-01-28T22:29:19.779+0000] {dag.py:3239} INFO - Sync 1 DAGs
[2025-01-28T22:29:19.795+0000] {logging_mixin.py:190} INFO - [2025-01-28T22:29:19.795+0000] {dag.py:4180} INFO - Setting next_dagrun for example_time_delta_sensor_async to None, run_after=None
[2025-01-28T22:29:19.821+0000] {processor.py:208} INFO - Processing /home/airflow/.local/lib/python3.12/site-packages/airflow/example_dags/example_time_delta_sensor_async.py took 0.081 seconds
[2025-01-28T22:29:51.581+0000] {processor.py:186} INFO - Started process (PID=249) to work on /home/airflow/.local/lib/python3.12/site-packages/airflow/example_dags/example_time_delta_sensor_async.py
[2025-01-28T22:29:51.582+0000] {processor.py:914} INFO - Processing file /home/airflow/.local/lib/python3.12/site-packages/airflow/example_dags/example_time_delta_sensor_async.py for tasks to queue
[2025-01-28T22:29:51.586+0000] {logging_mixin.py:190} INFO - [2025-01-28T22:29:51.585+0000] {dagbag.py:588} INFO - Filling up the DagBag from /home/airflow/.local/lib/python3.12/site-packages/airflow/example_dags/example_time_delta_sensor_async.py
[2025-01-28T22:29:51.595+0000] {processor.py:925} INFO - DAG(s) 'example_time_delta_sensor_async' retrieved from /home/airflow/.local/lib/python3.12/site-packages/airflow/example_dags/example_time_delta_sensor_async.py
[2025-01-28T22:29:51.621+0000] {logging_mixin.py:190} INFO - [2025-01-28T22:29:51.621+0000] {dag.py:3239} INFO - Sync 1 DAGs
[2025-01-28T22:29:51.647+0000] {logging_mixin.py:190} INFO - [2025-01-28T22:29:51.646+0000] {dag.py:4180} INFO - Setting next_dagrun for example_time_delta_sensor_async to None, run_after=None
[2025-01-28T22:29:51.673+0000] {processor.py:208} INFO - Processing /home/airflow/.local/lib/python3.12/site-packages/airflow/example_dags/example_time_delta_sensor_async.py took 0.101 seconds
[2025-01-28T22:30:22.497+0000] {processor.py:186} INFO - Started process (PID=306) to work on /home/airflow/.local/lib/python3.12/site-packages/airflow/example_dags/example_time_delta_sensor_async.py
[2025-01-28T22:30:22.498+0000] {processor.py:914} INFO - Processing file /home/airflow/.local/lib/python3.12/site-packages/airflow/example_dags/example_time_delta_sensor_async.py for tasks to queue
[2025-01-28T22:30:22.502+0000] {logging_mixin.py:190} INFO - [2025-01-28T22:30:22.501+0000] {dagbag.py:588} INFO - Filling up the DagBag from /home/airflow/.local/lib/python3.12/site-packages/airflow/example_dags/example_time_delta_sensor_async.py
[2025-01-28T22:30:22.510+0000] {processor.py:925} INFO - DAG(s) 'example_time_delta_sensor_async' retrieved from /home/airflow/.local/lib/python3.12/site-packages/airflow/example_dags/example_time_delta_sensor_async.py
[2025-01-28T22:30:22.534+0000] {logging_mixin.py:190} INFO - [2025-01-28T22:30:22.533+0000] {dag.py:3239} INFO - Sync 1 DAGs
[2025-01-28T22:30:22.552+0000] {logging_mixin.py:190} INFO - [2025-01-28T22:30:22.552+0000] {dag.py:4180} INFO - Setting next_dagrun for example_time_delta_sensor_async to None, run_after=None
[2025-01-28T22:30:22.583+0000] {processor.py:208} INFO - Processing /home/airflow/.local/lib/python3.12/site-packages/airflow/example_dags/example_time_delta_sensor_async.py took 0.092 seconds
[2025-01-28T22:30:53.615+0000] {processor.py:186} INFO - Started process (PID=368) to work on /home/airflow/.local/lib/python3.12/site-packages/airflow/example_dags/example_time_delta_sensor_async.py
[2025-01-28T22:30:53.617+0000] {processor.py:914} INFO - Processing file /home/airflow/.local/lib/python3.12/site-packages/airflow/example_dags/example_time_delta_sensor_async.py for tasks to queue
[2025-01-28T22:30:53.620+0000] {logging_mixin.py:190} INFO - [2025-01-28T22:30:53.620+0000] {dagbag.py:588} INFO - Filling up the DagBag from /home/airflow/.local/lib/python3.12/site-packages/airflow/example_dags/example_time_delta_sensor_async.py
[2025-01-28T22:30:53.627+0000] {processor.py:925} INFO - DAG(s) 'example_time_delta_sensor_async' retrieved from /home/airflow/.local/lib/python3.12/site-packages/airflow/example_dags/example_time_delta_sensor_async.py
[2025-01-28T22:30:53.648+0000] {logging_mixin.py:190} INFO - [2025-01-28T22:30:53.647+0000] {dag.py:3239} INFO - Sync 1 DAGs
[2025-01-28T22:30:53.663+0000] {logging_mixin.py:190} INFO - [2025-01-28T22:30:53.663+0000] {dag.py:4180} INFO - Setting next_dagrun for example_time_delta_sensor_async to None, run_after=None
[2025-01-28T22:30:53.705+0000] {processor.py:208} INFO - Processing /home/airflow/.local/lib/python3.12/site-packages/airflow/example_dags/example_time_delta_sensor_async.py took 0.096 seconds
