[2025-01-28T22:09:29.086+0000] {processor.py:186} INFO - Started process (PID=122) to work on /home/airflow/.local/lib/python3.12/site-packages/airflow/example_dags/example_bash_decorator.py
[2025-01-28T22:09:29.088+0000] {processor.py:914} INFO - Processing file /home/airflow/.local/lib/python3.12/site-packages/airflow/example_dags/example_bash_decorator.py for tasks to queue
[2025-01-28T22:09:29.091+0000] {logging_mixin.py:190} INFO - [2025-01-28T22:09:29.091+0000] {dagbag.py:588} INFO - Filling up the DagBag from /home/airflow/.local/lib/python3.12/site-packages/airflow/example_dags/example_bash_decorator.py
[2025-01-28T22:09:29.108+0000] {processor.py:925} INFO - DAG(s) 'example_bash_decorator' retrieved from /home/airflow/.local/lib/python3.12/site-packages/airflow/example_dags/example_bash_decorator.py
[2025-01-28T22:09:29.226+0000] {logging_mixin.py:190} INFO - [2025-01-28T22:09:29.226+0000] {override.py:1911} INFO - Created Permission View: can delete on DAG:example_bash_decorator
[2025-01-28T22:09:29.240+0000] {logging_mixin.py:190} INFO - [2025-01-28T22:09:29.239+0000] {override.py:1911} INFO - Created Permission View: can edit on DAG:example_bash_decorator
[2025-01-28T22:09:29.251+0000] {logging_mixin.py:190} INFO - [2025-01-28T22:09:29.251+0000] {override.py:1911} INFO - Created Permission View: can read on DAG:example_bash_decorator
[2025-01-28T22:09:29.264+0000] {logging_mixin.py:190} INFO - [2025-01-28T22:09:29.263+0000] {override.py:1911} INFO - Created Permission View: can create on DAG Run:example_bash_decorator
[2025-01-28T22:09:29.272+0000] {logging_mixin.py:190} INFO - [2025-01-28T22:09:29.272+0000] {override.py:1911} INFO - Created Permission View: can delete on DAG Run:example_bash_decorator
[2025-01-28T22:09:29.281+0000] {logging_mixin.py:190} INFO - [2025-01-28T22:09:29.281+0000] {override.py:1911} INFO - Created Permission View: menu access on DAG Run:example_bash_decorator
[2025-01-28T22:09:29.289+0000] {logging_mixin.py:190} INFO - [2025-01-28T22:09:29.289+0000] {override.py:1911} INFO - Created Permission View: can read on DAG Run:example_bash_decorator
[2025-01-28T22:09:29.290+0000] {logging_mixin.py:190} INFO - [2025-01-28T22:09:29.290+0000] {dag.py:3239} INFO - Sync 1 DAGs
[2025-01-28T22:09:29.304+0000] {logging_mixin.py:190} INFO - [2025-01-28T22:09:29.304+0000] {dag.py:3262} INFO - Creating ORM DAG for example_bash_decorator
[2025-01-28T22:09:29.305+0000] {logging_mixin.py:190} INFO - [2025-01-28T22:09:29.305+0000] {dag.py:4180} INFO - Setting next_dagrun for example_bash_decorator to None, run_after=None
[2025-01-28T22:09:29.323+0000] {processor.py:208} INFO - Processing /home/airflow/.local/lib/python3.12/site-packages/airflow/example_dags/example_bash_decorator.py took 0.244 seconds
[2025-01-28T22:09:59.689+0000] {processor.py:186} INFO - Started process (PID=185) to work on /home/airflow/.local/lib/python3.12/site-packages/airflow/example_dags/example_bash_decorator.py
[2025-01-28T22:09:59.691+0000] {processor.py:914} INFO - Processing file /home/airflow/.local/lib/python3.12/site-packages/airflow/example_dags/example_bash_decorator.py for tasks to queue
[2025-01-28T22:09:59.702+0000] {logging_mixin.py:190} INFO - [2025-01-28T22:09:59.701+0000] {dagbag.py:588} INFO - Filling up the DagBag from /home/airflow/.local/lib/python3.12/site-packages/airflow/example_dags/example_bash_decorator.py
[2025-01-28T22:09:59.721+0000] {processor.py:925} INFO - DAG(s) 'example_bash_decorator' retrieved from /home/airflow/.local/lib/python3.12/site-packages/airflow/example_dags/example_bash_decorator.py
[2025-01-28T22:09:59.750+0000] {logging_mixin.py:190} INFO - [2025-01-28T22:09:59.750+0000] {dag.py:3239} INFO - Sync 1 DAGs
[2025-01-28T22:09:59.768+0000] {logging_mixin.py:190} INFO - [2025-01-28T22:09:59.768+0000] {dag.py:4180} INFO - Setting next_dagrun for example_bash_decorator to None, run_after=None
[2025-01-28T22:09:59.791+0000] {processor.py:208} INFO - Processing /home/airflow/.local/lib/python3.12/site-packages/airflow/example_dags/example_bash_decorator.py took 0.109 seconds
[2025-01-28T22:10:30.714+0000] {processor.py:186} INFO - Started process (PID=248) to work on /home/airflow/.local/lib/python3.12/site-packages/airflow/example_dags/example_bash_decorator.py
[2025-01-28T22:10:30.716+0000] {processor.py:914} INFO - Processing file /home/airflow/.local/lib/python3.12/site-packages/airflow/example_dags/example_bash_decorator.py for tasks to queue
[2025-01-28T22:10:30.719+0000] {logging_mixin.py:190} INFO - [2025-01-28T22:10:30.718+0000] {dagbag.py:588} INFO - Filling up the DagBag from /home/airflow/.local/lib/python3.12/site-packages/airflow/example_dags/example_bash_decorator.py
[2025-01-28T22:10:30.735+0000] {processor.py:925} INFO - DAG(s) 'example_bash_decorator' retrieved from /home/airflow/.local/lib/python3.12/site-packages/airflow/example_dags/example_bash_decorator.py
[2025-01-28T22:10:30.760+0000] {logging_mixin.py:190} INFO - [2025-01-28T22:10:30.760+0000] {dag.py:3239} INFO - Sync 1 DAGs
[2025-01-28T22:10:30.776+0000] {logging_mixin.py:190} INFO - [2025-01-28T22:10:30.775+0000] {dag.py:4180} INFO - Setting next_dagrun for example_bash_decorator to None, run_after=None
[2025-01-28T22:10:30.798+0000] {processor.py:208} INFO - Processing /home/airflow/.local/lib/python3.12/site-packages/airflow/example_dags/example_bash_decorator.py took 0.090 seconds
[2025-01-28T22:11:01.309+0000] {processor.py:186} INFO - Started process (PID=311) to work on /home/airflow/.local/lib/python3.12/site-packages/airflow/example_dags/example_bash_decorator.py
[2025-01-28T22:11:01.311+0000] {processor.py:914} INFO - Processing file /home/airflow/.local/lib/python3.12/site-packages/airflow/example_dags/example_bash_decorator.py for tasks to queue
[2025-01-28T22:11:01.314+0000] {logging_mixin.py:190} INFO - [2025-01-28T22:11:01.314+0000] {dagbag.py:588} INFO - Filling up the DagBag from /home/airflow/.local/lib/python3.12/site-packages/airflow/example_dags/example_bash_decorator.py
[2025-01-28T22:11:01.330+0000] {processor.py:925} INFO - DAG(s) 'example_bash_decorator' retrieved from /home/airflow/.local/lib/python3.12/site-packages/airflow/example_dags/example_bash_decorator.py
[2025-01-28T22:11:01.357+0000] {logging_mixin.py:190} INFO - [2025-01-28T22:11:01.357+0000] {dag.py:3239} INFO - Sync 1 DAGs
[2025-01-28T22:11:01.374+0000] {logging_mixin.py:190} INFO - [2025-01-28T22:11:01.374+0000] {dag.py:4180} INFO - Setting next_dagrun for example_bash_decorator to None, run_after=None
[2025-01-28T22:11:01.398+0000] {processor.py:208} INFO - Processing /home/airflow/.local/lib/python3.12/site-packages/airflow/example_dags/example_bash_decorator.py took 0.095 seconds
[2025-01-28T22:11:32.940+0000] {processor.py:186} INFO - Started process (PID=374) to work on /home/airflow/.local/lib/python3.12/site-packages/airflow/example_dags/example_bash_decorator.py
[2025-01-28T22:11:32.942+0000] {processor.py:914} INFO - Processing file /home/airflow/.local/lib/python3.12/site-packages/airflow/example_dags/example_bash_decorator.py for tasks to queue
[2025-01-28T22:11:32.945+0000] {logging_mixin.py:190} INFO - [2025-01-28T22:11:32.944+0000] {dagbag.py:588} INFO - Filling up the DagBag from /home/airflow/.local/lib/python3.12/site-packages/airflow/example_dags/example_bash_decorator.py
[2025-01-28T22:11:32.961+0000] {processor.py:925} INFO - DAG(s) 'example_bash_decorator' retrieved from /home/airflow/.local/lib/python3.12/site-packages/airflow/example_dags/example_bash_decorator.py
[2025-01-28T22:11:32.987+0000] {logging_mixin.py:190} INFO - [2025-01-28T22:11:32.987+0000] {dag.py:3239} INFO - Sync 1 DAGs
[2025-01-28T22:11:33.003+0000] {logging_mixin.py:190} INFO - [2025-01-28T22:11:33.003+0000] {dag.py:4180} INFO - Setting next_dagrun for example_bash_decorator to None, run_after=None
[2025-01-28T22:11:33.026+0000] {processor.py:208} INFO - Processing /home/airflow/.local/lib/python3.12/site-packages/airflow/example_dags/example_bash_decorator.py took 0.091 seconds
[2025-01-28T22:12:03.897+0000] {processor.py:186} INFO - Started process (PID=437) to work on /home/airflow/.local/lib/python3.12/site-packages/airflow/example_dags/example_bash_decorator.py
[2025-01-28T22:12:03.898+0000] {processor.py:914} INFO - Processing file /home/airflow/.local/lib/python3.12/site-packages/airflow/example_dags/example_bash_decorator.py for tasks to queue
[2025-01-28T22:12:03.901+0000] {logging_mixin.py:190} INFO - [2025-01-28T22:12:03.901+0000] {dagbag.py:588} INFO - Filling up the DagBag from /home/airflow/.local/lib/python3.12/site-packages/airflow/example_dags/example_bash_decorator.py
[2025-01-28T22:12:03.918+0000] {processor.py:925} INFO - DAG(s) 'example_bash_decorator' retrieved from /home/airflow/.local/lib/python3.12/site-packages/airflow/example_dags/example_bash_decorator.py
[2025-01-28T22:12:03.946+0000] {logging_mixin.py:190} INFO - [2025-01-28T22:12:03.945+0000] {dag.py:3239} INFO - Sync 1 DAGs
[2025-01-28T22:12:03.962+0000] {logging_mixin.py:190} INFO - [2025-01-28T22:12:03.962+0000] {dag.py:4180} INFO - Setting next_dagrun for example_bash_decorator to None, run_after=None
[2025-01-28T22:12:03.987+0000] {processor.py:208} INFO - Processing /home/airflow/.local/lib/python3.12/site-packages/airflow/example_dags/example_bash_decorator.py took 0.096 seconds
[2025-01-28T22:12:34.798+0000] {processor.py:186} INFO - Started process (PID=500) to work on /home/airflow/.local/lib/python3.12/site-packages/airflow/example_dags/example_bash_decorator.py
[2025-01-28T22:12:34.799+0000] {processor.py:914} INFO - Processing file /home/airflow/.local/lib/python3.12/site-packages/airflow/example_dags/example_bash_decorator.py for tasks to queue
[2025-01-28T22:12:34.802+0000] {logging_mixin.py:190} INFO - [2025-01-28T22:12:34.802+0000] {dagbag.py:588} INFO - Filling up the DagBag from /home/airflow/.local/lib/python3.12/site-packages/airflow/example_dags/example_bash_decorator.py
[2025-01-28T22:12:34.818+0000] {processor.py:925} INFO - DAG(s) 'example_bash_decorator' retrieved from /home/airflow/.local/lib/python3.12/site-packages/airflow/example_dags/example_bash_decorator.py
[2025-01-28T22:12:34.845+0000] {logging_mixin.py:190} INFO - [2025-01-28T22:12:34.845+0000] {dag.py:3239} INFO - Sync 1 DAGs
[2025-01-28T22:12:34.860+0000] {logging_mixin.py:190} INFO - [2025-01-28T22:12:34.860+0000] {dag.py:4180} INFO - Setting next_dagrun for example_bash_decorator to None, run_after=None
[2025-01-28T22:12:34.881+0000] {processor.py:208} INFO - Processing /home/airflow/.local/lib/python3.12/site-packages/airflow/example_dags/example_bash_decorator.py took 0.090 seconds
[2025-01-28T22:13:06.896+0000] {processor.py:186} INFO - Started process (PID=563) to work on /home/airflow/.local/lib/python3.12/site-packages/airflow/example_dags/example_bash_decorator.py
[2025-01-28T22:13:06.897+0000] {processor.py:914} INFO - Processing file /home/airflow/.local/lib/python3.12/site-packages/airflow/example_dags/example_bash_decorator.py for tasks to queue
[2025-01-28T22:13:06.900+0000] {logging_mixin.py:190} INFO - [2025-01-28T22:13:06.900+0000] {dagbag.py:588} INFO - Filling up the DagBag from /home/airflow/.local/lib/python3.12/site-packages/airflow/example_dags/example_bash_decorator.py
[2025-01-28T22:13:06.917+0000] {processor.py:925} INFO - DAG(s) 'example_bash_decorator' retrieved from /home/airflow/.local/lib/python3.12/site-packages/airflow/example_dags/example_bash_decorator.py
[2025-01-28T22:13:06.943+0000] {logging_mixin.py:190} INFO - [2025-01-28T22:13:06.942+0000] {dag.py:3239} INFO - Sync 1 DAGs
[2025-01-28T22:13:06.959+0000] {logging_mixin.py:190} INFO - [2025-01-28T22:13:06.959+0000] {dag.py:4180} INFO - Setting next_dagrun for example_bash_decorator to None, run_after=None
[2025-01-28T22:13:06.998+0000] {processor.py:208} INFO - Processing /home/airflow/.local/lib/python3.12/site-packages/airflow/example_dags/example_bash_decorator.py took 0.109 seconds
[2025-01-28T22:13:38.027+0000] {processor.py:186} INFO - Started process (PID=626) to work on /home/airflow/.local/lib/python3.12/site-packages/airflow/example_dags/example_bash_decorator.py
[2025-01-28T22:13:38.028+0000] {processor.py:914} INFO - Processing file /home/airflow/.local/lib/python3.12/site-packages/airflow/example_dags/example_bash_decorator.py for tasks to queue
[2025-01-28T22:13:38.031+0000] {logging_mixin.py:190} INFO - [2025-01-28T22:13:38.031+0000] {dagbag.py:588} INFO - Filling up the DagBag from /home/airflow/.local/lib/python3.12/site-packages/airflow/example_dags/example_bash_decorator.py
[2025-01-28T22:13:38.048+0000] {processor.py:925} INFO - DAG(s) 'example_bash_decorator' retrieved from /home/airflow/.local/lib/python3.12/site-packages/airflow/example_dags/example_bash_decorator.py
[2025-01-28T22:13:38.077+0000] {logging_mixin.py:190} INFO - [2025-01-28T22:13:38.077+0000] {dag.py:3239} INFO - Sync 1 DAGs
[2025-01-28T22:13:38.094+0000] {logging_mixin.py:190} INFO - [2025-01-28T22:13:38.094+0000] {dag.py:4180} INFO - Setting next_dagrun for example_bash_decorator to None, run_after=None
[2025-01-28T22:13:38.122+0000] {processor.py:208} INFO - Processing /home/airflow/.local/lib/python3.12/site-packages/airflow/example_dags/example_bash_decorator.py took 0.102 seconds
[2025-01-28T22:14:09.166+0000] {processor.py:186} INFO - Started process (PID=689) to work on /home/airflow/.local/lib/python3.12/site-packages/airflow/example_dags/example_bash_decorator.py
[2025-01-28T22:14:09.167+0000] {processor.py:914} INFO - Processing file /home/airflow/.local/lib/python3.12/site-packages/airflow/example_dags/example_bash_decorator.py for tasks to queue
[2025-01-28T22:14:09.170+0000] {logging_mixin.py:190} INFO - [2025-01-28T22:14:09.170+0000] {dagbag.py:588} INFO - Filling up the DagBag from /home/airflow/.local/lib/python3.12/site-packages/airflow/example_dags/example_bash_decorator.py
[2025-01-28T22:14:09.186+0000] {processor.py:925} INFO - DAG(s) 'example_bash_decorator' retrieved from /home/airflow/.local/lib/python3.12/site-packages/airflow/example_dags/example_bash_decorator.py
[2025-01-28T22:14:09.212+0000] {logging_mixin.py:190} INFO - [2025-01-28T22:14:09.212+0000] {dag.py:3239} INFO - Sync 1 DAGs
[2025-01-28T22:14:09.228+0000] {logging_mixin.py:190} INFO - [2025-01-28T22:14:09.228+0000] {dag.py:4180} INFO - Setting next_dagrun for example_bash_decorator to None, run_after=None
[2025-01-28T22:14:09.251+0000] {processor.py:208} INFO - Processing /home/airflow/.local/lib/python3.12/site-packages/airflow/example_dags/example_bash_decorator.py took 0.092 seconds
[2025-01-28T22:14:39.345+0000] {processor.py:186} INFO - Started process (PID=752) to work on /home/airflow/.local/lib/python3.12/site-packages/airflow/example_dags/example_bash_decorator.py
[2025-01-28T22:14:39.347+0000] {processor.py:914} INFO - Processing file /home/airflow/.local/lib/python3.12/site-packages/airflow/example_dags/example_bash_decorator.py for tasks to queue
[2025-01-28T22:14:39.349+0000] {logging_mixin.py:190} INFO - [2025-01-28T22:14:39.349+0000] {dagbag.py:588} INFO - Filling up the DagBag from /home/airflow/.local/lib/python3.12/site-packages/airflow/example_dags/example_bash_decorator.py
[2025-01-28T22:14:39.365+0000] {processor.py:925} INFO - DAG(s) 'example_bash_decorator' retrieved from /home/airflow/.local/lib/python3.12/site-packages/airflow/example_dags/example_bash_decorator.py
[2025-01-28T22:14:39.392+0000] {logging_mixin.py:190} INFO - [2025-01-28T22:14:39.392+0000] {dag.py:3239} INFO - Sync 1 DAGs
[2025-01-28T22:14:39.410+0000] {logging_mixin.py:190} INFO - [2025-01-28T22:14:39.409+0000] {dag.py:4180} INFO - Setting next_dagrun for example_bash_decorator to None, run_after=None
[2025-01-28T22:14:39.433+0000] {processor.py:208} INFO - Processing /home/airflow/.local/lib/python3.12/site-packages/airflow/example_dags/example_bash_decorator.py took 0.095 seconds
[2025-01-28T22:15:11.351+0000] {processor.py:186} INFO - Started process (PID=815) to work on /home/airflow/.local/lib/python3.12/site-packages/airflow/example_dags/example_bash_decorator.py
[2025-01-28T22:15:11.352+0000] {processor.py:914} INFO - Processing file /home/airflow/.local/lib/python3.12/site-packages/airflow/example_dags/example_bash_decorator.py for tasks to queue
[2025-01-28T22:15:11.355+0000] {logging_mixin.py:190} INFO - [2025-01-28T22:15:11.355+0000] {dagbag.py:588} INFO - Filling up the DagBag from /home/airflow/.local/lib/python3.12/site-packages/airflow/example_dags/example_bash_decorator.py
[2025-01-28T22:15:11.371+0000] {processor.py:925} INFO - DAG(s) 'example_bash_decorator' retrieved from /home/airflow/.local/lib/python3.12/site-packages/airflow/example_dags/example_bash_decorator.py
[2025-01-28T22:15:11.397+0000] {logging_mixin.py:190} INFO - [2025-01-28T22:15:11.397+0000] {dag.py:3239} INFO - Sync 1 DAGs
[2025-01-28T22:15:11.413+0000] {logging_mixin.py:190} INFO - [2025-01-28T22:15:11.413+0000] {dag.py:4180} INFO - Setting next_dagrun for example_bash_decorator to None, run_after=None
[2025-01-28T22:15:11.434+0000] {processor.py:208} INFO - Processing /home/airflow/.local/lib/python3.12/site-packages/airflow/example_dags/example_bash_decorator.py took 0.090 seconds
[2025-01-28T22:15:42.896+0000] {processor.py:186} INFO - Started process (PID=878) to work on /home/airflow/.local/lib/python3.12/site-packages/airflow/example_dags/example_bash_decorator.py
[2025-01-28T22:15:42.898+0000] {processor.py:914} INFO - Processing file /home/airflow/.local/lib/python3.12/site-packages/airflow/example_dags/example_bash_decorator.py for tasks to queue
[2025-01-28T22:15:42.905+0000] {logging_mixin.py:190} INFO - [2025-01-28T22:15:42.904+0000] {dagbag.py:588} INFO - Filling up the DagBag from /home/airflow/.local/lib/python3.12/site-packages/airflow/example_dags/example_bash_decorator.py
[2025-01-28T22:15:42.928+0000] {processor.py:925} INFO - DAG(s) 'example_bash_decorator' retrieved from /home/airflow/.local/lib/python3.12/site-packages/airflow/example_dags/example_bash_decorator.py
[2025-01-28T22:15:42.953+0000] {logging_mixin.py:190} INFO - [2025-01-28T22:15:42.953+0000] {dag.py:3239} INFO - Sync 1 DAGs
[2025-01-28T22:15:42.969+0000] {logging_mixin.py:190} INFO - [2025-01-28T22:15:42.969+0000] {dag.py:4180} INFO - Setting next_dagrun for example_bash_decorator to None, run_after=None
[2025-01-28T22:15:42.995+0000] {processor.py:208} INFO - Processing /home/airflow/.local/lib/python3.12/site-packages/airflow/example_dags/example_bash_decorator.py took 0.105 seconds
[2025-01-28T22:16:14.362+0000] {processor.py:186} INFO - Started process (PID=942) to work on /home/airflow/.local/lib/python3.12/site-packages/airflow/example_dags/example_bash_decorator.py
[2025-01-28T22:16:14.363+0000] {processor.py:914} INFO - Processing file /home/airflow/.local/lib/python3.12/site-packages/airflow/example_dags/example_bash_decorator.py for tasks to queue
[2025-01-28T22:16:14.368+0000] {logging_mixin.py:190} INFO - [2025-01-28T22:16:14.366+0000] {dagbag.py:588} INFO - Filling up the DagBag from /home/airflow/.local/lib/python3.12/site-packages/airflow/example_dags/example_bash_decorator.py
[2025-01-28T22:16:14.386+0000] {processor.py:925} INFO - DAG(s) 'example_bash_decorator' retrieved from /home/airflow/.local/lib/python3.12/site-packages/airflow/example_dags/example_bash_decorator.py
[2025-01-28T22:16:14.414+0000] {logging_mixin.py:190} INFO - [2025-01-28T22:16:14.414+0000] {dag.py:3239} INFO - Sync 1 DAGs
[2025-01-28T22:16:14.435+0000] {logging_mixin.py:190} INFO - [2025-01-28T22:16:14.435+0000] {dag.py:4180} INFO - Setting next_dagrun for example_bash_decorator to None, run_after=None
[2025-01-28T22:16:14.490+0000] {processor.py:208} INFO - Processing /home/airflow/.local/lib/python3.12/site-packages/airflow/example_dags/example_bash_decorator.py took 0.134 seconds
[2025-01-28T22:16:46.091+0000] {processor.py:186} INFO - Started process (PID=1005) to work on /home/airflow/.local/lib/python3.12/site-packages/airflow/example_dags/example_bash_decorator.py
[2025-01-28T22:16:46.092+0000] {processor.py:914} INFO - Processing file /home/airflow/.local/lib/python3.12/site-packages/airflow/example_dags/example_bash_decorator.py for tasks to queue
[2025-01-28T22:16:46.095+0000] {logging_mixin.py:190} INFO - [2025-01-28T22:16:46.095+0000] {dagbag.py:588} INFO - Filling up the DagBag from /home/airflow/.local/lib/python3.12/site-packages/airflow/example_dags/example_bash_decorator.py
[2025-01-28T22:16:46.112+0000] {processor.py:925} INFO - DAG(s) 'example_bash_decorator' retrieved from /home/airflow/.local/lib/python3.12/site-packages/airflow/example_dags/example_bash_decorator.py
[2025-01-28T22:16:46.138+0000] {logging_mixin.py:190} INFO - [2025-01-28T22:16:46.138+0000] {dag.py:3239} INFO - Sync 1 DAGs
[2025-01-28T22:16:46.154+0000] {logging_mixin.py:190} INFO - [2025-01-28T22:16:46.154+0000] {dag.py:4180} INFO - Setting next_dagrun for example_bash_decorator to None, run_after=None
[2025-01-28T22:16:46.184+0000] {processor.py:208} INFO - Processing /home/airflow/.local/lib/python3.12/site-packages/airflow/example_dags/example_bash_decorator.py took 0.099 seconds
[2025-01-28T22:17:17.893+0000] {processor.py:186} INFO - Started process (PID=1068) to work on /home/airflow/.local/lib/python3.12/site-packages/airflow/example_dags/example_bash_decorator.py
[2025-01-28T22:17:17.894+0000] {processor.py:914} INFO - Processing file /home/airflow/.local/lib/python3.12/site-packages/airflow/example_dags/example_bash_decorator.py for tasks to queue
[2025-01-28T22:17:17.897+0000] {logging_mixin.py:190} INFO - [2025-01-28T22:17:17.896+0000] {dagbag.py:588} INFO - Filling up the DagBag from /home/airflow/.local/lib/python3.12/site-packages/airflow/example_dags/example_bash_decorator.py
[2025-01-28T22:17:17.913+0000] {processor.py:925} INFO - DAG(s) 'example_bash_decorator' retrieved from /home/airflow/.local/lib/python3.12/site-packages/airflow/example_dags/example_bash_decorator.py
[2025-01-28T22:17:17.938+0000] {logging_mixin.py:190} INFO - [2025-01-28T22:17:17.938+0000] {dag.py:3239} INFO - Sync 1 DAGs
[2025-01-28T22:17:17.953+0000] {logging_mixin.py:190} INFO - [2025-01-28T22:17:17.953+0000] {dag.py:4180} INFO - Setting next_dagrun for example_bash_decorator to None, run_after=None
[2025-01-28T22:17:17.975+0000] {processor.py:208} INFO - Processing /home/airflow/.local/lib/python3.12/site-packages/airflow/example_dags/example_bash_decorator.py took 0.088 seconds
[2025-01-28T22:17:48.915+0000] {processor.py:186} INFO - Started process (PID=1131) to work on /home/airflow/.local/lib/python3.12/site-packages/airflow/example_dags/example_bash_decorator.py
[2025-01-28T22:17:48.916+0000] {processor.py:914} INFO - Processing file /home/airflow/.local/lib/python3.12/site-packages/airflow/example_dags/example_bash_decorator.py for tasks to queue
[2025-01-28T22:17:48.919+0000] {logging_mixin.py:190} INFO - [2025-01-28T22:17:48.919+0000] {dagbag.py:588} INFO - Filling up the DagBag from /home/airflow/.local/lib/python3.12/site-packages/airflow/example_dags/example_bash_decorator.py
[2025-01-28T22:17:48.935+0000] {processor.py:925} INFO - DAG(s) 'example_bash_decorator' retrieved from /home/airflow/.local/lib/python3.12/site-packages/airflow/example_dags/example_bash_decorator.py
[2025-01-28T22:17:48.961+0000] {logging_mixin.py:190} INFO - [2025-01-28T22:17:48.961+0000] {dag.py:3239} INFO - Sync 1 DAGs
[2025-01-28T22:17:48.977+0000] {logging_mixin.py:190} INFO - [2025-01-28T22:17:48.977+0000] {dag.py:4180} INFO - Setting next_dagrun for example_bash_decorator to None, run_after=None
[2025-01-28T22:17:48.999+0000] {processor.py:208} INFO - Processing /home/airflow/.local/lib/python3.12/site-packages/airflow/example_dags/example_bash_decorator.py took 0.091 seconds
[2025-01-28T22:18:20.797+0000] {processor.py:186} INFO - Started process (PID=1194) to work on /home/airflow/.local/lib/python3.12/site-packages/airflow/example_dags/example_bash_decorator.py
[2025-01-28T22:18:20.798+0000] {processor.py:914} INFO - Processing file /home/airflow/.local/lib/python3.12/site-packages/airflow/example_dags/example_bash_decorator.py for tasks to queue
[2025-01-28T22:18:20.801+0000] {logging_mixin.py:190} INFO - [2025-01-28T22:18:20.800+0000] {dagbag.py:588} INFO - Filling up the DagBag from /home/airflow/.local/lib/python3.12/site-packages/airflow/example_dags/example_bash_decorator.py
[2025-01-28T22:18:20.817+0000] {processor.py:925} INFO - DAG(s) 'example_bash_decorator' retrieved from /home/airflow/.local/lib/python3.12/site-packages/airflow/example_dags/example_bash_decorator.py
[2025-01-28T22:18:20.842+0000] {logging_mixin.py:190} INFO - [2025-01-28T22:18:20.842+0000] {dag.py:3239} INFO - Sync 1 DAGs
[2025-01-28T22:18:20.857+0000] {logging_mixin.py:190} INFO - [2025-01-28T22:18:20.857+0000] {dag.py:4180} INFO - Setting next_dagrun for example_bash_decorator to None, run_after=None
[2025-01-28T22:18:20.879+0000] {processor.py:208} INFO - Processing /home/airflow/.local/lib/python3.12/site-packages/airflow/example_dags/example_bash_decorator.py took 0.089 seconds
[2025-01-28T22:18:52.207+0000] {processor.py:186} INFO - Started process (PID=1257) to work on /home/airflow/.local/lib/python3.12/site-packages/airflow/example_dags/example_bash_decorator.py
[2025-01-28T22:18:52.209+0000] {processor.py:914} INFO - Processing file /home/airflow/.local/lib/python3.12/site-packages/airflow/example_dags/example_bash_decorator.py for tasks to queue
[2025-01-28T22:18:52.212+0000] {logging_mixin.py:190} INFO - [2025-01-28T22:18:52.212+0000] {dagbag.py:588} INFO - Filling up the DagBag from /home/airflow/.local/lib/python3.12/site-packages/airflow/example_dags/example_bash_decorator.py
[2025-01-28T22:18:52.229+0000] {processor.py:925} INFO - DAG(s) 'example_bash_decorator' retrieved from /home/airflow/.local/lib/python3.12/site-packages/airflow/example_dags/example_bash_decorator.py
[2025-01-28T22:18:52.254+0000] {logging_mixin.py:190} INFO - [2025-01-28T22:18:52.254+0000] {dag.py:3239} INFO - Sync 1 DAGs
[2025-01-28T22:18:52.272+0000] {logging_mixin.py:190} INFO - [2025-01-28T22:18:52.272+0000] {dag.py:4180} INFO - Setting next_dagrun for example_bash_decorator to None, run_after=None
[2025-01-28T22:18:52.298+0000] {processor.py:208} INFO - Processing /home/airflow/.local/lib/python3.12/site-packages/airflow/example_dags/example_bash_decorator.py took 0.097 seconds
[2025-01-28T22:19:23.514+0000] {processor.py:186} INFO - Started process (PID=1320) to work on /home/airflow/.local/lib/python3.12/site-packages/airflow/example_dags/example_bash_decorator.py
[2025-01-28T22:19:23.516+0000] {processor.py:914} INFO - Processing file /home/airflow/.local/lib/python3.12/site-packages/airflow/example_dags/example_bash_decorator.py for tasks to queue
[2025-01-28T22:19:23.518+0000] {logging_mixin.py:190} INFO - [2025-01-28T22:19:23.518+0000] {dagbag.py:588} INFO - Filling up the DagBag from /home/airflow/.local/lib/python3.12/site-packages/airflow/example_dags/example_bash_decorator.py
[2025-01-28T22:19:23.535+0000] {processor.py:925} INFO - DAG(s) 'example_bash_decorator' retrieved from /home/airflow/.local/lib/python3.12/site-packages/airflow/example_dags/example_bash_decorator.py
[2025-01-28T22:19:23.563+0000] {logging_mixin.py:190} INFO - [2025-01-28T22:19:23.562+0000] {dag.py:3239} INFO - Sync 1 DAGs
[2025-01-28T22:19:23.578+0000] {logging_mixin.py:190} INFO - [2025-01-28T22:19:23.578+0000] {dag.py:4180} INFO - Setting next_dagrun for example_bash_decorator to None, run_after=None
[2025-01-28T22:19:23.605+0000] {processor.py:208} INFO - Processing /home/airflow/.local/lib/python3.12/site-packages/airflow/example_dags/example_bash_decorator.py took 0.098 seconds
[2025-01-28T22:19:54.203+0000] {processor.py:186} INFO - Started process (PID=1383) to work on /home/airflow/.local/lib/python3.12/site-packages/airflow/example_dags/example_bash_decorator.py
[2025-01-28T22:19:54.204+0000] {processor.py:914} INFO - Processing file /home/airflow/.local/lib/python3.12/site-packages/airflow/example_dags/example_bash_decorator.py for tasks to queue
[2025-01-28T22:19:54.207+0000] {logging_mixin.py:190} INFO - [2025-01-28T22:19:54.206+0000] {dagbag.py:588} INFO - Filling up the DagBag from /home/airflow/.local/lib/python3.12/site-packages/airflow/example_dags/example_bash_decorator.py
[2025-01-28T22:19:54.223+0000] {processor.py:925} INFO - DAG(s) 'example_bash_decorator' retrieved from /home/airflow/.local/lib/python3.12/site-packages/airflow/example_dags/example_bash_decorator.py
[2025-01-28T22:19:54.249+0000] {logging_mixin.py:190} INFO - [2025-01-28T22:19:54.249+0000] {dag.py:3239} INFO - Sync 1 DAGs
[2025-01-28T22:19:54.265+0000] {logging_mixin.py:190} INFO - [2025-01-28T22:19:54.265+0000] {dag.py:4180} INFO - Setting next_dagrun for example_bash_decorator to None, run_after=None
[2025-01-28T22:19:54.288+0000] {processor.py:208} INFO - Processing /home/airflow/.local/lib/python3.12/site-packages/airflow/example_dags/example_bash_decorator.py took 0.092 seconds
[2025-01-28T22:20:25.395+0000] {processor.py:186} INFO - Started process (PID=1446) to work on /home/airflow/.local/lib/python3.12/site-packages/airflow/example_dags/example_bash_decorator.py
[2025-01-28T22:20:25.396+0000] {processor.py:914} INFO - Processing file /home/airflow/.local/lib/python3.12/site-packages/airflow/example_dags/example_bash_decorator.py for tasks to queue
[2025-01-28T22:20:25.399+0000] {logging_mixin.py:190} INFO - [2025-01-28T22:20:25.399+0000] {dagbag.py:588} INFO - Filling up the DagBag from /home/airflow/.local/lib/python3.12/site-packages/airflow/example_dags/example_bash_decorator.py
[2025-01-28T22:20:25.415+0000] {processor.py:925} INFO - DAG(s) 'example_bash_decorator' retrieved from /home/airflow/.local/lib/python3.12/site-packages/airflow/example_dags/example_bash_decorator.py
[2025-01-28T22:20:25.443+0000] {logging_mixin.py:190} INFO - [2025-01-28T22:20:25.442+0000] {dag.py:3239} INFO - Sync 1 DAGs
[2025-01-28T22:20:25.459+0000] {logging_mixin.py:190} INFO - [2025-01-28T22:20:25.459+0000] {dag.py:4180} INFO - Setting next_dagrun for example_bash_decorator to None, run_after=None
[2025-01-28T22:20:25.483+0000] {processor.py:208} INFO - Processing /home/airflow/.local/lib/python3.12/site-packages/airflow/example_dags/example_bash_decorator.py took 0.094 seconds
[2025-01-28T22:20:57.243+0000] {processor.py:186} INFO - Started process (PID=1509) to work on /home/airflow/.local/lib/python3.12/site-packages/airflow/example_dags/example_bash_decorator.py
[2025-01-28T22:20:57.245+0000] {processor.py:914} INFO - Processing file /home/airflow/.local/lib/python3.12/site-packages/airflow/example_dags/example_bash_decorator.py for tasks to queue
[2025-01-28T22:20:57.248+0000] {logging_mixin.py:190} INFO - [2025-01-28T22:20:57.247+0000] {dagbag.py:588} INFO - Filling up the DagBag from /home/airflow/.local/lib/python3.12/site-packages/airflow/example_dags/example_bash_decorator.py
[2025-01-28T22:20:57.265+0000] {processor.py:925} INFO - DAG(s) 'example_bash_decorator' retrieved from /home/airflow/.local/lib/python3.12/site-packages/airflow/example_dags/example_bash_decorator.py
[2025-01-28T22:20:57.291+0000] {logging_mixin.py:190} INFO - [2025-01-28T22:20:57.291+0000] {dag.py:3239} INFO - Sync 1 DAGs
[2025-01-28T22:20:57.307+0000] {logging_mixin.py:190} INFO - [2025-01-28T22:20:57.306+0000] {dag.py:4180} INFO - Setting next_dagrun for example_bash_decorator to None, run_after=None
[2025-01-28T22:20:57.329+0000] {processor.py:208} INFO - Processing /home/airflow/.local/lib/python3.12/site-packages/airflow/example_dags/example_bash_decorator.py took 0.093 seconds
[2025-01-28T22:21:28.227+0000] {processor.py:186} INFO - Started process (PID=1572) to work on /home/airflow/.local/lib/python3.12/site-packages/airflow/example_dags/example_bash_decorator.py
[2025-01-28T22:21:28.228+0000] {processor.py:914} INFO - Processing file /home/airflow/.local/lib/python3.12/site-packages/airflow/example_dags/example_bash_decorator.py for tasks to queue
[2025-01-28T22:21:28.231+0000] {logging_mixin.py:190} INFO - [2025-01-28T22:21:28.231+0000] {dagbag.py:588} INFO - Filling up the DagBag from /home/airflow/.local/lib/python3.12/site-packages/airflow/example_dags/example_bash_decorator.py
[2025-01-28T22:21:28.248+0000] {processor.py:925} INFO - DAG(s) 'example_bash_decorator' retrieved from /home/airflow/.local/lib/python3.12/site-packages/airflow/example_dags/example_bash_decorator.py
[2025-01-28T22:21:28.275+0000] {logging_mixin.py:190} INFO - [2025-01-28T22:21:28.274+0000] {dag.py:3239} INFO - Sync 1 DAGs
[2025-01-28T22:21:28.291+0000] {logging_mixin.py:190} INFO - [2025-01-28T22:21:28.291+0000] {dag.py:4180} INFO - Setting next_dagrun for example_bash_decorator to None, run_after=None
[2025-01-28T22:21:28.319+0000] {processor.py:208} INFO - Processing /home/airflow/.local/lib/python3.12/site-packages/airflow/example_dags/example_bash_decorator.py took 0.099 seconds
[2025-01-28T22:21:59.792+0000] {processor.py:186} INFO - Started process (PID=1635) to work on /home/airflow/.local/lib/python3.12/site-packages/airflow/example_dags/example_bash_decorator.py
[2025-01-28T22:21:59.793+0000] {processor.py:914} INFO - Processing file /home/airflow/.local/lib/python3.12/site-packages/airflow/example_dags/example_bash_decorator.py for tasks to queue
[2025-01-28T22:21:59.796+0000] {logging_mixin.py:190} INFO - [2025-01-28T22:21:59.795+0000] {dagbag.py:588} INFO - Filling up the DagBag from /home/airflow/.local/lib/python3.12/site-packages/airflow/example_dags/example_bash_decorator.py
[2025-01-28T22:21:59.812+0000] {processor.py:925} INFO - DAG(s) 'example_bash_decorator' retrieved from /home/airflow/.local/lib/python3.12/site-packages/airflow/example_dags/example_bash_decorator.py
[2025-01-28T22:21:59.838+0000] {logging_mixin.py:190} INFO - [2025-01-28T22:21:59.838+0000] {dag.py:3239} INFO - Sync 1 DAGs
[2025-01-28T22:21:59.854+0000] {logging_mixin.py:190} INFO - [2025-01-28T22:21:59.854+0000] {dag.py:4180} INFO - Setting next_dagrun for example_bash_decorator to None, run_after=None
[2025-01-28T22:21:59.897+0000] {processor.py:208} INFO - Processing /home/airflow/.local/lib/python3.12/site-packages/airflow/example_dags/example_bash_decorator.py took 0.112 seconds
[2025-01-28T22:22:31.211+0000] {processor.py:186} INFO - Started process (PID=1698) to work on /home/airflow/.local/lib/python3.12/site-packages/airflow/example_dags/example_bash_decorator.py
[2025-01-28T22:22:31.213+0000] {processor.py:914} INFO - Processing file /home/airflow/.local/lib/python3.12/site-packages/airflow/example_dags/example_bash_decorator.py for tasks to queue
[2025-01-28T22:22:31.216+0000] {logging_mixin.py:190} INFO - [2025-01-28T22:22:31.215+0000] {dagbag.py:588} INFO - Filling up the DagBag from /home/airflow/.local/lib/python3.12/site-packages/airflow/example_dags/example_bash_decorator.py
[2025-01-28T22:22:31.233+0000] {processor.py:925} INFO - DAG(s) 'example_bash_decorator' retrieved from /home/airflow/.local/lib/python3.12/site-packages/airflow/example_dags/example_bash_decorator.py
[2025-01-28T22:22:31.261+0000] {logging_mixin.py:190} INFO - [2025-01-28T22:22:31.261+0000] {dag.py:3239} INFO - Sync 1 DAGs
[2025-01-28T22:22:31.277+0000] {logging_mixin.py:190} INFO - [2025-01-28T22:22:31.276+0000] {dag.py:4180} INFO - Setting next_dagrun for example_bash_decorator to None, run_after=None
[2025-01-28T22:22:31.304+0000] {processor.py:208} INFO - Processing /home/airflow/.local/lib/python3.12/site-packages/airflow/example_dags/example_bash_decorator.py took 0.099 seconds
[2025-01-28T22:23:02.839+0000] {processor.py:186} INFO - Started process (PID=1761) to work on /home/airflow/.local/lib/python3.12/site-packages/airflow/example_dags/example_bash_decorator.py
[2025-01-28T22:23:02.841+0000] {processor.py:914} INFO - Processing file /home/airflow/.local/lib/python3.12/site-packages/airflow/example_dags/example_bash_decorator.py for tasks to queue
[2025-01-28T22:23:02.843+0000] {logging_mixin.py:190} INFO - [2025-01-28T22:23:02.843+0000] {dagbag.py:588} INFO - Filling up the DagBag from /home/airflow/.local/lib/python3.12/site-packages/airflow/example_dags/example_bash_decorator.py
[2025-01-28T22:23:02.861+0000] {processor.py:925} INFO - DAG(s) 'example_bash_decorator' retrieved from /home/airflow/.local/lib/python3.12/site-packages/airflow/example_dags/example_bash_decorator.py
[2025-01-28T22:23:02.888+0000] {logging_mixin.py:190} INFO - [2025-01-28T22:23:02.887+0000] {dag.py:3239} INFO - Sync 1 DAGs
[2025-01-28T22:23:02.904+0000] {logging_mixin.py:190} INFO - [2025-01-28T22:23:02.904+0000] {dag.py:4180} INFO - Setting next_dagrun for example_bash_decorator to None, run_after=None
[2025-01-28T22:23:02.929+0000] {processor.py:208} INFO - Processing /home/airflow/.local/lib/python3.12/site-packages/airflow/example_dags/example_bash_decorator.py took 0.097 seconds
[2025-01-28T22:23:33.431+0000] {processor.py:186} INFO - Started process (PID=1824) to work on /home/airflow/.local/lib/python3.12/site-packages/airflow/example_dags/example_bash_decorator.py
[2025-01-28T22:23:33.432+0000] {processor.py:914} INFO - Processing file /home/airflow/.local/lib/python3.12/site-packages/airflow/example_dags/example_bash_decorator.py for tasks to queue
[2025-01-28T22:23:33.435+0000] {logging_mixin.py:190} INFO - [2025-01-28T22:23:33.435+0000] {dagbag.py:588} INFO - Filling up the DagBag from /home/airflow/.local/lib/python3.12/site-packages/airflow/example_dags/example_bash_decorator.py
[2025-01-28T22:23:33.451+0000] {processor.py:925} INFO - DAG(s) 'example_bash_decorator' retrieved from /home/airflow/.local/lib/python3.12/site-packages/airflow/example_dags/example_bash_decorator.py
[2025-01-28T22:23:33.477+0000] {logging_mixin.py:190} INFO - [2025-01-28T22:23:33.477+0000] {dag.py:3239} INFO - Sync 1 DAGs
[2025-01-28T22:23:33.493+0000] {logging_mixin.py:190} INFO - [2025-01-28T22:23:33.492+0000] {dag.py:4180} INFO - Setting next_dagrun for example_bash_decorator to None, run_after=None
[2025-01-28T22:23:33.516+0000] {processor.py:208} INFO - Processing /home/airflow/.local/lib/python3.12/site-packages/airflow/example_dags/example_bash_decorator.py took 0.091 seconds
[2025-01-28T22:24:05.502+0000] {processor.py:186} INFO - Started process (PID=1887) to work on /home/airflow/.local/lib/python3.12/site-packages/airflow/example_dags/example_bash_decorator.py
[2025-01-28T22:24:05.504+0000] {processor.py:914} INFO - Processing file /home/airflow/.local/lib/python3.12/site-packages/airflow/example_dags/example_bash_decorator.py for tasks to queue
[2025-01-28T22:24:05.509+0000] {logging_mixin.py:190} INFO - [2025-01-28T22:24:05.508+0000] {dagbag.py:588} INFO - Filling up the DagBag from /home/airflow/.local/lib/python3.12/site-packages/airflow/example_dags/example_bash_decorator.py
[2025-01-28T22:24:05.533+0000] {processor.py:925} INFO - DAG(s) 'example_bash_decorator' retrieved from /home/airflow/.local/lib/python3.12/site-packages/airflow/example_dags/example_bash_decorator.py
[2025-01-28T22:24:05.566+0000] {logging_mixin.py:190} INFO - [2025-01-28T22:24:05.566+0000] {dag.py:3239} INFO - Sync 1 DAGs
[2025-01-28T22:24:05.585+0000] {logging_mixin.py:190} INFO - [2025-01-28T22:24:05.585+0000] {dag.py:4180} INFO - Setting next_dagrun for example_bash_decorator to None, run_after=None
[2025-01-28T22:24:05.609+0000] {processor.py:208} INFO - Processing /home/airflow/.local/lib/python3.12/site-packages/airflow/example_dags/example_bash_decorator.py took 0.113 seconds
[2025-01-28T22:24:36.042+0000] {processor.py:186} INFO - Started process (PID=1950) to work on /home/airflow/.local/lib/python3.12/site-packages/airflow/example_dags/example_bash_decorator.py
[2025-01-28T22:24:36.044+0000] {processor.py:914} INFO - Processing file /home/airflow/.local/lib/python3.12/site-packages/airflow/example_dags/example_bash_decorator.py for tasks to queue
[2025-01-28T22:24:36.047+0000] {logging_mixin.py:190} INFO - [2025-01-28T22:24:36.046+0000] {dagbag.py:588} INFO - Filling up the DagBag from /home/airflow/.local/lib/python3.12/site-packages/airflow/example_dags/example_bash_decorator.py
[2025-01-28T22:24:36.063+0000] {processor.py:925} INFO - DAG(s) 'example_bash_decorator' retrieved from /home/airflow/.local/lib/python3.12/site-packages/airflow/example_dags/example_bash_decorator.py
[2025-01-28T22:24:36.090+0000] {logging_mixin.py:190} INFO - [2025-01-28T22:24:36.090+0000] {dag.py:3239} INFO - Sync 1 DAGs
[2025-01-28T22:24:36.106+0000] {logging_mixin.py:190} INFO - [2025-01-28T22:24:36.106+0000] {dag.py:4180} INFO - Setting next_dagrun for example_bash_decorator to None, run_after=None
[2025-01-28T22:24:36.131+0000] {processor.py:208} INFO - Processing /home/airflow/.local/lib/python3.12/site-packages/airflow/example_dags/example_bash_decorator.py took 0.095 seconds
[2025-01-28T22:25:08.134+0000] {processor.py:186} INFO - Started process (PID=2013) to work on /home/airflow/.local/lib/python3.12/site-packages/airflow/example_dags/example_bash_decorator.py
[2025-01-28T22:25:08.136+0000] {processor.py:914} INFO - Processing file /home/airflow/.local/lib/python3.12/site-packages/airflow/example_dags/example_bash_decorator.py for tasks to queue
[2025-01-28T22:25:08.139+0000] {logging_mixin.py:190} INFO - [2025-01-28T22:25:08.139+0000] {dagbag.py:588} INFO - Filling up the DagBag from /home/airflow/.local/lib/python3.12/site-packages/airflow/example_dags/example_bash_decorator.py
[2025-01-28T22:25:08.155+0000] {processor.py:925} INFO - DAG(s) 'example_bash_decorator' retrieved from /home/airflow/.local/lib/python3.12/site-packages/airflow/example_dags/example_bash_decorator.py
[2025-01-28T22:25:08.184+0000] {logging_mixin.py:190} INFO - [2025-01-28T22:25:08.184+0000] {dag.py:3239} INFO - Sync 1 DAGs
[2025-01-28T22:25:08.200+0000] {logging_mixin.py:190} INFO - [2025-01-28T22:25:08.200+0000] {dag.py:4180} INFO - Setting next_dagrun for example_bash_decorator to None, run_after=None
[2025-01-28T22:25:08.226+0000] {processor.py:208} INFO - Processing /home/airflow/.local/lib/python3.12/site-packages/airflow/example_dags/example_bash_decorator.py took 0.100 seconds
[2025-01-28T22:28:49.498+0000] {processor.py:186} INFO - Started process (PID=128) to work on /home/airflow/.local/lib/python3.12/site-packages/airflow/example_dags/example_bash_decorator.py
[2025-01-28T22:28:49.499+0000] {processor.py:914} INFO - Processing file /home/airflow/.local/lib/python3.12/site-packages/airflow/example_dags/example_bash_decorator.py for tasks to queue
[2025-01-28T22:28:49.502+0000] {logging_mixin.py:190} INFO - [2025-01-28T22:28:49.502+0000] {dagbag.py:588} INFO - Filling up the DagBag from /home/airflow/.local/lib/python3.12/site-packages/airflow/example_dags/example_bash_decorator.py
[2025-01-28T22:28:49.521+0000] {processor.py:925} INFO - DAG(s) 'example_bash_decorator' retrieved from /home/airflow/.local/lib/python3.12/site-packages/airflow/example_dags/example_bash_decorator.py
[2025-01-28T22:28:49.651+0000] {logging_mixin.py:190} INFO - [2025-01-28T22:28:49.650+0000] {dag.py:3239} INFO - Sync 1 DAGs
[2025-01-28T22:28:49.664+0000] {logging_mixin.py:190} INFO - [2025-01-28T22:28:49.663+0000] {dag.py:4180} INFO - Setting next_dagrun for example_bash_decorator to None, run_after=None
[2025-01-28T22:28:49.688+0000] {processor.py:208} INFO - Processing /home/airflow/.local/lib/python3.12/site-packages/airflow/example_dags/example_bash_decorator.py took 0.197 seconds
[2025-01-28T22:29:20.116+0000] {processor.py:186} INFO - Started process (PID=191) to work on /home/airflow/.local/lib/python3.12/site-packages/airflow/example_dags/example_bash_decorator.py
[2025-01-28T22:29:20.117+0000] {processor.py:914} INFO - Processing file /home/airflow/.local/lib/python3.12/site-packages/airflow/example_dags/example_bash_decorator.py for tasks to queue
[2025-01-28T22:29:20.120+0000] {logging_mixin.py:190} INFO - [2025-01-28T22:29:20.120+0000] {dagbag.py:588} INFO - Filling up the DagBag from /home/airflow/.local/lib/python3.12/site-packages/airflow/example_dags/example_bash_decorator.py
[2025-01-28T22:29:20.136+0000] {processor.py:925} INFO - DAG(s) 'example_bash_decorator' retrieved from /home/airflow/.local/lib/python3.12/site-packages/airflow/example_dags/example_bash_decorator.py
[2025-01-28T22:29:20.159+0000] {logging_mixin.py:190} INFO - [2025-01-28T22:29:20.159+0000] {dag.py:3239} INFO - Sync 1 DAGs
[2025-01-28T22:29:20.175+0000] {logging_mixin.py:190} INFO - [2025-01-28T22:29:20.175+0000] {dag.py:4180} INFO - Setting next_dagrun for example_bash_decorator to None, run_after=None
[2025-01-28T22:29:20.213+0000] {processor.py:208} INFO - Processing /home/airflow/.local/lib/python3.12/site-packages/airflow/example_dags/example_bash_decorator.py took 0.103 seconds
[2025-01-28T22:29:51.975+0000] {processor.py:186} INFO - Started process (PID=253) to work on /home/airflow/.local/lib/python3.12/site-packages/airflow/example_dags/example_bash_decorator.py
[2025-01-28T22:29:51.976+0000] {processor.py:914} INFO - Processing file /home/airflow/.local/lib/python3.12/site-packages/airflow/example_dags/example_bash_decorator.py for tasks to queue
[2025-01-28T22:29:51.979+0000] {logging_mixin.py:190} INFO - [2025-01-28T22:29:51.978+0000] {dagbag.py:588} INFO - Filling up the DagBag from /home/airflow/.local/lib/python3.12/site-packages/airflow/example_dags/example_bash_decorator.py
[2025-01-28T22:29:51.995+0000] {processor.py:925} INFO - DAG(s) 'example_bash_decorator' retrieved from /home/airflow/.local/lib/python3.12/site-packages/airflow/example_dags/example_bash_decorator.py
[2025-01-28T22:29:52.019+0000] {logging_mixin.py:190} INFO - [2025-01-28T22:29:52.019+0000] {dag.py:3239} INFO - Sync 1 DAGs
[2025-01-28T22:29:52.034+0000] {logging_mixin.py:190} INFO - [2025-01-28T22:29:52.034+0000] {dag.py:4180} INFO - Setting next_dagrun for example_bash_decorator to None, run_after=None
[2025-01-28T22:29:52.057+0000] {processor.py:208} INFO - Processing /home/airflow/.local/lib/python3.12/site-packages/airflow/example_dags/example_bash_decorator.py took 0.089 seconds
[2025-01-28T22:30:23.100+0000] {processor.py:186} INFO - Started process (PID=316) to work on /home/airflow/.local/lib/python3.12/site-packages/airflow/example_dags/example_bash_decorator.py
[2025-01-28T22:30:23.101+0000] {processor.py:914} INFO - Processing file /home/airflow/.local/lib/python3.12/site-packages/airflow/example_dags/example_bash_decorator.py for tasks to queue
[2025-01-28T22:30:23.104+0000] {logging_mixin.py:190} INFO - [2025-01-28T22:30:23.103+0000] {dagbag.py:588} INFO - Filling up the DagBag from /home/airflow/.local/lib/python3.12/site-packages/airflow/example_dags/example_bash_decorator.py
[2025-01-28T22:30:23.122+0000] {processor.py:925} INFO - DAG(s) 'example_bash_decorator' retrieved from /home/airflow/.local/lib/python3.12/site-packages/airflow/example_dags/example_bash_decorator.py
[2025-01-28T22:30:23.153+0000] {logging_mixin.py:190} INFO - [2025-01-28T22:30:23.153+0000] {dag.py:3239} INFO - Sync 1 DAGs
[2025-01-28T22:30:23.169+0000] {logging_mixin.py:190} INFO - [2025-01-28T22:30:23.169+0000] {dag.py:4180} INFO - Setting next_dagrun for example_bash_decorator to None, run_after=None
[2025-01-28T22:30:23.198+0000] {processor.py:208} INFO - Processing /home/airflow/.local/lib/python3.12/site-packages/airflow/example_dags/example_bash_decorator.py took 0.106 seconds
[2025-01-28T22:30:54.142+0000] {processor.py:186} INFO - Started process (PID=373) to work on /home/airflow/.local/lib/python3.12/site-packages/airflow/example_dags/example_bash_decorator.py
[2025-01-28T22:30:54.143+0000] {processor.py:914} INFO - Processing file /home/airflow/.local/lib/python3.12/site-packages/airflow/example_dags/example_bash_decorator.py for tasks to queue
[2025-01-28T22:30:54.146+0000] {logging_mixin.py:190} INFO - [2025-01-28T22:30:54.145+0000] {dagbag.py:588} INFO - Filling up the DagBag from /home/airflow/.local/lib/python3.12/site-packages/airflow/example_dags/example_bash_decorator.py
[2025-01-28T22:30:54.162+0000] {processor.py:925} INFO - DAG(s) 'example_bash_decorator' retrieved from /home/airflow/.local/lib/python3.12/site-packages/airflow/example_dags/example_bash_decorator.py
[2025-01-28T22:30:54.192+0000] {logging_mixin.py:190} INFO - [2025-01-28T22:30:54.191+0000] {dag.py:3239} INFO - Sync 1 DAGs
[2025-01-28T22:30:54.208+0000] {logging_mixin.py:190} INFO - [2025-01-28T22:30:54.207+0000] {dag.py:4180} INFO - Setting next_dagrun for example_bash_decorator to None, run_after=None
[2025-01-28T22:30:54.238+0000] {processor.py:208} INFO - Processing /home/airflow/.local/lib/python3.12/site-packages/airflow/example_dags/example_bash_decorator.py took 0.103 seconds
