[2025-01-28T22:09:32.502+0000] {processor.py:186} INFO - Started process (PID=138) to work on /home/airflow/.local/lib/python3.12/site-packages/airflow/example_dags/example_branch_python_dop_operator_3.py
[2025-01-28T22:09:32.503+0000] {processor.py:914} INFO - Processing file /home/airflow/.local/lib/python3.12/site-packages/airflow/example_dags/example_branch_python_dop_operator_3.py for tasks to queue
[2025-01-28T22:09:32.506+0000] {logging_mixin.py:190} INFO - [2025-01-28T22:09:32.506+0000] {dagbag.py:588} INFO - Filling up the DagBag from /home/airflow/.local/lib/python3.12/site-packages/airflow/example_dags/example_branch_python_dop_operator_3.py
[2025-01-28T22:09:32.518+0000] {processor.py:925} INFO - DAG(s) 'example_branch_dop_operator_v3' retrieved from /home/airflow/.local/lib/python3.12/site-packages/airflow/example_dags/example_branch_python_dop_operator_3.py
[2025-01-28T22:09:32.631+0000] {logging_mixin.py:190} INFO - [2025-01-28T22:09:32.631+0000] {override.py:1911} INFO - Created Permission View: can delete on DAG:example_branch_dop_operator_v3
[2025-01-28T22:09:32.645+0000] {logging_mixin.py:190} INFO - [2025-01-28T22:09:32.645+0000] {override.py:1911} INFO - Created Permission View: can edit on DAG:example_branch_dop_operator_v3
[2025-01-28T22:09:32.656+0000] {logging_mixin.py:190} INFO - [2025-01-28T22:09:32.656+0000] {override.py:1911} INFO - Created Permission View: can read on DAG:example_branch_dop_operator_v3
[2025-01-28T22:09:32.670+0000] {logging_mixin.py:190} INFO - [2025-01-28T22:09:32.670+0000] {override.py:1911} INFO - Created Permission View: can create on DAG Run:example_branch_dop_operator_v3
[2025-01-28T22:09:32.680+0000] {logging_mixin.py:190} INFO - [2025-01-28T22:09:32.680+0000] {override.py:1911} INFO - Created Permission View: can delete on DAG Run:example_branch_dop_operator_v3
[2025-01-28T22:09:32.692+0000] {logging_mixin.py:190} INFO - [2025-01-28T22:09:32.692+0000] {override.py:1911} INFO - Created Permission View: menu access on DAG Run:example_branch_dop_operator_v3
[2025-01-28T22:09:32.702+0000] {logging_mixin.py:190} INFO - [2025-01-28T22:09:32.702+0000] {override.py:1911} INFO - Created Permission View: can read on DAG Run:example_branch_dop_operator_v3
[2025-01-28T22:09:32.704+0000] {logging_mixin.py:190} INFO - [2025-01-28T22:09:32.704+0000] {dag.py:3239} INFO - Sync 1 DAGs
[2025-01-28T22:09:32.717+0000] {logging_mixin.py:190} INFO - [2025-01-28T22:09:32.717+0000] {dag.py:3262} INFO - Creating ORM DAG for example_branch_dop_operator_v3
[2025-01-28T22:09:32.732+0000] {logging_mixin.py:190} INFO - [2025-01-28T22:09:32.732+0000] {dag.py:4180} INFO - Setting next_dagrun for example_branch_dop_operator_v3 to 2025-01-28 22:08:00+00:00, run_after=2025-01-28 22:09:00+00:00
[2025-01-28T22:09:32.754+0000] {processor.py:208} INFO - Processing /home/airflow/.local/lib/python3.12/site-packages/airflow/example_dags/example_branch_python_dop_operator_3.py took 0.259 seconds
[2025-01-28T22:10:03.366+0000] {processor.py:186} INFO - Started process (PID=201) to work on /home/airflow/.local/lib/python3.12/site-packages/airflow/example_dags/example_branch_python_dop_operator_3.py
[2025-01-28T22:10:03.368+0000] {processor.py:914} INFO - Processing file /home/airflow/.local/lib/python3.12/site-packages/airflow/example_dags/example_branch_python_dop_operator_3.py for tasks to queue
[2025-01-28T22:10:03.371+0000] {logging_mixin.py:190} INFO - [2025-01-28T22:10:03.370+0000] {dagbag.py:588} INFO - Filling up the DagBag from /home/airflow/.local/lib/python3.12/site-packages/airflow/example_dags/example_branch_python_dop_operator_3.py
[2025-01-28T22:10:03.382+0000] {processor.py:925} INFO - DAG(s) 'example_branch_dop_operator_v3' retrieved from /home/airflow/.local/lib/python3.12/site-packages/airflow/example_dags/example_branch_python_dop_operator_3.py
[2025-01-28T22:10:03.404+0000] {logging_mixin.py:190} INFO - [2025-01-28T22:10:03.404+0000] {dag.py:3239} INFO - Sync 1 DAGs
[2025-01-28T22:10:03.435+0000] {logging_mixin.py:190} INFO - [2025-01-28T22:10:03.435+0000] {dag.py:4180} INFO - Setting next_dagrun for example_branch_dop_operator_v3 to 2025-01-28 22:09:00+00:00, run_after=2025-01-28 22:10:00+00:00
[2025-01-28T22:10:03.462+0000] {processor.py:208} INFO - Processing /home/airflow/.local/lib/python3.12/site-packages/airflow/example_dags/example_branch_python_dop_operator_3.py took 0.102 seconds
[2025-01-28T22:10:34.241+0000] {processor.py:186} INFO - Started process (PID=264) to work on /home/airflow/.local/lib/python3.12/site-packages/airflow/example_dags/example_branch_python_dop_operator_3.py
[2025-01-28T22:10:34.243+0000] {processor.py:914} INFO - Processing file /home/airflow/.local/lib/python3.12/site-packages/airflow/example_dags/example_branch_python_dop_operator_3.py for tasks to queue
[2025-01-28T22:10:34.245+0000] {logging_mixin.py:190} INFO - [2025-01-28T22:10:34.245+0000] {dagbag.py:588} INFO - Filling up the DagBag from /home/airflow/.local/lib/python3.12/site-packages/airflow/example_dags/example_branch_python_dop_operator_3.py
[2025-01-28T22:10:34.257+0000] {processor.py:925} INFO - DAG(s) 'example_branch_dop_operator_v3' retrieved from /home/airflow/.local/lib/python3.12/site-packages/airflow/example_dags/example_branch_python_dop_operator_3.py
[2025-01-28T22:10:34.280+0000] {logging_mixin.py:190} INFO - [2025-01-28T22:10:34.280+0000] {dag.py:3239} INFO - Sync 1 DAGs
[2025-01-28T22:10:34.310+0000] {logging_mixin.py:190} INFO - [2025-01-28T22:10:34.310+0000] {dag.py:4180} INFO - Setting next_dagrun for example_branch_dop_operator_v3 to 2025-01-28 22:09:00+00:00, run_after=2025-01-28 22:10:00+00:00
[2025-01-28T22:10:34.332+0000] {processor.py:208} INFO - Processing /home/airflow/.local/lib/python3.12/site-packages/airflow/example_dags/example_branch_python_dop_operator_3.py took 0.097 seconds
[2025-01-28T22:11:04.580+0000] {processor.py:186} INFO - Started process (PID=327) to work on /home/airflow/.local/lib/python3.12/site-packages/airflow/example_dags/example_branch_python_dop_operator_3.py
[2025-01-28T22:11:04.582+0000] {processor.py:914} INFO - Processing file /home/airflow/.local/lib/python3.12/site-packages/airflow/example_dags/example_branch_python_dop_operator_3.py for tasks to queue
[2025-01-28T22:11:04.584+0000] {logging_mixin.py:190} INFO - [2025-01-28T22:11:04.584+0000] {dagbag.py:588} INFO - Filling up the DagBag from /home/airflow/.local/lib/python3.12/site-packages/airflow/example_dags/example_branch_python_dop_operator_3.py
[2025-01-28T22:11:04.596+0000] {processor.py:925} INFO - DAG(s) 'example_branch_dop_operator_v3' retrieved from /home/airflow/.local/lib/python3.12/site-packages/airflow/example_dags/example_branch_python_dop_operator_3.py
[2025-01-28T22:11:04.618+0000] {logging_mixin.py:190} INFO - [2025-01-28T22:11:04.617+0000] {dag.py:3239} INFO - Sync 1 DAGs
[2025-01-28T22:11:04.647+0000] {logging_mixin.py:190} INFO - [2025-01-28T22:11:04.647+0000] {dag.py:4180} INFO - Setting next_dagrun for example_branch_dop_operator_v3 to 2025-01-28 22:10:00+00:00, run_after=2025-01-28 22:11:00+00:00
[2025-01-28T22:11:04.671+0000] {processor.py:208} INFO - Processing /home/airflow/.local/lib/python3.12/site-packages/airflow/example_dags/example_branch_python_dop_operator_3.py took 0.097 seconds
[2025-01-28T22:11:34.887+0000] {processor.py:186} INFO - Started process (PID=390) to work on /home/airflow/.local/lib/python3.12/site-packages/airflow/example_dags/example_branch_python_dop_operator_3.py
[2025-01-28T22:11:34.888+0000] {processor.py:914} INFO - Processing file /home/airflow/.local/lib/python3.12/site-packages/airflow/example_dags/example_branch_python_dop_operator_3.py for tasks to queue
[2025-01-28T22:11:34.891+0000] {logging_mixin.py:190} INFO - [2025-01-28T22:11:34.891+0000] {dagbag.py:588} INFO - Filling up the DagBag from /home/airflow/.local/lib/python3.12/site-packages/airflow/example_dags/example_branch_python_dop_operator_3.py
[2025-01-28T22:11:34.903+0000] {processor.py:925} INFO - DAG(s) 'example_branch_dop_operator_v3' retrieved from /home/airflow/.local/lib/python3.12/site-packages/airflow/example_dags/example_branch_python_dop_operator_3.py
[2025-01-28T22:11:34.925+0000] {logging_mixin.py:190} INFO - [2025-01-28T22:11:34.925+0000] {dag.py:3239} INFO - Sync 1 DAGs
[2025-01-28T22:11:34.953+0000] {logging_mixin.py:190} INFO - [2025-01-28T22:11:34.953+0000] {dag.py:4180} INFO - Setting next_dagrun for example_branch_dop_operator_v3 to 2025-01-28 22:10:00+00:00, run_after=2025-01-28 22:11:00+00:00
[2025-01-28T22:11:34.976+0000] {processor.py:208} INFO - Processing /home/airflow/.local/lib/python3.12/site-packages/airflow/example_dags/example_branch_python_dop_operator_3.py took 0.097 seconds
[2025-01-28T22:12:05.107+0000] {processor.py:186} INFO - Started process (PID=452) to work on /home/airflow/.local/lib/python3.12/site-packages/airflow/example_dags/example_branch_python_dop_operator_3.py
[2025-01-28T22:12:05.108+0000] {processor.py:914} INFO - Processing file /home/airflow/.local/lib/python3.12/site-packages/airflow/example_dags/example_branch_python_dop_operator_3.py for tasks to queue
[2025-01-28T22:12:05.112+0000] {logging_mixin.py:190} INFO - [2025-01-28T22:12:05.111+0000] {dagbag.py:588} INFO - Filling up the DagBag from /home/airflow/.local/lib/python3.12/site-packages/airflow/example_dags/example_branch_python_dop_operator_3.py
[2025-01-28T22:12:05.123+0000] {processor.py:925} INFO - DAG(s) 'example_branch_dop_operator_v3' retrieved from /home/airflow/.local/lib/python3.12/site-packages/airflow/example_dags/example_branch_python_dop_operator_3.py
[2025-01-28T22:12:05.147+0000] {logging_mixin.py:190} INFO - [2025-01-28T22:12:05.147+0000] {dag.py:3239} INFO - Sync 1 DAGs
[2025-01-28T22:12:05.178+0000] {logging_mixin.py:190} INFO - [2025-01-28T22:12:05.178+0000] {dag.py:4180} INFO - Setting next_dagrun for example_branch_dop_operator_v3 to 2025-01-28 22:11:00+00:00, run_after=2025-01-28 22:12:00+00:00
[2025-01-28T22:12:05.205+0000] {processor.py:208} INFO - Processing /home/airflow/.local/lib/python3.12/site-packages/airflow/example_dags/example_branch_python_dop_operator_3.py took 0.105 seconds
[2025-01-28T22:12:36.351+0000] {processor.py:186} INFO - Started process (PID=515) to work on /home/airflow/.local/lib/python3.12/site-packages/airflow/example_dags/example_branch_python_dop_operator_3.py
[2025-01-28T22:12:36.353+0000] {processor.py:914} INFO - Processing file /home/airflow/.local/lib/python3.12/site-packages/airflow/example_dags/example_branch_python_dop_operator_3.py for tasks to queue
[2025-01-28T22:12:36.355+0000] {logging_mixin.py:190} INFO - [2025-01-28T22:12:36.355+0000] {dagbag.py:588} INFO - Filling up the DagBag from /home/airflow/.local/lib/python3.12/site-packages/airflow/example_dags/example_branch_python_dop_operator_3.py
[2025-01-28T22:12:36.367+0000] {processor.py:925} INFO - DAG(s) 'example_branch_dop_operator_v3' retrieved from /home/airflow/.local/lib/python3.12/site-packages/airflow/example_dags/example_branch_python_dop_operator_3.py
[2025-01-28T22:12:36.388+0000] {logging_mixin.py:190} INFO - [2025-01-28T22:12:36.388+0000] {dag.py:3239} INFO - Sync 1 DAGs
[2025-01-28T22:12:36.416+0000] {logging_mixin.py:190} INFO - [2025-01-28T22:12:36.416+0000] {dag.py:4180} INFO - Setting next_dagrun for example_branch_dop_operator_v3 to 2025-01-28 22:11:00+00:00, run_after=2025-01-28 22:12:00+00:00
[2025-01-28T22:12:36.441+0000] {processor.py:208} INFO - Processing /home/airflow/.local/lib/python3.12/site-packages/airflow/example_dags/example_branch_python_dop_operator_3.py took 0.096 seconds
[2025-01-28T22:13:08.903+0000] {processor.py:186} INFO - Started process (PID=579) to work on /home/airflow/.local/lib/python3.12/site-packages/airflow/example_dags/example_branch_python_dop_operator_3.py
[2025-01-28T22:13:08.904+0000] {processor.py:914} INFO - Processing file /home/airflow/.local/lib/python3.12/site-packages/airflow/example_dags/example_branch_python_dop_operator_3.py for tasks to queue
[2025-01-28T22:13:08.907+0000] {logging_mixin.py:190} INFO - [2025-01-28T22:13:08.907+0000] {dagbag.py:588} INFO - Filling up the DagBag from /home/airflow/.local/lib/python3.12/site-packages/airflow/example_dags/example_branch_python_dop_operator_3.py
[2025-01-28T22:13:08.919+0000] {processor.py:925} INFO - DAG(s) 'example_branch_dop_operator_v3' retrieved from /home/airflow/.local/lib/python3.12/site-packages/airflow/example_dags/example_branch_python_dop_operator_3.py
[2025-01-28T22:13:08.943+0000] {logging_mixin.py:190} INFO - [2025-01-28T22:13:08.942+0000] {dag.py:3239} INFO - Sync 1 DAGs
[2025-01-28T22:13:08.972+0000] {logging_mixin.py:190} INFO - [2025-01-28T22:13:08.972+0000] {dag.py:4180} INFO - Setting next_dagrun for example_branch_dop_operator_v3 to 2025-01-28 22:12:00+00:00, run_after=2025-01-28 22:13:00+00:00
[2025-01-28T22:13:09.007+0000] {processor.py:208} INFO - Processing /home/airflow/.local/lib/python3.12/site-packages/airflow/example_dags/example_branch_python_dop_operator_3.py took 0.110 seconds
[2025-01-28T22:13:39.432+0000] {processor.py:186} INFO - Started process (PID=642) to work on /home/airflow/.local/lib/python3.12/site-packages/airflow/example_dags/example_branch_python_dop_operator_3.py
[2025-01-28T22:13:39.434+0000] {processor.py:914} INFO - Processing file /home/airflow/.local/lib/python3.12/site-packages/airflow/example_dags/example_branch_python_dop_operator_3.py for tasks to queue
[2025-01-28T22:13:39.437+0000] {logging_mixin.py:190} INFO - [2025-01-28T22:13:39.436+0000] {dagbag.py:588} INFO - Filling up the DagBag from /home/airflow/.local/lib/python3.12/site-packages/airflow/example_dags/example_branch_python_dop_operator_3.py
[2025-01-28T22:13:39.449+0000] {processor.py:925} INFO - DAG(s) 'example_branch_dop_operator_v3' retrieved from /home/airflow/.local/lib/python3.12/site-packages/airflow/example_dags/example_branch_python_dop_operator_3.py
[2025-01-28T22:13:39.472+0000] {logging_mixin.py:190} INFO - [2025-01-28T22:13:39.472+0000] {dag.py:3239} INFO - Sync 1 DAGs
[2025-01-28T22:13:39.500+0000] {logging_mixin.py:190} INFO - [2025-01-28T22:13:39.500+0000] {dag.py:4180} INFO - Setting next_dagrun for example_branch_dop_operator_v3 to 2025-01-28 22:12:00+00:00, run_after=2025-01-28 22:13:00+00:00
[2025-01-28T22:13:39.534+0000] {processor.py:208} INFO - Processing /home/airflow/.local/lib/python3.12/site-packages/airflow/example_dags/example_branch_python_dop_operator_3.py took 0.107 seconds
[2025-01-28T22:14:10.857+0000] {processor.py:186} INFO - Started process (PID=705) to work on /home/airflow/.local/lib/python3.12/site-packages/airflow/example_dags/example_branch_python_dop_operator_3.py
[2025-01-28T22:14:10.859+0000] {processor.py:914} INFO - Processing file /home/airflow/.local/lib/python3.12/site-packages/airflow/example_dags/example_branch_python_dop_operator_3.py for tasks to queue
[2025-01-28T22:14:10.862+0000] {logging_mixin.py:190} INFO - [2025-01-28T22:14:10.862+0000] {dagbag.py:588} INFO - Filling up the DagBag from /home/airflow/.local/lib/python3.12/site-packages/airflow/example_dags/example_branch_python_dop_operator_3.py
[2025-01-28T22:14:10.874+0000] {processor.py:925} INFO - DAG(s) 'example_branch_dop_operator_v3' retrieved from /home/airflow/.local/lib/python3.12/site-packages/airflow/example_dags/example_branch_python_dop_operator_3.py
[2025-01-28T22:14:10.896+0000] {logging_mixin.py:190} INFO - [2025-01-28T22:14:10.895+0000] {dag.py:3239} INFO - Sync 1 DAGs
[2025-01-28T22:14:10.925+0000] {logging_mixin.py:190} INFO - [2025-01-28T22:14:10.924+0000] {dag.py:4180} INFO - Setting next_dagrun for example_branch_dop_operator_v3 to 2025-01-28 22:13:00+00:00, run_after=2025-01-28 22:14:00+00:00
[2025-01-28T22:14:10.948+0000] {processor.py:208} INFO - Processing /home/airflow/.local/lib/python3.12/site-packages/airflow/example_dags/example_branch_python_dop_operator_3.py took 0.097 seconds
[2025-01-28T22:14:41.706+0000] {processor.py:186} INFO - Started process (PID=767) to work on /home/airflow/.local/lib/python3.12/site-packages/airflow/example_dags/example_branch_python_dop_operator_3.py
[2025-01-28T22:14:41.708+0000] {processor.py:914} INFO - Processing file /home/airflow/.local/lib/python3.12/site-packages/airflow/example_dags/example_branch_python_dop_operator_3.py for tasks to queue
[2025-01-28T22:14:41.711+0000] {logging_mixin.py:190} INFO - [2025-01-28T22:14:41.710+0000] {dagbag.py:588} INFO - Filling up the DagBag from /home/airflow/.local/lib/python3.12/site-packages/airflow/example_dags/example_branch_python_dop_operator_3.py
[2025-01-28T22:14:41.722+0000] {processor.py:925} INFO - DAG(s) 'example_branch_dop_operator_v3' retrieved from /home/airflow/.local/lib/python3.12/site-packages/airflow/example_dags/example_branch_python_dop_operator_3.py
[2025-01-28T22:14:41.745+0000] {logging_mixin.py:190} INFO - [2025-01-28T22:14:41.745+0000] {dag.py:3239} INFO - Sync 1 DAGs
[2025-01-28T22:14:41.774+0000] {logging_mixin.py:190} INFO - [2025-01-28T22:14:41.774+0000] {dag.py:4180} INFO - Setting next_dagrun for example_branch_dop_operator_v3 to 2025-01-28 22:13:00+00:00, run_after=2025-01-28 22:14:00+00:00
[2025-01-28T22:14:41.797+0000] {processor.py:208} INFO - Processing /home/airflow/.local/lib/python3.12/site-packages/airflow/example_dags/example_branch_python_dop_operator_3.py took 0.098 seconds
[2025-01-28T22:15:12.421+0000] {processor.py:186} INFO - Started process (PID=830) to work on /home/airflow/.local/lib/python3.12/site-packages/airflow/example_dags/example_branch_python_dop_operator_3.py
[2025-01-28T22:15:12.423+0000] {processor.py:914} INFO - Processing file /home/airflow/.local/lib/python3.12/site-packages/airflow/example_dags/example_branch_python_dop_operator_3.py for tasks to queue
[2025-01-28T22:15:12.426+0000] {logging_mixin.py:190} INFO - [2025-01-28T22:15:12.425+0000] {dagbag.py:588} INFO - Filling up the DagBag from /home/airflow/.local/lib/python3.12/site-packages/airflow/example_dags/example_branch_python_dop_operator_3.py
[2025-01-28T22:15:12.437+0000] {processor.py:925} INFO - DAG(s) 'example_branch_dop_operator_v3' retrieved from /home/airflow/.local/lib/python3.12/site-packages/airflow/example_dags/example_branch_python_dop_operator_3.py
[2025-01-28T22:15:12.459+0000] {logging_mixin.py:190} INFO - [2025-01-28T22:15:12.459+0000] {dag.py:3239} INFO - Sync 1 DAGs
[2025-01-28T22:15:12.488+0000] {logging_mixin.py:190} INFO - [2025-01-28T22:15:12.487+0000] {dag.py:4180} INFO - Setting next_dagrun for example_branch_dop_operator_v3 to 2025-01-28 22:14:00+00:00, run_after=2025-01-28 22:15:00+00:00
[2025-01-28T22:15:12.509+0000] {processor.py:208} INFO - Processing /home/airflow/.local/lib/python3.12/site-packages/airflow/example_dags/example_branch_python_dop_operator_3.py took 0.095 seconds
[2025-01-28T22:15:43.984+0000] {processor.py:186} INFO - Started process (PID=893) to work on /home/airflow/.local/lib/python3.12/site-packages/airflow/example_dags/example_branch_python_dop_operator_3.py
[2025-01-28T22:15:43.985+0000] {processor.py:914} INFO - Processing file /home/airflow/.local/lib/python3.12/site-packages/airflow/example_dags/example_branch_python_dop_operator_3.py for tasks to queue
[2025-01-28T22:15:43.989+0000] {logging_mixin.py:190} INFO - [2025-01-28T22:15:43.988+0000] {dagbag.py:588} INFO - Filling up the DagBag from /home/airflow/.local/lib/python3.12/site-packages/airflow/example_dags/example_branch_python_dop_operator_3.py
[2025-01-28T22:15:44.000+0000] {processor.py:925} INFO - DAG(s) 'example_branch_dop_operator_v3' retrieved from /home/airflow/.local/lib/python3.12/site-packages/airflow/example_dags/example_branch_python_dop_operator_3.py
[2025-01-28T22:15:44.024+0000] {logging_mixin.py:190} INFO - [2025-01-28T22:15:44.024+0000] {dag.py:3239} INFO - Sync 1 DAGs
[2025-01-28T22:15:44.053+0000] {logging_mixin.py:190} INFO - [2025-01-28T22:15:44.053+0000] {dag.py:4180} INFO - Setting next_dagrun for example_branch_dop_operator_v3 to 2025-01-28 22:14:00+00:00, run_after=2025-01-28 22:15:00+00:00
[2025-01-28T22:15:44.076+0000] {processor.py:208} INFO - Processing /home/airflow/.local/lib/python3.12/site-packages/airflow/example_dags/example_branch_python_dop_operator_3.py took 0.099 seconds
[2025-01-28T22:16:15.482+0000] {processor.py:186} INFO - Started process (PID=957) to work on /home/airflow/.local/lib/python3.12/site-packages/airflow/example_dags/example_branch_python_dop_operator_3.py
[2025-01-28T22:16:15.483+0000] {processor.py:914} INFO - Processing file /home/airflow/.local/lib/python3.12/site-packages/airflow/example_dags/example_branch_python_dop_operator_3.py for tasks to queue
[2025-01-28T22:16:15.486+0000] {logging_mixin.py:190} INFO - [2025-01-28T22:16:15.486+0000] {dagbag.py:588} INFO - Filling up the DagBag from /home/airflow/.local/lib/python3.12/site-packages/airflow/example_dags/example_branch_python_dop_operator_3.py
[2025-01-28T22:16:15.498+0000] {processor.py:925} INFO - DAG(s) 'example_branch_dop_operator_v3' retrieved from /home/airflow/.local/lib/python3.12/site-packages/airflow/example_dags/example_branch_python_dop_operator_3.py
[2025-01-28T22:16:15.521+0000] {logging_mixin.py:190} INFO - [2025-01-28T22:16:15.521+0000] {dag.py:3239} INFO - Sync 1 DAGs
[2025-01-28T22:16:15.549+0000] {logging_mixin.py:190} INFO - [2025-01-28T22:16:15.549+0000] {dag.py:4180} INFO - Setting next_dagrun for example_branch_dop_operator_v3 to 2025-01-28 22:15:00+00:00, run_after=2025-01-28 22:16:00+00:00
[2025-01-28T22:16:15.582+0000] {processor.py:208} INFO - Processing /home/airflow/.local/lib/python3.12/site-packages/airflow/example_dags/example_branch_python_dop_operator_3.py took 0.106 seconds
[2025-01-28T22:16:47.610+0000] {processor.py:186} INFO - Started process (PID=1020) to work on /home/airflow/.local/lib/python3.12/site-packages/airflow/example_dags/example_branch_python_dop_operator_3.py
[2025-01-28T22:16:47.611+0000] {processor.py:914} INFO - Processing file /home/airflow/.local/lib/python3.12/site-packages/airflow/example_dags/example_branch_python_dop_operator_3.py for tasks to queue
[2025-01-28T22:16:47.614+0000] {logging_mixin.py:190} INFO - [2025-01-28T22:16:47.614+0000] {dagbag.py:588} INFO - Filling up the DagBag from /home/airflow/.local/lib/python3.12/site-packages/airflow/example_dags/example_branch_python_dop_operator_3.py
[2025-01-28T22:16:47.626+0000] {processor.py:925} INFO - DAG(s) 'example_branch_dop_operator_v3' retrieved from /home/airflow/.local/lib/python3.12/site-packages/airflow/example_dags/example_branch_python_dop_operator_3.py
[2025-01-28T22:16:47.647+0000] {logging_mixin.py:190} INFO - [2025-01-28T22:16:47.647+0000] {dag.py:3239} INFO - Sync 1 DAGs
[2025-01-28T22:16:47.676+0000] {logging_mixin.py:190} INFO - [2025-01-28T22:16:47.676+0000] {dag.py:4180} INFO - Setting next_dagrun for example_branch_dop_operator_v3 to 2025-01-28 22:15:00+00:00, run_after=2025-01-28 22:16:00+00:00
[2025-01-28T22:16:47.713+0000] {processor.py:208} INFO - Processing /home/airflow/.local/lib/python3.12/site-packages/airflow/example_dags/example_branch_python_dop_operator_3.py took 0.110 seconds
[2025-01-28T22:17:19.819+0000] {processor.py:186} INFO - Started process (PID=1084) to work on /home/airflow/.local/lib/python3.12/site-packages/airflow/example_dags/example_branch_python_dop_operator_3.py
[2025-01-28T22:17:19.820+0000] {processor.py:914} INFO - Processing file /home/airflow/.local/lib/python3.12/site-packages/airflow/example_dags/example_branch_python_dop_operator_3.py for tasks to queue
[2025-01-28T22:17:19.823+0000] {logging_mixin.py:190} INFO - [2025-01-28T22:17:19.822+0000] {dagbag.py:588} INFO - Filling up the DagBag from /home/airflow/.local/lib/python3.12/site-packages/airflow/example_dags/example_branch_python_dop_operator_3.py
[2025-01-28T22:17:19.834+0000] {processor.py:925} INFO - DAG(s) 'example_branch_dop_operator_v3' retrieved from /home/airflow/.local/lib/python3.12/site-packages/airflow/example_dags/example_branch_python_dop_operator_3.py
[2025-01-28T22:17:19.853+0000] {logging_mixin.py:190} INFO - [2025-01-28T22:17:19.853+0000] {dag.py:3239} INFO - Sync 1 DAGs
[2025-01-28T22:17:19.880+0000] {logging_mixin.py:190} INFO - [2025-01-28T22:17:19.880+0000] {dag.py:4180} INFO - Setting next_dagrun for example_branch_dop_operator_v3 to 2025-01-28 22:16:00+00:00, run_after=2025-01-28 22:17:00+00:00
[2025-01-28T22:17:19.903+0000] {processor.py:208} INFO - Processing /home/airflow/.local/lib/python3.12/site-packages/airflow/example_dags/example_branch_python_dop_operator_3.py took 0.090 seconds
[2025-01-28T22:17:51.270+0000] {processor.py:186} INFO - Started process (PID=1147) to work on /home/airflow/.local/lib/python3.12/site-packages/airflow/example_dags/example_branch_python_dop_operator_3.py
[2025-01-28T22:17:51.273+0000] {processor.py:914} INFO - Processing file /home/airflow/.local/lib/python3.12/site-packages/airflow/example_dags/example_branch_python_dop_operator_3.py for tasks to queue
[2025-01-28T22:17:51.276+0000] {logging_mixin.py:190} INFO - [2025-01-28T22:17:51.276+0000] {dagbag.py:588} INFO - Filling up the DagBag from /home/airflow/.local/lib/python3.12/site-packages/airflow/example_dags/example_branch_python_dop_operator_3.py
[2025-01-28T22:17:51.288+0000] {processor.py:925} INFO - DAG(s) 'example_branch_dop_operator_v3' retrieved from /home/airflow/.local/lib/python3.12/site-packages/airflow/example_dags/example_branch_python_dop_operator_3.py
[2025-01-28T22:17:51.310+0000] {logging_mixin.py:190} INFO - [2025-01-28T22:17:51.310+0000] {dag.py:3239} INFO - Sync 1 DAGs
[2025-01-28T22:17:51.340+0000] {logging_mixin.py:190} INFO - [2025-01-28T22:17:51.339+0000] {dag.py:4180} INFO - Setting next_dagrun for example_branch_dop_operator_v3 to 2025-01-28 22:16:00+00:00, run_after=2025-01-28 22:17:00+00:00
[2025-01-28T22:17:51.361+0000] {processor.py:208} INFO - Processing /home/airflow/.local/lib/python3.12/site-packages/airflow/example_dags/example_branch_python_dop_operator_3.py took 0.098 seconds
[2025-01-28T22:18:23.073+0000] {processor.py:186} INFO - Started process (PID=1210) to work on /home/airflow/.local/lib/python3.12/site-packages/airflow/example_dags/example_branch_python_dop_operator_3.py
[2025-01-28T22:18:23.075+0000] {processor.py:914} INFO - Processing file /home/airflow/.local/lib/python3.12/site-packages/airflow/example_dags/example_branch_python_dop_operator_3.py for tasks to queue
[2025-01-28T22:18:23.077+0000] {logging_mixin.py:190} INFO - [2025-01-28T22:18:23.077+0000] {dagbag.py:588} INFO - Filling up the DagBag from /home/airflow/.local/lib/python3.12/site-packages/airflow/example_dags/example_branch_python_dop_operator_3.py
[2025-01-28T22:18:23.089+0000] {processor.py:925} INFO - DAG(s) 'example_branch_dop_operator_v3' retrieved from /home/airflow/.local/lib/python3.12/site-packages/airflow/example_dags/example_branch_python_dop_operator_3.py
[2025-01-28T22:18:23.111+0000] {logging_mixin.py:190} INFO - [2025-01-28T22:18:23.111+0000] {dag.py:3239} INFO - Sync 1 DAGs
[2025-01-28T22:18:23.140+0000] {logging_mixin.py:190} INFO - [2025-01-28T22:18:23.140+0000] {dag.py:4180} INFO - Setting next_dagrun for example_branch_dop_operator_v3 to 2025-01-28 22:17:00+00:00, run_after=2025-01-28 22:18:00+00:00
[2025-01-28T22:18:23.164+0000] {processor.py:208} INFO - Processing /home/airflow/.local/lib/python3.12/site-packages/airflow/example_dags/example_branch_python_dop_operator_3.py took 0.097 seconds
[2025-01-28T22:18:53.772+0000] {processor.py:186} INFO - Started process (PID=1273) to work on /home/airflow/.local/lib/python3.12/site-packages/airflow/example_dags/example_branch_python_dop_operator_3.py
[2025-01-28T22:18:53.773+0000] {processor.py:914} INFO - Processing file /home/airflow/.local/lib/python3.12/site-packages/airflow/example_dags/example_branch_python_dop_operator_3.py for tasks to queue
[2025-01-28T22:18:53.776+0000] {logging_mixin.py:190} INFO - [2025-01-28T22:18:53.776+0000] {dagbag.py:588} INFO - Filling up the DagBag from /home/airflow/.local/lib/python3.12/site-packages/airflow/example_dags/example_branch_python_dop_operator_3.py
[2025-01-28T22:18:53.789+0000] {processor.py:925} INFO - DAG(s) 'example_branch_dop_operator_v3' retrieved from /home/airflow/.local/lib/python3.12/site-packages/airflow/example_dags/example_branch_python_dop_operator_3.py
[2025-01-28T22:18:53.813+0000] {logging_mixin.py:190} INFO - [2025-01-28T22:18:53.812+0000] {dag.py:3239} INFO - Sync 1 DAGs
[2025-01-28T22:18:53.842+0000] {logging_mixin.py:190} INFO - [2025-01-28T22:18:53.842+0000] {dag.py:4180} INFO - Setting next_dagrun for example_branch_dop_operator_v3 to 2025-01-28 22:17:00+00:00, run_after=2025-01-28 22:18:00+00:00
[2025-01-28T22:18:53.866+0000] {processor.py:208} INFO - Processing /home/airflow/.local/lib/python3.12/site-packages/airflow/example_dags/example_branch_python_dop_operator_3.py took 0.101 seconds
[2025-01-28T22:19:25.253+0000] {processor.py:186} INFO - Started process (PID=1336) to work on /home/airflow/.local/lib/python3.12/site-packages/airflow/example_dags/example_branch_python_dop_operator_3.py
[2025-01-28T22:19:25.256+0000] {processor.py:914} INFO - Processing file /home/airflow/.local/lib/python3.12/site-packages/airflow/example_dags/example_branch_python_dop_operator_3.py for tasks to queue
[2025-01-28T22:19:25.261+0000] {logging_mixin.py:190} INFO - [2025-01-28T22:19:25.260+0000] {dagbag.py:588} INFO - Filling up the DagBag from /home/airflow/.local/lib/python3.12/site-packages/airflow/example_dags/example_branch_python_dop_operator_3.py
[2025-01-28T22:19:25.274+0000] {processor.py:925} INFO - DAG(s) 'example_branch_dop_operator_v3' retrieved from /home/airflow/.local/lib/python3.12/site-packages/airflow/example_dags/example_branch_python_dop_operator_3.py
[2025-01-28T22:19:25.296+0000] {logging_mixin.py:190} INFO - [2025-01-28T22:19:25.295+0000] {dag.py:3239} INFO - Sync 1 DAGs
[2025-01-28T22:19:25.326+0000] {logging_mixin.py:190} INFO - [2025-01-28T22:19:25.326+0000] {dag.py:4180} INFO - Setting next_dagrun for example_branch_dop_operator_v3 to 2025-01-28 22:18:00+00:00, run_after=2025-01-28 22:19:00+00:00
[2025-01-28T22:19:25.351+0000] {processor.py:208} INFO - Processing /home/airflow/.local/lib/python3.12/site-packages/airflow/example_dags/example_branch_python_dop_operator_3.py took 0.104 seconds
[2025-01-28T22:19:56.136+0000] {processor.py:186} INFO - Started process (PID=1399) to work on /home/airflow/.local/lib/python3.12/site-packages/airflow/example_dags/example_branch_python_dop_operator_3.py
[2025-01-28T22:19:56.138+0000] {processor.py:914} INFO - Processing file /home/airflow/.local/lib/python3.12/site-packages/airflow/example_dags/example_branch_python_dop_operator_3.py for tasks to queue
[2025-01-28T22:19:56.141+0000] {logging_mixin.py:190} INFO - [2025-01-28T22:19:56.141+0000] {dagbag.py:588} INFO - Filling up the DagBag from /home/airflow/.local/lib/python3.12/site-packages/airflow/example_dags/example_branch_python_dop_operator_3.py
[2025-01-28T22:19:56.152+0000] {processor.py:925} INFO - DAG(s) 'example_branch_dop_operator_v3' retrieved from /home/airflow/.local/lib/python3.12/site-packages/airflow/example_dags/example_branch_python_dop_operator_3.py
[2025-01-28T22:19:56.175+0000] {logging_mixin.py:190} INFO - [2025-01-28T22:19:56.175+0000] {dag.py:3239} INFO - Sync 1 DAGs
[2025-01-28T22:19:56.203+0000] {logging_mixin.py:190} INFO - [2025-01-28T22:19:56.203+0000] {dag.py:4180} INFO - Setting next_dagrun for example_branch_dop_operator_v3 to 2025-01-28 22:18:00+00:00, run_after=2025-01-28 22:19:00+00:00
[2025-01-28T22:19:56.227+0000] {processor.py:208} INFO - Processing /home/airflow/.local/lib/python3.12/site-packages/airflow/example_dags/example_branch_python_dop_operator_3.py took 0.097 seconds
[2025-01-28T22:20:27.094+0000] {processor.py:186} INFO - Started process (PID=1462) to work on /home/airflow/.local/lib/python3.12/site-packages/airflow/example_dags/example_branch_python_dop_operator_3.py
[2025-01-28T22:20:27.095+0000] {processor.py:914} INFO - Processing file /home/airflow/.local/lib/python3.12/site-packages/airflow/example_dags/example_branch_python_dop_operator_3.py for tasks to queue
[2025-01-28T22:20:27.097+0000] {logging_mixin.py:190} INFO - [2025-01-28T22:20:27.097+0000] {dagbag.py:588} INFO - Filling up the DagBag from /home/airflow/.local/lib/python3.12/site-packages/airflow/example_dags/example_branch_python_dop_operator_3.py
[2025-01-28T22:20:27.109+0000] {processor.py:925} INFO - DAG(s) 'example_branch_dop_operator_v3' retrieved from /home/airflow/.local/lib/python3.12/site-packages/airflow/example_dags/example_branch_python_dop_operator_3.py
[2025-01-28T22:20:27.131+0000] {logging_mixin.py:190} INFO - [2025-01-28T22:20:27.130+0000] {dag.py:3239} INFO - Sync 1 DAGs
[2025-01-28T22:20:27.159+0000] {logging_mixin.py:190} INFO - [2025-01-28T22:20:27.159+0000] {dag.py:4180} INFO - Setting next_dagrun for example_branch_dop_operator_v3 to 2025-01-28 22:19:00+00:00, run_after=2025-01-28 22:20:00+00:00
[2025-01-28T22:20:27.181+0000] {processor.py:208} INFO - Processing /home/airflow/.local/lib/python3.12/site-packages/airflow/example_dags/example_branch_python_dop_operator_3.py took 0.094 seconds
[2025-01-28T22:20:59.113+0000] {processor.py:186} INFO - Started process (PID=1525) to work on /home/airflow/.local/lib/python3.12/site-packages/airflow/example_dags/example_branch_python_dop_operator_3.py
[2025-01-28T22:20:59.114+0000] {processor.py:914} INFO - Processing file /home/airflow/.local/lib/python3.12/site-packages/airflow/example_dags/example_branch_python_dop_operator_3.py for tasks to queue
[2025-01-28T22:20:59.117+0000] {logging_mixin.py:190} INFO - [2025-01-28T22:20:59.117+0000] {dagbag.py:588} INFO - Filling up the DagBag from /home/airflow/.local/lib/python3.12/site-packages/airflow/example_dags/example_branch_python_dop_operator_3.py
[2025-01-28T22:20:59.130+0000] {processor.py:925} INFO - DAG(s) 'example_branch_dop_operator_v3' retrieved from /home/airflow/.local/lib/python3.12/site-packages/airflow/example_dags/example_branch_python_dop_operator_3.py
[2025-01-28T22:20:59.152+0000] {logging_mixin.py:190} INFO - [2025-01-28T22:20:59.151+0000] {dag.py:3239} INFO - Sync 1 DAGs
[2025-01-28T22:20:59.184+0000] {logging_mixin.py:190} INFO - [2025-01-28T22:20:59.184+0000] {dag.py:4180} INFO - Setting next_dagrun for example_branch_dop_operator_v3 to 2025-01-28 22:19:00+00:00, run_after=2025-01-28 22:20:00+00:00
[2025-01-28T22:20:59.214+0000] {processor.py:208} INFO - Processing /home/airflow/.local/lib/python3.12/site-packages/airflow/example_dags/example_branch_python_dop_operator_3.py took 0.108 seconds
[2025-01-28T22:21:29.808+0000] {processor.py:186} INFO - Started process (PID=1588) to work on /home/airflow/.local/lib/python3.12/site-packages/airflow/example_dags/example_branch_python_dop_operator_3.py
[2025-01-28T22:21:29.810+0000] {processor.py:914} INFO - Processing file /home/airflow/.local/lib/python3.12/site-packages/airflow/example_dags/example_branch_python_dop_operator_3.py for tasks to queue
[2025-01-28T22:21:29.812+0000] {logging_mixin.py:190} INFO - [2025-01-28T22:21:29.812+0000] {dagbag.py:588} INFO - Filling up the DagBag from /home/airflow/.local/lib/python3.12/site-packages/airflow/example_dags/example_branch_python_dop_operator_3.py
[2025-01-28T22:21:29.824+0000] {processor.py:925} INFO - DAG(s) 'example_branch_dop_operator_v3' retrieved from /home/airflow/.local/lib/python3.12/site-packages/airflow/example_dags/example_branch_python_dop_operator_3.py
[2025-01-28T22:21:29.846+0000] {logging_mixin.py:190} INFO - [2025-01-28T22:21:29.846+0000] {dag.py:3239} INFO - Sync 1 DAGs
[2025-01-28T22:21:29.873+0000] {logging_mixin.py:190} INFO - [2025-01-28T22:21:29.873+0000] {dag.py:4180} INFO - Setting next_dagrun for example_branch_dop_operator_v3 to 2025-01-28 22:20:00+00:00, run_after=2025-01-28 22:21:00+00:00
[2025-01-28T22:21:29.903+0000] {processor.py:208} INFO - Processing /home/airflow/.local/lib/python3.12/site-packages/airflow/example_dags/example_branch_python_dop_operator_3.py took 0.101 seconds
[2025-01-28T22:22:01.373+0000] {processor.py:186} INFO - Started process (PID=1651) to work on /home/airflow/.local/lib/python3.12/site-packages/airflow/example_dags/example_branch_python_dop_operator_3.py
[2025-01-28T22:22:01.375+0000] {processor.py:914} INFO - Processing file /home/airflow/.local/lib/python3.12/site-packages/airflow/example_dags/example_branch_python_dop_operator_3.py for tasks to queue
[2025-01-28T22:22:01.378+0000] {logging_mixin.py:190} INFO - [2025-01-28T22:22:01.377+0000] {dagbag.py:588} INFO - Filling up the DagBag from /home/airflow/.local/lib/python3.12/site-packages/airflow/example_dags/example_branch_python_dop_operator_3.py
[2025-01-28T22:22:01.391+0000] {processor.py:925} INFO - DAG(s) 'example_branch_dop_operator_v3' retrieved from /home/airflow/.local/lib/python3.12/site-packages/airflow/example_dags/example_branch_python_dop_operator_3.py
[2025-01-28T22:22:01.413+0000] {logging_mixin.py:190} INFO - [2025-01-28T22:22:01.413+0000] {dag.py:3239} INFO - Sync 1 DAGs
[2025-01-28T22:22:01.442+0000] {logging_mixin.py:190} INFO - [2025-01-28T22:22:01.442+0000] {dag.py:4180} INFO - Setting next_dagrun for example_branch_dop_operator_v3 to 2025-01-28 22:21:00+00:00, run_after=2025-01-28 22:22:00+00:00
[2025-01-28T22:22:01.470+0000] {processor.py:208} INFO - Processing /home/airflow/.local/lib/python3.12/site-packages/airflow/example_dags/example_branch_python_dop_operator_3.py took 0.104 seconds
[2025-01-28T22:22:32.777+0000] {processor.py:186} INFO - Started process (PID=1714) to work on /home/airflow/.local/lib/python3.12/site-packages/airflow/example_dags/example_branch_python_dop_operator_3.py
[2025-01-28T22:22:32.778+0000] {processor.py:914} INFO - Processing file /home/airflow/.local/lib/python3.12/site-packages/airflow/example_dags/example_branch_python_dop_operator_3.py for tasks to queue
[2025-01-28T22:22:32.781+0000] {logging_mixin.py:190} INFO - [2025-01-28T22:22:32.781+0000] {dagbag.py:588} INFO - Filling up the DagBag from /home/airflow/.local/lib/python3.12/site-packages/airflow/example_dags/example_branch_python_dop_operator_3.py
[2025-01-28T22:22:32.793+0000] {processor.py:925} INFO - DAG(s) 'example_branch_dop_operator_v3' retrieved from /home/airflow/.local/lib/python3.12/site-packages/airflow/example_dags/example_branch_python_dop_operator_3.py
[2025-01-28T22:22:32.817+0000] {logging_mixin.py:190} INFO - [2025-01-28T22:22:32.816+0000] {dag.py:3239} INFO - Sync 1 DAGs
[2025-01-28T22:22:32.845+0000] {logging_mixin.py:190} INFO - [2025-01-28T22:22:32.845+0000] {dag.py:4180} INFO - Setting next_dagrun for example_branch_dop_operator_v3 to 2025-01-28 22:21:00+00:00, run_after=2025-01-28 22:22:00+00:00
[2025-01-28T22:22:32.870+0000] {processor.py:208} INFO - Processing /home/airflow/.local/lib/python3.12/site-packages/airflow/example_dags/example_branch_python_dop_operator_3.py took 0.100 seconds
[2025-01-28T22:23:04.708+0000] {processor.py:186} INFO - Started process (PID=1777) to work on /home/airflow/.local/lib/python3.12/site-packages/airflow/example_dags/example_branch_python_dop_operator_3.py
[2025-01-28T22:23:04.711+0000] {processor.py:914} INFO - Processing file /home/airflow/.local/lib/python3.12/site-packages/airflow/example_dags/example_branch_python_dop_operator_3.py for tasks to queue
[2025-01-28T22:23:04.715+0000] {logging_mixin.py:190} INFO - [2025-01-28T22:23:04.714+0000] {dagbag.py:588} INFO - Filling up the DagBag from /home/airflow/.local/lib/python3.12/site-packages/airflow/example_dags/example_branch_python_dop_operator_3.py
[2025-01-28T22:23:04.733+0000] {processor.py:925} INFO - DAG(s) 'example_branch_dop_operator_v3' retrieved from /home/airflow/.local/lib/python3.12/site-packages/airflow/example_dags/example_branch_python_dop_operator_3.py
[2025-01-28T22:23:04.760+0000] {logging_mixin.py:190} INFO - [2025-01-28T22:23:04.760+0000] {dag.py:3239} INFO - Sync 1 DAGs
[2025-01-28T22:23:04.811+0000] {logging_mixin.py:190} INFO - [2025-01-28T22:23:04.810+0000] {dag.py:4180} INFO - Setting next_dagrun for example_branch_dop_operator_v3 to 2025-01-28 22:22:00+00:00, run_after=2025-01-28 22:23:00+00:00
[2025-01-28T22:23:04.845+0000] {processor.py:208} INFO - Processing /home/airflow/.local/lib/python3.12/site-packages/airflow/example_dags/example_branch_python_dop_operator_3.py took 0.148 seconds
[2025-01-28T22:23:35.317+0000] {processor.py:186} INFO - Started process (PID=1840) to work on /home/airflow/.local/lib/python3.12/site-packages/airflow/example_dags/example_branch_python_dop_operator_3.py
[2025-01-28T22:23:35.318+0000] {processor.py:914} INFO - Processing file /home/airflow/.local/lib/python3.12/site-packages/airflow/example_dags/example_branch_python_dop_operator_3.py for tasks to queue
[2025-01-28T22:23:35.321+0000] {logging_mixin.py:190} INFO - [2025-01-28T22:23:35.321+0000] {dagbag.py:588} INFO - Filling up the DagBag from /home/airflow/.local/lib/python3.12/site-packages/airflow/example_dags/example_branch_python_dop_operator_3.py
[2025-01-28T22:23:35.332+0000] {processor.py:925} INFO - DAG(s) 'example_branch_dop_operator_v3' retrieved from /home/airflow/.local/lib/python3.12/site-packages/airflow/example_dags/example_branch_python_dop_operator_3.py
[2025-01-28T22:23:35.355+0000] {logging_mixin.py:190} INFO - [2025-01-28T22:23:35.354+0000] {dag.py:3239} INFO - Sync 1 DAGs
[2025-01-28T22:23:35.385+0000] {logging_mixin.py:190} INFO - [2025-01-28T22:23:35.385+0000] {dag.py:4180} INFO - Setting next_dagrun for example_branch_dop_operator_v3 to 2025-01-28 22:22:00+00:00, run_after=2025-01-28 22:23:00+00:00
[2025-01-28T22:23:35.409+0000] {processor.py:208} INFO - Processing /home/airflow/.local/lib/python3.12/site-packages/airflow/example_dags/example_branch_python_dop_operator_3.py took 0.099 seconds
[2025-01-28T22:24:07.215+0000] {processor.py:186} INFO - Started process (PID=1903) to work on /home/airflow/.local/lib/python3.12/site-packages/airflow/example_dags/example_branch_python_dop_operator_3.py
[2025-01-28T22:24:07.218+0000] {processor.py:914} INFO - Processing file /home/airflow/.local/lib/python3.12/site-packages/airflow/example_dags/example_branch_python_dop_operator_3.py for tasks to queue
[2025-01-28T22:24:07.221+0000] {logging_mixin.py:190} INFO - [2025-01-28T22:24:07.221+0000] {dagbag.py:588} INFO - Filling up the DagBag from /home/airflow/.local/lib/python3.12/site-packages/airflow/example_dags/example_branch_python_dop_operator_3.py
[2025-01-28T22:24:07.235+0000] {processor.py:925} INFO - DAG(s) 'example_branch_dop_operator_v3' retrieved from /home/airflow/.local/lib/python3.12/site-packages/airflow/example_dags/example_branch_python_dop_operator_3.py
[2025-01-28T22:24:07.262+0000] {logging_mixin.py:190} INFO - [2025-01-28T22:24:07.262+0000] {dag.py:3239} INFO - Sync 1 DAGs
[2025-01-28T22:24:07.292+0000] {logging_mixin.py:190} INFO - [2025-01-28T22:24:07.292+0000] {dag.py:4180} INFO - Setting next_dagrun for example_branch_dop_operator_v3 to 2025-01-28 22:23:00+00:00, run_after=2025-01-28 22:24:00+00:00
[2025-01-28T22:24:07.316+0000] {processor.py:208} INFO - Processing /home/airflow/.local/lib/python3.12/site-packages/airflow/example_dags/example_branch_python_dop_operator_3.py took 0.107 seconds
[2025-01-28T22:24:37.663+0000] {processor.py:186} INFO - Started process (PID=1966) to work on /home/airflow/.local/lib/python3.12/site-packages/airflow/example_dags/example_branch_python_dop_operator_3.py
[2025-01-28T22:24:37.664+0000] {processor.py:914} INFO - Processing file /home/airflow/.local/lib/python3.12/site-packages/airflow/example_dags/example_branch_python_dop_operator_3.py for tasks to queue
[2025-01-28T22:24:37.667+0000] {logging_mixin.py:190} INFO - [2025-01-28T22:24:37.667+0000] {dagbag.py:588} INFO - Filling up the DagBag from /home/airflow/.local/lib/python3.12/site-packages/airflow/example_dags/example_branch_python_dop_operator_3.py
[2025-01-28T22:24:37.680+0000] {processor.py:925} INFO - DAG(s) 'example_branch_dop_operator_v3' retrieved from /home/airflow/.local/lib/python3.12/site-packages/airflow/example_dags/example_branch_python_dop_operator_3.py
[2025-01-28T22:24:37.703+0000] {logging_mixin.py:190} INFO - [2025-01-28T22:24:37.703+0000] {dag.py:3239} INFO - Sync 1 DAGs
[2025-01-28T22:24:37.733+0000] {logging_mixin.py:190} INFO - [2025-01-28T22:24:37.733+0000] {dag.py:4180} INFO - Setting next_dagrun for example_branch_dop_operator_v3 to 2025-01-28 22:23:00+00:00, run_after=2025-01-28 22:24:00+00:00
[2025-01-28T22:24:37.756+0000] {processor.py:208} INFO - Processing /home/airflow/.local/lib/python3.12/site-packages/airflow/example_dags/example_branch_python_dop_operator_3.py took 0.099 seconds
[2025-01-28T22:25:09.612+0000] {processor.py:186} INFO - Started process (PID=2029) to work on /home/airflow/.local/lib/python3.12/site-packages/airflow/example_dags/example_branch_python_dop_operator_3.py
[2025-01-28T22:25:09.614+0000] {processor.py:914} INFO - Processing file /home/airflow/.local/lib/python3.12/site-packages/airflow/example_dags/example_branch_python_dop_operator_3.py for tasks to queue
[2025-01-28T22:25:09.617+0000] {logging_mixin.py:190} INFO - [2025-01-28T22:25:09.616+0000] {dagbag.py:588} INFO - Filling up the DagBag from /home/airflow/.local/lib/python3.12/site-packages/airflow/example_dags/example_branch_python_dop_operator_3.py
[2025-01-28T22:25:09.628+0000] {processor.py:925} INFO - DAG(s) 'example_branch_dop_operator_v3' retrieved from /home/airflow/.local/lib/python3.12/site-packages/airflow/example_dags/example_branch_python_dop_operator_3.py
[2025-01-28T22:25:09.651+0000] {logging_mixin.py:190} INFO - [2025-01-28T22:25:09.650+0000] {dag.py:3239} INFO - Sync 1 DAGs
[2025-01-28T22:25:09.682+0000] {logging_mixin.py:190} INFO - [2025-01-28T22:25:09.681+0000] {dag.py:4180} INFO - Setting next_dagrun for example_branch_dop_operator_v3 to 2025-01-28 22:24:00+00:00, run_after=2025-01-28 22:25:00+00:00
[2025-01-28T22:25:09.704+0000] {processor.py:208} INFO - Processing /home/airflow/.local/lib/python3.12/site-packages/airflow/example_dags/example_branch_python_dop_operator_3.py took 0.099 seconds
[2025-01-28T22:28:51.382+0000] {processor.py:186} INFO - Started process (PID=144) to work on /home/airflow/.local/lib/python3.12/site-packages/airflow/example_dags/example_branch_python_dop_operator_3.py
[2025-01-28T22:28:51.384+0000] {processor.py:914} INFO - Processing file /home/airflow/.local/lib/python3.12/site-packages/airflow/example_dags/example_branch_python_dop_operator_3.py for tasks to queue
[2025-01-28T22:28:51.387+0000] {logging_mixin.py:190} INFO - [2025-01-28T22:28:51.386+0000] {dagbag.py:588} INFO - Filling up the DagBag from /home/airflow/.local/lib/python3.12/site-packages/airflow/example_dags/example_branch_python_dop_operator_3.py
[2025-01-28T22:28:51.399+0000] {processor.py:925} INFO - DAG(s) 'example_branch_dop_operator_v3' retrieved from /home/airflow/.local/lib/python3.12/site-packages/airflow/example_dags/example_branch_python_dop_operator_3.py
[2025-01-28T22:28:51.419+0000] {logging_mixin.py:190} INFO - [2025-01-28T22:28:51.419+0000] {dag.py:3239} INFO - Sync 1 DAGs
[2025-01-28T22:28:51.456+0000] {logging_mixin.py:190} INFO - [2025-01-28T22:28:51.455+0000] {dag.py:4180} INFO - Setting next_dagrun for example_branch_dop_operator_v3 to 2025-01-28 22:27:00+00:00, run_after=2025-01-28 22:28:00+00:00
[2025-01-28T22:28:51.483+0000] {processor.py:208} INFO - Processing /home/airflow/.local/lib/python3.12/site-packages/airflow/example_dags/example_branch_python_dop_operator_3.py took 0.107 seconds
[2025-01-28T22:29:22.819+0000] {processor.py:186} INFO - Started process (PID=207) to work on /home/airflow/.local/lib/python3.12/site-packages/airflow/example_dags/example_branch_python_dop_operator_3.py
[2025-01-28T22:29:22.825+0000] {processor.py:914} INFO - Processing file /home/airflow/.local/lib/python3.12/site-packages/airflow/example_dags/example_branch_python_dop_operator_3.py for tasks to queue
[2025-01-28T22:29:22.827+0000] {logging_mixin.py:190} INFO - [2025-01-28T22:29:22.827+0000] {dagbag.py:588} INFO - Filling up the DagBag from /home/airflow/.local/lib/python3.12/site-packages/airflow/example_dags/example_branch_python_dop_operator_3.py
[2025-01-28T22:29:22.839+0000] {processor.py:925} INFO - DAG(s) 'example_branch_dop_operator_v3' retrieved from /home/airflow/.local/lib/python3.12/site-packages/airflow/example_dags/example_branch_python_dop_operator_3.py
[2025-01-28T22:29:22.865+0000] {logging_mixin.py:190} INFO - [2025-01-28T22:29:22.864+0000] {dag.py:3239} INFO - Sync 1 DAGs
[2025-01-28T22:29:22.895+0000] {logging_mixin.py:190} INFO - [2025-01-28T22:29:22.894+0000] {dag.py:4180} INFO - Setting next_dagrun for example_branch_dop_operator_v3 to 2025-01-28 22:28:00+00:00, run_after=2025-01-28 22:29:00+00:00
[2025-01-28T22:29:22.919+0000] {processor.py:208} INFO - Processing /home/airflow/.local/lib/python3.12/site-packages/airflow/example_dags/example_branch_python_dop_operator_3.py took 0.107 seconds
[2025-01-28T22:29:53.499+0000] {processor.py:186} INFO - Started process (PID=269) to work on /home/airflow/.local/lib/python3.12/site-packages/airflow/example_dags/example_branch_python_dop_operator_3.py
[2025-01-28T22:29:53.501+0000] {processor.py:914} INFO - Processing file /home/airflow/.local/lib/python3.12/site-packages/airflow/example_dags/example_branch_python_dop_operator_3.py for tasks to queue
[2025-01-28T22:29:53.503+0000] {logging_mixin.py:190} INFO - [2025-01-28T22:29:53.503+0000] {dagbag.py:588} INFO - Filling up the DagBag from /home/airflow/.local/lib/python3.12/site-packages/airflow/example_dags/example_branch_python_dop_operator_3.py
[2025-01-28T22:29:53.515+0000] {processor.py:925} INFO - DAG(s) 'example_branch_dop_operator_v3' retrieved from /home/airflow/.local/lib/python3.12/site-packages/airflow/example_dags/example_branch_python_dop_operator_3.py
[2025-01-28T22:29:53.535+0000] {logging_mixin.py:190} INFO - [2025-01-28T22:29:53.535+0000] {dag.py:3239} INFO - Sync 1 DAGs
[2025-01-28T22:29:53.563+0000] {logging_mixin.py:190} INFO - [2025-01-28T22:29:53.562+0000] {dag.py:4180} INFO - Setting next_dagrun for example_branch_dop_operator_v3 to 2025-01-28 22:28:00+00:00, run_after=2025-01-28 22:29:00+00:00
[2025-01-28T22:29:53.594+0000] {processor.py:208} INFO - Processing /home/airflow/.local/lib/python3.12/site-packages/airflow/example_dags/example_branch_python_dop_operator_3.py took 0.101 seconds
[2025-01-28T22:30:24.811+0000] {processor.py:186} INFO - Started process (PID=332) to work on /home/airflow/.local/lib/python3.12/site-packages/airflow/example_dags/example_branch_python_dop_operator_3.py
[2025-01-28T22:30:24.813+0000] {processor.py:914} INFO - Processing file /home/airflow/.local/lib/python3.12/site-packages/airflow/example_dags/example_branch_python_dop_operator_3.py for tasks to queue
[2025-01-28T22:30:24.816+0000] {logging_mixin.py:190} INFO - [2025-01-28T22:30:24.815+0000] {dagbag.py:588} INFO - Filling up the DagBag from /home/airflow/.local/lib/python3.12/site-packages/airflow/example_dags/example_branch_python_dop_operator_3.py
[2025-01-28T22:30:24.827+0000] {processor.py:925} INFO - DAG(s) 'example_branch_dop_operator_v3' retrieved from /home/airflow/.local/lib/python3.12/site-packages/airflow/example_dags/example_branch_python_dop_operator_3.py
[2025-01-28T22:30:24.853+0000] {logging_mixin.py:190} INFO - [2025-01-28T22:30:24.852+0000] {dag.py:3239} INFO - Sync 1 DAGs
[2025-01-28T22:30:24.881+0000] {logging_mixin.py:190} INFO - [2025-01-28T22:30:24.881+0000] {dag.py:4180} INFO - Setting next_dagrun for example_branch_dop_operator_v3 to 2025-01-28 22:29:00+00:00, run_after=2025-01-28 22:30:00+00:00
[2025-01-28T22:30:24.947+0000] {processor.py:208} INFO - Processing /home/airflow/.local/lib/python3.12/site-packages/airflow/example_dags/example_branch_python_dop_operator_3.py took 0.143 seconds
[2025-01-28T22:30:56.595+0000] {processor.py:186} INFO - Started process (PID=395) to work on /home/airflow/.local/lib/python3.12/site-packages/airflow/example_dags/example_branch_python_dop_operator_3.py
[2025-01-28T22:30:56.597+0000] {processor.py:914} INFO - Processing file /home/airflow/.local/lib/python3.12/site-packages/airflow/example_dags/example_branch_python_dop_operator_3.py for tasks to queue
[2025-01-28T22:30:56.600+0000] {logging_mixin.py:190} INFO - [2025-01-28T22:30:56.600+0000] {dagbag.py:588} INFO - Filling up the DagBag from /home/airflow/.local/lib/python3.12/site-packages/airflow/example_dags/example_branch_python_dop_operator_3.py
[2025-01-28T22:30:56.614+0000] {processor.py:925} INFO - DAG(s) 'example_branch_dop_operator_v3' retrieved from /home/airflow/.local/lib/python3.12/site-packages/airflow/example_dags/example_branch_python_dop_operator_3.py
[2025-01-28T22:30:56.638+0000] {logging_mixin.py:190} INFO - [2025-01-28T22:30:56.638+0000] {dag.py:3239} INFO - Sync 1 DAGs
[2025-01-28T22:30:56.666+0000] {logging_mixin.py:190} INFO - [2025-01-28T22:30:56.665+0000] {dag.py:4180} INFO - Setting next_dagrun for example_branch_dop_operator_v3 to 2025-01-28 22:29:00+00:00, run_after=2025-01-28 22:30:00+00:00
[2025-01-28T22:30:56.696+0000] {processor.py:208} INFO - Processing /home/airflow/.local/lib/python3.12/site-packages/airflow/example_dags/example_branch_python_dop_operator_3.py took 0.107 seconds
