[2025-01-28T22:09:32.813+0000] {processor.py:186} INFO - Started process (PID=140) to work on /home/airflow/.local/lib/python3.12/site-packages/airflow/example_dags/example_sensors.py
[2025-01-28T22:09:32.815+0000] {processor.py:914} INFO - Processing file /home/airflow/.local/lib/python3.12/site-packages/airflow/example_dags/example_sensors.py for tasks to queue
[2025-01-28T22:09:32.819+0000] {logging_mixin.py:190} INFO - [2025-01-28T22:09:32.818+0000] {dagbag.py:588} INFO - Filling up the DagBag from /home/airflow/.local/lib/python3.12/site-packages/airflow/example_dags/example_sensors.py
[2025-01-28T22:09:33.412+0000] {processor.py:925} INFO - DAG(s) 'example_sensors' retrieved from /home/airflow/.local/lib/python3.12/site-packages/airflow/example_dags/example_sensors.py
[2025-01-28T22:09:34.305+0000] {logging_mixin.py:190} INFO - [2025-01-28T22:09:34.305+0000] {override.py:1911} INFO - Created Permission View: can delete on DAG:example_sensors
[2025-01-28T22:09:34.320+0000] {logging_mixin.py:190} INFO - [2025-01-28T22:09:34.319+0000] {override.py:1911} INFO - Created Permission View: can edit on DAG:example_sensors
[2025-01-28T22:09:34.334+0000] {logging_mixin.py:190} INFO - [2025-01-28T22:09:34.334+0000] {override.py:1911} INFO - Created Permission View: can read on DAG:example_sensors
[2025-01-28T22:09:34.350+0000] {logging_mixin.py:190} INFO - [2025-01-28T22:09:34.350+0000] {override.py:1911} INFO - Created Permission View: can create on DAG Run:example_sensors
[2025-01-28T22:09:34.360+0000] {logging_mixin.py:190} INFO - [2025-01-28T22:09:34.360+0000] {override.py:1911} INFO - Created Permission View: can delete on DAG Run:example_sensors
[2025-01-28T22:09:34.370+0000] {logging_mixin.py:190} INFO - [2025-01-28T22:09:34.369+0000] {override.py:1911} INFO - Created Permission View: menu access on DAG Run:example_sensors
[2025-01-28T22:09:34.380+0000] {logging_mixin.py:190} INFO - [2025-01-28T22:09:34.380+0000] {override.py:1911} INFO - Created Permission View: can read on DAG Run:example_sensors
[2025-01-28T22:09:34.382+0000] {logging_mixin.py:190} INFO - [2025-01-28T22:09:34.381+0000] {dag.py:3239} INFO - Sync 1 DAGs
[2025-01-28T22:09:34.397+0000] {logging_mixin.py:190} INFO - [2025-01-28T22:09:34.396+0000] {dag.py:3262} INFO - Creating ORM DAG for example_sensors
[2025-01-28T22:09:34.398+0000] {logging_mixin.py:190} INFO - [2025-01-28T22:09:34.398+0000] {dag.py:4180} INFO - Setting next_dagrun for example_sensors to None, run_after=None
[2025-01-28T22:09:34.418+0000] {processor.py:208} INFO - Processing /home/airflow/.local/lib/python3.12/site-packages/airflow/example_dags/example_sensors.py took 0.262 seconds
[2025-01-28T22:10:05.843+0000] {processor.py:186} INFO - Started process (PID=203) to work on /home/airflow/.local/lib/python3.12/site-packages/airflow/example_dags/example_sensors.py
[2025-01-28T22:10:05.845+0000] {processor.py:914} INFO - Processing file /home/airflow/.local/lib/python3.12/site-packages/airflow/example_dags/example_sensors.py for tasks to queue
[2025-01-28T22:10:05.847+0000] {logging_mixin.py:190} INFO - [2025-01-28T22:10:05.847+0000] {dagbag.py:588} INFO - Filling up the DagBag from /home/airflow/.local/lib/python3.12/site-packages/airflow/example_dags/example_sensors.py
[2025-01-28T22:10:05.859+0000] {processor.py:925} INFO - DAG(s) 'example_sensors' retrieved from /home/airflow/.local/lib/python3.12/site-packages/airflow/example_dags/example_sensors.py
[2025-01-28T22:10:05.889+0000] {logging_mixin.py:190} INFO - [2025-01-28T22:10:05.888+0000] {dag.py:3239} INFO - Sync 1 DAGs
[2025-01-28T22:10:05.904+0000] {logging_mixin.py:190} INFO - [2025-01-28T22:10:05.904+0000] {dag.py:4180} INFO - Setting next_dagrun for example_sensors to None, run_after=None
[2025-01-28T22:10:05.931+0000] {processor.py:208} INFO - Processing /home/airflow/.local/lib/python3.12/site-packages/airflow/example_dags/example_sensors.py took 0.094 seconds
[2025-01-28T22:10:37.736+0000] {processor.py:186} INFO - Started process (PID=266) to work on /home/airflow/.local/lib/python3.12/site-packages/airflow/example_dags/example_sensors.py
[2025-01-28T22:10:37.738+0000] {processor.py:914} INFO - Processing file /home/airflow/.local/lib/python3.12/site-packages/airflow/example_dags/example_sensors.py for tasks to queue
[2025-01-28T22:10:37.741+0000] {logging_mixin.py:190} INFO - [2025-01-28T22:10:37.741+0000] {dagbag.py:588} INFO - Filling up the DagBag from /home/airflow/.local/lib/python3.12/site-packages/airflow/example_dags/example_sensors.py
[2025-01-28T22:10:37.753+0000] {processor.py:925} INFO - DAG(s) 'example_sensors' retrieved from /home/airflow/.local/lib/python3.12/site-packages/airflow/example_dags/example_sensors.py
[2025-01-28T22:10:37.781+0000] {logging_mixin.py:190} INFO - [2025-01-28T22:10:37.781+0000] {dag.py:3239} INFO - Sync 1 DAGs
[2025-01-28T22:10:37.797+0000] {logging_mixin.py:190} INFO - [2025-01-28T22:10:37.797+0000] {dag.py:4180} INFO - Setting next_dagrun for example_sensors to None, run_after=None
[2025-01-28T22:10:37.822+0000] {processor.py:208} INFO - Processing /home/airflow/.local/lib/python3.12/site-packages/airflow/example_dags/example_sensors.py took 0.093 seconds
[2025-01-28T22:11:09.080+0000] {processor.py:186} INFO - Started process (PID=329) to work on /home/airflow/.local/lib/python3.12/site-packages/airflow/example_dags/example_sensors.py
[2025-01-28T22:11:09.081+0000] {processor.py:914} INFO - Processing file /home/airflow/.local/lib/python3.12/site-packages/airflow/example_dags/example_sensors.py for tasks to queue
[2025-01-28T22:11:09.084+0000] {logging_mixin.py:190} INFO - [2025-01-28T22:11:09.084+0000] {dagbag.py:588} INFO - Filling up the DagBag from /home/airflow/.local/lib/python3.12/site-packages/airflow/example_dags/example_sensors.py
[2025-01-28T22:11:09.096+0000] {processor.py:925} INFO - DAG(s) 'example_sensors' retrieved from /home/airflow/.local/lib/python3.12/site-packages/airflow/example_dags/example_sensors.py
[2025-01-28T22:11:09.128+0000] {logging_mixin.py:190} INFO - [2025-01-28T22:11:09.128+0000] {dag.py:3239} INFO - Sync 1 DAGs
[2025-01-28T22:11:09.145+0000] {logging_mixin.py:190} INFO - [2025-01-28T22:11:09.145+0000] {dag.py:4180} INFO - Setting next_dagrun for example_sensors to None, run_after=None
[2025-01-28T22:11:09.170+0000] {processor.py:208} INFO - Processing /home/airflow/.local/lib/python3.12/site-packages/airflow/example_dags/example_sensors.py took 0.096 seconds
[2025-01-28T22:11:39.661+0000] {processor.py:186} INFO - Started process (PID=392) to work on /home/airflow/.local/lib/python3.12/site-packages/airflow/example_dags/example_sensors.py
[2025-01-28T22:11:39.663+0000] {processor.py:914} INFO - Processing file /home/airflow/.local/lib/python3.12/site-packages/airflow/example_dags/example_sensors.py for tasks to queue
[2025-01-28T22:11:39.666+0000] {logging_mixin.py:190} INFO - [2025-01-28T22:11:39.665+0000] {dagbag.py:588} INFO - Filling up the DagBag from /home/airflow/.local/lib/python3.12/site-packages/airflow/example_dags/example_sensors.py
[2025-01-28T22:11:39.678+0000] {processor.py:925} INFO - DAG(s) 'example_sensors' retrieved from /home/airflow/.local/lib/python3.12/site-packages/airflow/example_dags/example_sensors.py
[2025-01-28T22:11:39.707+0000] {logging_mixin.py:190} INFO - [2025-01-28T22:11:39.707+0000] {dag.py:3239} INFO - Sync 1 DAGs
[2025-01-28T22:11:39.723+0000] {logging_mixin.py:190} INFO - [2025-01-28T22:11:39.723+0000] {dag.py:4180} INFO - Setting next_dagrun for example_sensors to None, run_after=None
[2025-01-28T22:11:39.745+0000] {processor.py:208} INFO - Processing /home/airflow/.local/lib/python3.12/site-packages/airflow/example_dags/example_sensors.py took 0.091 seconds
[2025-01-28T22:12:11.551+0000] {processor.py:186} INFO - Started process (PID=455) to work on /home/airflow/.local/lib/python3.12/site-packages/airflow/example_dags/example_sensors.py
[2025-01-28T22:12:11.552+0000] {processor.py:914} INFO - Processing file /home/airflow/.local/lib/python3.12/site-packages/airflow/example_dags/example_sensors.py for tasks to queue
[2025-01-28T22:12:11.555+0000] {logging_mixin.py:190} INFO - [2025-01-28T22:12:11.555+0000] {dagbag.py:588} INFO - Filling up the DagBag from /home/airflow/.local/lib/python3.12/site-packages/airflow/example_dags/example_sensors.py
[2025-01-28T22:12:11.567+0000] {processor.py:925} INFO - DAG(s) 'example_sensors' retrieved from /home/airflow/.local/lib/python3.12/site-packages/airflow/example_dags/example_sensors.py
[2025-01-28T22:12:11.598+0000] {logging_mixin.py:190} INFO - [2025-01-28T22:12:11.598+0000] {dag.py:3239} INFO - Sync 1 DAGs
[2025-01-28T22:12:11.616+0000] {logging_mixin.py:190} INFO - [2025-01-28T22:12:11.615+0000] {dag.py:4180} INFO - Setting next_dagrun for example_sensors to None, run_after=None
[2025-01-28T22:12:11.642+0000] {processor.py:208} INFO - Processing /home/airflow/.local/lib/python3.12/site-packages/airflow/example_dags/example_sensors.py took 0.098 seconds
[2025-01-28T22:12:42.733+0000] {processor.py:186} INFO - Started process (PID=518) to work on /home/airflow/.local/lib/python3.12/site-packages/airflow/example_dags/example_sensors.py
[2025-01-28T22:12:42.734+0000] {processor.py:914} INFO - Processing file /home/airflow/.local/lib/python3.12/site-packages/airflow/example_dags/example_sensors.py for tasks to queue
[2025-01-28T22:12:42.736+0000] {logging_mixin.py:190} INFO - [2025-01-28T22:12:42.736+0000] {dagbag.py:588} INFO - Filling up the DagBag from /home/airflow/.local/lib/python3.12/site-packages/airflow/example_dags/example_sensors.py
[2025-01-28T22:12:42.748+0000] {processor.py:925} INFO - DAG(s) 'example_sensors' retrieved from /home/airflow/.local/lib/python3.12/site-packages/airflow/example_dags/example_sensors.py
[2025-01-28T22:12:42.777+0000] {logging_mixin.py:190} INFO - [2025-01-28T22:12:42.777+0000] {dag.py:3239} INFO - Sync 1 DAGs
[2025-01-28T22:12:42.792+0000] {logging_mixin.py:190} INFO - [2025-01-28T22:12:42.792+0000] {dag.py:4180} INFO - Setting next_dagrun for example_sensors to None, run_after=None
[2025-01-28T22:12:42.817+0000] {processor.py:208} INFO - Processing /home/airflow/.local/lib/python3.12/site-packages/airflow/example_dags/example_sensors.py took 0.091 seconds
[2025-01-28T22:13:14.442+0000] {processor.py:186} INFO - Started process (PID=581) to work on /home/airflow/.local/lib/python3.12/site-packages/airflow/example_dags/example_sensors.py
[2025-01-28T22:13:14.444+0000] {processor.py:914} INFO - Processing file /home/airflow/.local/lib/python3.12/site-packages/airflow/example_dags/example_sensors.py for tasks to queue
[2025-01-28T22:13:14.447+0000] {logging_mixin.py:190} INFO - [2025-01-28T22:13:14.446+0000] {dagbag.py:588} INFO - Filling up the DagBag from /home/airflow/.local/lib/python3.12/site-packages/airflow/example_dags/example_sensors.py
[2025-01-28T22:13:14.459+0000] {processor.py:925} INFO - DAG(s) 'example_sensors' retrieved from /home/airflow/.local/lib/python3.12/site-packages/airflow/example_dags/example_sensors.py
[2025-01-28T22:13:14.491+0000] {logging_mixin.py:190} INFO - [2025-01-28T22:13:14.490+0000] {dag.py:3239} INFO - Sync 1 DAGs
[2025-01-28T22:13:14.507+0000] {logging_mixin.py:190} INFO - [2025-01-28T22:13:14.507+0000] {dag.py:4180} INFO - Setting next_dagrun for example_sensors to None, run_after=None
[2025-01-28T22:13:14.544+0000] {processor.py:208} INFO - Processing /home/airflow/.local/lib/python3.12/site-packages/airflow/example_dags/example_sensors.py took 0.108 seconds
[2025-01-28T22:13:44.983+0000] {processor.py:186} INFO - Started process (PID=644) to work on /home/airflow/.local/lib/python3.12/site-packages/airflow/example_dags/example_sensors.py
[2025-01-28T22:13:44.984+0000] {processor.py:914} INFO - Processing file /home/airflow/.local/lib/python3.12/site-packages/airflow/example_dags/example_sensors.py for tasks to queue
[2025-01-28T22:13:44.987+0000] {logging_mixin.py:190} INFO - [2025-01-28T22:13:44.987+0000] {dagbag.py:588} INFO - Filling up the DagBag from /home/airflow/.local/lib/python3.12/site-packages/airflow/example_dags/example_sensors.py
[2025-01-28T22:13:44.999+0000] {processor.py:925} INFO - DAG(s) 'example_sensors' retrieved from /home/airflow/.local/lib/python3.12/site-packages/airflow/example_dags/example_sensors.py
[2025-01-28T22:13:45.029+0000] {logging_mixin.py:190} INFO - [2025-01-28T22:13:45.028+0000] {dag.py:3239} INFO - Sync 1 DAGs
[2025-01-28T22:13:45.049+0000] {logging_mixin.py:190} INFO - [2025-01-28T22:13:45.049+0000] {dag.py:4180} INFO - Setting next_dagrun for example_sensors to None, run_after=None
[2025-01-28T22:13:45.087+0000] {processor.py:208} INFO - Processing /home/airflow/.local/lib/python3.12/site-packages/airflow/example_dags/example_sensors.py took 0.110 seconds
[2025-01-28T22:14:16.544+0000] {processor.py:186} INFO - Started process (PID=707) to work on /home/airflow/.local/lib/python3.12/site-packages/airflow/example_dags/example_sensors.py
[2025-01-28T22:14:16.545+0000] {processor.py:914} INFO - Processing file /home/airflow/.local/lib/python3.12/site-packages/airflow/example_dags/example_sensors.py for tasks to queue
[2025-01-28T22:14:16.548+0000] {logging_mixin.py:190} INFO - [2025-01-28T22:14:16.548+0000] {dagbag.py:588} INFO - Filling up the DagBag from /home/airflow/.local/lib/python3.12/site-packages/airflow/example_dags/example_sensors.py
[2025-01-28T22:14:16.562+0000] {processor.py:925} INFO - DAG(s) 'example_sensors' retrieved from /home/airflow/.local/lib/python3.12/site-packages/airflow/example_dags/example_sensors.py
[2025-01-28T22:14:16.593+0000] {logging_mixin.py:190} INFO - [2025-01-28T22:14:16.593+0000] {dag.py:3239} INFO - Sync 1 DAGs
[2025-01-28T22:14:16.609+0000] {logging_mixin.py:190} INFO - [2025-01-28T22:14:16.608+0000] {dag.py:4180} INFO - Setting next_dagrun for example_sensors to None, run_after=None
[2025-01-28T22:14:16.634+0000] {processor.py:208} INFO - Processing /home/airflow/.local/lib/python3.12/site-packages/airflow/example_dags/example_sensors.py took 0.096 seconds
[2025-01-28T22:14:48.111+0000] {processor.py:186} INFO - Started process (PID=770) to work on /home/airflow/.local/lib/python3.12/site-packages/airflow/example_dags/example_sensors.py
[2025-01-28T22:14:48.112+0000] {processor.py:914} INFO - Processing file /home/airflow/.local/lib/python3.12/site-packages/airflow/example_dags/example_sensors.py for tasks to queue
[2025-01-28T22:14:48.115+0000] {logging_mixin.py:190} INFO - [2025-01-28T22:14:48.115+0000] {dagbag.py:588} INFO - Filling up the DagBag from /home/airflow/.local/lib/python3.12/site-packages/airflow/example_dags/example_sensors.py
[2025-01-28T22:14:48.128+0000] {processor.py:925} INFO - DAG(s) 'example_sensors' retrieved from /home/airflow/.local/lib/python3.12/site-packages/airflow/example_dags/example_sensors.py
[2025-01-28T22:14:48.156+0000] {logging_mixin.py:190} INFO - [2025-01-28T22:14:48.156+0000] {dag.py:3239} INFO - Sync 1 DAGs
[2025-01-28T22:14:48.176+0000] {logging_mixin.py:190} INFO - [2025-01-28T22:14:48.176+0000] {dag.py:4180} INFO - Setting next_dagrun for example_sensors to None, run_after=None
[2025-01-28T22:14:48.200+0000] {processor.py:208} INFO - Processing /home/airflow/.local/lib/python3.12/site-packages/airflow/example_dags/example_sensors.py took 0.096 seconds
[2025-01-28T22:15:19.788+0000] {processor.py:186} INFO - Started process (PID=833) to work on /home/airflow/.local/lib/python3.12/site-packages/airflow/example_dags/example_sensors.py
[2025-01-28T22:15:19.790+0000] {processor.py:914} INFO - Processing file /home/airflow/.local/lib/python3.12/site-packages/airflow/example_dags/example_sensors.py for tasks to queue
[2025-01-28T22:15:19.793+0000] {logging_mixin.py:190} INFO - [2025-01-28T22:15:19.792+0000] {dagbag.py:588} INFO - Filling up the DagBag from /home/airflow/.local/lib/python3.12/site-packages/airflow/example_dags/example_sensors.py
[2025-01-28T22:15:19.805+0000] {processor.py:925} INFO - DAG(s) 'example_sensors' retrieved from /home/airflow/.local/lib/python3.12/site-packages/airflow/example_dags/example_sensors.py
[2025-01-28T22:15:19.837+0000] {logging_mixin.py:190} INFO - [2025-01-28T22:15:19.836+0000] {dag.py:3239} INFO - Sync 1 DAGs
[2025-01-28T22:15:19.854+0000] {logging_mixin.py:190} INFO - [2025-01-28T22:15:19.854+0000] {dag.py:4180} INFO - Setting next_dagrun for example_sensors to None, run_after=None
[2025-01-28T22:15:19.878+0000] {processor.py:208} INFO - Processing /home/airflow/.local/lib/python3.12/site-packages/airflow/example_dags/example_sensors.py took 0.096 seconds
[2025-01-28T22:15:50.614+0000] {processor.py:186} INFO - Started process (PID=896) to work on /home/airflow/.local/lib/python3.12/site-packages/airflow/example_dags/example_sensors.py
[2025-01-28T22:15:50.615+0000] {processor.py:914} INFO - Processing file /home/airflow/.local/lib/python3.12/site-packages/airflow/example_dags/example_sensors.py for tasks to queue
[2025-01-28T22:15:50.622+0000] {logging_mixin.py:190} INFO - [2025-01-28T22:15:50.622+0000] {dagbag.py:588} INFO - Filling up the DagBag from /home/airflow/.local/lib/python3.12/site-packages/airflow/example_dags/example_sensors.py
[2025-01-28T22:15:50.635+0000] {processor.py:925} INFO - DAG(s) 'example_sensors' retrieved from /home/airflow/.local/lib/python3.12/site-packages/airflow/example_dags/example_sensors.py
[2025-01-28T22:15:50.667+0000] {logging_mixin.py:190} INFO - [2025-01-28T22:15:50.667+0000] {dag.py:3239} INFO - Sync 1 DAGs
[2025-01-28T22:15:50.683+0000] {logging_mixin.py:190} INFO - [2025-01-28T22:15:50.683+0000] {dag.py:4180} INFO - Setting next_dagrun for example_sensors to None, run_after=None
[2025-01-28T22:15:50.707+0000] {processor.py:208} INFO - Processing /home/airflow/.local/lib/python3.12/site-packages/airflow/example_dags/example_sensors.py took 0.099 seconds
[2025-01-28T22:16:21.937+0000] {processor.py:186} INFO - Started process (PID=960) to work on /home/airflow/.local/lib/python3.12/site-packages/airflow/example_dags/example_sensors.py
[2025-01-28T22:16:21.938+0000] {processor.py:914} INFO - Processing file /home/airflow/.local/lib/python3.12/site-packages/airflow/example_dags/example_sensors.py for tasks to queue
[2025-01-28T22:16:21.941+0000] {logging_mixin.py:190} INFO - [2025-01-28T22:16:21.941+0000] {dagbag.py:588} INFO - Filling up the DagBag from /home/airflow/.local/lib/python3.12/site-packages/airflow/example_dags/example_sensors.py
[2025-01-28T22:16:21.953+0000] {processor.py:925} INFO - DAG(s) 'example_sensors' retrieved from /home/airflow/.local/lib/python3.12/site-packages/airflow/example_dags/example_sensors.py
[2025-01-28T22:16:21.982+0000] {logging_mixin.py:190} INFO - [2025-01-28T22:16:21.982+0000] {dag.py:3239} INFO - Sync 1 DAGs
[2025-01-28T22:16:21.998+0000] {logging_mixin.py:190} INFO - [2025-01-28T22:16:21.997+0000] {dag.py:4180} INFO - Setting next_dagrun for example_sensors to None, run_after=None
[2025-01-28T22:16:22.030+0000] {processor.py:208} INFO - Processing /home/airflow/.local/lib/python3.12/site-packages/airflow/example_dags/example_sensors.py took 0.100 seconds
[2025-01-28T22:16:53.286+0000] {processor.py:186} INFO - Started process (PID=1023) to work on /home/airflow/.local/lib/python3.12/site-packages/airflow/example_dags/example_sensors.py
[2025-01-28T22:16:53.287+0000] {processor.py:914} INFO - Processing file /home/airflow/.local/lib/python3.12/site-packages/airflow/example_dags/example_sensors.py for tasks to queue
[2025-01-28T22:16:53.290+0000] {logging_mixin.py:190} INFO - [2025-01-28T22:16:53.290+0000] {dagbag.py:588} INFO - Filling up the DagBag from /home/airflow/.local/lib/python3.12/site-packages/airflow/example_dags/example_sensors.py
[2025-01-28T22:16:53.302+0000] {processor.py:925} INFO - DAG(s) 'example_sensors' retrieved from /home/airflow/.local/lib/python3.12/site-packages/airflow/example_dags/example_sensors.py
[2025-01-28T22:16:53.332+0000] {logging_mixin.py:190} INFO - [2025-01-28T22:16:53.331+0000] {dag.py:3239} INFO - Sync 1 DAGs
[2025-01-28T22:16:53.349+0000] {logging_mixin.py:190} INFO - [2025-01-28T22:16:53.349+0000] {dag.py:4180} INFO - Setting next_dagrun for example_sensors to None, run_after=None
[2025-01-28T22:16:53.387+0000] {processor.py:208} INFO - Processing /home/airflow/.local/lib/python3.12/site-packages/airflow/example_dags/example_sensors.py took 0.108 seconds
[2025-01-28T22:17:25.366+0000] {processor.py:186} INFO - Started process (PID=1086) to work on /home/airflow/.local/lib/python3.12/site-packages/airflow/example_dags/example_sensors.py
[2025-01-28T22:17:25.367+0000] {processor.py:914} INFO - Processing file /home/airflow/.local/lib/python3.12/site-packages/airflow/example_dags/example_sensors.py for tasks to queue
[2025-01-28T22:17:25.370+0000] {logging_mixin.py:190} INFO - [2025-01-28T22:17:25.370+0000] {dagbag.py:588} INFO - Filling up the DagBag from /home/airflow/.local/lib/python3.12/site-packages/airflow/example_dags/example_sensors.py
[2025-01-28T22:17:25.382+0000] {processor.py:925} INFO - DAG(s) 'example_sensors' retrieved from /home/airflow/.local/lib/python3.12/site-packages/airflow/example_dags/example_sensors.py
[2025-01-28T22:17:25.413+0000] {logging_mixin.py:190} INFO - [2025-01-28T22:17:25.413+0000] {dag.py:3239} INFO - Sync 1 DAGs
[2025-01-28T22:17:25.430+0000] {logging_mixin.py:190} INFO - [2025-01-28T22:17:25.429+0000] {dag.py:4180} INFO - Setting next_dagrun for example_sensors to None, run_after=None
[2025-01-28T22:17:25.456+0000] {processor.py:208} INFO - Processing /home/airflow/.local/lib/python3.12/site-packages/airflow/example_dags/example_sensors.py took 0.096 seconds
[2025-01-28T22:17:55.874+0000] {processor.py:186} INFO - Started process (PID=1149) to work on /home/airflow/.local/lib/python3.12/site-packages/airflow/example_dags/example_sensors.py
[2025-01-28T22:17:55.876+0000] {processor.py:914} INFO - Processing file /home/airflow/.local/lib/python3.12/site-packages/airflow/example_dags/example_sensors.py for tasks to queue
[2025-01-28T22:17:55.878+0000] {logging_mixin.py:190} INFO - [2025-01-28T22:17:55.878+0000] {dagbag.py:588} INFO - Filling up the DagBag from /home/airflow/.local/lib/python3.12/site-packages/airflow/example_dags/example_sensors.py
[2025-01-28T22:17:55.890+0000] {processor.py:925} INFO - DAG(s) 'example_sensors' retrieved from /home/airflow/.local/lib/python3.12/site-packages/airflow/example_dags/example_sensors.py
[2025-01-28T22:17:55.918+0000] {logging_mixin.py:190} INFO - [2025-01-28T22:17:55.918+0000] {dag.py:3239} INFO - Sync 1 DAGs
[2025-01-28T22:17:55.933+0000] {logging_mixin.py:190} INFO - [2025-01-28T22:17:55.933+0000] {dag.py:4180} INFO - Setting next_dagrun for example_sensors to None, run_after=None
[2025-01-28T22:17:55.955+0000] {processor.py:208} INFO - Processing /home/airflow/.local/lib/python3.12/site-packages/airflow/example_dags/example_sensors.py took 0.088 seconds
[2025-01-28T22:18:27.625+0000] {processor.py:186} INFO - Started process (PID=1212) to work on /home/airflow/.local/lib/python3.12/site-packages/airflow/example_dags/example_sensors.py
[2025-01-28T22:18:27.626+0000] {processor.py:914} INFO - Processing file /home/airflow/.local/lib/python3.12/site-packages/airflow/example_dags/example_sensors.py for tasks to queue
[2025-01-28T22:18:27.630+0000] {logging_mixin.py:190} INFO - [2025-01-28T22:18:27.629+0000] {dagbag.py:588} INFO - Filling up the DagBag from /home/airflow/.local/lib/python3.12/site-packages/airflow/example_dags/example_sensors.py
[2025-01-28T22:18:27.642+0000] {processor.py:925} INFO - DAG(s) 'example_sensors' retrieved from /home/airflow/.local/lib/python3.12/site-packages/airflow/example_dags/example_sensors.py
[2025-01-28T22:18:27.673+0000] {logging_mixin.py:190} INFO - [2025-01-28T22:18:27.673+0000] {dag.py:3239} INFO - Sync 1 DAGs
[2025-01-28T22:18:27.693+0000] {logging_mixin.py:190} INFO - [2025-01-28T22:18:27.692+0000] {dag.py:4180} INFO - Setting next_dagrun for example_sensors to None, run_after=None
[2025-01-28T22:18:27.717+0000] {processor.py:208} INFO - Processing /home/airflow/.local/lib/python3.12/site-packages/airflow/example_dags/example_sensors.py took 0.099 seconds
[2025-01-28T22:18:59.324+0000] {processor.py:186} INFO - Started process (PID=1275) to work on /home/airflow/.local/lib/python3.12/site-packages/airflow/example_dags/example_sensors.py
[2025-01-28T22:18:59.325+0000] {processor.py:914} INFO - Processing file /home/airflow/.local/lib/python3.12/site-packages/airflow/example_dags/example_sensors.py for tasks to queue
[2025-01-28T22:18:59.328+0000] {logging_mixin.py:190} INFO - [2025-01-28T22:18:59.328+0000] {dagbag.py:588} INFO - Filling up the DagBag from /home/airflow/.local/lib/python3.12/site-packages/airflow/example_dags/example_sensors.py
[2025-01-28T22:18:59.341+0000] {processor.py:925} INFO - DAG(s) 'example_sensors' retrieved from /home/airflow/.local/lib/python3.12/site-packages/airflow/example_dags/example_sensors.py
[2025-01-28T22:18:59.374+0000] {logging_mixin.py:190} INFO - [2025-01-28T22:18:59.373+0000] {dag.py:3239} INFO - Sync 1 DAGs
[2025-01-28T22:18:59.390+0000] {logging_mixin.py:190} INFO - [2025-01-28T22:18:59.390+0000] {dag.py:4180} INFO - Setting next_dagrun for example_sensors to None, run_after=None
[2025-01-28T22:18:59.416+0000] {processor.py:208} INFO - Processing /home/airflow/.local/lib/python3.12/site-packages/airflow/example_dags/example_sensors.py took 0.099 seconds
[2025-01-28T22:19:30.840+0000] {processor.py:186} INFO - Started process (PID=1338) to work on /home/airflow/.local/lib/python3.12/site-packages/airflow/example_dags/example_sensors.py
[2025-01-28T22:19:30.842+0000] {processor.py:914} INFO - Processing file /home/airflow/.local/lib/python3.12/site-packages/airflow/example_dags/example_sensors.py for tasks to queue
[2025-01-28T22:19:30.845+0000] {logging_mixin.py:190} INFO - [2025-01-28T22:19:30.845+0000] {dagbag.py:588} INFO - Filling up the DagBag from /home/airflow/.local/lib/python3.12/site-packages/airflow/example_dags/example_sensors.py
[2025-01-28T22:19:30.857+0000] {processor.py:925} INFO - DAG(s) 'example_sensors' retrieved from /home/airflow/.local/lib/python3.12/site-packages/airflow/example_dags/example_sensors.py
[2025-01-28T22:19:30.888+0000] {logging_mixin.py:190} INFO - [2025-01-28T22:19:30.888+0000] {dag.py:3239} INFO - Sync 1 DAGs
[2025-01-28T22:19:30.905+0000] {logging_mixin.py:190} INFO - [2025-01-28T22:19:30.904+0000] {dag.py:4180} INFO - Setting next_dagrun for example_sensors to None, run_after=None
[2025-01-28T22:19:30.931+0000] {processor.py:208} INFO - Processing /home/airflow/.local/lib/python3.12/site-packages/airflow/example_dags/example_sensors.py took 0.097 seconds
[2025-01-28T22:20:01.746+0000] {processor.py:186} INFO - Started process (PID=1402) to work on /home/airflow/.local/lib/python3.12/site-packages/airflow/example_dags/example_sensors.py
[2025-01-28T22:20:01.747+0000] {processor.py:914} INFO - Processing file /home/airflow/.local/lib/python3.12/site-packages/airflow/example_dags/example_sensors.py for tasks to queue
[2025-01-28T22:20:01.751+0000] {logging_mixin.py:190} INFO - [2025-01-28T22:20:01.750+0000] {dagbag.py:588} INFO - Filling up the DagBag from /home/airflow/.local/lib/python3.12/site-packages/airflow/example_dags/example_sensors.py
[2025-01-28T22:20:01.763+0000] {processor.py:925} INFO - DAG(s) 'example_sensors' retrieved from /home/airflow/.local/lib/python3.12/site-packages/airflow/example_dags/example_sensors.py
[2025-01-28T22:20:01.792+0000] {logging_mixin.py:190} INFO - [2025-01-28T22:20:01.792+0000] {dag.py:3239} INFO - Sync 1 DAGs
[2025-01-28T22:20:01.807+0000] {logging_mixin.py:190} INFO - [2025-01-28T22:20:01.807+0000] {dag.py:4180} INFO - Setting next_dagrun for example_sensors to None, run_after=None
[2025-01-28T22:20:01.829+0000] {processor.py:208} INFO - Processing /home/airflow/.local/lib/python3.12/site-packages/airflow/example_dags/example_sensors.py took 0.089 seconds
[2025-01-28T22:20:32.690+0000] {processor.py:186} INFO - Started process (PID=1465) to work on /home/airflow/.local/lib/python3.12/site-packages/airflow/example_dags/example_sensors.py
[2025-01-28T22:20:32.691+0000] {processor.py:914} INFO - Processing file /home/airflow/.local/lib/python3.12/site-packages/airflow/example_dags/example_sensors.py for tasks to queue
[2025-01-28T22:20:32.695+0000] {logging_mixin.py:190} INFO - [2025-01-28T22:20:32.694+0000] {dagbag.py:588} INFO - Filling up the DagBag from /home/airflow/.local/lib/python3.12/site-packages/airflow/example_dags/example_sensors.py
[2025-01-28T22:20:32.707+0000] {processor.py:925} INFO - DAG(s) 'example_sensors' retrieved from /home/airflow/.local/lib/python3.12/site-packages/airflow/example_dags/example_sensors.py
[2025-01-28T22:20:32.735+0000] {logging_mixin.py:190} INFO - [2025-01-28T22:20:32.735+0000] {dag.py:3239} INFO - Sync 1 DAGs
[2025-01-28T22:20:32.756+0000] {logging_mixin.py:190} INFO - [2025-01-28T22:20:32.756+0000] {dag.py:4180} INFO - Setting next_dagrun for example_sensors to None, run_after=None
[2025-01-28T22:20:32.790+0000] {processor.py:208} INFO - Processing /home/airflow/.local/lib/python3.12/site-packages/airflow/example_dags/example_sensors.py took 0.107 seconds
[2025-01-28T22:21:05.392+0000] {processor.py:186} INFO - Started process (PID=1537) to work on /home/airflow/.local/lib/python3.12/site-packages/airflow/example_dags/example_sensors.py
[2025-01-28T22:21:05.394+0000] {processor.py:914} INFO - Processing file /home/airflow/.local/lib/python3.12/site-packages/airflow/example_dags/example_sensors.py for tasks to queue
[2025-01-28T22:21:05.397+0000] {logging_mixin.py:190} INFO - [2025-01-28T22:21:05.396+0000] {dagbag.py:588} INFO - Filling up the DagBag from /home/airflow/.local/lib/python3.12/site-packages/airflow/example_dags/example_sensors.py
[2025-01-28T22:21:05.409+0000] {processor.py:925} INFO - DAG(s) 'example_sensors' retrieved from /home/airflow/.local/lib/python3.12/site-packages/airflow/example_dags/example_sensors.py
[2025-01-28T22:21:05.441+0000] {logging_mixin.py:190} INFO - [2025-01-28T22:21:05.440+0000] {dag.py:3239} INFO - Sync 1 DAGs
[2025-01-28T22:21:05.458+0000] {logging_mixin.py:190} INFO - [2025-01-28T22:21:05.458+0000] {dag.py:4180} INFO - Setting next_dagrun for example_sensors to None, run_after=None
[2025-01-28T22:21:05.481+0000] {processor.py:208} INFO - Processing /home/airflow/.local/lib/python3.12/site-packages/airflow/example_dags/example_sensors.py took 0.096 seconds
[2025-01-28T22:21:36.327+0000] {processor.py:186} INFO - Started process (PID=1601) to work on /home/airflow/.local/lib/python3.12/site-packages/airflow/example_dags/example_sensors.py
[2025-01-28T22:21:36.329+0000] {processor.py:914} INFO - Processing file /home/airflow/.local/lib/python3.12/site-packages/airflow/example_dags/example_sensors.py for tasks to queue
[2025-01-28T22:21:36.331+0000] {logging_mixin.py:190} INFO - [2025-01-28T22:21:36.331+0000] {dagbag.py:588} INFO - Filling up the DagBag from /home/airflow/.local/lib/python3.12/site-packages/airflow/example_dags/example_sensors.py
[2025-01-28T22:21:36.343+0000] {processor.py:925} INFO - DAG(s) 'example_sensors' retrieved from /home/airflow/.local/lib/python3.12/site-packages/airflow/example_dags/example_sensors.py
[2025-01-28T22:21:36.371+0000] {logging_mixin.py:190} INFO - [2025-01-28T22:21:36.371+0000] {dag.py:3239} INFO - Sync 1 DAGs
[2025-01-28T22:21:36.386+0000] {logging_mixin.py:190} INFO - [2025-01-28T22:21:36.386+0000] {dag.py:4180} INFO - Setting next_dagrun for example_sensors to None, run_after=None
[2025-01-28T22:21:36.421+0000] {processor.py:208} INFO - Processing /home/airflow/.local/lib/python3.12/site-packages/airflow/example_dags/example_sensors.py took 0.100 seconds
[2025-01-28T22:22:07.781+0000] {processor.py:186} INFO - Started process (PID=1664) to work on /home/airflow/.local/lib/python3.12/site-packages/airflow/example_dags/example_sensors.py
[2025-01-28T22:22:07.782+0000] {processor.py:914} INFO - Processing file /home/airflow/.local/lib/python3.12/site-packages/airflow/example_dags/example_sensors.py for tasks to queue
[2025-01-28T22:22:07.785+0000] {logging_mixin.py:190} INFO - [2025-01-28T22:22:07.785+0000] {dagbag.py:588} INFO - Filling up the DagBag from /home/airflow/.local/lib/python3.12/site-packages/airflow/example_dags/example_sensors.py
[2025-01-28T22:22:07.798+0000] {processor.py:925} INFO - DAG(s) 'example_sensors' retrieved from /home/airflow/.local/lib/python3.12/site-packages/airflow/example_dags/example_sensors.py
[2025-01-28T22:22:07.826+0000] {logging_mixin.py:190} INFO - [2025-01-28T22:22:07.826+0000] {dag.py:3239} INFO - Sync 1 DAGs
[2025-01-28T22:22:07.842+0000] {logging_mixin.py:190} INFO - [2025-01-28T22:22:07.842+0000] {dag.py:4180} INFO - Setting next_dagrun for example_sensors to None, run_after=None
[2025-01-28T22:22:07.876+0000] {processor.py:208} INFO - Processing /home/airflow/.local/lib/python3.12/site-packages/airflow/example_dags/example_sensors.py took 0.102 seconds
[2025-01-28T22:22:39.339+0000] {processor.py:186} INFO - Started process (PID=1727) to work on /home/airflow/.local/lib/python3.12/site-packages/airflow/example_dags/example_sensors.py
[2025-01-28T22:22:39.340+0000] {processor.py:914} INFO - Processing file /home/airflow/.local/lib/python3.12/site-packages/airflow/example_dags/example_sensors.py for tasks to queue
[2025-01-28T22:22:39.343+0000] {logging_mixin.py:190} INFO - [2025-01-28T22:22:39.342+0000] {dagbag.py:588} INFO - Filling up the DagBag from /home/airflow/.local/lib/python3.12/site-packages/airflow/example_dags/example_sensors.py
[2025-01-28T22:22:39.355+0000] {processor.py:925} INFO - DAG(s) 'example_sensors' retrieved from /home/airflow/.local/lib/python3.12/site-packages/airflow/example_dags/example_sensors.py
[2025-01-28T22:22:39.385+0000] {logging_mixin.py:190} INFO - [2025-01-28T22:22:39.385+0000] {dag.py:3239} INFO - Sync 1 DAGs
[2025-01-28T22:22:39.409+0000] {logging_mixin.py:190} INFO - [2025-01-28T22:22:39.409+0000] {dag.py:4180} INFO - Setting next_dagrun for example_sensors to None, run_after=None
[2025-01-28T22:22:39.431+0000] {processor.py:208} INFO - Processing /home/airflow/.local/lib/python3.12/site-packages/airflow/example_dags/example_sensors.py took 0.099 seconds
[2025-01-28T22:23:11.311+0000] {processor.py:186} INFO - Started process (PID=1790) to work on /home/airflow/.local/lib/python3.12/site-packages/airflow/example_dags/example_sensors.py
[2025-01-28T22:23:11.313+0000] {processor.py:914} INFO - Processing file /home/airflow/.local/lib/python3.12/site-packages/airflow/example_dags/example_sensors.py for tasks to queue
[2025-01-28T22:23:11.315+0000] {logging_mixin.py:190} INFO - [2025-01-28T22:23:11.315+0000] {dagbag.py:588} INFO - Filling up the DagBag from /home/airflow/.local/lib/python3.12/site-packages/airflow/example_dags/example_sensors.py
[2025-01-28T22:23:11.328+0000] {processor.py:925} INFO - DAG(s) 'example_sensors' retrieved from /home/airflow/.local/lib/python3.12/site-packages/airflow/example_dags/example_sensors.py
[2025-01-28T22:23:11.359+0000] {logging_mixin.py:190} INFO - [2025-01-28T22:23:11.358+0000] {dag.py:3239} INFO - Sync 1 DAGs
[2025-01-28T22:23:11.375+0000] {logging_mixin.py:190} INFO - [2025-01-28T22:23:11.375+0000] {dag.py:4180} INFO - Setting next_dagrun for example_sensors to None, run_after=None
[2025-01-28T22:23:11.400+0000] {processor.py:208} INFO - Processing /home/airflow/.local/lib/python3.12/site-packages/airflow/example_dags/example_sensors.py took 0.095 seconds
[2025-01-28T22:23:42.874+0000] {processor.py:186} INFO - Started process (PID=1853) to work on /home/airflow/.local/lib/python3.12/site-packages/airflow/example_dags/example_sensors.py
[2025-01-28T22:23:42.876+0000] {processor.py:914} INFO - Processing file /home/airflow/.local/lib/python3.12/site-packages/airflow/example_dags/example_sensors.py for tasks to queue
[2025-01-28T22:23:42.879+0000] {logging_mixin.py:190} INFO - [2025-01-28T22:23:42.878+0000] {dagbag.py:588} INFO - Filling up the DagBag from /home/airflow/.local/lib/python3.12/site-packages/airflow/example_dags/example_sensors.py
[2025-01-28T22:23:42.891+0000] {processor.py:925} INFO - DAG(s) 'example_sensors' retrieved from /home/airflow/.local/lib/python3.12/site-packages/airflow/example_dags/example_sensors.py
[2025-01-28T22:23:42.920+0000] {logging_mixin.py:190} INFO - [2025-01-28T22:23:42.920+0000] {dag.py:3239} INFO - Sync 1 DAGs
[2025-01-28T22:23:42.936+0000] {logging_mixin.py:190} INFO - [2025-01-28T22:23:42.936+0000] {dag.py:4180} INFO - Setting next_dagrun for example_sensors to None, run_after=None
[2025-01-28T22:23:42.962+0000] {processor.py:208} INFO - Processing /home/airflow/.local/lib/python3.12/site-packages/airflow/example_dags/example_sensors.py took 0.094 seconds
[2025-01-28T22:24:14.019+0000] {processor.py:186} INFO - Started process (PID=1916) to work on /home/airflow/.local/lib/python3.12/site-packages/airflow/example_dags/example_sensors.py
[2025-01-28T22:24:14.020+0000] {processor.py:914} INFO - Processing file /home/airflow/.local/lib/python3.12/site-packages/airflow/example_dags/example_sensors.py for tasks to queue
[2025-01-28T22:24:14.023+0000] {logging_mixin.py:190} INFO - [2025-01-28T22:24:14.023+0000] {dagbag.py:588} INFO - Filling up the DagBag from /home/airflow/.local/lib/python3.12/site-packages/airflow/example_dags/example_sensors.py
[2025-01-28T22:24:14.036+0000] {processor.py:925} INFO - DAG(s) 'example_sensors' retrieved from /home/airflow/.local/lib/python3.12/site-packages/airflow/example_dags/example_sensors.py
[2025-01-28T22:24:14.067+0000] {logging_mixin.py:190} INFO - [2025-01-28T22:24:14.067+0000] {dag.py:3239} INFO - Sync 1 DAGs
[2025-01-28T22:24:14.083+0000] {logging_mixin.py:190} INFO - [2025-01-28T22:24:14.083+0000] {dag.py:4180} INFO - Setting next_dagrun for example_sensors to None, run_after=None
[2025-01-28T22:24:14.111+0000] {processor.py:208} INFO - Processing /home/airflow/.local/lib/python3.12/site-packages/airflow/example_dags/example_sensors.py took 0.099 seconds
[2025-01-28T22:24:45.537+0000] {processor.py:186} INFO - Started process (PID=1979) to work on /home/airflow/.local/lib/python3.12/site-packages/airflow/example_dags/example_sensors.py
[2025-01-28T22:24:45.539+0000] {processor.py:914} INFO - Processing file /home/airflow/.local/lib/python3.12/site-packages/airflow/example_dags/example_sensors.py for tasks to queue
[2025-01-28T22:24:45.543+0000] {logging_mixin.py:190} INFO - [2025-01-28T22:24:45.542+0000] {dagbag.py:588} INFO - Filling up the DagBag from /home/airflow/.local/lib/python3.12/site-packages/airflow/example_dags/example_sensors.py
[2025-01-28T22:24:45.556+0000] {processor.py:925} INFO - DAG(s) 'example_sensors' retrieved from /home/airflow/.local/lib/python3.12/site-packages/airflow/example_dags/example_sensors.py
[2025-01-28T22:24:45.588+0000] {logging_mixin.py:190} INFO - [2025-01-28T22:24:45.588+0000] {dag.py:3239} INFO - Sync 1 DAGs
[2025-01-28T22:24:45.605+0000] {logging_mixin.py:190} INFO - [2025-01-28T22:24:45.604+0000] {dag.py:4180} INFO - Setting next_dagrun for example_sensors to None, run_after=None
[2025-01-28T22:24:45.632+0000] {processor.py:208} INFO - Processing /home/airflow/.local/lib/python3.12/site-packages/airflow/example_dags/example_sensors.py took 0.101 seconds
[2025-01-28T22:25:16.075+0000] {processor.py:186} INFO - Started process (PID=2042) to work on /home/airflow/.local/lib/python3.12/site-packages/airflow/example_dags/example_sensors.py
[2025-01-28T22:25:16.077+0000] {processor.py:914} INFO - Processing file /home/airflow/.local/lib/python3.12/site-packages/airflow/example_dags/example_sensors.py for tasks to queue
[2025-01-28T22:25:16.080+0000] {logging_mixin.py:190} INFO - [2025-01-28T22:25:16.080+0000] {dagbag.py:588} INFO - Filling up the DagBag from /home/airflow/.local/lib/python3.12/site-packages/airflow/example_dags/example_sensors.py
[2025-01-28T22:25:16.093+0000] {processor.py:925} INFO - DAG(s) 'example_sensors' retrieved from /home/airflow/.local/lib/python3.12/site-packages/airflow/example_dags/example_sensors.py
[2025-01-28T22:25:16.125+0000] {logging_mixin.py:190} INFO - [2025-01-28T22:25:16.125+0000] {dag.py:3239} INFO - Sync 1 DAGs
[2025-01-28T22:25:16.143+0000] {logging_mixin.py:190} INFO - [2025-01-28T22:25:16.142+0000] {dag.py:4180} INFO - Setting next_dagrun for example_sensors to None, run_after=None
[2025-01-28T22:25:16.167+0000] {processor.py:208} INFO - Processing /home/airflow/.local/lib/python3.12/site-packages/airflow/example_dags/example_sensors.py took 0.099 seconds
[2025-01-28T22:28:51.558+0000] {processor.py:186} INFO - Started process (PID=146) to work on /home/airflow/.local/lib/python3.12/site-packages/airflow/example_dags/example_sensors.py
[2025-01-28T22:28:51.559+0000] {processor.py:914} INFO - Processing file /home/airflow/.local/lib/python3.12/site-packages/airflow/example_dags/example_sensors.py for tasks to queue
[2025-01-28T22:28:51.562+0000] {logging_mixin.py:190} INFO - [2025-01-28T22:28:51.561+0000] {dagbag.py:588} INFO - Filling up the DagBag from /home/airflow/.local/lib/python3.12/site-packages/airflow/example_dags/example_sensors.py
[2025-01-28T22:28:51.574+0000] {processor.py:925} INFO - DAG(s) 'example_sensors' retrieved from /home/airflow/.local/lib/python3.12/site-packages/airflow/example_dags/example_sensors.py
[2025-01-28T22:28:51.604+0000] {logging_mixin.py:190} INFO - [2025-01-28T22:28:51.604+0000] {dag.py:3239} INFO - Sync 1 DAGs
[2025-01-28T22:28:51.621+0000] {logging_mixin.py:190} INFO - [2025-01-28T22:28:51.620+0000] {dag.py:4180} INFO - Setting next_dagrun for example_sensors to None, run_after=None
[2025-01-28T22:28:51.642+0000] {processor.py:208} INFO - Processing /home/airflow/.local/lib/python3.12/site-packages/airflow/example_dags/example_sensors.py took 0.091 seconds
[2025-01-28T22:29:23.004+0000] {processor.py:186} INFO - Started process (PID=209) to work on /home/airflow/.local/lib/python3.12/site-packages/airflow/example_dags/example_sensors.py
[2025-01-28T22:29:23.006+0000] {processor.py:914} INFO - Processing file /home/airflow/.local/lib/python3.12/site-packages/airflow/example_dags/example_sensors.py for tasks to queue
[2025-01-28T22:29:23.009+0000] {logging_mixin.py:190} INFO - [2025-01-28T22:29:23.008+0000] {dagbag.py:588} INFO - Filling up the DagBag from /home/airflow/.local/lib/python3.12/site-packages/airflow/example_dags/example_sensors.py
[2025-01-28T22:29:23.021+0000] {processor.py:925} INFO - DAG(s) 'example_sensors' retrieved from /home/airflow/.local/lib/python3.12/site-packages/airflow/example_dags/example_sensors.py
[2025-01-28T22:29:23.051+0000] {logging_mixin.py:190} INFO - [2025-01-28T22:29:23.051+0000] {dag.py:3239} INFO - Sync 1 DAGs
[2025-01-28T22:29:23.068+0000] {logging_mixin.py:190} INFO - [2025-01-28T22:29:23.067+0000] {dag.py:4180} INFO - Setting next_dagrun for example_sensors to None, run_after=None
[2025-01-28T22:29:23.096+0000] {processor.py:208} INFO - Processing /home/airflow/.local/lib/python3.12/site-packages/airflow/example_dags/example_sensors.py took 0.098 seconds
[2025-01-28T22:29:53.644+0000] {processor.py:186} INFO - Started process (PID=271) to work on /home/airflow/.local/lib/python3.12/site-packages/airflow/example_dags/example_sensors.py
[2025-01-28T22:29:53.646+0000] {processor.py:914} INFO - Processing file /home/airflow/.local/lib/python3.12/site-packages/airflow/example_dags/example_sensors.py for tasks to queue
[2025-01-28T22:29:53.650+0000] {logging_mixin.py:190} INFO - [2025-01-28T22:29:53.650+0000] {dagbag.py:588} INFO - Filling up the DagBag from /home/airflow/.local/lib/python3.12/site-packages/airflow/example_dags/example_sensors.py
[2025-01-28T22:29:53.666+0000] {processor.py:925} INFO - DAG(s) 'example_sensors' retrieved from /home/airflow/.local/lib/python3.12/site-packages/airflow/example_dags/example_sensors.py
[2025-01-28T22:29:53.694+0000] {logging_mixin.py:190} INFO - [2025-01-28T22:29:53.694+0000] {dag.py:3239} INFO - Sync 1 DAGs
[2025-01-28T22:29:53.710+0000] {logging_mixin.py:190} INFO - [2025-01-28T22:29:53.710+0000] {dag.py:4180} INFO - Setting next_dagrun for example_sensors to None, run_after=None
[2025-01-28T22:29:53.739+0000] {processor.py:208} INFO - Processing /home/airflow/.local/lib/python3.12/site-packages/airflow/example_dags/example_sensors.py took 0.102 seconds
[2025-01-28T22:30:25.002+0000] {processor.py:186} INFO - Started process (PID=334) to work on /home/airflow/.local/lib/python3.12/site-packages/airflow/example_dags/example_sensors.py
[2025-01-28T22:30:25.003+0000] {processor.py:914} INFO - Processing file /home/airflow/.local/lib/python3.12/site-packages/airflow/example_dags/example_sensors.py for tasks to queue
[2025-01-28T22:30:25.006+0000] {logging_mixin.py:190} INFO - [2025-01-28T22:30:25.006+0000] {dagbag.py:588} INFO - Filling up the DagBag from /home/airflow/.local/lib/python3.12/site-packages/airflow/example_dags/example_sensors.py
[2025-01-28T22:30:25.019+0000] {processor.py:925} INFO - DAG(s) 'example_sensors' retrieved from /home/airflow/.local/lib/python3.12/site-packages/airflow/example_dags/example_sensors.py
[2025-01-28T22:30:25.049+0000] {logging_mixin.py:190} INFO - [2025-01-28T22:30:25.048+0000] {dag.py:3239} INFO - Sync 1 DAGs
[2025-01-28T22:30:25.067+0000] {logging_mixin.py:190} INFO - [2025-01-28T22:30:25.067+0000] {dag.py:4180} INFO - Setting next_dagrun for example_sensors to None, run_after=None
[2025-01-28T22:30:25.101+0000] {processor.py:208} INFO - Processing /home/airflow/.local/lib/python3.12/site-packages/airflow/example_dags/example_sensors.py took 0.106 seconds
[2025-01-28T22:30:56.749+0000] {processor.py:186} INFO - Started process (PID=397) to work on /home/airflow/.local/lib/python3.12/site-packages/airflow/example_dags/example_sensors.py
[2025-01-28T22:30:56.750+0000] {processor.py:914} INFO - Processing file /home/airflow/.local/lib/python3.12/site-packages/airflow/example_dags/example_sensors.py for tasks to queue
[2025-01-28T22:30:56.753+0000] {logging_mixin.py:190} INFO - [2025-01-28T22:30:56.753+0000] {dagbag.py:588} INFO - Filling up the DagBag from /home/airflow/.local/lib/python3.12/site-packages/airflow/example_dags/example_sensors.py
[2025-01-28T22:30:56.765+0000] {processor.py:925} INFO - DAG(s) 'example_sensors' retrieved from /home/airflow/.local/lib/python3.12/site-packages/airflow/example_dags/example_sensors.py
[2025-01-28T22:30:56.794+0000] {logging_mixin.py:190} INFO - [2025-01-28T22:30:56.794+0000] {dag.py:3239} INFO - Sync 1 DAGs
[2025-01-28T22:30:56.810+0000] {logging_mixin.py:190} INFO - [2025-01-28T22:30:56.810+0000] {dag.py:4180} INFO - Setting next_dagrun for example_sensors to None, run_after=None
[2025-01-28T22:30:56.839+0000] {processor.py:208} INFO - Processing /home/airflow/.local/lib/python3.12/site-packages/airflow/example_dags/example_sensors.py took 0.096 seconds
