[2025-01-28T22:09:31.164+0000] {processor.py:186} INFO - Started process (PID=131) to work on /home/airflow/.local/lib/python3.12/site-packages/airflow/example_dags/example_external_task_marker_dag.py
[2025-01-28T22:09:31.166+0000] {processor.py:914} INFO - Processing file /home/airflow/.local/lib/python3.12/site-packages/airflow/example_dags/example_external_task_marker_dag.py for tasks to queue
[2025-01-28T22:09:31.168+0000] {logging_mixin.py:190} INFO - [2025-01-28T22:09:31.168+0000] {dagbag.py:588} INFO - Filling up the DagBag from /home/airflow/.local/lib/python3.12/site-packages/airflow/example_dags/example_external_task_marker_dag.py
[2025-01-28T22:09:31.179+0000] {processor.py:925} INFO - DAG(s) 'example_external_task_marker_child', 'example_external_task_marker_parent' retrieved from /home/airflow/.local/lib/python3.12/site-packages/airflow/example_dags/example_external_task_marker_dag.py
[2025-01-28T22:09:31.294+0000] {logging_mixin.py:190} INFO - [2025-01-28T22:09:31.293+0000] {override.py:1911} INFO - Created Permission View: can delete on DAG:example_external_task_marker_child
[2025-01-28T22:09:31.307+0000] {logging_mixin.py:190} INFO - [2025-01-28T22:09:31.306+0000] {override.py:1911} INFO - Created Permission View: can edit on DAG:example_external_task_marker_child
[2025-01-28T22:09:31.317+0000] {logging_mixin.py:190} INFO - [2025-01-28T22:09:31.316+0000] {override.py:1911} INFO - Created Permission View: can read on DAG:example_external_task_marker_child
[2025-01-28T22:09:31.329+0000] {logging_mixin.py:190} INFO - [2025-01-28T22:09:31.329+0000] {override.py:1911} INFO - Created Permission View: can create on DAG Run:example_external_task_marker_child
[2025-01-28T22:09:31.340+0000] {logging_mixin.py:190} INFO - [2025-01-28T22:09:31.339+0000] {override.py:1911} INFO - Created Permission View: can delete on DAG Run:example_external_task_marker_child
[2025-01-28T22:09:31.349+0000] {logging_mixin.py:190} INFO - [2025-01-28T22:09:31.348+0000] {override.py:1911} INFO - Created Permission View: menu access on DAG Run:example_external_task_marker_child
[2025-01-28T22:09:31.358+0000] {logging_mixin.py:190} INFO - [2025-01-28T22:09:31.357+0000] {override.py:1911} INFO - Created Permission View: can read on DAG Run:example_external_task_marker_child
[2025-01-28T22:09:31.376+0000] {logging_mixin.py:190} INFO - [2025-01-28T22:09:31.376+0000] {override.py:1911} INFO - Created Permission View: can delete on DAG:example_external_task_marker_parent
[2025-01-28T22:09:31.386+0000] {logging_mixin.py:190} INFO - [2025-01-28T22:09:31.386+0000] {override.py:1911} INFO - Created Permission View: can edit on DAG:example_external_task_marker_parent
[2025-01-28T22:09:31.397+0000] {logging_mixin.py:190} INFO - [2025-01-28T22:09:31.396+0000] {override.py:1911} INFO - Created Permission View: can read on DAG:example_external_task_marker_parent
[2025-01-28T22:09:31.410+0000] {logging_mixin.py:190} INFO - [2025-01-28T22:09:31.410+0000] {override.py:1911} INFO - Created Permission View: can create on DAG Run:example_external_task_marker_parent
[2025-01-28T22:09:31.422+0000] {logging_mixin.py:190} INFO - [2025-01-28T22:09:31.422+0000] {override.py:1911} INFO - Created Permission View: can delete on DAG Run:example_external_task_marker_parent
[2025-01-28T22:09:31.434+0000] {logging_mixin.py:190} INFO - [2025-01-28T22:09:31.434+0000] {override.py:1911} INFO - Created Permission View: menu access on DAG Run:example_external_task_marker_parent
[2025-01-28T22:09:31.452+0000] {logging_mixin.py:190} INFO - [2025-01-28T22:09:31.452+0000] {override.py:1911} INFO - Created Permission View: can read on DAG Run:example_external_task_marker_parent
[2025-01-28T22:09:31.453+0000] {logging_mixin.py:190} INFO - [2025-01-28T22:09:31.453+0000] {dag.py:3239} INFO - Sync 2 DAGs
[2025-01-28T22:09:31.467+0000] {logging_mixin.py:190} INFO - [2025-01-28T22:09:31.467+0000] {dag.py:3262} INFO - Creating ORM DAG for example_external_task_marker_child
[2025-01-28T22:09:31.468+0000] {logging_mixin.py:190} INFO - [2025-01-28T22:09:31.468+0000] {dag.py:3262} INFO - Creating ORM DAG for example_external_task_marker_parent
[2025-01-28T22:09:31.470+0000] {logging_mixin.py:190} INFO - [2025-01-28T22:09:31.470+0000] {dag.py:4180} INFO - Setting next_dagrun for example_external_task_marker_child to None, run_after=None
[2025-01-28T22:09:31.471+0000] {logging_mixin.py:190} INFO - [2025-01-28T22:09:31.471+0000] {dag.py:4180} INFO - Setting next_dagrun for example_external_task_marker_parent to None, run_after=None
[2025-01-28T22:09:31.495+0000] {processor.py:208} INFO - Processing /home/airflow/.local/lib/python3.12/site-packages/airflow/example_dags/example_external_task_marker_dag.py took 0.337 seconds
[2025-01-28T22:10:01.790+0000] {processor.py:186} INFO - Started process (PID=194) to work on /home/airflow/.local/lib/python3.12/site-packages/airflow/example_dags/example_external_task_marker_dag.py
[2025-01-28T22:10:01.792+0000] {processor.py:914} INFO - Processing file /home/airflow/.local/lib/python3.12/site-packages/airflow/example_dags/example_external_task_marker_dag.py for tasks to queue
[2025-01-28T22:10:01.795+0000] {logging_mixin.py:190} INFO - [2025-01-28T22:10:01.794+0000] {dagbag.py:588} INFO - Filling up the DagBag from /home/airflow/.local/lib/python3.12/site-packages/airflow/example_dags/example_external_task_marker_dag.py
[2025-01-28T22:10:01.804+0000] {processor.py:925} INFO - DAG(s) 'example_external_task_marker_child', 'example_external_task_marker_parent' retrieved from /home/airflow/.local/lib/python3.12/site-packages/airflow/example_dags/example_external_task_marker_dag.py
[2025-01-28T22:10:01.830+0000] {logging_mixin.py:190} INFO - [2025-01-28T22:10:01.830+0000] {dag.py:3239} INFO - Sync 2 DAGs
[2025-01-28T22:10:01.846+0000] {logging_mixin.py:190} INFO - [2025-01-28T22:10:01.846+0000] {dag.py:4180} INFO - Setting next_dagrun for example_external_task_marker_child to None, run_after=None
[2025-01-28T22:10:01.851+0000] {logging_mixin.py:190} INFO - [2025-01-28T22:10:01.851+0000] {dag.py:4180} INFO - Setting next_dagrun for example_external_task_marker_parent to None, run_after=None
[2025-01-28T22:10:01.872+0000] {processor.py:208} INFO - Processing /home/airflow/.local/lib/python3.12/site-packages/airflow/example_dags/example_external_task_marker_dag.py took 0.089 seconds
[2025-01-28T22:10:32.364+0000] {processor.py:186} INFO - Started process (PID=257) to work on /home/airflow/.local/lib/python3.12/site-packages/airflow/example_dags/example_external_task_marker_dag.py
[2025-01-28T22:10:32.366+0000] {processor.py:914} INFO - Processing file /home/airflow/.local/lib/python3.12/site-packages/airflow/example_dags/example_external_task_marker_dag.py for tasks to queue
[2025-01-28T22:10:32.369+0000] {logging_mixin.py:190} INFO - [2025-01-28T22:10:32.369+0000] {dagbag.py:588} INFO - Filling up the DagBag from /home/airflow/.local/lib/python3.12/site-packages/airflow/example_dags/example_external_task_marker_dag.py
[2025-01-28T22:10:32.379+0000] {processor.py:925} INFO - DAG(s) 'example_external_task_marker_child', 'example_external_task_marker_parent' retrieved from /home/airflow/.local/lib/python3.12/site-packages/airflow/example_dags/example_external_task_marker_dag.py
[2025-01-28T22:10:32.405+0000] {logging_mixin.py:190} INFO - [2025-01-28T22:10:32.405+0000] {dag.py:3239} INFO - Sync 2 DAGs
[2025-01-28T22:10:32.423+0000] {logging_mixin.py:190} INFO - [2025-01-28T22:10:32.422+0000] {dag.py:4180} INFO - Setting next_dagrun for example_external_task_marker_child to None, run_after=None
[2025-01-28T22:10:32.428+0000] {logging_mixin.py:190} INFO - [2025-01-28T22:10:32.428+0000] {dag.py:4180} INFO - Setting next_dagrun for example_external_task_marker_parent to None, run_after=None
[2025-01-28T22:10:32.451+0000] {processor.py:208} INFO - Processing /home/airflow/.local/lib/python3.12/site-packages/airflow/example_dags/example_external_task_marker_dag.py took 0.093 seconds
[2025-01-28T22:11:03.215+0000] {processor.py:186} INFO - Started process (PID=319) to work on /home/airflow/.local/lib/python3.12/site-packages/airflow/example_dags/example_external_task_marker_dag.py
[2025-01-28T22:11:03.216+0000] {processor.py:914} INFO - Processing file /home/airflow/.local/lib/python3.12/site-packages/airflow/example_dags/example_external_task_marker_dag.py for tasks to queue
[2025-01-28T22:11:03.219+0000] {logging_mixin.py:190} INFO - [2025-01-28T22:11:03.219+0000] {dagbag.py:588} INFO - Filling up the DagBag from /home/airflow/.local/lib/python3.12/site-packages/airflow/example_dags/example_external_task_marker_dag.py
[2025-01-28T22:11:03.228+0000] {processor.py:925} INFO - DAG(s) 'example_external_task_marker_parent', 'example_external_task_marker_child' retrieved from /home/airflow/.local/lib/python3.12/site-packages/airflow/example_dags/example_external_task_marker_dag.py
[2025-01-28T22:11:03.254+0000] {logging_mixin.py:190} INFO - [2025-01-28T22:11:03.254+0000] {dag.py:3239} INFO - Sync 2 DAGs
[2025-01-28T22:11:03.270+0000] {logging_mixin.py:190} INFO - [2025-01-28T22:11:03.270+0000] {dag.py:4180} INFO - Setting next_dagrun for example_external_task_marker_child to None, run_after=None
[2025-01-28T22:11:03.274+0000] {logging_mixin.py:190} INFO - [2025-01-28T22:11:03.274+0000] {dag.py:4180} INFO - Setting next_dagrun for example_external_task_marker_parent to None, run_after=None
[2025-01-28T22:11:03.296+0000] {processor.py:208} INFO - Processing /home/airflow/.local/lib/python3.12/site-packages/airflow/example_dags/example_external_task_marker_dag.py took 0.088 seconds
[2025-01-28T22:11:33.938+0000] {processor.py:186} INFO - Started process (PID=382) to work on /home/airflow/.local/lib/python3.12/site-packages/airflow/example_dags/example_external_task_marker_dag.py
[2025-01-28T22:11:33.939+0000] {processor.py:914} INFO - Processing file /home/airflow/.local/lib/python3.12/site-packages/airflow/example_dags/example_external_task_marker_dag.py for tasks to queue
[2025-01-28T22:11:33.942+0000] {logging_mixin.py:190} INFO - [2025-01-28T22:11:33.942+0000] {dagbag.py:588} INFO - Filling up the DagBag from /home/airflow/.local/lib/python3.12/site-packages/airflow/example_dags/example_external_task_marker_dag.py
[2025-01-28T22:11:33.951+0000] {processor.py:925} INFO - DAG(s) 'example_external_task_marker_child', 'example_external_task_marker_parent' retrieved from /home/airflow/.local/lib/python3.12/site-packages/airflow/example_dags/example_external_task_marker_dag.py
[2025-01-28T22:11:33.976+0000] {logging_mixin.py:190} INFO - [2025-01-28T22:11:33.976+0000] {dag.py:3239} INFO - Sync 2 DAGs
[2025-01-28T22:11:33.994+0000] {logging_mixin.py:190} INFO - [2025-01-28T22:11:33.993+0000] {dag.py:4180} INFO - Setting next_dagrun for example_external_task_marker_child to None, run_after=None
[2025-01-28T22:11:33.999+0000] {logging_mixin.py:190} INFO - [2025-01-28T22:11:33.999+0000] {dag.py:4180} INFO - Setting next_dagrun for example_external_task_marker_parent to None, run_after=None
[2025-01-28T22:11:34.024+0000] {processor.py:208} INFO - Processing /home/airflow/.local/lib/python3.12/site-packages/airflow/example_dags/example_external_task_marker_dag.py took 0.092 seconds
[2025-01-28T22:12:04.661+0000] {processor.py:186} INFO - Started process (PID=445) to work on /home/airflow/.local/lib/python3.12/site-packages/airflow/example_dags/example_external_task_marker_dag.py
[2025-01-28T22:12:04.663+0000] {processor.py:914} INFO - Processing file /home/airflow/.local/lib/python3.12/site-packages/airflow/example_dags/example_external_task_marker_dag.py for tasks to queue
[2025-01-28T22:12:04.666+0000] {logging_mixin.py:190} INFO - [2025-01-28T22:12:04.665+0000] {dagbag.py:588} INFO - Filling up the DagBag from /home/airflow/.local/lib/python3.12/site-packages/airflow/example_dags/example_external_task_marker_dag.py
[2025-01-28T22:12:04.675+0000] {processor.py:925} INFO - DAG(s) 'example_external_task_marker_child', 'example_external_task_marker_parent' retrieved from /home/airflow/.local/lib/python3.12/site-packages/airflow/example_dags/example_external_task_marker_dag.py
[2025-01-28T22:12:04.699+0000] {logging_mixin.py:190} INFO - [2025-01-28T22:12:04.699+0000] {dag.py:3239} INFO - Sync 2 DAGs
[2025-01-28T22:12:04.717+0000] {logging_mixin.py:190} INFO - [2025-01-28T22:12:04.716+0000] {dag.py:4180} INFO - Setting next_dagrun for example_external_task_marker_child to None, run_after=None
[2025-01-28T22:12:04.721+0000] {logging_mixin.py:190} INFO - [2025-01-28T22:12:04.721+0000] {dag.py:4180} INFO - Setting next_dagrun for example_external_task_marker_parent to None, run_after=None
[2025-01-28T22:12:04.745+0000] {processor.py:208} INFO - Processing /home/airflow/.local/lib/python3.12/site-packages/airflow/example_dags/example_external_task_marker_dag.py took 0.091 seconds
[2025-01-28T22:12:35.730+0000] {processor.py:186} INFO - Started process (PID=508) to work on /home/airflow/.local/lib/python3.12/site-packages/airflow/example_dags/example_external_task_marker_dag.py
[2025-01-28T22:12:35.732+0000] {processor.py:914} INFO - Processing file /home/airflow/.local/lib/python3.12/site-packages/airflow/example_dags/example_external_task_marker_dag.py for tasks to queue
[2025-01-28T22:12:35.734+0000] {logging_mixin.py:190} INFO - [2025-01-28T22:12:35.734+0000] {dagbag.py:588} INFO - Filling up the DagBag from /home/airflow/.local/lib/python3.12/site-packages/airflow/example_dags/example_external_task_marker_dag.py
[2025-01-28T22:12:35.744+0000] {processor.py:925} INFO - DAG(s) 'example_external_task_marker_parent', 'example_external_task_marker_child' retrieved from /home/airflow/.local/lib/python3.12/site-packages/airflow/example_dags/example_external_task_marker_dag.py
[2025-01-28T22:12:35.769+0000] {logging_mixin.py:190} INFO - [2025-01-28T22:12:35.769+0000] {dag.py:3239} INFO - Sync 2 DAGs
[2025-01-28T22:12:35.786+0000] {logging_mixin.py:190} INFO - [2025-01-28T22:12:35.786+0000] {dag.py:4180} INFO - Setting next_dagrun for example_external_task_marker_child to None, run_after=None
[2025-01-28T22:12:35.791+0000] {logging_mixin.py:190} INFO - [2025-01-28T22:12:35.791+0000] {dag.py:4180} INFO - Setting next_dagrun for example_external_task_marker_parent to None, run_after=None
[2025-01-28T22:12:35.813+0000] {processor.py:208} INFO - Processing /home/airflow/.local/lib/python3.12/site-packages/airflow/example_dags/example_external_task_marker_dag.py took 0.089 seconds
[2025-01-28T22:13:08.081+0000] {processor.py:186} INFO - Started process (PID=572) to work on /home/airflow/.local/lib/python3.12/site-packages/airflow/example_dags/example_external_task_marker_dag.py
[2025-01-28T22:13:08.083+0000] {processor.py:914} INFO - Processing file /home/airflow/.local/lib/python3.12/site-packages/airflow/example_dags/example_external_task_marker_dag.py for tasks to queue
[2025-01-28T22:13:08.086+0000] {logging_mixin.py:190} INFO - [2025-01-28T22:13:08.085+0000] {dagbag.py:588} INFO - Filling up the DagBag from /home/airflow/.local/lib/python3.12/site-packages/airflow/example_dags/example_external_task_marker_dag.py
[2025-01-28T22:13:08.095+0000] {processor.py:925} INFO - DAG(s) 'example_external_task_marker_child', 'example_external_task_marker_parent' retrieved from /home/airflow/.local/lib/python3.12/site-packages/airflow/example_dags/example_external_task_marker_dag.py
[2025-01-28T22:13:08.121+0000] {logging_mixin.py:190} INFO - [2025-01-28T22:13:08.121+0000] {dag.py:3239} INFO - Sync 2 DAGs
[2025-01-28T22:13:08.139+0000] {logging_mixin.py:190} INFO - [2025-01-28T22:13:08.138+0000] {dag.py:4180} INFO - Setting next_dagrun for example_external_task_marker_child to None, run_after=None
[2025-01-28T22:13:08.143+0000] {logging_mixin.py:190} INFO - [2025-01-28T22:13:08.143+0000] {dag.py:4180} INFO - Setting next_dagrun for example_external_task_marker_parent to None, run_after=None
[2025-01-28T22:13:08.199+0000] {processor.py:208} INFO - Processing /home/airflow/.local/lib/python3.12/site-packages/airflow/example_dags/example_external_task_marker_dag.py took 0.124 seconds
[2025-01-28T22:13:38.579+0000] {processor.py:186} INFO - Started process (PID=634) to work on /home/airflow/.local/lib/python3.12/site-packages/airflow/example_dags/example_external_task_marker_dag.py
[2025-01-28T22:13:38.580+0000] {processor.py:914} INFO - Processing file /home/airflow/.local/lib/python3.12/site-packages/airflow/example_dags/example_external_task_marker_dag.py for tasks to queue
[2025-01-28T22:13:38.583+0000] {logging_mixin.py:190} INFO - [2025-01-28T22:13:38.582+0000] {dagbag.py:588} INFO - Filling up the DagBag from /home/airflow/.local/lib/python3.12/site-packages/airflow/example_dags/example_external_task_marker_dag.py
[2025-01-28T22:13:38.592+0000] {processor.py:925} INFO - DAG(s) 'example_external_task_marker_parent', 'example_external_task_marker_child' retrieved from /home/airflow/.local/lib/python3.12/site-packages/airflow/example_dags/example_external_task_marker_dag.py
[2025-01-28T22:13:38.618+0000] {logging_mixin.py:190} INFO - [2025-01-28T22:13:38.618+0000] {dag.py:3239} INFO - Sync 2 DAGs
[2025-01-28T22:13:38.634+0000] {logging_mixin.py:190} INFO - [2025-01-28T22:13:38.633+0000] {dag.py:4180} INFO - Setting next_dagrun for example_external_task_marker_child to None, run_after=None
[2025-01-28T22:13:38.638+0000] {logging_mixin.py:190} INFO - [2025-01-28T22:13:38.638+0000] {dag.py:4180} INFO - Setting next_dagrun for example_external_task_marker_parent to None, run_after=None
[2025-01-28T22:13:38.669+0000] {processor.py:208} INFO - Processing /home/airflow/.local/lib/python3.12/site-packages/airflow/example_dags/example_external_task_marker_dag.py took 0.097 seconds
[2025-01-28T22:14:09.928+0000] {processor.py:186} INFO - Started process (PID=697) to work on /home/airflow/.local/lib/python3.12/site-packages/airflow/example_dags/example_external_task_marker_dag.py
[2025-01-28T22:14:09.930+0000] {processor.py:914} INFO - Processing file /home/airflow/.local/lib/python3.12/site-packages/airflow/example_dags/example_external_task_marker_dag.py for tasks to queue
[2025-01-28T22:14:09.933+0000] {logging_mixin.py:190} INFO - [2025-01-28T22:14:09.932+0000] {dagbag.py:588} INFO - Filling up the DagBag from /home/airflow/.local/lib/python3.12/site-packages/airflow/example_dags/example_external_task_marker_dag.py
[2025-01-28T22:14:09.941+0000] {processor.py:925} INFO - DAG(s) 'example_external_task_marker_parent', 'example_external_task_marker_child' retrieved from /home/airflow/.local/lib/python3.12/site-packages/airflow/example_dags/example_external_task_marker_dag.py
[2025-01-28T22:14:09.967+0000] {logging_mixin.py:190} INFO - [2025-01-28T22:14:09.966+0000] {dag.py:3239} INFO - Sync 2 DAGs
[2025-01-28T22:14:09.983+0000] {logging_mixin.py:190} INFO - [2025-01-28T22:14:09.983+0000] {dag.py:4180} INFO - Setting next_dagrun for example_external_task_marker_child to None, run_after=None
[2025-01-28T22:14:09.987+0000] {logging_mixin.py:190} INFO - [2025-01-28T22:14:09.987+0000] {dag.py:4180} INFO - Setting next_dagrun for example_external_task_marker_parent to None, run_after=None
[2025-01-28T22:14:10.007+0000] {processor.py:208} INFO - Processing /home/airflow/.local/lib/python3.12/site-packages/airflow/example_dags/example_external_task_marker_dag.py took 0.085 seconds
[2025-01-28T22:14:40.212+0000] {processor.py:186} INFO - Started process (PID=760) to work on /home/airflow/.local/lib/python3.12/site-packages/airflow/example_dags/example_external_task_marker_dag.py
[2025-01-28T22:14:40.213+0000] {processor.py:914} INFO - Processing file /home/airflow/.local/lib/python3.12/site-packages/airflow/example_dags/example_external_task_marker_dag.py for tasks to queue
[2025-01-28T22:14:40.217+0000] {logging_mixin.py:190} INFO - [2025-01-28T22:14:40.217+0000] {dagbag.py:588} INFO - Filling up the DagBag from /home/airflow/.local/lib/python3.12/site-packages/airflow/example_dags/example_external_task_marker_dag.py
[2025-01-28T22:14:40.226+0000] {processor.py:925} INFO - DAG(s) 'example_external_task_marker_parent', 'example_external_task_marker_child' retrieved from /home/airflow/.local/lib/python3.12/site-packages/airflow/example_dags/example_external_task_marker_dag.py
[2025-01-28T22:14:40.280+0000] {logging_mixin.py:190} INFO - [2025-01-28T22:14:40.279+0000] {dag.py:3239} INFO - Sync 2 DAGs
[2025-01-28T22:14:40.300+0000] {logging_mixin.py:190} INFO - [2025-01-28T22:14:40.300+0000] {dag.py:4180} INFO - Setting next_dagrun for example_external_task_marker_child to None, run_after=None
[2025-01-28T22:14:40.305+0000] {logging_mixin.py:190} INFO - [2025-01-28T22:14:40.304+0000] {dag.py:4180} INFO - Setting next_dagrun for example_external_task_marker_parent to None, run_after=None
[2025-01-28T22:14:40.326+0000] {processor.py:208} INFO - Processing /home/airflow/.local/lib/python3.12/site-packages/airflow/example_dags/example_external_task_marker_dag.py took 0.121 seconds
[2025-01-28T22:15:11.913+0000] {processor.py:186} INFO - Started process (PID=823) to work on /home/airflow/.local/lib/python3.12/site-packages/airflow/example_dags/example_external_task_marker_dag.py
[2025-01-28T22:15:11.916+0000] {processor.py:914} INFO - Processing file /home/airflow/.local/lib/python3.12/site-packages/airflow/example_dags/example_external_task_marker_dag.py for tasks to queue
[2025-01-28T22:15:11.918+0000] {logging_mixin.py:190} INFO - [2025-01-28T22:15:11.918+0000] {dagbag.py:588} INFO - Filling up the DagBag from /home/airflow/.local/lib/python3.12/site-packages/airflow/example_dags/example_external_task_marker_dag.py
[2025-01-28T22:15:11.927+0000] {processor.py:925} INFO - DAG(s) 'example_external_task_marker_child', 'example_external_task_marker_parent' retrieved from /home/airflow/.local/lib/python3.12/site-packages/airflow/example_dags/example_external_task_marker_dag.py
[2025-01-28T22:15:11.954+0000] {logging_mixin.py:190} INFO - [2025-01-28T22:15:11.954+0000] {dag.py:3239} INFO - Sync 2 DAGs
[2025-01-28T22:15:11.971+0000] {logging_mixin.py:190} INFO - [2025-01-28T22:15:11.971+0000] {dag.py:4180} INFO - Setting next_dagrun for example_external_task_marker_child to None, run_after=None
[2025-01-28T22:15:11.976+0000] {logging_mixin.py:190} INFO - [2025-01-28T22:15:11.975+0000] {dag.py:4180} INFO - Setting next_dagrun for example_external_task_marker_parent to None, run_after=None
[2025-01-28T22:15:11.996+0000] {processor.py:208} INFO - Processing /home/airflow/.local/lib/python3.12/site-packages/airflow/example_dags/example_external_task_marker_dag.py took 0.089 seconds
[2025-01-28T22:15:43.484+0000] {processor.py:186} INFO - Started process (PID=886) to work on /home/airflow/.local/lib/python3.12/site-packages/airflow/example_dags/example_external_task_marker_dag.py
[2025-01-28T22:15:43.486+0000] {processor.py:914} INFO - Processing file /home/airflow/.local/lib/python3.12/site-packages/airflow/example_dags/example_external_task_marker_dag.py for tasks to queue
[2025-01-28T22:15:43.489+0000] {logging_mixin.py:190} INFO - [2025-01-28T22:15:43.489+0000] {dagbag.py:588} INFO - Filling up the DagBag from /home/airflow/.local/lib/python3.12/site-packages/airflow/example_dags/example_external_task_marker_dag.py
[2025-01-28T22:15:43.498+0000] {processor.py:925} INFO - DAG(s) 'example_external_task_marker_parent', 'example_external_task_marker_child' retrieved from /home/airflow/.local/lib/python3.12/site-packages/airflow/example_dags/example_external_task_marker_dag.py
[2025-01-28T22:15:43.523+0000] {logging_mixin.py:190} INFO - [2025-01-28T22:15:43.523+0000] {dag.py:3239} INFO - Sync 2 DAGs
[2025-01-28T22:15:43.539+0000] {logging_mixin.py:190} INFO - [2025-01-28T22:15:43.539+0000] {dag.py:4180} INFO - Setting next_dagrun for example_external_task_marker_child to None, run_after=None
[2025-01-28T22:15:43.543+0000] {logging_mixin.py:190} INFO - [2025-01-28T22:15:43.543+0000] {dag.py:4180} INFO - Setting next_dagrun for example_external_task_marker_parent to None, run_after=None
[2025-01-28T22:15:43.567+0000] {processor.py:208} INFO - Processing /home/airflow/.local/lib/python3.12/site-packages/airflow/example_dags/example_external_task_marker_dag.py took 0.089 seconds
[2025-01-28T22:16:15.009+0000] {processor.py:186} INFO - Started process (PID=950) to work on /home/airflow/.local/lib/python3.12/site-packages/airflow/example_dags/example_external_task_marker_dag.py
[2025-01-28T22:16:15.011+0000] {processor.py:914} INFO - Processing file /home/airflow/.local/lib/python3.12/site-packages/airflow/example_dags/example_external_task_marker_dag.py for tasks to queue
[2025-01-28T22:16:15.013+0000] {logging_mixin.py:190} INFO - [2025-01-28T22:16:15.013+0000] {dagbag.py:588} INFO - Filling up the DagBag from /home/airflow/.local/lib/python3.12/site-packages/airflow/example_dags/example_external_task_marker_dag.py
[2025-01-28T22:16:15.022+0000] {processor.py:925} INFO - DAG(s) 'example_external_task_marker_parent', 'example_external_task_marker_child' retrieved from /home/airflow/.local/lib/python3.12/site-packages/airflow/example_dags/example_external_task_marker_dag.py
[2025-01-28T22:16:15.047+0000] {logging_mixin.py:190} INFO - [2025-01-28T22:16:15.047+0000] {dag.py:3239} INFO - Sync 2 DAGs
[2025-01-28T22:16:15.066+0000] {logging_mixin.py:190} INFO - [2025-01-28T22:16:15.066+0000] {dag.py:4180} INFO - Setting next_dagrun for example_external_task_marker_child to None, run_after=None
[2025-01-28T22:16:15.070+0000] {logging_mixin.py:190} INFO - [2025-01-28T22:16:15.070+0000] {dag.py:4180} INFO - Setting next_dagrun for example_external_task_marker_parent to None, run_after=None
[2025-01-28T22:16:15.104+0000] {processor.py:208} INFO - Processing /home/airflow/.local/lib/python3.12/site-packages/airflow/example_dags/example_external_task_marker_dag.py took 0.101 seconds
[2025-01-28T22:16:46.925+0000] {processor.py:186} INFO - Started process (PID=1013) to work on /home/airflow/.local/lib/python3.12/site-packages/airflow/example_dags/example_external_task_marker_dag.py
[2025-01-28T22:16:46.927+0000] {processor.py:914} INFO - Processing file /home/airflow/.local/lib/python3.12/site-packages/airflow/example_dags/example_external_task_marker_dag.py for tasks to queue
[2025-01-28T22:16:46.931+0000] {logging_mixin.py:190} INFO - [2025-01-28T22:16:46.930+0000] {dagbag.py:588} INFO - Filling up the DagBag from /home/airflow/.local/lib/python3.12/site-packages/airflow/example_dags/example_external_task_marker_dag.py
[2025-01-28T22:16:46.942+0000] {processor.py:925} INFO - DAG(s) 'example_external_task_marker_parent', 'example_external_task_marker_child' retrieved from /home/airflow/.local/lib/python3.12/site-packages/airflow/example_dags/example_external_task_marker_dag.py
[2025-01-28T22:16:46.972+0000] {logging_mixin.py:190} INFO - [2025-01-28T22:16:46.972+0000] {dag.py:3239} INFO - Sync 2 DAGs
[2025-01-28T22:16:46.991+0000] {logging_mixin.py:190} INFO - [2025-01-28T22:16:46.991+0000] {dag.py:4180} INFO - Setting next_dagrun for example_external_task_marker_child to None, run_after=None
[2025-01-28T22:16:46.996+0000] {logging_mixin.py:190} INFO - [2025-01-28T22:16:46.995+0000] {dag.py:4180} INFO - Setting next_dagrun for example_external_task_marker_parent to None, run_after=None
[2025-01-28T22:16:47.034+0000] {processor.py:208} INFO - Processing /home/airflow/.local/lib/python3.12/site-packages/airflow/example_dags/example_external_task_marker_dag.py took 0.118 seconds
[2025-01-28T22:17:18.458+0000] {processor.py:186} INFO - Started process (PID=1076) to work on /home/airflow/.local/lib/python3.12/site-packages/airflow/example_dags/example_external_task_marker_dag.py
[2025-01-28T22:17:18.459+0000] {processor.py:914} INFO - Processing file /home/airflow/.local/lib/python3.12/site-packages/airflow/example_dags/example_external_task_marker_dag.py for tasks to queue
[2025-01-28T22:17:18.462+0000] {logging_mixin.py:190} INFO - [2025-01-28T22:17:18.461+0000] {dagbag.py:588} INFO - Filling up the DagBag from /home/airflow/.local/lib/python3.12/site-packages/airflow/example_dags/example_external_task_marker_dag.py
[2025-01-28T22:17:18.470+0000] {processor.py:925} INFO - DAG(s) 'example_external_task_marker_parent', 'example_external_task_marker_child' retrieved from /home/airflow/.local/lib/python3.12/site-packages/airflow/example_dags/example_external_task_marker_dag.py
[2025-01-28T22:17:18.495+0000] {logging_mixin.py:190} INFO - [2025-01-28T22:17:18.495+0000] {dag.py:3239} INFO - Sync 2 DAGs
[2025-01-28T22:17:18.511+0000] {logging_mixin.py:190} INFO - [2025-01-28T22:17:18.510+0000] {dag.py:4180} INFO - Setting next_dagrun for example_external_task_marker_child to None, run_after=None
[2025-01-28T22:17:18.515+0000] {logging_mixin.py:190} INFO - [2025-01-28T22:17:18.515+0000] {dag.py:4180} INFO - Setting next_dagrun for example_external_task_marker_parent to None, run_after=None
[2025-01-28T22:17:18.535+0000] {processor.py:208} INFO - Processing /home/airflow/.local/lib/python3.12/site-packages/airflow/example_dags/example_external_task_marker_dag.py took 0.084 seconds
[2025-01-28T22:17:49.865+0000] {processor.py:186} INFO - Started process (PID=1139) to work on /home/airflow/.local/lib/python3.12/site-packages/airflow/example_dags/example_external_task_marker_dag.py
[2025-01-28T22:17:49.867+0000] {processor.py:914} INFO - Processing file /home/airflow/.local/lib/python3.12/site-packages/airflow/example_dags/example_external_task_marker_dag.py for tasks to queue
[2025-01-28T22:17:49.870+0000] {logging_mixin.py:190} INFO - [2025-01-28T22:17:49.870+0000] {dagbag.py:588} INFO - Filling up the DagBag from /home/airflow/.local/lib/python3.12/site-packages/airflow/example_dags/example_external_task_marker_dag.py
[2025-01-28T22:17:49.880+0000] {processor.py:925} INFO - DAG(s) 'example_external_task_marker_parent', 'example_external_task_marker_child' retrieved from /home/airflow/.local/lib/python3.12/site-packages/airflow/example_dags/example_external_task_marker_dag.py
[2025-01-28T22:17:49.911+0000] {logging_mixin.py:190} INFO - [2025-01-28T22:17:49.911+0000] {dag.py:3239} INFO - Sync 2 DAGs
[2025-01-28T22:17:49.928+0000] {logging_mixin.py:190} INFO - [2025-01-28T22:17:49.927+0000] {dag.py:4180} INFO - Setting next_dagrun for example_external_task_marker_child to None, run_after=None
[2025-01-28T22:17:49.932+0000] {logging_mixin.py:190} INFO - [2025-01-28T22:17:49.932+0000] {dag.py:4180} INFO - Setting next_dagrun for example_external_task_marker_parent to None, run_after=None
[2025-01-28T22:17:49.951+0000] {processor.py:208} INFO - Processing /home/airflow/.local/lib/python3.12/site-packages/airflow/example_dags/example_external_task_marker_dag.py took 0.093 seconds
[2025-01-28T22:18:22.413+0000] {processor.py:186} INFO - Started process (PID=1203) to work on /home/airflow/.local/lib/python3.12/site-packages/airflow/example_dags/example_external_task_marker_dag.py
[2025-01-28T22:18:22.415+0000] {processor.py:914} INFO - Processing file /home/airflow/.local/lib/python3.12/site-packages/airflow/example_dags/example_external_task_marker_dag.py for tasks to queue
[2025-01-28T22:18:22.418+0000] {logging_mixin.py:190} INFO - [2025-01-28T22:18:22.417+0000] {dagbag.py:588} INFO - Filling up the DagBag from /home/airflow/.local/lib/python3.12/site-packages/airflow/example_dags/example_external_task_marker_dag.py
[2025-01-28T22:18:22.427+0000] {processor.py:925} INFO - DAG(s) 'example_external_task_marker_child', 'example_external_task_marker_parent' retrieved from /home/airflow/.local/lib/python3.12/site-packages/airflow/example_dags/example_external_task_marker_dag.py
[2025-01-28T22:18:22.454+0000] {logging_mixin.py:190} INFO - [2025-01-28T22:18:22.454+0000] {dag.py:3239} INFO - Sync 2 DAGs
[2025-01-28T22:18:22.471+0000] {logging_mixin.py:190} INFO - [2025-01-28T22:18:22.471+0000] {dag.py:4180} INFO - Setting next_dagrun for example_external_task_marker_child to None, run_after=None
[2025-01-28T22:18:22.476+0000] {logging_mixin.py:190} INFO - [2025-01-28T22:18:22.475+0000] {dag.py:4180} INFO - Setting next_dagrun for example_external_task_marker_parent to None, run_after=None
[2025-01-28T22:18:22.496+0000] {processor.py:208} INFO - Processing /home/airflow/.local/lib/python3.12/site-packages/airflow/example_dags/example_external_task_marker_dag.py took 0.089 seconds
[2025-01-28T22:18:53.118+0000] {processor.py:186} INFO - Started process (PID=1266) to work on /home/airflow/.local/lib/python3.12/site-packages/airflow/example_dags/example_external_task_marker_dag.py
[2025-01-28T22:18:53.120+0000] {processor.py:914} INFO - Processing file /home/airflow/.local/lib/python3.12/site-packages/airflow/example_dags/example_external_task_marker_dag.py for tasks to queue
[2025-01-28T22:18:53.124+0000] {logging_mixin.py:190} INFO - [2025-01-28T22:18:53.123+0000] {dagbag.py:588} INFO - Filling up the DagBag from /home/airflow/.local/lib/python3.12/site-packages/airflow/example_dags/example_external_task_marker_dag.py
[2025-01-28T22:18:53.133+0000] {processor.py:925} INFO - DAG(s) 'example_external_task_marker_parent', 'example_external_task_marker_child' retrieved from /home/airflow/.local/lib/python3.12/site-packages/airflow/example_dags/example_external_task_marker_dag.py
[2025-01-28T22:18:53.160+0000] {logging_mixin.py:190} INFO - [2025-01-28T22:18:53.160+0000] {dag.py:3239} INFO - Sync 2 DAGs
[2025-01-28T22:18:53.177+0000] {logging_mixin.py:190} INFO - [2025-01-28T22:18:53.177+0000] {dag.py:4180} INFO - Setting next_dagrun for example_external_task_marker_child to None, run_after=None
[2025-01-28T22:18:53.182+0000] {logging_mixin.py:190} INFO - [2025-01-28T22:18:53.182+0000] {dag.py:4180} INFO - Setting next_dagrun for example_external_task_marker_parent to None, run_after=None
[2025-01-28T22:18:53.206+0000] {processor.py:208} INFO - Processing /home/airflow/.local/lib/python3.12/site-packages/airflow/example_dags/example_external_task_marker_dag.py took 0.095 seconds
[2025-01-28T22:19:24.493+0000] {processor.py:186} INFO - Started process (PID=1329) to work on /home/airflow/.local/lib/python3.12/site-packages/airflow/example_dags/example_external_task_marker_dag.py
[2025-01-28T22:19:24.494+0000] {processor.py:914} INFO - Processing file /home/airflow/.local/lib/python3.12/site-packages/airflow/example_dags/example_external_task_marker_dag.py for tasks to queue
[2025-01-28T22:19:24.498+0000] {logging_mixin.py:190} INFO - [2025-01-28T22:19:24.497+0000] {dagbag.py:588} INFO - Filling up the DagBag from /home/airflow/.local/lib/python3.12/site-packages/airflow/example_dags/example_external_task_marker_dag.py
[2025-01-28T22:19:24.507+0000] {processor.py:925} INFO - DAG(s) 'example_external_task_marker_child', 'example_external_task_marker_parent' retrieved from /home/airflow/.local/lib/python3.12/site-packages/airflow/example_dags/example_external_task_marker_dag.py
[2025-01-28T22:19:24.534+0000] {logging_mixin.py:190} INFO - [2025-01-28T22:19:24.534+0000] {dag.py:3239} INFO - Sync 2 DAGs
[2025-01-28T22:19:24.551+0000] {logging_mixin.py:190} INFO - [2025-01-28T22:19:24.551+0000] {dag.py:4180} INFO - Setting next_dagrun for example_external_task_marker_child to None, run_after=None
[2025-01-28T22:19:24.556+0000] {logging_mixin.py:190} INFO - [2025-01-28T22:19:24.556+0000] {dag.py:4180} INFO - Setting next_dagrun for example_external_task_marker_parent to None, run_after=None
[2025-01-28T22:19:24.579+0000] {processor.py:208} INFO - Processing /home/airflow/.local/lib/python3.12/site-packages/airflow/example_dags/example_external_task_marker_dag.py took 0.094 seconds
[2025-01-28T22:19:55.396+0000] {processor.py:186} INFO - Started process (PID=1392) to work on /home/airflow/.local/lib/python3.12/site-packages/airflow/example_dags/example_external_task_marker_dag.py
[2025-01-28T22:19:55.397+0000] {processor.py:914} INFO - Processing file /home/airflow/.local/lib/python3.12/site-packages/airflow/example_dags/example_external_task_marker_dag.py for tasks to queue
[2025-01-28T22:19:55.400+0000] {logging_mixin.py:190} INFO - [2025-01-28T22:19:55.400+0000] {dagbag.py:588} INFO - Filling up the DagBag from /home/airflow/.local/lib/python3.12/site-packages/airflow/example_dags/example_external_task_marker_dag.py
[2025-01-28T22:19:55.409+0000] {processor.py:925} INFO - DAG(s) 'example_external_task_marker_child', 'example_external_task_marker_parent' retrieved from /home/airflow/.local/lib/python3.12/site-packages/airflow/example_dags/example_external_task_marker_dag.py
[2025-01-28T22:19:55.434+0000] {logging_mixin.py:190} INFO - [2025-01-28T22:19:55.434+0000] {dag.py:3239} INFO - Sync 2 DAGs
[2025-01-28T22:19:55.450+0000] {logging_mixin.py:190} INFO - [2025-01-28T22:19:55.450+0000] {dag.py:4180} INFO - Setting next_dagrun for example_external_task_marker_child to None, run_after=None
[2025-01-28T22:19:55.454+0000] {logging_mixin.py:190} INFO - [2025-01-28T22:19:55.454+0000] {dag.py:4180} INFO - Setting next_dagrun for example_external_task_marker_parent to None, run_after=None
[2025-01-28T22:19:55.474+0000] {processor.py:208} INFO - Processing /home/airflow/.local/lib/python3.12/site-packages/airflow/example_dags/example_external_task_marker_dag.py took 0.084 seconds
[2025-01-28T22:20:26.406+0000] {processor.py:186} INFO - Started process (PID=1455) to work on /home/airflow/.local/lib/python3.12/site-packages/airflow/example_dags/example_external_task_marker_dag.py
[2025-01-28T22:20:26.407+0000] {processor.py:914} INFO - Processing file /home/airflow/.local/lib/python3.12/site-packages/airflow/example_dags/example_external_task_marker_dag.py for tasks to queue
[2025-01-28T22:20:26.409+0000] {logging_mixin.py:190} INFO - [2025-01-28T22:20:26.409+0000] {dagbag.py:588} INFO - Filling up the DagBag from /home/airflow/.local/lib/python3.12/site-packages/airflow/example_dags/example_external_task_marker_dag.py
[2025-01-28T22:20:26.418+0000] {processor.py:925} INFO - DAG(s) 'example_external_task_marker_parent', 'example_external_task_marker_child' retrieved from /home/airflow/.local/lib/python3.12/site-packages/airflow/example_dags/example_external_task_marker_dag.py
[2025-01-28T22:20:26.444+0000] {logging_mixin.py:190} INFO - [2025-01-28T22:20:26.443+0000] {dag.py:3239} INFO - Sync 2 DAGs
[2025-01-28T22:20:26.460+0000] {logging_mixin.py:190} INFO - [2025-01-28T22:20:26.459+0000] {dag.py:4180} INFO - Setting next_dagrun for example_external_task_marker_child to None, run_after=None
[2025-01-28T22:20:26.464+0000] {logging_mixin.py:190} INFO - [2025-01-28T22:20:26.464+0000] {dag.py:4180} INFO - Setting next_dagrun for example_external_task_marker_parent to None, run_after=None
[2025-01-28T22:20:26.486+0000] {processor.py:208} INFO - Processing /home/airflow/.local/lib/python3.12/site-packages/airflow/example_dags/example_external_task_marker_dag.py took 0.087 seconds
[2025-01-28T22:20:58.285+0000] {processor.py:186} INFO - Started process (PID=1518) to work on /home/airflow/.local/lib/python3.12/site-packages/airflow/example_dags/example_external_task_marker_dag.py
[2025-01-28T22:20:58.287+0000] {processor.py:914} INFO - Processing file /home/airflow/.local/lib/python3.12/site-packages/airflow/example_dags/example_external_task_marker_dag.py for tasks to queue
[2025-01-28T22:20:58.289+0000] {logging_mixin.py:190} INFO - [2025-01-28T22:20:58.289+0000] {dagbag.py:588} INFO - Filling up the DagBag from /home/airflow/.local/lib/python3.12/site-packages/airflow/example_dags/example_external_task_marker_dag.py
[2025-01-28T22:20:58.299+0000] {processor.py:925} INFO - DAG(s) 'example_external_task_marker_child', 'example_external_task_marker_parent' retrieved from /home/airflow/.local/lib/python3.12/site-packages/airflow/example_dags/example_external_task_marker_dag.py
[2025-01-28T22:20:58.325+0000] {logging_mixin.py:190} INFO - [2025-01-28T22:20:58.325+0000] {dag.py:3239} INFO - Sync 2 DAGs
[2025-01-28T22:20:58.341+0000] {logging_mixin.py:190} INFO - [2025-01-28T22:20:58.341+0000] {dag.py:4180} INFO - Setting next_dagrun for example_external_task_marker_child to None, run_after=None
[2025-01-28T22:20:58.348+0000] {logging_mixin.py:190} INFO - [2025-01-28T22:20:58.348+0000] {dag.py:4180} INFO - Setting next_dagrun for example_external_task_marker_parent to None, run_after=None
[2025-01-28T22:20:58.372+0000] {processor.py:208} INFO - Processing /home/airflow/.local/lib/python3.12/site-packages/airflow/example_dags/example_external_task_marker_dag.py took 0.093 seconds
[2025-01-28T22:21:29.156+0000] {processor.py:186} INFO - Started process (PID=1581) to work on /home/airflow/.local/lib/python3.12/site-packages/airflow/example_dags/example_external_task_marker_dag.py
[2025-01-28T22:21:29.157+0000] {processor.py:914} INFO - Processing file /home/airflow/.local/lib/python3.12/site-packages/airflow/example_dags/example_external_task_marker_dag.py for tasks to queue
[2025-01-28T22:21:29.161+0000] {logging_mixin.py:190} INFO - [2025-01-28T22:21:29.160+0000] {dagbag.py:588} INFO - Filling up the DagBag from /home/airflow/.local/lib/python3.12/site-packages/airflow/example_dags/example_external_task_marker_dag.py
[2025-01-28T22:21:29.170+0000] {processor.py:925} INFO - DAG(s) 'example_external_task_marker_child', 'example_external_task_marker_parent' retrieved from /home/airflow/.local/lib/python3.12/site-packages/airflow/example_dags/example_external_task_marker_dag.py
[2025-01-28T22:21:29.197+0000] {logging_mixin.py:190} INFO - [2025-01-28T22:21:29.196+0000] {dag.py:3239} INFO - Sync 2 DAGs
[2025-01-28T22:21:29.213+0000] {logging_mixin.py:190} INFO - [2025-01-28T22:21:29.213+0000] {dag.py:4180} INFO - Setting next_dagrun for example_external_task_marker_child to None, run_after=None
[2025-01-28T22:21:29.218+0000] {logging_mixin.py:190} INFO - [2025-01-28T22:21:29.218+0000] {dag.py:4180} INFO - Setting next_dagrun for example_external_task_marker_parent to None, run_after=None
[2025-01-28T22:21:29.245+0000] {processor.py:208} INFO - Processing /home/airflow/.local/lib/python3.12/site-packages/airflow/example_dags/example_external_task_marker_dag.py took 0.095 seconds
[2025-01-28T22:22:00.850+0000] {processor.py:186} INFO - Started process (PID=1644) to work on /home/airflow/.local/lib/python3.12/site-packages/airflow/example_dags/example_external_task_marker_dag.py
[2025-01-28T22:22:00.851+0000] {processor.py:914} INFO - Processing file /home/airflow/.local/lib/python3.12/site-packages/airflow/example_dags/example_external_task_marker_dag.py for tasks to queue
[2025-01-28T22:22:00.854+0000] {logging_mixin.py:190} INFO - [2025-01-28T22:22:00.854+0000] {dagbag.py:588} INFO - Filling up the DagBag from /home/airflow/.local/lib/python3.12/site-packages/airflow/example_dags/example_external_task_marker_dag.py
[2025-01-28T22:22:00.864+0000] {processor.py:925} INFO - DAG(s) 'example_external_task_marker_parent', 'example_external_task_marker_child' retrieved from /home/airflow/.local/lib/python3.12/site-packages/airflow/example_dags/example_external_task_marker_dag.py
[2025-01-28T22:22:00.890+0000] {logging_mixin.py:190} INFO - [2025-01-28T22:22:00.890+0000] {dag.py:3239} INFO - Sync 2 DAGs
[2025-01-28T22:22:00.907+0000] {logging_mixin.py:190} INFO - [2025-01-28T22:22:00.907+0000] {dag.py:4180} INFO - Setting next_dagrun for example_external_task_marker_child to None, run_after=None
[2025-01-28T22:22:00.912+0000] {logging_mixin.py:190} INFO - [2025-01-28T22:22:00.911+0000] {dag.py:4180} INFO - Setting next_dagrun for example_external_task_marker_parent to None, run_after=None
[2025-01-28T22:22:00.941+0000] {processor.py:208} INFO - Processing /home/airflow/.local/lib/python3.12/site-packages/airflow/example_dags/example_external_task_marker_dag.py took 0.098 seconds
[2025-01-28T22:22:32.258+0000] {processor.py:186} INFO - Started process (PID=1707) to work on /home/airflow/.local/lib/python3.12/site-packages/airflow/example_dags/example_external_task_marker_dag.py
[2025-01-28T22:22:32.260+0000] {processor.py:914} INFO - Processing file /home/airflow/.local/lib/python3.12/site-packages/airflow/example_dags/example_external_task_marker_dag.py for tasks to queue
[2025-01-28T22:22:32.263+0000] {logging_mixin.py:190} INFO - [2025-01-28T22:22:32.262+0000] {dagbag.py:588} INFO - Filling up the DagBag from /home/airflow/.local/lib/python3.12/site-packages/airflow/example_dags/example_external_task_marker_dag.py
[2025-01-28T22:22:32.272+0000] {processor.py:925} INFO - DAG(s) 'example_external_task_marker_child', 'example_external_task_marker_parent' retrieved from /home/airflow/.local/lib/python3.12/site-packages/airflow/example_dags/example_external_task_marker_dag.py
[2025-01-28T22:22:32.299+0000] {logging_mixin.py:190} INFO - [2025-01-28T22:22:32.299+0000] {dag.py:3239} INFO - Sync 2 DAGs
[2025-01-28T22:22:32.316+0000] {logging_mixin.py:190} INFO - [2025-01-28T22:22:32.315+0000] {dag.py:4180} INFO - Setting next_dagrun for example_external_task_marker_child to None, run_after=None
[2025-01-28T22:22:32.320+0000] {logging_mixin.py:190} INFO - [2025-01-28T22:22:32.320+0000] {dag.py:4180} INFO - Setting next_dagrun for example_external_task_marker_parent to None, run_after=None
[2025-01-28T22:22:32.342+0000] {processor.py:208} INFO - Processing /home/airflow/.local/lib/python3.12/site-packages/airflow/example_dags/example_external_task_marker_dag.py took 0.091 seconds
[2025-01-28T22:23:03.992+0000] {processor.py:186} INFO - Started process (PID=1770) to work on /home/airflow/.local/lib/python3.12/site-packages/airflow/example_dags/example_external_task_marker_dag.py
[2025-01-28T22:23:03.994+0000] {processor.py:914} INFO - Processing file /home/airflow/.local/lib/python3.12/site-packages/airflow/example_dags/example_external_task_marker_dag.py for tasks to queue
[2025-01-28T22:23:03.997+0000] {logging_mixin.py:190} INFO - [2025-01-28T22:23:03.996+0000] {dagbag.py:588} INFO - Filling up the DagBag from /home/airflow/.local/lib/python3.12/site-packages/airflow/example_dags/example_external_task_marker_dag.py
[2025-01-28T22:23:04.008+0000] {processor.py:925} INFO - DAG(s) 'example_external_task_marker_child', 'example_external_task_marker_parent' retrieved from /home/airflow/.local/lib/python3.12/site-packages/airflow/example_dags/example_external_task_marker_dag.py
[2025-01-28T22:23:04.033+0000] {logging_mixin.py:190} INFO - [2025-01-28T22:23:04.033+0000] {dag.py:3239} INFO - Sync 2 DAGs
[2025-01-28T22:23:04.050+0000] {logging_mixin.py:190} INFO - [2025-01-28T22:23:04.050+0000] {dag.py:4180} INFO - Setting next_dagrun for example_external_task_marker_child to None, run_after=None
[2025-01-28T22:23:04.055+0000] {logging_mixin.py:190} INFO - [2025-01-28T22:23:04.054+0000] {dag.py:4180} INFO - Setting next_dagrun for example_external_task_marker_parent to None, run_after=None
[2025-01-28T22:23:04.080+0000] {processor.py:208} INFO - Processing /home/airflow/.local/lib/python3.12/site-packages/airflow/example_dags/example_external_task_marker_dag.py took 0.094 seconds
[2025-01-28T22:23:34.284+0000] {processor.py:186} INFO - Started process (PID=1833) to work on /home/airflow/.local/lib/python3.12/site-packages/airflow/example_dags/example_external_task_marker_dag.py
[2025-01-28T22:23:34.285+0000] {processor.py:914} INFO - Processing file /home/airflow/.local/lib/python3.12/site-packages/airflow/example_dags/example_external_task_marker_dag.py for tasks to queue
[2025-01-28T22:23:34.288+0000] {logging_mixin.py:190} INFO - [2025-01-28T22:23:34.288+0000] {dagbag.py:588} INFO - Filling up the DagBag from /home/airflow/.local/lib/python3.12/site-packages/airflow/example_dags/example_external_task_marker_dag.py
[2025-01-28T22:23:34.298+0000] {processor.py:925} INFO - DAG(s) 'example_external_task_marker_parent', 'example_external_task_marker_child' retrieved from /home/airflow/.local/lib/python3.12/site-packages/airflow/example_dags/example_external_task_marker_dag.py
[2025-01-28T22:23:34.323+0000] {logging_mixin.py:190} INFO - [2025-01-28T22:23:34.323+0000] {dag.py:3239} INFO - Sync 2 DAGs
[2025-01-28T22:23:34.339+0000] {logging_mixin.py:190} INFO - [2025-01-28T22:23:34.339+0000] {dag.py:4180} INFO - Setting next_dagrun for example_external_task_marker_child to None, run_after=None
[2025-01-28T22:23:34.343+0000] {logging_mixin.py:190} INFO - [2025-01-28T22:23:34.343+0000] {dag.py:4180} INFO - Setting next_dagrun for example_external_task_marker_parent to None, run_after=None
[2025-01-28T22:23:34.365+0000] {processor.py:208} INFO - Processing /home/airflow/.local/lib/python3.12/site-packages/airflow/example_dags/example_external_task_marker_dag.py took 0.088 seconds
[2025-01-28T22:24:06.648+0000] {processor.py:186} INFO - Started process (PID=1896) to work on /home/airflow/.local/lib/python3.12/site-packages/airflow/example_dags/example_external_task_marker_dag.py
[2025-01-28T22:24:06.651+0000] {processor.py:914} INFO - Processing file /home/airflow/.local/lib/python3.12/site-packages/airflow/example_dags/example_external_task_marker_dag.py for tasks to queue
[2025-01-28T22:24:06.654+0000] {logging_mixin.py:190} INFO - [2025-01-28T22:24:06.654+0000] {dagbag.py:588} INFO - Filling up the DagBag from /home/airflow/.local/lib/python3.12/site-packages/airflow/example_dags/example_external_task_marker_dag.py
[2025-01-28T22:24:06.664+0000] {processor.py:925} INFO - DAG(s) 'example_external_task_marker_child', 'example_external_task_marker_parent' retrieved from /home/airflow/.local/lib/python3.12/site-packages/airflow/example_dags/example_external_task_marker_dag.py
[2025-01-28T22:24:06.691+0000] {logging_mixin.py:190} INFO - [2025-01-28T22:24:06.691+0000] {dag.py:3239} INFO - Sync 2 DAGs
[2025-01-28T22:24:06.708+0000] {logging_mixin.py:190} INFO - [2025-01-28T22:24:06.708+0000] {dag.py:4180} INFO - Setting next_dagrun for example_external_task_marker_child to None, run_after=None
[2025-01-28T22:24:06.715+0000] {logging_mixin.py:190} INFO - [2025-01-28T22:24:06.715+0000] {dag.py:4180} INFO - Setting next_dagrun for example_external_task_marker_parent to None, run_after=None
[2025-01-28T22:24:06.741+0000] {processor.py:208} INFO - Processing /home/airflow/.local/lib/python3.12/site-packages/airflow/example_dags/example_external_task_marker_dag.py took 0.099 seconds
[2025-01-28T22:24:36.999+0000] {processor.py:186} INFO - Started process (PID=1959) to work on /home/airflow/.local/lib/python3.12/site-packages/airflow/example_dags/example_external_task_marker_dag.py
[2025-01-28T22:24:37.000+0000] {processor.py:914} INFO - Processing file /home/airflow/.local/lib/python3.12/site-packages/airflow/example_dags/example_external_task_marker_dag.py for tasks to queue
[2025-01-28T22:24:37.003+0000] {logging_mixin.py:190} INFO - [2025-01-28T22:24:37.003+0000] {dagbag.py:588} INFO - Filling up the DagBag from /home/airflow/.local/lib/python3.12/site-packages/airflow/example_dags/example_external_task_marker_dag.py
[2025-01-28T22:24:37.013+0000] {processor.py:925} INFO - DAG(s) 'example_external_task_marker_parent', 'example_external_task_marker_child' retrieved from /home/airflow/.local/lib/python3.12/site-packages/airflow/example_dags/example_external_task_marker_dag.py
[2025-01-28T22:24:37.040+0000] {logging_mixin.py:190} INFO - [2025-01-28T22:24:37.040+0000] {dag.py:3239} INFO - Sync 2 DAGs
[2025-01-28T22:24:37.057+0000] {logging_mixin.py:190} INFO - [2025-01-28T22:24:37.057+0000] {dag.py:4180} INFO - Setting next_dagrun for example_external_task_marker_child to None, run_after=None
[2025-01-28T22:24:37.062+0000] {logging_mixin.py:190} INFO - [2025-01-28T22:24:37.062+0000] {dag.py:4180} INFO - Setting next_dagrun for example_external_task_marker_parent to None, run_after=None
[2025-01-28T22:24:37.083+0000] {processor.py:208} INFO - Processing /home/airflow/.local/lib/python3.12/site-packages/airflow/example_dags/example_external_task_marker_dag.py took 0.090 seconds
[2025-01-28T22:25:09.102+0000] {processor.py:186} INFO - Started process (PID=2022) to work on /home/airflow/.local/lib/python3.12/site-packages/airflow/example_dags/example_external_task_marker_dag.py
[2025-01-28T22:25:09.103+0000] {processor.py:914} INFO - Processing file /home/airflow/.local/lib/python3.12/site-packages/airflow/example_dags/example_external_task_marker_dag.py for tasks to queue
[2025-01-28T22:25:09.107+0000] {logging_mixin.py:190} INFO - [2025-01-28T22:25:09.106+0000] {dagbag.py:588} INFO - Filling up the DagBag from /home/airflow/.local/lib/python3.12/site-packages/airflow/example_dags/example_external_task_marker_dag.py
[2025-01-28T22:25:09.116+0000] {processor.py:925} INFO - DAG(s) 'example_external_task_marker_child', 'example_external_task_marker_parent' retrieved from /home/airflow/.local/lib/python3.12/site-packages/airflow/example_dags/example_external_task_marker_dag.py
[2025-01-28T22:25:09.140+0000] {logging_mixin.py:190} INFO - [2025-01-28T22:25:09.140+0000] {dag.py:3239} INFO - Sync 2 DAGs
[2025-01-28T22:25:09.158+0000] {logging_mixin.py:190} INFO - [2025-01-28T22:25:09.158+0000] {dag.py:4180} INFO - Setting next_dagrun for example_external_task_marker_child to None, run_after=None
[2025-01-28T22:25:09.163+0000] {logging_mixin.py:190} INFO - [2025-01-28T22:25:09.163+0000] {dag.py:4180} INFO - Setting next_dagrun for example_external_task_marker_parent to None, run_after=None
[2025-01-28T22:25:09.183+0000] {processor.py:208} INFO - Processing /home/airflow/.local/lib/python3.12/site-packages/airflow/example_dags/example_external_task_marker_dag.py took 0.088 seconds
[2025-01-28T22:28:50.754+0000] {processor.py:186} INFO - Started process (PID=137) to work on /home/airflow/.local/lib/python3.12/site-packages/airflow/example_dags/example_external_task_marker_dag.py
[2025-01-28T22:28:50.755+0000] {processor.py:914} INFO - Processing file /home/airflow/.local/lib/python3.12/site-packages/airflow/example_dags/example_external_task_marker_dag.py for tasks to queue
[2025-01-28T22:28:50.758+0000] {logging_mixin.py:190} INFO - [2025-01-28T22:28:50.757+0000] {dagbag.py:588} INFO - Filling up the DagBag from /home/airflow/.local/lib/python3.12/site-packages/airflow/example_dags/example_external_task_marker_dag.py
[2025-01-28T22:28:50.767+0000] {processor.py:925} INFO - DAG(s) 'example_external_task_marker_parent', 'example_external_task_marker_child' retrieved from /home/airflow/.local/lib/python3.12/site-packages/airflow/example_dags/example_external_task_marker_dag.py
[2025-01-28T22:28:50.792+0000] {logging_mixin.py:190} INFO - [2025-01-28T22:28:50.792+0000] {dag.py:3239} INFO - Sync 2 DAGs
[2025-01-28T22:28:50.808+0000] {logging_mixin.py:190} INFO - [2025-01-28T22:28:50.808+0000] {dag.py:4180} INFO - Setting next_dagrun for example_external_task_marker_child to None, run_after=None
[2025-01-28T22:28:50.813+0000] {logging_mixin.py:190} INFO - [2025-01-28T22:28:50.813+0000] {dag.py:4180} INFO - Setting next_dagrun for example_external_task_marker_parent to None, run_after=None
[2025-01-28T22:28:50.833+0000] {processor.py:208} INFO - Processing /home/airflow/.local/lib/python3.12/site-packages/airflow/example_dags/example_external_task_marker_dag.py took 0.086 seconds
[2025-01-28T22:29:22.114+0000] {processor.py:186} INFO - Started process (PID=200) to work on /home/airflow/.local/lib/python3.12/site-packages/airflow/example_dags/example_external_task_marker_dag.py
[2025-01-28T22:29:22.116+0000] {processor.py:914} INFO - Processing file /home/airflow/.local/lib/python3.12/site-packages/airflow/example_dags/example_external_task_marker_dag.py for tasks to queue
[2025-01-28T22:29:22.119+0000] {logging_mixin.py:190} INFO - [2025-01-28T22:29:22.119+0000] {dagbag.py:588} INFO - Filling up the DagBag from /home/airflow/.local/lib/python3.12/site-packages/airflow/example_dags/example_external_task_marker_dag.py
[2025-01-28T22:29:22.128+0000] {processor.py:925} INFO - DAG(s) 'example_external_task_marker_parent', 'example_external_task_marker_child' retrieved from /home/airflow/.local/lib/python3.12/site-packages/airflow/example_dags/example_external_task_marker_dag.py
[2025-01-28T22:29:22.154+0000] {logging_mixin.py:190} INFO - [2025-01-28T22:29:22.154+0000] {dag.py:3239} INFO - Sync 2 DAGs
[2025-01-28T22:29:22.170+0000] {logging_mixin.py:190} INFO - [2025-01-28T22:29:22.170+0000] {dag.py:4180} INFO - Setting next_dagrun for example_external_task_marker_child to None, run_after=None
[2025-01-28T22:29:22.175+0000] {logging_mixin.py:190} INFO - [2025-01-28T22:29:22.175+0000] {dag.py:4180} INFO - Setting next_dagrun for example_external_task_marker_parent to None, run_after=None
[2025-01-28T22:29:22.195+0000] {processor.py:208} INFO - Processing /home/airflow/.local/lib/python3.12/site-packages/airflow/example_dags/example_external_task_marker_dag.py took 0.087 seconds
[2025-01-28T22:29:52.801+0000] {processor.py:186} INFO - Started process (PID=262) to work on /home/airflow/.local/lib/python3.12/site-packages/airflow/example_dags/example_external_task_marker_dag.py
[2025-01-28T22:29:52.802+0000] {processor.py:914} INFO - Processing file /home/airflow/.local/lib/python3.12/site-packages/airflow/example_dags/example_external_task_marker_dag.py for tasks to queue
[2025-01-28T22:29:52.805+0000] {logging_mixin.py:190} INFO - [2025-01-28T22:29:52.805+0000] {dagbag.py:588} INFO - Filling up the DagBag from /home/airflow/.local/lib/python3.12/site-packages/airflow/example_dags/example_external_task_marker_dag.py
[2025-01-28T22:29:52.814+0000] {processor.py:925} INFO - DAG(s) 'example_external_task_marker_child', 'example_external_task_marker_parent' retrieved from /home/airflow/.local/lib/python3.12/site-packages/airflow/example_dags/example_external_task_marker_dag.py
[2025-01-28T22:29:52.843+0000] {logging_mixin.py:190} INFO - [2025-01-28T22:29:52.843+0000] {dag.py:3239} INFO - Sync 2 DAGs
[2025-01-28T22:29:52.861+0000] {logging_mixin.py:190} INFO - [2025-01-28T22:29:52.861+0000] {dag.py:4180} INFO - Setting next_dagrun for example_external_task_marker_child to None, run_after=None
[2025-01-28T22:29:52.866+0000] {logging_mixin.py:190} INFO - [2025-01-28T22:29:52.865+0000] {dag.py:4180} INFO - Setting next_dagrun for example_external_task_marker_parent to None, run_after=None
[2025-01-28T22:29:52.893+0000] {processor.py:208} INFO - Processing /home/airflow/.local/lib/python3.12/site-packages/airflow/example_dags/example_external_task_marker_dag.py took 0.099 seconds
[2025-01-28T22:30:24.138+0000] {processor.py:186} INFO - Started process (PID=325) to work on /home/airflow/.local/lib/python3.12/site-packages/airflow/example_dags/example_external_task_marker_dag.py
[2025-01-28T22:30:24.140+0000] {processor.py:914} INFO - Processing file /home/airflow/.local/lib/python3.12/site-packages/airflow/example_dags/example_external_task_marker_dag.py for tasks to queue
[2025-01-28T22:30:24.143+0000] {logging_mixin.py:190} INFO - [2025-01-28T22:30:24.143+0000] {dagbag.py:588} INFO - Filling up the DagBag from /home/airflow/.local/lib/python3.12/site-packages/airflow/example_dags/example_external_task_marker_dag.py
[2025-01-28T22:30:24.152+0000] {processor.py:925} INFO - DAG(s) 'example_external_task_marker_parent', 'example_external_task_marker_child' retrieved from /home/airflow/.local/lib/python3.12/site-packages/airflow/example_dags/example_external_task_marker_dag.py
[2025-01-28T22:30:24.180+0000] {logging_mixin.py:190} INFO - [2025-01-28T22:30:24.179+0000] {dag.py:3239} INFO - Sync 2 DAGs
[2025-01-28T22:30:24.199+0000] {logging_mixin.py:190} INFO - [2025-01-28T22:30:24.199+0000] {dag.py:4180} INFO - Setting next_dagrun for example_external_task_marker_child to None, run_after=None
[2025-01-28T22:30:24.204+0000] {logging_mixin.py:190} INFO - [2025-01-28T22:30:24.204+0000] {dag.py:4180} INFO - Setting next_dagrun for example_external_task_marker_parent to None, run_after=None
[2025-01-28T22:30:24.235+0000] {processor.py:208} INFO - Processing /home/airflow/.local/lib/python3.12/site-packages/airflow/example_dags/example_external_task_marker_dag.py took 0.103 seconds
[2025-01-28T22:30:55.952+0000] {processor.py:186} INFO - Started process (PID=388) to work on /home/airflow/.local/lib/python3.12/site-packages/airflow/example_dags/example_external_task_marker_dag.py
[2025-01-28T22:30:55.953+0000] {processor.py:914} INFO - Processing file /home/airflow/.local/lib/python3.12/site-packages/airflow/example_dags/example_external_task_marker_dag.py for tasks to queue
[2025-01-28T22:30:55.956+0000] {logging_mixin.py:190} INFO - [2025-01-28T22:30:55.956+0000] {dagbag.py:588} INFO - Filling up the DagBag from /home/airflow/.local/lib/python3.12/site-packages/airflow/example_dags/example_external_task_marker_dag.py
[2025-01-28T22:30:55.965+0000] {processor.py:925} INFO - DAG(s) 'example_external_task_marker_parent', 'example_external_task_marker_child' retrieved from /home/airflow/.local/lib/python3.12/site-packages/airflow/example_dags/example_external_task_marker_dag.py
[2025-01-28T22:30:55.990+0000] {logging_mixin.py:190} INFO - [2025-01-28T22:30:55.989+0000] {dag.py:3239} INFO - Sync 2 DAGs
[2025-01-28T22:30:56.005+0000] {logging_mixin.py:190} INFO - [2025-01-28T22:30:56.005+0000] {dag.py:4180} INFO - Setting next_dagrun for example_external_task_marker_child to None, run_after=None
[2025-01-28T22:30:56.010+0000] {logging_mixin.py:190} INFO - [2025-01-28T22:30:56.010+0000] {dag.py:4180} INFO - Setting next_dagrun for example_external_task_marker_parent to None, run_after=None
[2025-01-28T22:30:56.039+0000] {processor.py:208} INFO - Processing /home/airflow/.local/lib/python3.12/site-packages/airflow/example_dags/example_external_task_marker_dag.py took 0.093 seconds
