[2025-01-28T22:09:22.229+0000] {processor.py:186} INFO - Started process (PID=94) to work on /home/airflow/.local/lib/python3.12/site-packages/airflow/example_dags/example_trigger_target_dag.py
[2025-01-28T22:09:22.230+0000] {processor.py:914} INFO - Processing file /home/airflow/.local/lib/python3.12/site-packages/airflow/example_dags/example_trigger_target_dag.py for tasks to queue
[2025-01-28T22:09:22.233+0000] {logging_mixin.py:190} INFO - [2025-01-28T22:09:22.232+0000] {dagbag.py:588} INFO - Filling up the DagBag from /home/airflow/.local/lib/python3.12/site-packages/airflow/example_dags/example_trigger_target_dag.py
[2025-01-28T22:09:22.242+0000] {processor.py:925} INFO - DAG(s) 'example_trigger_target_dag' retrieved from /home/airflow/.local/lib/python3.12/site-packages/airflow/example_dags/example_trigger_target_dag.py
[2025-01-28T22:09:22.368+0000] {logging_mixin.py:190} INFO - [2025-01-28T22:09:22.367+0000] {override.py:1911} INFO - Created Permission View: can delete on DAG:example_trigger_target_dag
[2025-01-28T22:09:22.383+0000] {logging_mixin.py:190} INFO - [2025-01-28T22:09:22.382+0000] {override.py:1911} INFO - Created Permission View: can edit on DAG:example_trigger_target_dag
[2025-01-28T22:09:22.393+0000] {logging_mixin.py:190} INFO - [2025-01-28T22:09:22.392+0000] {override.py:1911} INFO - Created Permission View: can read on DAG:example_trigger_target_dag
[2025-01-28T22:09:22.408+0000] {logging_mixin.py:190} INFO - [2025-01-28T22:09:22.407+0000] {override.py:1911} INFO - Created Permission View: can create on DAG Run:example_trigger_target_dag
[2025-01-28T22:09:22.419+0000] {logging_mixin.py:190} INFO - [2025-01-28T22:09:22.418+0000] {override.py:1911} INFO - Created Permission View: can delete on DAG Run:example_trigger_target_dag
[2025-01-28T22:09:22.428+0000] {logging_mixin.py:190} INFO - [2025-01-28T22:09:22.428+0000] {override.py:1911} INFO - Created Permission View: menu access on DAG Run:example_trigger_target_dag
[2025-01-28T22:09:22.437+0000] {logging_mixin.py:190} INFO - [2025-01-28T22:09:22.437+0000] {override.py:1911} INFO - Created Permission View: can read on DAG Run:example_trigger_target_dag
[2025-01-28T22:09:22.438+0000] {logging_mixin.py:190} INFO - [2025-01-28T22:09:22.438+0000] {dag.py:3239} INFO - Sync 1 DAGs
[2025-01-28T22:09:22.451+0000] {logging_mixin.py:190} INFO - [2025-01-28T22:09:22.451+0000] {dag.py:3262} INFO - Creating ORM DAG for example_trigger_target_dag
[2025-01-28T22:09:22.453+0000] {logging_mixin.py:190} INFO - [2025-01-28T22:09:22.453+0000] {dag.py:4180} INFO - Setting next_dagrun for example_trigger_target_dag to None, run_after=None
[2025-01-28T22:09:22.480+0000] {processor.py:208} INFO - Processing /home/airflow/.local/lib/python3.12/site-packages/airflow/example_dags/example_trigger_target_dag.py took 0.257 seconds
[2025-01-28T22:09:53.269+0000] {processor.py:186} INFO - Started process (PID=157) to work on /home/airflow/.local/lib/python3.12/site-packages/airflow/example_dags/example_trigger_target_dag.py
[2025-01-28T22:09:53.270+0000] {processor.py:914} INFO - Processing file /home/airflow/.local/lib/python3.12/site-packages/airflow/example_dags/example_trigger_target_dag.py for tasks to queue
[2025-01-28T22:09:53.273+0000] {logging_mixin.py:190} INFO - [2025-01-28T22:09:53.273+0000] {dagbag.py:588} INFO - Filling up the DagBag from /home/airflow/.local/lib/python3.12/site-packages/airflow/example_dags/example_trigger_target_dag.py
[2025-01-28T22:09:53.282+0000] {processor.py:925} INFO - DAG(s) 'example_trigger_target_dag' retrieved from /home/airflow/.local/lib/python3.12/site-packages/airflow/example_dags/example_trigger_target_dag.py
[2025-01-28T22:09:53.304+0000] {logging_mixin.py:190} INFO - [2025-01-28T22:09:53.304+0000] {dag.py:3239} INFO - Sync 1 DAGs
[2025-01-28T22:09:53.323+0000] {logging_mixin.py:190} INFO - [2025-01-28T22:09:53.323+0000] {dag.py:4180} INFO - Setting next_dagrun for example_trigger_target_dag to None, run_after=None
[2025-01-28T22:09:53.351+0000] {processor.py:208} INFO - Processing /home/airflow/.local/lib/python3.12/site-packages/airflow/example_dags/example_trigger_target_dag.py took 0.090 seconds
[2025-01-28T22:10:23.685+0000] {processor.py:186} INFO - Started process (PID=214) to work on /home/airflow/.local/lib/python3.12/site-packages/airflow/example_dags/example_trigger_target_dag.py
[2025-01-28T22:10:23.686+0000] {processor.py:914} INFO - Processing file /home/airflow/.local/lib/python3.12/site-packages/airflow/example_dags/example_trigger_target_dag.py for tasks to queue
[2025-01-28T22:10:23.689+0000] {logging_mixin.py:190} INFO - [2025-01-28T22:10:23.688+0000] {dagbag.py:588} INFO - Filling up the DagBag from /home/airflow/.local/lib/python3.12/site-packages/airflow/example_dags/example_trigger_target_dag.py
[2025-01-28T22:10:23.700+0000] {processor.py:925} INFO - DAG(s) 'example_trigger_target_dag' retrieved from /home/airflow/.local/lib/python3.12/site-packages/airflow/example_dags/example_trigger_target_dag.py
[2025-01-28T22:10:23.722+0000] {logging_mixin.py:190} INFO - [2025-01-28T22:10:23.721+0000] {dag.py:3239} INFO - Sync 1 DAGs
[2025-01-28T22:10:23.736+0000] {logging_mixin.py:190} INFO - [2025-01-28T22:10:23.736+0000] {dag.py:4180} INFO - Setting next_dagrun for example_trigger_target_dag to None, run_after=None
[2025-01-28T22:10:23.762+0000] {processor.py:208} INFO - Processing /home/airflow/.local/lib/python3.12/site-packages/airflow/example_dags/example_trigger_target_dag.py took 0.084 seconds
[2025-01-28T22:10:54.035+0000] {processor.py:186} INFO - Started process (PID=277) to work on /home/airflow/.local/lib/python3.12/site-packages/airflow/example_dags/example_trigger_target_dag.py
[2025-01-28T22:10:54.036+0000] {processor.py:914} INFO - Processing file /home/airflow/.local/lib/python3.12/site-packages/airflow/example_dags/example_trigger_target_dag.py for tasks to queue
[2025-01-28T22:10:54.039+0000] {logging_mixin.py:190} INFO - [2025-01-28T22:10:54.038+0000] {dagbag.py:588} INFO - Filling up the DagBag from /home/airflow/.local/lib/python3.12/site-packages/airflow/example_dags/example_trigger_target_dag.py
[2025-01-28T22:10:54.047+0000] {processor.py:925} INFO - DAG(s) 'example_trigger_target_dag' retrieved from /home/airflow/.local/lib/python3.12/site-packages/airflow/example_dags/example_trigger_target_dag.py
[2025-01-28T22:10:54.069+0000] {logging_mixin.py:190} INFO - [2025-01-28T22:10:54.069+0000] {dag.py:3239} INFO - Sync 1 DAGs
[2025-01-28T22:10:54.084+0000] {logging_mixin.py:190} INFO - [2025-01-28T22:10:54.084+0000] {dag.py:4180} INFO - Setting next_dagrun for example_trigger_target_dag to None, run_after=None
[2025-01-28T22:10:54.109+0000] {processor.py:208} INFO - Processing /home/airflow/.local/lib/python3.12/site-packages/airflow/example_dags/example_trigger_target_dag.py took 0.080 seconds
[2025-01-28T22:11:24.292+0000] {processor.py:186} INFO - Started process (PID=340) to work on /home/airflow/.local/lib/python3.12/site-packages/airflow/example_dags/example_trigger_target_dag.py
[2025-01-28T22:11:24.293+0000] {processor.py:914} INFO - Processing file /home/airflow/.local/lib/python3.12/site-packages/airflow/example_dags/example_trigger_target_dag.py for tasks to queue
[2025-01-28T22:11:24.296+0000] {logging_mixin.py:190} INFO - [2025-01-28T22:11:24.296+0000] {dagbag.py:588} INFO - Filling up the DagBag from /home/airflow/.local/lib/python3.12/site-packages/airflow/example_dags/example_trigger_target_dag.py
[2025-01-28T22:11:24.305+0000] {processor.py:925} INFO - DAG(s) 'example_trigger_target_dag' retrieved from /home/airflow/.local/lib/python3.12/site-packages/airflow/example_dags/example_trigger_target_dag.py
[2025-01-28T22:11:24.326+0000] {logging_mixin.py:190} INFO - [2025-01-28T22:11:24.326+0000] {dag.py:3239} INFO - Sync 1 DAGs
[2025-01-28T22:11:24.342+0000] {logging_mixin.py:190} INFO - [2025-01-28T22:11:24.341+0000] {dag.py:4180} INFO - Setting next_dagrun for example_trigger_target_dag to None, run_after=None
[2025-01-28T22:11:24.365+0000] {processor.py:208} INFO - Processing /home/airflow/.local/lib/python3.12/site-packages/airflow/example_dags/example_trigger_target_dag.py took 0.080 seconds
[2025-01-28T22:11:55.141+0000] {processor.py:186} INFO - Started process (PID=403) to work on /home/airflow/.local/lib/python3.12/site-packages/airflow/example_dags/example_trigger_target_dag.py
[2025-01-28T22:11:55.142+0000] {processor.py:914} INFO - Processing file /home/airflow/.local/lib/python3.12/site-packages/airflow/example_dags/example_trigger_target_dag.py for tasks to queue
[2025-01-28T22:11:55.145+0000] {logging_mixin.py:190} INFO - [2025-01-28T22:11:55.145+0000] {dagbag.py:588} INFO - Filling up the DagBag from /home/airflow/.local/lib/python3.12/site-packages/airflow/example_dags/example_trigger_target_dag.py
[2025-01-28T22:11:55.154+0000] {processor.py:925} INFO - DAG(s) 'example_trigger_target_dag' retrieved from /home/airflow/.local/lib/python3.12/site-packages/airflow/example_dags/example_trigger_target_dag.py
[2025-01-28T22:11:55.174+0000] {logging_mixin.py:190} INFO - [2025-01-28T22:11:55.174+0000] {dag.py:3239} INFO - Sync 1 DAGs
[2025-01-28T22:11:55.190+0000] {logging_mixin.py:190} INFO - [2025-01-28T22:11:55.190+0000] {dag.py:4180} INFO - Setting next_dagrun for example_trigger_target_dag to None, run_after=None
[2025-01-28T22:11:55.216+0000] {processor.py:208} INFO - Processing /home/airflow/.local/lib/python3.12/site-packages/airflow/example_dags/example_trigger_target_dag.py took 0.081 seconds
[2025-01-28T22:12:25.424+0000] {processor.py:186} INFO - Started process (PID=466) to work on /home/airflow/.local/lib/python3.12/site-packages/airflow/example_dags/example_trigger_target_dag.py
[2025-01-28T22:12:25.426+0000] {processor.py:914} INFO - Processing file /home/airflow/.local/lib/python3.12/site-packages/airflow/example_dags/example_trigger_target_dag.py for tasks to queue
[2025-01-28T22:12:25.429+0000] {logging_mixin.py:190} INFO - [2025-01-28T22:12:25.429+0000] {dagbag.py:588} INFO - Filling up the DagBag from /home/airflow/.local/lib/python3.12/site-packages/airflow/example_dags/example_trigger_target_dag.py
[2025-01-28T22:12:25.438+0000] {processor.py:925} INFO - DAG(s) 'example_trigger_target_dag' retrieved from /home/airflow/.local/lib/python3.12/site-packages/airflow/example_dags/example_trigger_target_dag.py
[2025-01-28T22:12:25.465+0000] {logging_mixin.py:190} INFO - [2025-01-28T22:12:25.465+0000] {dag.py:3239} INFO - Sync 1 DAGs
[2025-01-28T22:12:25.481+0000] {logging_mixin.py:190} INFO - [2025-01-28T22:12:25.480+0000] {dag.py:4180} INFO - Setting next_dagrun for example_trigger_target_dag to None, run_after=None
[2025-01-28T22:12:25.505+0000] {processor.py:208} INFO - Processing /home/airflow/.local/lib/python3.12/site-packages/airflow/example_dags/example_trigger_target_dag.py took 0.087 seconds
[2025-01-28T22:12:55.718+0000] {processor.py:186} INFO - Started process (PID=529) to work on /home/airflow/.local/lib/python3.12/site-packages/airflow/example_dags/example_trigger_target_dag.py
[2025-01-28T22:12:55.719+0000] {processor.py:914} INFO - Processing file /home/airflow/.local/lib/python3.12/site-packages/airflow/example_dags/example_trigger_target_dag.py for tasks to queue
[2025-01-28T22:12:55.722+0000] {logging_mixin.py:190} INFO - [2025-01-28T22:12:55.722+0000] {dagbag.py:588} INFO - Filling up the DagBag from /home/airflow/.local/lib/python3.12/site-packages/airflow/example_dags/example_trigger_target_dag.py
[2025-01-28T22:12:55.731+0000] {processor.py:925} INFO - DAG(s) 'example_trigger_target_dag' retrieved from /home/airflow/.local/lib/python3.12/site-packages/airflow/example_dags/example_trigger_target_dag.py
[2025-01-28T22:12:55.752+0000] {logging_mixin.py:190} INFO - [2025-01-28T22:12:55.752+0000] {dag.py:3239} INFO - Sync 1 DAGs
[2025-01-28T22:12:55.767+0000] {logging_mixin.py:190} INFO - [2025-01-28T22:12:55.767+0000] {dag.py:4180} INFO - Setting next_dagrun for example_trigger_target_dag to None, run_after=None
[2025-01-28T22:12:55.802+0000] {processor.py:208} INFO - Processing /home/airflow/.local/lib/python3.12/site-packages/airflow/example_dags/example_trigger_target_dag.py took 0.090 seconds
[2025-01-28T22:13:26.307+0000] {processor.py:186} INFO - Started process (PID=592) to work on /home/airflow/.local/lib/python3.12/site-packages/airflow/example_dags/example_trigger_target_dag.py
[2025-01-28T22:13:26.308+0000] {processor.py:914} INFO - Processing file /home/airflow/.local/lib/python3.12/site-packages/airflow/example_dags/example_trigger_target_dag.py for tasks to queue
[2025-01-28T22:13:26.311+0000] {logging_mixin.py:190} INFO - [2025-01-28T22:13:26.311+0000] {dagbag.py:588} INFO - Filling up the DagBag from /home/airflow/.local/lib/python3.12/site-packages/airflow/example_dags/example_trigger_target_dag.py
[2025-01-28T22:13:26.319+0000] {processor.py:925} INFO - DAG(s) 'example_trigger_target_dag' retrieved from /home/airflow/.local/lib/python3.12/site-packages/airflow/example_dags/example_trigger_target_dag.py
[2025-01-28T22:13:26.342+0000] {logging_mixin.py:190} INFO - [2025-01-28T22:13:26.341+0000] {dag.py:3239} INFO - Sync 1 DAGs
[2025-01-28T22:13:26.358+0000] {logging_mixin.py:190} INFO - [2025-01-28T22:13:26.357+0000] {dag.py:4180} INFO - Setting next_dagrun for example_trigger_target_dag to None, run_after=None
[2025-01-28T22:13:26.390+0000] {processor.py:208} INFO - Processing /home/airflow/.local/lib/python3.12/site-packages/airflow/example_dags/example_trigger_target_dag.py took 0.089 seconds
[2025-01-28T22:13:56.711+0000] {processor.py:186} INFO - Started process (PID=655) to work on /home/airflow/.local/lib/python3.12/site-packages/airflow/example_dags/example_trigger_target_dag.py
[2025-01-28T22:13:56.714+0000] {processor.py:914} INFO - Processing file /home/airflow/.local/lib/python3.12/site-packages/airflow/example_dags/example_trigger_target_dag.py for tasks to queue
[2025-01-28T22:13:56.716+0000] {logging_mixin.py:190} INFO - [2025-01-28T22:13:56.716+0000] {dagbag.py:588} INFO - Filling up the DagBag from /home/airflow/.local/lib/python3.12/site-packages/airflow/example_dags/example_trigger_target_dag.py
[2025-01-28T22:13:56.725+0000] {processor.py:925} INFO - DAG(s) 'example_trigger_target_dag' retrieved from /home/airflow/.local/lib/python3.12/site-packages/airflow/example_dags/example_trigger_target_dag.py
[2025-01-28T22:13:56.748+0000] {logging_mixin.py:190} INFO - [2025-01-28T22:13:56.748+0000] {dag.py:3239} INFO - Sync 1 DAGs
[2025-01-28T22:13:56.764+0000] {logging_mixin.py:190} INFO - [2025-01-28T22:13:56.763+0000] {dag.py:4180} INFO - Setting next_dagrun for example_trigger_target_dag to None, run_after=None
[2025-01-28T22:13:56.788+0000] {processor.py:208} INFO - Processing /home/airflow/.local/lib/python3.12/site-packages/airflow/example_dags/example_trigger_target_dag.py took 0.084 seconds
[2025-01-28T22:14:27.327+0000] {processor.py:186} INFO - Started process (PID=718) to work on /home/airflow/.local/lib/python3.12/site-packages/airflow/example_dags/example_trigger_target_dag.py
[2025-01-28T22:14:27.328+0000] {processor.py:914} INFO - Processing file /home/airflow/.local/lib/python3.12/site-packages/airflow/example_dags/example_trigger_target_dag.py for tasks to queue
[2025-01-28T22:14:27.331+0000] {logging_mixin.py:190} INFO - [2025-01-28T22:14:27.330+0000] {dagbag.py:588} INFO - Filling up the DagBag from /home/airflow/.local/lib/python3.12/site-packages/airflow/example_dags/example_trigger_target_dag.py
[2025-01-28T22:14:27.340+0000] {processor.py:925} INFO - DAG(s) 'example_trigger_target_dag' retrieved from /home/airflow/.local/lib/python3.12/site-packages/airflow/example_dags/example_trigger_target_dag.py
[2025-01-28T22:14:27.361+0000] {logging_mixin.py:190} INFO - [2025-01-28T22:14:27.361+0000] {dag.py:3239} INFO - Sync 1 DAGs
[2025-01-28T22:14:27.377+0000] {logging_mixin.py:190} INFO - [2025-01-28T22:14:27.377+0000] {dag.py:4180} INFO - Setting next_dagrun for example_trigger_target_dag to None, run_after=None
[2025-01-28T22:14:27.400+0000] {processor.py:208} INFO - Processing /home/airflow/.local/lib/python3.12/site-packages/airflow/example_dags/example_trigger_target_dag.py took 0.079 seconds
[2025-01-28T22:14:57.963+0000] {processor.py:186} INFO - Started process (PID=781) to work on /home/airflow/.local/lib/python3.12/site-packages/airflow/example_dags/example_trigger_target_dag.py
[2025-01-28T22:14:57.965+0000] {processor.py:914} INFO - Processing file /home/airflow/.local/lib/python3.12/site-packages/airflow/example_dags/example_trigger_target_dag.py for tasks to queue
[2025-01-28T22:14:57.968+0000] {logging_mixin.py:190} INFO - [2025-01-28T22:14:57.968+0000] {dagbag.py:588} INFO - Filling up the DagBag from /home/airflow/.local/lib/python3.12/site-packages/airflow/example_dags/example_trigger_target_dag.py
[2025-01-28T22:14:57.977+0000] {processor.py:925} INFO - DAG(s) 'example_trigger_target_dag' retrieved from /home/airflow/.local/lib/python3.12/site-packages/airflow/example_dags/example_trigger_target_dag.py
[2025-01-28T22:14:58.002+0000] {logging_mixin.py:190} INFO - [2025-01-28T22:14:58.002+0000] {dag.py:3239} INFO - Sync 1 DAGs
[2025-01-28T22:14:58.022+0000] {logging_mixin.py:190} INFO - [2025-01-28T22:14:58.021+0000] {dag.py:4180} INFO - Setting next_dagrun for example_trigger_target_dag to None, run_after=None
[2025-01-28T22:14:58.048+0000] {processor.py:208} INFO - Processing /home/airflow/.local/lib/python3.12/site-packages/airflow/example_dags/example_trigger_target_dag.py took 0.091 seconds
[2025-01-28T22:15:28.562+0000] {processor.py:186} INFO - Started process (PID=844) to work on /home/airflow/.local/lib/python3.12/site-packages/airflow/example_dags/example_trigger_target_dag.py
[2025-01-28T22:15:28.564+0000] {processor.py:914} INFO - Processing file /home/airflow/.local/lib/python3.12/site-packages/airflow/example_dags/example_trigger_target_dag.py for tasks to queue
[2025-01-28T22:15:28.566+0000] {logging_mixin.py:190} INFO - [2025-01-28T22:15:28.566+0000] {dagbag.py:588} INFO - Filling up the DagBag from /home/airflow/.local/lib/python3.12/site-packages/airflow/example_dags/example_trigger_target_dag.py
[2025-01-28T22:15:28.575+0000] {processor.py:925} INFO - DAG(s) 'example_trigger_target_dag' retrieved from /home/airflow/.local/lib/python3.12/site-packages/airflow/example_dags/example_trigger_target_dag.py
[2025-01-28T22:15:28.597+0000] {logging_mixin.py:190} INFO - [2025-01-28T22:15:28.597+0000] {dag.py:3239} INFO - Sync 1 DAGs
[2025-01-28T22:15:28.613+0000] {logging_mixin.py:190} INFO - [2025-01-28T22:15:28.613+0000] {dag.py:4180} INFO - Setting next_dagrun for example_trigger_target_dag to None, run_after=None
[2025-01-28T22:15:28.637+0000] {processor.py:208} INFO - Processing /home/airflow/.local/lib/python3.12/site-packages/airflow/example_dags/example_trigger_target_dag.py took 0.080 seconds
[2025-01-28T22:15:58.988+0000] {processor.py:186} INFO - Started process (PID=907) to work on /home/airflow/.local/lib/python3.12/site-packages/airflow/example_dags/example_trigger_target_dag.py
[2025-01-28T22:15:58.989+0000] {processor.py:914} INFO - Processing file /home/airflow/.local/lib/python3.12/site-packages/airflow/example_dags/example_trigger_target_dag.py for tasks to queue
[2025-01-28T22:15:58.992+0000] {logging_mixin.py:190} INFO - [2025-01-28T22:15:58.991+0000] {dagbag.py:588} INFO - Filling up the DagBag from /home/airflow/.local/lib/python3.12/site-packages/airflow/example_dags/example_trigger_target_dag.py
[2025-01-28T22:15:59.001+0000] {processor.py:925} INFO - DAG(s) 'example_trigger_target_dag' retrieved from /home/airflow/.local/lib/python3.12/site-packages/airflow/example_dags/example_trigger_target_dag.py
[2025-01-28T22:15:59.024+0000] {logging_mixin.py:190} INFO - [2025-01-28T22:15:59.023+0000] {dag.py:3239} INFO - Sync 1 DAGs
[2025-01-28T22:15:59.040+0000] {logging_mixin.py:190} INFO - [2025-01-28T22:15:59.039+0000] {dag.py:4180} INFO - Setting next_dagrun for example_trigger_target_dag to None, run_after=None
[2025-01-28T22:15:59.065+0000] {processor.py:208} INFO - Processing /home/airflow/.local/lib/python3.12/site-packages/airflow/example_dags/example_trigger_target_dag.py took 0.084 seconds
[2025-01-28T22:16:29.651+0000] {processor.py:186} INFO - Started process (PID=971) to work on /home/airflow/.local/lib/python3.12/site-packages/airflow/example_dags/example_trigger_target_dag.py
[2025-01-28T22:16:29.652+0000] {processor.py:914} INFO - Processing file /home/airflow/.local/lib/python3.12/site-packages/airflow/example_dags/example_trigger_target_dag.py for tasks to queue
[2025-01-28T22:16:29.656+0000] {logging_mixin.py:190} INFO - [2025-01-28T22:16:29.655+0000] {dagbag.py:588} INFO - Filling up the DagBag from /home/airflow/.local/lib/python3.12/site-packages/airflow/example_dags/example_trigger_target_dag.py
[2025-01-28T22:16:29.665+0000] {processor.py:925} INFO - DAG(s) 'example_trigger_target_dag' retrieved from /home/airflow/.local/lib/python3.12/site-packages/airflow/example_dags/example_trigger_target_dag.py
[2025-01-28T22:16:29.687+0000] {logging_mixin.py:190} INFO - [2025-01-28T22:16:29.686+0000] {dag.py:3239} INFO - Sync 1 DAGs
[2025-01-28T22:16:29.702+0000] {logging_mixin.py:190} INFO - [2025-01-28T22:16:29.702+0000] {dag.py:4180} INFO - Setting next_dagrun for example_trigger_target_dag to None, run_after=None
[2025-01-28T22:16:29.731+0000] {processor.py:208} INFO - Processing /home/airflow/.local/lib/python3.12/site-packages/airflow/example_dags/example_trigger_target_dag.py took 0.086 seconds
[2025-01-28T22:17:00.071+0000] {processor.py:186} INFO - Started process (PID=1034) to work on /home/airflow/.local/lib/python3.12/site-packages/airflow/example_dags/example_trigger_target_dag.py
[2025-01-28T22:17:00.072+0000] {processor.py:914} INFO - Processing file /home/airflow/.local/lib/python3.12/site-packages/airflow/example_dags/example_trigger_target_dag.py for tasks to queue
[2025-01-28T22:17:00.075+0000] {logging_mixin.py:190} INFO - [2025-01-28T22:17:00.075+0000] {dagbag.py:588} INFO - Filling up the DagBag from /home/airflow/.local/lib/python3.12/site-packages/airflow/example_dags/example_trigger_target_dag.py
[2025-01-28T22:17:00.086+0000] {processor.py:925} INFO - DAG(s) 'example_trigger_target_dag' retrieved from /home/airflow/.local/lib/python3.12/site-packages/airflow/example_dags/example_trigger_target_dag.py
[2025-01-28T22:17:00.109+0000] {logging_mixin.py:190} INFO - [2025-01-28T22:17:00.108+0000] {dag.py:3239} INFO - Sync 1 DAGs
[2025-01-28T22:17:00.125+0000] {logging_mixin.py:190} INFO - [2025-01-28T22:17:00.125+0000] {dag.py:4180} INFO - Setting next_dagrun for example_trigger_target_dag to None, run_after=None
[2025-01-28T22:17:00.162+0000] {processor.py:208} INFO - Processing /home/airflow/.local/lib/python3.12/site-packages/airflow/example_dags/example_trigger_target_dag.py took 0.098 seconds
[2025-01-28T22:17:30.432+0000] {processor.py:186} INFO - Started process (PID=1097) to work on /home/airflow/.local/lib/python3.12/site-packages/airflow/example_dags/example_trigger_target_dag.py
[2025-01-28T22:17:30.434+0000] {processor.py:914} INFO - Processing file /home/airflow/.local/lib/python3.12/site-packages/airflow/example_dags/example_trigger_target_dag.py for tasks to queue
[2025-01-28T22:17:30.437+0000] {logging_mixin.py:190} INFO - [2025-01-28T22:17:30.436+0000] {dagbag.py:588} INFO - Filling up the DagBag from /home/airflow/.local/lib/python3.12/site-packages/airflow/example_dags/example_trigger_target_dag.py
[2025-01-28T22:17:30.445+0000] {processor.py:925} INFO - DAG(s) 'example_trigger_target_dag' retrieved from /home/airflow/.local/lib/python3.12/site-packages/airflow/example_dags/example_trigger_target_dag.py
[2025-01-28T22:17:30.469+0000] {logging_mixin.py:190} INFO - [2025-01-28T22:17:30.469+0000] {dag.py:3239} INFO - Sync 1 DAGs
[2025-01-28T22:17:30.486+0000] {logging_mixin.py:190} INFO - [2025-01-28T22:17:30.485+0000] {dag.py:4180} INFO - Setting next_dagrun for example_trigger_target_dag to None, run_after=None
[2025-01-28T22:17:30.510+0000] {processor.py:208} INFO - Processing /home/airflow/.local/lib/python3.12/site-packages/airflow/example_dags/example_trigger_target_dag.py took 0.084 seconds
[2025-01-28T22:18:01.133+0000] {processor.py:186} INFO - Started process (PID=1160) to work on /home/airflow/.local/lib/python3.12/site-packages/airflow/example_dags/example_trigger_target_dag.py
[2025-01-28T22:18:01.134+0000] {processor.py:914} INFO - Processing file /home/airflow/.local/lib/python3.12/site-packages/airflow/example_dags/example_trigger_target_dag.py for tasks to queue
[2025-01-28T22:18:01.138+0000] {logging_mixin.py:190} INFO - [2025-01-28T22:18:01.137+0000] {dagbag.py:588} INFO - Filling up the DagBag from /home/airflow/.local/lib/python3.12/site-packages/airflow/example_dags/example_trigger_target_dag.py
[2025-01-28T22:18:01.147+0000] {processor.py:925} INFO - DAG(s) 'example_trigger_target_dag' retrieved from /home/airflow/.local/lib/python3.12/site-packages/airflow/example_dags/example_trigger_target_dag.py
[2025-01-28T22:18:01.170+0000] {logging_mixin.py:190} INFO - [2025-01-28T22:18:01.169+0000] {dag.py:3239} INFO - Sync 1 DAGs
[2025-01-28T22:18:01.185+0000] {logging_mixin.py:190} INFO - [2025-01-28T22:18:01.185+0000] {dag.py:4180} INFO - Setting next_dagrun for example_trigger_target_dag to None, run_after=None
[2025-01-28T22:18:01.209+0000] {processor.py:208} INFO - Processing /home/airflow/.local/lib/python3.12/site-packages/airflow/example_dags/example_trigger_target_dag.py took 0.082 seconds
[2025-01-28T22:18:31.306+0000] {processor.py:186} INFO - Started process (PID=1223) to work on /home/airflow/.local/lib/python3.12/site-packages/airflow/example_dags/example_trigger_target_dag.py
[2025-01-28T22:18:31.308+0000] {processor.py:914} INFO - Processing file /home/airflow/.local/lib/python3.12/site-packages/airflow/example_dags/example_trigger_target_dag.py for tasks to queue
[2025-01-28T22:18:31.310+0000] {logging_mixin.py:190} INFO - [2025-01-28T22:18:31.310+0000] {dagbag.py:588} INFO - Filling up the DagBag from /home/airflow/.local/lib/python3.12/site-packages/airflow/example_dags/example_trigger_target_dag.py
[2025-01-28T22:18:31.319+0000] {processor.py:925} INFO - DAG(s) 'example_trigger_target_dag' retrieved from /home/airflow/.local/lib/python3.12/site-packages/airflow/example_dags/example_trigger_target_dag.py
[2025-01-28T22:18:31.342+0000] {logging_mixin.py:190} INFO - [2025-01-28T22:18:31.341+0000] {dag.py:3239} INFO - Sync 1 DAGs
[2025-01-28T22:18:31.357+0000] {logging_mixin.py:190} INFO - [2025-01-28T22:18:31.357+0000] {dag.py:4180} INFO - Setting next_dagrun for example_trigger_target_dag to None, run_after=None
[2025-01-28T22:18:31.382+0000] {processor.py:208} INFO - Processing /home/airflow/.local/lib/python3.12/site-packages/airflow/example_dags/example_trigger_target_dag.py took 0.082 seconds
[2025-01-28T22:19:01.504+0000] {processor.py:186} INFO - Started process (PID=1286) to work on /home/airflow/.local/lib/python3.12/site-packages/airflow/example_dags/example_trigger_target_dag.py
[2025-01-28T22:19:01.505+0000] {processor.py:914} INFO - Processing file /home/airflow/.local/lib/python3.12/site-packages/airflow/example_dags/example_trigger_target_dag.py for tasks to queue
[2025-01-28T22:19:01.508+0000] {logging_mixin.py:190} INFO - [2025-01-28T22:19:01.508+0000] {dagbag.py:588} INFO - Filling up the DagBag from /home/airflow/.local/lib/python3.12/site-packages/airflow/example_dags/example_trigger_target_dag.py
[2025-01-28T22:19:01.519+0000] {processor.py:925} INFO - DAG(s) 'example_trigger_target_dag' retrieved from /home/airflow/.local/lib/python3.12/site-packages/airflow/example_dags/example_trigger_target_dag.py
[2025-01-28T22:19:01.542+0000] {logging_mixin.py:190} INFO - [2025-01-28T22:19:01.542+0000] {dag.py:3239} INFO - Sync 1 DAGs
[2025-01-28T22:19:01.559+0000] {logging_mixin.py:190} INFO - [2025-01-28T22:19:01.558+0000] {dag.py:4180} INFO - Setting next_dagrun for example_trigger_target_dag to None, run_after=None
[2025-01-28T22:19:01.584+0000] {processor.py:208} INFO - Processing /home/airflow/.local/lib/python3.12/site-packages/airflow/example_dags/example_trigger_target_dag.py took 0.087 seconds
[2025-01-28T22:19:31.780+0000] {processor.py:186} INFO - Started process (PID=1349) to work on /home/airflow/.local/lib/python3.12/site-packages/airflow/example_dags/example_trigger_target_dag.py
[2025-01-28T22:19:31.781+0000] {processor.py:914} INFO - Processing file /home/airflow/.local/lib/python3.12/site-packages/airflow/example_dags/example_trigger_target_dag.py for tasks to queue
[2025-01-28T22:19:31.784+0000] {logging_mixin.py:190} INFO - [2025-01-28T22:19:31.783+0000] {dagbag.py:588} INFO - Filling up the DagBag from /home/airflow/.local/lib/python3.12/site-packages/airflow/example_dags/example_trigger_target_dag.py
[2025-01-28T22:19:31.792+0000] {processor.py:925} INFO - DAG(s) 'example_trigger_target_dag' retrieved from /home/airflow/.local/lib/python3.12/site-packages/airflow/example_dags/example_trigger_target_dag.py
[2025-01-28T22:19:31.813+0000] {logging_mixin.py:190} INFO - [2025-01-28T22:19:31.813+0000] {dag.py:3239} INFO - Sync 1 DAGs
[2025-01-28T22:19:31.829+0000] {logging_mixin.py:190} INFO - [2025-01-28T22:19:31.829+0000] {dag.py:4180} INFO - Setting next_dagrun for example_trigger_target_dag to None, run_after=None
[2025-01-28T22:19:31.853+0000] {processor.py:208} INFO - Processing /home/airflow/.local/lib/python3.12/site-packages/airflow/example_dags/example_trigger_target_dag.py took 0.079 seconds
[2025-01-28T22:20:03.308+0000] {processor.py:186} INFO - Started process (PID=1412) to work on /home/airflow/.local/lib/python3.12/site-packages/airflow/example_dags/example_trigger_target_dag.py
[2025-01-28T22:20:03.310+0000] {processor.py:914} INFO - Processing file /home/airflow/.local/lib/python3.12/site-packages/airflow/example_dags/example_trigger_target_dag.py for tasks to queue
[2025-01-28T22:20:03.313+0000] {logging_mixin.py:190} INFO - [2025-01-28T22:20:03.312+0000] {dagbag.py:588} INFO - Filling up the DagBag from /home/airflow/.local/lib/python3.12/site-packages/airflow/example_dags/example_trigger_target_dag.py
[2025-01-28T22:20:03.322+0000] {processor.py:925} INFO - DAG(s) 'example_trigger_target_dag' retrieved from /home/airflow/.local/lib/python3.12/site-packages/airflow/example_dags/example_trigger_target_dag.py
[2025-01-28T22:20:03.342+0000] {logging_mixin.py:190} INFO - [2025-01-28T22:20:03.341+0000] {dag.py:3239} INFO - Sync 1 DAGs
[2025-01-28T22:20:03.357+0000] {logging_mixin.py:190} INFO - [2025-01-28T22:20:03.357+0000] {dag.py:4180} INFO - Setting next_dagrun for example_trigger_target_dag to None, run_after=None
[2025-01-28T22:20:03.380+0000] {processor.py:208} INFO - Processing /home/airflow/.local/lib/python3.12/site-packages/airflow/example_dags/example_trigger_target_dag.py took 0.078 seconds
[2025-01-28T22:20:33.705+0000] {processor.py:186} INFO - Started process (PID=1475) to work on /home/airflow/.local/lib/python3.12/site-packages/airflow/example_dags/example_trigger_target_dag.py
[2025-01-28T22:20:33.706+0000] {processor.py:914} INFO - Processing file /home/airflow/.local/lib/python3.12/site-packages/airflow/example_dags/example_trigger_target_dag.py for tasks to queue
[2025-01-28T22:20:33.709+0000] {logging_mixin.py:190} INFO - [2025-01-28T22:20:33.709+0000] {dagbag.py:588} INFO - Filling up the DagBag from /home/airflow/.local/lib/python3.12/site-packages/airflow/example_dags/example_trigger_target_dag.py
[2025-01-28T22:20:33.719+0000] {processor.py:925} INFO - DAG(s) 'example_trigger_target_dag' retrieved from /home/airflow/.local/lib/python3.12/site-packages/airflow/example_dags/example_trigger_target_dag.py
[2025-01-28T22:20:33.739+0000] {logging_mixin.py:190} INFO - [2025-01-28T22:20:33.739+0000] {dag.py:3239} INFO - Sync 1 DAGs
[2025-01-28T22:20:33.755+0000] {logging_mixin.py:190} INFO - [2025-01-28T22:20:33.754+0000] {dag.py:4180} INFO - Setting next_dagrun for example_trigger_target_dag to None, run_after=None
[2025-01-28T22:20:33.778+0000] {processor.py:208} INFO - Processing /home/airflow/.local/lib/python3.12/site-packages/airflow/example_dags/example_trigger_target_dag.py took 0.080 seconds
[2025-01-28T22:21:04.938+0000] {processor.py:186} INFO - Started process (PID=1531) to work on /home/airflow/.local/lib/python3.12/site-packages/airflow/example_dags/example_trigger_target_dag.py
[2025-01-28T22:21:04.940+0000] {processor.py:914} INFO - Processing file /home/airflow/.local/lib/python3.12/site-packages/airflow/example_dags/example_trigger_target_dag.py for tasks to queue
[2025-01-28T22:21:04.943+0000] {logging_mixin.py:190} INFO - [2025-01-28T22:21:04.942+0000] {dagbag.py:588} INFO - Filling up the DagBag from /home/airflow/.local/lib/python3.12/site-packages/airflow/example_dags/example_trigger_target_dag.py
[2025-01-28T22:21:04.953+0000] {processor.py:925} INFO - DAG(s) 'example_trigger_target_dag' retrieved from /home/airflow/.local/lib/python3.12/site-packages/airflow/example_dags/example_trigger_target_dag.py
[2025-01-28T22:21:04.976+0000] {logging_mixin.py:190} INFO - [2025-01-28T22:21:04.976+0000] {dag.py:3239} INFO - Sync 1 DAGs
[2025-01-28T22:21:04.994+0000] {logging_mixin.py:190} INFO - [2025-01-28T22:21:04.993+0000] {dag.py:4180} INFO - Setting next_dagrun for example_trigger_target_dag to None, run_after=None
[2025-01-28T22:21:05.018+0000] {processor.py:208} INFO - Processing /home/airflow/.local/lib/python3.12/site-packages/airflow/example_dags/example_trigger_target_dag.py took 0.087 seconds
[2025-01-28T22:21:35.826+0000] {processor.py:186} INFO - Started process (PID=1594) to work on /home/airflow/.local/lib/python3.12/site-packages/airflow/example_dags/example_trigger_target_dag.py
[2025-01-28T22:21:35.827+0000] {processor.py:914} INFO - Processing file /home/airflow/.local/lib/python3.12/site-packages/airflow/example_dags/example_trigger_target_dag.py for tasks to queue
[2025-01-28T22:21:35.830+0000] {logging_mixin.py:190} INFO - [2025-01-28T22:21:35.830+0000] {dagbag.py:588} INFO - Filling up the DagBag from /home/airflow/.local/lib/python3.12/site-packages/airflow/example_dags/example_trigger_target_dag.py
[2025-01-28T22:21:35.839+0000] {processor.py:925} INFO - DAG(s) 'example_trigger_target_dag' retrieved from /home/airflow/.local/lib/python3.12/site-packages/airflow/example_dags/example_trigger_target_dag.py
[2025-01-28T22:21:35.861+0000] {logging_mixin.py:190} INFO - [2025-01-28T22:21:35.861+0000] {dag.py:3239} INFO - Sync 1 DAGs
[2025-01-28T22:21:35.877+0000] {logging_mixin.py:190} INFO - [2025-01-28T22:21:35.877+0000] {dag.py:4180} INFO - Setting next_dagrun for example_trigger_target_dag to None, run_after=None
[2025-01-28T22:21:35.908+0000] {processor.py:208} INFO - Processing /home/airflow/.local/lib/python3.12/site-packages/airflow/example_dags/example_trigger_target_dag.py took 0.089 seconds
[2025-01-28T22:22:07.237+0000] {processor.py:186} INFO - Started process (PID=1657) to work on /home/airflow/.local/lib/python3.12/site-packages/airflow/example_dags/example_trigger_target_dag.py
[2025-01-28T22:22:07.238+0000] {processor.py:914} INFO - Processing file /home/airflow/.local/lib/python3.12/site-packages/airflow/example_dags/example_trigger_target_dag.py for tasks to queue
[2025-01-28T22:22:07.240+0000] {logging_mixin.py:190} INFO - [2025-01-28T22:22:07.240+0000] {dagbag.py:588} INFO - Filling up the DagBag from /home/airflow/.local/lib/python3.12/site-packages/airflow/example_dags/example_trigger_target_dag.py
[2025-01-28T22:22:07.249+0000] {processor.py:925} INFO - DAG(s) 'example_trigger_target_dag' retrieved from /home/airflow/.local/lib/python3.12/site-packages/airflow/example_dags/example_trigger_target_dag.py
[2025-01-28T22:22:07.270+0000] {logging_mixin.py:190} INFO - [2025-01-28T22:22:07.270+0000] {dag.py:3239} INFO - Sync 1 DAGs
[2025-01-28T22:22:07.286+0000] {logging_mixin.py:190} INFO - [2025-01-28T22:22:07.286+0000] {dag.py:4180} INFO - Setting next_dagrun for example_trigger_target_dag to None, run_after=None
[2025-01-28T22:22:07.315+0000] {processor.py:208} INFO - Processing /home/airflow/.local/lib/python3.12/site-packages/airflow/example_dags/example_trigger_target_dag.py took 0.085 seconds
[2025-01-28T22:22:38.630+0000] {processor.py:186} INFO - Started process (PID=1720) to work on /home/airflow/.local/lib/python3.12/site-packages/airflow/example_dags/example_trigger_target_dag.py
[2025-01-28T22:22:38.631+0000] {processor.py:914} INFO - Processing file /home/airflow/.local/lib/python3.12/site-packages/airflow/example_dags/example_trigger_target_dag.py for tasks to queue
[2025-01-28T22:22:38.634+0000] {logging_mixin.py:190} INFO - [2025-01-28T22:22:38.634+0000] {dagbag.py:588} INFO - Filling up the DagBag from /home/airflow/.local/lib/python3.12/site-packages/airflow/example_dags/example_trigger_target_dag.py
[2025-01-28T22:22:38.643+0000] {processor.py:925} INFO - DAG(s) 'example_trigger_target_dag' retrieved from /home/airflow/.local/lib/python3.12/site-packages/airflow/example_dags/example_trigger_target_dag.py
[2025-01-28T22:22:38.665+0000] {logging_mixin.py:190} INFO - [2025-01-28T22:22:38.665+0000] {dag.py:3239} INFO - Sync 1 DAGs
[2025-01-28T22:22:38.685+0000] {logging_mixin.py:190} INFO - [2025-01-28T22:22:38.684+0000] {dag.py:4180} INFO - Setting next_dagrun for example_trigger_target_dag to None, run_after=None
[2025-01-28T22:22:38.711+0000] {processor.py:208} INFO - Processing /home/airflow/.local/lib/python3.12/site-packages/airflow/example_dags/example_trigger_target_dag.py took 0.087 seconds
[2025-01-28T22:23:10.578+0000] {processor.py:186} INFO - Started process (PID=1783) to work on /home/airflow/.local/lib/python3.12/site-packages/airflow/example_dags/example_trigger_target_dag.py
[2025-01-28T22:23:10.579+0000] {processor.py:914} INFO - Processing file /home/airflow/.local/lib/python3.12/site-packages/airflow/example_dags/example_trigger_target_dag.py for tasks to queue
[2025-01-28T22:23:10.582+0000] {logging_mixin.py:190} INFO - [2025-01-28T22:23:10.582+0000] {dagbag.py:588} INFO - Filling up the DagBag from /home/airflow/.local/lib/python3.12/site-packages/airflow/example_dags/example_trigger_target_dag.py
[2025-01-28T22:23:10.591+0000] {processor.py:925} INFO - DAG(s) 'example_trigger_target_dag' retrieved from /home/airflow/.local/lib/python3.12/site-packages/airflow/example_dags/example_trigger_target_dag.py
[2025-01-28T22:23:10.615+0000] {logging_mixin.py:190} INFO - [2025-01-28T22:23:10.615+0000] {dag.py:3239} INFO - Sync 1 DAGs
[2025-01-28T22:23:10.640+0000] {logging_mixin.py:190} INFO - [2025-01-28T22:23:10.640+0000] {dag.py:4180} INFO - Setting next_dagrun for example_trigger_target_dag to None, run_after=None
[2025-01-28T22:23:10.662+0000] {processor.py:208} INFO - Processing /home/airflow/.local/lib/python3.12/site-packages/airflow/example_dags/example_trigger_target_dag.py took 0.091 seconds
[2025-01-28T22:23:42.140+0000] {processor.py:186} INFO - Started process (PID=1846) to work on /home/airflow/.local/lib/python3.12/site-packages/airflow/example_dags/example_trigger_target_dag.py
[2025-01-28T22:23:42.142+0000] {processor.py:914} INFO - Processing file /home/airflow/.local/lib/python3.12/site-packages/airflow/example_dags/example_trigger_target_dag.py for tasks to queue
[2025-01-28T22:23:42.145+0000] {logging_mixin.py:190} INFO - [2025-01-28T22:23:42.145+0000] {dagbag.py:588} INFO - Filling up the DagBag from /home/airflow/.local/lib/python3.12/site-packages/airflow/example_dags/example_trigger_target_dag.py
[2025-01-28T22:23:42.154+0000] {processor.py:925} INFO - DAG(s) 'example_trigger_target_dag' retrieved from /home/airflow/.local/lib/python3.12/site-packages/airflow/example_dags/example_trigger_target_dag.py
[2025-01-28T22:23:42.175+0000] {logging_mixin.py:190} INFO - [2025-01-28T22:23:42.175+0000] {dag.py:3239} INFO - Sync 1 DAGs
[2025-01-28T22:23:42.190+0000] {logging_mixin.py:190} INFO - [2025-01-28T22:23:42.190+0000] {dag.py:4180} INFO - Setting next_dagrun for example_trigger_target_dag to None, run_after=None
[2025-01-28T22:23:42.214+0000] {processor.py:208} INFO - Processing /home/airflow/.local/lib/python3.12/site-packages/airflow/example_dags/example_trigger_target_dag.py took 0.080 seconds
[2025-01-28T22:24:13.151+0000] {processor.py:186} INFO - Started process (PID=1909) to work on /home/airflow/.local/lib/python3.12/site-packages/airflow/example_dags/example_trigger_target_dag.py
[2025-01-28T22:24:13.152+0000] {processor.py:914} INFO - Processing file /home/airflow/.local/lib/python3.12/site-packages/airflow/example_dags/example_trigger_target_dag.py for tasks to queue
[2025-01-28T22:24:13.155+0000] {logging_mixin.py:190} INFO - [2025-01-28T22:24:13.155+0000] {dagbag.py:588} INFO - Filling up the DagBag from /home/airflow/.local/lib/python3.12/site-packages/airflow/example_dags/example_trigger_target_dag.py
[2025-01-28T22:24:13.164+0000] {processor.py:925} INFO - DAG(s) 'example_trigger_target_dag' retrieved from /home/airflow/.local/lib/python3.12/site-packages/airflow/example_dags/example_trigger_target_dag.py
[2025-01-28T22:24:13.186+0000] {logging_mixin.py:190} INFO - [2025-01-28T22:24:13.185+0000] {dag.py:3239} INFO - Sync 1 DAGs
[2025-01-28T22:24:13.202+0000] {logging_mixin.py:190} INFO - [2025-01-28T22:24:13.201+0000] {dag.py:4180} INFO - Setting next_dagrun for example_trigger_target_dag to None, run_after=None
[2025-01-28T22:24:13.230+0000] {processor.py:208} INFO - Processing /home/airflow/.local/lib/python3.12/site-packages/airflow/example_dags/example_trigger_target_dag.py took 0.086 seconds
[2025-01-28T22:24:44.623+0000] {processor.py:186} INFO - Started process (PID=1972) to work on /home/airflow/.local/lib/python3.12/site-packages/airflow/example_dags/example_trigger_target_dag.py
[2025-01-28T22:24:44.625+0000] {processor.py:914} INFO - Processing file /home/airflow/.local/lib/python3.12/site-packages/airflow/example_dags/example_trigger_target_dag.py for tasks to queue
[2025-01-28T22:24:44.629+0000] {logging_mixin.py:190} INFO - [2025-01-28T22:24:44.628+0000] {dagbag.py:588} INFO - Filling up the DagBag from /home/airflow/.local/lib/python3.12/site-packages/airflow/example_dags/example_trigger_target_dag.py
[2025-01-28T22:24:44.639+0000] {processor.py:925} INFO - DAG(s) 'example_trigger_target_dag' retrieved from /home/airflow/.local/lib/python3.12/site-packages/airflow/example_dags/example_trigger_target_dag.py
[2025-01-28T22:24:44.665+0000] {logging_mixin.py:190} INFO - [2025-01-28T22:24:44.664+0000] {dag.py:3239} INFO - Sync 1 DAGs
[2025-01-28T22:24:44.686+0000] {logging_mixin.py:190} INFO - [2025-01-28T22:24:44.685+0000] {dag.py:4180} INFO - Setting next_dagrun for example_trigger_target_dag to None, run_after=None
[2025-01-28T22:24:44.710+0000] {processor.py:208} INFO - Processing /home/airflow/.local/lib/python3.12/site-packages/airflow/example_dags/example_trigger_target_dag.py took 0.094 seconds
[2025-01-28T22:25:15.524+0000] {processor.py:186} INFO - Started process (PID=2035) to work on /home/airflow/.local/lib/python3.12/site-packages/airflow/example_dags/example_trigger_target_dag.py
[2025-01-28T22:25:15.535+0000] {processor.py:914} INFO - Processing file /home/airflow/.local/lib/python3.12/site-packages/airflow/example_dags/example_trigger_target_dag.py for tasks to queue
[2025-01-28T22:25:15.538+0000] {logging_mixin.py:190} INFO - [2025-01-28T22:25:15.538+0000] {dagbag.py:588} INFO - Filling up the DagBag from /home/airflow/.local/lib/python3.12/site-packages/airflow/example_dags/example_trigger_target_dag.py
[2025-01-28T22:25:15.549+0000] {processor.py:925} INFO - DAG(s) 'example_trigger_target_dag' retrieved from /home/airflow/.local/lib/python3.12/site-packages/airflow/example_dags/example_trigger_target_dag.py
[2025-01-28T22:25:15.576+0000] {logging_mixin.py:190} INFO - [2025-01-28T22:25:15.576+0000] {dag.py:3239} INFO - Sync 1 DAGs
[2025-01-28T22:25:15.596+0000] {logging_mixin.py:190} INFO - [2025-01-28T22:25:15.595+0000] {dag.py:4180} INFO - Setting next_dagrun for example_trigger_target_dag to None, run_after=None
[2025-01-28T22:25:15.630+0000] {processor.py:208} INFO - Processing /home/airflow/.local/lib/python3.12/site-packages/airflow/example_dags/example_trigger_target_dag.py took 0.113 seconds
[2025-01-28T22:28:44.330+0000] {processor.py:186} INFO - Started process (PID=94) to work on /home/airflow/.local/lib/python3.12/site-packages/airflow/example_dags/example_trigger_target_dag.py
[2025-01-28T22:28:44.331+0000] {processor.py:914} INFO - Processing file /home/airflow/.local/lib/python3.12/site-packages/airflow/example_dags/example_trigger_target_dag.py for tasks to queue
[2025-01-28T22:28:44.334+0000] {logging_mixin.py:190} INFO - [2025-01-28T22:28:44.334+0000] {dagbag.py:588} INFO - Filling up the DagBag from /home/airflow/.local/lib/python3.12/site-packages/airflow/example_dags/example_trigger_target_dag.py
[2025-01-28T22:28:44.344+0000] {processor.py:925} INFO - DAG(s) 'example_trigger_target_dag' retrieved from /home/airflow/.local/lib/python3.12/site-packages/airflow/example_dags/example_trigger_target_dag.py
[2025-01-28T22:28:44.375+0000] {logging_mixin.py:190} INFO - [2025-01-28T22:28:44.375+0000] {dag.py:3239} INFO - Sync 1 DAGs
[2025-01-28T22:28:44.392+0000] {logging_mixin.py:190} INFO - [2025-01-28T22:28:44.391+0000] {dag.py:4180} INFO - Setting next_dagrun for example_trigger_target_dag to None, run_after=None
[2025-01-28T22:28:44.421+0000] {processor.py:208} INFO - Processing /home/airflow/.local/lib/python3.12/site-packages/airflow/example_dags/example_trigger_target_dag.py took 0.097 seconds
[2025-01-28T22:29:14.912+0000] {processor.py:186} INFO - Started process (PID=157) to work on /home/airflow/.local/lib/python3.12/site-packages/airflow/example_dags/example_trigger_target_dag.py
[2025-01-28T22:29:14.913+0000] {processor.py:914} INFO - Processing file /home/airflow/.local/lib/python3.12/site-packages/airflow/example_dags/example_trigger_target_dag.py for tasks to queue
[2025-01-28T22:29:14.916+0000] {logging_mixin.py:190} INFO - [2025-01-28T22:29:14.915+0000] {dagbag.py:588} INFO - Filling up the DagBag from /home/airflow/.local/lib/python3.12/site-packages/airflow/example_dags/example_trigger_target_dag.py
[2025-01-28T22:29:14.924+0000] {processor.py:925} INFO - DAG(s) 'example_trigger_target_dag' retrieved from /home/airflow/.local/lib/python3.12/site-packages/airflow/example_dags/example_trigger_target_dag.py
[2025-01-28T22:29:14.945+0000] {logging_mixin.py:190} INFO - [2025-01-28T22:29:14.945+0000] {dag.py:3239} INFO - Sync 1 DAGs
[2025-01-28T22:29:14.961+0000] {logging_mixin.py:190} INFO - [2025-01-28T22:29:14.961+0000] {dag.py:4180} INFO - Setting next_dagrun for example_trigger_target_dag to None, run_after=None
[2025-01-28T22:29:14.985+0000] {processor.py:208} INFO - Processing /home/airflow/.local/lib/python3.12/site-packages/airflow/example_dags/example_trigger_target_dag.py took 0.079 seconds
[2025-01-28T22:29:45.446+0000] {processor.py:186} INFO - Started process (PID=220) to work on /home/airflow/.local/lib/python3.12/site-packages/airflow/example_dags/example_trigger_target_dag.py
[2025-01-28T22:29:45.447+0000] {processor.py:914} INFO - Processing file /home/airflow/.local/lib/python3.12/site-packages/airflow/example_dags/example_trigger_target_dag.py for tasks to queue
[2025-01-28T22:29:45.450+0000] {logging_mixin.py:190} INFO - [2025-01-28T22:29:45.450+0000] {dagbag.py:588} INFO - Filling up the DagBag from /home/airflow/.local/lib/python3.12/site-packages/airflow/example_dags/example_trigger_target_dag.py
[2025-01-28T22:29:45.459+0000] {processor.py:925} INFO - DAG(s) 'example_trigger_target_dag' retrieved from /home/airflow/.local/lib/python3.12/site-packages/airflow/example_dags/example_trigger_target_dag.py
[2025-01-28T22:29:45.481+0000] {logging_mixin.py:190} INFO - [2025-01-28T22:29:45.481+0000] {dag.py:3239} INFO - Sync 1 DAGs
[2025-01-28T22:29:45.497+0000] {logging_mixin.py:190} INFO - [2025-01-28T22:29:45.497+0000] {dag.py:4180} INFO - Setting next_dagrun for example_trigger_target_dag to None, run_after=None
[2025-01-28T22:29:45.518+0000] {processor.py:208} INFO - Processing /home/airflow/.local/lib/python3.12/site-packages/airflow/example_dags/example_trigger_target_dag.py took 0.078 seconds
[2025-01-28T22:30:15.769+0000] {processor.py:186} INFO - Started process (PID=282) to work on /home/airflow/.local/lib/python3.12/site-packages/airflow/example_dags/example_trigger_target_dag.py
[2025-01-28T22:30:15.772+0000] {processor.py:914} INFO - Processing file /home/airflow/.local/lib/python3.12/site-packages/airflow/example_dags/example_trigger_target_dag.py for tasks to queue
[2025-01-28T22:30:15.775+0000] {logging_mixin.py:190} INFO - [2025-01-28T22:30:15.775+0000] {dagbag.py:588} INFO - Filling up the DagBag from /home/airflow/.local/lib/python3.12/site-packages/airflow/example_dags/example_trigger_target_dag.py
[2025-01-28T22:30:15.784+0000] {processor.py:925} INFO - DAG(s) 'example_trigger_target_dag' retrieved from /home/airflow/.local/lib/python3.12/site-packages/airflow/example_dags/example_trigger_target_dag.py
[2025-01-28T22:30:15.803+0000] {logging_mixin.py:190} INFO - [2025-01-28T22:30:15.803+0000] {dag.py:3239} INFO - Sync 1 DAGs
[2025-01-28T22:30:15.823+0000] {logging_mixin.py:190} INFO - [2025-01-28T22:30:15.823+0000] {dag.py:4180} INFO - Setting next_dagrun for example_trigger_target_dag to None, run_after=None
[2025-01-28T22:30:15.857+0000] {processor.py:208} INFO - Processing /home/airflow/.local/lib/python3.12/site-packages/airflow/example_dags/example_trigger_target_dag.py took 0.094 seconds
[2025-01-28T22:30:46.198+0000] {processor.py:186} INFO - Started process (PID=345) to work on /home/airflow/.local/lib/python3.12/site-packages/airflow/example_dags/example_trigger_target_dag.py
[2025-01-28T22:30:46.200+0000] {processor.py:914} INFO - Processing file /home/airflow/.local/lib/python3.12/site-packages/airflow/example_dags/example_trigger_target_dag.py for tasks to queue
[2025-01-28T22:30:46.202+0000] {logging_mixin.py:190} INFO - [2025-01-28T22:30:46.202+0000] {dagbag.py:588} INFO - Filling up the DagBag from /home/airflow/.local/lib/python3.12/site-packages/airflow/example_dags/example_trigger_target_dag.py
[2025-01-28T22:30:46.212+0000] {processor.py:925} INFO - DAG(s) 'example_trigger_target_dag' retrieved from /home/airflow/.local/lib/python3.12/site-packages/airflow/example_dags/example_trigger_target_dag.py
[2025-01-28T22:30:46.235+0000] {logging_mixin.py:190} INFO - [2025-01-28T22:30:46.235+0000] {dag.py:3239} INFO - Sync 1 DAGs
[2025-01-28T22:30:46.251+0000] {logging_mixin.py:190} INFO - [2025-01-28T22:30:46.251+0000] {dag.py:4180} INFO - Setting next_dagrun for example_trigger_target_dag to None, run_after=None
[2025-01-28T22:30:46.282+0000] {processor.py:208} INFO - Processing /home/airflow/.local/lib/python3.12/site-packages/airflow/example_dags/example_trigger_target_dag.py took 0.089 seconds
