[2025-01-28T22:09:21.294+0000] {processor.py:186} INFO - Started process (PID=85) to work on /home/airflow/.local/lib/python3.12/site-packages/airflow/example_dags/example_subdag_operator.py
[2025-01-28T22:09:21.296+0000] {processor.py:914} INFO - Processing file /home/airflow/.local/lib/python3.12/site-packages/airflow/example_dags/example_subdag_operator.py for tasks to queue
[2025-01-28T22:09:21.299+0000] {logging_mixin.py:190} INFO - [2025-01-28T22:09:21.298+0000] {dagbag.py:588} INFO - Filling up the DagBag from /home/airflow/.local/lib/python3.12/site-packages/airflow/example_dags/example_subdag_operator.py
[2025-01-28T22:09:21.346+0000] {processor.py:925} INFO - DAG(s) 'example_subdag_operator.section-1', 'example_subdag_operator.section-2', 'example_subdag_operator' retrieved from /home/airflow/.local/lib/python3.12/site-packages/airflow/example_dags/example_subdag_operator.py
[2025-01-28T22:09:21.635+0000] {logging_mixin.py:190} INFO - [2025-01-28T22:09:21.634+0000] {override.py:1911} INFO - Created Permission View: can delete on DAG:example_subdag_operator
[2025-01-28T22:09:21.647+0000] {logging_mixin.py:190} INFO - [2025-01-28T22:09:21.647+0000] {override.py:1911} INFO - Created Permission View: can edit on DAG:example_subdag_operator
[2025-01-28T22:09:21.656+0000] {logging_mixin.py:190} INFO - [2025-01-28T22:09:21.656+0000] {override.py:1911} INFO - Created Permission View: can read on DAG:example_subdag_operator
[2025-01-28T22:09:21.670+0000] {logging_mixin.py:190} INFO - [2025-01-28T22:09:21.670+0000] {override.py:1911} INFO - Created Permission View: can create on DAG Run:example_subdag_operator
[2025-01-28T22:09:21.681+0000] {logging_mixin.py:190} INFO - [2025-01-28T22:09:21.680+0000] {override.py:1911} INFO - Created Permission View: can delete on DAG Run:example_subdag_operator
[2025-01-28T22:09:21.690+0000] {logging_mixin.py:190} INFO - [2025-01-28T22:09:21.690+0000] {override.py:1911} INFO - Created Permission View: menu access on DAG Run:example_subdag_operator
[2025-01-28T22:09:21.700+0000] {logging_mixin.py:190} INFO - [2025-01-28T22:09:21.700+0000] {override.py:1911} INFO - Created Permission View: can read on DAG Run:example_subdag_operator
[2025-01-28T22:09:21.701+0000] {logging_mixin.py:190} INFO - [2025-01-28T22:09:21.701+0000] {dag.py:3239} INFO - Sync 3 DAGs
[2025-01-28T22:09:21.719+0000] {logging_mixin.py:190} INFO - [2025-01-28T22:09:21.718+0000] {dag.py:3262} INFO - Creating ORM DAG for example_subdag_operator.section-1
[2025-01-28T22:09:21.720+0000] {logging_mixin.py:190} INFO - [2025-01-28T22:09:21.720+0000] {dag.py:3262} INFO - Creating ORM DAG for example_subdag_operator.section-2
[2025-01-28T22:09:21.724+0000] {logging_mixin.py:190} INFO - [2025-01-28T22:09:21.723+0000] {dag.py:3262} INFO - Creating ORM DAG for example_subdag_operator
[2025-01-28T22:09:21.736+0000] {logging_mixin.py:190} INFO - [2025-01-28T22:09:21.736+0000] {dag.py:4180} INFO - Setting next_dagrun for example_subdag_operator to 2022-01-01 00:00:00+00:00, run_after=2022-01-01 00:00:00+00:00
[2025-01-28T22:09:21.738+0000] {logging_mixin.py:190} INFO - [2025-01-28T22:09:21.738+0000] {dag.py:4180} INFO - Setting next_dagrun for example_subdag_operator.section-1 to None, run_after=None
[2025-01-28T22:09:21.739+0000] {logging_mixin.py:190} INFO - [2025-01-28T22:09:21.739+0000] {dag.py:4180} INFO - Setting next_dagrun for example_subdag_operator.section-2 to None, run_after=None
[2025-01-28T22:09:21.751+0000] {logging_mixin.py:190} INFO - [2025-01-28T22:09:21.751+0000] {dag.py:3239} INFO - Sync 2 DAGs
[2025-01-28T22:09:21.758+0000] {logging_mixin.py:190} INFO - [2025-01-28T22:09:21.758+0000] {dag.py:4180} INFO - Setting next_dagrun for example_subdag_operator.section-1 to None, run_after=None
[2025-01-28T22:09:21.762+0000] {logging_mixin.py:190} INFO - [2025-01-28T22:09:21.761+0000] {dag.py:4180} INFO - Setting next_dagrun for example_subdag_operator.section-2 to None, run_after=None
[2025-01-28T22:09:21.777+0000] {processor.py:208} INFO - Processing /home/airflow/.local/lib/python3.12/site-packages/airflow/example_dags/example_subdag_operator.py took 0.489 seconds
[2025-01-28T22:09:52.064+0000] {processor.py:186} INFO - Started process (PID=148) to work on /home/airflow/.local/lib/python3.12/site-packages/airflow/example_dags/example_subdag_operator.py
[2025-01-28T22:09:52.066+0000] {processor.py:914} INFO - Processing file /home/airflow/.local/lib/python3.12/site-packages/airflow/example_dags/example_subdag_operator.py for tasks to queue
[2025-01-28T22:09:52.069+0000] {logging_mixin.py:190} INFO - [2025-01-28T22:09:52.069+0000] {dagbag.py:588} INFO - Filling up the DagBag from /home/airflow/.local/lib/python3.12/site-packages/airflow/example_dags/example_subdag_operator.py
[2025-01-28T22:09:52.097+0000] {processor.py:925} INFO - DAG(s) 'example_subdag_operator.section-1', 'example_subdag_operator.section-2', 'example_subdag_operator' retrieved from /home/airflow/.local/lib/python3.12/site-packages/airflow/example_dags/example_subdag_operator.py
[2025-01-28T22:09:52.114+0000] {logging_mixin.py:190} INFO - [2025-01-28T22:09:52.114+0000] {dag.py:3239} INFO - Sync 3 DAGs
[2025-01-28T22:09:52.142+0000] {logging_mixin.py:190} INFO - [2025-01-28T22:09:52.142+0000] {dag.py:4180} INFO - Setting next_dagrun for example_subdag_operator to 2022-01-01 00:00:00+00:00, run_after=2022-01-01 00:00:00+00:00
[2025-01-28T22:09:52.148+0000] {logging_mixin.py:190} INFO - [2025-01-28T22:09:52.147+0000] {dag.py:4180} INFO - Setting next_dagrun for example_subdag_operator.section-1 to None, run_after=None
[2025-01-28T22:09:52.150+0000] {logging_mixin.py:190} INFO - [2025-01-28T22:09:52.150+0000] {dag.py:4180} INFO - Setting next_dagrun for example_subdag_operator.section-2 to None, run_after=None
[2025-01-28T22:09:52.159+0000] {logging_mixin.py:190} INFO - [2025-01-28T22:09:52.159+0000] {dag.py:3239} INFO - Sync 2 DAGs
[2025-01-28T22:09:52.166+0000] {logging_mixin.py:190} INFO - [2025-01-28T22:09:52.165+0000] {dag.py:4180} INFO - Setting next_dagrun for example_subdag_operator.section-1 to None, run_after=None
[2025-01-28T22:09:52.167+0000] {logging_mixin.py:190} INFO - [2025-01-28T22:09:52.166+0000] {dag.py:4180} INFO - Setting next_dagrun for example_subdag_operator.section-2 to None, run_after=None
[2025-01-28T22:09:52.183+0000] {processor.py:208} INFO - Processing /home/airflow/.local/lib/python3.12/site-packages/airflow/example_dags/example_subdag_operator.py took 0.125 seconds
[2025-01-28T22:10:22.504+0000] {processor.py:186} INFO - Started process (PID=211) to work on /home/airflow/.local/lib/python3.12/site-packages/airflow/example_dags/example_subdag_operator.py
[2025-01-28T22:10:22.505+0000] {processor.py:914} INFO - Processing file /home/airflow/.local/lib/python3.12/site-packages/airflow/example_dags/example_subdag_operator.py for tasks to queue
[2025-01-28T22:10:22.508+0000] {logging_mixin.py:190} INFO - [2025-01-28T22:10:22.508+0000] {dagbag.py:588} INFO - Filling up the DagBag from /home/airflow/.local/lib/python3.12/site-packages/airflow/example_dags/example_subdag_operator.py
[2025-01-28T22:10:22.536+0000] {processor.py:925} INFO - DAG(s) 'example_subdag_operator.section-1', 'example_subdag_operator.section-2', 'example_subdag_operator' retrieved from /home/airflow/.local/lib/python3.12/site-packages/airflow/example_dags/example_subdag_operator.py
[2025-01-28T22:10:22.553+0000] {logging_mixin.py:190} INFO - [2025-01-28T22:10:22.553+0000] {dag.py:3239} INFO - Sync 3 DAGs
[2025-01-28T22:10:22.579+0000] {logging_mixin.py:190} INFO - [2025-01-28T22:10:22.579+0000] {dag.py:4180} INFO - Setting next_dagrun for example_subdag_operator to 2022-01-01 00:00:00+00:00, run_after=2022-01-01 00:00:00+00:00
[2025-01-28T22:10:22.584+0000] {logging_mixin.py:190} INFO - [2025-01-28T22:10:22.584+0000] {dag.py:4180} INFO - Setting next_dagrun for example_subdag_operator.section-1 to None, run_after=None
[2025-01-28T22:10:22.586+0000] {logging_mixin.py:190} INFO - [2025-01-28T22:10:22.585+0000] {dag.py:4180} INFO - Setting next_dagrun for example_subdag_operator.section-2 to None, run_after=None
[2025-01-28T22:10:22.593+0000] {logging_mixin.py:190} INFO - [2025-01-28T22:10:22.593+0000] {dag.py:3239} INFO - Sync 2 DAGs
[2025-01-28T22:10:22.600+0000] {logging_mixin.py:190} INFO - [2025-01-28T22:10:22.600+0000] {dag.py:4180} INFO - Setting next_dagrun for example_subdag_operator.section-1 to None, run_after=None
[2025-01-28T22:10:22.601+0000] {logging_mixin.py:190} INFO - [2025-01-28T22:10:22.600+0000] {dag.py:4180} INFO - Setting next_dagrun for example_subdag_operator.section-2 to None, run_after=None
[2025-01-28T22:10:22.615+0000] {processor.py:208} INFO - Processing /home/airflow/.local/lib/python3.12/site-packages/airflow/example_dags/example_subdag_operator.py took 0.117 seconds
[2025-01-28T22:10:52.852+0000] {processor.py:186} INFO - Started process (PID=274) to work on /home/airflow/.local/lib/python3.12/site-packages/airflow/example_dags/example_subdag_operator.py
[2025-01-28T22:10:52.854+0000] {processor.py:914} INFO - Processing file /home/airflow/.local/lib/python3.12/site-packages/airflow/example_dags/example_subdag_operator.py for tasks to queue
[2025-01-28T22:10:52.857+0000] {logging_mixin.py:190} INFO - [2025-01-28T22:10:52.856+0000] {dagbag.py:588} INFO - Filling up the DagBag from /home/airflow/.local/lib/python3.12/site-packages/airflow/example_dags/example_subdag_operator.py
[2025-01-28T22:10:52.892+0000] {processor.py:925} INFO - DAG(s) 'example_subdag_operator.section-1', 'example_subdag_operator.section-2', 'example_subdag_operator' retrieved from /home/airflow/.local/lib/python3.12/site-packages/airflow/example_dags/example_subdag_operator.py
[2025-01-28T22:10:52.909+0000] {logging_mixin.py:190} INFO - [2025-01-28T22:10:52.908+0000] {dag.py:3239} INFO - Sync 3 DAGs
[2025-01-28T22:10:52.935+0000] {logging_mixin.py:190} INFO - [2025-01-28T22:10:52.934+0000] {dag.py:4180} INFO - Setting next_dagrun for example_subdag_operator to 2022-01-01 00:00:00+00:00, run_after=2022-01-01 00:00:00+00:00
[2025-01-28T22:10:52.939+0000] {logging_mixin.py:190} INFO - [2025-01-28T22:10:52.938+0000] {dag.py:4180} INFO - Setting next_dagrun for example_subdag_operator.section-1 to None, run_after=None
[2025-01-28T22:10:52.940+0000] {logging_mixin.py:190} INFO - [2025-01-28T22:10:52.940+0000] {dag.py:4180} INFO - Setting next_dagrun for example_subdag_operator.section-2 to None, run_after=None
[2025-01-28T22:10:52.948+0000] {logging_mixin.py:190} INFO - [2025-01-28T22:10:52.948+0000] {dag.py:3239} INFO - Sync 2 DAGs
[2025-01-28T22:10:52.957+0000] {logging_mixin.py:190} INFO - [2025-01-28T22:10:52.956+0000] {dag.py:4180} INFO - Setting next_dagrun for example_subdag_operator.section-1 to None, run_after=None
[2025-01-28T22:10:52.958+0000] {logging_mixin.py:190} INFO - [2025-01-28T22:10:52.957+0000] {dag.py:4180} INFO - Setting next_dagrun for example_subdag_operator.section-2 to None, run_after=None
[2025-01-28T22:10:52.973+0000] {processor.py:208} INFO - Processing /home/airflow/.local/lib/python3.12/site-packages/airflow/example_dags/example_subdag_operator.py took 0.127 seconds
[2025-01-28T22:11:23.160+0000] {processor.py:186} INFO - Started process (PID=337) to work on /home/airflow/.local/lib/python3.12/site-packages/airflow/example_dags/example_subdag_operator.py
[2025-01-28T22:11:23.161+0000] {processor.py:914} INFO - Processing file /home/airflow/.local/lib/python3.12/site-packages/airflow/example_dags/example_subdag_operator.py for tasks to queue
[2025-01-28T22:11:23.164+0000] {logging_mixin.py:190} INFO - [2025-01-28T22:11:23.164+0000] {dagbag.py:588} INFO - Filling up the DagBag from /home/airflow/.local/lib/python3.12/site-packages/airflow/example_dags/example_subdag_operator.py
[2025-01-28T22:11:23.193+0000] {processor.py:925} INFO - DAG(s) 'example_subdag_operator.section-1', 'example_subdag_operator.section-2', 'example_subdag_operator' retrieved from /home/airflow/.local/lib/python3.12/site-packages/airflow/example_dags/example_subdag_operator.py
[2025-01-28T22:11:23.211+0000] {logging_mixin.py:190} INFO - [2025-01-28T22:11:23.211+0000] {dag.py:3239} INFO - Sync 3 DAGs
[2025-01-28T22:11:23.235+0000] {logging_mixin.py:190} INFO - [2025-01-28T22:11:23.235+0000] {dag.py:4180} INFO - Setting next_dagrun for example_subdag_operator to 2022-01-01 00:00:00+00:00, run_after=2022-01-01 00:00:00+00:00
[2025-01-28T22:11:23.240+0000] {logging_mixin.py:190} INFO - [2025-01-28T22:11:23.240+0000] {dag.py:4180} INFO - Setting next_dagrun for example_subdag_operator.section-1 to None, run_after=None
[2025-01-28T22:11:23.242+0000] {logging_mixin.py:190} INFO - [2025-01-28T22:11:23.242+0000] {dag.py:4180} INFO - Setting next_dagrun for example_subdag_operator.section-2 to None, run_after=None
[2025-01-28T22:11:23.250+0000] {logging_mixin.py:190} INFO - [2025-01-28T22:11:23.250+0000] {dag.py:3239} INFO - Sync 2 DAGs
[2025-01-28T22:11:23.257+0000] {logging_mixin.py:190} INFO - [2025-01-28T22:11:23.257+0000] {dag.py:4180} INFO - Setting next_dagrun for example_subdag_operator.section-1 to None, run_after=None
[2025-01-28T22:11:23.262+0000] {logging_mixin.py:190} INFO - [2025-01-28T22:11:23.262+0000] {dag.py:4180} INFO - Setting next_dagrun for example_subdag_operator.section-2 to None, run_after=None
[2025-01-28T22:11:23.278+0000] {processor.py:208} INFO - Processing /home/airflow/.local/lib/python3.12/site-packages/airflow/example_dags/example_subdag_operator.py took 0.124 seconds
[2025-01-28T22:11:53.937+0000] {processor.py:186} INFO - Started process (PID=400) to work on /home/airflow/.local/lib/python3.12/site-packages/airflow/example_dags/example_subdag_operator.py
[2025-01-28T22:11:53.938+0000] {processor.py:914} INFO - Processing file /home/airflow/.local/lib/python3.12/site-packages/airflow/example_dags/example_subdag_operator.py for tasks to queue
[2025-01-28T22:11:53.941+0000] {logging_mixin.py:190} INFO - [2025-01-28T22:11:53.941+0000] {dagbag.py:588} INFO - Filling up the DagBag from /home/airflow/.local/lib/python3.12/site-packages/airflow/example_dags/example_subdag_operator.py
[2025-01-28T22:11:53.969+0000] {processor.py:925} INFO - DAG(s) 'example_subdag_operator.section-1', 'example_subdag_operator.section-2', 'example_subdag_operator' retrieved from /home/airflow/.local/lib/python3.12/site-packages/airflow/example_dags/example_subdag_operator.py
[2025-01-28T22:11:53.988+0000] {logging_mixin.py:190} INFO - [2025-01-28T22:11:53.988+0000] {dag.py:3239} INFO - Sync 3 DAGs
[2025-01-28T22:11:54.016+0000] {logging_mixin.py:190} INFO - [2025-01-28T22:11:54.016+0000] {dag.py:4180} INFO - Setting next_dagrun for example_subdag_operator to 2022-01-01 00:00:00+00:00, run_after=2022-01-01 00:00:00+00:00
[2025-01-28T22:11:54.021+0000] {logging_mixin.py:190} INFO - [2025-01-28T22:11:54.021+0000] {dag.py:4180} INFO - Setting next_dagrun for example_subdag_operator.section-1 to None, run_after=None
[2025-01-28T22:11:54.023+0000] {logging_mixin.py:190} INFO - [2025-01-28T22:11:54.023+0000] {dag.py:4180} INFO - Setting next_dagrun for example_subdag_operator.section-2 to None, run_after=None
[2025-01-28T22:11:54.032+0000] {logging_mixin.py:190} INFO - [2025-01-28T22:11:54.032+0000] {dag.py:3239} INFO - Sync 2 DAGs
[2025-01-28T22:11:54.039+0000] {logging_mixin.py:190} INFO - [2025-01-28T22:11:54.039+0000] {dag.py:4180} INFO - Setting next_dagrun for example_subdag_operator.section-1 to None, run_after=None
[2025-01-28T22:11:54.040+0000] {logging_mixin.py:190} INFO - [2025-01-28T22:11:54.039+0000] {dag.py:4180} INFO - Setting next_dagrun for example_subdag_operator.section-2 to None, run_after=None
[2025-01-28T22:11:54.054+0000] {processor.py:208} INFO - Processing /home/airflow/.local/lib/python3.12/site-packages/airflow/example_dags/example_subdag_operator.py took 0.123 seconds
[2025-01-28T22:12:24.223+0000] {processor.py:186} INFO - Started process (PID=463) to work on /home/airflow/.local/lib/python3.12/site-packages/airflow/example_dags/example_subdag_operator.py
[2025-01-28T22:12:24.224+0000] {processor.py:914} INFO - Processing file /home/airflow/.local/lib/python3.12/site-packages/airflow/example_dags/example_subdag_operator.py for tasks to queue
[2025-01-28T22:12:24.227+0000] {logging_mixin.py:190} INFO - [2025-01-28T22:12:24.227+0000] {dagbag.py:588} INFO - Filling up the DagBag from /home/airflow/.local/lib/python3.12/site-packages/airflow/example_dags/example_subdag_operator.py
[2025-01-28T22:12:24.256+0000] {processor.py:925} INFO - DAG(s) 'example_subdag_operator.section-1', 'example_subdag_operator.section-2', 'example_subdag_operator' retrieved from /home/airflow/.local/lib/python3.12/site-packages/airflow/example_dags/example_subdag_operator.py
[2025-01-28T22:12:24.274+0000] {logging_mixin.py:190} INFO - [2025-01-28T22:12:24.274+0000] {dag.py:3239} INFO - Sync 3 DAGs
[2025-01-28T22:12:24.300+0000] {logging_mixin.py:190} INFO - [2025-01-28T22:12:24.300+0000] {dag.py:4180} INFO - Setting next_dagrun for example_subdag_operator to 2022-01-01 00:00:00+00:00, run_after=2022-01-01 00:00:00+00:00
[2025-01-28T22:12:24.304+0000] {logging_mixin.py:190} INFO - [2025-01-28T22:12:24.304+0000] {dag.py:4180} INFO - Setting next_dagrun for example_subdag_operator.section-1 to None, run_after=None
[2025-01-28T22:12:24.307+0000] {logging_mixin.py:190} INFO - [2025-01-28T22:12:24.307+0000] {dag.py:4180} INFO - Setting next_dagrun for example_subdag_operator.section-2 to None, run_after=None
[2025-01-28T22:12:24.316+0000] {logging_mixin.py:190} INFO - [2025-01-28T22:12:24.316+0000] {dag.py:3239} INFO - Sync 2 DAGs
[2025-01-28T22:12:24.323+0000] {logging_mixin.py:190} INFO - [2025-01-28T22:12:24.322+0000] {dag.py:4180} INFO - Setting next_dagrun for example_subdag_operator.section-1 to None, run_after=None
[2025-01-28T22:12:24.323+0000] {logging_mixin.py:190} INFO - [2025-01-28T22:12:24.323+0000] {dag.py:4180} INFO - Setting next_dagrun for example_subdag_operator.section-2 to None, run_after=None
[2025-01-28T22:12:24.339+0000] {processor.py:208} INFO - Processing /home/airflow/.local/lib/python3.12/site-packages/airflow/example_dags/example_subdag_operator.py took 0.122 seconds
[2025-01-28T22:12:54.565+0000] {processor.py:186} INFO - Started process (PID=526) to work on /home/airflow/.local/lib/python3.12/site-packages/airflow/example_dags/example_subdag_operator.py
[2025-01-28T22:12:54.566+0000] {processor.py:914} INFO - Processing file /home/airflow/.local/lib/python3.12/site-packages/airflow/example_dags/example_subdag_operator.py for tasks to queue
[2025-01-28T22:12:54.571+0000] {logging_mixin.py:190} INFO - [2025-01-28T22:12:54.570+0000] {dagbag.py:588} INFO - Filling up the DagBag from /home/airflow/.local/lib/python3.12/site-packages/airflow/example_dags/example_subdag_operator.py
[2025-01-28T22:12:54.599+0000] {processor.py:925} INFO - DAG(s) 'example_subdag_operator.section-1', 'example_subdag_operator.section-2', 'example_subdag_operator' retrieved from /home/airflow/.local/lib/python3.12/site-packages/airflow/example_dags/example_subdag_operator.py
[2025-01-28T22:12:54.617+0000] {logging_mixin.py:190} INFO - [2025-01-28T22:12:54.617+0000] {dag.py:3239} INFO - Sync 3 DAGs
[2025-01-28T22:12:54.643+0000] {logging_mixin.py:190} INFO - [2025-01-28T22:12:54.643+0000] {dag.py:4180} INFO - Setting next_dagrun for example_subdag_operator to 2022-01-01 00:00:00+00:00, run_after=2022-01-01 00:00:00+00:00
[2025-01-28T22:12:54.648+0000] {logging_mixin.py:190} INFO - [2025-01-28T22:12:54.647+0000] {dag.py:4180} INFO - Setting next_dagrun for example_subdag_operator.section-1 to None, run_after=None
[2025-01-28T22:12:54.649+0000] {logging_mixin.py:190} INFO - [2025-01-28T22:12:54.649+0000] {dag.py:4180} INFO - Setting next_dagrun for example_subdag_operator.section-2 to None, run_after=None
[2025-01-28T22:12:54.657+0000] {logging_mixin.py:190} INFO - [2025-01-28T22:12:54.657+0000] {dag.py:3239} INFO - Sync 2 DAGs
[2025-01-28T22:12:54.664+0000] {logging_mixin.py:190} INFO - [2025-01-28T22:12:54.663+0000] {dag.py:4180} INFO - Setting next_dagrun for example_subdag_operator.section-1 to None, run_after=None
[2025-01-28T22:12:54.664+0000] {logging_mixin.py:190} INFO - [2025-01-28T22:12:54.664+0000] {dag.py:4180} INFO - Setting next_dagrun for example_subdag_operator.section-2 to None, run_after=None
[2025-01-28T22:12:54.684+0000] {processor.py:208} INFO - Processing /home/airflow/.local/lib/python3.12/site-packages/airflow/example_dags/example_subdag_operator.py took 0.125 seconds
[2025-01-28T22:13:25.099+0000] {processor.py:186} INFO - Started process (PID=589) to work on /home/airflow/.local/lib/python3.12/site-packages/airflow/example_dags/example_subdag_operator.py
[2025-01-28T22:13:25.101+0000] {processor.py:914} INFO - Processing file /home/airflow/.local/lib/python3.12/site-packages/airflow/example_dags/example_subdag_operator.py for tasks to queue
[2025-01-28T22:13:25.103+0000] {logging_mixin.py:190} INFO - [2025-01-28T22:13:25.103+0000] {dagbag.py:588} INFO - Filling up the DagBag from /home/airflow/.local/lib/python3.12/site-packages/airflow/example_dags/example_subdag_operator.py
[2025-01-28T22:13:25.131+0000] {processor.py:925} INFO - DAG(s) 'example_subdag_operator.section-1', 'example_subdag_operator.section-2', 'example_subdag_operator' retrieved from /home/airflow/.local/lib/python3.12/site-packages/airflow/example_dags/example_subdag_operator.py
[2025-01-28T22:13:25.150+0000] {logging_mixin.py:190} INFO - [2025-01-28T22:13:25.150+0000] {dag.py:3239} INFO - Sync 3 DAGs
[2025-01-28T22:13:25.175+0000] {logging_mixin.py:190} INFO - [2025-01-28T22:13:25.175+0000] {dag.py:4180} INFO - Setting next_dagrun for example_subdag_operator to 2022-01-01 00:00:00+00:00, run_after=2022-01-01 00:00:00+00:00
[2025-01-28T22:13:25.180+0000] {logging_mixin.py:190} INFO - [2025-01-28T22:13:25.179+0000] {dag.py:4180} INFO - Setting next_dagrun for example_subdag_operator.section-1 to None, run_after=None
[2025-01-28T22:13:25.181+0000] {logging_mixin.py:190} INFO - [2025-01-28T22:13:25.181+0000] {dag.py:4180} INFO - Setting next_dagrun for example_subdag_operator.section-2 to None, run_after=None
[2025-01-28T22:13:25.191+0000] {logging_mixin.py:190} INFO - [2025-01-28T22:13:25.191+0000] {dag.py:3239} INFO - Sync 2 DAGs
[2025-01-28T22:13:25.197+0000] {logging_mixin.py:190} INFO - [2025-01-28T22:13:25.197+0000] {dag.py:4180} INFO - Setting next_dagrun for example_subdag_operator.section-1 to None, run_after=None
[2025-01-28T22:13:25.198+0000] {logging_mixin.py:190} INFO - [2025-01-28T22:13:25.198+0000] {dag.py:4180} INFO - Setting next_dagrun for example_subdag_operator.section-2 to None, run_after=None
[2025-01-28T22:13:25.222+0000] {processor.py:208} INFO - Processing /home/airflow/.local/lib/python3.12/site-packages/airflow/example_dags/example_subdag_operator.py took 0.130 seconds
[2025-01-28T22:13:55.490+0000] {processor.py:186} INFO - Started process (PID=652) to work on /home/airflow/.local/lib/python3.12/site-packages/airflow/example_dags/example_subdag_operator.py
[2025-01-28T22:13:55.492+0000] {processor.py:914} INFO - Processing file /home/airflow/.local/lib/python3.12/site-packages/airflow/example_dags/example_subdag_operator.py for tasks to queue
[2025-01-28T22:13:55.495+0000] {logging_mixin.py:190} INFO - [2025-01-28T22:13:55.494+0000] {dagbag.py:588} INFO - Filling up the DagBag from /home/airflow/.local/lib/python3.12/site-packages/airflow/example_dags/example_subdag_operator.py
[2025-01-28T22:13:55.523+0000] {processor.py:925} INFO - DAG(s) 'example_subdag_operator.section-1', 'example_subdag_operator.section-2', 'example_subdag_operator' retrieved from /home/airflow/.local/lib/python3.12/site-packages/airflow/example_dags/example_subdag_operator.py
[2025-01-28T22:13:55.541+0000] {logging_mixin.py:190} INFO - [2025-01-28T22:13:55.540+0000] {dag.py:3239} INFO - Sync 3 DAGs
[2025-01-28T22:13:55.566+0000] {logging_mixin.py:190} INFO - [2025-01-28T22:13:55.566+0000] {dag.py:4180} INFO - Setting next_dagrun for example_subdag_operator to 2022-01-01 00:00:00+00:00, run_after=2022-01-01 00:00:00+00:00
[2025-01-28T22:13:55.571+0000] {logging_mixin.py:190} INFO - [2025-01-28T22:13:55.571+0000] {dag.py:4180} INFO - Setting next_dagrun for example_subdag_operator.section-1 to None, run_after=None
[2025-01-28T22:13:55.573+0000] {logging_mixin.py:190} INFO - [2025-01-28T22:13:55.573+0000] {dag.py:4180} INFO - Setting next_dagrun for example_subdag_operator.section-2 to None, run_after=None
[2025-01-28T22:13:55.582+0000] {logging_mixin.py:190} INFO - [2025-01-28T22:13:55.582+0000] {dag.py:3239} INFO - Sync 2 DAGs
[2025-01-28T22:13:55.588+0000] {logging_mixin.py:190} INFO - [2025-01-28T22:13:55.588+0000] {dag.py:4180} INFO - Setting next_dagrun for example_subdag_operator.section-1 to None, run_after=None
[2025-01-28T22:13:55.590+0000] {logging_mixin.py:190} INFO - [2025-01-28T22:13:55.589+0000] {dag.py:4180} INFO - Setting next_dagrun for example_subdag_operator.section-2 to None, run_after=None
[2025-01-28T22:13:55.614+0000] {processor.py:208} INFO - Processing /home/airflow/.local/lib/python3.12/site-packages/airflow/example_dags/example_subdag_operator.py took 0.130 seconds
[2025-01-28T22:14:26.140+0000] {processor.py:186} INFO - Started process (PID=715) to work on /home/airflow/.local/lib/python3.12/site-packages/airflow/example_dags/example_subdag_operator.py
[2025-01-28T22:14:26.141+0000] {processor.py:914} INFO - Processing file /home/airflow/.local/lib/python3.12/site-packages/airflow/example_dags/example_subdag_operator.py for tasks to queue
[2025-01-28T22:14:26.144+0000] {logging_mixin.py:190} INFO - [2025-01-28T22:14:26.143+0000] {dagbag.py:588} INFO - Filling up the DagBag from /home/airflow/.local/lib/python3.12/site-packages/airflow/example_dags/example_subdag_operator.py
[2025-01-28T22:14:26.173+0000] {processor.py:925} INFO - DAG(s) 'example_subdag_operator.section-1', 'example_subdag_operator.section-2', 'example_subdag_operator' retrieved from /home/airflow/.local/lib/python3.12/site-packages/airflow/example_dags/example_subdag_operator.py
[2025-01-28T22:14:26.191+0000] {logging_mixin.py:190} INFO - [2025-01-28T22:14:26.191+0000] {dag.py:3239} INFO - Sync 3 DAGs
[2025-01-28T22:14:26.216+0000] {logging_mixin.py:190} INFO - [2025-01-28T22:14:26.216+0000] {dag.py:4180} INFO - Setting next_dagrun for example_subdag_operator to 2022-01-01 00:00:00+00:00, run_after=2022-01-01 00:00:00+00:00
[2025-01-28T22:14:26.221+0000] {logging_mixin.py:190} INFO - [2025-01-28T22:14:26.220+0000] {dag.py:4180} INFO - Setting next_dagrun for example_subdag_operator.section-1 to None, run_after=None
[2025-01-28T22:14:26.223+0000] {logging_mixin.py:190} INFO - [2025-01-28T22:14:26.223+0000] {dag.py:4180} INFO - Setting next_dagrun for example_subdag_operator.section-2 to None, run_after=None
[2025-01-28T22:14:26.232+0000] {logging_mixin.py:190} INFO - [2025-01-28T22:14:26.232+0000] {dag.py:3239} INFO - Sync 2 DAGs
[2025-01-28T22:14:26.239+0000] {logging_mixin.py:190} INFO - [2025-01-28T22:14:26.239+0000] {dag.py:4180} INFO - Setting next_dagrun for example_subdag_operator.section-1 to None, run_after=None
[2025-01-28T22:14:26.240+0000] {logging_mixin.py:190} INFO - [2025-01-28T22:14:26.240+0000] {dag.py:4180} INFO - Setting next_dagrun for example_subdag_operator.section-2 to None, run_after=None
[2025-01-28T22:14:26.255+0000] {processor.py:208} INFO - Processing /home/airflow/.local/lib/python3.12/site-packages/airflow/example_dags/example_subdag_operator.py took 0.122 seconds
[2025-01-28T22:14:56.760+0000] {processor.py:186} INFO - Started process (PID=778) to work on /home/airflow/.local/lib/python3.12/site-packages/airflow/example_dags/example_subdag_operator.py
[2025-01-28T22:14:56.762+0000] {processor.py:914} INFO - Processing file /home/airflow/.local/lib/python3.12/site-packages/airflow/example_dags/example_subdag_operator.py for tasks to queue
[2025-01-28T22:14:56.766+0000] {logging_mixin.py:190} INFO - [2025-01-28T22:14:56.765+0000] {dagbag.py:588} INFO - Filling up the DagBag from /home/airflow/.local/lib/python3.12/site-packages/airflow/example_dags/example_subdag_operator.py
[2025-01-28T22:14:56.795+0000] {processor.py:925} INFO - DAG(s) 'example_subdag_operator.section-1', 'example_subdag_operator.section-2', 'example_subdag_operator' retrieved from /home/airflow/.local/lib/python3.12/site-packages/airflow/example_dags/example_subdag_operator.py
[2025-01-28T22:14:56.813+0000] {logging_mixin.py:190} INFO - [2025-01-28T22:14:56.813+0000] {dag.py:3239} INFO - Sync 3 DAGs
[2025-01-28T22:14:56.838+0000] {logging_mixin.py:190} INFO - [2025-01-28T22:14:56.838+0000] {dag.py:4180} INFO - Setting next_dagrun for example_subdag_operator to 2022-01-01 00:00:00+00:00, run_after=2022-01-01 00:00:00+00:00
[2025-01-28T22:14:56.843+0000] {logging_mixin.py:190} INFO - [2025-01-28T22:14:56.842+0000] {dag.py:4180} INFO - Setting next_dagrun for example_subdag_operator.section-1 to None, run_after=None
[2025-01-28T22:14:56.845+0000] {logging_mixin.py:190} INFO - [2025-01-28T22:14:56.845+0000] {dag.py:4180} INFO - Setting next_dagrun for example_subdag_operator.section-2 to None, run_after=None
[2025-01-28T22:14:56.854+0000] {logging_mixin.py:190} INFO - [2025-01-28T22:14:56.853+0000] {dag.py:3239} INFO - Sync 2 DAGs
[2025-01-28T22:14:56.860+0000] {logging_mixin.py:190} INFO - [2025-01-28T22:14:56.860+0000] {dag.py:4180} INFO - Setting next_dagrun for example_subdag_operator.section-1 to None, run_after=None
[2025-01-28T22:14:56.863+0000] {logging_mixin.py:190} INFO - [2025-01-28T22:14:56.863+0000] {dag.py:4180} INFO - Setting next_dagrun for example_subdag_operator.section-2 to None, run_after=None
[2025-01-28T22:14:56.878+0000] {processor.py:208} INFO - Processing /home/airflow/.local/lib/python3.12/site-packages/airflow/example_dags/example_subdag_operator.py took 0.124 seconds
[2025-01-28T22:15:27.381+0000] {processor.py:186} INFO - Started process (PID=841) to work on /home/airflow/.local/lib/python3.12/site-packages/airflow/example_dags/example_subdag_operator.py
[2025-01-28T22:15:27.383+0000] {processor.py:914} INFO - Processing file /home/airflow/.local/lib/python3.12/site-packages/airflow/example_dags/example_subdag_operator.py for tasks to queue
[2025-01-28T22:15:27.386+0000] {logging_mixin.py:190} INFO - [2025-01-28T22:15:27.385+0000] {dagbag.py:588} INFO - Filling up the DagBag from /home/airflow/.local/lib/python3.12/site-packages/airflow/example_dags/example_subdag_operator.py
[2025-01-28T22:15:27.419+0000] {processor.py:925} INFO - DAG(s) 'example_subdag_operator.section-1', 'example_subdag_operator.section-2', 'example_subdag_operator' retrieved from /home/airflow/.local/lib/python3.12/site-packages/airflow/example_dags/example_subdag_operator.py
[2025-01-28T22:15:27.438+0000] {logging_mixin.py:190} INFO - [2025-01-28T22:15:27.438+0000] {dag.py:3239} INFO - Sync 3 DAGs
[2025-01-28T22:15:27.462+0000] {logging_mixin.py:190} INFO - [2025-01-28T22:15:27.462+0000] {dag.py:4180} INFO - Setting next_dagrun for example_subdag_operator to 2022-01-01 00:00:00+00:00, run_after=2022-01-01 00:00:00+00:00
[2025-01-28T22:15:27.467+0000] {logging_mixin.py:190} INFO - [2025-01-28T22:15:27.466+0000] {dag.py:4180} INFO - Setting next_dagrun for example_subdag_operator.section-1 to None, run_after=None
[2025-01-28T22:15:27.468+0000] {logging_mixin.py:190} INFO - [2025-01-28T22:15:27.468+0000] {dag.py:4180} INFO - Setting next_dagrun for example_subdag_operator.section-2 to None, run_after=None
[2025-01-28T22:15:27.477+0000] {logging_mixin.py:190} INFO - [2025-01-28T22:15:27.477+0000] {dag.py:3239} INFO - Sync 2 DAGs
[2025-01-28T22:15:27.483+0000] {logging_mixin.py:190} INFO - [2025-01-28T22:15:27.483+0000] {dag.py:4180} INFO - Setting next_dagrun for example_subdag_operator.section-1 to None, run_after=None
[2025-01-28T22:15:27.484+0000] {logging_mixin.py:190} INFO - [2025-01-28T22:15:27.484+0000] {dag.py:4180} INFO - Setting next_dagrun for example_subdag_operator.section-2 to None, run_after=None
[2025-01-28T22:15:27.498+0000] {processor.py:208} INFO - Processing /home/airflow/.local/lib/python3.12/site-packages/airflow/example_dags/example_subdag_operator.py took 0.123 seconds
[2025-01-28T22:15:57.814+0000] {processor.py:186} INFO - Started process (PID=904) to work on /home/airflow/.local/lib/python3.12/site-packages/airflow/example_dags/example_subdag_operator.py
[2025-01-28T22:15:57.816+0000] {processor.py:914} INFO - Processing file /home/airflow/.local/lib/python3.12/site-packages/airflow/example_dags/example_subdag_operator.py for tasks to queue
[2025-01-28T22:15:57.819+0000] {logging_mixin.py:190} INFO - [2025-01-28T22:15:57.819+0000] {dagbag.py:588} INFO - Filling up the DagBag from /home/airflow/.local/lib/python3.12/site-packages/airflow/example_dags/example_subdag_operator.py
[2025-01-28T22:15:57.846+0000] {processor.py:925} INFO - DAG(s) 'example_subdag_operator.section-1', 'example_subdag_operator.section-2', 'example_subdag_operator' retrieved from /home/airflow/.local/lib/python3.12/site-packages/airflow/example_dags/example_subdag_operator.py
[2025-01-28T22:15:57.865+0000] {logging_mixin.py:190} INFO - [2025-01-28T22:15:57.865+0000] {dag.py:3239} INFO - Sync 3 DAGs
[2025-01-28T22:15:57.889+0000] {logging_mixin.py:190} INFO - [2025-01-28T22:15:57.889+0000] {dag.py:4180} INFO - Setting next_dagrun for example_subdag_operator to 2022-01-01 00:00:00+00:00, run_after=2022-01-01 00:00:00+00:00
[2025-01-28T22:15:57.893+0000] {logging_mixin.py:190} INFO - [2025-01-28T22:15:57.893+0000] {dag.py:4180} INFO - Setting next_dagrun for example_subdag_operator.section-1 to None, run_after=None
[2025-01-28T22:15:57.895+0000] {logging_mixin.py:190} INFO - [2025-01-28T22:15:57.895+0000] {dag.py:4180} INFO - Setting next_dagrun for example_subdag_operator.section-2 to None, run_after=None
[2025-01-28T22:15:57.903+0000] {logging_mixin.py:190} INFO - [2025-01-28T22:15:57.903+0000] {dag.py:3239} INFO - Sync 2 DAGs
[2025-01-28T22:15:57.910+0000] {logging_mixin.py:190} INFO - [2025-01-28T22:15:57.909+0000] {dag.py:4180} INFO - Setting next_dagrun for example_subdag_operator.section-1 to None, run_after=None
[2025-01-28T22:15:57.911+0000] {logging_mixin.py:190} INFO - [2025-01-28T22:15:57.910+0000] {dag.py:4180} INFO - Setting next_dagrun for example_subdag_operator.section-2 to None, run_after=None
[2025-01-28T22:15:57.925+0000] {processor.py:208} INFO - Processing /home/airflow/.local/lib/python3.12/site-packages/airflow/example_dags/example_subdag_operator.py took 0.116 seconds
[2025-01-28T22:16:28.477+0000] {processor.py:186} INFO - Started process (PID=968) to work on /home/airflow/.local/lib/python3.12/site-packages/airflow/example_dags/example_subdag_operator.py
[2025-01-28T22:16:28.478+0000] {processor.py:914} INFO - Processing file /home/airflow/.local/lib/python3.12/site-packages/airflow/example_dags/example_subdag_operator.py for tasks to queue
[2025-01-28T22:16:28.482+0000] {logging_mixin.py:190} INFO - [2025-01-28T22:16:28.481+0000] {dagbag.py:588} INFO - Filling up the DagBag from /home/airflow/.local/lib/python3.12/site-packages/airflow/example_dags/example_subdag_operator.py
[2025-01-28T22:16:28.509+0000] {processor.py:925} INFO - DAG(s) 'example_subdag_operator.section-1', 'example_subdag_operator.section-2', 'example_subdag_operator' retrieved from /home/airflow/.local/lib/python3.12/site-packages/airflow/example_dags/example_subdag_operator.py
[2025-01-28T22:16:28.527+0000] {logging_mixin.py:190} INFO - [2025-01-28T22:16:28.527+0000] {dag.py:3239} INFO - Sync 3 DAGs
[2025-01-28T22:16:28.552+0000] {logging_mixin.py:190} INFO - [2025-01-28T22:16:28.552+0000] {dag.py:4180} INFO - Setting next_dagrun for example_subdag_operator to 2022-01-01 00:00:00+00:00, run_after=2022-01-01 00:00:00+00:00
[2025-01-28T22:16:28.556+0000] {logging_mixin.py:190} INFO - [2025-01-28T22:16:28.556+0000] {dag.py:4180} INFO - Setting next_dagrun for example_subdag_operator.section-1 to None, run_after=None
[2025-01-28T22:16:28.558+0000] {logging_mixin.py:190} INFO - [2025-01-28T22:16:28.558+0000] {dag.py:4180} INFO - Setting next_dagrun for example_subdag_operator.section-2 to None, run_after=None
[2025-01-28T22:16:28.566+0000] {logging_mixin.py:190} INFO - [2025-01-28T22:16:28.566+0000] {dag.py:3239} INFO - Sync 2 DAGs
[2025-01-28T22:16:28.572+0000] {logging_mixin.py:190} INFO - [2025-01-28T22:16:28.572+0000] {dag.py:4180} INFO - Setting next_dagrun for example_subdag_operator.section-1 to None, run_after=None
[2025-01-28T22:16:28.573+0000] {logging_mixin.py:190} INFO - [2025-01-28T22:16:28.573+0000] {dag.py:4180} INFO - Setting next_dagrun for example_subdag_operator.section-2 to None, run_after=None
[2025-01-28T22:16:28.594+0000] {processor.py:208} INFO - Processing /home/airflow/.local/lib/python3.12/site-packages/airflow/example_dags/example_subdag_operator.py took 0.124 seconds
[2025-01-28T22:16:58.873+0000] {processor.py:186} INFO - Started process (PID=1031) to work on /home/airflow/.local/lib/python3.12/site-packages/airflow/example_dags/example_subdag_operator.py
[2025-01-28T22:16:58.875+0000] {processor.py:914} INFO - Processing file /home/airflow/.local/lib/python3.12/site-packages/airflow/example_dags/example_subdag_operator.py for tasks to queue
[2025-01-28T22:16:58.878+0000] {logging_mixin.py:190} INFO - [2025-01-28T22:16:58.878+0000] {dagbag.py:588} INFO - Filling up the DagBag from /home/airflow/.local/lib/python3.12/site-packages/airflow/example_dags/example_subdag_operator.py
[2025-01-28T22:16:58.911+0000] {processor.py:925} INFO - DAG(s) 'example_subdag_operator.section-1', 'example_subdag_operator.section-2', 'example_subdag_operator' retrieved from /home/airflow/.local/lib/python3.12/site-packages/airflow/example_dags/example_subdag_operator.py
[2025-01-28T22:16:58.928+0000] {logging_mixin.py:190} INFO - [2025-01-28T22:16:58.928+0000] {dag.py:3239} INFO - Sync 3 DAGs
[2025-01-28T22:16:58.954+0000] {logging_mixin.py:190} INFO - [2025-01-28T22:16:58.954+0000] {dag.py:4180} INFO - Setting next_dagrun for example_subdag_operator to 2022-01-01 00:00:00+00:00, run_after=2022-01-01 00:00:00+00:00
[2025-01-28T22:16:58.959+0000] {logging_mixin.py:190} INFO - [2025-01-28T22:16:58.959+0000] {dag.py:4180} INFO - Setting next_dagrun for example_subdag_operator.section-1 to None, run_after=None
[2025-01-28T22:16:58.961+0000] {logging_mixin.py:190} INFO - [2025-01-28T22:16:58.961+0000] {dag.py:4180} INFO - Setting next_dagrun for example_subdag_operator.section-2 to None, run_after=None
[2025-01-28T22:16:58.969+0000] {logging_mixin.py:190} INFO - [2025-01-28T22:16:58.969+0000] {dag.py:3239} INFO - Sync 2 DAGs
[2025-01-28T22:16:58.977+0000] {logging_mixin.py:190} INFO - [2025-01-28T22:16:58.976+0000] {dag.py:4180} INFO - Setting next_dagrun for example_subdag_operator.section-1 to None, run_after=None
[2025-01-28T22:16:58.978+0000] {logging_mixin.py:190} INFO - [2025-01-28T22:16:58.977+0000] {dag.py:4180} INFO - Setting next_dagrun for example_subdag_operator.section-2 to None, run_after=None
[2025-01-28T22:16:58.998+0000] {processor.py:208} INFO - Processing /home/airflow/.local/lib/python3.12/site-packages/airflow/example_dags/example_subdag_operator.py took 0.131 seconds
[2025-01-28T22:17:29.232+0000] {processor.py:186} INFO - Started process (PID=1094) to work on /home/airflow/.local/lib/python3.12/site-packages/airflow/example_dags/example_subdag_operator.py
[2025-01-28T22:17:29.233+0000] {processor.py:914} INFO - Processing file /home/airflow/.local/lib/python3.12/site-packages/airflow/example_dags/example_subdag_operator.py for tasks to queue
[2025-01-28T22:17:29.237+0000] {logging_mixin.py:190} INFO - [2025-01-28T22:17:29.236+0000] {dagbag.py:588} INFO - Filling up the DagBag from /home/airflow/.local/lib/python3.12/site-packages/airflow/example_dags/example_subdag_operator.py
[2025-01-28T22:17:29.265+0000] {processor.py:925} INFO - DAG(s) 'example_subdag_operator.section-1', 'example_subdag_operator.section-2', 'example_subdag_operator' retrieved from /home/airflow/.local/lib/python3.12/site-packages/airflow/example_dags/example_subdag_operator.py
[2025-01-28T22:17:29.283+0000] {logging_mixin.py:190} INFO - [2025-01-28T22:17:29.283+0000] {dag.py:3239} INFO - Sync 3 DAGs
[2025-01-28T22:17:29.308+0000] {logging_mixin.py:190} INFO - [2025-01-28T22:17:29.308+0000] {dag.py:4180} INFO - Setting next_dagrun for example_subdag_operator to 2022-01-01 00:00:00+00:00, run_after=2022-01-01 00:00:00+00:00
[2025-01-28T22:17:29.312+0000] {logging_mixin.py:190} INFO - [2025-01-28T22:17:29.312+0000] {dag.py:4180} INFO - Setting next_dagrun for example_subdag_operator.section-1 to None, run_after=None
[2025-01-28T22:17:29.314+0000] {logging_mixin.py:190} INFO - [2025-01-28T22:17:29.314+0000] {dag.py:4180} INFO - Setting next_dagrun for example_subdag_operator.section-2 to None, run_after=None
[2025-01-28T22:17:29.322+0000] {logging_mixin.py:190} INFO - [2025-01-28T22:17:29.322+0000] {dag.py:3239} INFO - Sync 2 DAGs
[2025-01-28T22:17:29.330+0000] {logging_mixin.py:190} INFO - [2025-01-28T22:17:29.329+0000] {dag.py:4180} INFO - Setting next_dagrun for example_subdag_operator.section-1 to None, run_after=None
[2025-01-28T22:17:29.331+0000] {logging_mixin.py:190} INFO - [2025-01-28T22:17:29.331+0000] {dag.py:4180} INFO - Setting next_dagrun for example_subdag_operator.section-2 to None, run_after=None
[2025-01-28T22:17:29.345+0000] {processor.py:208} INFO - Processing /home/airflow/.local/lib/python3.12/site-packages/airflow/example_dags/example_subdag_operator.py took 0.119 seconds
[2025-01-28T22:17:59.949+0000] {processor.py:186} INFO - Started process (PID=1157) to work on /home/airflow/.local/lib/python3.12/site-packages/airflow/example_dags/example_subdag_operator.py
[2025-01-28T22:17:59.955+0000] {processor.py:914} INFO - Processing file /home/airflow/.local/lib/python3.12/site-packages/airflow/example_dags/example_subdag_operator.py for tasks to queue
[2025-01-28T22:17:59.958+0000] {logging_mixin.py:190} INFO - [2025-01-28T22:17:59.957+0000] {dagbag.py:588} INFO - Filling up the DagBag from /home/airflow/.local/lib/python3.12/site-packages/airflow/example_dags/example_subdag_operator.py
[2025-01-28T22:17:59.989+0000] {processor.py:925} INFO - DAG(s) 'example_subdag_operator.section-1', 'example_subdag_operator.section-2', 'example_subdag_operator' retrieved from /home/airflow/.local/lib/python3.12/site-packages/airflow/example_dags/example_subdag_operator.py
[2025-01-28T22:18:00.007+0000] {logging_mixin.py:190} INFO - [2025-01-28T22:18:00.007+0000] {dag.py:3239} INFO - Sync 3 DAGs
[2025-01-28T22:18:00.032+0000] {logging_mixin.py:190} INFO - [2025-01-28T22:18:00.032+0000] {dag.py:4180} INFO - Setting next_dagrun for example_subdag_operator to 2022-01-01 00:00:00+00:00, run_after=2022-01-01 00:00:00+00:00
[2025-01-28T22:18:00.036+0000] {logging_mixin.py:190} INFO - [2025-01-28T22:18:00.036+0000] {dag.py:4180} INFO - Setting next_dagrun for example_subdag_operator.section-1 to None, run_after=None
[2025-01-28T22:18:00.038+0000] {logging_mixin.py:190} INFO - [2025-01-28T22:18:00.038+0000] {dag.py:4180} INFO - Setting next_dagrun for example_subdag_operator.section-2 to None, run_after=None
[2025-01-28T22:18:00.046+0000] {logging_mixin.py:190} INFO - [2025-01-28T22:18:00.045+0000] {dag.py:3239} INFO - Sync 2 DAGs
[2025-01-28T22:18:00.053+0000] {logging_mixin.py:190} INFO - [2025-01-28T22:18:00.053+0000] {dag.py:4180} INFO - Setting next_dagrun for example_subdag_operator.section-1 to None, run_after=None
[2025-01-28T22:18:00.054+0000] {logging_mixin.py:190} INFO - [2025-01-28T22:18:00.054+0000] {dag.py:4180} INFO - Setting next_dagrun for example_subdag_operator.section-2 to None, run_after=None
[2025-01-28T22:18:00.068+0000] {processor.py:208} INFO - Processing /home/airflow/.local/lib/python3.12/site-packages/airflow/example_dags/example_subdag_operator.py took 0.125 seconds
[2025-01-28T22:18:30.970+0000] {processor.py:186} INFO - Started process (PID=1220) to work on /home/airflow/.local/lib/python3.12/site-packages/airflow/example_dags/example_subdag_operator.py
[2025-01-28T22:18:30.973+0000] {processor.py:914} INFO - Processing file /home/airflow/.local/lib/python3.12/site-packages/airflow/example_dags/example_subdag_operator.py for tasks to queue
[2025-01-28T22:18:30.977+0000] {logging_mixin.py:190} INFO - [2025-01-28T22:18:30.977+0000] {dagbag.py:588} INFO - Filling up the DagBag from /home/airflow/.local/lib/python3.12/site-packages/airflow/example_dags/example_subdag_operator.py
[2025-01-28T22:18:31.007+0000] {processor.py:925} INFO - DAG(s) 'example_subdag_operator.section-1', 'example_subdag_operator.section-2', 'example_subdag_operator' retrieved from /home/airflow/.local/lib/python3.12/site-packages/airflow/example_dags/example_subdag_operator.py
[2025-01-28T22:18:31.024+0000] {logging_mixin.py:190} INFO - [2025-01-28T22:18:31.024+0000] {dag.py:3239} INFO - Sync 3 DAGs
[2025-01-28T22:18:31.052+0000] {logging_mixin.py:190} INFO - [2025-01-28T22:18:31.052+0000] {dag.py:4180} INFO - Setting next_dagrun for example_subdag_operator to 2022-01-01 00:00:00+00:00, run_after=2022-01-01 00:00:00+00:00
[2025-01-28T22:18:31.057+0000] {logging_mixin.py:190} INFO - [2025-01-28T22:18:31.057+0000] {dag.py:4180} INFO - Setting next_dagrun for example_subdag_operator.section-1 to None, run_after=None
[2025-01-28T22:18:31.060+0000] {logging_mixin.py:190} INFO - [2025-01-28T22:18:31.060+0000] {dag.py:4180} INFO - Setting next_dagrun for example_subdag_operator.section-2 to None, run_after=None
[2025-01-28T22:18:31.068+0000] {logging_mixin.py:190} INFO - [2025-01-28T22:18:31.068+0000] {dag.py:3239} INFO - Sync 2 DAGs
[2025-01-28T22:18:31.075+0000] {logging_mixin.py:190} INFO - [2025-01-28T22:18:31.075+0000] {dag.py:4180} INFO - Setting next_dagrun for example_subdag_operator.section-1 to None, run_after=None
[2025-01-28T22:18:31.076+0000] {logging_mixin.py:190} INFO - [2025-01-28T22:18:31.076+0000] {dag.py:4180} INFO - Setting next_dagrun for example_subdag_operator.section-2 to None, run_after=None
[2025-01-28T22:18:31.092+0000] {processor.py:208} INFO - Processing /home/airflow/.local/lib/python3.12/site-packages/airflow/example_dags/example_subdag_operator.py took 0.128 seconds
[2025-01-28T22:19:01.190+0000] {processor.py:186} INFO - Started process (PID=1283) to work on /home/airflow/.local/lib/python3.12/site-packages/airflow/example_dags/example_subdag_operator.py
[2025-01-28T22:19:01.192+0000] {processor.py:914} INFO - Processing file /home/airflow/.local/lib/python3.12/site-packages/airflow/example_dags/example_subdag_operator.py for tasks to queue
[2025-01-28T22:19:01.195+0000] {logging_mixin.py:190} INFO - [2025-01-28T22:19:01.194+0000] {dagbag.py:588} INFO - Filling up the DagBag from /home/airflow/.local/lib/python3.12/site-packages/airflow/example_dags/example_subdag_operator.py
[2025-01-28T22:19:01.225+0000] {processor.py:925} INFO - DAG(s) 'example_subdag_operator.section-1', 'example_subdag_operator.section-2', 'example_subdag_operator' retrieved from /home/airflow/.local/lib/python3.12/site-packages/airflow/example_dags/example_subdag_operator.py
[2025-01-28T22:19:01.243+0000] {logging_mixin.py:190} INFO - [2025-01-28T22:19:01.243+0000] {dag.py:3239} INFO - Sync 3 DAGs
[2025-01-28T22:19:01.270+0000] {logging_mixin.py:190} INFO - [2025-01-28T22:19:01.270+0000] {dag.py:4180} INFO - Setting next_dagrun for example_subdag_operator to 2022-01-01 00:00:00+00:00, run_after=2022-01-01 00:00:00+00:00
[2025-01-28T22:19:01.275+0000] {logging_mixin.py:190} INFO - [2025-01-28T22:19:01.275+0000] {dag.py:4180} INFO - Setting next_dagrun for example_subdag_operator.section-1 to None, run_after=None
[2025-01-28T22:19:01.278+0000] {logging_mixin.py:190} INFO - [2025-01-28T22:19:01.278+0000] {dag.py:4180} INFO - Setting next_dagrun for example_subdag_operator.section-2 to None, run_after=None
[2025-01-28T22:19:01.287+0000] {logging_mixin.py:190} INFO - [2025-01-28T22:19:01.287+0000] {dag.py:3239} INFO - Sync 2 DAGs
[2025-01-28T22:19:01.294+0000] {logging_mixin.py:190} INFO - [2025-01-28T22:19:01.294+0000] {dag.py:4180} INFO - Setting next_dagrun for example_subdag_operator.section-1 to None, run_after=None
[2025-01-28T22:19:01.295+0000] {logging_mixin.py:190} INFO - [2025-01-28T22:19:01.295+0000] {dag.py:4180} INFO - Setting next_dagrun for example_subdag_operator.section-2 to None, run_after=None
[2025-01-28T22:19:01.311+0000] {processor.py:208} INFO - Processing /home/airflow/.local/lib/python3.12/site-packages/airflow/example_dags/example_subdag_operator.py took 0.128 seconds
[2025-01-28T22:19:31.557+0000] {processor.py:186} INFO - Started process (PID=1346) to work on /home/airflow/.local/lib/python3.12/site-packages/airflow/example_dags/example_subdag_operator.py
[2025-01-28T22:19:31.558+0000] {processor.py:914} INFO - Processing file /home/airflow/.local/lib/python3.12/site-packages/airflow/example_dags/example_subdag_operator.py for tasks to queue
[2025-01-28T22:19:31.561+0000] {logging_mixin.py:190} INFO - [2025-01-28T22:19:31.560+0000] {dagbag.py:588} INFO - Filling up the DagBag from /home/airflow/.local/lib/python3.12/site-packages/airflow/example_dags/example_subdag_operator.py
[2025-01-28T22:19:31.588+0000] {processor.py:925} INFO - DAG(s) 'example_subdag_operator.section-1', 'example_subdag_operator.section-2', 'example_subdag_operator' retrieved from /home/airflow/.local/lib/python3.12/site-packages/airflow/example_dags/example_subdag_operator.py
[2025-01-28T22:19:31.607+0000] {logging_mixin.py:190} INFO - [2025-01-28T22:19:31.607+0000] {dag.py:3239} INFO - Sync 3 DAGs
[2025-01-28T22:19:31.633+0000] {logging_mixin.py:190} INFO - [2025-01-28T22:19:31.633+0000] {dag.py:4180} INFO - Setting next_dagrun for example_subdag_operator to 2022-01-01 00:00:00+00:00, run_after=2022-01-01 00:00:00+00:00
[2025-01-28T22:19:31.638+0000] {logging_mixin.py:190} INFO - [2025-01-28T22:19:31.638+0000] {dag.py:4180} INFO - Setting next_dagrun for example_subdag_operator.section-1 to None, run_after=None
[2025-01-28T22:19:31.640+0000] {logging_mixin.py:190} INFO - [2025-01-28T22:19:31.640+0000] {dag.py:4180} INFO - Setting next_dagrun for example_subdag_operator.section-2 to None, run_after=None
[2025-01-28T22:19:31.649+0000] {logging_mixin.py:190} INFO - [2025-01-28T22:19:31.649+0000] {dag.py:3239} INFO - Sync 2 DAGs
[2025-01-28T22:19:31.659+0000] {logging_mixin.py:190} INFO - [2025-01-28T22:19:31.659+0000] {dag.py:4180} INFO - Setting next_dagrun for example_subdag_operator.section-1 to None, run_after=None
[2025-01-28T22:19:31.661+0000] {logging_mixin.py:190} INFO - [2025-01-28T22:19:31.661+0000] {dag.py:4180} INFO - Setting next_dagrun for example_subdag_operator.section-2 to None, run_after=None
[2025-01-28T22:19:31.677+0000] {processor.py:208} INFO - Processing /home/airflow/.local/lib/python3.12/site-packages/airflow/example_dags/example_subdag_operator.py took 0.127 seconds
[2025-01-28T22:20:02.992+0000] {processor.py:186} INFO - Started process (PID=1409) to work on /home/airflow/.local/lib/python3.12/site-packages/airflow/example_dags/example_subdag_operator.py
[2025-01-28T22:20:02.994+0000] {processor.py:914} INFO - Processing file /home/airflow/.local/lib/python3.12/site-packages/airflow/example_dags/example_subdag_operator.py for tasks to queue
[2025-01-28T22:20:02.998+0000] {logging_mixin.py:190} INFO - [2025-01-28T22:20:02.997+0000] {dagbag.py:588} INFO - Filling up the DagBag from /home/airflow/.local/lib/python3.12/site-packages/airflow/example_dags/example_subdag_operator.py
[2025-01-28T22:20:03.031+0000] {processor.py:925} INFO - DAG(s) 'example_subdag_operator.section-1', 'example_subdag_operator.section-2', 'example_subdag_operator' retrieved from /home/airflow/.local/lib/python3.12/site-packages/airflow/example_dags/example_subdag_operator.py
[2025-01-28T22:20:03.050+0000] {logging_mixin.py:190} INFO - [2025-01-28T22:20:03.050+0000] {dag.py:3239} INFO - Sync 3 DAGs
[2025-01-28T22:20:03.080+0000] {logging_mixin.py:190} INFO - [2025-01-28T22:20:03.079+0000] {dag.py:4180} INFO - Setting next_dagrun for example_subdag_operator to 2022-01-01 00:00:00+00:00, run_after=2022-01-01 00:00:00+00:00
[2025-01-28T22:20:03.085+0000] {logging_mixin.py:190} INFO - [2025-01-28T22:20:03.085+0000] {dag.py:4180} INFO - Setting next_dagrun for example_subdag_operator.section-1 to None, run_after=None
[2025-01-28T22:20:03.087+0000] {logging_mixin.py:190} INFO - [2025-01-28T22:20:03.087+0000] {dag.py:4180} INFO - Setting next_dagrun for example_subdag_operator.section-2 to None, run_after=None
[2025-01-28T22:20:03.096+0000] {logging_mixin.py:190} INFO - [2025-01-28T22:20:03.096+0000] {dag.py:3239} INFO - Sync 2 DAGs
[2025-01-28T22:20:03.102+0000] {logging_mixin.py:190} INFO - [2025-01-28T22:20:03.102+0000] {dag.py:4180} INFO - Setting next_dagrun for example_subdag_operator.section-1 to None, run_after=None
[2025-01-28T22:20:03.103+0000] {logging_mixin.py:190} INFO - [2025-01-28T22:20:03.103+0000] {dag.py:4180} INFO - Setting next_dagrun for example_subdag_operator.section-2 to None, run_after=None
[2025-01-28T22:20:03.118+0000] {processor.py:208} INFO - Processing /home/airflow/.local/lib/python3.12/site-packages/airflow/example_dags/example_subdag_operator.py took 0.135 seconds
[2025-01-28T22:20:33.337+0000] {processor.py:186} INFO - Started process (PID=1472) to work on /home/airflow/.local/lib/python3.12/site-packages/airflow/example_dags/example_subdag_operator.py
[2025-01-28T22:20:33.339+0000] {processor.py:914} INFO - Processing file /home/airflow/.local/lib/python3.12/site-packages/airflow/example_dags/example_subdag_operator.py for tasks to queue
[2025-01-28T22:20:33.342+0000] {logging_mixin.py:190} INFO - [2025-01-28T22:20:33.341+0000] {dagbag.py:588} INFO - Filling up the DagBag from /home/airflow/.local/lib/python3.12/site-packages/airflow/example_dags/example_subdag_operator.py
[2025-01-28T22:20:33.370+0000] {processor.py:925} INFO - DAG(s) 'example_subdag_operator.section-1', 'example_subdag_operator.section-2', 'example_subdag_operator' retrieved from /home/airflow/.local/lib/python3.12/site-packages/airflow/example_dags/example_subdag_operator.py
[2025-01-28T22:20:33.387+0000] {logging_mixin.py:190} INFO - [2025-01-28T22:20:33.387+0000] {dag.py:3239} INFO - Sync 3 DAGs
[2025-01-28T22:20:33.412+0000] {logging_mixin.py:190} INFO - [2025-01-28T22:20:33.411+0000] {dag.py:4180} INFO - Setting next_dagrun for example_subdag_operator to 2022-01-01 00:00:00+00:00, run_after=2022-01-01 00:00:00+00:00
[2025-01-28T22:20:33.416+0000] {logging_mixin.py:190} INFO - [2025-01-28T22:20:33.416+0000] {dag.py:4180} INFO - Setting next_dagrun for example_subdag_operator.section-1 to None, run_after=None
[2025-01-28T22:20:33.418+0000] {logging_mixin.py:190} INFO - [2025-01-28T22:20:33.418+0000] {dag.py:4180} INFO - Setting next_dagrun for example_subdag_operator.section-2 to None, run_after=None
[2025-01-28T22:20:33.426+0000] {logging_mixin.py:190} INFO - [2025-01-28T22:20:33.426+0000] {dag.py:3239} INFO - Sync 2 DAGs
[2025-01-28T22:20:33.432+0000] {logging_mixin.py:190} INFO - [2025-01-28T22:20:33.432+0000] {dag.py:4180} INFO - Setting next_dagrun for example_subdag_operator.section-1 to None, run_after=None
[2025-01-28T22:20:33.433+0000] {logging_mixin.py:190} INFO - [2025-01-28T22:20:33.433+0000] {dag.py:4180} INFO - Setting next_dagrun for example_subdag_operator.section-2 to None, run_after=None
[2025-01-28T22:20:33.451+0000] {processor.py:208} INFO - Processing /home/airflow/.local/lib/python3.12/site-packages/airflow/example_dags/example_subdag_operator.py took 0.119 seconds
[2025-01-28T22:21:04.650+0000] {processor.py:186} INFO - Started process (PID=1528) to work on /home/airflow/.local/lib/python3.12/site-packages/airflow/example_dags/example_subdag_operator.py
[2025-01-28T22:21:04.652+0000] {processor.py:914} INFO - Processing file /home/airflow/.local/lib/python3.12/site-packages/airflow/example_dags/example_subdag_operator.py for tasks to queue
[2025-01-28T22:21:04.655+0000] {logging_mixin.py:190} INFO - [2025-01-28T22:21:04.655+0000] {dagbag.py:588} INFO - Filling up the DagBag from /home/airflow/.local/lib/python3.12/site-packages/airflow/example_dags/example_subdag_operator.py
[2025-01-28T22:21:04.684+0000] {processor.py:925} INFO - DAG(s) 'example_subdag_operator.section-1', 'example_subdag_operator.section-2', 'example_subdag_operator' retrieved from /home/airflow/.local/lib/python3.12/site-packages/airflow/example_dags/example_subdag_operator.py
[2025-01-28T22:21:04.701+0000] {logging_mixin.py:190} INFO - [2025-01-28T22:21:04.701+0000] {dag.py:3239} INFO - Sync 3 DAGs
[2025-01-28T22:21:04.727+0000] {logging_mixin.py:190} INFO - [2025-01-28T22:21:04.727+0000] {dag.py:4180} INFO - Setting next_dagrun for example_subdag_operator to 2022-01-01 00:00:00+00:00, run_after=2022-01-01 00:00:00+00:00
[2025-01-28T22:21:04.733+0000] {logging_mixin.py:190} INFO - [2025-01-28T22:21:04.733+0000] {dag.py:4180} INFO - Setting next_dagrun for example_subdag_operator.section-1 to None, run_after=None
[2025-01-28T22:21:04.735+0000] {logging_mixin.py:190} INFO - [2025-01-28T22:21:04.735+0000] {dag.py:4180} INFO - Setting next_dagrun for example_subdag_operator.section-2 to None, run_after=None
[2025-01-28T22:21:04.743+0000] {logging_mixin.py:190} INFO - [2025-01-28T22:21:04.743+0000] {dag.py:3239} INFO - Sync 2 DAGs
[2025-01-28T22:21:04.751+0000] {logging_mixin.py:190} INFO - [2025-01-28T22:21:04.751+0000] {dag.py:4180} INFO - Setting next_dagrun for example_subdag_operator.section-1 to None, run_after=None
[2025-01-28T22:21:04.753+0000] {logging_mixin.py:190} INFO - [2025-01-28T22:21:04.752+0000] {dag.py:4180} INFO - Setting next_dagrun for example_subdag_operator.section-2 to None, run_after=None
[2025-01-28T22:21:04.768+0000] {processor.py:208} INFO - Processing /home/airflow/.local/lib/python3.12/site-packages/airflow/example_dags/example_subdag_operator.py took 0.124 seconds
[2025-01-28T22:21:35.520+0000] {processor.py:186} INFO - Started process (PID=1591) to work on /home/airflow/.local/lib/python3.12/site-packages/airflow/example_dags/example_subdag_operator.py
[2025-01-28T22:21:35.522+0000] {processor.py:914} INFO - Processing file /home/airflow/.local/lib/python3.12/site-packages/airflow/example_dags/example_subdag_operator.py for tasks to queue
[2025-01-28T22:21:35.525+0000] {logging_mixin.py:190} INFO - [2025-01-28T22:21:35.525+0000] {dagbag.py:588} INFO - Filling up the DagBag from /home/airflow/.local/lib/python3.12/site-packages/airflow/example_dags/example_subdag_operator.py
[2025-01-28T22:21:35.557+0000] {processor.py:925} INFO - DAG(s) 'example_subdag_operator.section-1', 'example_subdag_operator.section-2', 'example_subdag_operator' retrieved from /home/airflow/.local/lib/python3.12/site-packages/airflow/example_dags/example_subdag_operator.py
[2025-01-28T22:21:35.575+0000] {logging_mixin.py:190} INFO - [2025-01-28T22:21:35.574+0000] {dag.py:3239} INFO - Sync 3 DAGs
[2025-01-28T22:21:35.601+0000] {logging_mixin.py:190} INFO - [2025-01-28T22:21:35.600+0000] {dag.py:4180} INFO - Setting next_dagrun for example_subdag_operator to 2022-01-01 00:00:00+00:00, run_after=2022-01-01 00:00:00+00:00
[2025-01-28T22:21:35.605+0000] {logging_mixin.py:190} INFO - [2025-01-28T22:21:35.605+0000] {dag.py:4180} INFO - Setting next_dagrun for example_subdag_operator.section-1 to None, run_after=None
[2025-01-28T22:21:35.607+0000] {logging_mixin.py:190} INFO - [2025-01-28T22:21:35.607+0000] {dag.py:4180} INFO - Setting next_dagrun for example_subdag_operator.section-2 to None, run_after=None
[2025-01-28T22:21:35.615+0000] {logging_mixin.py:190} INFO - [2025-01-28T22:21:35.615+0000] {dag.py:3239} INFO - Sync 2 DAGs
[2025-01-28T22:21:35.622+0000] {logging_mixin.py:190} INFO - [2025-01-28T22:21:35.622+0000] {dag.py:4180} INFO - Setting next_dagrun for example_subdag_operator.section-1 to None, run_after=None
[2025-01-28T22:21:35.623+0000] {logging_mixin.py:190} INFO - [2025-01-28T22:21:35.623+0000] {dag.py:4180} INFO - Setting next_dagrun for example_subdag_operator.section-2 to None, run_after=None
[2025-01-28T22:21:35.643+0000] {processor.py:208} INFO - Processing /home/airflow/.local/lib/python3.12/site-packages/airflow/example_dags/example_subdag_operator.py took 0.129 seconds
[2025-01-28T22:22:06.918+0000] {processor.py:186} INFO - Started process (PID=1654) to work on /home/airflow/.local/lib/python3.12/site-packages/airflow/example_dags/example_subdag_operator.py
[2025-01-28T22:22:06.920+0000] {processor.py:914} INFO - Processing file /home/airflow/.local/lib/python3.12/site-packages/airflow/example_dags/example_subdag_operator.py for tasks to queue
[2025-01-28T22:22:06.923+0000] {logging_mixin.py:190} INFO - [2025-01-28T22:22:06.923+0000] {dagbag.py:588} INFO - Filling up the DagBag from /home/airflow/.local/lib/python3.12/site-packages/airflow/example_dags/example_subdag_operator.py
[2025-01-28T22:22:06.950+0000] {processor.py:925} INFO - DAG(s) 'example_subdag_operator.section-1', 'example_subdag_operator.section-2', 'example_subdag_operator' retrieved from /home/airflow/.local/lib/python3.12/site-packages/airflow/example_dags/example_subdag_operator.py
[2025-01-28T22:22:06.967+0000] {logging_mixin.py:190} INFO - [2025-01-28T22:22:06.967+0000] {dag.py:3239} INFO - Sync 3 DAGs
[2025-01-28T22:22:06.993+0000] {logging_mixin.py:190} INFO - [2025-01-28T22:22:06.993+0000] {dag.py:4180} INFO - Setting next_dagrun for example_subdag_operator to 2022-01-01 00:00:00+00:00, run_after=2022-01-01 00:00:00+00:00
[2025-01-28T22:22:06.998+0000] {logging_mixin.py:190} INFO - [2025-01-28T22:22:06.998+0000] {dag.py:4180} INFO - Setting next_dagrun for example_subdag_operator.section-1 to None, run_after=None
[2025-01-28T22:22:07.000+0000] {logging_mixin.py:190} INFO - [2025-01-28T22:22:07.000+0000] {dag.py:4180} INFO - Setting next_dagrun for example_subdag_operator.section-2 to None, run_after=None
[2025-01-28T22:22:07.009+0000] {logging_mixin.py:190} INFO - [2025-01-28T22:22:07.009+0000] {dag.py:3239} INFO - Sync 2 DAGs
[2025-01-28T22:22:07.016+0000] {logging_mixin.py:190} INFO - [2025-01-28T22:22:07.016+0000] {dag.py:4180} INFO - Setting next_dagrun for example_subdag_operator.section-1 to None, run_after=None
[2025-01-28T22:22:07.017+0000] {logging_mixin.py:190} INFO - [2025-01-28T22:22:07.017+0000] {dag.py:4180} INFO - Setting next_dagrun for example_subdag_operator.section-2 to None, run_after=None
[2025-01-28T22:22:07.039+0000] {processor.py:208} INFO - Processing /home/airflow/.local/lib/python3.12/site-packages/airflow/example_dags/example_subdag_operator.py took 0.127 seconds
[2025-01-28T22:22:38.349+0000] {processor.py:186} INFO - Started process (PID=1717) to work on /home/airflow/.local/lib/python3.12/site-packages/airflow/example_dags/example_subdag_operator.py
[2025-01-28T22:22:38.351+0000] {processor.py:914} INFO - Processing file /home/airflow/.local/lib/python3.12/site-packages/airflow/example_dags/example_subdag_operator.py for tasks to queue
[2025-01-28T22:22:38.355+0000] {logging_mixin.py:190} INFO - [2025-01-28T22:22:38.355+0000] {dagbag.py:588} INFO - Filling up the DagBag from /home/airflow/.local/lib/python3.12/site-packages/airflow/example_dags/example_subdag_operator.py
[2025-01-28T22:22:38.384+0000] {processor.py:925} INFO - DAG(s) 'example_subdag_operator.section-1', 'example_subdag_operator.section-2', 'example_subdag_operator' retrieved from /home/airflow/.local/lib/python3.12/site-packages/airflow/example_dags/example_subdag_operator.py
[2025-01-28T22:22:38.402+0000] {logging_mixin.py:190} INFO - [2025-01-28T22:22:38.402+0000] {dag.py:3239} INFO - Sync 3 DAGs
[2025-01-28T22:22:38.429+0000] {logging_mixin.py:190} INFO - [2025-01-28T22:22:38.429+0000] {dag.py:4180} INFO - Setting next_dagrun for example_subdag_operator to 2022-01-01 00:00:00+00:00, run_after=2022-01-01 00:00:00+00:00
[2025-01-28T22:22:38.433+0000] {logging_mixin.py:190} INFO - [2025-01-28T22:22:38.433+0000] {dag.py:4180} INFO - Setting next_dagrun for example_subdag_operator.section-1 to None, run_after=None
[2025-01-28T22:22:38.436+0000] {logging_mixin.py:190} INFO - [2025-01-28T22:22:38.435+0000] {dag.py:4180} INFO - Setting next_dagrun for example_subdag_operator.section-2 to None, run_after=None
[2025-01-28T22:22:38.444+0000] {logging_mixin.py:190} INFO - [2025-01-28T22:22:38.444+0000] {dag.py:3239} INFO - Sync 2 DAGs
[2025-01-28T22:22:38.450+0000] {logging_mixin.py:190} INFO - [2025-01-28T22:22:38.450+0000] {dag.py:4180} INFO - Setting next_dagrun for example_subdag_operator.section-1 to None, run_after=None
[2025-01-28T22:22:38.451+0000] {logging_mixin.py:190} INFO - [2025-01-28T22:22:38.451+0000] {dag.py:4180} INFO - Setting next_dagrun for example_subdag_operator.section-2 to None, run_after=None
[2025-01-28T22:22:38.467+0000] {processor.py:208} INFO - Processing /home/airflow/.local/lib/python3.12/site-packages/airflow/example_dags/example_subdag_operator.py took 0.125 seconds
[2025-01-28T22:23:10.293+0000] {processor.py:186} INFO - Started process (PID=1780) to work on /home/airflow/.local/lib/python3.12/site-packages/airflow/example_dags/example_subdag_operator.py
[2025-01-28T22:23:10.295+0000] {processor.py:914} INFO - Processing file /home/airflow/.local/lib/python3.12/site-packages/airflow/example_dags/example_subdag_operator.py for tasks to queue
[2025-01-28T22:23:10.298+0000] {logging_mixin.py:190} INFO - [2025-01-28T22:23:10.298+0000] {dagbag.py:588} INFO - Filling up the DagBag from /home/airflow/.local/lib/python3.12/site-packages/airflow/example_dags/example_subdag_operator.py
[2025-01-28T22:23:10.328+0000] {processor.py:925} INFO - DAG(s) 'example_subdag_operator.section-1', 'example_subdag_operator.section-2', 'example_subdag_operator' retrieved from /home/airflow/.local/lib/python3.12/site-packages/airflow/example_dags/example_subdag_operator.py
[2025-01-28T22:23:10.345+0000] {logging_mixin.py:190} INFO - [2025-01-28T22:23:10.345+0000] {dag.py:3239} INFO - Sync 3 DAGs
[2025-01-28T22:23:10.370+0000] {logging_mixin.py:190} INFO - [2025-01-28T22:23:10.370+0000] {dag.py:4180} INFO - Setting next_dagrun for example_subdag_operator to 2022-01-01 00:00:00+00:00, run_after=2022-01-01 00:00:00+00:00
[2025-01-28T22:23:10.375+0000] {logging_mixin.py:190} INFO - [2025-01-28T22:23:10.375+0000] {dag.py:4180} INFO - Setting next_dagrun for example_subdag_operator.section-1 to None, run_after=None
[2025-01-28T22:23:10.377+0000] {logging_mixin.py:190} INFO - [2025-01-28T22:23:10.377+0000] {dag.py:4180} INFO - Setting next_dagrun for example_subdag_operator.section-2 to None, run_after=None
[2025-01-28T22:23:10.386+0000] {logging_mixin.py:190} INFO - [2025-01-28T22:23:10.386+0000] {dag.py:3239} INFO - Sync 2 DAGs
[2025-01-28T22:23:10.393+0000] {logging_mixin.py:190} INFO - [2025-01-28T22:23:10.392+0000] {dag.py:4180} INFO - Setting next_dagrun for example_subdag_operator.section-1 to None, run_after=None
[2025-01-28T22:23:10.394+0000] {logging_mixin.py:190} INFO - [2025-01-28T22:23:10.394+0000] {dag.py:4180} INFO - Setting next_dagrun for example_subdag_operator.section-2 to None, run_after=None
[2025-01-28T22:23:10.408+0000] {processor.py:208} INFO - Processing /home/airflow/.local/lib/python3.12/site-packages/airflow/example_dags/example_subdag_operator.py took 0.121 seconds
[2025-01-28T22:23:41.857+0000] {processor.py:186} INFO - Started process (PID=1843) to work on /home/airflow/.local/lib/python3.12/site-packages/airflow/example_dags/example_subdag_operator.py
[2025-01-28T22:23:41.858+0000] {processor.py:914} INFO - Processing file /home/airflow/.local/lib/python3.12/site-packages/airflow/example_dags/example_subdag_operator.py for tasks to queue
[2025-01-28T22:23:41.861+0000] {logging_mixin.py:190} INFO - [2025-01-28T22:23:41.861+0000] {dagbag.py:588} INFO - Filling up the DagBag from /home/airflow/.local/lib/python3.12/site-packages/airflow/example_dags/example_subdag_operator.py
[2025-01-28T22:23:41.888+0000] {processor.py:925} INFO - DAG(s) 'example_subdag_operator.section-1', 'example_subdag_operator.section-2', 'example_subdag_operator' retrieved from /home/airflow/.local/lib/python3.12/site-packages/airflow/example_dags/example_subdag_operator.py
[2025-01-28T22:23:41.906+0000] {logging_mixin.py:190} INFO - [2025-01-28T22:23:41.906+0000] {dag.py:3239} INFO - Sync 3 DAGs
[2025-01-28T22:23:41.931+0000] {logging_mixin.py:190} INFO - [2025-01-28T22:23:41.931+0000] {dag.py:4180} INFO - Setting next_dagrun for example_subdag_operator to 2022-01-01 00:00:00+00:00, run_after=2022-01-01 00:00:00+00:00
[2025-01-28T22:23:41.936+0000] {logging_mixin.py:190} INFO - [2025-01-28T22:23:41.935+0000] {dag.py:4180} INFO - Setting next_dagrun for example_subdag_operator.section-1 to None, run_after=None
[2025-01-28T22:23:41.938+0000] {logging_mixin.py:190} INFO - [2025-01-28T22:23:41.937+0000] {dag.py:4180} INFO - Setting next_dagrun for example_subdag_operator.section-2 to None, run_after=None
[2025-01-28T22:23:41.946+0000] {logging_mixin.py:190} INFO - [2025-01-28T22:23:41.945+0000] {dag.py:3239} INFO - Sync 2 DAGs
[2025-01-28T22:23:41.952+0000] {logging_mixin.py:190} INFO - [2025-01-28T22:23:41.952+0000] {dag.py:4180} INFO - Setting next_dagrun for example_subdag_operator.section-1 to None, run_after=None
[2025-01-28T22:23:41.962+0000] {logging_mixin.py:190} INFO - [2025-01-28T22:23:41.962+0000] {dag.py:4180} INFO - Setting next_dagrun for example_subdag_operator.section-2 to None, run_after=None
[2025-01-28T22:23:41.976+0000] {processor.py:208} INFO - Processing /home/airflow/.local/lib/python3.12/site-packages/airflow/example_dags/example_subdag_operator.py took 0.126 seconds
[2025-01-28T22:24:12.826+0000] {processor.py:186} INFO - Started process (PID=1906) to work on /home/airflow/.local/lib/python3.12/site-packages/airflow/example_dags/example_subdag_operator.py
[2025-01-28T22:24:12.831+0000] {processor.py:914} INFO - Processing file /home/airflow/.local/lib/python3.12/site-packages/airflow/example_dags/example_subdag_operator.py for tasks to queue
[2025-01-28T22:24:12.837+0000] {logging_mixin.py:190} INFO - [2025-01-28T22:24:12.836+0000] {dagbag.py:588} INFO - Filling up the DagBag from /home/airflow/.local/lib/python3.12/site-packages/airflow/example_dags/example_subdag_operator.py
[2025-01-28T22:24:12.872+0000] {processor.py:925} INFO - DAG(s) 'example_subdag_operator.section-1', 'example_subdag_operator.section-2', 'example_subdag_operator' retrieved from /home/airflow/.local/lib/python3.12/site-packages/airflow/example_dags/example_subdag_operator.py
[2025-01-28T22:24:12.890+0000] {logging_mixin.py:190} INFO - [2025-01-28T22:24:12.890+0000] {dag.py:3239} INFO - Sync 3 DAGs
[2025-01-28T22:24:12.917+0000] {logging_mixin.py:190} INFO - [2025-01-28T22:24:12.916+0000] {dag.py:4180} INFO - Setting next_dagrun for example_subdag_operator to 2022-01-01 00:00:00+00:00, run_after=2022-01-01 00:00:00+00:00
[2025-01-28T22:24:12.924+0000] {logging_mixin.py:190} INFO - [2025-01-28T22:24:12.923+0000] {dag.py:4180} INFO - Setting next_dagrun for example_subdag_operator.section-1 to None, run_after=None
[2025-01-28T22:24:12.926+0000] {logging_mixin.py:190} INFO - [2025-01-28T22:24:12.926+0000] {dag.py:4180} INFO - Setting next_dagrun for example_subdag_operator.section-2 to None, run_after=None
[2025-01-28T22:24:12.935+0000] {logging_mixin.py:190} INFO - [2025-01-28T22:24:12.935+0000] {dag.py:3239} INFO - Sync 2 DAGs
[2025-01-28T22:24:12.943+0000] {logging_mixin.py:190} INFO - [2025-01-28T22:24:12.942+0000] {dag.py:4180} INFO - Setting next_dagrun for example_subdag_operator.section-1 to None, run_after=None
[2025-01-28T22:24:12.945+0000] {logging_mixin.py:190} INFO - [2025-01-28T22:24:12.945+0000] {dag.py:4180} INFO - Setting next_dagrun for example_subdag_operator.section-2 to None, run_after=None
[2025-01-28T22:24:12.963+0000] {processor.py:208} INFO - Processing /home/airflow/.local/lib/python3.12/site-packages/airflow/example_dags/example_subdag_operator.py took 0.145 seconds
[2025-01-28T22:24:44.298+0000] {processor.py:186} INFO - Started process (PID=1969) to work on /home/airflow/.local/lib/python3.12/site-packages/airflow/example_dags/example_subdag_operator.py
[2025-01-28T22:24:44.313+0000] {processor.py:914} INFO - Processing file /home/airflow/.local/lib/python3.12/site-packages/airflow/example_dags/example_subdag_operator.py for tasks to queue
[2025-01-28T22:24:44.321+0000] {logging_mixin.py:190} INFO - [2025-01-28T22:24:44.320+0000] {dagbag.py:588} INFO - Filling up the DagBag from /home/airflow/.local/lib/python3.12/site-packages/airflow/example_dags/example_subdag_operator.py
[2025-01-28T22:24:44.352+0000] {processor.py:925} INFO - DAG(s) 'example_subdag_operator.section-1', 'example_subdag_operator.section-2', 'example_subdag_operator' retrieved from /home/airflow/.local/lib/python3.12/site-packages/airflow/example_dags/example_subdag_operator.py
[2025-01-28T22:24:44.371+0000] {logging_mixin.py:190} INFO - [2025-01-28T22:24:44.370+0000] {dag.py:3239} INFO - Sync 3 DAGs
[2025-01-28T22:24:44.402+0000] {logging_mixin.py:190} INFO - [2025-01-28T22:24:44.402+0000] {dag.py:4180} INFO - Setting next_dagrun for example_subdag_operator to 2022-01-01 00:00:00+00:00, run_after=2022-01-01 00:00:00+00:00
[2025-01-28T22:24:44.407+0000] {logging_mixin.py:190} INFO - [2025-01-28T22:24:44.407+0000] {dag.py:4180} INFO - Setting next_dagrun for example_subdag_operator.section-1 to None, run_after=None
[2025-01-28T22:24:44.410+0000] {logging_mixin.py:190} INFO - [2025-01-28T22:24:44.409+0000] {dag.py:4180} INFO - Setting next_dagrun for example_subdag_operator.section-2 to None, run_after=None
[2025-01-28T22:24:44.418+0000] {logging_mixin.py:190} INFO - [2025-01-28T22:24:44.418+0000] {dag.py:3239} INFO - Sync 2 DAGs
[2025-01-28T22:24:44.425+0000] {logging_mixin.py:190} INFO - [2025-01-28T22:24:44.425+0000] {dag.py:4180} INFO - Setting next_dagrun for example_subdag_operator.section-1 to None, run_after=None
[2025-01-28T22:24:44.426+0000] {logging_mixin.py:190} INFO - [2025-01-28T22:24:44.426+0000] {dag.py:4180} INFO - Setting next_dagrun for example_subdag_operator.section-2 to None, run_after=None
[2025-01-28T22:24:44.447+0000] {processor.py:208} INFO - Processing /home/airflow/.local/lib/python3.12/site-packages/airflow/example_dags/example_subdag_operator.py took 0.156 seconds
[2025-01-28T22:25:15.183+0000] {processor.py:186} INFO - Started process (PID=2032) to work on /home/airflow/.local/lib/python3.12/site-packages/airflow/example_dags/example_subdag_operator.py
[2025-01-28T22:25:15.185+0000] {processor.py:914} INFO - Processing file /home/airflow/.local/lib/python3.12/site-packages/airflow/example_dags/example_subdag_operator.py for tasks to queue
[2025-01-28T22:25:15.189+0000] {logging_mixin.py:190} INFO - [2025-01-28T22:25:15.189+0000] {dagbag.py:588} INFO - Filling up the DagBag from /home/airflow/.local/lib/python3.12/site-packages/airflow/example_dags/example_subdag_operator.py
[2025-01-28T22:25:15.219+0000] {processor.py:925} INFO - DAG(s) 'example_subdag_operator.section-1', 'example_subdag_operator.section-2', 'example_subdag_operator' retrieved from /home/airflow/.local/lib/python3.12/site-packages/airflow/example_dags/example_subdag_operator.py
[2025-01-28T22:25:15.237+0000] {logging_mixin.py:190} INFO - [2025-01-28T22:25:15.236+0000] {dag.py:3239} INFO - Sync 3 DAGs
[2025-01-28T22:25:15.264+0000] {logging_mixin.py:190} INFO - [2025-01-28T22:25:15.264+0000] {dag.py:4180} INFO - Setting next_dagrun for example_subdag_operator to 2022-01-01 00:00:00+00:00, run_after=2022-01-01 00:00:00+00:00
[2025-01-28T22:25:15.268+0000] {logging_mixin.py:190} INFO - [2025-01-28T22:25:15.268+0000] {dag.py:4180} INFO - Setting next_dagrun for example_subdag_operator.section-1 to None, run_after=None
[2025-01-28T22:25:15.270+0000] {logging_mixin.py:190} INFO - [2025-01-28T22:25:15.270+0000] {dag.py:4180} INFO - Setting next_dagrun for example_subdag_operator.section-2 to None, run_after=None
[2025-01-28T22:25:15.279+0000] {logging_mixin.py:190} INFO - [2025-01-28T22:25:15.279+0000] {dag.py:3239} INFO - Sync 2 DAGs
[2025-01-28T22:25:15.286+0000] {logging_mixin.py:190} INFO - [2025-01-28T22:25:15.286+0000] {dag.py:4180} INFO - Setting next_dagrun for example_subdag_operator.section-1 to None, run_after=None
[2025-01-28T22:25:15.308+0000] {logging_mixin.py:190} INFO - [2025-01-28T22:25:15.308+0000] {dag.py:4180} INFO - Setting next_dagrun for example_subdag_operator.section-2 to None, run_after=None
[2025-01-28T22:25:15.324+0000] {processor.py:208} INFO - Processing /home/airflow/.local/lib/python3.12/site-packages/airflow/example_dags/example_subdag_operator.py took 0.148 seconds
[2025-01-28T22:28:43.933+0000] {processor.py:186} INFO - Started process (PID=91) to work on /home/airflow/.local/lib/python3.12/site-packages/airflow/example_dags/example_subdag_operator.py
[2025-01-28T22:28:43.935+0000] {processor.py:914} INFO - Processing file /home/airflow/.local/lib/python3.12/site-packages/airflow/example_dags/example_subdag_operator.py for tasks to queue
[2025-01-28T22:28:43.938+0000] {logging_mixin.py:190} INFO - [2025-01-28T22:28:43.938+0000] {dagbag.py:588} INFO - Filling up the DagBag from /home/airflow/.local/lib/python3.12/site-packages/airflow/example_dags/example_subdag_operator.py
[2025-01-28T22:28:43.978+0000] {processor.py:925} INFO - DAG(s) 'example_subdag_operator.section-1', 'example_subdag_operator.section-2', 'example_subdag_operator' retrieved from /home/airflow/.local/lib/python3.12/site-packages/airflow/example_dags/example_subdag_operator.py
[2025-01-28T22:28:44.007+0000] {logging_mixin.py:190} INFO - [2025-01-28T22:28:44.006+0000] {dag.py:3239} INFO - Sync 3 DAGs
[2025-01-28T22:28:44.034+0000] {logging_mixin.py:190} INFO - [2025-01-28T22:28:44.034+0000] {dag.py:4180} INFO - Setting next_dagrun for example_subdag_operator to 2022-01-01 00:00:00+00:00, run_after=2022-01-01 00:00:00+00:00
[2025-01-28T22:28:44.038+0000] {logging_mixin.py:190} INFO - [2025-01-28T22:28:44.038+0000] {dag.py:4180} INFO - Setting next_dagrun for example_subdag_operator.section-1 to None, run_after=None
[2025-01-28T22:28:44.040+0000] {logging_mixin.py:190} INFO - [2025-01-28T22:28:44.040+0000] {dag.py:4180} INFO - Setting next_dagrun for example_subdag_operator.section-2 to None, run_after=None
[2025-01-28T22:28:44.049+0000] {logging_mixin.py:190} INFO - [2025-01-28T22:28:44.048+0000] {dag.py:3239} INFO - Sync 2 DAGs
[2025-01-28T22:28:44.055+0000] {logging_mixin.py:190} INFO - [2025-01-28T22:28:44.055+0000] {dag.py:4180} INFO - Setting next_dagrun for example_subdag_operator.section-1 to None, run_after=None
[2025-01-28T22:28:44.056+0000] {logging_mixin.py:190} INFO - [2025-01-28T22:28:44.056+0000] {dag.py:4180} INFO - Setting next_dagrun for example_subdag_operator.section-2 to None, run_after=None
[2025-01-28T22:28:44.083+0000] {processor.py:208} INFO - Processing /home/airflow/.local/lib/python3.12/site-packages/airflow/example_dags/example_subdag_operator.py took 0.156 seconds
[2025-01-28T22:29:14.616+0000] {processor.py:186} INFO - Started process (PID=154) to work on /home/airflow/.local/lib/python3.12/site-packages/airflow/example_dags/example_subdag_operator.py
[2025-01-28T22:29:14.617+0000] {processor.py:914} INFO - Processing file /home/airflow/.local/lib/python3.12/site-packages/airflow/example_dags/example_subdag_operator.py for tasks to queue
[2025-01-28T22:29:14.620+0000] {logging_mixin.py:190} INFO - [2025-01-28T22:29:14.620+0000] {dagbag.py:588} INFO - Filling up the DagBag from /home/airflow/.local/lib/python3.12/site-packages/airflow/example_dags/example_subdag_operator.py
[2025-01-28T22:29:14.653+0000] {processor.py:925} INFO - DAG(s) 'example_subdag_operator.section-1', 'example_subdag_operator.section-2', 'example_subdag_operator' retrieved from /home/airflow/.local/lib/python3.12/site-packages/airflow/example_dags/example_subdag_operator.py
[2025-01-28T22:29:14.673+0000] {logging_mixin.py:190} INFO - [2025-01-28T22:29:14.672+0000] {dag.py:3239} INFO - Sync 3 DAGs
[2025-01-28T22:29:14.700+0000] {logging_mixin.py:190} INFO - [2025-01-28T22:29:14.700+0000] {dag.py:4180} INFO - Setting next_dagrun for example_subdag_operator to 2022-01-01 00:00:00+00:00, run_after=2022-01-01 00:00:00+00:00
[2025-01-28T22:29:14.705+0000] {logging_mixin.py:190} INFO - [2025-01-28T22:29:14.705+0000] {dag.py:4180} INFO - Setting next_dagrun for example_subdag_operator.section-1 to None, run_after=None
[2025-01-28T22:29:14.707+0000] {logging_mixin.py:190} INFO - [2025-01-28T22:29:14.707+0000] {dag.py:4180} INFO - Setting next_dagrun for example_subdag_operator.section-2 to None, run_after=None
[2025-01-28T22:29:14.715+0000] {logging_mixin.py:190} INFO - [2025-01-28T22:29:14.714+0000] {dag.py:3239} INFO - Sync 2 DAGs
[2025-01-28T22:29:14.724+0000] {logging_mixin.py:190} INFO - [2025-01-28T22:29:14.724+0000] {dag.py:4180} INFO - Setting next_dagrun for example_subdag_operator.section-1 to None, run_after=None
[2025-01-28T22:29:14.727+0000] {logging_mixin.py:190} INFO - [2025-01-28T22:29:14.727+0000] {dag.py:4180} INFO - Setting next_dagrun for example_subdag_operator.section-2 to None, run_after=None
[2025-01-28T22:29:14.742+0000] {processor.py:208} INFO - Processing /home/airflow/.local/lib/python3.12/site-packages/airflow/example_dags/example_subdag_operator.py took 0.132 seconds
[2025-01-28T22:29:45.176+0000] {processor.py:186} INFO - Started process (PID=217) to work on /home/airflow/.local/lib/python3.12/site-packages/airflow/example_dags/example_subdag_operator.py
[2025-01-28T22:29:45.177+0000] {processor.py:914} INFO - Processing file /home/airflow/.local/lib/python3.12/site-packages/airflow/example_dags/example_subdag_operator.py for tasks to queue
[2025-01-28T22:29:45.180+0000] {logging_mixin.py:190} INFO - [2025-01-28T22:29:45.180+0000] {dagbag.py:588} INFO - Filling up the DagBag from /home/airflow/.local/lib/python3.12/site-packages/airflow/example_dags/example_subdag_operator.py
[2025-01-28T22:29:45.208+0000] {processor.py:925} INFO - DAG(s) 'example_subdag_operator.section-1', 'example_subdag_operator.section-2', 'example_subdag_operator' retrieved from /home/airflow/.local/lib/python3.12/site-packages/airflow/example_dags/example_subdag_operator.py
[2025-01-28T22:29:45.226+0000] {logging_mixin.py:190} INFO - [2025-01-28T22:29:45.226+0000] {dag.py:3239} INFO - Sync 3 DAGs
[2025-01-28T22:29:45.252+0000] {logging_mixin.py:190} INFO - [2025-01-28T22:29:45.252+0000] {dag.py:4180} INFO - Setting next_dagrun for example_subdag_operator to 2022-01-01 00:00:00+00:00, run_after=2022-01-01 00:00:00+00:00
[2025-01-28T22:29:45.256+0000] {logging_mixin.py:190} INFO - [2025-01-28T22:29:45.256+0000] {dag.py:4180} INFO - Setting next_dagrun for example_subdag_operator.section-1 to None, run_after=None
[2025-01-28T22:29:45.258+0000] {logging_mixin.py:190} INFO - [2025-01-28T22:29:45.258+0000] {dag.py:4180} INFO - Setting next_dagrun for example_subdag_operator.section-2 to None, run_after=None
[2025-01-28T22:29:45.267+0000] {logging_mixin.py:190} INFO - [2025-01-28T22:29:45.266+0000] {dag.py:3239} INFO - Sync 2 DAGs
[2025-01-28T22:29:45.273+0000] {logging_mixin.py:190} INFO - [2025-01-28T22:29:45.273+0000] {dag.py:4180} INFO - Setting next_dagrun for example_subdag_operator.section-1 to None, run_after=None
[2025-01-28T22:29:45.274+0000] {logging_mixin.py:190} INFO - [2025-01-28T22:29:45.274+0000] {dag.py:4180} INFO - Setting next_dagrun for example_subdag_operator.section-2 to None, run_after=None
[2025-01-28T22:29:45.289+0000] {processor.py:208} INFO - Processing /home/airflow/.local/lib/python3.12/site-packages/airflow/example_dags/example_subdag_operator.py took 0.119 seconds
[2025-01-28T22:30:15.468+0000] {processor.py:186} INFO - Started process (PID=279) to work on /home/airflow/.local/lib/python3.12/site-packages/airflow/example_dags/example_subdag_operator.py
[2025-01-28T22:30:15.470+0000] {processor.py:914} INFO - Processing file /home/airflow/.local/lib/python3.12/site-packages/airflow/example_dags/example_subdag_operator.py for tasks to queue
[2025-01-28T22:30:15.473+0000] {logging_mixin.py:190} INFO - [2025-01-28T22:30:15.473+0000] {dagbag.py:588} INFO - Filling up the DagBag from /home/airflow/.local/lib/python3.12/site-packages/airflow/example_dags/example_subdag_operator.py
[2025-01-28T22:30:15.502+0000] {processor.py:925} INFO - DAG(s) 'example_subdag_operator.section-1', 'example_subdag_operator.section-2', 'example_subdag_operator' retrieved from /home/airflow/.local/lib/python3.12/site-packages/airflow/example_dags/example_subdag_operator.py
[2025-01-28T22:30:15.520+0000] {logging_mixin.py:190} INFO - [2025-01-28T22:30:15.520+0000] {dag.py:3239} INFO - Sync 3 DAGs
[2025-01-28T22:30:15.546+0000] {logging_mixin.py:190} INFO - [2025-01-28T22:30:15.545+0000] {dag.py:4180} INFO - Setting next_dagrun for example_subdag_operator to 2022-01-01 00:00:00+00:00, run_after=2022-01-01 00:00:00+00:00
[2025-01-28T22:30:15.550+0000] {logging_mixin.py:190} INFO - [2025-01-28T22:30:15.550+0000] {dag.py:4180} INFO - Setting next_dagrun for example_subdag_operator.section-1 to None, run_after=None
[2025-01-28T22:30:15.553+0000] {logging_mixin.py:190} INFO - [2025-01-28T22:30:15.552+0000] {dag.py:4180} INFO - Setting next_dagrun for example_subdag_operator.section-2 to None, run_after=None
[2025-01-28T22:30:15.561+0000] {logging_mixin.py:190} INFO - [2025-01-28T22:30:15.561+0000] {dag.py:3239} INFO - Sync 2 DAGs
[2025-01-28T22:30:15.568+0000] {logging_mixin.py:190} INFO - [2025-01-28T22:30:15.568+0000] {dag.py:4180} INFO - Setting next_dagrun for example_subdag_operator.section-1 to None, run_after=None
[2025-01-28T22:30:15.569+0000] {logging_mixin.py:190} INFO - [2025-01-28T22:30:15.569+0000] {dag.py:4180} INFO - Setting next_dagrun for example_subdag_operator.section-2 to None, run_after=None
[2025-01-28T22:30:15.594+0000] {processor.py:208} INFO - Processing /home/airflow/.local/lib/python3.12/site-packages/airflow/example_dags/example_subdag_operator.py took 0.133 seconds
[2025-01-28T22:30:45.890+0000] {processor.py:186} INFO - Started process (PID=342) to work on /home/airflow/.local/lib/python3.12/site-packages/airflow/example_dags/example_subdag_operator.py
[2025-01-28T22:30:45.892+0000] {processor.py:914} INFO - Processing file /home/airflow/.local/lib/python3.12/site-packages/airflow/example_dags/example_subdag_operator.py for tasks to queue
[2025-01-28T22:30:45.895+0000] {logging_mixin.py:190} INFO - [2025-01-28T22:30:45.895+0000] {dagbag.py:588} INFO - Filling up the DagBag from /home/airflow/.local/lib/python3.12/site-packages/airflow/example_dags/example_subdag_operator.py
[2025-01-28T22:30:45.926+0000] {processor.py:925} INFO - DAG(s) 'example_subdag_operator.section-1', 'example_subdag_operator.section-2', 'example_subdag_operator' retrieved from /home/airflow/.local/lib/python3.12/site-packages/airflow/example_dags/example_subdag_operator.py
[2025-01-28T22:30:45.944+0000] {logging_mixin.py:190} INFO - [2025-01-28T22:30:45.944+0000] {dag.py:3239} INFO - Sync 3 DAGs
[2025-01-28T22:30:45.969+0000] {logging_mixin.py:190} INFO - [2025-01-28T22:30:45.969+0000] {dag.py:4180} INFO - Setting next_dagrun for example_subdag_operator to 2022-01-01 00:00:00+00:00, run_after=2022-01-01 00:00:00+00:00
[2025-01-28T22:30:45.975+0000] {logging_mixin.py:190} INFO - [2025-01-28T22:30:45.974+0000] {dag.py:4180} INFO - Setting next_dagrun for example_subdag_operator.section-1 to None, run_after=None
[2025-01-28T22:30:45.977+0000] {logging_mixin.py:190} INFO - [2025-01-28T22:30:45.977+0000] {dag.py:4180} INFO - Setting next_dagrun for example_subdag_operator.section-2 to None, run_after=None
[2025-01-28T22:30:45.986+0000] {logging_mixin.py:190} INFO - [2025-01-28T22:30:45.985+0000] {dag.py:3239} INFO - Sync 2 DAGs
[2025-01-28T22:30:45.993+0000] {logging_mixin.py:190} INFO - [2025-01-28T22:30:45.993+0000] {dag.py:4180} INFO - Setting next_dagrun for example_subdag_operator.section-1 to None, run_after=None
[2025-01-28T22:30:45.994+0000] {logging_mixin.py:190} INFO - [2025-01-28T22:30:45.994+0000] {dag.py:4180} INFO - Setting next_dagrun for example_subdag_operator.section-2 to None, run_after=None
[2025-01-28T22:30:46.021+0000] {processor.py:208} INFO - Processing /home/airflow/.local/lib/python3.12/site-packages/airflow/example_dags/example_subdag_operator.py took 0.137 seconds
