[2025-01-28T22:09:23.351+0000] {processor.py:186} INFO - Started process (PID=100) to work on /home/airflow/.local/lib/python3.12/site-packages/airflow/example_dags/example_skip_dag.py
[2025-01-28T22:09:23.353+0000] {processor.py:914} INFO - Processing file /home/airflow/.local/lib/python3.12/site-packages/airflow/example_dags/example_skip_dag.py for tasks to queue
[2025-01-28T22:09:23.355+0000] {logging_mixin.py:190} INFO - [2025-01-28T22:09:23.355+0000] {dagbag.py:588} INFO - Filling up the DagBag from /home/airflow/.local/lib/python3.12/site-packages/airflow/example_dags/example_skip_dag.py
[2025-01-28T22:09:23.366+0000] {processor.py:925} INFO - DAG(s) 'example_skip_dag' retrieved from /home/airflow/.local/lib/python3.12/site-packages/airflow/example_dags/example_skip_dag.py
[2025-01-28T22:09:23.489+0000] {logging_mixin.py:190} INFO - [2025-01-28T22:09:23.489+0000] {override.py:1911} INFO - Created Permission View: can delete on DAG:example_skip_dag
[2025-01-28T22:09:23.503+0000] {logging_mixin.py:190} INFO - [2025-01-28T22:09:23.502+0000] {override.py:1911} INFO - Created Permission View: can edit on DAG:example_skip_dag
[2025-01-28T22:09:23.512+0000] {logging_mixin.py:190} INFO - [2025-01-28T22:09:23.512+0000] {override.py:1911} INFO - Created Permission View: can read on DAG:example_skip_dag
[2025-01-28T22:09:23.526+0000] {logging_mixin.py:190} INFO - [2025-01-28T22:09:23.525+0000] {override.py:1911} INFO - Created Permission View: can create on DAG Run:example_skip_dag
[2025-01-28T22:09:23.536+0000] {logging_mixin.py:190} INFO - [2025-01-28T22:09:23.536+0000] {override.py:1911} INFO - Created Permission View: can delete on DAG Run:example_skip_dag
[2025-01-28T22:09:23.546+0000] {logging_mixin.py:190} INFO - [2025-01-28T22:09:23.546+0000] {override.py:1911} INFO - Created Permission View: menu access on DAG Run:example_skip_dag
[2025-01-28T22:09:23.556+0000] {logging_mixin.py:190} INFO - [2025-01-28T22:09:23.555+0000] {override.py:1911} INFO - Created Permission View: can read on DAG Run:example_skip_dag
[2025-01-28T22:09:23.557+0000] {logging_mixin.py:190} INFO - [2025-01-28T22:09:23.556+0000] {dag.py:3239} INFO - Sync 1 DAGs
[2025-01-28T22:09:23.571+0000] {logging_mixin.py:190} INFO - [2025-01-28T22:09:23.571+0000] {dag.py:3262} INFO - Creating ORM DAG for example_skip_dag
[2025-01-28T22:09:23.583+0000] {logging_mixin.py:190} INFO - [2025-01-28T22:09:23.583+0000] {dag.py:4180} INFO - Setting next_dagrun for example_skip_dag to 2025-01-27 00:00:00+00:00, run_after=2025-01-28 00:00:00+00:00
[2025-01-28T22:09:23.603+0000] {processor.py:208} INFO - Processing /home/airflow/.local/lib/python3.12/site-packages/airflow/example_dags/example_skip_dag.py took 0.258 seconds
[2025-01-28T22:09:53.727+0000] {processor.py:186} INFO - Started process (PID=162) to work on /home/airflow/.local/lib/python3.12/site-packages/airflow/example_dags/example_skip_dag.py
[2025-01-28T22:09:53.728+0000] {processor.py:914} INFO - Processing file /home/airflow/.local/lib/python3.12/site-packages/airflow/example_dags/example_skip_dag.py for tasks to queue
[2025-01-28T22:09:53.731+0000] {logging_mixin.py:190} INFO - [2025-01-28T22:09:53.731+0000] {dagbag.py:588} INFO - Filling up the DagBag from /home/airflow/.local/lib/python3.12/site-packages/airflow/example_dags/example_skip_dag.py
[2025-01-28T22:09:53.741+0000] {processor.py:925} INFO - DAG(s) 'example_skip_dag' retrieved from /home/airflow/.local/lib/python3.12/site-packages/airflow/example_dags/example_skip_dag.py
[2025-01-28T22:09:53.766+0000] {logging_mixin.py:190} INFO - [2025-01-28T22:09:53.766+0000] {dag.py:3239} INFO - Sync 1 DAGs
[2025-01-28T22:09:53.794+0000] {logging_mixin.py:190} INFO - [2025-01-28T22:09:53.793+0000] {dag.py:4180} INFO - Setting next_dagrun for example_skip_dag to 2025-01-27 00:00:00+00:00, run_after=2025-01-28 00:00:00+00:00
[2025-01-28T22:09:53.816+0000] {processor.py:208} INFO - Processing /home/airflow/.local/lib/python3.12/site-packages/airflow/example_dags/example_skip_dag.py took 0.096 seconds
[2025-01-28T22:10:24.142+0000] {processor.py:186} INFO - Started process (PID=225) to work on /home/airflow/.local/lib/python3.12/site-packages/airflow/example_dags/example_skip_dag.py
[2025-01-28T22:10:24.144+0000] {processor.py:914} INFO - Processing file /home/airflow/.local/lib/python3.12/site-packages/airflow/example_dags/example_skip_dag.py for tasks to queue
[2025-01-28T22:10:24.147+0000] {logging_mixin.py:190} INFO - [2025-01-28T22:10:24.147+0000] {dagbag.py:588} INFO - Filling up the DagBag from /home/airflow/.local/lib/python3.12/site-packages/airflow/example_dags/example_skip_dag.py
[2025-01-28T22:10:24.156+0000] {processor.py:925} INFO - DAG(s) 'example_skip_dag' retrieved from /home/airflow/.local/lib/python3.12/site-packages/airflow/example_dags/example_skip_dag.py
[2025-01-28T22:10:24.179+0000] {logging_mixin.py:190} INFO - [2025-01-28T22:10:24.179+0000] {dag.py:3239} INFO - Sync 1 DAGs
[2025-01-28T22:10:24.205+0000] {logging_mixin.py:190} INFO - [2025-01-28T22:10:24.205+0000] {dag.py:4180} INFO - Setting next_dagrun for example_skip_dag to 2025-01-27 00:00:00+00:00, run_after=2025-01-28 00:00:00+00:00
[2025-01-28T22:10:24.228+0000] {processor.py:208} INFO - Processing /home/airflow/.local/lib/python3.12/site-packages/airflow/example_dags/example_skip_dag.py took 0.092 seconds
[2025-01-28T22:10:54.459+0000] {processor.py:186} INFO - Started process (PID=282) to work on /home/airflow/.local/lib/python3.12/site-packages/airflow/example_dags/example_skip_dag.py
[2025-01-28T22:10:54.461+0000] {processor.py:914} INFO - Processing file /home/airflow/.local/lib/python3.12/site-packages/airflow/example_dags/example_skip_dag.py for tasks to queue
[2025-01-28T22:10:54.463+0000] {logging_mixin.py:190} INFO - [2025-01-28T22:10:54.463+0000] {dagbag.py:588} INFO - Filling up the DagBag from /home/airflow/.local/lib/python3.12/site-packages/airflow/example_dags/example_skip_dag.py
[2025-01-28T22:10:54.472+0000] {processor.py:925} INFO - DAG(s) 'example_skip_dag' retrieved from /home/airflow/.local/lib/python3.12/site-packages/airflow/example_dags/example_skip_dag.py
[2025-01-28T22:10:54.495+0000] {logging_mixin.py:190} INFO - [2025-01-28T22:10:54.495+0000] {dag.py:3239} INFO - Sync 1 DAGs
[2025-01-28T22:10:54.522+0000] {logging_mixin.py:190} INFO - [2025-01-28T22:10:54.522+0000] {dag.py:4180} INFO - Setting next_dagrun for example_skip_dag to 2025-01-27 00:00:00+00:00, run_after=2025-01-28 00:00:00+00:00
[2025-01-28T22:10:54.543+0000] {processor.py:208} INFO - Processing /home/airflow/.local/lib/python3.12/site-packages/airflow/example_dags/example_skip_dag.py took 0.090 seconds
[2025-01-28T22:11:24.727+0000] {processor.py:186} INFO - Started process (PID=345) to work on /home/airflow/.local/lib/python3.12/site-packages/airflow/example_dags/example_skip_dag.py
[2025-01-28T22:11:24.728+0000] {processor.py:914} INFO - Processing file /home/airflow/.local/lib/python3.12/site-packages/airflow/example_dags/example_skip_dag.py for tasks to queue
[2025-01-28T22:11:24.731+0000] {logging_mixin.py:190} INFO - [2025-01-28T22:11:24.731+0000] {dagbag.py:588} INFO - Filling up the DagBag from /home/airflow/.local/lib/python3.12/site-packages/airflow/example_dags/example_skip_dag.py
[2025-01-28T22:11:24.741+0000] {processor.py:925} INFO - DAG(s) 'example_skip_dag' retrieved from /home/airflow/.local/lib/python3.12/site-packages/airflow/example_dags/example_skip_dag.py
[2025-01-28T22:11:24.766+0000] {logging_mixin.py:190} INFO - [2025-01-28T22:11:24.766+0000] {dag.py:3239} INFO - Sync 1 DAGs
[2025-01-28T22:11:24.793+0000] {logging_mixin.py:190} INFO - [2025-01-28T22:11:24.793+0000] {dag.py:4180} INFO - Setting next_dagrun for example_skip_dag to 2025-01-27 00:00:00+00:00, run_after=2025-01-28 00:00:00+00:00
[2025-01-28T22:11:24.815+0000] {processor.py:208} INFO - Processing /home/airflow/.local/lib/python3.12/site-packages/airflow/example_dags/example_skip_dag.py took 0.095 seconds
[2025-01-28T22:11:55.655+0000] {processor.py:186} INFO - Started process (PID=408) to work on /home/airflow/.local/lib/python3.12/site-packages/airflow/example_dags/example_skip_dag.py
[2025-01-28T22:11:55.657+0000] {processor.py:914} INFO - Processing file /home/airflow/.local/lib/python3.12/site-packages/airflow/example_dags/example_skip_dag.py for tasks to queue
[2025-01-28T22:11:55.659+0000] {logging_mixin.py:190} INFO - [2025-01-28T22:11:55.659+0000] {dagbag.py:588} INFO - Filling up the DagBag from /home/airflow/.local/lib/python3.12/site-packages/airflow/example_dags/example_skip_dag.py
[2025-01-28T22:11:55.668+0000] {processor.py:925} INFO - DAG(s) 'example_skip_dag' retrieved from /home/airflow/.local/lib/python3.12/site-packages/airflow/example_dags/example_skip_dag.py
[2025-01-28T22:11:55.692+0000] {logging_mixin.py:190} INFO - [2025-01-28T22:11:55.692+0000] {dag.py:3239} INFO - Sync 1 DAGs
[2025-01-28T22:11:55.719+0000] {logging_mixin.py:190} INFO - [2025-01-28T22:11:55.718+0000] {dag.py:4180} INFO - Setting next_dagrun for example_skip_dag to 2025-01-27 00:00:00+00:00, run_after=2025-01-28 00:00:00+00:00
[2025-01-28T22:11:55.742+0000] {processor.py:208} INFO - Processing /home/airflow/.local/lib/python3.12/site-packages/airflow/example_dags/example_skip_dag.py took 0.093 seconds
[2025-01-28T22:12:25.873+0000] {processor.py:186} INFO - Started process (PID=470) to work on /home/airflow/.local/lib/python3.12/site-packages/airflow/example_dags/example_skip_dag.py
[2025-01-28T22:12:25.874+0000] {processor.py:914} INFO - Processing file /home/airflow/.local/lib/python3.12/site-packages/airflow/example_dags/example_skip_dag.py for tasks to queue
[2025-01-28T22:12:25.877+0000] {logging_mixin.py:190} INFO - [2025-01-28T22:12:25.877+0000] {dagbag.py:588} INFO - Filling up the DagBag from /home/airflow/.local/lib/python3.12/site-packages/airflow/example_dags/example_skip_dag.py
[2025-01-28T22:12:25.886+0000] {processor.py:925} INFO - DAG(s) 'example_skip_dag' retrieved from /home/airflow/.local/lib/python3.12/site-packages/airflow/example_dags/example_skip_dag.py
[2025-01-28T22:12:25.909+0000] {logging_mixin.py:190} INFO - [2025-01-28T22:12:25.908+0000] {dag.py:3239} INFO - Sync 1 DAGs
[2025-01-28T22:12:25.935+0000] {logging_mixin.py:190} INFO - [2025-01-28T22:12:25.935+0000] {dag.py:4180} INFO - Setting next_dagrun for example_skip_dag to 2025-01-27 00:00:00+00:00, run_after=2025-01-28 00:00:00+00:00
[2025-01-28T22:12:25.959+0000] {processor.py:208} INFO - Processing /home/airflow/.local/lib/python3.12/site-packages/airflow/example_dags/example_skip_dag.py took 0.092 seconds
[2025-01-28T22:12:56.045+0000] {processor.py:186} INFO - Started process (PID=533) to work on /home/airflow/.local/lib/python3.12/site-packages/airflow/example_dags/example_skip_dag.py
[2025-01-28T22:12:56.048+0000] {processor.py:914} INFO - Processing file /home/airflow/.local/lib/python3.12/site-packages/airflow/example_dags/example_skip_dag.py for tasks to queue
[2025-01-28T22:12:56.051+0000] {logging_mixin.py:190} INFO - [2025-01-28T22:12:56.050+0000] {dagbag.py:588} INFO - Filling up the DagBag from /home/airflow/.local/lib/python3.12/site-packages/airflow/example_dags/example_skip_dag.py
[2025-01-28T22:12:56.060+0000] {processor.py:925} INFO - DAG(s) 'example_skip_dag' retrieved from /home/airflow/.local/lib/python3.12/site-packages/airflow/example_dags/example_skip_dag.py
[2025-01-28T22:12:56.084+0000] {logging_mixin.py:190} INFO - [2025-01-28T22:12:56.084+0000] {dag.py:3239} INFO - Sync 1 DAGs
[2025-01-28T22:12:56.109+0000] {logging_mixin.py:190} INFO - [2025-01-28T22:12:56.109+0000] {dag.py:4180} INFO - Setting next_dagrun for example_skip_dag to 2025-01-27 00:00:00+00:00, run_after=2025-01-28 00:00:00+00:00
[2025-01-28T22:12:56.155+0000] {processor.py:208} INFO - Processing /home/airflow/.local/lib/python3.12/site-packages/airflow/example_dags/example_skip_dag.py took 0.117 seconds
[2025-01-28T22:13:26.628+0000] {processor.py:186} INFO - Started process (PID=596) to work on /home/airflow/.local/lib/python3.12/site-packages/airflow/example_dags/example_skip_dag.py
[2025-01-28T22:13:26.629+0000] {processor.py:914} INFO - Processing file /home/airflow/.local/lib/python3.12/site-packages/airflow/example_dags/example_skip_dag.py for tasks to queue
[2025-01-28T22:13:26.632+0000] {logging_mixin.py:190} INFO - [2025-01-28T22:13:26.631+0000] {dagbag.py:588} INFO - Filling up the DagBag from /home/airflow/.local/lib/python3.12/site-packages/airflow/example_dags/example_skip_dag.py
[2025-01-28T22:13:26.641+0000] {processor.py:925} INFO - DAG(s) 'example_skip_dag' retrieved from /home/airflow/.local/lib/python3.12/site-packages/airflow/example_dags/example_skip_dag.py
[2025-01-28T22:13:26.663+0000] {logging_mixin.py:190} INFO - [2025-01-28T22:13:26.663+0000] {dag.py:3239} INFO - Sync 1 DAGs
[2025-01-28T22:13:26.688+0000] {logging_mixin.py:190} INFO - [2025-01-28T22:13:26.688+0000] {dag.py:4180} INFO - Setting next_dagrun for example_skip_dag to 2025-01-27 00:00:00+00:00, run_after=2025-01-28 00:00:00+00:00
[2025-01-28T22:13:26.726+0000] {processor.py:208} INFO - Processing /home/airflow/.local/lib/python3.12/site-packages/airflow/example_dags/example_skip_dag.py took 0.104 seconds
[2025-01-28T22:13:57.011+0000] {processor.py:186} INFO - Started process (PID=659) to work on /home/airflow/.local/lib/python3.12/site-packages/airflow/example_dags/example_skip_dag.py
[2025-01-28T22:13:57.012+0000] {processor.py:914} INFO - Processing file /home/airflow/.local/lib/python3.12/site-packages/airflow/example_dags/example_skip_dag.py for tasks to queue
[2025-01-28T22:13:57.015+0000] {logging_mixin.py:190} INFO - [2025-01-28T22:13:57.015+0000] {dagbag.py:588} INFO - Filling up the DagBag from /home/airflow/.local/lib/python3.12/site-packages/airflow/example_dags/example_skip_dag.py
[2025-01-28T22:13:57.024+0000] {processor.py:925} INFO - DAG(s) 'example_skip_dag' retrieved from /home/airflow/.local/lib/python3.12/site-packages/airflow/example_dags/example_skip_dag.py
[2025-01-28T22:13:57.048+0000] {logging_mixin.py:190} INFO - [2025-01-28T22:13:57.048+0000] {dag.py:3239} INFO - Sync 1 DAGs
[2025-01-28T22:13:57.072+0000] {logging_mixin.py:190} INFO - [2025-01-28T22:13:57.072+0000] {dag.py:4180} INFO - Setting next_dagrun for example_skip_dag to 2025-01-27 00:00:00+00:00, run_after=2025-01-28 00:00:00+00:00
[2025-01-28T22:13:57.095+0000] {processor.py:208} INFO - Processing /home/airflow/.local/lib/python3.12/site-packages/airflow/example_dags/example_skip_dag.py took 0.090 seconds
[2025-01-28T22:14:27.649+0000] {processor.py:186} INFO - Started process (PID=722) to work on /home/airflow/.local/lib/python3.12/site-packages/airflow/example_dags/example_skip_dag.py
[2025-01-28T22:14:27.651+0000] {processor.py:914} INFO - Processing file /home/airflow/.local/lib/python3.12/site-packages/airflow/example_dags/example_skip_dag.py for tasks to queue
[2025-01-28T22:14:27.655+0000] {logging_mixin.py:190} INFO - [2025-01-28T22:14:27.654+0000] {dagbag.py:588} INFO - Filling up the DagBag from /home/airflow/.local/lib/python3.12/site-packages/airflow/example_dags/example_skip_dag.py
[2025-01-28T22:14:27.664+0000] {processor.py:925} INFO - DAG(s) 'example_skip_dag' retrieved from /home/airflow/.local/lib/python3.12/site-packages/airflow/example_dags/example_skip_dag.py
[2025-01-28T22:14:27.688+0000] {logging_mixin.py:190} INFO - [2025-01-28T22:14:27.687+0000] {dag.py:3239} INFO - Sync 1 DAGs
[2025-01-28T22:14:27.713+0000] {logging_mixin.py:190} INFO - [2025-01-28T22:14:27.713+0000] {dag.py:4180} INFO - Setting next_dagrun for example_skip_dag to 2025-01-27 00:00:00+00:00, run_after=2025-01-28 00:00:00+00:00
[2025-01-28T22:14:27.738+0000] {processor.py:208} INFO - Processing /home/airflow/.local/lib/python3.12/site-packages/airflow/example_dags/example_skip_dag.py took 0.095 seconds
[2025-01-28T22:14:58.287+0000] {processor.py:186} INFO - Started process (PID=785) to work on /home/airflow/.local/lib/python3.12/site-packages/airflow/example_dags/example_skip_dag.py
[2025-01-28T22:14:58.289+0000] {processor.py:914} INFO - Processing file /home/airflow/.local/lib/python3.12/site-packages/airflow/example_dags/example_skip_dag.py for tasks to queue
[2025-01-28T22:14:58.292+0000] {logging_mixin.py:190} INFO - [2025-01-28T22:14:58.292+0000] {dagbag.py:588} INFO - Filling up the DagBag from /home/airflow/.local/lib/python3.12/site-packages/airflow/example_dags/example_skip_dag.py
[2025-01-28T22:14:58.302+0000] {processor.py:925} INFO - DAG(s) 'example_skip_dag' retrieved from /home/airflow/.local/lib/python3.12/site-packages/airflow/example_dags/example_skip_dag.py
[2025-01-28T22:14:58.329+0000] {logging_mixin.py:190} INFO - [2025-01-28T22:14:58.328+0000] {dag.py:3239} INFO - Sync 1 DAGs
[2025-01-28T22:14:58.357+0000] {logging_mixin.py:190} INFO - [2025-01-28T22:14:58.357+0000] {dag.py:4180} INFO - Setting next_dagrun for example_skip_dag to 2025-01-27 00:00:00+00:00, run_after=2025-01-28 00:00:00+00:00
[2025-01-28T22:14:58.385+0000] {processor.py:208} INFO - Processing /home/airflow/.local/lib/python3.12/site-packages/airflow/example_dags/example_skip_dag.py took 0.104 seconds
[2025-01-28T22:15:28.863+0000] {processor.py:186} INFO - Started process (PID=848) to work on /home/airflow/.local/lib/python3.12/site-packages/airflow/example_dags/example_skip_dag.py
[2025-01-28T22:15:28.864+0000] {processor.py:914} INFO - Processing file /home/airflow/.local/lib/python3.12/site-packages/airflow/example_dags/example_skip_dag.py for tasks to queue
[2025-01-28T22:15:28.867+0000] {logging_mixin.py:190} INFO - [2025-01-28T22:15:28.866+0000] {dagbag.py:588} INFO - Filling up the DagBag from /home/airflow/.local/lib/python3.12/site-packages/airflow/example_dags/example_skip_dag.py
[2025-01-28T22:15:28.877+0000] {processor.py:925} INFO - DAG(s) 'example_skip_dag' retrieved from /home/airflow/.local/lib/python3.12/site-packages/airflow/example_dags/example_skip_dag.py
[2025-01-28T22:15:28.899+0000] {logging_mixin.py:190} INFO - [2025-01-28T22:15:28.899+0000] {dag.py:3239} INFO - Sync 1 DAGs
[2025-01-28T22:15:28.924+0000] {logging_mixin.py:190} INFO - [2025-01-28T22:15:28.924+0000] {dag.py:4180} INFO - Setting next_dagrun for example_skip_dag to 2025-01-27 00:00:00+00:00, run_after=2025-01-28 00:00:00+00:00
[2025-01-28T22:15:28.945+0000] {processor.py:208} INFO - Processing /home/airflow/.local/lib/python3.12/site-packages/airflow/example_dags/example_skip_dag.py took 0.089 seconds
[2025-01-28T22:15:59.310+0000] {processor.py:186} INFO - Started process (PID=911) to work on /home/airflow/.local/lib/python3.12/site-packages/airflow/example_dags/example_skip_dag.py
[2025-01-28T22:15:59.311+0000] {processor.py:914} INFO - Processing file /home/airflow/.local/lib/python3.12/site-packages/airflow/example_dags/example_skip_dag.py for tasks to queue
[2025-01-28T22:15:59.314+0000] {logging_mixin.py:190} INFO - [2025-01-28T22:15:59.314+0000] {dagbag.py:588} INFO - Filling up the DagBag from /home/airflow/.local/lib/python3.12/site-packages/airflow/example_dags/example_skip_dag.py
[2025-01-28T22:15:59.323+0000] {processor.py:925} INFO - DAG(s) 'example_skip_dag' retrieved from /home/airflow/.local/lib/python3.12/site-packages/airflow/example_dags/example_skip_dag.py
[2025-01-28T22:15:59.346+0000] {logging_mixin.py:190} INFO - [2025-01-28T22:15:59.346+0000] {dag.py:3239} INFO - Sync 1 DAGs
[2025-01-28T22:15:59.370+0000] {logging_mixin.py:190} INFO - [2025-01-28T22:15:59.370+0000] {dag.py:4180} INFO - Setting next_dagrun for example_skip_dag to 2025-01-27 00:00:00+00:00, run_after=2025-01-28 00:00:00+00:00
[2025-01-28T22:15:59.393+0000] {processor.py:208} INFO - Processing /home/airflow/.local/lib/python3.12/site-packages/airflow/example_dags/example_skip_dag.py took 0.089 seconds
[2025-01-28T22:16:29.979+0000] {processor.py:186} INFO - Started process (PID=975) to work on /home/airflow/.local/lib/python3.12/site-packages/airflow/example_dags/example_skip_dag.py
[2025-01-28T22:16:29.980+0000] {processor.py:914} INFO - Processing file /home/airflow/.local/lib/python3.12/site-packages/airflow/example_dags/example_skip_dag.py for tasks to queue
[2025-01-28T22:16:29.983+0000] {logging_mixin.py:190} INFO - [2025-01-28T22:16:29.983+0000] {dagbag.py:588} INFO - Filling up the DagBag from /home/airflow/.local/lib/python3.12/site-packages/airflow/example_dags/example_skip_dag.py
[2025-01-28T22:16:29.994+0000] {processor.py:925} INFO - DAG(s) 'example_skip_dag' retrieved from /home/airflow/.local/lib/python3.12/site-packages/airflow/example_dags/example_skip_dag.py
[2025-01-28T22:16:30.018+0000] {logging_mixin.py:190} INFO - [2025-01-28T22:16:30.018+0000] {dag.py:3239} INFO - Sync 1 DAGs
[2025-01-28T22:16:30.044+0000] {logging_mixin.py:190} INFO - [2025-01-28T22:16:30.043+0000] {dag.py:4180} INFO - Setting next_dagrun for example_skip_dag to 2025-01-27 00:00:00+00:00, run_after=2025-01-28 00:00:00+00:00
[2025-01-28T22:16:30.072+0000] {processor.py:208} INFO - Processing /home/airflow/.local/lib/python3.12/site-packages/airflow/example_dags/example_skip_dag.py took 0.100 seconds
[2025-01-28T22:17:00.411+0000] {processor.py:186} INFO - Started process (PID=1038) to work on /home/airflow/.local/lib/python3.12/site-packages/airflow/example_dags/example_skip_dag.py
[2025-01-28T22:17:00.412+0000] {processor.py:914} INFO - Processing file /home/airflow/.local/lib/python3.12/site-packages/airflow/example_dags/example_skip_dag.py for tasks to queue
[2025-01-28T22:17:00.415+0000] {logging_mixin.py:190} INFO - [2025-01-28T22:17:00.415+0000] {dagbag.py:588} INFO - Filling up the DagBag from /home/airflow/.local/lib/python3.12/site-packages/airflow/example_dags/example_skip_dag.py
[2025-01-28T22:17:00.424+0000] {processor.py:925} INFO - DAG(s) 'example_skip_dag' retrieved from /home/airflow/.local/lib/python3.12/site-packages/airflow/example_dags/example_skip_dag.py
[2025-01-28T22:17:00.448+0000] {logging_mixin.py:190} INFO - [2025-01-28T22:17:00.448+0000] {dag.py:3239} INFO - Sync 1 DAGs
[2025-01-28T22:17:00.474+0000] {logging_mixin.py:190} INFO - [2025-01-28T22:17:00.474+0000] {dag.py:4180} INFO - Setting next_dagrun for example_skip_dag to 2025-01-27 00:00:00+00:00, run_after=2025-01-28 00:00:00+00:00
[2025-01-28T22:17:00.516+0000] {processor.py:208} INFO - Processing /home/airflow/.local/lib/python3.12/site-packages/airflow/example_dags/example_skip_dag.py took 0.112 seconds
[2025-01-28T22:17:30.769+0000] {processor.py:186} INFO - Started process (PID=1101) to work on /home/airflow/.local/lib/python3.12/site-packages/airflow/example_dags/example_skip_dag.py
[2025-01-28T22:17:30.771+0000] {processor.py:914} INFO - Processing file /home/airflow/.local/lib/python3.12/site-packages/airflow/example_dags/example_skip_dag.py for tasks to queue
[2025-01-28T22:17:30.775+0000] {logging_mixin.py:190} INFO - [2025-01-28T22:17:30.775+0000] {dagbag.py:588} INFO - Filling up the DagBag from /home/airflow/.local/lib/python3.12/site-packages/airflow/example_dags/example_skip_dag.py
[2025-01-28T22:17:30.785+0000] {processor.py:925} INFO - DAG(s) 'example_skip_dag' retrieved from /home/airflow/.local/lib/python3.12/site-packages/airflow/example_dags/example_skip_dag.py
[2025-01-28T22:17:30.809+0000] {logging_mixin.py:190} INFO - [2025-01-28T22:17:30.809+0000] {dag.py:3239} INFO - Sync 1 DAGs
[2025-01-28T22:17:30.835+0000] {logging_mixin.py:190} INFO - [2025-01-28T22:17:30.834+0000] {dag.py:4180} INFO - Setting next_dagrun for example_skip_dag to 2025-01-27 00:00:00+00:00, run_after=2025-01-28 00:00:00+00:00
[2025-01-28T22:17:30.857+0000] {processor.py:208} INFO - Processing /home/airflow/.local/lib/python3.12/site-packages/airflow/example_dags/example_skip_dag.py took 0.095 seconds
[2025-01-28T22:18:01.447+0000] {processor.py:186} INFO - Started process (PID=1164) to work on /home/airflow/.local/lib/python3.12/site-packages/airflow/example_dags/example_skip_dag.py
[2025-01-28T22:18:01.448+0000] {processor.py:914} INFO - Processing file /home/airflow/.local/lib/python3.12/site-packages/airflow/example_dags/example_skip_dag.py for tasks to queue
[2025-01-28T22:18:01.452+0000] {logging_mixin.py:190} INFO - [2025-01-28T22:18:01.451+0000] {dagbag.py:588} INFO - Filling up the DagBag from /home/airflow/.local/lib/python3.12/site-packages/airflow/example_dags/example_skip_dag.py
[2025-01-28T22:18:01.461+0000] {processor.py:925} INFO - DAG(s) 'example_skip_dag' retrieved from /home/airflow/.local/lib/python3.12/site-packages/airflow/example_dags/example_skip_dag.py
[2025-01-28T22:18:01.489+0000] {logging_mixin.py:190} INFO - [2025-01-28T22:18:01.489+0000] {dag.py:3239} INFO - Sync 1 DAGs
[2025-01-28T22:18:01.514+0000] {logging_mixin.py:190} INFO - [2025-01-28T22:18:01.514+0000] {dag.py:4180} INFO - Setting next_dagrun for example_skip_dag to 2025-01-27 00:00:00+00:00, run_after=2025-01-28 00:00:00+00:00
[2025-01-28T22:18:01.537+0000] {processor.py:208} INFO - Processing /home/airflow/.local/lib/python3.12/site-packages/airflow/example_dags/example_skip_dag.py took 0.097 seconds
[2025-01-28T22:18:31.630+0000] {processor.py:186} INFO - Started process (PID=1227) to work on /home/airflow/.local/lib/python3.12/site-packages/airflow/example_dags/example_skip_dag.py
[2025-01-28T22:18:31.632+0000] {processor.py:914} INFO - Processing file /home/airflow/.local/lib/python3.12/site-packages/airflow/example_dags/example_skip_dag.py for tasks to queue
[2025-01-28T22:18:31.635+0000] {logging_mixin.py:190} INFO - [2025-01-28T22:18:31.635+0000] {dagbag.py:588} INFO - Filling up the DagBag from /home/airflow/.local/lib/python3.12/site-packages/airflow/example_dags/example_skip_dag.py
[2025-01-28T22:18:31.645+0000] {processor.py:925} INFO - DAG(s) 'example_skip_dag' retrieved from /home/airflow/.local/lib/python3.12/site-packages/airflow/example_dags/example_skip_dag.py
[2025-01-28T22:18:31.671+0000] {logging_mixin.py:190} INFO - [2025-01-28T22:18:31.670+0000] {dag.py:3239} INFO - Sync 1 DAGs
[2025-01-28T22:18:31.698+0000] {logging_mixin.py:190} INFO - [2025-01-28T22:18:31.698+0000] {dag.py:4180} INFO - Setting next_dagrun for example_skip_dag to 2025-01-27 00:00:00+00:00, run_after=2025-01-28 00:00:00+00:00
[2025-01-28T22:18:31.722+0000] {processor.py:208} INFO - Processing /home/airflow/.local/lib/python3.12/site-packages/airflow/example_dags/example_skip_dag.py took 0.098 seconds
[2025-01-28T22:19:01.829+0000] {processor.py:186} INFO - Started process (PID=1290) to work on /home/airflow/.local/lib/python3.12/site-packages/airflow/example_dags/example_skip_dag.py
[2025-01-28T22:19:01.831+0000] {processor.py:914} INFO - Processing file /home/airflow/.local/lib/python3.12/site-packages/airflow/example_dags/example_skip_dag.py for tasks to queue
[2025-01-28T22:19:01.834+0000] {logging_mixin.py:190} INFO - [2025-01-28T22:19:01.834+0000] {dagbag.py:588} INFO - Filling up the DagBag from /home/airflow/.local/lib/python3.12/site-packages/airflow/example_dags/example_skip_dag.py
[2025-01-28T22:19:01.843+0000] {processor.py:925} INFO - DAG(s) 'example_skip_dag' retrieved from /home/airflow/.local/lib/python3.12/site-packages/airflow/example_dags/example_skip_dag.py
[2025-01-28T22:19:01.869+0000] {logging_mixin.py:190} INFO - [2025-01-28T22:19:01.868+0000] {dag.py:3239} INFO - Sync 1 DAGs
[2025-01-28T22:19:01.896+0000] {logging_mixin.py:190} INFO - [2025-01-28T22:19:01.896+0000] {dag.py:4180} INFO - Setting next_dagrun for example_skip_dag to 2025-01-27 00:00:00+00:00, run_after=2025-01-28 00:00:00+00:00
[2025-01-28T22:19:01.922+0000] {processor.py:208} INFO - Processing /home/airflow/.local/lib/python3.12/site-packages/airflow/example_dags/example_skip_dag.py took 0.100 seconds
[2025-01-28T22:19:32.267+0000] {processor.py:186} INFO - Started process (PID=1353) to work on /home/airflow/.local/lib/python3.12/site-packages/airflow/example_dags/example_skip_dag.py
[2025-01-28T22:19:32.269+0000] {processor.py:914} INFO - Processing file /home/airflow/.local/lib/python3.12/site-packages/airflow/example_dags/example_skip_dag.py for tasks to queue
[2025-01-28T22:19:32.272+0000] {logging_mixin.py:190} INFO - [2025-01-28T22:19:32.272+0000] {dagbag.py:588} INFO - Filling up the DagBag from /home/airflow/.local/lib/python3.12/site-packages/airflow/example_dags/example_skip_dag.py
[2025-01-28T22:19:32.281+0000] {processor.py:925} INFO - DAG(s) 'example_skip_dag' retrieved from /home/airflow/.local/lib/python3.12/site-packages/airflow/example_dags/example_skip_dag.py
[2025-01-28T22:19:32.308+0000] {logging_mixin.py:190} INFO - [2025-01-28T22:19:32.308+0000] {dag.py:3239} INFO - Sync 1 DAGs
[2025-01-28T22:19:32.333+0000] {logging_mixin.py:190} INFO - [2025-01-28T22:19:32.333+0000] {dag.py:4180} INFO - Setting next_dagrun for example_skip_dag to 2025-01-27 00:00:00+00:00, run_after=2025-01-28 00:00:00+00:00
[2025-01-28T22:19:32.359+0000] {processor.py:208} INFO - Processing /home/airflow/.local/lib/python3.12/site-packages/airflow/example_dags/example_skip_dag.py took 0.098 seconds
[2025-01-28T22:20:03.551+0000] {processor.py:186} INFO - Started process (PID=1416) to work on /home/airflow/.local/lib/python3.12/site-packages/airflow/example_dags/example_skip_dag.py
[2025-01-28T22:20:03.552+0000] {processor.py:914} INFO - Processing file /home/airflow/.local/lib/python3.12/site-packages/airflow/example_dags/example_skip_dag.py for tasks to queue
[2025-01-28T22:20:03.555+0000] {logging_mixin.py:190} INFO - [2025-01-28T22:20:03.554+0000] {dagbag.py:588} INFO - Filling up the DagBag from /home/airflow/.local/lib/python3.12/site-packages/airflow/example_dags/example_skip_dag.py
[2025-01-28T22:20:03.565+0000] {processor.py:925} INFO - DAG(s) 'example_skip_dag' retrieved from /home/airflow/.local/lib/python3.12/site-packages/airflow/example_dags/example_skip_dag.py
[2025-01-28T22:20:03.588+0000] {logging_mixin.py:190} INFO - [2025-01-28T22:20:03.588+0000] {dag.py:3239} INFO - Sync 1 DAGs
[2025-01-28T22:20:03.616+0000] {logging_mixin.py:190} INFO - [2025-01-28T22:20:03.616+0000] {dag.py:4180} INFO - Setting next_dagrun for example_skip_dag to 2025-01-27 00:00:00+00:00, run_after=2025-01-28 00:00:00+00:00
[2025-01-28T22:20:03.640+0000] {processor.py:208} INFO - Processing /home/airflow/.local/lib/python3.12/site-packages/airflow/example_dags/example_skip_dag.py took 0.096 seconds
[2025-01-28T22:20:33.998+0000] {processor.py:186} INFO - Started process (PID=1479) to work on /home/airflow/.local/lib/python3.12/site-packages/airflow/example_dags/example_skip_dag.py
[2025-01-28T22:20:34.000+0000] {processor.py:914} INFO - Processing file /home/airflow/.local/lib/python3.12/site-packages/airflow/example_dags/example_skip_dag.py for tasks to queue
[2025-01-28T22:20:34.003+0000] {logging_mixin.py:190} INFO - [2025-01-28T22:20:34.002+0000] {dagbag.py:588} INFO - Filling up the DagBag from /home/airflow/.local/lib/python3.12/site-packages/airflow/example_dags/example_skip_dag.py
[2025-01-28T22:20:34.012+0000] {processor.py:925} INFO - DAG(s) 'example_skip_dag' retrieved from /home/airflow/.local/lib/python3.12/site-packages/airflow/example_dags/example_skip_dag.py
[2025-01-28T22:20:34.036+0000] {logging_mixin.py:190} INFO - [2025-01-28T22:20:34.036+0000] {dag.py:3239} INFO - Sync 1 DAGs
[2025-01-28T22:20:34.063+0000] {logging_mixin.py:190} INFO - [2025-01-28T22:20:34.062+0000] {dag.py:4180} INFO - Setting next_dagrun for example_skip_dag to 2025-01-27 00:00:00+00:00, run_after=2025-01-28 00:00:00+00:00
[2025-01-28T22:20:34.086+0000] {processor.py:208} INFO - Processing /home/airflow/.local/lib/python3.12/site-packages/airflow/example_dags/example_skip_dag.py took 0.094 seconds
[2025-01-28T22:21:05.238+0000] {processor.py:186} INFO - Started process (PID=1535) to work on /home/airflow/.local/lib/python3.12/site-packages/airflow/example_dags/example_skip_dag.py
[2025-01-28T22:21:05.240+0000] {processor.py:914} INFO - Processing file /home/airflow/.local/lib/python3.12/site-packages/airflow/example_dags/example_skip_dag.py for tasks to queue
[2025-01-28T22:21:05.243+0000] {logging_mixin.py:190} INFO - [2025-01-28T22:21:05.243+0000] {dagbag.py:588} INFO - Filling up the DagBag from /home/airflow/.local/lib/python3.12/site-packages/airflow/example_dags/example_skip_dag.py
[2025-01-28T22:21:05.253+0000] {processor.py:925} INFO - DAG(s) 'example_skip_dag' retrieved from /home/airflow/.local/lib/python3.12/site-packages/airflow/example_dags/example_skip_dag.py
[2025-01-28T22:21:05.279+0000] {logging_mixin.py:190} INFO - [2025-01-28T22:21:05.279+0000] {dag.py:3239} INFO - Sync 1 DAGs
[2025-01-28T22:21:05.305+0000] {logging_mixin.py:190} INFO - [2025-01-28T22:21:05.305+0000] {dag.py:4180} INFO - Setting next_dagrun for example_skip_dag to 2025-01-27 00:00:00+00:00, run_after=2025-01-28 00:00:00+00:00
[2025-01-28T22:21:05.329+0000] {processor.py:208} INFO - Processing /home/airflow/.local/lib/python3.12/site-packages/airflow/example_dags/example_skip_dag.py took 0.097 seconds
[2025-01-28T22:21:36.103+0000] {processor.py:186} INFO - Started process (PID=1598) to work on /home/airflow/.local/lib/python3.12/site-packages/airflow/example_dags/example_skip_dag.py
[2025-01-28T22:21:36.105+0000] {processor.py:914} INFO - Processing file /home/airflow/.local/lib/python3.12/site-packages/airflow/example_dags/example_skip_dag.py for tasks to queue
[2025-01-28T22:21:36.107+0000] {logging_mixin.py:190} INFO - [2025-01-28T22:21:36.107+0000] {dagbag.py:588} INFO - Filling up the DagBag from /home/airflow/.local/lib/python3.12/site-packages/airflow/example_dags/example_skip_dag.py
[2025-01-28T22:21:36.117+0000] {processor.py:925} INFO - DAG(s) 'example_skip_dag' retrieved from /home/airflow/.local/lib/python3.12/site-packages/airflow/example_dags/example_skip_dag.py
[2025-01-28T22:21:36.143+0000] {logging_mixin.py:190} INFO - [2025-01-28T22:21:36.143+0000] {dag.py:3239} INFO - Sync 1 DAGs
[2025-01-28T22:21:36.169+0000] {logging_mixin.py:190} INFO - [2025-01-28T22:21:36.169+0000] {dag.py:4180} INFO - Setting next_dagrun for example_skip_dag to 2025-01-27 00:00:00+00:00, run_after=2025-01-28 00:00:00+00:00
[2025-01-28T22:21:36.202+0000] {processor.py:208} INFO - Processing /home/airflow/.local/lib/python3.12/site-packages/airflow/example_dags/example_skip_dag.py took 0.104 seconds
[2025-01-28T22:22:07.585+0000] {processor.py:186} INFO - Started process (PID=1662) to work on /home/airflow/.local/lib/python3.12/site-packages/airflow/example_dags/example_skip_dag.py
[2025-01-28T22:22:07.586+0000] {processor.py:914} INFO - Processing file /home/airflow/.local/lib/python3.12/site-packages/airflow/example_dags/example_skip_dag.py for tasks to queue
[2025-01-28T22:22:07.589+0000] {logging_mixin.py:190} INFO - [2025-01-28T22:22:07.589+0000] {dagbag.py:588} INFO - Filling up the DagBag from /home/airflow/.local/lib/python3.12/site-packages/airflow/example_dags/example_skip_dag.py
[2025-01-28T22:22:07.598+0000] {processor.py:925} INFO - DAG(s) 'example_skip_dag' retrieved from /home/airflow/.local/lib/python3.12/site-packages/airflow/example_dags/example_skip_dag.py
[2025-01-28T22:22:07.624+0000] {logging_mixin.py:190} INFO - [2025-01-28T22:22:07.623+0000] {dag.py:3239} INFO - Sync 1 DAGs
[2025-01-28T22:22:07.649+0000] {logging_mixin.py:190} INFO - [2025-01-28T22:22:07.648+0000] {dag.py:4180} INFO - Setting next_dagrun for example_skip_dag to 2025-01-27 00:00:00+00:00, run_after=2025-01-28 00:00:00+00:00
[2025-01-28T22:22:07.685+0000] {processor.py:208} INFO - Processing /home/airflow/.local/lib/python3.12/site-packages/airflow/example_dags/example_skip_dag.py took 0.106 seconds
[2025-01-28T22:22:39.001+0000] {processor.py:186} INFO - Started process (PID=1725) to work on /home/airflow/.local/lib/python3.12/site-packages/airflow/example_dags/example_skip_dag.py
[2025-01-28T22:22:39.002+0000] {processor.py:914} INFO - Processing file /home/airflow/.local/lib/python3.12/site-packages/airflow/example_dags/example_skip_dag.py for tasks to queue
[2025-01-28T22:22:39.005+0000] {logging_mixin.py:190} INFO - [2025-01-28T22:22:39.005+0000] {dagbag.py:588} INFO - Filling up the DagBag from /home/airflow/.local/lib/python3.12/site-packages/airflow/example_dags/example_skip_dag.py
[2025-01-28T22:22:39.014+0000] {processor.py:925} INFO - DAG(s) 'example_skip_dag' retrieved from /home/airflow/.local/lib/python3.12/site-packages/airflow/example_dags/example_skip_dag.py
[2025-01-28T22:22:39.039+0000] {logging_mixin.py:190} INFO - [2025-01-28T22:22:39.039+0000] {dag.py:3239} INFO - Sync 1 DAGs
[2025-01-28T22:22:39.065+0000] {logging_mixin.py:190} INFO - [2025-01-28T22:22:39.065+0000] {dag.py:4180} INFO - Setting next_dagrun for example_skip_dag to 2025-01-27 00:00:00+00:00, run_after=2025-01-28 00:00:00+00:00
[2025-01-28T22:22:39.089+0000] {processor.py:208} INFO - Processing /home/airflow/.local/lib/python3.12/site-packages/airflow/example_dags/example_skip_dag.py took 0.096 seconds
[2025-01-28T22:23:10.959+0000] {processor.py:186} INFO - Started process (PID=1788) to work on /home/airflow/.local/lib/python3.12/site-packages/airflow/example_dags/example_skip_dag.py
[2025-01-28T22:23:10.960+0000] {processor.py:914} INFO - Processing file /home/airflow/.local/lib/python3.12/site-packages/airflow/example_dags/example_skip_dag.py for tasks to queue
[2025-01-28T22:23:10.963+0000] {logging_mixin.py:190} INFO - [2025-01-28T22:23:10.963+0000] {dagbag.py:588} INFO - Filling up the DagBag from /home/airflow/.local/lib/python3.12/site-packages/airflow/example_dags/example_skip_dag.py
[2025-01-28T22:23:10.972+0000] {processor.py:925} INFO - DAG(s) 'example_skip_dag' retrieved from /home/airflow/.local/lib/python3.12/site-packages/airflow/example_dags/example_skip_dag.py
[2025-01-28T22:23:10.997+0000] {logging_mixin.py:190} INFO - [2025-01-28T22:23:10.996+0000] {dag.py:3239} INFO - Sync 1 DAGs
[2025-01-28T22:23:11.023+0000] {logging_mixin.py:190} INFO - [2025-01-28T22:23:11.023+0000] {dag.py:4180} INFO - Setting next_dagrun for example_skip_dag to 2025-01-27 00:00:00+00:00, run_after=2025-01-28 00:00:00+00:00
[2025-01-28T22:23:11.047+0000] {processor.py:208} INFO - Processing /home/airflow/.local/lib/python3.12/site-packages/airflow/example_dags/example_skip_dag.py took 0.095 seconds
[2025-01-28T22:23:42.497+0000] {processor.py:186} INFO - Started process (PID=1851) to work on /home/airflow/.local/lib/python3.12/site-packages/airflow/example_dags/example_skip_dag.py
[2025-01-28T22:23:42.498+0000] {processor.py:914} INFO - Processing file /home/airflow/.local/lib/python3.12/site-packages/airflow/example_dags/example_skip_dag.py for tasks to queue
[2025-01-28T22:23:42.501+0000] {logging_mixin.py:190} INFO - [2025-01-28T22:23:42.501+0000] {dagbag.py:588} INFO - Filling up the DagBag from /home/airflow/.local/lib/python3.12/site-packages/airflow/example_dags/example_skip_dag.py
[2025-01-28T22:23:42.510+0000] {processor.py:925} INFO - DAG(s) 'example_skip_dag' retrieved from /home/airflow/.local/lib/python3.12/site-packages/airflow/example_dags/example_skip_dag.py
[2025-01-28T22:23:42.533+0000] {logging_mixin.py:190} INFO - [2025-01-28T22:23:42.533+0000] {dag.py:3239} INFO - Sync 1 DAGs
[2025-01-28T22:23:42.559+0000] {logging_mixin.py:190} INFO - [2025-01-28T22:23:42.559+0000] {dag.py:4180} INFO - Setting next_dagrun for example_skip_dag to 2025-01-27 00:00:00+00:00, run_after=2025-01-28 00:00:00+00:00
[2025-01-28T22:23:42.581+0000] {processor.py:208} INFO - Processing /home/airflow/.local/lib/python3.12/site-packages/airflow/example_dags/example_skip_dag.py took 0.091 seconds
[2025-01-28T22:24:13.567+0000] {processor.py:186} INFO - Started process (PID=1914) to work on /home/airflow/.local/lib/python3.12/site-packages/airflow/example_dags/example_skip_dag.py
[2025-01-28T22:24:13.570+0000] {processor.py:914} INFO - Processing file /home/airflow/.local/lib/python3.12/site-packages/airflow/example_dags/example_skip_dag.py for tasks to queue
[2025-01-28T22:24:13.574+0000] {logging_mixin.py:190} INFO - [2025-01-28T22:24:13.574+0000] {dagbag.py:588} INFO - Filling up the DagBag from /home/airflow/.local/lib/python3.12/site-packages/airflow/example_dags/example_skip_dag.py
[2025-01-28T22:24:13.586+0000] {processor.py:925} INFO - DAG(s) 'example_skip_dag' retrieved from /home/airflow/.local/lib/python3.12/site-packages/airflow/example_dags/example_skip_dag.py
[2025-01-28T22:24:13.615+0000] {logging_mixin.py:190} INFO - [2025-01-28T22:24:13.615+0000] {dag.py:3239} INFO - Sync 1 DAGs
[2025-01-28T22:24:13.644+0000] {logging_mixin.py:190} INFO - [2025-01-28T22:24:13.644+0000] {dag.py:4180} INFO - Setting next_dagrun for example_skip_dag to 2025-01-27 00:00:00+00:00, run_after=2025-01-28 00:00:00+00:00
[2025-01-28T22:24:13.668+0000] {processor.py:208} INFO - Processing /home/airflow/.local/lib/python3.12/site-packages/airflow/example_dags/example_skip_dag.py took 0.110 seconds
[2025-01-28T22:24:45.098+0000] {processor.py:186} INFO - Started process (PID=1977) to work on /home/airflow/.local/lib/python3.12/site-packages/airflow/example_dags/example_skip_dag.py
[2025-01-28T22:24:45.102+0000] {processor.py:914} INFO - Processing file /home/airflow/.local/lib/python3.12/site-packages/airflow/example_dags/example_skip_dag.py for tasks to queue
[2025-01-28T22:24:45.105+0000] {logging_mixin.py:190} INFO - [2025-01-28T22:24:45.105+0000] {dagbag.py:588} INFO - Filling up the DagBag from /home/airflow/.local/lib/python3.12/site-packages/airflow/example_dags/example_skip_dag.py
[2025-01-28T22:24:45.114+0000] {processor.py:925} INFO - DAG(s) 'example_skip_dag' retrieved from /home/airflow/.local/lib/python3.12/site-packages/airflow/example_dags/example_skip_dag.py
[2025-01-28T22:24:45.139+0000] {logging_mixin.py:190} INFO - [2025-01-28T22:24:45.139+0000] {dag.py:3239} INFO - Sync 1 DAGs
[2025-01-28T22:24:45.165+0000] {logging_mixin.py:190} INFO - [2025-01-28T22:24:45.165+0000] {dag.py:4180} INFO - Setting next_dagrun for example_skip_dag to 2025-01-27 00:00:00+00:00, run_after=2025-01-28 00:00:00+00:00
[2025-01-28T22:24:45.190+0000] {processor.py:208} INFO - Processing /home/airflow/.local/lib/python3.12/site-packages/airflow/example_dags/example_skip_dag.py took 0.099 seconds
[2025-01-28T22:25:15.922+0000] {processor.py:186} INFO - Started process (PID=2040) to work on /home/airflow/.local/lib/python3.12/site-packages/airflow/example_dags/example_skip_dag.py
[2025-01-28T22:25:15.923+0000] {processor.py:914} INFO - Processing file /home/airflow/.local/lib/python3.12/site-packages/airflow/example_dags/example_skip_dag.py for tasks to queue
[2025-01-28T22:25:15.926+0000] {logging_mixin.py:190} INFO - [2025-01-28T22:25:15.926+0000] {dagbag.py:588} INFO - Filling up the DagBag from /home/airflow/.local/lib/python3.12/site-packages/airflow/example_dags/example_skip_dag.py
[2025-01-28T22:25:15.936+0000] {processor.py:925} INFO - DAG(s) 'example_skip_dag' retrieved from /home/airflow/.local/lib/python3.12/site-packages/airflow/example_dags/example_skip_dag.py
[2025-01-28T22:25:15.962+0000] {logging_mixin.py:190} INFO - [2025-01-28T22:25:15.961+0000] {dag.py:3239} INFO - Sync 1 DAGs
[2025-01-28T22:25:15.991+0000] {logging_mixin.py:190} INFO - [2025-01-28T22:25:15.991+0000] {dag.py:4180} INFO - Setting next_dagrun for example_skip_dag to 2025-01-27 00:00:00+00:00, run_after=2025-01-28 00:00:00+00:00
[2025-01-28T22:25:16.015+0000] {processor.py:208} INFO - Processing /home/airflow/.local/lib/python3.12/site-packages/airflow/example_dags/example_skip_dag.py took 0.100 seconds
[2025-01-28T22:28:45.680+0000] {processor.py:186} INFO - Started process (PID=100) to work on /home/airflow/.local/lib/python3.12/site-packages/airflow/example_dags/example_skip_dag.py
[2025-01-28T22:28:45.682+0000] {processor.py:914} INFO - Processing file /home/airflow/.local/lib/python3.12/site-packages/airflow/example_dags/example_skip_dag.py for tasks to queue
[2025-01-28T22:28:45.686+0000] {logging_mixin.py:190} INFO - [2025-01-28T22:28:45.685+0000] {dagbag.py:588} INFO - Filling up the DagBag from /home/airflow/.local/lib/python3.12/site-packages/airflow/example_dags/example_skip_dag.py
[2025-01-28T22:28:45.696+0000] {processor.py:925} INFO - DAG(s) 'example_skip_dag' retrieved from /home/airflow/.local/lib/python3.12/site-packages/airflow/example_dags/example_skip_dag.py
[2025-01-28T22:28:45.732+0000] {logging_mixin.py:190} INFO - [2025-01-28T22:28:45.732+0000] {dag.py:3239} INFO - Sync 1 DAGs
[2025-01-28T22:28:45.757+0000] {logging_mixin.py:190} INFO - [2025-01-28T22:28:45.757+0000] {dag.py:4180} INFO - Setting next_dagrun for example_skip_dag to 2025-01-27 00:00:00+00:00, run_after=2025-01-28 00:00:00+00:00
[2025-01-28T22:28:45.782+0000] {processor.py:208} INFO - Processing /home/airflow/.local/lib/python3.12/site-packages/airflow/example_dags/example_skip_dag.py took 0.108 seconds
[2025-01-28T22:29:16.283+0000] {processor.py:186} INFO - Started process (PID=162) to work on /home/airflow/.local/lib/python3.12/site-packages/airflow/example_dags/example_skip_dag.py
[2025-01-28T22:29:16.285+0000] {processor.py:914} INFO - Processing file /home/airflow/.local/lib/python3.12/site-packages/airflow/example_dags/example_skip_dag.py for tasks to queue
[2025-01-28T22:29:16.288+0000] {logging_mixin.py:190} INFO - [2025-01-28T22:29:16.287+0000] {dagbag.py:588} INFO - Filling up the DagBag from /home/airflow/.local/lib/python3.12/site-packages/airflow/example_dags/example_skip_dag.py
[2025-01-28T22:29:16.296+0000] {processor.py:925} INFO - DAG(s) 'example_skip_dag' retrieved from /home/airflow/.local/lib/python3.12/site-packages/airflow/example_dags/example_skip_dag.py
[2025-01-28T22:29:16.323+0000] {logging_mixin.py:190} INFO - [2025-01-28T22:29:16.322+0000] {dag.py:3239} INFO - Sync 1 DAGs
[2025-01-28T22:29:16.349+0000] {logging_mixin.py:190} INFO - [2025-01-28T22:29:16.349+0000] {dag.py:4180} INFO - Setting next_dagrun for example_skip_dag to 2025-01-27 00:00:00+00:00, run_after=2025-01-28 00:00:00+00:00
[2025-01-28T22:29:16.373+0000] {processor.py:208} INFO - Processing /home/airflow/.local/lib/python3.12/site-packages/airflow/example_dags/example_skip_dag.py took 0.098 seconds
[2025-01-28T22:29:46.833+0000] {processor.py:186} INFO - Started process (PID=225) to work on /home/airflow/.local/lib/python3.12/site-packages/airflow/example_dags/example_skip_dag.py
[2025-01-28T22:29:46.834+0000] {processor.py:914} INFO - Processing file /home/airflow/.local/lib/python3.12/site-packages/airflow/example_dags/example_skip_dag.py for tasks to queue
[2025-01-28T22:29:46.836+0000] {logging_mixin.py:190} INFO - [2025-01-28T22:29:46.836+0000] {dagbag.py:588} INFO - Filling up the DagBag from /home/airflow/.local/lib/python3.12/site-packages/airflow/example_dags/example_skip_dag.py
[2025-01-28T22:29:46.845+0000] {processor.py:925} INFO - DAG(s) 'example_skip_dag' retrieved from /home/airflow/.local/lib/python3.12/site-packages/airflow/example_dags/example_skip_dag.py
[2025-01-28T22:29:46.867+0000] {logging_mixin.py:190} INFO - [2025-01-28T22:29:46.867+0000] {dag.py:3239} INFO - Sync 1 DAGs
[2025-01-28T22:29:46.893+0000] {logging_mixin.py:190} INFO - [2025-01-28T22:29:46.893+0000] {dag.py:4180} INFO - Setting next_dagrun for example_skip_dag to 2025-01-27 00:00:00+00:00, run_after=2025-01-28 00:00:00+00:00
[2025-01-28T22:29:46.917+0000] {processor.py:208} INFO - Processing /home/airflow/.local/lib/python3.12/site-packages/airflow/example_dags/example_skip_dag.py took 0.091 seconds
[2025-01-28T22:30:17.161+0000] {processor.py:186} INFO - Started process (PID=287) to work on /home/airflow/.local/lib/python3.12/site-packages/airflow/example_dags/example_skip_dag.py
[2025-01-28T22:30:17.163+0000] {processor.py:914} INFO - Processing file /home/airflow/.local/lib/python3.12/site-packages/airflow/example_dags/example_skip_dag.py for tasks to queue
[2025-01-28T22:30:17.166+0000] {logging_mixin.py:190} INFO - [2025-01-28T22:30:17.165+0000] {dagbag.py:588} INFO - Filling up the DagBag from /home/airflow/.local/lib/python3.12/site-packages/airflow/example_dags/example_skip_dag.py
[2025-01-28T22:30:17.174+0000] {processor.py:925} INFO - DAG(s) 'example_skip_dag' retrieved from /home/airflow/.local/lib/python3.12/site-packages/airflow/example_dags/example_skip_dag.py
[2025-01-28T22:30:17.198+0000] {logging_mixin.py:190} INFO - [2025-01-28T22:30:17.198+0000] {dag.py:3239} INFO - Sync 1 DAGs
[2025-01-28T22:30:17.224+0000] {logging_mixin.py:190} INFO - [2025-01-28T22:30:17.223+0000] {dag.py:4180} INFO - Setting next_dagrun for example_skip_dag to 2025-01-27 00:00:00+00:00, run_after=2025-01-28 00:00:00+00:00
[2025-01-28T22:30:17.255+0000] {processor.py:208} INFO - Processing /home/airflow/.local/lib/python3.12/site-packages/airflow/example_dags/example_skip_dag.py took 0.100 seconds
[2025-01-28T22:30:47.607+0000] {processor.py:186} INFO - Started process (PID=350) to work on /home/airflow/.local/lib/python3.12/site-packages/airflow/example_dags/example_skip_dag.py
[2025-01-28T22:30:47.609+0000] {processor.py:914} INFO - Processing file /home/airflow/.local/lib/python3.12/site-packages/airflow/example_dags/example_skip_dag.py for tasks to queue
[2025-01-28T22:30:47.612+0000] {logging_mixin.py:190} INFO - [2025-01-28T22:30:47.612+0000] {dagbag.py:588} INFO - Filling up the DagBag from /home/airflow/.local/lib/python3.12/site-packages/airflow/example_dags/example_skip_dag.py
[2025-01-28T22:30:47.621+0000] {processor.py:925} INFO - DAG(s) 'example_skip_dag' retrieved from /home/airflow/.local/lib/python3.12/site-packages/airflow/example_dags/example_skip_dag.py
[2025-01-28T22:30:47.647+0000] {logging_mixin.py:190} INFO - [2025-01-28T22:30:47.646+0000] {dag.py:3239} INFO - Sync 1 DAGs
[2025-01-28T22:30:47.673+0000] {logging_mixin.py:190} INFO - [2025-01-28T22:30:47.673+0000] {dag.py:4180} INFO - Setting next_dagrun for example_skip_dag to 2025-01-27 00:00:00+00:00, run_after=2025-01-28 00:00:00+00:00
[2025-01-28T22:30:47.703+0000] {processor.py:208} INFO - Processing /home/airflow/.local/lib/python3.12/site-packages/airflow/example_dags/example_skip_dag.py took 0.103 seconds
