[2025-01-28T22:09:27.703+0000] {processor.py:186} INFO - Started process (PID=115) to work on /home/airflow/.local/lib/python3.12/site-packages/airflow/example_dags/example_bash_operator.py
[2025-01-28T22:09:27.705+0000] {processor.py:914} INFO - Processing file /home/airflow/.local/lib/python3.12/site-packages/airflow/example_dags/example_bash_operator.py for tasks to queue
[2025-01-28T22:09:27.708+0000] {logging_mixin.py:190} INFO - [2025-01-28T22:09:27.708+0000] {dagbag.py:588} INFO - Filling up the DagBag from /home/airflow/.local/lib/python3.12/site-packages/airflow/example_dags/example_bash_operator.py
[2025-01-28T22:09:27.726+0000] {processor.py:925} INFO - DAG(s) 'example_bash_operator' retrieved from /home/airflow/.local/lib/python3.12/site-packages/airflow/example_dags/example_bash_operator.py
[2025-01-28T22:09:27.848+0000] {logging_mixin.py:190} INFO - [2025-01-28T22:09:27.848+0000] {override.py:1911} INFO - Created Permission View: can delete on DAG:example_bash_operator
[2025-01-28T22:09:27.861+0000] {logging_mixin.py:190} INFO - [2025-01-28T22:09:27.861+0000] {override.py:1911} INFO - Created Permission View: can edit on DAG:example_bash_operator
[2025-01-28T22:09:27.871+0000] {logging_mixin.py:190} INFO - [2025-01-28T22:09:27.871+0000] {override.py:1911} INFO - Created Permission View: can read on DAG:example_bash_operator
[2025-01-28T22:09:27.885+0000] {logging_mixin.py:190} INFO - [2025-01-28T22:09:27.884+0000] {override.py:1911} INFO - Created Permission View: can create on DAG Run:example_bash_operator
[2025-01-28T22:09:27.893+0000] {logging_mixin.py:190} INFO - [2025-01-28T22:09:27.893+0000] {override.py:1911} INFO - Created Permission View: can delete on DAG Run:example_bash_operator
[2025-01-28T22:09:27.903+0000] {logging_mixin.py:190} INFO - [2025-01-28T22:09:27.903+0000] {override.py:1911} INFO - Created Permission View: menu access on DAG Run:example_bash_operator
[2025-01-28T22:09:27.912+0000] {logging_mixin.py:190} INFO - [2025-01-28T22:09:27.912+0000] {override.py:1911} INFO - Created Permission View: can read on DAG Run:example_bash_operator
[2025-01-28T22:09:27.913+0000] {logging_mixin.py:190} INFO - [2025-01-28T22:09:27.913+0000] {dag.py:3239} INFO - Sync 1 DAGs
[2025-01-28T22:09:27.926+0000] {logging_mixin.py:190} INFO - [2025-01-28T22:09:27.926+0000] {dag.py:3262} INFO - Creating ORM DAG for example_bash_operator
[2025-01-28T22:09:27.939+0000] {logging_mixin.py:190} INFO - [2025-01-28T22:09:27.939+0000] {dag.py:4180} INFO - Setting next_dagrun for example_bash_operator to 2025-01-27 00:00:00+00:00, run_after=2025-01-28 00:00:00+00:00
[2025-01-28T22:09:27.960+0000] {processor.py:208} INFO - Processing /home/airflow/.local/lib/python3.12/site-packages/airflow/example_dags/example_bash_operator.py took 0.263 seconds
[2025-01-28T22:09:58.668+0000] {processor.py:186} INFO - Started process (PID=178) to work on /home/airflow/.local/lib/python3.12/site-packages/airflow/example_dags/example_bash_operator.py
[2025-01-28T22:09:58.669+0000] {processor.py:914} INFO - Processing file /home/airflow/.local/lib/python3.12/site-packages/airflow/example_dags/example_bash_operator.py for tasks to queue
[2025-01-28T22:09:58.672+0000] {logging_mixin.py:190} INFO - [2025-01-28T22:09:58.672+0000] {dagbag.py:588} INFO - Filling up the DagBag from /home/airflow/.local/lib/python3.12/site-packages/airflow/example_dags/example_bash_operator.py
[2025-01-28T22:09:58.687+0000] {processor.py:925} INFO - DAG(s) 'example_bash_operator' retrieved from /home/airflow/.local/lib/python3.12/site-packages/airflow/example_dags/example_bash_operator.py
[2025-01-28T22:09:58.717+0000] {logging_mixin.py:190} INFO - [2025-01-28T22:09:58.716+0000] {dag.py:3239} INFO - Sync 1 DAGs
[2025-01-28T22:09:58.743+0000] {logging_mixin.py:190} INFO - [2025-01-28T22:09:58.742+0000] {dag.py:4180} INFO - Setting next_dagrun for example_bash_operator to 2025-01-27 00:00:00+00:00, run_after=2025-01-28 00:00:00+00:00
[2025-01-28T22:09:58.764+0000] {processor.py:208} INFO - Processing /home/airflow/.local/lib/python3.12/site-packages/airflow/example_dags/example_bash_operator.py took 0.102 seconds
[2025-01-28T22:10:29.254+0000] {processor.py:186} INFO - Started process (PID=240) to work on /home/airflow/.local/lib/python3.12/site-packages/airflow/example_dags/example_bash_operator.py
[2025-01-28T22:10:29.256+0000] {processor.py:914} INFO - Processing file /home/airflow/.local/lib/python3.12/site-packages/airflow/example_dags/example_bash_operator.py for tasks to queue
[2025-01-28T22:10:29.258+0000] {logging_mixin.py:190} INFO - [2025-01-28T22:10:29.258+0000] {dagbag.py:588} INFO - Filling up the DagBag from /home/airflow/.local/lib/python3.12/site-packages/airflow/example_dags/example_bash_operator.py
[2025-01-28T22:10:29.273+0000] {processor.py:925} INFO - DAG(s) 'example_bash_operator' retrieved from /home/airflow/.local/lib/python3.12/site-packages/airflow/example_dags/example_bash_operator.py
[2025-01-28T22:10:29.307+0000] {logging_mixin.py:190} INFO - [2025-01-28T22:10:29.307+0000] {dag.py:3239} INFO - Sync 1 DAGs
[2025-01-28T22:10:29.342+0000] {logging_mixin.py:190} INFO - [2025-01-28T22:10:29.342+0000] {dag.py:4180} INFO - Setting next_dagrun for example_bash_operator to 2025-01-27 00:00:00+00:00, run_after=2025-01-28 00:00:00+00:00
[2025-01-28T22:10:29.367+0000] {processor.py:208} INFO - Processing /home/airflow/.local/lib/python3.12/site-packages/airflow/example_dags/example_bash_operator.py took 0.119 seconds
[2025-01-28T22:11:00.434+0000] {processor.py:186} INFO - Started process (PID=303) to work on /home/airflow/.local/lib/python3.12/site-packages/airflow/example_dags/example_bash_operator.py
[2025-01-28T22:11:00.435+0000] {processor.py:914} INFO - Processing file /home/airflow/.local/lib/python3.12/site-packages/airflow/example_dags/example_bash_operator.py for tasks to queue
[2025-01-28T22:11:00.438+0000] {logging_mixin.py:190} INFO - [2025-01-28T22:11:00.438+0000] {dagbag.py:588} INFO - Filling up the DagBag from /home/airflow/.local/lib/python3.12/site-packages/airflow/example_dags/example_bash_operator.py
[2025-01-28T22:11:00.453+0000] {processor.py:925} INFO - DAG(s) 'example_bash_operator' retrieved from /home/airflow/.local/lib/python3.12/site-packages/airflow/example_dags/example_bash_operator.py
[2025-01-28T22:11:00.485+0000] {logging_mixin.py:190} INFO - [2025-01-28T22:11:00.484+0000] {dag.py:3239} INFO - Sync 1 DAGs
[2025-01-28T22:11:00.513+0000] {logging_mixin.py:190} INFO - [2025-01-28T22:11:00.513+0000] {dag.py:4180} INFO - Setting next_dagrun for example_bash_operator to 2025-01-27 00:00:00+00:00, run_after=2025-01-28 00:00:00+00:00
[2025-01-28T22:11:00.537+0000] {processor.py:208} INFO - Processing /home/airflow/.local/lib/python3.12/site-packages/airflow/example_dags/example_bash_operator.py took 0.110 seconds
[2025-01-28T22:11:31.589+0000] {processor.py:186} INFO - Started process (PID=366) to work on /home/airflow/.local/lib/python3.12/site-packages/airflow/example_dags/example_bash_operator.py
[2025-01-28T22:11:31.590+0000] {processor.py:914} INFO - Processing file /home/airflow/.local/lib/python3.12/site-packages/airflow/example_dags/example_bash_operator.py for tasks to queue
[2025-01-28T22:11:31.593+0000] {logging_mixin.py:190} INFO - [2025-01-28T22:11:31.593+0000] {dagbag.py:588} INFO - Filling up the DagBag from /home/airflow/.local/lib/python3.12/site-packages/airflow/example_dags/example_bash_operator.py
[2025-01-28T22:11:31.607+0000] {processor.py:925} INFO - DAG(s) 'example_bash_operator' retrieved from /home/airflow/.local/lib/python3.12/site-packages/airflow/example_dags/example_bash_operator.py
[2025-01-28T22:11:31.637+0000] {logging_mixin.py:190} INFO - [2025-01-28T22:11:31.637+0000] {dag.py:3239} INFO - Sync 1 DAGs
[2025-01-28T22:11:31.663+0000] {logging_mixin.py:190} INFO - [2025-01-28T22:11:31.662+0000] {dag.py:4180} INFO - Setting next_dagrun for example_bash_operator to 2025-01-27 00:00:00+00:00, run_after=2025-01-28 00:00:00+00:00
[2025-01-28T22:11:31.686+0000] {processor.py:208} INFO - Processing /home/airflow/.local/lib/python3.12/site-packages/airflow/example_dags/example_bash_operator.py took 0.104 seconds
[2025-01-28T22:12:02.814+0000] {processor.py:186} INFO - Started process (PID=429) to work on /home/airflow/.local/lib/python3.12/site-packages/airflow/example_dags/example_bash_operator.py
[2025-01-28T22:12:02.815+0000] {processor.py:914} INFO - Processing file /home/airflow/.local/lib/python3.12/site-packages/airflow/example_dags/example_bash_operator.py for tasks to queue
[2025-01-28T22:12:02.818+0000] {logging_mixin.py:190} INFO - [2025-01-28T22:12:02.818+0000] {dagbag.py:588} INFO - Filling up the DagBag from /home/airflow/.local/lib/python3.12/site-packages/airflow/example_dags/example_bash_operator.py
[2025-01-28T22:12:02.834+0000] {processor.py:925} INFO - DAG(s) 'example_bash_operator' retrieved from /home/airflow/.local/lib/python3.12/site-packages/airflow/example_dags/example_bash_operator.py
[2025-01-28T22:12:02.869+0000] {logging_mixin.py:190} INFO - [2025-01-28T22:12:02.868+0000] {dag.py:3239} INFO - Sync 1 DAGs
[2025-01-28T22:12:02.896+0000] {logging_mixin.py:190} INFO - [2025-01-28T22:12:02.896+0000] {dag.py:4180} INFO - Setting next_dagrun for example_bash_operator to 2025-01-27 00:00:00+00:00, run_after=2025-01-28 00:00:00+00:00
[2025-01-28T22:12:02.926+0000] {processor.py:208} INFO - Processing /home/airflow/.local/lib/python3.12/site-packages/airflow/example_dags/example_bash_operator.py took 0.119 seconds
[2025-01-28T22:12:33.982+0000] {processor.py:186} INFO - Started process (PID=492) to work on /home/airflow/.local/lib/python3.12/site-packages/airflow/example_dags/example_bash_operator.py
[2025-01-28T22:12:33.983+0000] {processor.py:914} INFO - Processing file /home/airflow/.local/lib/python3.12/site-packages/airflow/example_dags/example_bash_operator.py for tasks to queue
[2025-01-28T22:12:33.986+0000] {logging_mixin.py:190} INFO - [2025-01-28T22:12:33.986+0000] {dagbag.py:588} INFO - Filling up the DagBag from /home/airflow/.local/lib/python3.12/site-packages/airflow/example_dags/example_bash_operator.py
[2025-01-28T22:12:34.000+0000] {processor.py:925} INFO - DAG(s) 'example_bash_operator' retrieved from /home/airflow/.local/lib/python3.12/site-packages/airflow/example_dags/example_bash_operator.py
[2025-01-28T22:12:34.032+0000] {logging_mixin.py:190} INFO - [2025-01-28T22:12:34.031+0000] {dag.py:3239} INFO - Sync 1 DAGs
[2025-01-28T22:12:34.060+0000] {logging_mixin.py:190} INFO - [2025-01-28T22:12:34.059+0000] {dag.py:4180} INFO - Setting next_dagrun for example_bash_operator to 2025-01-27 00:00:00+00:00, run_after=2025-01-28 00:00:00+00:00
[2025-01-28T22:12:34.083+0000] {processor.py:208} INFO - Processing /home/airflow/.local/lib/python3.12/site-packages/airflow/example_dags/example_bash_operator.py took 0.107 seconds
[2025-01-28T22:13:05.226+0000] {processor.py:186} INFO - Started process (PID=555) to work on /home/airflow/.local/lib/python3.12/site-packages/airflow/example_dags/example_bash_operator.py
[2025-01-28T22:13:05.227+0000] {processor.py:914} INFO - Processing file /home/airflow/.local/lib/python3.12/site-packages/airflow/example_dags/example_bash_operator.py for tasks to queue
[2025-01-28T22:13:05.231+0000] {logging_mixin.py:190} INFO - [2025-01-28T22:13:05.230+0000] {dagbag.py:588} INFO - Filling up the DagBag from /home/airflow/.local/lib/python3.12/site-packages/airflow/example_dags/example_bash_operator.py
[2025-01-28T22:13:05.246+0000] {processor.py:925} INFO - DAG(s) 'example_bash_operator' retrieved from /home/airflow/.local/lib/python3.12/site-packages/airflow/example_dags/example_bash_operator.py
[2025-01-28T22:13:05.277+0000] {logging_mixin.py:190} INFO - [2025-01-28T22:13:05.277+0000] {dag.py:3239} INFO - Sync 1 DAGs
[2025-01-28T22:13:05.306+0000] {logging_mixin.py:190} INFO - [2025-01-28T22:13:05.306+0000] {dag.py:4180} INFO - Setting next_dagrun for example_bash_operator to 2025-01-27 00:00:00+00:00, run_after=2025-01-28 00:00:00+00:00
[2025-01-28T22:13:05.342+0000] {processor.py:208} INFO - Processing /home/airflow/.local/lib/python3.12/site-packages/airflow/example_dags/example_bash_operator.py took 0.123 seconds
[2025-01-28T22:13:37.185+0000] {processor.py:186} INFO - Started process (PID=619) to work on /home/airflow/.local/lib/python3.12/site-packages/airflow/example_dags/example_bash_operator.py
[2025-01-28T22:13:37.187+0000] {processor.py:914} INFO - Processing file /home/airflow/.local/lib/python3.12/site-packages/airflow/example_dags/example_bash_operator.py for tasks to queue
[2025-01-28T22:13:37.190+0000] {logging_mixin.py:190} INFO - [2025-01-28T22:13:37.190+0000] {dagbag.py:588} INFO - Filling up the DagBag from /home/airflow/.local/lib/python3.12/site-packages/airflow/example_dags/example_bash_operator.py
[2025-01-28T22:13:37.205+0000] {processor.py:925} INFO - DAG(s) 'example_bash_operator' retrieved from /home/airflow/.local/lib/python3.12/site-packages/airflow/example_dags/example_bash_operator.py
[2025-01-28T22:13:37.236+0000] {logging_mixin.py:190} INFO - [2025-01-28T22:13:37.236+0000] {dag.py:3239} INFO - Sync 1 DAGs
[2025-01-28T22:13:37.263+0000] {logging_mixin.py:190} INFO - [2025-01-28T22:13:37.263+0000] {dag.py:4180} INFO - Setting next_dagrun for example_bash_operator to 2025-01-27 00:00:00+00:00, run_after=2025-01-28 00:00:00+00:00
[2025-01-28T22:13:37.296+0000] {processor.py:208} INFO - Processing /home/airflow/.local/lib/python3.12/site-packages/airflow/example_dags/example_bash_operator.py took 0.117 seconds
[2025-01-28T22:14:08.175+0000] {processor.py:186} INFO - Started process (PID=681) to work on /home/airflow/.local/lib/python3.12/site-packages/airflow/example_dags/example_bash_operator.py
[2025-01-28T22:14:08.176+0000] {processor.py:914} INFO - Processing file /home/airflow/.local/lib/python3.12/site-packages/airflow/example_dags/example_bash_operator.py for tasks to queue
[2025-01-28T22:14:08.179+0000] {logging_mixin.py:190} INFO - [2025-01-28T22:14:08.178+0000] {dagbag.py:588} INFO - Filling up the DagBag from /home/airflow/.local/lib/python3.12/site-packages/airflow/example_dags/example_bash_operator.py
[2025-01-28T22:14:08.193+0000] {processor.py:925} INFO - DAG(s) 'example_bash_operator' retrieved from /home/airflow/.local/lib/python3.12/site-packages/airflow/example_dags/example_bash_operator.py
[2025-01-28T22:14:08.225+0000] {logging_mixin.py:190} INFO - [2025-01-28T22:14:08.225+0000] {dag.py:3239} INFO - Sync 1 DAGs
[2025-01-28T22:14:08.253+0000] {logging_mixin.py:190} INFO - [2025-01-28T22:14:08.253+0000] {dag.py:4180} INFO - Setting next_dagrun for example_bash_operator to 2025-01-27 00:00:00+00:00, run_after=2025-01-28 00:00:00+00:00
[2025-01-28T22:14:08.278+0000] {processor.py:208} INFO - Processing /home/airflow/.local/lib/python3.12/site-packages/airflow/example_dags/example_bash_operator.py took 0.110 seconds
[2025-01-28T22:14:38.580+0000] {processor.py:186} INFO - Started process (PID=744) to work on /home/airflow/.local/lib/python3.12/site-packages/airflow/example_dags/example_bash_operator.py
[2025-01-28T22:14:38.581+0000] {processor.py:914} INFO - Processing file /home/airflow/.local/lib/python3.12/site-packages/airflow/example_dags/example_bash_operator.py for tasks to queue
[2025-01-28T22:14:38.584+0000] {logging_mixin.py:190} INFO - [2025-01-28T22:14:38.584+0000] {dagbag.py:588} INFO - Filling up the DagBag from /home/airflow/.local/lib/python3.12/site-packages/airflow/example_dags/example_bash_operator.py
[2025-01-28T22:14:38.599+0000] {processor.py:925} INFO - DAG(s) 'example_bash_operator' retrieved from /home/airflow/.local/lib/python3.12/site-packages/airflow/example_dags/example_bash_operator.py
[2025-01-28T22:14:38.630+0000] {logging_mixin.py:190} INFO - [2025-01-28T22:14:38.630+0000] {dag.py:3239} INFO - Sync 1 DAGs
[2025-01-28T22:14:38.657+0000] {logging_mixin.py:190} INFO - [2025-01-28T22:14:38.657+0000] {dag.py:4180} INFO - Setting next_dagrun for example_bash_operator to 2025-01-27 00:00:00+00:00, run_after=2025-01-28 00:00:00+00:00
[2025-01-28T22:14:38.681+0000] {processor.py:208} INFO - Processing /home/airflow/.local/lib/python3.12/site-packages/airflow/example_dags/example_bash_operator.py took 0.108 seconds
[2025-01-28T22:15:10.571+0000] {processor.py:186} INFO - Started process (PID=808) to work on /home/airflow/.local/lib/python3.12/site-packages/airflow/example_dags/example_bash_operator.py
[2025-01-28T22:15:10.572+0000] {processor.py:914} INFO - Processing file /home/airflow/.local/lib/python3.12/site-packages/airflow/example_dags/example_bash_operator.py for tasks to queue
[2025-01-28T22:15:10.575+0000] {logging_mixin.py:190} INFO - [2025-01-28T22:15:10.575+0000] {dagbag.py:588} INFO - Filling up the DagBag from /home/airflow/.local/lib/python3.12/site-packages/airflow/example_dags/example_bash_operator.py
[2025-01-28T22:15:10.589+0000] {processor.py:925} INFO - DAG(s) 'example_bash_operator' retrieved from /home/airflow/.local/lib/python3.12/site-packages/airflow/example_dags/example_bash_operator.py
[2025-01-28T22:15:10.618+0000] {logging_mixin.py:190} INFO - [2025-01-28T22:15:10.618+0000] {dag.py:3239} INFO - Sync 1 DAGs
[2025-01-28T22:15:10.644+0000] {logging_mixin.py:190} INFO - [2025-01-28T22:15:10.644+0000] {dag.py:4180} INFO - Setting next_dagrun for example_bash_operator to 2025-01-27 00:00:00+00:00, run_after=2025-01-28 00:00:00+00:00
[2025-01-28T22:15:10.686+0000] {processor.py:208} INFO - Processing /home/airflow/.local/lib/python3.12/site-packages/airflow/example_dags/example_bash_operator.py took 0.122 seconds
[2025-01-28T22:15:42.115+0000] {processor.py:186} INFO - Started process (PID=871) to work on /home/airflow/.local/lib/python3.12/site-packages/airflow/example_dags/example_bash_operator.py
[2025-01-28T22:15:42.117+0000] {processor.py:914} INFO - Processing file /home/airflow/.local/lib/python3.12/site-packages/airflow/example_dags/example_bash_operator.py for tasks to queue
[2025-01-28T22:15:42.120+0000] {logging_mixin.py:190} INFO - [2025-01-28T22:15:42.120+0000] {dagbag.py:588} INFO - Filling up the DagBag from /home/airflow/.local/lib/python3.12/site-packages/airflow/example_dags/example_bash_operator.py
[2025-01-28T22:15:42.135+0000] {processor.py:925} INFO - DAG(s) 'example_bash_operator' retrieved from /home/airflow/.local/lib/python3.12/site-packages/airflow/example_dags/example_bash_operator.py
[2025-01-28T22:15:42.165+0000] {logging_mixin.py:190} INFO - [2025-01-28T22:15:42.164+0000] {dag.py:3239} INFO - Sync 1 DAGs
[2025-01-28T22:15:42.190+0000] {logging_mixin.py:190} INFO - [2025-01-28T22:15:42.190+0000] {dag.py:4180} INFO - Setting next_dagrun for example_bash_operator to 2025-01-27 00:00:00+00:00, run_after=2025-01-28 00:00:00+00:00
[2025-01-28T22:15:42.214+0000] {processor.py:208} INFO - Processing /home/airflow/.local/lib/python3.12/site-packages/airflow/example_dags/example_bash_operator.py took 0.105 seconds
[2025-01-28T22:16:13.532+0000] {processor.py:186} INFO - Started process (PID=935) to work on /home/airflow/.local/lib/python3.12/site-packages/airflow/example_dags/example_bash_operator.py
[2025-01-28T22:16:13.533+0000] {processor.py:914} INFO - Processing file /home/airflow/.local/lib/python3.12/site-packages/airflow/example_dags/example_bash_operator.py for tasks to queue
[2025-01-28T22:16:13.536+0000] {logging_mixin.py:190} INFO - [2025-01-28T22:16:13.535+0000] {dagbag.py:588} INFO - Filling up the DagBag from /home/airflow/.local/lib/python3.12/site-packages/airflow/example_dags/example_bash_operator.py
[2025-01-28T22:16:13.550+0000] {processor.py:925} INFO - DAG(s) 'example_bash_operator' retrieved from /home/airflow/.local/lib/python3.12/site-packages/airflow/example_dags/example_bash_operator.py
[2025-01-28T22:16:13.579+0000] {logging_mixin.py:190} INFO - [2025-01-28T22:16:13.579+0000] {dag.py:3239} INFO - Sync 1 DAGs
[2025-01-28T22:16:13.607+0000] {logging_mixin.py:190} INFO - [2025-01-28T22:16:13.606+0000] {dag.py:4180} INFO - Setting next_dagrun for example_bash_operator to 2025-01-27 00:00:00+00:00, run_after=2025-01-28 00:00:00+00:00
[2025-01-28T22:16:13.638+0000] {processor.py:208} INFO - Processing /home/airflow/.local/lib/python3.12/site-packages/airflow/example_dags/example_bash_operator.py took 0.113 seconds
[2025-01-28T22:16:45.326+0000] {processor.py:186} INFO - Started process (PID=998) to work on /home/airflow/.local/lib/python3.12/site-packages/airflow/example_dags/example_bash_operator.py
[2025-01-28T22:16:45.327+0000] {processor.py:914} INFO - Processing file /home/airflow/.local/lib/python3.12/site-packages/airflow/example_dags/example_bash_operator.py for tasks to queue
[2025-01-28T22:16:45.330+0000] {logging_mixin.py:190} INFO - [2025-01-28T22:16:45.330+0000] {dagbag.py:588} INFO - Filling up the DagBag from /home/airflow/.local/lib/python3.12/site-packages/airflow/example_dags/example_bash_operator.py
[2025-01-28T22:16:45.344+0000] {processor.py:925} INFO - DAG(s) 'example_bash_operator' retrieved from /home/airflow/.local/lib/python3.12/site-packages/airflow/example_dags/example_bash_operator.py
[2025-01-28T22:16:45.377+0000] {logging_mixin.py:190} INFO - [2025-01-28T22:16:45.376+0000] {dag.py:3239} INFO - Sync 1 DAGs
[2025-01-28T22:16:45.403+0000] {logging_mixin.py:190} INFO - [2025-01-28T22:16:45.403+0000] {dag.py:4180} INFO - Setting next_dagrun for example_bash_operator to 2025-01-27 00:00:00+00:00, run_after=2025-01-28 00:00:00+00:00
[2025-01-28T22:16:45.436+0000] {processor.py:208} INFO - Processing /home/airflow/.local/lib/python3.12/site-packages/airflow/example_dags/example_bash_operator.py took 0.116 seconds
[2025-01-28T22:17:17.194+0000] {processor.py:186} INFO - Started process (PID=1061) to work on /home/airflow/.local/lib/python3.12/site-packages/airflow/example_dags/example_bash_operator.py
[2025-01-28T22:17:17.196+0000] {processor.py:914} INFO - Processing file /home/airflow/.local/lib/python3.12/site-packages/airflow/example_dags/example_bash_operator.py for tasks to queue
[2025-01-28T22:17:17.199+0000] {logging_mixin.py:190} INFO - [2025-01-28T22:17:17.198+0000] {dagbag.py:588} INFO - Filling up the DagBag from /home/airflow/.local/lib/python3.12/site-packages/airflow/example_dags/example_bash_operator.py
[2025-01-28T22:17:17.213+0000] {processor.py:925} INFO - DAG(s) 'example_bash_operator' retrieved from /home/airflow/.local/lib/python3.12/site-packages/airflow/example_dags/example_bash_operator.py
[2025-01-28T22:17:17.242+0000] {logging_mixin.py:190} INFO - [2025-01-28T22:17:17.242+0000] {dag.py:3239} INFO - Sync 1 DAGs
[2025-01-28T22:17:17.267+0000] {logging_mixin.py:190} INFO - [2025-01-28T22:17:17.267+0000] {dag.py:4180} INFO - Setting next_dagrun for example_bash_operator to 2025-01-27 00:00:00+00:00, run_after=2025-01-28 00:00:00+00:00
[2025-01-28T22:17:17.287+0000] {processor.py:208} INFO - Processing /home/airflow/.local/lib/python3.12/site-packages/airflow/example_dags/example_bash_operator.py took 0.099 seconds
[2025-01-28T22:17:48.013+0000] {processor.py:186} INFO - Started process (PID=1124) to work on /home/airflow/.local/lib/python3.12/site-packages/airflow/example_dags/example_bash_operator.py
[2025-01-28T22:17:48.014+0000] {processor.py:914} INFO - Processing file /home/airflow/.local/lib/python3.12/site-packages/airflow/example_dags/example_bash_operator.py for tasks to queue
[2025-01-28T22:17:48.017+0000] {logging_mixin.py:190} INFO - [2025-01-28T22:17:48.017+0000] {dagbag.py:588} INFO - Filling up the DagBag from /home/airflow/.local/lib/python3.12/site-packages/airflow/example_dags/example_bash_operator.py
[2025-01-28T22:17:48.031+0000] {processor.py:925} INFO - DAG(s) 'example_bash_operator' retrieved from /home/airflow/.local/lib/python3.12/site-packages/airflow/example_dags/example_bash_operator.py
[2025-01-28T22:17:48.061+0000] {logging_mixin.py:190} INFO - [2025-01-28T22:17:48.061+0000] {dag.py:3239} INFO - Sync 1 DAGs
[2025-01-28T22:17:48.086+0000] {logging_mixin.py:190} INFO - [2025-01-28T22:17:48.086+0000] {dag.py:4180} INFO - Setting next_dagrun for example_bash_operator to 2025-01-27 00:00:00+00:00, run_after=2025-01-28 00:00:00+00:00
[2025-01-28T22:17:48.110+0000] {processor.py:208} INFO - Processing /home/airflow/.local/lib/python3.12/site-packages/airflow/example_dags/example_bash_operator.py took 0.104 seconds
[2025-01-28T22:18:19.928+0000] {processor.py:186} INFO - Started process (PID=1187) to work on /home/airflow/.local/lib/python3.12/site-packages/airflow/example_dags/example_bash_operator.py
[2025-01-28T22:18:19.929+0000] {processor.py:914} INFO - Processing file /home/airflow/.local/lib/python3.12/site-packages/airflow/example_dags/example_bash_operator.py for tasks to queue
[2025-01-28T22:18:19.932+0000] {logging_mixin.py:190} INFO - [2025-01-28T22:18:19.932+0000] {dagbag.py:588} INFO - Filling up the DagBag from /home/airflow/.local/lib/python3.12/site-packages/airflow/example_dags/example_bash_operator.py
[2025-01-28T22:18:19.947+0000] {processor.py:925} INFO - DAG(s) 'example_bash_operator' retrieved from /home/airflow/.local/lib/python3.12/site-packages/airflow/example_dags/example_bash_operator.py
[2025-01-28T22:18:19.978+0000] {logging_mixin.py:190} INFO - [2025-01-28T22:18:19.978+0000] {dag.py:3239} INFO - Sync 1 DAGs
[2025-01-28T22:18:20.006+0000] {logging_mixin.py:190} INFO - [2025-01-28T22:18:20.006+0000] {dag.py:4180} INFO - Setting next_dagrun for example_bash_operator to 2025-01-27 00:00:00+00:00, run_after=2025-01-28 00:00:00+00:00
[2025-01-28T22:18:20.029+0000] {processor.py:208} INFO - Processing /home/airflow/.local/lib/python3.12/site-packages/airflow/example_dags/example_bash_operator.py took 0.107 seconds
[2025-01-28T22:18:51.148+0000] {processor.py:186} INFO - Started process (PID=1249) to work on /home/airflow/.local/lib/python3.12/site-packages/airflow/example_dags/example_bash_operator.py
[2025-01-28T22:18:51.151+0000] {processor.py:914} INFO - Processing file /home/airflow/.local/lib/python3.12/site-packages/airflow/example_dags/example_bash_operator.py for tasks to queue
[2025-01-28T22:18:51.155+0000] {logging_mixin.py:190} INFO - [2025-01-28T22:18:51.155+0000] {dagbag.py:588} INFO - Filling up the DagBag from /home/airflow/.local/lib/python3.12/site-packages/airflow/example_dags/example_bash_operator.py
[2025-01-28T22:18:51.171+0000] {processor.py:925} INFO - DAG(s) 'example_bash_operator' retrieved from /home/airflow/.local/lib/python3.12/site-packages/airflow/example_dags/example_bash_operator.py
[2025-01-28T22:18:51.204+0000] {logging_mixin.py:190} INFO - [2025-01-28T22:18:51.204+0000] {dag.py:3239} INFO - Sync 1 DAGs
[2025-01-28T22:18:51.233+0000] {logging_mixin.py:190} INFO - [2025-01-28T22:18:51.233+0000] {dag.py:4180} INFO - Setting next_dagrun for example_bash_operator to 2025-01-27 00:00:00+00:00, run_after=2025-01-28 00:00:00+00:00
[2025-01-28T22:18:51.255+0000] {processor.py:208} INFO - Processing /home/airflow/.local/lib/python3.12/site-packages/airflow/example_dags/example_bash_operator.py took 0.115 seconds
[2025-01-28T22:19:22.419+0000] {processor.py:186} INFO - Started process (PID=1312) to work on /home/airflow/.local/lib/python3.12/site-packages/airflow/example_dags/example_bash_operator.py
[2025-01-28T22:19:22.421+0000] {processor.py:914} INFO - Processing file /home/airflow/.local/lib/python3.12/site-packages/airflow/example_dags/example_bash_operator.py for tasks to queue
[2025-01-28T22:19:22.423+0000] {logging_mixin.py:190} INFO - [2025-01-28T22:19:22.423+0000] {dagbag.py:588} INFO - Filling up the DagBag from /home/airflow/.local/lib/python3.12/site-packages/airflow/example_dags/example_bash_operator.py
[2025-01-28T22:19:22.438+0000] {processor.py:925} INFO - DAG(s) 'example_bash_operator' retrieved from /home/airflow/.local/lib/python3.12/site-packages/airflow/example_dags/example_bash_operator.py
[2025-01-28T22:19:22.470+0000] {logging_mixin.py:190} INFO - [2025-01-28T22:19:22.470+0000] {dag.py:3239} INFO - Sync 1 DAGs
[2025-01-28T22:19:22.498+0000] {logging_mixin.py:190} INFO - [2025-01-28T22:19:22.497+0000] {dag.py:4180} INFO - Setting next_dagrun for example_bash_operator to 2025-01-27 00:00:00+00:00, run_after=2025-01-28 00:00:00+00:00
[2025-01-28T22:19:22.522+0000] {processor.py:208} INFO - Processing /home/airflow/.local/lib/python3.12/site-packages/airflow/example_dags/example_bash_operator.py took 0.109 seconds
[2025-01-28T22:19:53.407+0000] {processor.py:186} INFO - Started process (PID=1375) to work on /home/airflow/.local/lib/python3.12/site-packages/airflow/example_dags/example_bash_operator.py
[2025-01-28T22:19:53.408+0000] {processor.py:914} INFO - Processing file /home/airflow/.local/lib/python3.12/site-packages/airflow/example_dags/example_bash_operator.py for tasks to queue
[2025-01-28T22:19:53.410+0000] {logging_mixin.py:190} INFO - [2025-01-28T22:19:53.410+0000] {dagbag.py:588} INFO - Filling up the DagBag from /home/airflow/.local/lib/python3.12/site-packages/airflow/example_dags/example_bash_operator.py
[2025-01-28T22:19:53.425+0000] {processor.py:925} INFO - DAG(s) 'example_bash_operator' retrieved from /home/airflow/.local/lib/python3.12/site-packages/airflow/example_dags/example_bash_operator.py
[2025-01-28T22:19:53.463+0000] {logging_mixin.py:190} INFO - [2025-01-28T22:19:53.462+0000] {dag.py:3239} INFO - Sync 1 DAGs
[2025-01-28T22:19:53.493+0000] {logging_mixin.py:190} INFO - [2025-01-28T22:19:53.492+0000] {dag.py:4180} INFO - Setting next_dagrun for example_bash_operator to 2025-01-27 00:00:00+00:00, run_after=2025-01-28 00:00:00+00:00
[2025-01-28T22:19:53.515+0000] {processor.py:208} INFO - Processing /home/airflow/.local/lib/python3.12/site-packages/airflow/example_dags/example_bash_operator.py took 0.115 seconds
[2025-01-28T22:20:24.633+0000] {processor.py:186} INFO - Started process (PID=1438) to work on /home/airflow/.local/lib/python3.12/site-packages/airflow/example_dags/example_bash_operator.py
[2025-01-28T22:20:24.634+0000] {processor.py:914} INFO - Processing file /home/airflow/.local/lib/python3.12/site-packages/airflow/example_dags/example_bash_operator.py for tasks to queue
[2025-01-28T22:20:24.637+0000] {logging_mixin.py:190} INFO - [2025-01-28T22:20:24.637+0000] {dagbag.py:588} INFO - Filling up the DagBag from /home/airflow/.local/lib/python3.12/site-packages/airflow/example_dags/example_bash_operator.py
[2025-01-28T22:20:24.653+0000] {processor.py:925} INFO - DAG(s) 'example_bash_operator' retrieved from /home/airflow/.local/lib/python3.12/site-packages/airflow/example_dags/example_bash_operator.py
[2025-01-28T22:20:24.683+0000] {logging_mixin.py:190} INFO - [2025-01-28T22:20:24.683+0000] {dag.py:3239} INFO - Sync 1 DAGs
[2025-01-28T22:20:24.709+0000] {logging_mixin.py:190} INFO - [2025-01-28T22:20:24.708+0000] {dag.py:4180} INFO - Setting next_dagrun for example_bash_operator to 2025-01-27 00:00:00+00:00, run_after=2025-01-28 00:00:00+00:00
[2025-01-28T22:20:24.742+0000] {processor.py:208} INFO - Processing /home/airflow/.local/lib/python3.12/site-packages/airflow/example_dags/example_bash_operator.py took 0.116 seconds
[2025-01-28T22:20:56.304+0000] {processor.py:186} INFO - Started process (PID=1502) to work on /home/airflow/.local/lib/python3.12/site-packages/airflow/example_dags/example_bash_operator.py
[2025-01-28T22:20:56.305+0000] {processor.py:914} INFO - Processing file /home/airflow/.local/lib/python3.12/site-packages/airflow/example_dags/example_bash_operator.py for tasks to queue
[2025-01-28T22:20:56.308+0000] {logging_mixin.py:190} INFO - [2025-01-28T22:20:56.308+0000] {dagbag.py:588} INFO - Filling up the DagBag from /home/airflow/.local/lib/python3.12/site-packages/airflow/example_dags/example_bash_operator.py
[2025-01-28T22:20:56.323+0000] {processor.py:925} INFO - DAG(s) 'example_bash_operator' retrieved from /home/airflow/.local/lib/python3.12/site-packages/airflow/example_dags/example_bash_operator.py
[2025-01-28T22:20:56.359+0000] {logging_mixin.py:190} INFO - [2025-01-28T22:20:56.358+0000] {dag.py:3239} INFO - Sync 1 DAGs
[2025-01-28T22:20:56.389+0000] {logging_mixin.py:190} INFO - [2025-01-28T22:20:56.388+0000] {dag.py:4180} INFO - Setting next_dagrun for example_bash_operator to 2025-01-27 00:00:00+00:00, run_after=2025-01-28 00:00:00+00:00
[2025-01-28T22:20:56.414+0000] {processor.py:208} INFO - Processing /home/airflow/.local/lib/python3.12/site-packages/airflow/example_dags/example_bash_operator.py took 0.117 seconds
[2025-01-28T22:21:27.482+0000] {processor.py:186} INFO - Started process (PID=1565) to work on /home/airflow/.local/lib/python3.12/site-packages/airflow/example_dags/example_bash_operator.py
[2025-01-28T22:21:27.483+0000] {processor.py:914} INFO - Processing file /home/airflow/.local/lib/python3.12/site-packages/airflow/example_dags/example_bash_operator.py for tasks to queue
[2025-01-28T22:21:27.487+0000] {logging_mixin.py:190} INFO - [2025-01-28T22:21:27.486+0000] {dagbag.py:588} INFO - Filling up the DagBag from /home/airflow/.local/lib/python3.12/site-packages/airflow/example_dags/example_bash_operator.py
[2025-01-28T22:21:27.502+0000] {processor.py:925} INFO - DAG(s) 'example_bash_operator' retrieved from /home/airflow/.local/lib/python3.12/site-packages/airflow/example_dags/example_bash_operator.py
[2025-01-28T22:21:27.531+0000] {logging_mixin.py:190} INFO - [2025-01-28T22:21:27.531+0000] {dag.py:3239} INFO - Sync 1 DAGs
[2025-01-28T22:21:27.558+0000] {logging_mixin.py:190} INFO - [2025-01-28T22:21:27.557+0000] {dag.py:4180} INFO - Setting next_dagrun for example_bash_operator to 2025-01-27 00:00:00+00:00, run_after=2025-01-28 00:00:00+00:00
[2025-01-28T22:21:27.590+0000] {processor.py:208} INFO - Processing /home/airflow/.local/lib/python3.12/site-packages/airflow/example_dags/example_bash_operator.py took 0.115 seconds
[2025-01-28T22:21:58.952+0000] {processor.py:186} INFO - Started process (PID=1628) to work on /home/airflow/.local/lib/python3.12/site-packages/airflow/example_dags/example_bash_operator.py
[2025-01-28T22:21:58.954+0000] {processor.py:914} INFO - Processing file /home/airflow/.local/lib/python3.12/site-packages/airflow/example_dags/example_bash_operator.py for tasks to queue
[2025-01-28T22:21:58.956+0000] {logging_mixin.py:190} INFO - [2025-01-28T22:21:58.956+0000] {dagbag.py:588} INFO - Filling up the DagBag from /home/airflow/.local/lib/python3.12/site-packages/airflow/example_dags/example_bash_operator.py
[2025-01-28T22:21:58.972+0000] {processor.py:925} INFO - DAG(s) 'example_bash_operator' retrieved from /home/airflow/.local/lib/python3.12/site-packages/airflow/example_dags/example_bash_operator.py
[2025-01-28T22:21:59.004+0000] {logging_mixin.py:190} INFO - [2025-01-28T22:21:59.003+0000] {dag.py:3239} INFO - Sync 1 DAGs
[2025-01-28T22:21:59.031+0000] {logging_mixin.py:190} INFO - [2025-01-28T22:21:59.031+0000] {dag.py:4180} INFO - Setting next_dagrun for example_bash_operator to 2025-01-27 00:00:00+00:00, run_after=2025-01-28 00:00:00+00:00
[2025-01-28T22:21:59.074+0000] {processor.py:208} INFO - Processing /home/airflow/.local/lib/python3.12/site-packages/airflow/example_dags/example_bash_operator.py took 0.129 seconds
[2025-01-28T22:22:30.490+0000] {processor.py:186} INFO - Started process (PID=1691) to work on /home/airflow/.local/lib/python3.12/site-packages/airflow/example_dags/example_bash_operator.py
[2025-01-28T22:22:30.491+0000] {processor.py:914} INFO - Processing file /home/airflow/.local/lib/python3.12/site-packages/airflow/example_dags/example_bash_operator.py for tasks to queue
[2025-01-28T22:22:30.494+0000] {logging_mixin.py:190} INFO - [2025-01-28T22:22:30.494+0000] {dagbag.py:588} INFO - Filling up the DagBag from /home/airflow/.local/lib/python3.12/site-packages/airflow/example_dags/example_bash_operator.py
[2025-01-28T22:22:30.509+0000] {processor.py:925} INFO - DAG(s) 'example_bash_operator' retrieved from /home/airflow/.local/lib/python3.12/site-packages/airflow/example_dags/example_bash_operator.py
[2025-01-28T22:22:30.541+0000] {logging_mixin.py:190} INFO - [2025-01-28T22:22:30.541+0000] {dag.py:3239} INFO - Sync 1 DAGs
[2025-01-28T22:22:30.567+0000] {logging_mixin.py:190} INFO - [2025-01-28T22:22:30.567+0000] {dag.py:4180} INFO - Setting next_dagrun for example_bash_operator to 2025-01-27 00:00:00+00:00, run_after=2025-01-28 00:00:00+00:00
[2025-01-28T22:22:30.593+0000] {processor.py:208} INFO - Processing /home/airflow/.local/lib/python3.12/site-packages/airflow/example_dags/example_bash_operator.py took 0.109 seconds
[2025-01-28T22:23:02.268+0000] {processor.py:186} INFO - Started process (PID=1754) to work on /home/airflow/.local/lib/python3.12/site-packages/airflow/example_dags/example_bash_operator.py
[2025-01-28T22:23:02.270+0000] {processor.py:914} INFO - Processing file /home/airflow/.local/lib/python3.12/site-packages/airflow/example_dags/example_bash_operator.py for tasks to queue
[2025-01-28T22:23:02.273+0000] {logging_mixin.py:190} INFO - [2025-01-28T22:23:02.272+0000] {dagbag.py:588} INFO - Filling up the DagBag from /home/airflow/.local/lib/python3.12/site-packages/airflow/example_dags/example_bash_operator.py
[2025-01-28T22:23:02.289+0000] {processor.py:925} INFO - DAG(s) 'example_bash_operator' retrieved from /home/airflow/.local/lib/python3.12/site-packages/airflow/example_dags/example_bash_operator.py
[2025-01-28T22:23:02.323+0000] {logging_mixin.py:190} INFO - [2025-01-28T22:23:02.323+0000] {dag.py:3239} INFO - Sync 1 DAGs
[2025-01-28T22:23:02.350+0000] {logging_mixin.py:190} INFO - [2025-01-28T22:23:02.350+0000] {dag.py:4180} INFO - Setting next_dagrun for example_bash_operator to 2025-01-27 00:00:00+00:00, run_after=2025-01-28 00:00:00+00:00
[2025-01-28T22:23:02.374+0000] {processor.py:208} INFO - Processing /home/airflow/.local/lib/python3.12/site-packages/airflow/example_dags/example_bash_operator.py took 0.113 seconds
[2025-01-28T22:23:32.627+0000] {processor.py:186} INFO - Started process (PID=1817) to work on /home/airflow/.local/lib/python3.12/site-packages/airflow/example_dags/example_bash_operator.py
[2025-01-28T22:23:32.628+0000] {processor.py:914} INFO - Processing file /home/airflow/.local/lib/python3.12/site-packages/airflow/example_dags/example_bash_operator.py for tasks to queue
[2025-01-28T22:23:32.631+0000] {logging_mixin.py:190} INFO - [2025-01-28T22:23:32.631+0000] {dagbag.py:588} INFO - Filling up the DagBag from /home/airflow/.local/lib/python3.12/site-packages/airflow/example_dags/example_bash_operator.py
[2025-01-28T22:23:32.645+0000] {processor.py:925} INFO - DAG(s) 'example_bash_operator' retrieved from /home/airflow/.local/lib/python3.12/site-packages/airflow/example_dags/example_bash_operator.py
[2025-01-28T22:23:32.674+0000] {logging_mixin.py:190} INFO - [2025-01-28T22:23:32.674+0000] {dag.py:3239} INFO - Sync 1 DAGs
[2025-01-28T22:23:32.700+0000] {logging_mixin.py:190} INFO - [2025-01-28T22:23:32.700+0000] {dag.py:4180} INFO - Setting next_dagrun for example_bash_operator to 2025-01-27 00:00:00+00:00, run_after=2025-01-28 00:00:00+00:00
[2025-01-28T22:23:32.728+0000] {processor.py:208} INFO - Processing /home/airflow/.local/lib/python3.12/site-packages/airflow/example_dags/example_bash_operator.py took 0.107 seconds
[2025-01-28T22:24:04.932+0000] {processor.py:186} INFO - Started process (PID=1880) to work on /home/airflow/.local/lib/python3.12/site-packages/airflow/example_dags/example_bash_operator.py
[2025-01-28T22:24:04.933+0000] {processor.py:914} INFO - Processing file /home/airflow/.local/lib/python3.12/site-packages/airflow/example_dags/example_bash_operator.py for tasks to queue
[2025-01-28T22:24:04.937+0000] {logging_mixin.py:190} INFO - [2025-01-28T22:24:04.936+0000] {dagbag.py:588} INFO - Filling up the DagBag from /home/airflow/.local/lib/python3.12/site-packages/airflow/example_dags/example_bash_operator.py
[2025-01-28T22:24:04.952+0000] {processor.py:925} INFO - DAG(s) 'example_bash_operator' retrieved from /home/airflow/.local/lib/python3.12/site-packages/airflow/example_dags/example_bash_operator.py
[2025-01-28T22:24:04.986+0000] {logging_mixin.py:190} INFO - [2025-01-28T22:24:04.986+0000] {dag.py:3239} INFO - Sync 1 DAGs
[2025-01-28T22:24:05.014+0000] {logging_mixin.py:190} INFO - [2025-01-28T22:24:05.014+0000] {dag.py:4180} INFO - Setting next_dagrun for example_bash_operator to 2025-01-27 00:00:00+00:00, run_after=2025-01-28 00:00:00+00:00
[2025-01-28T22:24:05.040+0000] {processor.py:208} INFO - Processing /home/airflow/.local/lib/python3.12/site-packages/airflow/example_dags/example_bash_operator.py took 0.114 seconds
[2025-01-28T22:24:35.250+0000] {processor.py:186} INFO - Started process (PID=1943) to work on /home/airflow/.local/lib/python3.12/site-packages/airflow/example_dags/example_bash_operator.py
[2025-01-28T22:24:35.252+0000] {processor.py:914} INFO - Processing file /home/airflow/.local/lib/python3.12/site-packages/airflow/example_dags/example_bash_operator.py for tasks to queue
[2025-01-28T22:24:35.254+0000] {logging_mixin.py:190} INFO - [2025-01-28T22:24:35.254+0000] {dagbag.py:588} INFO - Filling up the DagBag from /home/airflow/.local/lib/python3.12/site-packages/airflow/example_dags/example_bash_operator.py
[2025-01-28T22:24:35.270+0000] {processor.py:925} INFO - DAG(s) 'example_bash_operator' retrieved from /home/airflow/.local/lib/python3.12/site-packages/airflow/example_dags/example_bash_operator.py
[2025-01-28T22:24:35.300+0000] {logging_mixin.py:190} INFO - [2025-01-28T22:24:35.299+0000] {dag.py:3239} INFO - Sync 1 DAGs
[2025-01-28T22:24:35.327+0000] {logging_mixin.py:190} INFO - [2025-01-28T22:24:35.327+0000] {dag.py:4180} INFO - Setting next_dagrun for example_bash_operator to 2025-01-27 00:00:00+00:00, run_after=2025-01-28 00:00:00+00:00
[2025-01-28T22:24:35.354+0000] {processor.py:208} INFO - Processing /home/airflow/.local/lib/python3.12/site-packages/airflow/example_dags/example_bash_operator.py took 0.111 seconds
[2025-01-28T22:25:07.472+0000] {processor.py:186} INFO - Started process (PID=2006) to work on /home/airflow/.local/lib/python3.12/site-packages/airflow/example_dags/example_bash_operator.py
[2025-01-28T22:25:07.474+0000] {processor.py:914} INFO - Processing file /home/airflow/.local/lib/python3.12/site-packages/airflow/example_dags/example_bash_operator.py for tasks to queue
[2025-01-28T22:25:07.477+0000] {logging_mixin.py:190} INFO - [2025-01-28T22:25:07.476+0000] {dagbag.py:588} INFO - Filling up the DagBag from /home/airflow/.local/lib/python3.12/site-packages/airflow/example_dags/example_bash_operator.py
[2025-01-28T22:25:07.492+0000] {processor.py:925} INFO - DAG(s) 'example_bash_operator' retrieved from /home/airflow/.local/lib/python3.12/site-packages/airflow/example_dags/example_bash_operator.py
[2025-01-28T22:25:07.524+0000] {logging_mixin.py:190} INFO - [2025-01-28T22:25:07.524+0000] {dag.py:3239} INFO - Sync 1 DAGs
[2025-01-28T22:25:07.551+0000] {logging_mixin.py:190} INFO - [2025-01-28T22:25:07.550+0000] {dag.py:4180} INFO - Setting next_dagrun for example_bash_operator to 2025-01-27 00:00:00+00:00, run_after=2025-01-28 00:00:00+00:00
[2025-01-28T22:25:07.572+0000] {processor.py:208} INFO - Processing /home/airflow/.local/lib/python3.12/site-packages/airflow/example_dags/example_bash_operator.py took 0.106 seconds
[2025-01-28T22:28:48.750+0000] {processor.py:186} INFO - Started process (PID=121) to work on /home/airflow/.local/lib/python3.12/site-packages/airflow/example_dags/example_bash_operator.py
[2025-01-28T22:28:48.751+0000] {processor.py:914} INFO - Processing file /home/airflow/.local/lib/python3.12/site-packages/airflow/example_dags/example_bash_operator.py for tasks to queue
[2025-01-28T22:28:48.754+0000] {logging_mixin.py:190} INFO - [2025-01-28T22:28:48.754+0000] {dagbag.py:588} INFO - Filling up the DagBag from /home/airflow/.local/lib/python3.12/site-packages/airflow/example_dags/example_bash_operator.py
[2025-01-28T22:28:48.770+0000] {processor.py:925} INFO - DAG(s) 'example_bash_operator' retrieved from /home/airflow/.local/lib/python3.12/site-packages/airflow/example_dags/example_bash_operator.py
[2025-01-28T22:28:48.802+0000] {logging_mixin.py:190} INFO - [2025-01-28T22:28:48.801+0000] {dag.py:3239} INFO - Sync 1 DAGs
[2025-01-28T22:28:48.828+0000] {logging_mixin.py:190} INFO - [2025-01-28T22:28:48.827+0000] {dag.py:4180} INFO - Setting next_dagrun for example_bash_operator to 2025-01-27 00:00:00+00:00, run_after=2025-01-28 00:00:00+00:00
[2025-01-28T22:28:48.850+0000] {processor.py:208} INFO - Processing /home/airflow/.local/lib/python3.12/site-packages/airflow/example_dags/example_bash_operator.py took 0.106 seconds
[2025-01-28T22:29:19.327+0000] {processor.py:186} INFO - Started process (PID=178) to work on /home/airflow/.local/lib/python3.12/site-packages/airflow/example_dags/example_bash_operator.py
[2025-01-28T22:29:19.328+0000] {processor.py:914} INFO - Processing file /home/airflow/.local/lib/python3.12/site-packages/airflow/example_dags/example_bash_operator.py for tasks to queue
[2025-01-28T22:29:19.331+0000] {logging_mixin.py:190} INFO - [2025-01-28T22:29:19.331+0000] {dagbag.py:588} INFO - Filling up the DagBag from /home/airflow/.local/lib/python3.12/site-packages/airflow/example_dags/example_bash_operator.py
[2025-01-28T22:29:19.346+0000] {processor.py:925} INFO - DAG(s) 'example_bash_operator' retrieved from /home/airflow/.local/lib/python3.12/site-packages/airflow/example_dags/example_bash_operator.py
[2025-01-28T22:29:19.377+0000] {logging_mixin.py:190} INFO - [2025-01-28T22:29:19.376+0000] {dag.py:3239} INFO - Sync 1 DAGs
[2025-01-28T22:29:19.404+0000] {logging_mixin.py:190} INFO - [2025-01-28T22:29:19.403+0000] {dag.py:4180} INFO - Setting next_dagrun for example_bash_operator to 2025-01-27 00:00:00+00:00, run_after=2025-01-28 00:00:00+00:00
[2025-01-28T22:29:19.428+0000] {processor.py:208} INFO - Processing /home/airflow/.local/lib/python3.12/site-packages/airflow/example_dags/example_bash_operator.py took 0.108 seconds
[2025-01-28T22:29:51.143+0000] {processor.py:186} INFO - Started process (PID=241) to work on /home/airflow/.local/lib/python3.12/site-packages/airflow/example_dags/example_bash_operator.py
[2025-01-28T22:29:51.145+0000] {processor.py:914} INFO - Processing file /home/airflow/.local/lib/python3.12/site-packages/airflow/example_dags/example_bash_operator.py for tasks to queue
[2025-01-28T22:29:51.148+0000] {logging_mixin.py:190} INFO - [2025-01-28T22:29:51.148+0000] {dagbag.py:588} INFO - Filling up the DagBag from /home/airflow/.local/lib/python3.12/site-packages/airflow/example_dags/example_bash_operator.py
[2025-01-28T22:29:51.163+0000] {processor.py:925} INFO - DAG(s) 'example_bash_operator' retrieved from /home/airflow/.local/lib/python3.12/site-packages/airflow/example_dags/example_bash_operator.py
[2025-01-28T22:29:51.194+0000] {logging_mixin.py:190} INFO - [2025-01-28T22:29:51.193+0000] {dag.py:3239} INFO - Sync 1 DAGs
[2025-01-28T22:29:51.220+0000] {logging_mixin.py:190} INFO - [2025-01-28T22:29:51.219+0000] {dag.py:4180} INFO - Setting next_dagrun for example_bash_operator to 2025-01-27 00:00:00+00:00, run_after=2025-01-28 00:00:00+00:00
[2025-01-28T22:29:51.241+0000] {processor.py:208} INFO - Processing /home/airflow/.local/lib/python3.12/site-packages/airflow/example_dags/example_bash_operator.py took 0.104 seconds
[2025-01-28T22:30:22.109+0000] {processor.py:186} INFO - Started process (PID=302) to work on /home/airflow/.local/lib/python3.12/site-packages/airflow/example_dags/example_bash_operator.py
[2025-01-28T22:30:22.110+0000] {processor.py:914} INFO - Processing file /home/airflow/.local/lib/python3.12/site-packages/airflow/example_dags/example_bash_operator.py for tasks to queue
[2025-01-28T22:30:22.113+0000] {logging_mixin.py:190} INFO - [2025-01-28T22:30:22.112+0000] {dagbag.py:588} INFO - Filling up the DagBag from /home/airflow/.local/lib/python3.12/site-packages/airflow/example_dags/example_bash_operator.py
[2025-01-28T22:30:22.128+0000] {processor.py:925} INFO - DAG(s) 'example_bash_operator' retrieved from /home/airflow/.local/lib/python3.12/site-packages/airflow/example_dags/example_bash_operator.py
[2025-01-28T22:30:22.161+0000] {logging_mixin.py:190} INFO - [2025-01-28T22:30:22.160+0000] {dag.py:3239} INFO - Sync 1 DAGs
[2025-01-28T22:30:22.188+0000] {logging_mixin.py:190} INFO - [2025-01-28T22:30:22.188+0000] {dag.py:4180} INFO - Setting next_dagrun for example_bash_operator to 2025-01-27 00:00:00+00:00, run_after=2025-01-28 00:00:00+00:00
[2025-01-28T22:30:22.218+0000] {processor.py:208} INFO - Processing /home/airflow/.local/lib/python3.12/site-packages/airflow/example_dags/example_bash_operator.py took 0.115 seconds
[2025-01-28T22:30:53.379+0000] {processor.py:186} INFO - Started process (PID=365) to work on /home/airflow/.local/lib/python3.12/site-packages/airflow/example_dags/example_bash_operator.py
[2025-01-28T22:30:53.380+0000] {processor.py:914} INFO - Processing file /home/airflow/.local/lib/python3.12/site-packages/airflow/example_dags/example_bash_operator.py for tasks to queue
[2025-01-28T22:30:53.383+0000] {logging_mixin.py:190} INFO - [2025-01-28T22:30:53.382+0000] {dagbag.py:588} INFO - Filling up the DagBag from /home/airflow/.local/lib/python3.12/site-packages/airflow/example_dags/example_bash_operator.py
[2025-01-28T22:30:53.397+0000] {processor.py:925} INFO - DAG(s) 'example_bash_operator' retrieved from /home/airflow/.local/lib/python3.12/site-packages/airflow/example_dags/example_bash_operator.py
[2025-01-28T22:30:53.428+0000] {logging_mixin.py:190} INFO - [2025-01-28T22:30:53.427+0000] {dag.py:3239} INFO - Sync 1 DAGs
[2025-01-28T22:30:53.454+0000] {logging_mixin.py:190} INFO - [2025-01-28T22:30:53.454+0000] {dag.py:4180} INFO - Setting next_dagrun for example_bash_operator to 2025-01-27 00:00:00+00:00, run_after=2025-01-28 00:00:00+00:00
[2025-01-28T22:30:53.483+0000] {processor.py:208} INFO - Processing /home/airflow/.local/lib/python3.12/site-packages/airflow/example_dags/example_bash_operator.py took 0.111 seconds
