[2025-01-28T22:09:22.720+0000] {processor.py:186} INFO - Started process (PID=96) to work on /home/airflow/.local/lib/python3.12/site-packages/airflow/example_dags/example_nested_branch_dag.py
[2025-01-28T22:09:22.722+0000] {processor.py:914} INFO - Processing file /home/airflow/.local/lib/python3.12/site-packages/airflow/example_dags/example_nested_branch_dag.py for tasks to queue
[2025-01-28T22:09:22.725+0000] {logging_mixin.py:190} INFO - [2025-01-28T22:09:22.725+0000] {dagbag.py:588} INFO - Filling up the DagBag from /home/airflow/.local/lib/python3.12/site-packages/airflow/example_dags/example_nested_branch_dag.py
[2025-01-28T22:09:22.739+0000] {processor.py:925} INFO - DAG(s) 'example_nested_branch_dag' retrieved from /home/airflow/.local/lib/python3.12/site-packages/airflow/example_dags/example_nested_branch_dag.py
[2025-01-28T22:09:22.865+0000] {logging_mixin.py:190} INFO - [2025-01-28T22:09:22.863+0000] {override.py:1911} INFO - Created Permission View: can delete on DAG:example_nested_branch_dag
[2025-01-28T22:09:22.879+0000] {logging_mixin.py:190} INFO - [2025-01-28T22:09:22.878+0000] {override.py:1911} INFO - Created Permission View: can edit on DAG:example_nested_branch_dag
[2025-01-28T22:09:22.889+0000] {logging_mixin.py:190} INFO - [2025-01-28T22:09:22.888+0000] {override.py:1911} INFO - Created Permission View: can read on DAG:example_nested_branch_dag
[2025-01-28T22:09:22.903+0000] {logging_mixin.py:190} INFO - [2025-01-28T22:09:22.903+0000] {override.py:1911} INFO - Created Permission View: can create on DAG Run:example_nested_branch_dag
[2025-01-28T22:09:22.913+0000] {logging_mixin.py:190} INFO - [2025-01-28T22:09:22.913+0000] {override.py:1911} INFO - Created Permission View: can delete on DAG Run:example_nested_branch_dag
[2025-01-28T22:09:22.923+0000] {logging_mixin.py:190} INFO - [2025-01-28T22:09:22.922+0000] {override.py:1911} INFO - Created Permission View: menu access on DAG Run:example_nested_branch_dag
[2025-01-28T22:09:22.933+0000] {logging_mixin.py:190} INFO - [2025-01-28T22:09:22.933+0000] {override.py:1911} INFO - Created Permission View: can read on DAG Run:example_nested_branch_dag
[2025-01-28T22:09:22.935+0000] {logging_mixin.py:190} INFO - [2025-01-28T22:09:22.934+0000] {dag.py:3239} INFO - Sync 1 DAGs
[2025-01-28T22:09:22.949+0000] {logging_mixin.py:190} INFO - [2025-01-28T22:09:22.949+0000] {dag.py:3262} INFO - Creating ORM DAG for example_nested_branch_dag
[2025-01-28T22:09:22.962+0000] {logging_mixin.py:190} INFO - [2025-01-28T22:09:22.961+0000] {dag.py:4180} INFO - Setting next_dagrun for example_nested_branch_dag to 2025-01-27 00:00:00+00:00, run_after=2025-01-28 00:00:00+00:00
[2025-01-28T22:09:22.984+0000] {processor.py:208} INFO - Processing /home/airflow/.local/lib/python3.12/site-packages/airflow/example_dags/example_nested_branch_dag.py took 0.270 seconds
[2025-01-28T22:09:53.444+0000] {processor.py:186} INFO - Started process (PID=159) to work on /home/airflow/.local/lib/python3.12/site-packages/airflow/example_dags/example_nested_branch_dag.py
[2025-01-28T22:09:53.446+0000] {processor.py:914} INFO - Processing file /home/airflow/.local/lib/python3.12/site-packages/airflow/example_dags/example_nested_branch_dag.py for tasks to queue
[2025-01-28T22:09:53.451+0000] {logging_mixin.py:190} INFO - [2025-01-28T22:09:53.450+0000] {dagbag.py:588} INFO - Filling up the DagBag from /home/airflow/.local/lib/python3.12/site-packages/airflow/example_dags/example_nested_branch_dag.py
[2025-01-28T22:09:53.465+0000] {processor.py:925} INFO - DAG(s) 'example_nested_branch_dag' retrieved from /home/airflow/.local/lib/python3.12/site-packages/airflow/example_dags/example_nested_branch_dag.py
[2025-01-28T22:09:53.489+0000] {logging_mixin.py:190} INFO - [2025-01-28T22:09:53.489+0000] {dag.py:3239} INFO - Sync 1 DAGs
[2025-01-28T22:09:53.520+0000] {logging_mixin.py:190} INFO - [2025-01-28T22:09:53.520+0000] {dag.py:4180} INFO - Setting next_dagrun for example_nested_branch_dag to 2025-01-27 00:00:00+00:00, run_after=2025-01-28 00:00:00+00:00
[2025-01-28T22:09:53.544+0000] {processor.py:208} INFO - Processing /home/airflow/.local/lib/python3.12/site-packages/airflow/example_dags/example_nested_branch_dag.py took 0.107 seconds
[2025-01-28T22:10:23.852+0000] {processor.py:186} INFO - Started process (PID=216) to work on /home/airflow/.local/lib/python3.12/site-packages/airflow/example_dags/example_nested_branch_dag.py
[2025-01-28T22:10:23.854+0000] {processor.py:914} INFO - Processing file /home/airflow/.local/lib/python3.12/site-packages/airflow/example_dags/example_nested_branch_dag.py for tasks to queue
[2025-01-28T22:10:23.856+0000] {logging_mixin.py:190} INFO - [2025-01-28T22:10:23.856+0000] {dagbag.py:588} INFO - Filling up the DagBag from /home/airflow/.local/lib/python3.12/site-packages/airflow/example_dags/example_nested_branch_dag.py
[2025-01-28T22:10:23.869+0000] {processor.py:925} INFO - DAG(s) 'example_nested_branch_dag' retrieved from /home/airflow/.local/lib/python3.12/site-packages/airflow/example_dags/example_nested_branch_dag.py
[2025-01-28T22:10:23.894+0000] {logging_mixin.py:190} INFO - [2025-01-28T22:10:23.894+0000] {dag.py:3239} INFO - Sync 1 DAGs
[2025-01-28T22:10:23.921+0000] {logging_mixin.py:190} INFO - [2025-01-28T22:10:23.920+0000] {dag.py:4180} INFO - Setting next_dagrun for example_nested_branch_dag to 2025-01-27 00:00:00+00:00, run_after=2025-01-28 00:00:00+00:00
[2025-01-28T22:10:23.945+0000] {processor.py:208} INFO - Processing /home/airflow/.local/lib/python3.12/site-packages/airflow/example_dags/example_nested_branch_dag.py took 0.099 seconds
[2025-01-28T22:10:54.181+0000] {processor.py:186} INFO - Started process (PID=279) to work on /home/airflow/.local/lib/python3.12/site-packages/airflow/example_dags/example_nested_branch_dag.py
[2025-01-28T22:10:54.182+0000] {processor.py:914} INFO - Processing file /home/airflow/.local/lib/python3.12/site-packages/airflow/example_dags/example_nested_branch_dag.py for tasks to queue
[2025-01-28T22:10:54.185+0000] {logging_mixin.py:190} INFO - [2025-01-28T22:10:54.185+0000] {dagbag.py:588} INFO - Filling up the DagBag from /home/airflow/.local/lib/python3.12/site-packages/airflow/example_dags/example_nested_branch_dag.py
[2025-01-28T22:10:54.198+0000] {processor.py:925} INFO - DAG(s) 'example_nested_branch_dag' retrieved from /home/airflow/.local/lib/python3.12/site-packages/airflow/example_dags/example_nested_branch_dag.py
[2025-01-28T22:10:54.222+0000] {logging_mixin.py:190} INFO - [2025-01-28T22:10:54.222+0000] {dag.py:3239} INFO - Sync 1 DAGs
[2025-01-28T22:10:54.248+0000] {logging_mixin.py:190} INFO - [2025-01-28T22:10:54.248+0000] {dag.py:4180} INFO - Setting next_dagrun for example_nested_branch_dag to 2025-01-27 00:00:00+00:00, run_after=2025-01-28 00:00:00+00:00
[2025-01-28T22:10:54.272+0000] {processor.py:208} INFO - Processing /home/airflow/.local/lib/python3.12/site-packages/airflow/example_dags/example_nested_branch_dag.py took 0.097 seconds
[2025-01-28T22:11:24.445+0000] {processor.py:186} INFO - Started process (PID=342) to work on /home/airflow/.local/lib/python3.12/site-packages/airflow/example_dags/example_nested_branch_dag.py
[2025-01-28T22:11:24.447+0000] {processor.py:914} INFO - Processing file /home/airflow/.local/lib/python3.12/site-packages/airflow/example_dags/example_nested_branch_dag.py for tasks to queue
[2025-01-28T22:11:24.450+0000] {logging_mixin.py:190} INFO - [2025-01-28T22:11:24.449+0000] {dagbag.py:588} INFO - Filling up the DagBag from /home/airflow/.local/lib/python3.12/site-packages/airflow/example_dags/example_nested_branch_dag.py
[2025-01-28T22:11:24.463+0000] {processor.py:925} INFO - DAG(s) 'example_nested_branch_dag' retrieved from /home/airflow/.local/lib/python3.12/site-packages/airflow/example_dags/example_nested_branch_dag.py
[2025-01-28T22:11:24.485+0000] {logging_mixin.py:190} INFO - [2025-01-28T22:11:24.485+0000] {dag.py:3239} INFO - Sync 1 DAGs
[2025-01-28T22:11:24.510+0000] {logging_mixin.py:190} INFO - [2025-01-28T22:11:24.510+0000] {dag.py:4180} INFO - Setting next_dagrun for example_nested_branch_dag to 2025-01-27 00:00:00+00:00, run_after=2025-01-28 00:00:00+00:00
[2025-01-28T22:11:24.532+0000] {processor.py:208} INFO - Processing /home/airflow/.local/lib/python3.12/site-packages/airflow/example_dags/example_nested_branch_dag.py took 0.094 seconds
[2025-01-28T22:11:55.295+0000] {processor.py:186} INFO - Started process (PID=405) to work on /home/airflow/.local/lib/python3.12/site-packages/airflow/example_dags/example_nested_branch_dag.py
[2025-01-28T22:11:55.296+0000] {processor.py:914} INFO - Processing file /home/airflow/.local/lib/python3.12/site-packages/airflow/example_dags/example_nested_branch_dag.py for tasks to queue
[2025-01-28T22:11:55.299+0000] {logging_mixin.py:190} INFO - [2025-01-28T22:11:55.298+0000] {dagbag.py:588} INFO - Filling up the DagBag from /home/airflow/.local/lib/python3.12/site-packages/airflow/example_dags/example_nested_branch_dag.py
[2025-01-28T22:11:55.312+0000] {processor.py:925} INFO - DAG(s) 'example_nested_branch_dag' retrieved from /home/airflow/.local/lib/python3.12/site-packages/airflow/example_dags/example_nested_branch_dag.py
[2025-01-28T22:11:55.338+0000] {logging_mixin.py:190} INFO - [2025-01-28T22:11:55.338+0000] {dag.py:3239} INFO - Sync 1 DAGs
[2025-01-28T22:11:55.365+0000] {logging_mixin.py:190} INFO - [2025-01-28T22:11:55.364+0000] {dag.py:4180} INFO - Setting next_dagrun for example_nested_branch_dag to 2025-01-27 00:00:00+00:00, run_after=2025-01-28 00:00:00+00:00
[2025-01-28T22:11:55.388+0000] {processor.py:208} INFO - Processing /home/airflow/.local/lib/python3.12/site-packages/airflow/example_dags/example_nested_branch_dag.py took 0.099 seconds
[2025-01-28T22:12:25.600+0000] {processor.py:186} INFO - Started process (PID=468) to work on /home/airflow/.local/lib/python3.12/site-packages/airflow/example_dags/example_nested_branch_dag.py
[2025-01-28T22:12:25.602+0000] {processor.py:914} INFO - Processing file /home/airflow/.local/lib/python3.12/site-packages/airflow/example_dags/example_nested_branch_dag.py for tasks to queue
[2025-01-28T22:12:25.606+0000] {logging_mixin.py:190} INFO - [2025-01-28T22:12:25.606+0000] {dagbag.py:588} INFO - Filling up the DagBag from /home/airflow/.local/lib/python3.12/site-packages/airflow/example_dags/example_nested_branch_dag.py
[2025-01-28T22:12:25.619+0000] {processor.py:925} INFO - DAG(s) 'example_nested_branch_dag' retrieved from /home/airflow/.local/lib/python3.12/site-packages/airflow/example_dags/example_nested_branch_dag.py
[2025-01-28T22:12:25.643+0000] {logging_mixin.py:190} INFO - [2025-01-28T22:12:25.643+0000] {dag.py:3239} INFO - Sync 1 DAGs
[2025-01-28T22:12:25.669+0000] {logging_mixin.py:190} INFO - [2025-01-28T22:12:25.669+0000] {dag.py:4180} INFO - Setting next_dagrun for example_nested_branch_dag to 2025-01-27 00:00:00+00:00, run_after=2025-01-28 00:00:00+00:00
[2025-01-28T22:12:25.691+0000] {processor.py:208} INFO - Processing /home/airflow/.local/lib/python3.12/site-packages/airflow/example_dags/example_nested_branch_dag.py took 0.098 seconds
[2025-01-28T22:12:55.883+0000] {processor.py:186} INFO - Started process (PID=531) to work on /home/airflow/.local/lib/python3.12/site-packages/airflow/example_dags/example_nested_branch_dag.py
[2025-01-28T22:12:55.885+0000] {processor.py:914} INFO - Processing file /home/airflow/.local/lib/python3.12/site-packages/airflow/example_dags/example_nested_branch_dag.py for tasks to queue
[2025-01-28T22:12:55.888+0000] {logging_mixin.py:190} INFO - [2025-01-28T22:12:55.888+0000] {dagbag.py:588} INFO - Filling up the DagBag from /home/airflow/.local/lib/python3.12/site-packages/airflow/example_dags/example_nested_branch_dag.py
[2025-01-28T22:12:55.901+0000] {processor.py:925} INFO - DAG(s) 'example_nested_branch_dag' retrieved from /home/airflow/.local/lib/python3.12/site-packages/airflow/example_dags/example_nested_branch_dag.py
[2025-01-28T22:12:55.925+0000] {logging_mixin.py:190} INFO - [2025-01-28T22:12:55.925+0000] {dag.py:3239} INFO - Sync 1 DAGs
[2025-01-28T22:12:55.953+0000] {logging_mixin.py:190} INFO - [2025-01-28T22:12:55.953+0000] {dag.py:4180} INFO - Setting next_dagrun for example_nested_branch_dag to 2025-01-27 00:00:00+00:00, run_after=2025-01-28 00:00:00+00:00
[2025-01-28T22:12:55.984+0000] {processor.py:208} INFO - Processing /home/airflow/.local/lib/python3.12/site-packages/airflow/example_dags/example_nested_branch_dag.py took 0.107 seconds
[2025-01-28T22:13:26.470+0000] {processor.py:186} INFO - Started process (PID=594) to work on /home/airflow/.local/lib/python3.12/site-packages/airflow/example_dags/example_nested_branch_dag.py
[2025-01-28T22:13:26.471+0000] {processor.py:914} INFO - Processing file /home/airflow/.local/lib/python3.12/site-packages/airflow/example_dags/example_nested_branch_dag.py for tasks to queue
[2025-01-28T22:13:26.474+0000] {logging_mixin.py:190} INFO - [2025-01-28T22:13:26.474+0000] {dagbag.py:588} INFO - Filling up the DagBag from /home/airflow/.local/lib/python3.12/site-packages/airflow/example_dags/example_nested_branch_dag.py
[2025-01-28T22:13:26.487+0000] {processor.py:925} INFO - DAG(s) 'example_nested_branch_dag' retrieved from /home/airflow/.local/lib/python3.12/site-packages/airflow/example_dags/example_nested_branch_dag.py
[2025-01-28T22:13:26.511+0000] {logging_mixin.py:190} INFO - [2025-01-28T22:13:26.511+0000] {dag.py:3239} INFO - Sync 1 DAGs
[2025-01-28T22:13:26.537+0000] {logging_mixin.py:190} INFO - [2025-01-28T22:13:26.536+0000] {dag.py:4180} INFO - Setting next_dagrun for example_nested_branch_dag to 2025-01-27 00:00:00+00:00, run_after=2025-01-28 00:00:00+00:00
[2025-01-28T22:13:26.569+0000] {processor.py:208} INFO - Processing /home/airflow/.local/lib/python3.12/site-packages/airflow/example_dags/example_nested_branch_dag.py took 0.106 seconds
[2025-01-28T22:13:56.873+0000] {processor.py:186} INFO - Started process (PID=657) to work on /home/airflow/.local/lib/python3.12/site-packages/airflow/example_dags/example_nested_branch_dag.py
[2025-01-28T22:13:56.874+0000] {processor.py:914} INFO - Processing file /home/airflow/.local/lib/python3.12/site-packages/airflow/example_dags/example_nested_branch_dag.py for tasks to queue
[2025-01-28T22:13:56.877+0000] {logging_mixin.py:190} INFO - [2025-01-28T22:13:56.876+0000] {dagbag.py:588} INFO - Filling up the DagBag from /home/airflow/.local/lib/python3.12/site-packages/airflow/example_dags/example_nested_branch_dag.py
[2025-01-28T22:13:56.890+0000] {processor.py:925} INFO - DAG(s) 'example_nested_branch_dag' retrieved from /home/airflow/.local/lib/python3.12/site-packages/airflow/example_dags/example_nested_branch_dag.py
[2025-01-28T22:13:56.914+0000] {logging_mixin.py:190} INFO - [2025-01-28T22:13:56.914+0000] {dag.py:3239} INFO - Sync 1 DAGs
[2025-01-28T22:13:56.940+0000] {logging_mixin.py:190} INFO - [2025-01-28T22:13:56.940+0000] {dag.py:4180} INFO - Setting next_dagrun for example_nested_branch_dag to 2025-01-27 00:00:00+00:00, run_after=2025-01-28 00:00:00+00:00
[2025-01-28T22:13:56.963+0000] {processor.py:208} INFO - Processing /home/airflow/.local/lib/python3.12/site-packages/airflow/example_dags/example_nested_branch_dag.py took 0.096 seconds
[2025-01-28T22:14:27.500+0000] {processor.py:186} INFO - Started process (PID=720) to work on /home/airflow/.local/lib/python3.12/site-packages/airflow/example_dags/example_nested_branch_dag.py
[2025-01-28T22:14:27.502+0000] {processor.py:914} INFO - Processing file /home/airflow/.local/lib/python3.12/site-packages/airflow/example_dags/example_nested_branch_dag.py for tasks to queue
[2025-01-28T22:14:27.505+0000] {logging_mixin.py:190} INFO - [2025-01-28T22:14:27.505+0000] {dagbag.py:588} INFO - Filling up the DagBag from /home/airflow/.local/lib/python3.12/site-packages/airflow/example_dags/example_nested_branch_dag.py
[2025-01-28T22:14:27.518+0000] {processor.py:925} INFO - DAG(s) 'example_nested_branch_dag' retrieved from /home/airflow/.local/lib/python3.12/site-packages/airflow/example_dags/example_nested_branch_dag.py
[2025-01-28T22:14:27.543+0000] {logging_mixin.py:190} INFO - [2025-01-28T22:14:27.542+0000] {dag.py:3239} INFO - Sync 1 DAGs
[2025-01-28T22:14:27.570+0000] {logging_mixin.py:190} INFO - [2025-01-28T22:14:27.570+0000] {dag.py:4180} INFO - Setting next_dagrun for example_nested_branch_dag to 2025-01-27 00:00:00+00:00, run_after=2025-01-28 00:00:00+00:00
[2025-01-28T22:14:27.594+0000] {processor.py:208} INFO - Processing /home/airflow/.local/lib/python3.12/site-packages/airflow/example_dags/example_nested_branch_dag.py took 0.100 seconds
[2025-01-28T22:14:58.139+0000] {processor.py:186} INFO - Started process (PID=783) to work on /home/airflow/.local/lib/python3.12/site-packages/airflow/example_dags/example_nested_branch_dag.py
[2025-01-28T22:14:58.140+0000] {processor.py:914} INFO - Processing file /home/airflow/.local/lib/python3.12/site-packages/airflow/example_dags/example_nested_branch_dag.py for tasks to queue
[2025-01-28T22:14:58.143+0000] {logging_mixin.py:190} INFO - [2025-01-28T22:14:58.143+0000] {dagbag.py:588} INFO - Filling up the DagBag from /home/airflow/.local/lib/python3.12/site-packages/airflow/example_dags/example_nested_branch_dag.py
[2025-01-28T22:14:58.156+0000] {processor.py:925} INFO - DAG(s) 'example_nested_branch_dag' retrieved from /home/airflow/.local/lib/python3.12/site-packages/airflow/example_dags/example_nested_branch_dag.py
[2025-01-28T22:14:58.182+0000] {logging_mixin.py:190} INFO - [2025-01-28T22:14:58.182+0000] {dag.py:3239} INFO - Sync 1 DAGs
[2025-01-28T22:14:58.210+0000] {logging_mixin.py:190} INFO - [2025-01-28T22:14:58.210+0000] {dag.py:4180} INFO - Setting next_dagrun for example_nested_branch_dag to 2025-01-27 00:00:00+00:00, run_after=2025-01-28 00:00:00+00:00
[2025-01-28T22:14:58.234+0000] {processor.py:208} INFO - Processing /home/airflow/.local/lib/python3.12/site-packages/airflow/example_dags/example_nested_branch_dag.py took 0.102 seconds
[2025-01-28T22:15:28.720+0000] {processor.py:186} INFO - Started process (PID=846) to work on /home/airflow/.local/lib/python3.12/site-packages/airflow/example_dags/example_nested_branch_dag.py
[2025-01-28T22:15:28.721+0000] {processor.py:914} INFO - Processing file /home/airflow/.local/lib/python3.12/site-packages/airflow/example_dags/example_nested_branch_dag.py for tasks to queue
[2025-01-28T22:15:28.723+0000] {logging_mixin.py:190} INFO - [2025-01-28T22:15:28.723+0000] {dagbag.py:588} INFO - Filling up the DagBag from /home/airflow/.local/lib/python3.12/site-packages/airflow/example_dags/example_nested_branch_dag.py
[2025-01-28T22:15:28.740+0000] {processor.py:925} INFO - DAG(s) 'example_nested_branch_dag' retrieved from /home/airflow/.local/lib/python3.12/site-packages/airflow/example_dags/example_nested_branch_dag.py
[2025-01-28T22:15:28.764+0000] {logging_mixin.py:190} INFO - [2025-01-28T22:15:28.763+0000] {dag.py:3239} INFO - Sync 1 DAGs
[2025-01-28T22:15:28.791+0000] {logging_mixin.py:190} INFO - [2025-01-28T22:15:28.791+0000] {dag.py:4180} INFO - Setting next_dagrun for example_nested_branch_dag to 2025-01-27 00:00:00+00:00, run_after=2025-01-28 00:00:00+00:00
[2025-01-28T22:15:28.814+0000] {processor.py:208} INFO - Processing /home/airflow/.local/lib/python3.12/site-packages/airflow/example_dags/example_nested_branch_dag.py took 0.101 seconds
[2025-01-28T22:15:59.152+0000] {processor.py:186} INFO - Started process (PID=909) to work on /home/airflow/.local/lib/python3.12/site-packages/airflow/example_dags/example_nested_branch_dag.py
[2025-01-28T22:15:59.154+0000] {processor.py:914} INFO - Processing file /home/airflow/.local/lib/python3.12/site-packages/airflow/example_dags/example_nested_branch_dag.py for tasks to queue
[2025-01-28T22:15:59.157+0000] {logging_mixin.py:190} INFO - [2025-01-28T22:15:59.156+0000] {dagbag.py:588} INFO - Filling up the DagBag from /home/airflow/.local/lib/python3.12/site-packages/airflow/example_dags/example_nested_branch_dag.py
[2025-01-28T22:15:59.170+0000] {processor.py:925} INFO - DAG(s) 'example_nested_branch_dag' retrieved from /home/airflow/.local/lib/python3.12/site-packages/airflow/example_dags/example_nested_branch_dag.py
[2025-01-28T22:15:59.196+0000] {logging_mixin.py:190} INFO - [2025-01-28T22:15:59.196+0000] {dag.py:3239} INFO - Sync 1 DAGs
[2025-01-28T22:15:59.221+0000] {logging_mixin.py:190} INFO - [2025-01-28T22:15:59.221+0000] {dag.py:4180} INFO - Setting next_dagrun for example_nested_branch_dag to 2025-01-27 00:00:00+00:00, run_after=2025-01-28 00:00:00+00:00
[2025-01-28T22:15:59.244+0000] {processor.py:208} INFO - Processing /home/airflow/.local/lib/python3.12/site-packages/airflow/example_dags/example_nested_branch_dag.py took 0.099 seconds
[2025-01-28T22:16:29.821+0000] {processor.py:186} INFO - Started process (PID=973) to work on /home/airflow/.local/lib/python3.12/site-packages/airflow/example_dags/example_nested_branch_dag.py
[2025-01-28T22:16:29.823+0000] {processor.py:914} INFO - Processing file /home/airflow/.local/lib/python3.12/site-packages/airflow/example_dags/example_nested_branch_dag.py for tasks to queue
[2025-01-28T22:16:29.827+0000] {logging_mixin.py:190} INFO - [2025-01-28T22:16:29.827+0000] {dagbag.py:588} INFO - Filling up the DagBag from /home/airflow/.local/lib/python3.12/site-packages/airflow/example_dags/example_nested_branch_dag.py
[2025-01-28T22:16:29.842+0000] {processor.py:925} INFO - DAG(s) 'example_nested_branch_dag' retrieved from /home/airflow/.local/lib/python3.12/site-packages/airflow/example_dags/example_nested_branch_dag.py
[2025-01-28T22:16:29.867+0000] {logging_mixin.py:190} INFO - [2025-01-28T22:16:29.866+0000] {dag.py:3239} INFO - Sync 1 DAGs
[2025-01-28T22:16:29.892+0000] {logging_mixin.py:190} INFO - [2025-01-28T22:16:29.892+0000] {dag.py:4180} INFO - Setting next_dagrun for example_nested_branch_dag to 2025-01-27 00:00:00+00:00, run_after=2025-01-28 00:00:00+00:00
[2025-01-28T22:16:29.924+0000] {processor.py:208} INFO - Processing /home/airflow/.local/lib/python3.12/site-packages/airflow/example_dags/example_nested_branch_dag.py took 0.111 seconds
[2025-01-28T22:17:00.245+0000] {processor.py:186} INFO - Started process (PID=1036) to work on /home/airflow/.local/lib/python3.12/site-packages/airflow/example_dags/example_nested_branch_dag.py
[2025-01-28T22:17:00.247+0000] {processor.py:914} INFO - Processing file /home/airflow/.local/lib/python3.12/site-packages/airflow/example_dags/example_nested_branch_dag.py for tasks to queue
[2025-01-28T22:17:00.250+0000] {logging_mixin.py:190} INFO - [2025-01-28T22:17:00.249+0000] {dagbag.py:588} INFO - Filling up the DagBag from /home/airflow/.local/lib/python3.12/site-packages/airflow/example_dags/example_nested_branch_dag.py
[2025-01-28T22:17:00.263+0000] {processor.py:925} INFO - DAG(s) 'example_nested_branch_dag' retrieved from /home/airflow/.local/lib/python3.12/site-packages/airflow/example_dags/example_nested_branch_dag.py
[2025-01-28T22:17:00.288+0000] {logging_mixin.py:190} INFO - [2025-01-28T22:17:00.288+0000] {dag.py:3239} INFO - Sync 1 DAGs
[2025-01-28T22:17:00.315+0000] {logging_mixin.py:190} INFO - [2025-01-28T22:17:00.314+0000] {dag.py:4180} INFO - Setting next_dagrun for example_nested_branch_dag to 2025-01-27 00:00:00+00:00, run_after=2025-01-28 00:00:00+00:00
[2025-01-28T22:17:00.349+0000] {processor.py:208} INFO - Processing /home/airflow/.local/lib/python3.12/site-packages/airflow/example_dags/example_nested_branch_dag.py took 0.111 seconds
[2025-01-28T22:17:30.599+0000] {processor.py:186} INFO - Started process (PID=1099) to work on /home/airflow/.local/lib/python3.12/site-packages/airflow/example_dags/example_nested_branch_dag.py
[2025-01-28T22:17:30.600+0000] {processor.py:914} INFO - Processing file /home/airflow/.local/lib/python3.12/site-packages/airflow/example_dags/example_nested_branch_dag.py for tasks to queue
[2025-01-28T22:17:30.603+0000] {logging_mixin.py:190} INFO - [2025-01-28T22:17:30.602+0000] {dagbag.py:588} INFO - Filling up the DagBag from /home/airflow/.local/lib/python3.12/site-packages/airflow/example_dags/example_nested_branch_dag.py
[2025-01-28T22:17:30.616+0000] {processor.py:925} INFO - DAG(s) 'example_nested_branch_dag' retrieved from /home/airflow/.local/lib/python3.12/site-packages/airflow/example_dags/example_nested_branch_dag.py
[2025-01-28T22:17:30.639+0000] {logging_mixin.py:190} INFO - [2025-01-28T22:17:30.639+0000] {dag.py:3239} INFO - Sync 1 DAGs
[2025-01-28T22:17:30.666+0000] {logging_mixin.py:190} INFO - [2025-01-28T22:17:30.665+0000] {dag.py:4180} INFO - Setting next_dagrun for example_nested_branch_dag to 2025-01-27 00:00:00+00:00, run_after=2025-01-28 00:00:00+00:00
[2025-01-28T22:17:30.687+0000] {processor.py:208} INFO - Processing /home/airflow/.local/lib/python3.12/site-packages/airflow/example_dags/example_nested_branch_dag.py took 0.095 seconds
[2025-01-28T22:18:01.299+0000] {processor.py:186} INFO - Started process (PID=1162) to work on /home/airflow/.local/lib/python3.12/site-packages/airflow/example_dags/example_nested_branch_dag.py
[2025-01-28T22:18:01.300+0000] {processor.py:914} INFO - Processing file /home/airflow/.local/lib/python3.12/site-packages/airflow/example_dags/example_nested_branch_dag.py for tasks to queue
[2025-01-28T22:18:01.303+0000] {logging_mixin.py:190} INFO - [2025-01-28T22:18:01.303+0000] {dagbag.py:588} INFO - Filling up the DagBag from /home/airflow/.local/lib/python3.12/site-packages/airflow/example_dags/example_nested_branch_dag.py
[2025-01-28T22:18:01.316+0000] {processor.py:925} INFO - DAG(s) 'example_nested_branch_dag' retrieved from /home/airflow/.local/lib/python3.12/site-packages/airflow/example_dags/example_nested_branch_dag.py
[2025-01-28T22:18:01.343+0000] {logging_mixin.py:190} INFO - [2025-01-28T22:18:01.343+0000] {dag.py:3239} INFO - Sync 1 DAGs
[2025-01-28T22:18:01.369+0000] {logging_mixin.py:190} INFO - [2025-01-28T22:18:01.369+0000] {dag.py:4180} INFO - Setting next_dagrun for example_nested_branch_dag to 2025-01-27 00:00:00+00:00, run_after=2025-01-28 00:00:00+00:00
[2025-01-28T22:18:01.393+0000] {processor.py:208} INFO - Processing /home/airflow/.local/lib/python3.12/site-packages/airflow/example_dags/example_nested_branch_dag.py took 0.100 seconds
[2025-01-28T22:18:31.483+0000] {processor.py:186} INFO - Started process (PID=1225) to work on /home/airflow/.local/lib/python3.12/site-packages/airflow/example_dags/example_nested_branch_dag.py
[2025-01-28T22:18:31.485+0000] {processor.py:914} INFO - Processing file /home/airflow/.local/lib/python3.12/site-packages/airflow/example_dags/example_nested_branch_dag.py for tasks to queue
[2025-01-28T22:18:31.488+0000] {logging_mixin.py:190} INFO - [2025-01-28T22:18:31.488+0000] {dagbag.py:588} INFO - Filling up the DagBag from /home/airflow/.local/lib/python3.12/site-packages/airflow/example_dags/example_nested_branch_dag.py
[2025-01-28T22:18:31.501+0000] {processor.py:925} INFO - DAG(s) 'example_nested_branch_dag' retrieved from /home/airflow/.local/lib/python3.12/site-packages/airflow/example_dags/example_nested_branch_dag.py
[2025-01-28T22:18:31.527+0000] {logging_mixin.py:190} INFO - [2025-01-28T22:18:31.527+0000] {dag.py:3239} INFO - Sync 1 DAGs
[2025-01-28T22:18:31.555+0000] {logging_mixin.py:190} INFO - [2025-01-28T22:18:31.555+0000] {dag.py:4180} INFO - Setting next_dagrun for example_nested_branch_dag to 2025-01-27 00:00:00+00:00, run_after=2025-01-28 00:00:00+00:00
[2025-01-28T22:18:31.579+0000] {processor.py:208} INFO - Processing /home/airflow/.local/lib/python3.12/site-packages/airflow/example_dags/example_nested_branch_dag.py took 0.102 seconds
[2025-01-28T22:19:01.676+0000] {processor.py:186} INFO - Started process (PID=1288) to work on /home/airflow/.local/lib/python3.12/site-packages/airflow/example_dags/example_nested_branch_dag.py
[2025-01-28T22:19:01.677+0000] {processor.py:914} INFO - Processing file /home/airflow/.local/lib/python3.12/site-packages/airflow/example_dags/example_nested_branch_dag.py for tasks to queue
[2025-01-28T22:19:01.680+0000] {logging_mixin.py:190} INFO - [2025-01-28T22:19:01.680+0000] {dagbag.py:588} INFO - Filling up the DagBag from /home/airflow/.local/lib/python3.12/site-packages/airflow/example_dags/example_nested_branch_dag.py
[2025-01-28T22:19:01.695+0000] {processor.py:925} INFO - DAG(s) 'example_nested_branch_dag' retrieved from /home/airflow/.local/lib/python3.12/site-packages/airflow/example_dags/example_nested_branch_dag.py
[2025-01-28T22:19:01.720+0000] {logging_mixin.py:190} INFO - [2025-01-28T22:19:01.720+0000] {dag.py:3239} INFO - Sync 1 DAGs
[2025-01-28T22:19:01.750+0000] {logging_mixin.py:190} INFO - [2025-01-28T22:19:01.749+0000] {dag.py:4180} INFO - Setting next_dagrun for example_nested_branch_dag to 2025-01-27 00:00:00+00:00, run_after=2025-01-28 00:00:00+00:00
[2025-01-28T22:19:01.774+0000] {processor.py:208} INFO - Processing /home/airflow/.local/lib/python3.12/site-packages/airflow/example_dags/example_nested_branch_dag.py took 0.105 seconds
[2025-01-28T22:19:31.905+0000] {processor.py:186} INFO - Started process (PID=1351) to work on /home/airflow/.local/lib/python3.12/site-packages/airflow/example_dags/example_nested_branch_dag.py
[2025-01-28T22:19:31.906+0000] {processor.py:914} INFO - Processing file /home/airflow/.local/lib/python3.12/site-packages/airflow/example_dags/example_nested_branch_dag.py for tasks to queue
[2025-01-28T22:19:31.909+0000] {logging_mixin.py:190} INFO - [2025-01-28T22:19:31.909+0000] {dagbag.py:588} INFO - Filling up the DagBag from /home/airflow/.local/lib/python3.12/site-packages/airflow/example_dags/example_nested_branch_dag.py
[2025-01-28T22:19:31.922+0000] {processor.py:925} INFO - DAG(s) 'example_nested_branch_dag' retrieved from /home/airflow/.local/lib/python3.12/site-packages/airflow/example_dags/example_nested_branch_dag.py
[2025-01-28T22:19:31.944+0000] {logging_mixin.py:190} INFO - [2025-01-28T22:19:31.944+0000] {dag.py:3239} INFO - Sync 1 DAGs
[2025-01-28T22:19:31.969+0000] {logging_mixin.py:190} INFO - [2025-01-28T22:19:31.969+0000] {dag.py:4180} INFO - Setting next_dagrun for example_nested_branch_dag to 2025-01-27 00:00:00+00:00, run_after=2025-01-28 00:00:00+00:00
[2025-01-28T22:19:31.991+0000] {processor.py:208} INFO - Processing /home/airflow/.local/lib/python3.12/site-packages/airflow/example_dags/example_nested_branch_dag.py took 0.092 seconds
[2025-01-28T22:20:03.420+0000] {processor.py:186} INFO - Started process (PID=1414) to work on /home/airflow/.local/lib/python3.12/site-packages/airflow/example_dags/example_nested_branch_dag.py
[2025-01-28T22:20:03.421+0000] {processor.py:914} INFO - Processing file /home/airflow/.local/lib/python3.12/site-packages/airflow/example_dags/example_nested_branch_dag.py for tasks to queue
[2025-01-28T22:20:03.424+0000] {logging_mixin.py:190} INFO - [2025-01-28T22:20:03.423+0000] {dagbag.py:588} INFO - Filling up the DagBag from /home/airflow/.local/lib/python3.12/site-packages/airflow/example_dags/example_nested_branch_dag.py
[2025-01-28T22:20:03.437+0000] {processor.py:925} INFO - DAG(s) 'example_nested_branch_dag' retrieved from /home/airflow/.local/lib/python3.12/site-packages/airflow/example_dags/example_nested_branch_dag.py
[2025-01-28T22:20:03.460+0000] {logging_mixin.py:190} INFO - [2025-01-28T22:20:03.459+0000] {dag.py:3239} INFO - Sync 1 DAGs
[2025-01-28T22:20:03.488+0000] {logging_mixin.py:190} INFO - [2025-01-28T22:20:03.488+0000] {dag.py:4180} INFO - Setting next_dagrun for example_nested_branch_dag to 2025-01-27 00:00:00+00:00, run_after=2025-01-28 00:00:00+00:00
[2025-01-28T22:20:03.510+0000] {processor.py:208} INFO - Processing /home/airflow/.local/lib/python3.12/site-packages/airflow/example_dags/example_nested_branch_dag.py took 0.096 seconds
[2025-01-28T22:20:33.845+0000] {processor.py:186} INFO - Started process (PID=1477) to work on /home/airflow/.local/lib/python3.12/site-packages/airflow/example_dags/example_nested_branch_dag.py
[2025-01-28T22:20:33.848+0000] {processor.py:914} INFO - Processing file /home/airflow/.local/lib/python3.12/site-packages/airflow/example_dags/example_nested_branch_dag.py for tasks to queue
[2025-01-28T22:20:33.851+0000] {logging_mixin.py:190} INFO - [2025-01-28T22:20:33.851+0000] {dagbag.py:588} INFO - Filling up the DagBag from /home/airflow/.local/lib/python3.12/site-packages/airflow/example_dags/example_nested_branch_dag.py
[2025-01-28T22:20:33.864+0000] {processor.py:925} INFO - DAG(s) 'example_nested_branch_dag' retrieved from /home/airflow/.local/lib/python3.12/site-packages/airflow/example_dags/example_nested_branch_dag.py
[2025-01-28T22:20:33.888+0000] {logging_mixin.py:190} INFO - [2025-01-28T22:20:33.888+0000] {dag.py:3239} INFO - Sync 1 DAGs
[2025-01-28T22:20:33.914+0000] {logging_mixin.py:190} INFO - [2025-01-28T22:20:33.913+0000] {dag.py:4180} INFO - Setting next_dagrun for example_nested_branch_dag to 2025-01-27 00:00:00+00:00, run_after=2025-01-28 00:00:00+00:00
[2025-01-28T22:20:33.936+0000] {processor.py:208} INFO - Processing /home/airflow/.local/lib/python3.12/site-packages/airflow/example_dags/example_nested_branch_dag.py took 0.098 seconds
[2025-01-28T22:21:05.075+0000] {processor.py:186} INFO - Started process (PID=1533) to work on /home/airflow/.local/lib/python3.12/site-packages/airflow/example_dags/example_nested_branch_dag.py
[2025-01-28T22:21:05.076+0000] {processor.py:914} INFO - Processing file /home/airflow/.local/lib/python3.12/site-packages/airflow/example_dags/example_nested_branch_dag.py for tasks to queue
[2025-01-28T22:21:05.079+0000] {logging_mixin.py:190} INFO - [2025-01-28T22:21:05.079+0000] {dagbag.py:588} INFO - Filling up the DagBag from /home/airflow/.local/lib/python3.12/site-packages/airflow/example_dags/example_nested_branch_dag.py
[2025-01-28T22:21:05.093+0000] {processor.py:925} INFO - DAG(s) 'example_nested_branch_dag' retrieved from /home/airflow/.local/lib/python3.12/site-packages/airflow/example_dags/example_nested_branch_dag.py
[2025-01-28T22:21:05.120+0000] {logging_mixin.py:190} INFO - [2025-01-28T22:21:05.120+0000] {dag.py:3239} INFO - Sync 1 DAGs
[2025-01-28T22:21:05.149+0000] {logging_mixin.py:190} INFO - [2025-01-28T22:21:05.149+0000] {dag.py:4180} INFO - Setting next_dagrun for example_nested_branch_dag to 2025-01-27 00:00:00+00:00, run_after=2025-01-28 00:00:00+00:00
[2025-01-28T22:21:05.178+0000] {processor.py:208} INFO - Processing /home/airflow/.local/lib/python3.12/site-packages/airflow/example_dags/example_nested_branch_dag.py took 0.110 seconds
[2025-01-28T22:21:35.948+0000] {processor.py:186} INFO - Started process (PID=1596) to work on /home/airflow/.local/lib/python3.12/site-packages/airflow/example_dags/example_nested_branch_dag.py
[2025-01-28T22:21:35.950+0000] {processor.py:914} INFO - Processing file /home/airflow/.local/lib/python3.12/site-packages/airflow/example_dags/example_nested_branch_dag.py for tasks to queue
[2025-01-28T22:21:35.954+0000] {logging_mixin.py:190} INFO - [2025-01-28T22:21:35.954+0000] {dagbag.py:588} INFO - Filling up the DagBag from /home/airflow/.local/lib/python3.12/site-packages/airflow/example_dags/example_nested_branch_dag.py
[2025-01-28T22:21:35.968+0000] {processor.py:925} INFO - DAG(s) 'example_nested_branch_dag' retrieved from /home/airflow/.local/lib/python3.12/site-packages/airflow/example_dags/example_nested_branch_dag.py
[2025-01-28T22:21:35.993+0000] {logging_mixin.py:190} INFO - [2025-01-28T22:21:35.993+0000] {dag.py:3239} INFO - Sync 1 DAGs
[2025-01-28T22:21:36.019+0000] {logging_mixin.py:190} INFO - [2025-01-28T22:21:36.019+0000] {dag.py:4180} INFO - Setting next_dagrun for example_nested_branch_dag to 2025-01-27 00:00:00+00:00, run_after=2025-01-28 00:00:00+00:00
[2025-01-28T22:21:36.051+0000] {processor.py:208} INFO - Processing /home/airflow/.local/lib/python3.12/site-packages/airflow/example_dags/example_nested_branch_dag.py took 0.109 seconds
[2025-01-28T22:22:07.370+0000] {processor.py:186} INFO - Started process (PID=1659) to work on /home/airflow/.local/lib/python3.12/site-packages/airflow/example_dags/example_nested_branch_dag.py
[2025-01-28T22:22:07.371+0000] {processor.py:914} INFO - Processing file /home/airflow/.local/lib/python3.12/site-packages/airflow/example_dags/example_nested_branch_dag.py for tasks to queue
[2025-01-28T22:22:07.374+0000] {logging_mixin.py:190} INFO - [2025-01-28T22:22:07.374+0000] {dagbag.py:588} INFO - Filling up the DagBag from /home/airflow/.local/lib/python3.12/site-packages/airflow/example_dags/example_nested_branch_dag.py
[2025-01-28T22:22:07.386+0000] {processor.py:925} INFO - DAG(s) 'example_nested_branch_dag' retrieved from /home/airflow/.local/lib/python3.12/site-packages/airflow/example_dags/example_nested_branch_dag.py
[2025-01-28T22:22:07.408+0000] {logging_mixin.py:190} INFO - [2025-01-28T22:22:07.408+0000] {dag.py:3239} INFO - Sync 1 DAGs
[2025-01-28T22:22:07.435+0000] {logging_mixin.py:190} INFO - [2025-01-28T22:22:07.434+0000] {dag.py:4180} INFO - Setting next_dagrun for example_nested_branch_dag to 2025-01-27 00:00:00+00:00, run_after=2025-01-28 00:00:00+00:00
[2025-01-28T22:22:07.466+0000] {processor.py:208} INFO - Processing /home/airflow/.local/lib/python3.12/site-packages/airflow/example_dags/example_nested_branch_dag.py took 0.102 seconds
[2025-01-28T22:22:38.771+0000] {processor.py:186} INFO - Started process (PID=1722) to work on /home/airflow/.local/lib/python3.12/site-packages/airflow/example_dags/example_nested_branch_dag.py
[2025-01-28T22:22:38.772+0000] {processor.py:914} INFO - Processing file /home/airflow/.local/lib/python3.12/site-packages/airflow/example_dags/example_nested_branch_dag.py for tasks to queue
[2025-01-28T22:22:38.775+0000] {logging_mixin.py:190} INFO - [2025-01-28T22:22:38.775+0000] {dagbag.py:588} INFO - Filling up the DagBag from /home/airflow/.local/lib/python3.12/site-packages/airflow/example_dags/example_nested_branch_dag.py
[2025-01-28T22:22:38.788+0000] {processor.py:925} INFO - DAG(s) 'example_nested_branch_dag' retrieved from /home/airflow/.local/lib/python3.12/site-packages/airflow/example_dags/example_nested_branch_dag.py
[2025-01-28T22:22:38.813+0000] {logging_mixin.py:190} INFO - [2025-01-28T22:22:38.813+0000] {dag.py:3239} INFO - Sync 1 DAGs
[2025-01-28T22:22:38.841+0000] {logging_mixin.py:190} INFO - [2025-01-28T22:22:38.841+0000] {dag.py:4180} INFO - Setting next_dagrun for example_nested_branch_dag to 2025-01-27 00:00:00+00:00, run_after=2025-01-28 00:00:00+00:00
[2025-01-28T22:22:38.864+0000] {processor.py:208} INFO - Processing /home/airflow/.local/lib/python3.12/site-packages/airflow/example_dags/example_nested_branch_dag.py took 0.099 seconds
[2025-01-28T22:23:10.723+0000] {processor.py:186} INFO - Started process (PID=1785) to work on /home/airflow/.local/lib/python3.12/site-packages/airflow/example_dags/example_nested_branch_dag.py
[2025-01-28T22:23:10.724+0000] {processor.py:914} INFO - Processing file /home/airflow/.local/lib/python3.12/site-packages/airflow/example_dags/example_nested_branch_dag.py for tasks to queue
[2025-01-28T22:23:10.727+0000] {logging_mixin.py:190} INFO - [2025-01-28T22:23:10.727+0000] {dagbag.py:588} INFO - Filling up the DagBag from /home/airflow/.local/lib/python3.12/site-packages/airflow/example_dags/example_nested_branch_dag.py
[2025-01-28T22:23:10.740+0000] {processor.py:925} INFO - DAG(s) 'example_nested_branch_dag' retrieved from /home/airflow/.local/lib/python3.12/site-packages/airflow/example_dags/example_nested_branch_dag.py
[2025-01-28T22:23:10.763+0000] {logging_mixin.py:190} INFO - [2025-01-28T22:23:10.763+0000] {dag.py:3239} INFO - Sync 1 DAGs
[2025-01-28T22:23:10.791+0000] {logging_mixin.py:190} INFO - [2025-01-28T22:23:10.791+0000] {dag.py:4180} INFO - Setting next_dagrun for example_nested_branch_dag to 2025-01-27 00:00:00+00:00, run_after=2025-01-28 00:00:00+00:00
[2025-01-28T22:23:10.814+0000] {processor.py:208} INFO - Processing /home/airflow/.local/lib/python3.12/site-packages/airflow/example_dags/example_nested_branch_dag.py took 0.097 seconds
[2025-01-28T22:23:42.266+0000] {processor.py:186} INFO - Started process (PID=1848) to work on /home/airflow/.local/lib/python3.12/site-packages/airflow/example_dags/example_nested_branch_dag.py
[2025-01-28T22:23:42.268+0000] {processor.py:914} INFO - Processing file /home/airflow/.local/lib/python3.12/site-packages/airflow/example_dags/example_nested_branch_dag.py for tasks to queue
[2025-01-28T22:23:42.271+0000] {logging_mixin.py:190} INFO - [2025-01-28T22:23:42.270+0000] {dagbag.py:588} INFO - Filling up the DagBag from /home/airflow/.local/lib/python3.12/site-packages/airflow/example_dags/example_nested_branch_dag.py
[2025-01-28T22:23:42.284+0000] {processor.py:925} INFO - DAG(s) 'example_nested_branch_dag' retrieved from /home/airflow/.local/lib/python3.12/site-packages/airflow/example_dags/example_nested_branch_dag.py
[2025-01-28T22:23:42.307+0000] {logging_mixin.py:190} INFO - [2025-01-28T22:23:42.307+0000] {dag.py:3239} INFO - Sync 1 DAGs
[2025-01-28T22:23:42.336+0000] {logging_mixin.py:190} INFO - [2025-01-28T22:23:42.335+0000] {dag.py:4180} INFO - Setting next_dagrun for example_nested_branch_dag to 2025-01-27 00:00:00+00:00, run_after=2025-01-28 00:00:00+00:00
[2025-01-28T22:23:42.358+0000] {processor.py:208} INFO - Processing /home/airflow/.local/lib/python3.12/site-packages/airflow/example_dags/example_nested_branch_dag.py took 0.099 seconds
[2025-01-28T22:24:13.299+0000] {processor.py:186} INFO - Started process (PID=1911) to work on /home/airflow/.local/lib/python3.12/site-packages/airflow/example_dags/example_nested_branch_dag.py
[2025-01-28T22:24:13.300+0000] {processor.py:914} INFO - Processing file /home/airflow/.local/lib/python3.12/site-packages/airflow/example_dags/example_nested_branch_dag.py for tasks to queue
[2025-01-28T22:24:13.304+0000] {logging_mixin.py:190} INFO - [2025-01-28T22:24:13.304+0000] {dagbag.py:588} INFO - Filling up the DagBag from /home/airflow/.local/lib/python3.12/site-packages/airflow/example_dags/example_nested_branch_dag.py
[2025-01-28T22:24:13.317+0000] {processor.py:925} INFO - DAG(s) 'example_nested_branch_dag' retrieved from /home/airflow/.local/lib/python3.12/site-packages/airflow/example_dags/example_nested_branch_dag.py
[2025-01-28T22:24:13.343+0000] {logging_mixin.py:190} INFO - [2025-01-28T22:24:13.343+0000] {dag.py:3239} INFO - Sync 1 DAGs
[2025-01-28T22:24:13.370+0000] {logging_mixin.py:190} INFO - [2025-01-28T22:24:13.370+0000] {dag.py:4180} INFO - Setting next_dagrun for example_nested_branch_dag to 2025-01-27 00:00:00+00:00, run_after=2025-01-28 00:00:00+00:00
[2025-01-28T22:24:13.399+0000] {processor.py:208} INFO - Processing /home/airflow/.local/lib/python3.12/site-packages/airflow/example_dags/example_nested_branch_dag.py took 0.106 seconds
[2025-01-28T22:24:44.771+0000] {processor.py:186} INFO - Started process (PID=1974) to work on /home/airflow/.local/lib/python3.12/site-packages/airflow/example_dags/example_nested_branch_dag.py
[2025-01-28T22:24:44.773+0000] {processor.py:914} INFO - Processing file /home/airflow/.local/lib/python3.12/site-packages/airflow/example_dags/example_nested_branch_dag.py for tasks to queue
[2025-01-28T22:24:44.776+0000] {logging_mixin.py:190} INFO - [2025-01-28T22:24:44.776+0000] {dagbag.py:588} INFO - Filling up the DagBag from /home/airflow/.local/lib/python3.12/site-packages/airflow/example_dags/example_nested_branch_dag.py
[2025-01-28T22:24:44.790+0000] {processor.py:925} INFO - DAG(s) 'example_nested_branch_dag' retrieved from /home/airflow/.local/lib/python3.12/site-packages/airflow/example_dags/example_nested_branch_dag.py
[2025-01-28T22:24:44.821+0000] {logging_mixin.py:190} INFO - [2025-01-28T22:24:44.820+0000] {dag.py:3239} INFO - Sync 1 DAGs
[2025-01-28T22:24:44.848+0000] {logging_mixin.py:190} INFO - [2025-01-28T22:24:44.848+0000] {dag.py:4180} INFO - Setting next_dagrun for example_nested_branch_dag to 2025-01-27 00:00:00+00:00, run_after=2025-01-28 00:00:00+00:00
[2025-01-28T22:24:44.872+0000] {processor.py:208} INFO - Processing /home/airflow/.local/lib/python3.12/site-packages/airflow/example_dags/example_nested_branch_dag.py took 0.107 seconds
[2025-01-28T22:25:15.685+0000] {processor.py:186} INFO - Started process (PID=2037) to work on /home/airflow/.local/lib/python3.12/site-packages/airflow/example_dags/example_nested_branch_dag.py
[2025-01-28T22:25:15.687+0000] {processor.py:914} INFO - Processing file /home/airflow/.local/lib/python3.12/site-packages/airflow/example_dags/example_nested_branch_dag.py for tasks to queue
[2025-01-28T22:25:15.690+0000] {logging_mixin.py:190} INFO - [2025-01-28T22:25:15.689+0000] {dagbag.py:588} INFO - Filling up the DagBag from /home/airflow/.local/lib/python3.12/site-packages/airflow/example_dags/example_nested_branch_dag.py
[2025-01-28T22:25:15.703+0000] {processor.py:925} INFO - DAG(s) 'example_nested_branch_dag' retrieved from /home/airflow/.local/lib/python3.12/site-packages/airflow/example_dags/example_nested_branch_dag.py
[2025-01-28T22:25:15.727+0000] {logging_mixin.py:190} INFO - [2025-01-28T22:25:15.727+0000] {dag.py:3239} INFO - Sync 1 DAGs
[2025-01-28T22:25:15.754+0000] {logging_mixin.py:190} INFO - [2025-01-28T22:25:15.754+0000] {dag.py:4180} INFO - Setting next_dagrun for example_nested_branch_dag to 2025-01-27 00:00:00+00:00, run_after=2025-01-28 00:00:00+00:00
[2025-01-28T22:25:15.781+0000] {processor.py:208} INFO - Processing /home/airflow/.local/lib/python3.12/site-packages/airflow/example_dags/example_nested_branch_dag.py took 0.102 seconds
[2025-01-28T22:28:44.503+0000] {processor.py:186} INFO - Started process (PID=96) to work on /home/airflow/.local/lib/python3.12/site-packages/airflow/example_dags/example_nested_branch_dag.py
[2025-01-28T22:28:44.504+0000] {processor.py:914} INFO - Processing file /home/airflow/.local/lib/python3.12/site-packages/airflow/example_dags/example_nested_branch_dag.py for tasks to queue
[2025-01-28T22:28:44.507+0000] {logging_mixin.py:190} INFO - [2025-01-28T22:28:44.506+0000] {dagbag.py:588} INFO - Filling up the DagBag from /home/airflow/.local/lib/python3.12/site-packages/airflow/example_dags/example_nested_branch_dag.py
[2025-01-28T22:28:44.520+0000] {processor.py:925} INFO - DAG(s) 'example_nested_branch_dag' retrieved from /home/airflow/.local/lib/python3.12/site-packages/airflow/example_dags/example_nested_branch_dag.py
[2025-01-28T22:28:44.551+0000] {logging_mixin.py:190} INFO - [2025-01-28T22:28:44.551+0000] {dag.py:3239} INFO - Sync 1 DAGs
[2025-01-28T22:28:44.577+0000] {logging_mixin.py:190} INFO - [2025-01-28T22:28:44.577+0000] {dag.py:4180} INFO - Setting next_dagrun for example_nested_branch_dag to 2025-01-27 00:00:00+00:00, run_after=2025-01-28 00:00:00+00:00
[2025-01-28T22:28:44.618+0000] {processor.py:208} INFO - Processing /home/airflow/.local/lib/python3.12/site-packages/airflow/example_dags/example_nested_branch_dag.py took 0.121 seconds
[2025-01-28T22:29:15.035+0000] {processor.py:186} INFO - Started process (PID=159) to work on /home/airflow/.local/lib/python3.12/site-packages/airflow/example_dags/example_nested_branch_dag.py
[2025-01-28T22:29:15.037+0000] {processor.py:914} INFO - Processing file /home/airflow/.local/lib/python3.12/site-packages/airflow/example_dags/example_nested_branch_dag.py for tasks to queue
[2025-01-28T22:29:15.040+0000] {logging_mixin.py:190} INFO - [2025-01-28T22:29:15.040+0000] {dagbag.py:588} INFO - Filling up the DagBag from /home/airflow/.local/lib/python3.12/site-packages/airflow/example_dags/example_nested_branch_dag.py
[2025-01-28T22:29:15.053+0000] {processor.py:925} INFO - DAG(s) 'example_nested_branch_dag' retrieved from /home/airflow/.local/lib/python3.12/site-packages/airflow/example_dags/example_nested_branch_dag.py
[2025-01-28T22:29:15.076+0000] {logging_mixin.py:190} INFO - [2025-01-28T22:29:15.076+0000] {dag.py:3239} INFO - Sync 1 DAGs
[2025-01-28T22:29:15.104+0000] {logging_mixin.py:190} INFO - [2025-01-28T22:29:15.103+0000] {dag.py:4180} INFO - Setting next_dagrun for example_nested_branch_dag to 2025-01-27 00:00:00+00:00, run_after=2025-01-28 00:00:00+00:00
[2025-01-28T22:29:15.125+0000] {processor.py:208} INFO - Processing /home/airflow/.local/lib/python3.12/site-packages/airflow/example_dags/example_nested_branch_dag.py took 0.096 seconds
[2025-01-28T22:29:45.567+0000] {processor.py:186} INFO - Started process (PID=222) to work on /home/airflow/.local/lib/python3.12/site-packages/airflow/example_dags/example_nested_branch_dag.py
[2025-01-28T22:29:45.569+0000] {processor.py:914} INFO - Processing file /home/airflow/.local/lib/python3.12/site-packages/airflow/example_dags/example_nested_branch_dag.py for tasks to queue
[2025-01-28T22:29:45.572+0000] {logging_mixin.py:190} INFO - [2025-01-28T22:29:45.571+0000] {dagbag.py:588} INFO - Filling up the DagBag from /home/airflow/.local/lib/python3.12/site-packages/airflow/example_dags/example_nested_branch_dag.py
[2025-01-28T22:29:45.585+0000] {processor.py:925} INFO - DAG(s) 'example_nested_branch_dag' retrieved from /home/airflow/.local/lib/python3.12/site-packages/airflow/example_dags/example_nested_branch_dag.py
[2025-01-28T22:29:45.609+0000] {logging_mixin.py:190} INFO - [2025-01-28T22:29:45.609+0000] {dag.py:3239} INFO - Sync 1 DAGs
[2025-01-28T22:29:45.637+0000] {logging_mixin.py:190} INFO - [2025-01-28T22:29:45.636+0000] {dag.py:4180} INFO - Setting next_dagrun for example_nested_branch_dag to 2025-01-27 00:00:00+00:00, run_after=2025-01-28 00:00:00+00:00
[2025-01-28T22:29:45.658+0000] {processor.py:208} INFO - Processing /home/airflow/.local/lib/python3.12/site-packages/airflow/example_dags/example_nested_branch_dag.py took 0.097 seconds
[2025-01-28T22:30:15.914+0000] {processor.py:186} INFO - Started process (PID=284) to work on /home/airflow/.local/lib/python3.12/site-packages/airflow/example_dags/example_nested_branch_dag.py
[2025-01-28T22:30:15.916+0000] {processor.py:914} INFO - Processing file /home/airflow/.local/lib/python3.12/site-packages/airflow/example_dags/example_nested_branch_dag.py for tasks to queue
[2025-01-28T22:30:15.919+0000] {logging_mixin.py:190} INFO - [2025-01-28T22:30:15.918+0000] {dagbag.py:588} INFO - Filling up the DagBag from /home/airflow/.local/lib/python3.12/site-packages/airflow/example_dags/example_nested_branch_dag.py
[2025-01-28T22:30:15.931+0000] {processor.py:925} INFO - DAG(s) 'example_nested_branch_dag' retrieved from /home/airflow/.local/lib/python3.12/site-packages/airflow/example_dags/example_nested_branch_dag.py
[2025-01-28T22:30:15.955+0000] {logging_mixin.py:190} INFO - [2025-01-28T22:30:15.955+0000] {dag.py:3239} INFO - Sync 1 DAGs
[2025-01-28T22:30:15.982+0000] {logging_mixin.py:190} INFO - [2025-01-28T22:30:15.982+0000] {dag.py:4180} INFO - Setting next_dagrun for example_nested_branch_dag to 2025-01-27 00:00:00+00:00, run_after=2025-01-28 00:00:00+00:00
[2025-01-28T22:30:16.011+0000] {processor.py:208} INFO - Processing /home/airflow/.local/lib/python3.12/site-packages/airflow/example_dags/example_nested_branch_dag.py took 0.104 seconds
[2025-01-28T22:30:46.341+0000] {processor.py:186} INFO - Started process (PID=347) to work on /home/airflow/.local/lib/python3.12/site-packages/airflow/example_dags/example_nested_branch_dag.py
[2025-01-28T22:30:46.343+0000] {processor.py:914} INFO - Processing file /home/airflow/.local/lib/python3.12/site-packages/airflow/example_dags/example_nested_branch_dag.py for tasks to queue
[2025-01-28T22:30:46.346+0000] {logging_mixin.py:190} INFO - [2025-01-28T22:30:46.345+0000] {dagbag.py:588} INFO - Filling up the DagBag from /home/airflow/.local/lib/python3.12/site-packages/airflow/example_dags/example_nested_branch_dag.py
[2025-01-28T22:30:46.359+0000] {processor.py:925} INFO - DAG(s) 'example_nested_branch_dag' retrieved from /home/airflow/.local/lib/python3.12/site-packages/airflow/example_dags/example_nested_branch_dag.py
[2025-01-28T22:30:46.383+0000] {logging_mixin.py:190} INFO - [2025-01-28T22:30:46.383+0000] {dag.py:3239} INFO - Sync 1 DAGs
[2025-01-28T22:30:46.411+0000] {logging_mixin.py:190} INFO - [2025-01-28T22:30:46.411+0000] {dag.py:4180} INFO - Setting next_dagrun for example_nested_branch_dag to 2025-01-27 00:00:00+00:00, run_after=2025-01-28 00:00:00+00:00
[2025-01-28T22:30:46.447+0000] {processor.py:208} INFO - Processing /home/airflow/.local/lib/python3.12/site-packages/airflow/example_dags/example_nested_branch_dag.py took 0.112 seconds
