[2025-01-28T22:09:22.860+0000] {processor.py:186} INFO - Started process (PID=97) to work on /home/airflow/.local/lib/python3.12/site-packages/airflow/example_dags/example_branch_operator.py
[2025-01-28T22:09:22.862+0000] {processor.py:914} INFO - Processing file /home/airflow/.local/lib/python3.12/site-packages/airflow/example_dags/example_branch_operator.py for tasks to queue
[2025-01-28T22:09:22.865+0000] {logging_mixin.py:190} INFO - [2025-01-28T22:09:22.864+0000] {dagbag.py:588} INFO - Filling up the DagBag from /home/airflow/.local/lib/python3.12/site-packages/airflow/example_dags/example_branch_operator.py
[2025-01-28T22:09:22.895+0000] {processor.py:925} INFO - DAG(s) 'example_branch_operator' retrieved from /home/airflow/.local/lib/python3.12/site-packages/airflow/example_dags/example_branch_operator.py
[2025-01-28T22:09:23.030+0000] {logging_mixin.py:190} INFO - [2025-01-28T22:09:23.029+0000] {override.py:1911} INFO - Created Permission View: can delete on DAG:example_branch_operator
[2025-01-28T22:09:23.044+0000] {logging_mixin.py:190} INFO - [2025-01-28T22:09:23.043+0000] {override.py:1911} INFO - Created Permission View: can edit on DAG:example_branch_operator
[2025-01-28T22:09:23.054+0000] {logging_mixin.py:190} INFO - [2025-01-28T22:09:23.054+0000] {override.py:1911} INFO - Created Permission View: can read on DAG:example_branch_operator
[2025-01-28T22:09:23.065+0000] {logging_mixin.py:190} INFO - [2025-01-28T22:09:23.065+0000] {override.py:1911} INFO - Created Permission View: can create on DAG Run:example_branch_operator
[2025-01-28T22:09:23.073+0000] {logging_mixin.py:190} INFO - [2025-01-28T22:09:23.073+0000] {override.py:1911} INFO - Created Permission View: can delete on DAG Run:example_branch_operator
[2025-01-28T22:09:23.084+0000] {logging_mixin.py:190} INFO - [2025-01-28T22:09:23.083+0000] {override.py:1911} INFO - Created Permission View: menu access on DAG Run:example_branch_operator
[2025-01-28T22:09:23.096+0000] {logging_mixin.py:190} INFO - [2025-01-28T22:09:23.096+0000] {override.py:1911} INFO - Created Permission View: can read on DAG Run:example_branch_operator
[2025-01-28T22:09:23.098+0000] {logging_mixin.py:190} INFO - [2025-01-28T22:09:23.097+0000] {dag.py:3239} INFO - Sync 1 DAGs
[2025-01-28T22:09:23.113+0000] {logging_mixin.py:190} INFO - [2025-01-28T22:09:23.113+0000] {dag.py:3262} INFO - Creating ORM DAG for example_branch_operator
[2025-01-28T22:09:23.126+0000] {logging_mixin.py:190} INFO - [2025-01-28T22:09:23.126+0000] {dag.py:4180} INFO - Setting next_dagrun for example_branch_operator to 2025-01-27 00:00:00+00:00, run_after=2025-01-28 00:00:00+00:00
[2025-01-28T22:09:23.148+0000] {processor.py:208} INFO - Processing /home/airflow/.local/lib/python3.12/site-packages/airflow/example_dags/example_branch_operator.py took 0.295 seconds
[2025-01-28T22:09:53.564+0000] {processor.py:186} INFO - Started process (PID=160) to work on /home/airflow/.local/lib/python3.12/site-packages/airflow/example_dags/example_branch_operator.py
[2025-01-28T22:09:53.565+0000] {processor.py:914} INFO - Processing file /home/airflow/.local/lib/python3.12/site-packages/airflow/example_dags/example_branch_operator.py for tasks to queue
[2025-01-28T22:09:53.569+0000] {logging_mixin.py:190} INFO - [2025-01-28T22:09:53.568+0000] {dagbag.py:588} INFO - Filling up the DagBag from /home/airflow/.local/lib/python3.12/site-packages/airflow/example_dags/example_branch_operator.py
[2025-01-28T22:09:53.589+0000] {processor.py:925} INFO - DAG(s) 'example_branch_operator' retrieved from /home/airflow/.local/lib/python3.12/site-packages/airflow/example_dags/example_branch_operator.py
[2025-01-28T22:09:53.622+0000] {logging_mixin.py:190} INFO - [2025-01-28T22:09:53.622+0000] {dag.py:3239} INFO - Sync 1 DAGs
[2025-01-28T22:09:53.651+0000] {logging_mixin.py:190} INFO - [2025-01-28T22:09:53.650+0000] {dag.py:4180} INFO - Setting next_dagrun for example_branch_operator to 2025-01-27 00:00:00+00:00, run_after=2025-01-28 00:00:00+00:00
[2025-01-28T22:09:53.674+0000] {processor.py:208} INFO - Processing /home/airflow/.local/lib/python3.12/site-packages/airflow/example_dags/example_branch_operator.py took 0.115 seconds
[2025-01-28T22:10:23.973+0000] {processor.py:186} INFO - Started process (PID=217) to work on /home/airflow/.local/lib/python3.12/site-packages/airflow/example_dags/example_branch_operator.py
[2025-01-28T22:10:23.978+0000] {processor.py:914} INFO - Processing file /home/airflow/.local/lib/python3.12/site-packages/airflow/example_dags/example_branch_operator.py for tasks to queue
[2025-01-28T22:10:23.981+0000] {logging_mixin.py:190} INFO - [2025-01-28T22:10:23.980+0000] {dagbag.py:588} INFO - Filling up the DagBag from /home/airflow/.local/lib/python3.12/site-packages/airflow/example_dags/example_branch_operator.py
[2025-01-28T22:10:24.002+0000] {processor.py:925} INFO - DAG(s) 'example_branch_operator' retrieved from /home/airflow/.local/lib/python3.12/site-packages/airflow/example_dags/example_branch_operator.py
[2025-01-28T22:10:24.034+0000] {logging_mixin.py:190} INFO - [2025-01-28T22:10:24.034+0000] {dag.py:3239} INFO - Sync 1 DAGs
[2025-01-28T22:10:24.065+0000] {logging_mixin.py:190} INFO - [2025-01-28T22:10:24.064+0000] {dag.py:4180} INFO - Setting next_dagrun for example_branch_operator to 2025-01-27 00:00:00+00:00, run_after=2025-01-28 00:00:00+00:00
[2025-01-28T22:10:24.087+0000] {processor.py:208} INFO - Processing /home/airflow/.local/lib/python3.12/site-packages/airflow/example_dags/example_branch_operator.py took 0.119 seconds
[2025-01-28T22:10:54.308+0000] {processor.py:186} INFO - Started process (PID=280) to work on /home/airflow/.local/lib/python3.12/site-packages/airflow/example_dags/example_branch_operator.py
[2025-01-28T22:10:54.309+0000] {processor.py:914} INFO - Processing file /home/airflow/.local/lib/python3.12/site-packages/airflow/example_dags/example_branch_operator.py for tasks to queue
[2025-01-28T22:10:54.311+0000] {logging_mixin.py:190} INFO - [2025-01-28T22:10:54.311+0000] {dagbag.py:588} INFO - Filling up the DagBag from /home/airflow/.local/lib/python3.12/site-packages/airflow/example_dags/example_branch_operator.py
[2025-01-28T22:10:54.331+0000] {processor.py:925} INFO - DAG(s) 'example_branch_operator' retrieved from /home/airflow/.local/lib/python3.12/site-packages/airflow/example_dags/example_branch_operator.py
[2025-01-28T22:10:54.362+0000] {logging_mixin.py:190} INFO - [2025-01-28T22:10:54.362+0000] {dag.py:3239} INFO - Sync 1 DAGs
[2025-01-28T22:10:54.390+0000] {logging_mixin.py:190} INFO - [2025-01-28T22:10:54.389+0000] {dag.py:4180} INFO - Setting next_dagrun for example_branch_operator to 2025-01-27 00:00:00+00:00, run_after=2025-01-28 00:00:00+00:00
[2025-01-28T22:10:54.410+0000] {processor.py:208} INFO - Processing /home/airflow/.local/lib/python3.12/site-packages/airflow/example_dags/example_branch_operator.py took 0.108 seconds
[2025-01-28T22:11:24.571+0000] {processor.py:186} INFO - Started process (PID=343) to work on /home/airflow/.local/lib/python3.12/site-packages/airflow/example_dags/example_branch_operator.py
[2025-01-28T22:11:24.572+0000] {processor.py:914} INFO - Processing file /home/airflow/.local/lib/python3.12/site-packages/airflow/example_dags/example_branch_operator.py for tasks to queue
[2025-01-28T22:11:24.575+0000] {logging_mixin.py:190} INFO - [2025-01-28T22:11:24.574+0000] {dagbag.py:588} INFO - Filling up the DagBag from /home/airflow/.local/lib/python3.12/site-packages/airflow/example_dags/example_branch_operator.py
[2025-01-28T22:11:24.594+0000] {processor.py:925} INFO - DAG(s) 'example_branch_operator' retrieved from /home/airflow/.local/lib/python3.12/site-packages/airflow/example_dags/example_branch_operator.py
[2025-01-28T22:11:24.627+0000] {logging_mixin.py:190} INFO - [2025-01-28T22:11:24.627+0000] {dag.py:3239} INFO - Sync 1 DAGs
[2025-01-28T22:11:24.653+0000] {logging_mixin.py:190} INFO - [2025-01-28T22:11:24.652+0000] {dag.py:4180} INFO - Setting next_dagrun for example_branch_operator to 2025-01-27 00:00:00+00:00, run_after=2025-01-28 00:00:00+00:00
[2025-01-28T22:11:24.675+0000] {processor.py:208} INFO - Processing /home/airflow/.local/lib/python3.12/site-packages/airflow/example_dags/example_branch_operator.py took 0.110 seconds
[2025-01-28T22:11:55.463+0000] {processor.py:186} INFO - Started process (PID=406) to work on /home/airflow/.local/lib/python3.12/site-packages/airflow/example_dags/example_branch_operator.py
[2025-01-28T22:11:55.464+0000] {processor.py:914} INFO - Processing file /home/airflow/.local/lib/python3.12/site-packages/airflow/example_dags/example_branch_operator.py for tasks to queue
[2025-01-28T22:11:55.467+0000] {logging_mixin.py:190} INFO - [2025-01-28T22:11:55.466+0000] {dagbag.py:588} INFO - Filling up the DagBag from /home/airflow/.local/lib/python3.12/site-packages/airflow/example_dags/example_branch_operator.py
[2025-01-28T22:11:55.486+0000] {processor.py:925} INFO - DAG(s) 'example_branch_operator' retrieved from /home/airflow/.local/lib/python3.12/site-packages/airflow/example_dags/example_branch_operator.py
[2025-01-28T22:11:55.524+0000] {logging_mixin.py:190} INFO - [2025-01-28T22:11:55.524+0000] {dag.py:3239} INFO - Sync 1 DAGs
[2025-01-28T22:11:55.551+0000] {logging_mixin.py:190} INFO - [2025-01-28T22:11:55.551+0000] {dag.py:4180} INFO - Setting next_dagrun for example_branch_operator to 2025-01-27 00:00:00+00:00, run_after=2025-01-28 00:00:00+00:00
[2025-01-28T22:11:55.574+0000] {processor.py:208} INFO - Processing /home/airflow/.local/lib/python3.12/site-packages/airflow/example_dags/example_branch_operator.py took 0.122 seconds
[2025-01-28T22:12:25.702+0000] {processor.py:186} INFO - Started process (PID=469) to work on /home/airflow/.local/lib/python3.12/site-packages/airflow/example_dags/example_branch_operator.py
[2025-01-28T22:12:25.704+0000] {processor.py:914} INFO - Processing file /home/airflow/.local/lib/python3.12/site-packages/airflow/example_dags/example_branch_operator.py for tasks to queue
[2025-01-28T22:12:25.707+0000] {logging_mixin.py:190} INFO - [2025-01-28T22:12:25.706+0000] {dagbag.py:588} INFO - Filling up the DagBag from /home/airflow/.local/lib/python3.12/site-packages/airflow/example_dags/example_branch_operator.py
[2025-01-28T22:12:25.730+0000] {processor.py:925} INFO - DAG(s) 'example_branch_operator' retrieved from /home/airflow/.local/lib/python3.12/site-packages/airflow/example_dags/example_branch_operator.py
[2025-01-28T22:12:25.760+0000] {logging_mixin.py:190} INFO - [2025-01-28T22:12:25.760+0000] {dag.py:3239} INFO - Sync 1 DAGs
[2025-01-28T22:12:25.786+0000] {logging_mixin.py:190} INFO - [2025-01-28T22:12:25.786+0000] {dag.py:4180} INFO - Setting next_dagrun for example_branch_operator to 2025-01-27 00:00:00+00:00, run_after=2025-01-28 00:00:00+00:00
[2025-01-28T22:12:25.810+0000] {processor.py:208} INFO - Processing /home/airflow/.local/lib/python3.12/site-packages/airflow/example_dags/example_branch_operator.py took 0.114 seconds
[2025-01-28T22:12:56.033+0000] {processor.py:186} INFO - Started process (PID=532) to work on /home/airflow/.local/lib/python3.12/site-packages/airflow/example_dags/example_branch_operator.py
[2025-01-28T22:12:56.035+0000] {processor.py:914} INFO - Processing file /home/airflow/.local/lib/python3.12/site-packages/airflow/example_dags/example_branch_operator.py for tasks to queue
[2025-01-28T22:12:56.038+0000] {logging_mixin.py:190} INFO - [2025-01-28T22:12:56.038+0000] {dagbag.py:588} INFO - Filling up the DagBag from /home/airflow/.local/lib/python3.12/site-packages/airflow/example_dags/example_branch_operator.py
[2025-01-28T22:12:56.060+0000] {processor.py:925} INFO - DAG(s) 'example_branch_operator' retrieved from /home/airflow/.local/lib/python3.12/site-packages/airflow/example_dags/example_branch_operator.py
[2025-01-28T22:12:56.091+0000] {logging_mixin.py:190} INFO - [2025-01-28T22:12:56.091+0000] {dag.py:3239} INFO - Sync 1 DAGs
[2025-01-28T22:12:56.116+0000] {logging_mixin.py:190} INFO - [2025-01-28T22:12:56.116+0000] {dag.py:4180} INFO - Setting next_dagrun for example_branch_operator to 2025-01-27 00:00:00+00:00, run_after=2025-01-28 00:00:00+00:00
[2025-01-28T22:12:56.155+0000] {processor.py:208} INFO - Processing /home/airflow/.local/lib/python3.12/site-packages/airflow/example_dags/example_branch_operator.py took 0.128 seconds
[2025-01-28T22:13:26.600+0000] {processor.py:186} INFO - Started process (PID=595) to work on /home/airflow/.local/lib/python3.12/site-packages/airflow/example_dags/example_branch_operator.py
[2025-01-28T22:13:26.602+0000] {processor.py:914} INFO - Processing file /home/airflow/.local/lib/python3.12/site-packages/airflow/example_dags/example_branch_operator.py for tasks to queue
[2025-01-28T22:13:26.605+0000] {logging_mixin.py:190} INFO - [2025-01-28T22:13:26.605+0000] {dagbag.py:588} INFO - Filling up the DagBag from /home/airflow/.local/lib/python3.12/site-packages/airflow/example_dags/example_branch_operator.py
[2025-01-28T22:13:26.625+0000] {processor.py:925} INFO - DAG(s) 'example_branch_operator' retrieved from /home/airflow/.local/lib/python3.12/site-packages/airflow/example_dags/example_branch_operator.py
[2025-01-28T22:13:26.657+0000] {logging_mixin.py:190} INFO - [2025-01-28T22:13:26.657+0000] {dag.py:3239} INFO - Sync 1 DAGs
[2025-01-28T22:13:26.683+0000] {logging_mixin.py:190} INFO - [2025-01-28T22:13:26.683+0000] {dag.py:4180} INFO - Setting next_dagrun for example_branch_operator to 2025-01-27 00:00:00+00:00, run_after=2025-01-28 00:00:00+00:00
[2025-01-28T22:13:26.713+0000] {processor.py:208} INFO - Processing /home/airflow/.local/lib/python3.12/site-packages/airflow/example_dags/example_branch_operator.py took 0.119 seconds
[2025-01-28T22:13:56.977+0000] {processor.py:186} INFO - Started process (PID=658) to work on /home/airflow/.local/lib/python3.12/site-packages/airflow/example_dags/example_branch_operator.py
[2025-01-28T22:13:56.978+0000] {processor.py:914} INFO - Processing file /home/airflow/.local/lib/python3.12/site-packages/airflow/example_dags/example_branch_operator.py for tasks to queue
[2025-01-28T22:13:56.982+0000] {logging_mixin.py:190} INFO - [2025-01-28T22:13:56.982+0000] {dagbag.py:588} INFO - Filling up the DagBag from /home/airflow/.local/lib/python3.12/site-packages/airflow/example_dags/example_branch_operator.py
[2025-01-28T22:13:57.006+0000] {processor.py:925} INFO - DAG(s) 'example_branch_operator' retrieved from /home/airflow/.local/lib/python3.12/site-packages/airflow/example_dags/example_branch_operator.py
[2025-01-28T22:13:57.041+0000] {logging_mixin.py:190} INFO - [2025-01-28T22:13:57.041+0000] {dag.py:3239} INFO - Sync 1 DAGs
[2025-01-28T22:13:57.068+0000] {logging_mixin.py:190} INFO - [2025-01-28T22:13:57.068+0000] {dag.py:4180} INFO - Setting next_dagrun for example_branch_operator to 2025-01-27 00:00:00+00:00, run_after=2025-01-28 00:00:00+00:00
[2025-01-28T22:13:57.091+0000] {processor.py:208} INFO - Processing /home/airflow/.local/lib/python3.12/site-packages/airflow/example_dags/example_branch_operator.py took 0.121 seconds
[2025-01-28T22:14:27.591+0000] {processor.py:186} INFO - Started process (PID=721) to work on /home/airflow/.local/lib/python3.12/site-packages/airflow/example_dags/example_branch_operator.py
[2025-01-28T22:14:27.593+0000] {processor.py:914} INFO - Processing file /home/airflow/.local/lib/python3.12/site-packages/airflow/example_dags/example_branch_operator.py for tasks to queue
[2025-01-28T22:14:27.595+0000] {logging_mixin.py:190} INFO - [2025-01-28T22:14:27.595+0000] {dagbag.py:588} INFO - Filling up the DagBag from /home/airflow/.local/lib/python3.12/site-packages/airflow/example_dags/example_branch_operator.py
[2025-01-28T22:14:27.615+0000] {processor.py:925} INFO - DAG(s) 'example_branch_operator' retrieved from /home/airflow/.local/lib/python3.12/site-packages/airflow/example_dags/example_branch_operator.py
[2025-01-28T22:14:27.648+0000] {logging_mixin.py:190} INFO - [2025-01-28T22:14:27.648+0000] {dag.py:3239} INFO - Sync 1 DAGs
[2025-01-28T22:14:27.675+0000] {logging_mixin.py:190} INFO - [2025-01-28T22:14:27.675+0000] {dag.py:4180} INFO - Setting next_dagrun for example_branch_operator to 2025-01-27 00:00:00+00:00, run_after=2025-01-28 00:00:00+00:00
[2025-01-28T22:14:27.704+0000] {processor.py:208} INFO - Processing /home/airflow/.local/lib/python3.12/site-packages/airflow/example_dags/example_branch_operator.py took 0.119 seconds
[2025-01-28T22:14:58.238+0000] {processor.py:186} INFO - Started process (PID=784) to work on /home/airflow/.local/lib/python3.12/site-packages/airflow/example_dags/example_branch_operator.py
[2025-01-28T22:14:58.240+0000] {processor.py:914} INFO - Processing file /home/airflow/.local/lib/python3.12/site-packages/airflow/example_dags/example_branch_operator.py for tasks to queue
[2025-01-28T22:14:58.243+0000] {logging_mixin.py:190} INFO - [2025-01-28T22:14:58.242+0000] {dagbag.py:588} INFO - Filling up the DagBag from /home/airflow/.local/lib/python3.12/site-packages/airflow/example_dags/example_branch_operator.py
[2025-01-28T22:14:58.263+0000] {processor.py:925} INFO - DAG(s) 'example_branch_operator' retrieved from /home/airflow/.local/lib/python3.12/site-packages/airflow/example_dags/example_branch_operator.py
[2025-01-28T22:14:58.296+0000] {logging_mixin.py:190} INFO - [2025-01-28T22:14:58.296+0000] {dag.py:3239} INFO - Sync 1 DAGs
[2025-01-28T22:14:58.326+0000] {logging_mixin.py:190} INFO - [2025-01-28T22:14:58.325+0000] {dag.py:4180} INFO - Setting next_dagrun for example_branch_operator to 2025-01-27 00:00:00+00:00, run_after=2025-01-28 00:00:00+00:00
[2025-01-28T22:14:58.352+0000] {processor.py:208} INFO - Processing /home/airflow/.local/lib/python3.12/site-packages/airflow/example_dags/example_branch_operator.py took 0.120 seconds
[2025-01-28T22:15:28.836+0000] {processor.py:186} INFO - Started process (PID=847) to work on /home/airflow/.local/lib/python3.12/site-packages/airflow/example_dags/example_branch_operator.py
[2025-01-28T22:15:28.837+0000] {processor.py:914} INFO - Processing file /home/airflow/.local/lib/python3.12/site-packages/airflow/example_dags/example_branch_operator.py for tasks to queue
[2025-01-28T22:15:28.839+0000] {logging_mixin.py:190} INFO - [2025-01-28T22:15:28.839+0000] {dagbag.py:588} INFO - Filling up the DagBag from /home/airflow/.local/lib/python3.12/site-packages/airflow/example_dags/example_branch_operator.py
[2025-01-28T22:15:28.859+0000] {processor.py:925} INFO - DAG(s) 'example_branch_operator' retrieved from /home/airflow/.local/lib/python3.12/site-packages/airflow/example_dags/example_branch_operator.py
[2025-01-28T22:15:28.891+0000] {logging_mixin.py:190} INFO - [2025-01-28T22:15:28.890+0000] {dag.py:3239} INFO - Sync 1 DAGs
[2025-01-28T22:15:28.916+0000] {logging_mixin.py:190} INFO - [2025-01-28T22:15:28.916+0000] {dag.py:4180} INFO - Setting next_dagrun for example_branch_operator to 2025-01-27 00:00:00+00:00, run_after=2025-01-28 00:00:00+00:00
[2025-01-28T22:15:28.939+0000] {processor.py:208} INFO - Processing /home/airflow/.local/lib/python3.12/site-packages/airflow/example_dags/example_branch_operator.py took 0.109 seconds
[2025-01-28T22:15:59.270+0000] {processor.py:186} INFO - Started process (PID=910) to work on /home/airflow/.local/lib/python3.12/site-packages/airflow/example_dags/example_branch_operator.py
[2025-01-28T22:15:59.273+0000] {processor.py:914} INFO - Processing file /home/airflow/.local/lib/python3.12/site-packages/airflow/example_dags/example_branch_operator.py for tasks to queue
[2025-01-28T22:15:59.276+0000] {logging_mixin.py:190} INFO - [2025-01-28T22:15:59.276+0000] {dagbag.py:588} INFO - Filling up the DagBag from /home/airflow/.local/lib/python3.12/site-packages/airflow/example_dags/example_branch_operator.py
[2025-01-28T22:15:59.297+0000] {processor.py:925} INFO - DAG(s) 'example_branch_operator' retrieved from /home/airflow/.local/lib/python3.12/site-packages/airflow/example_dags/example_branch_operator.py
[2025-01-28T22:15:59.329+0000] {logging_mixin.py:190} INFO - [2025-01-28T22:15:59.329+0000] {dag.py:3239} INFO - Sync 1 DAGs
[2025-01-28T22:15:59.355+0000] {logging_mixin.py:190} INFO - [2025-01-28T22:15:59.355+0000] {dag.py:4180} INFO - Setting next_dagrun for example_branch_operator to 2025-01-27 00:00:00+00:00, run_after=2025-01-28 00:00:00+00:00
[2025-01-28T22:15:59.378+0000] {processor.py:208} INFO - Processing /home/airflow/.local/lib/python3.12/site-packages/airflow/example_dags/example_branch_operator.py took 0.114 seconds
[2025-01-28T22:16:29.935+0000] {processor.py:186} INFO - Started process (PID=974) to work on /home/airflow/.local/lib/python3.12/site-packages/airflow/example_dags/example_branch_operator.py
[2025-01-28T22:16:29.936+0000] {processor.py:914} INFO - Processing file /home/airflow/.local/lib/python3.12/site-packages/airflow/example_dags/example_branch_operator.py for tasks to queue
[2025-01-28T22:16:29.939+0000] {logging_mixin.py:190} INFO - [2025-01-28T22:16:29.938+0000] {dagbag.py:588} INFO - Filling up the DagBag from /home/airflow/.local/lib/python3.12/site-packages/airflow/example_dags/example_branch_operator.py
[2025-01-28T22:16:29.959+0000] {processor.py:925} INFO - DAG(s) 'example_branch_operator' retrieved from /home/airflow/.local/lib/python3.12/site-packages/airflow/example_dags/example_branch_operator.py
[2025-01-28T22:16:29.990+0000] {logging_mixin.py:190} INFO - [2025-01-28T22:16:29.990+0000] {dag.py:3239} INFO - Sync 1 DAGs
[2025-01-28T22:16:30.018+0000] {logging_mixin.py:190} INFO - [2025-01-28T22:16:30.018+0000] {dag.py:4180} INFO - Setting next_dagrun for example_branch_operator to 2025-01-27 00:00:00+00:00, run_after=2025-01-28 00:00:00+00:00
[2025-01-28T22:16:30.059+0000] {processor.py:208} INFO - Processing /home/airflow/.local/lib/python3.12/site-packages/airflow/example_dags/example_branch_operator.py took 0.131 seconds
[2025-01-28T22:17:00.385+0000] {processor.py:186} INFO - Started process (PID=1037) to work on /home/airflow/.local/lib/python3.12/site-packages/airflow/example_dags/example_branch_operator.py
[2025-01-28T22:17:00.386+0000] {processor.py:914} INFO - Processing file /home/airflow/.local/lib/python3.12/site-packages/airflow/example_dags/example_branch_operator.py for tasks to queue
[2025-01-28T22:17:00.389+0000] {logging_mixin.py:190} INFO - [2025-01-28T22:17:00.389+0000] {dagbag.py:588} INFO - Filling up the DagBag from /home/airflow/.local/lib/python3.12/site-packages/airflow/example_dags/example_branch_operator.py
[2025-01-28T22:17:00.411+0000] {processor.py:925} INFO - DAG(s) 'example_branch_operator' retrieved from /home/airflow/.local/lib/python3.12/site-packages/airflow/example_dags/example_branch_operator.py
[2025-01-28T22:17:00.444+0000] {logging_mixin.py:190} INFO - [2025-01-28T22:17:00.444+0000] {dag.py:3239} INFO - Sync 1 DAGs
[2025-01-28T22:17:00.472+0000] {logging_mixin.py:190} INFO - [2025-01-28T22:17:00.472+0000] {dag.py:4180} INFO - Setting next_dagrun for example_branch_operator to 2025-01-27 00:00:00+00:00, run_after=2025-01-28 00:00:00+00:00
[2025-01-28T22:17:00.503+0000] {processor.py:208} INFO - Processing /home/airflow/.local/lib/python3.12/site-packages/airflow/example_dags/example_branch_operator.py took 0.125 seconds
[2025-01-28T22:17:30.703+0000] {processor.py:186} INFO - Started process (PID=1100) to work on /home/airflow/.local/lib/python3.12/site-packages/airflow/example_dags/example_branch_operator.py
[2025-01-28T22:17:30.704+0000] {processor.py:914} INFO - Processing file /home/airflow/.local/lib/python3.12/site-packages/airflow/example_dags/example_branch_operator.py for tasks to queue
[2025-01-28T22:17:30.707+0000] {logging_mixin.py:190} INFO - [2025-01-28T22:17:30.707+0000] {dagbag.py:588} INFO - Filling up the DagBag from /home/airflow/.local/lib/python3.12/site-packages/airflow/example_dags/example_branch_operator.py
[2025-01-28T22:17:30.726+0000] {processor.py:925} INFO - DAG(s) 'example_branch_operator' retrieved from /home/airflow/.local/lib/python3.12/site-packages/airflow/example_dags/example_branch_operator.py
[2025-01-28T22:17:30.757+0000] {logging_mixin.py:190} INFO - [2025-01-28T22:17:30.757+0000] {dag.py:3239} INFO - Sync 1 DAGs
[2025-01-28T22:17:30.784+0000] {logging_mixin.py:190} INFO - [2025-01-28T22:17:30.784+0000] {dag.py:4180} INFO - Setting next_dagrun for example_branch_operator to 2025-01-27 00:00:00+00:00, run_after=2025-01-28 00:00:00+00:00
[2025-01-28T22:17:30.810+0000] {processor.py:208} INFO - Processing /home/airflow/.local/lib/python3.12/site-packages/airflow/example_dags/example_branch_operator.py took 0.114 seconds
[2025-01-28T22:18:01.404+0000] {processor.py:186} INFO - Started process (PID=1163) to work on /home/airflow/.local/lib/python3.12/site-packages/airflow/example_dags/example_branch_operator.py
[2025-01-28T22:18:01.405+0000] {processor.py:914} INFO - Processing file /home/airflow/.local/lib/python3.12/site-packages/airflow/example_dags/example_branch_operator.py for tasks to queue
[2025-01-28T22:18:01.408+0000] {logging_mixin.py:190} INFO - [2025-01-28T22:18:01.408+0000] {dagbag.py:588} INFO - Filling up the DagBag from /home/airflow/.local/lib/python3.12/site-packages/airflow/example_dags/example_branch_operator.py
[2025-01-28T22:18:01.428+0000] {processor.py:925} INFO - DAG(s) 'example_branch_operator' retrieved from /home/airflow/.local/lib/python3.12/site-packages/airflow/example_dags/example_branch_operator.py
[2025-01-28T22:18:01.462+0000] {logging_mixin.py:190} INFO - [2025-01-28T22:18:01.461+0000] {dag.py:3239} INFO - Sync 1 DAGs
[2025-01-28T22:18:01.492+0000] {logging_mixin.py:190} INFO - [2025-01-28T22:18:01.492+0000] {dag.py:4180} INFO - Setting next_dagrun for example_branch_operator to 2025-01-27 00:00:00+00:00, run_after=2025-01-28 00:00:00+00:00
[2025-01-28T22:18:01.515+0000] {processor.py:208} INFO - Processing /home/airflow/.local/lib/python3.12/site-packages/airflow/example_dags/example_branch_operator.py took 0.117 seconds
[2025-01-28T22:18:31.595+0000] {processor.py:186} INFO - Started process (PID=1226) to work on /home/airflow/.local/lib/python3.12/site-packages/airflow/example_dags/example_branch_operator.py
[2025-01-28T22:18:31.596+0000] {processor.py:914} INFO - Processing file /home/airflow/.local/lib/python3.12/site-packages/airflow/example_dags/example_branch_operator.py for tasks to queue
[2025-01-28T22:18:31.599+0000] {logging_mixin.py:190} INFO - [2025-01-28T22:18:31.599+0000] {dagbag.py:588} INFO - Filling up the DagBag from /home/airflow/.local/lib/python3.12/site-packages/airflow/example_dags/example_branch_operator.py
[2025-01-28T22:18:31.621+0000] {processor.py:925} INFO - DAG(s) 'example_branch_operator' retrieved from /home/airflow/.local/lib/python3.12/site-packages/airflow/example_dags/example_branch_operator.py
[2025-01-28T22:18:31.658+0000] {logging_mixin.py:190} INFO - [2025-01-28T22:18:31.658+0000] {dag.py:3239} INFO - Sync 1 DAGs
[2025-01-28T22:18:31.686+0000] {logging_mixin.py:190} INFO - [2025-01-28T22:18:31.685+0000] {dag.py:4180} INFO - Setting next_dagrun for example_branch_operator to 2025-01-27 00:00:00+00:00, run_after=2025-01-28 00:00:00+00:00
[2025-01-28T22:18:31.709+0000] {processor.py:208} INFO - Processing /home/airflow/.local/lib/python3.12/site-packages/airflow/example_dags/example_branch_operator.py took 0.121 seconds
[2025-01-28T22:19:01.783+0000] {processor.py:186} INFO - Started process (PID=1289) to work on /home/airflow/.local/lib/python3.12/site-packages/airflow/example_dags/example_branch_operator.py
[2025-01-28T22:19:01.784+0000] {processor.py:914} INFO - Processing file /home/airflow/.local/lib/python3.12/site-packages/airflow/example_dags/example_branch_operator.py for tasks to queue
[2025-01-28T22:19:01.787+0000] {logging_mixin.py:190} INFO - [2025-01-28T22:19:01.787+0000] {dagbag.py:588} INFO - Filling up the DagBag from /home/airflow/.local/lib/python3.12/site-packages/airflow/example_dags/example_branch_operator.py
[2025-01-28T22:19:01.808+0000] {processor.py:925} INFO - DAG(s) 'example_branch_operator' retrieved from /home/airflow/.local/lib/python3.12/site-packages/airflow/example_dags/example_branch_operator.py
[2025-01-28T22:19:01.842+0000] {logging_mixin.py:190} INFO - [2025-01-28T22:19:01.842+0000] {dag.py:3239} INFO - Sync 1 DAGs
[2025-01-28T22:19:01.869+0000] {logging_mixin.py:190} INFO - [2025-01-28T22:19:01.869+0000] {dag.py:4180} INFO - Setting next_dagrun for example_branch_operator to 2025-01-27 00:00:00+00:00, run_after=2025-01-28 00:00:00+00:00
[2025-01-28T22:19:01.897+0000] {processor.py:208} INFO - Processing /home/airflow/.local/lib/python3.12/site-packages/airflow/example_dags/example_branch_operator.py took 0.121 seconds
[2025-01-28T22:19:32.083+0000] {processor.py:186} INFO - Started process (PID=1352) to work on /home/airflow/.local/lib/python3.12/site-packages/airflow/example_dags/example_branch_operator.py
[2025-01-28T22:19:32.085+0000] {processor.py:914} INFO - Processing file /home/airflow/.local/lib/python3.12/site-packages/airflow/example_dags/example_branch_operator.py for tasks to queue
[2025-01-28T22:19:32.088+0000] {logging_mixin.py:190} INFO - [2025-01-28T22:19:32.088+0000] {dagbag.py:588} INFO - Filling up the DagBag from /home/airflow/.local/lib/python3.12/site-packages/airflow/example_dags/example_branch_operator.py
[2025-01-28T22:19:32.113+0000] {processor.py:925} INFO - DAG(s) 'example_branch_operator' retrieved from /home/airflow/.local/lib/python3.12/site-packages/airflow/example_dags/example_branch_operator.py
[2025-01-28T22:19:32.152+0000] {logging_mixin.py:190} INFO - [2025-01-28T22:19:32.152+0000] {dag.py:3239} INFO - Sync 1 DAGs
[2025-01-28T22:19:32.182+0000] {logging_mixin.py:190} INFO - [2025-01-28T22:19:32.181+0000] {dag.py:4180} INFO - Setting next_dagrun for example_branch_operator to 2025-01-27 00:00:00+00:00, run_after=2025-01-28 00:00:00+00:00
[2025-01-28T22:19:32.205+0000] {processor.py:208} INFO - Processing /home/airflow/.local/lib/python3.12/site-packages/airflow/example_dags/example_branch_operator.py took 0.133 seconds
[2025-01-28T22:20:03.482+0000] {processor.py:186} INFO - Started process (PID=1415) to work on /home/airflow/.local/lib/python3.12/site-packages/airflow/example_dags/example_branch_operator.py
[2025-01-28T22:20:03.484+0000] {processor.py:914} INFO - Processing file /home/airflow/.local/lib/python3.12/site-packages/airflow/example_dags/example_branch_operator.py for tasks to queue
[2025-01-28T22:20:03.486+0000] {logging_mixin.py:190} INFO - [2025-01-28T22:20:03.486+0000] {dagbag.py:588} INFO - Filling up the DagBag from /home/airflow/.local/lib/python3.12/site-packages/airflow/example_dags/example_branch_operator.py
[2025-01-28T22:20:03.505+0000] {processor.py:925} INFO - DAG(s) 'example_branch_operator' retrieved from /home/airflow/.local/lib/python3.12/site-packages/airflow/example_dags/example_branch_operator.py
[2025-01-28T22:20:03.538+0000] {logging_mixin.py:190} INFO - [2025-01-28T22:20:03.538+0000] {dag.py:3239} INFO - Sync 1 DAGs
[2025-01-28T22:20:03.566+0000] {logging_mixin.py:190} INFO - [2025-01-28T22:20:03.566+0000] {dag.py:4180} INFO - Setting next_dagrun for example_branch_operator to 2025-01-27 00:00:00+00:00, run_after=2025-01-28 00:00:00+00:00
[2025-01-28T22:20:03.589+0000] {processor.py:208} INFO - Processing /home/airflow/.local/lib/python3.12/site-packages/airflow/example_dags/example_branch_operator.py took 0.113 seconds
[2025-01-28T22:20:33.997+0000] {processor.py:186} INFO - Started process (PID=1478) to work on /home/airflow/.local/lib/python3.12/site-packages/airflow/example_dags/example_branch_operator.py
[2025-01-28T22:20:33.999+0000] {processor.py:914} INFO - Processing file /home/airflow/.local/lib/python3.12/site-packages/airflow/example_dags/example_branch_operator.py for tasks to queue
[2025-01-28T22:20:34.002+0000] {logging_mixin.py:190} INFO - [2025-01-28T22:20:34.001+0000] {dagbag.py:588} INFO - Filling up the DagBag from /home/airflow/.local/lib/python3.12/site-packages/airflow/example_dags/example_branch_operator.py
[2025-01-28T22:20:34.021+0000] {processor.py:925} INFO - DAG(s) 'example_branch_operator' retrieved from /home/airflow/.local/lib/python3.12/site-packages/airflow/example_dags/example_branch_operator.py
[2025-01-28T22:20:34.053+0000] {logging_mixin.py:190} INFO - [2025-01-28T22:20:34.053+0000] {dag.py:3239} INFO - Sync 1 DAGs
[2025-01-28T22:20:34.079+0000] {logging_mixin.py:190} INFO - [2025-01-28T22:20:34.079+0000] {dag.py:4180} INFO - Setting next_dagrun for example_branch_operator to 2025-01-27 00:00:00+00:00, run_after=2025-01-28 00:00:00+00:00
[2025-01-28T22:20:34.102+0000] {processor.py:208} INFO - Processing /home/airflow/.local/lib/python3.12/site-packages/airflow/example_dags/example_branch_operator.py took 0.111 seconds
[2025-01-28T22:21:05.167+0000] {processor.py:186} INFO - Started process (PID=1534) to work on /home/airflow/.local/lib/python3.12/site-packages/airflow/example_dags/example_branch_operator.py
[2025-01-28T22:21:05.169+0000] {processor.py:914} INFO - Processing file /home/airflow/.local/lib/python3.12/site-packages/airflow/example_dags/example_branch_operator.py for tasks to queue
[2025-01-28T22:21:05.172+0000] {logging_mixin.py:190} INFO - [2025-01-28T22:21:05.171+0000] {dagbag.py:588} INFO - Filling up the DagBag from /home/airflow/.local/lib/python3.12/site-packages/airflow/example_dags/example_branch_operator.py
[2025-01-28T22:21:05.192+0000] {processor.py:925} INFO - DAG(s) 'example_branch_operator' retrieved from /home/airflow/.local/lib/python3.12/site-packages/airflow/example_dags/example_branch_operator.py
[2025-01-28T22:21:05.228+0000] {logging_mixin.py:190} INFO - [2025-01-28T22:21:05.228+0000] {dag.py:3239} INFO - Sync 1 DAGs
[2025-01-28T22:21:05.258+0000] {logging_mixin.py:190} INFO - [2025-01-28T22:21:05.257+0000] {dag.py:4180} INFO - Setting next_dagrun for example_branch_operator to 2025-01-27 00:00:00+00:00, run_after=2025-01-28 00:00:00+00:00
[2025-01-28T22:21:05.285+0000] {processor.py:208} INFO - Processing /home/airflow/.local/lib/python3.12/site-packages/airflow/example_dags/example_branch_operator.py took 0.125 seconds
[2025-01-28T22:21:36.021+0000] {processor.py:186} INFO - Started process (PID=1597) to work on /home/airflow/.local/lib/python3.12/site-packages/airflow/example_dags/example_branch_operator.py
[2025-01-28T22:21:36.022+0000] {processor.py:914} INFO - Processing file /home/airflow/.local/lib/python3.12/site-packages/airflow/example_dags/example_branch_operator.py for tasks to queue
[2025-01-28T22:21:36.025+0000] {logging_mixin.py:190} INFO - [2025-01-28T22:21:36.025+0000] {dagbag.py:588} INFO - Filling up the DagBag from /home/airflow/.local/lib/python3.12/site-packages/airflow/example_dags/example_branch_operator.py
[2025-01-28T22:21:36.045+0000] {processor.py:925} INFO - DAG(s) 'example_branch_operator' retrieved from /home/airflow/.local/lib/python3.12/site-packages/airflow/example_dags/example_branch_operator.py
[2025-01-28T22:21:36.076+0000] {logging_mixin.py:190} INFO - [2025-01-28T22:21:36.075+0000] {dag.py:3239} INFO - Sync 1 DAGs
[2025-01-28T22:21:36.103+0000] {logging_mixin.py:190} INFO - [2025-01-28T22:21:36.102+0000] {dag.py:4180} INFO - Setting next_dagrun for example_branch_operator to 2025-01-27 00:00:00+00:00, run_after=2025-01-28 00:00:00+00:00
[2025-01-28T22:21:36.135+0000] {processor.py:208} INFO - Processing /home/airflow/.local/lib/python3.12/site-packages/airflow/example_dags/example_branch_operator.py took 0.121 seconds
[2025-01-28T22:22:07.410+0000] {processor.py:186} INFO - Started process (PID=1660) to work on /home/airflow/.local/lib/python3.12/site-packages/airflow/example_dags/example_branch_operator.py
[2025-01-28T22:22:07.411+0000] {processor.py:914} INFO - Processing file /home/airflow/.local/lib/python3.12/site-packages/airflow/example_dags/example_branch_operator.py for tasks to queue
[2025-01-28T22:22:07.414+0000] {logging_mixin.py:190} INFO - [2025-01-28T22:22:07.414+0000] {dagbag.py:588} INFO - Filling up the DagBag from /home/airflow/.local/lib/python3.12/site-packages/airflow/example_dags/example_branch_operator.py
[2025-01-28T22:22:07.434+0000] {processor.py:925} INFO - DAG(s) 'example_branch_operator' retrieved from /home/airflow/.local/lib/python3.12/site-packages/airflow/example_dags/example_branch_operator.py
[2025-01-28T22:22:07.469+0000] {logging_mixin.py:190} INFO - [2025-01-28T22:22:07.469+0000] {dag.py:3239} INFO - Sync 1 DAGs
[2025-01-28T22:22:07.497+0000] {logging_mixin.py:190} INFO - [2025-01-28T22:22:07.497+0000] {dag.py:4180} INFO - Setting next_dagrun for example_branch_operator to 2025-01-27 00:00:00+00:00, run_after=2025-01-28 00:00:00+00:00
[2025-01-28T22:22:07.530+0000] {processor.py:208} INFO - Processing /home/airflow/.local/lib/python3.12/site-packages/airflow/example_dags/example_branch_operator.py took 0.127 seconds
[2025-01-28T22:22:38.844+0000] {processor.py:186} INFO - Started process (PID=1723) to work on /home/airflow/.local/lib/python3.12/site-packages/airflow/example_dags/example_branch_operator.py
[2025-01-28T22:22:38.845+0000] {processor.py:914} INFO - Processing file /home/airflow/.local/lib/python3.12/site-packages/airflow/example_dags/example_branch_operator.py for tasks to queue
[2025-01-28T22:22:38.848+0000] {logging_mixin.py:190} INFO - [2025-01-28T22:22:38.848+0000] {dagbag.py:588} INFO - Filling up the DagBag from /home/airflow/.local/lib/python3.12/site-packages/airflow/example_dags/example_branch_operator.py
[2025-01-28T22:22:38.867+0000] {processor.py:925} INFO - DAG(s) 'example_branch_operator' retrieved from /home/airflow/.local/lib/python3.12/site-packages/airflow/example_dags/example_branch_operator.py
[2025-01-28T22:22:38.899+0000] {logging_mixin.py:190} INFO - [2025-01-28T22:22:38.899+0000] {dag.py:3239} INFO - Sync 1 DAGs
[2025-01-28T22:22:38.926+0000] {logging_mixin.py:190} INFO - [2025-01-28T22:22:38.926+0000] {dag.py:4180} INFO - Setting next_dagrun for example_branch_operator to 2025-01-27 00:00:00+00:00, run_after=2025-01-28 00:00:00+00:00
[2025-01-28T22:22:38.949+0000] {processor.py:208} INFO - Processing /home/airflow/.local/lib/python3.12/site-packages/airflow/example_dags/example_branch_operator.py took 0.112 seconds
[2025-01-28T22:23:10.792+0000] {processor.py:186} INFO - Started process (PID=1786) to work on /home/airflow/.local/lib/python3.12/site-packages/airflow/example_dags/example_branch_operator.py
[2025-01-28T22:23:10.793+0000] {processor.py:914} INFO - Processing file /home/airflow/.local/lib/python3.12/site-packages/airflow/example_dags/example_branch_operator.py for tasks to queue
[2025-01-28T22:23:10.796+0000] {logging_mixin.py:190} INFO - [2025-01-28T22:23:10.796+0000] {dagbag.py:588} INFO - Filling up the DagBag from /home/airflow/.local/lib/python3.12/site-packages/airflow/example_dags/example_branch_operator.py
[2025-01-28T22:23:10.817+0000] {processor.py:925} INFO - DAG(s) 'example_branch_operator' retrieved from /home/airflow/.local/lib/python3.12/site-packages/airflow/example_dags/example_branch_operator.py
[2025-01-28T22:23:10.849+0000] {logging_mixin.py:190} INFO - [2025-01-28T22:23:10.849+0000] {dag.py:3239} INFO - Sync 1 DAGs
[2025-01-28T22:23:10.876+0000] {logging_mixin.py:190} INFO - [2025-01-28T22:23:10.875+0000] {dag.py:4180} INFO - Setting next_dagrun for example_branch_operator to 2025-01-27 00:00:00+00:00, run_after=2025-01-28 00:00:00+00:00
[2025-01-28T22:23:10.899+0000] {processor.py:208} INFO - Processing /home/airflow/.local/lib/python3.12/site-packages/airflow/example_dags/example_branch_operator.py took 0.114 seconds
[2025-01-28T22:23:42.340+0000] {processor.py:186} INFO - Started process (PID=1849) to work on /home/airflow/.local/lib/python3.12/site-packages/airflow/example_dags/example_branch_operator.py
[2025-01-28T22:23:42.342+0000] {processor.py:914} INFO - Processing file /home/airflow/.local/lib/python3.12/site-packages/airflow/example_dags/example_branch_operator.py for tasks to queue
[2025-01-28T22:23:42.345+0000] {logging_mixin.py:190} INFO - [2025-01-28T22:23:42.345+0000] {dagbag.py:588} INFO - Filling up the DagBag from /home/airflow/.local/lib/python3.12/site-packages/airflow/example_dags/example_branch_operator.py
[2025-01-28T22:23:42.365+0000] {processor.py:925} INFO - DAG(s) 'example_branch_operator' retrieved from /home/airflow/.local/lib/python3.12/site-packages/airflow/example_dags/example_branch_operator.py
[2025-01-28T22:23:42.397+0000] {logging_mixin.py:190} INFO - [2025-01-28T22:23:42.396+0000] {dag.py:3239} INFO - Sync 1 DAGs
[2025-01-28T22:23:42.423+0000] {logging_mixin.py:190} INFO - [2025-01-28T22:23:42.423+0000] {dag.py:4180} INFO - Setting next_dagrun for example_branch_operator to 2025-01-27 00:00:00+00:00, run_after=2025-01-28 00:00:00+00:00
[2025-01-28T22:23:42.449+0000] {processor.py:208} INFO - Processing /home/airflow/.local/lib/python3.12/site-packages/airflow/example_dags/example_branch_operator.py took 0.115 seconds
[2025-01-28T22:24:13.377+0000] {processor.py:186} INFO - Started process (PID=1912) to work on /home/airflow/.local/lib/python3.12/site-packages/airflow/example_dags/example_branch_operator.py
[2025-01-28T22:24:13.378+0000] {processor.py:914} INFO - Processing file /home/airflow/.local/lib/python3.12/site-packages/airflow/example_dags/example_branch_operator.py for tasks to queue
[2025-01-28T22:24:13.382+0000] {logging_mixin.py:190} INFO - [2025-01-28T22:24:13.382+0000] {dagbag.py:588} INFO - Filling up the DagBag from /home/airflow/.local/lib/python3.12/site-packages/airflow/example_dags/example_branch_operator.py
[2025-01-28T22:24:13.403+0000] {processor.py:925} INFO - DAG(s) 'example_branch_operator' retrieved from /home/airflow/.local/lib/python3.12/site-packages/airflow/example_dags/example_branch_operator.py
[2025-01-28T22:24:13.438+0000] {logging_mixin.py:190} INFO - [2025-01-28T22:24:13.437+0000] {dag.py:3239} INFO - Sync 1 DAGs
[2025-01-28T22:24:13.466+0000] {logging_mixin.py:190} INFO - [2025-01-28T22:24:13.466+0000] {dag.py:4180} INFO - Setting next_dagrun for example_branch_operator to 2025-01-27 00:00:00+00:00, run_after=2025-01-28 00:00:00+00:00
[2025-01-28T22:24:13.491+0000] {processor.py:208} INFO - Processing /home/airflow/.local/lib/python3.12/site-packages/airflow/example_dags/example_branch_operator.py took 0.121 seconds
[2025-01-28T22:24:44.892+0000] {processor.py:186} INFO - Started process (PID=1975) to work on /home/airflow/.local/lib/python3.12/site-packages/airflow/example_dags/example_branch_operator.py
[2025-01-28T22:24:44.896+0000] {processor.py:914} INFO - Processing file /home/airflow/.local/lib/python3.12/site-packages/airflow/example_dags/example_branch_operator.py for tasks to queue
[2025-01-28T22:24:44.899+0000] {logging_mixin.py:190} INFO - [2025-01-28T22:24:44.898+0000] {dagbag.py:588} INFO - Filling up the DagBag from /home/airflow/.local/lib/python3.12/site-packages/airflow/example_dags/example_branch_operator.py
[2025-01-28T22:24:44.919+0000] {processor.py:925} INFO - DAG(s) 'example_branch_operator' retrieved from /home/airflow/.local/lib/python3.12/site-packages/airflow/example_dags/example_branch_operator.py
[2025-01-28T22:24:44.963+0000] {logging_mixin.py:190} INFO - [2025-01-28T22:24:44.963+0000] {dag.py:3239} INFO - Sync 1 DAGs
[2025-01-28T22:24:44.992+0000] {logging_mixin.py:190} INFO - [2025-01-28T22:24:44.992+0000] {dag.py:4180} INFO - Setting next_dagrun for example_branch_operator to 2025-01-27 00:00:00+00:00, run_after=2025-01-28 00:00:00+00:00
[2025-01-28T22:24:45.016+0000] {processor.py:208} INFO - Processing /home/airflow/.local/lib/python3.12/site-packages/airflow/example_dags/example_branch_operator.py took 0.131 seconds
[2025-01-28T22:25:15.749+0000] {processor.py:186} INFO - Started process (PID=2038) to work on /home/airflow/.local/lib/python3.12/site-packages/airflow/example_dags/example_branch_operator.py
[2025-01-28T22:25:15.750+0000] {processor.py:914} INFO - Processing file /home/airflow/.local/lib/python3.12/site-packages/airflow/example_dags/example_branch_operator.py for tasks to queue
[2025-01-28T22:25:15.754+0000] {logging_mixin.py:190} INFO - [2025-01-28T22:25:15.753+0000] {dagbag.py:588} INFO - Filling up the DagBag from /home/airflow/.local/lib/python3.12/site-packages/airflow/example_dags/example_branch_operator.py
[2025-01-28T22:25:15.774+0000] {processor.py:925} INFO - DAG(s) 'example_branch_operator' retrieved from /home/airflow/.local/lib/python3.12/site-packages/airflow/example_dags/example_branch_operator.py
[2025-01-28T22:25:15.810+0000] {logging_mixin.py:190} INFO - [2025-01-28T22:25:15.809+0000] {dag.py:3239} INFO - Sync 1 DAGs
[2025-01-28T22:25:15.839+0000] {logging_mixin.py:190} INFO - [2025-01-28T22:25:15.838+0000] {dag.py:4180} INFO - Setting next_dagrun for example_branch_operator to 2025-01-27 00:00:00+00:00, run_after=2025-01-28 00:00:00+00:00
[2025-01-28T22:25:15.863+0000] {processor.py:208} INFO - Processing /home/airflow/.local/lib/python3.12/site-packages/airflow/example_dags/example_branch_operator.py took 0.121 seconds
[2025-01-28T22:28:44.600+0000] {processor.py:186} INFO - Started process (PID=97) to work on /home/airflow/.local/lib/python3.12/site-packages/airflow/example_dags/example_branch_operator.py
[2025-01-28T22:28:44.602+0000] {processor.py:914} INFO - Processing file /home/airflow/.local/lib/python3.12/site-packages/airflow/example_dags/example_branch_operator.py for tasks to queue
[2025-01-28T22:28:44.604+0000] {logging_mixin.py:190} INFO - [2025-01-28T22:28:44.604+0000] {dagbag.py:588} INFO - Filling up the DagBag from /home/airflow/.local/lib/python3.12/site-packages/airflow/example_dags/example_branch_operator.py
[2025-01-28T22:28:44.636+0000] {processor.py:925} INFO - DAG(s) 'example_branch_operator' retrieved from /home/airflow/.local/lib/python3.12/site-packages/airflow/example_dags/example_branch_operator.py
[2025-01-28T22:28:44.885+0000] {logging_mixin.py:190} INFO - [2025-01-28T22:28:44.885+0000] {dag.py:3239} INFO - Sync 1 DAGs
[2025-01-28T22:28:44.910+0000] {logging_mixin.py:190} INFO - [2025-01-28T22:28:44.909+0000] {dag.py:4180} INFO - Setting next_dagrun for example_branch_operator to 2025-01-27 00:00:00+00:00, run_after=2025-01-28 00:00:00+00:00
[2025-01-28T22:28:44.936+0000] {processor.py:208} INFO - Processing /home/airflow/.local/lib/python3.12/site-packages/airflow/example_dags/example_branch_operator.py took 0.341 seconds
[2025-01-28T22:29:15.098+0000] {processor.py:186} INFO - Started process (PID=160) to work on /home/airflow/.local/lib/python3.12/site-packages/airflow/example_dags/example_branch_operator.py
[2025-01-28T22:29:15.099+0000] {processor.py:914} INFO - Processing file /home/airflow/.local/lib/python3.12/site-packages/airflow/example_dags/example_branch_operator.py for tasks to queue
[2025-01-28T22:29:15.102+0000] {logging_mixin.py:190} INFO - [2025-01-28T22:29:15.101+0000] {dagbag.py:588} INFO - Filling up the DagBag from /home/airflow/.local/lib/python3.12/site-packages/airflow/example_dags/example_branch_operator.py
[2025-01-28T22:29:15.121+0000] {processor.py:925} INFO - DAG(s) 'example_branch_operator' retrieved from /home/airflow/.local/lib/python3.12/site-packages/airflow/example_dags/example_branch_operator.py
[2025-01-28T22:29:15.153+0000] {logging_mixin.py:190} INFO - [2025-01-28T22:29:15.153+0000] {dag.py:3239} INFO - Sync 1 DAGs
[2025-01-28T22:29:15.179+0000] {logging_mixin.py:190} INFO - [2025-01-28T22:29:15.178+0000] {dag.py:4180} INFO - Setting next_dagrun for example_branch_operator to 2025-01-27 00:00:00+00:00, run_after=2025-01-28 00:00:00+00:00
[2025-01-28T22:29:15.201+0000] {processor.py:208} INFO - Processing /home/airflow/.local/lib/python3.12/site-packages/airflow/example_dags/example_branch_operator.py took 0.109 seconds
[2025-01-28T22:29:45.655+0000] {processor.py:186} INFO - Started process (PID=223) to work on /home/airflow/.local/lib/python3.12/site-packages/airflow/example_dags/example_branch_operator.py
[2025-01-28T22:29:45.656+0000] {processor.py:914} INFO - Processing file /home/airflow/.local/lib/python3.12/site-packages/airflow/example_dags/example_branch_operator.py for tasks to queue
[2025-01-28T22:29:45.658+0000] {logging_mixin.py:190} INFO - [2025-01-28T22:29:45.658+0000] {dagbag.py:588} INFO - Filling up the DagBag from /home/airflow/.local/lib/python3.12/site-packages/airflow/example_dags/example_branch_operator.py
[2025-01-28T22:29:45.678+0000] {processor.py:925} INFO - DAG(s) 'example_branch_operator' retrieved from /home/airflow/.local/lib/python3.12/site-packages/airflow/example_dags/example_branch_operator.py
[2025-01-28T22:29:45.709+0000] {logging_mixin.py:190} INFO - [2025-01-28T22:29:45.709+0000] {dag.py:3239} INFO - Sync 1 DAGs
[2025-01-28T22:29:45.734+0000] {logging_mixin.py:190} INFO - [2025-01-28T22:29:45.734+0000] {dag.py:4180} INFO - Setting next_dagrun for example_branch_operator to 2025-01-27 00:00:00+00:00, run_after=2025-01-28 00:00:00+00:00
[2025-01-28T22:29:45.758+0000] {processor.py:208} INFO - Processing /home/airflow/.local/lib/python3.12/site-packages/airflow/example_dags/example_branch_operator.py took 0.110 seconds
[2025-01-28T22:30:15.968+0000] {processor.py:186} INFO - Started process (PID=285) to work on /home/airflow/.local/lib/python3.12/site-packages/airflow/example_dags/example_branch_operator.py
[2025-01-28T22:30:15.969+0000] {processor.py:914} INFO - Processing file /home/airflow/.local/lib/python3.12/site-packages/airflow/example_dags/example_branch_operator.py for tasks to queue
[2025-01-28T22:30:15.972+0000] {logging_mixin.py:190} INFO - [2025-01-28T22:30:15.972+0000] {dagbag.py:588} INFO - Filling up the DagBag from /home/airflow/.local/lib/python3.12/site-packages/airflow/example_dags/example_branch_operator.py
[2025-01-28T22:30:15.992+0000] {processor.py:925} INFO - DAG(s) 'example_branch_operator' retrieved from /home/airflow/.local/lib/python3.12/site-packages/airflow/example_dags/example_branch_operator.py
[2025-01-28T22:30:16.025+0000] {logging_mixin.py:190} INFO - [2025-01-28T22:30:16.024+0000] {dag.py:3239} INFO - Sync 1 DAGs
[2025-01-28T22:30:16.054+0000] {logging_mixin.py:190} INFO - [2025-01-28T22:30:16.054+0000] {dag.py:4180} INFO - Setting next_dagrun for example_branch_operator to 2025-01-27 00:00:00+00:00, run_after=2025-01-28 00:00:00+00:00
[2025-01-28T22:30:16.087+0000] {processor.py:208} INFO - Processing /home/airflow/.local/lib/python3.12/site-packages/airflow/example_dags/example_branch_operator.py took 0.125 seconds
[2025-01-28T22:30:46.392+0000] {processor.py:186} INFO - Started process (PID=348) to work on /home/airflow/.local/lib/python3.12/site-packages/airflow/example_dags/example_branch_operator.py
[2025-01-28T22:30:46.394+0000] {processor.py:914} INFO - Processing file /home/airflow/.local/lib/python3.12/site-packages/airflow/example_dags/example_branch_operator.py for tasks to queue
[2025-01-28T22:30:46.396+0000] {logging_mixin.py:190} INFO - [2025-01-28T22:30:46.396+0000] {dagbag.py:588} INFO - Filling up the DagBag from /home/airflow/.local/lib/python3.12/site-packages/airflow/example_dags/example_branch_operator.py
[2025-01-28T22:30:46.417+0000] {processor.py:925} INFO - DAG(s) 'example_branch_operator' retrieved from /home/airflow/.local/lib/python3.12/site-packages/airflow/example_dags/example_branch_operator.py
[2025-01-28T22:30:46.449+0000] {logging_mixin.py:190} INFO - [2025-01-28T22:30:46.449+0000] {dag.py:3239} INFO - Sync 1 DAGs
[2025-01-28T22:30:46.479+0000] {logging_mixin.py:190} INFO - [2025-01-28T22:30:46.479+0000] {dag.py:4180} INFO - Setting next_dagrun for example_branch_operator to 2025-01-27 00:00:00+00:00, run_after=2025-01-28 00:00:00+00:00
[2025-01-28T22:30:46.526+0000] {processor.py:208} INFO - Processing /home/airflow/.local/lib/python3.12/site-packages/airflow/example_dags/example_branch_operator.py took 0.141 seconds
