[2025-01-28T22:09:21.297+0000] {processor.py:186} INFO - Started process (PID=84) to work on /home/airflow/.local/lib/python3.12/site-packages/airflow/example_dags/example_latest_only_with_trigger.py
[2025-01-28T22:09:21.298+0000] {processor.py:914} INFO - Processing file /home/airflow/.local/lib/python3.12/site-packages/airflow/example_dags/example_latest_only_with_trigger.py for tasks to queue
[2025-01-28T22:09:21.301+0000] {logging_mixin.py:190} INFO - [2025-01-28T22:09:21.300+0000] {dagbag.py:588} INFO - Filling up the DagBag from /home/airflow/.local/lib/python3.12/site-packages/airflow/example_dags/example_latest_only_with_trigger.py
[2025-01-28T22:09:21.325+0000] {processor.py:925} INFO - DAG(s) 'latest_only_with_trigger' retrieved from /home/airflow/.local/lib/python3.12/site-packages/airflow/example_dags/example_latest_only_with_trigger.py
[2025-01-28T22:09:21.639+0000] {logging_mixin.py:190} INFO - [2025-01-28T22:09:21.638+0000] {override.py:1911} INFO - Created Permission View: can delete on DAG:latest_only_with_trigger
[2025-01-28T22:09:21.652+0000] {logging_mixin.py:190} INFO - [2025-01-28T22:09:21.652+0000] {override.py:1911} INFO - Created Permission View: can edit on DAG:latest_only_with_trigger
[2025-01-28T22:09:21.663+0000] {logging_mixin.py:190} INFO - [2025-01-28T22:09:21.663+0000] {override.py:1911} INFO - Created Permission View: can read on DAG:latest_only_with_trigger
[2025-01-28T22:09:21.678+0000] {logging_mixin.py:190} INFO - [2025-01-28T22:09:21.678+0000] {override.py:1911} INFO - Created Permission View: can create on DAG Run:latest_only_with_trigger
[2025-01-28T22:09:21.693+0000] {logging_mixin.py:190} INFO - [2025-01-28T22:09:21.692+0000] {override.py:1911} INFO - Created Permission View: can delete on DAG Run:latest_only_with_trigger
[2025-01-28T22:09:21.703+0000] {logging_mixin.py:190} INFO - [2025-01-28T22:09:21.703+0000] {override.py:1911} INFO - Created Permission View: menu access on DAG Run:latest_only_with_trigger
[2025-01-28T22:09:21.713+0000] {logging_mixin.py:190} INFO - [2025-01-28T22:09:21.713+0000] {override.py:1911} INFO - Created Permission View: can read on DAG Run:latest_only_with_trigger
[2025-01-28T22:09:21.714+0000] {logging_mixin.py:190} INFO - [2025-01-28T22:09:21.714+0000] {dag.py:3239} INFO - Sync 1 DAGs
[2025-01-28T22:09:21.729+0000] {logging_mixin.py:190} INFO - [2025-01-28T22:09:21.729+0000] {dag.py:3262} INFO - Creating ORM DAG for latest_only_with_trigger
[2025-01-28T22:09:21.743+0000] {logging_mixin.py:190} INFO - [2025-01-28T22:09:21.743+0000] {dag.py:4180} INFO - Setting next_dagrun for latest_only_with_trigger to 2025-01-28 16:00:00+00:00, run_after=2025-01-28 20:00:00+00:00
[2025-01-28T22:09:21.764+0000] {processor.py:208} INFO - Processing /home/airflow/.local/lib/python3.12/site-packages/airflow/example_dags/example_latest_only_with_trigger.py took 0.472 seconds
[2025-01-28T22:09:52.058+0000] {processor.py:186} INFO - Started process (PID=147) to work on /home/airflow/.local/lib/python3.12/site-packages/airflow/example_dags/example_latest_only_with_trigger.py
[2025-01-28T22:09:52.060+0000] {processor.py:914} INFO - Processing file /home/airflow/.local/lib/python3.12/site-packages/airflow/example_dags/example_latest_only_with_trigger.py for tasks to queue
[2025-01-28T22:09:52.063+0000] {logging_mixin.py:190} INFO - [2025-01-28T22:09:52.063+0000] {dagbag.py:588} INFO - Filling up the DagBag from /home/airflow/.local/lib/python3.12/site-packages/airflow/example_dags/example_latest_only_with_trigger.py
[2025-01-28T22:09:52.071+0000] {processor.py:925} INFO - DAG(s) 'latest_only_with_trigger' retrieved from /home/airflow/.local/lib/python3.12/site-packages/airflow/example_dags/example_latest_only_with_trigger.py
[2025-01-28T22:09:52.093+0000] {logging_mixin.py:190} INFO - [2025-01-28T22:09:52.093+0000] {dag.py:3239} INFO - Sync 1 DAGs
[2025-01-28T22:09:52.120+0000] {logging_mixin.py:190} INFO - [2025-01-28T22:09:52.120+0000] {dag.py:4180} INFO - Setting next_dagrun for latest_only_with_trigger to 2025-01-28 16:00:00+00:00, run_after=2025-01-28 20:00:00+00:00
[2025-01-28T22:09:52.147+0000] {processor.py:208} INFO - Processing /home/airflow/.local/lib/python3.12/site-packages/airflow/example_dags/example_latest_only_with_trigger.py took 0.095 seconds
[2025-01-28T22:10:22.504+0000] {processor.py:186} INFO - Started process (PID=210) to work on /home/airflow/.local/lib/python3.12/site-packages/airflow/example_dags/example_latest_only_with_trigger.py
[2025-01-28T22:10:22.505+0000] {processor.py:914} INFO - Processing file /home/airflow/.local/lib/python3.12/site-packages/airflow/example_dags/example_latest_only_with_trigger.py for tasks to queue
[2025-01-28T22:10:22.508+0000] {logging_mixin.py:190} INFO - [2025-01-28T22:10:22.508+0000] {dagbag.py:588} INFO - Filling up the DagBag from /home/airflow/.local/lib/python3.12/site-packages/airflow/example_dags/example_latest_only_with_trigger.py
[2025-01-28T22:10:22.516+0000] {processor.py:925} INFO - DAG(s) 'latest_only_with_trigger' retrieved from /home/airflow/.local/lib/python3.12/site-packages/airflow/example_dags/example_latest_only_with_trigger.py
[2025-01-28T22:10:22.539+0000] {logging_mixin.py:190} INFO - [2025-01-28T22:10:22.538+0000] {dag.py:3239} INFO - Sync 1 DAGs
[2025-01-28T22:10:22.565+0000] {logging_mixin.py:190} INFO - [2025-01-28T22:10:22.565+0000] {dag.py:4180} INFO - Setting next_dagrun for latest_only_with_trigger to 2025-01-28 16:00:00+00:00, run_after=2025-01-28 20:00:00+00:00
[2025-01-28T22:10:22.588+0000] {processor.py:208} INFO - Processing /home/airflow/.local/lib/python3.12/site-packages/airflow/example_dags/example_latest_only_with_trigger.py took 0.090 seconds
[2025-01-28T22:10:52.684+0000] {processor.py:186} INFO - Started process (PID=273) to work on /home/airflow/.local/lib/python3.12/site-packages/airflow/example_dags/example_latest_only_with_trigger.py
[2025-01-28T22:10:52.686+0000] {processor.py:914} INFO - Processing file /home/airflow/.local/lib/python3.12/site-packages/airflow/example_dags/example_latest_only_with_trigger.py for tasks to queue
[2025-01-28T22:10:52.689+0000] {logging_mixin.py:190} INFO - [2025-01-28T22:10:52.688+0000] {dagbag.py:588} INFO - Filling up the DagBag from /home/airflow/.local/lib/python3.12/site-packages/airflow/example_dags/example_latest_only_with_trigger.py
[2025-01-28T22:10:52.697+0000] {processor.py:925} INFO - DAG(s) 'latest_only_with_trigger' retrieved from /home/airflow/.local/lib/python3.12/site-packages/airflow/example_dags/example_latest_only_with_trigger.py
[2025-01-28T22:10:52.720+0000] {logging_mixin.py:190} INFO - [2025-01-28T22:10:52.720+0000] {dag.py:3239} INFO - Sync 1 DAGs
[2025-01-28T22:10:52.747+0000] {logging_mixin.py:190} INFO - [2025-01-28T22:10:52.747+0000] {dag.py:4180} INFO - Setting next_dagrun for latest_only_with_trigger to 2025-01-28 16:00:00+00:00, run_after=2025-01-28 20:00:00+00:00
[2025-01-28T22:10:52.780+0000] {processor.py:208} INFO - Processing /home/airflow/.local/lib/python3.12/site-packages/airflow/example_dags/example_latest_only_with_trigger.py took 0.102 seconds
[2025-01-28T22:11:22.993+0000] {processor.py:186} INFO - Started process (PID=336) to work on /home/airflow/.local/lib/python3.12/site-packages/airflow/example_dags/example_latest_only_with_trigger.py
[2025-01-28T22:11:22.995+0000] {processor.py:914} INFO - Processing file /home/airflow/.local/lib/python3.12/site-packages/airflow/example_dags/example_latest_only_with_trigger.py for tasks to queue
[2025-01-28T22:11:22.997+0000] {logging_mixin.py:190} INFO - [2025-01-28T22:11:22.997+0000] {dagbag.py:588} INFO - Filling up the DagBag from /home/airflow/.local/lib/python3.12/site-packages/airflow/example_dags/example_latest_only_with_trigger.py
[2025-01-28T22:11:23.006+0000] {processor.py:925} INFO - DAG(s) 'latest_only_with_trigger' retrieved from /home/airflow/.local/lib/python3.12/site-packages/airflow/example_dags/example_latest_only_with_trigger.py
[2025-01-28T22:11:23.031+0000] {logging_mixin.py:190} INFO - [2025-01-28T22:11:23.031+0000] {dag.py:3239} INFO - Sync 1 DAGs
[2025-01-28T22:11:23.064+0000] {logging_mixin.py:190} INFO - [2025-01-28T22:11:23.064+0000] {dag.py:4180} INFO - Setting next_dagrun for latest_only_with_trigger to 2025-01-28 16:00:00+00:00, run_after=2025-01-28 20:00:00+00:00
[2025-01-28T22:11:23.089+0000] {processor.py:208} INFO - Processing /home/airflow/.local/lib/python3.12/site-packages/airflow/example_dags/example_latest_only_with_trigger.py took 0.102 seconds
[2025-01-28T22:11:53.937+0000] {processor.py:186} INFO - Started process (PID=399) to work on /home/airflow/.local/lib/python3.12/site-packages/airflow/example_dags/example_latest_only_with_trigger.py
[2025-01-28T22:11:53.938+0000] {processor.py:914} INFO - Processing file /home/airflow/.local/lib/python3.12/site-packages/airflow/example_dags/example_latest_only_with_trigger.py for tasks to queue
[2025-01-28T22:11:53.941+0000] {logging_mixin.py:190} INFO - [2025-01-28T22:11:53.941+0000] {dagbag.py:588} INFO - Filling up the DagBag from /home/airflow/.local/lib/python3.12/site-packages/airflow/example_dags/example_latest_only_with_trigger.py
[2025-01-28T22:11:53.950+0000] {processor.py:925} INFO - DAG(s) 'latest_only_with_trigger' retrieved from /home/airflow/.local/lib/python3.12/site-packages/airflow/example_dags/example_latest_only_with_trigger.py
[2025-01-28T22:11:53.973+0000] {logging_mixin.py:190} INFO - [2025-01-28T22:11:53.973+0000] {dag.py:3239} INFO - Sync 1 DAGs
[2025-01-28T22:11:54.004+0000] {logging_mixin.py:190} INFO - [2025-01-28T22:11:54.003+0000] {dag.py:4180} INFO - Setting next_dagrun for latest_only_with_trigger to 2025-01-28 16:00:00+00:00, run_after=2025-01-28 20:00:00+00:00
[2025-01-28T22:11:54.028+0000] {processor.py:208} INFO - Processing /home/airflow/.local/lib/python3.12/site-packages/airflow/example_dags/example_latest_only_with_trigger.py took 0.098 seconds
[2025-01-28T22:12:24.223+0000] {processor.py:186} INFO - Started process (PID=462) to work on /home/airflow/.local/lib/python3.12/site-packages/airflow/example_dags/example_latest_only_with_trigger.py
[2025-01-28T22:12:24.224+0000] {processor.py:914} INFO - Processing file /home/airflow/.local/lib/python3.12/site-packages/airflow/example_dags/example_latest_only_with_trigger.py for tasks to queue
[2025-01-28T22:12:24.227+0000] {logging_mixin.py:190} INFO - [2025-01-28T22:12:24.227+0000] {dagbag.py:588} INFO - Filling up the DagBag from /home/airflow/.local/lib/python3.12/site-packages/airflow/example_dags/example_latest_only_with_trigger.py
[2025-01-28T22:12:24.236+0000] {processor.py:925} INFO - DAG(s) 'latest_only_with_trigger' retrieved from /home/airflow/.local/lib/python3.12/site-packages/airflow/example_dags/example_latest_only_with_trigger.py
[2025-01-28T22:12:24.259+0000] {logging_mixin.py:190} INFO - [2025-01-28T22:12:24.259+0000] {dag.py:3239} INFO - Sync 1 DAGs
[2025-01-28T22:12:24.284+0000] {logging_mixin.py:190} INFO - [2025-01-28T22:12:24.284+0000] {dag.py:4180} INFO - Setting next_dagrun for latest_only_with_trigger to 2025-01-28 16:00:00+00:00, run_after=2025-01-28 20:00:00+00:00
[2025-01-28T22:12:24.308+0000] {processor.py:208} INFO - Processing /home/airflow/.local/lib/python3.12/site-packages/airflow/example_dags/example_latest_only_with_trigger.py took 0.092 seconds
[2025-01-28T22:12:54.397+0000] {processor.py:186} INFO - Started process (PID=525) to work on /home/airflow/.local/lib/python3.12/site-packages/airflow/example_dags/example_latest_only_with_trigger.py
[2025-01-28T22:12:54.399+0000] {processor.py:914} INFO - Processing file /home/airflow/.local/lib/python3.12/site-packages/airflow/example_dags/example_latest_only_with_trigger.py for tasks to queue
[2025-01-28T22:12:54.401+0000] {logging_mixin.py:190} INFO - [2025-01-28T22:12:54.401+0000] {dagbag.py:588} INFO - Filling up the DagBag from /home/airflow/.local/lib/python3.12/site-packages/airflow/example_dags/example_latest_only_with_trigger.py
[2025-01-28T22:12:54.411+0000] {processor.py:925} INFO - DAG(s) 'latest_only_with_trigger' retrieved from /home/airflow/.local/lib/python3.12/site-packages/airflow/example_dags/example_latest_only_with_trigger.py
[2025-01-28T22:12:54.434+0000] {logging_mixin.py:190} INFO - [2025-01-28T22:12:54.434+0000] {dag.py:3239} INFO - Sync 1 DAGs
[2025-01-28T22:12:54.467+0000] {logging_mixin.py:190} INFO - [2025-01-28T22:12:54.467+0000] {dag.py:4180} INFO - Setting next_dagrun for latest_only_with_trigger to 2025-01-28 16:00:00+00:00, run_after=2025-01-28 20:00:00+00:00
[2025-01-28T22:12:54.504+0000] {processor.py:208} INFO - Processing /home/airflow/.local/lib/python3.12/site-packages/airflow/example_dags/example_latest_only_with_trigger.py took 0.113 seconds
[2025-01-28T22:13:25.099+0000] {processor.py:186} INFO - Started process (PID=588) to work on /home/airflow/.local/lib/python3.12/site-packages/airflow/example_dags/example_latest_only_with_trigger.py
[2025-01-28T22:13:25.101+0000] {processor.py:914} INFO - Processing file /home/airflow/.local/lib/python3.12/site-packages/airflow/example_dags/example_latest_only_with_trigger.py for tasks to queue
[2025-01-28T22:13:25.103+0000] {logging_mixin.py:190} INFO - [2025-01-28T22:13:25.103+0000] {dagbag.py:588} INFO - Filling up the DagBag from /home/airflow/.local/lib/python3.12/site-packages/airflow/example_dags/example_latest_only_with_trigger.py
[2025-01-28T22:13:25.112+0000] {processor.py:925} INFO - DAG(s) 'latest_only_with_trigger' retrieved from /home/airflow/.local/lib/python3.12/site-packages/airflow/example_dags/example_latest_only_with_trigger.py
[2025-01-28T22:13:25.134+0000] {logging_mixin.py:190} INFO - [2025-01-28T22:13:25.134+0000] {dag.py:3239} INFO - Sync 1 DAGs
[2025-01-28T22:13:25.160+0000] {logging_mixin.py:190} INFO - [2025-01-28T22:13:25.160+0000] {dag.py:4180} INFO - Setting next_dagrun for latest_only_with_trigger to 2025-01-28 16:00:00+00:00, run_after=2025-01-28 20:00:00+00:00
[2025-01-28T22:13:25.197+0000] {processor.py:208} INFO - Processing /home/airflow/.local/lib/python3.12/site-packages/airflow/example_dags/example_latest_only_with_trigger.py took 0.105 seconds
[2025-01-28T22:13:55.490+0000] {processor.py:186} INFO - Started process (PID=651) to work on /home/airflow/.local/lib/python3.12/site-packages/airflow/example_dags/example_latest_only_with_trigger.py
[2025-01-28T22:13:55.492+0000] {processor.py:914} INFO - Processing file /home/airflow/.local/lib/python3.12/site-packages/airflow/example_dags/example_latest_only_with_trigger.py for tasks to queue
[2025-01-28T22:13:55.494+0000] {logging_mixin.py:190} INFO - [2025-01-28T22:13:55.494+0000] {dagbag.py:588} INFO - Filling up the DagBag from /home/airflow/.local/lib/python3.12/site-packages/airflow/example_dags/example_latest_only_with_trigger.py
[2025-01-28T22:13:55.502+0000] {processor.py:925} INFO - DAG(s) 'latest_only_with_trigger' retrieved from /home/airflow/.local/lib/python3.12/site-packages/airflow/example_dags/example_latest_only_with_trigger.py
[2025-01-28T22:13:55.526+0000] {logging_mixin.py:190} INFO - [2025-01-28T22:13:55.526+0000] {dag.py:3239} INFO - Sync 1 DAGs
[2025-01-28T22:13:55.552+0000] {logging_mixin.py:190} INFO - [2025-01-28T22:13:55.552+0000] {dag.py:4180} INFO - Setting next_dagrun for latest_only_with_trigger to 2025-01-28 16:00:00+00:00, run_after=2025-01-28 20:00:00+00:00
[2025-01-28T22:13:55.592+0000] {processor.py:208} INFO - Processing /home/airflow/.local/lib/python3.12/site-packages/airflow/example_dags/example_latest_only_with_trigger.py took 0.109 seconds
[2025-01-28T22:14:26.140+0000] {processor.py:186} INFO - Started process (PID=714) to work on /home/airflow/.local/lib/python3.12/site-packages/airflow/example_dags/example_latest_only_with_trigger.py
[2025-01-28T22:14:26.141+0000] {processor.py:914} INFO - Processing file /home/airflow/.local/lib/python3.12/site-packages/airflow/example_dags/example_latest_only_with_trigger.py for tasks to queue
[2025-01-28T22:14:26.144+0000] {logging_mixin.py:190} INFO - [2025-01-28T22:14:26.143+0000] {dagbag.py:588} INFO - Filling up the DagBag from /home/airflow/.local/lib/python3.12/site-packages/airflow/example_dags/example_latest_only_with_trigger.py
[2025-01-28T22:14:26.152+0000] {processor.py:925} INFO - DAG(s) 'latest_only_with_trigger' retrieved from /home/airflow/.local/lib/python3.12/site-packages/airflow/example_dags/example_latest_only_with_trigger.py
[2025-01-28T22:14:26.178+0000] {logging_mixin.py:190} INFO - [2025-01-28T22:14:26.177+0000] {dag.py:3239} INFO - Sync 1 DAGs
[2025-01-28T22:14:26.204+0000] {logging_mixin.py:190} INFO - [2025-01-28T22:14:26.203+0000] {dag.py:4180} INFO - Setting next_dagrun for latest_only_with_trigger to 2025-01-28 16:00:00+00:00, run_after=2025-01-28 20:00:00+00:00
[2025-01-28T22:14:26.227+0000] {processor.py:208} INFO - Processing /home/airflow/.local/lib/python3.12/site-packages/airflow/example_dags/example_latest_only_with_trigger.py took 0.093 seconds
[2025-01-28T22:14:56.759+0000] {processor.py:186} INFO - Started process (PID=777) to work on /home/airflow/.local/lib/python3.12/site-packages/airflow/example_dags/example_latest_only_with_trigger.py
[2025-01-28T22:14:56.761+0000] {processor.py:914} INFO - Processing file /home/airflow/.local/lib/python3.12/site-packages/airflow/example_dags/example_latest_only_with_trigger.py for tasks to queue
[2025-01-28T22:14:56.765+0000] {logging_mixin.py:190} INFO - [2025-01-28T22:14:56.765+0000] {dagbag.py:588} INFO - Filling up the DagBag from /home/airflow/.local/lib/python3.12/site-packages/airflow/example_dags/example_latest_only_with_trigger.py
[2025-01-28T22:14:56.774+0000] {processor.py:925} INFO - DAG(s) 'latest_only_with_trigger' retrieved from /home/airflow/.local/lib/python3.12/site-packages/airflow/example_dags/example_latest_only_with_trigger.py
[2025-01-28T22:14:56.799+0000] {logging_mixin.py:190} INFO - [2025-01-28T22:14:56.798+0000] {dag.py:3239} INFO - Sync 1 DAGs
[2025-01-28T22:14:56.825+0000] {logging_mixin.py:190} INFO - [2025-01-28T22:14:56.825+0000] {dag.py:4180} INFO - Setting next_dagrun for latest_only_with_trigger to 2025-01-28 16:00:00+00:00, run_after=2025-01-28 20:00:00+00:00
[2025-01-28T22:14:56.853+0000] {processor.py:208} INFO - Processing /home/airflow/.local/lib/python3.12/site-packages/airflow/example_dags/example_latest_only_with_trigger.py took 0.100 seconds
[2025-01-28T22:15:27.382+0000] {processor.py:186} INFO - Started process (PID=840) to work on /home/airflow/.local/lib/python3.12/site-packages/airflow/example_dags/example_latest_only_with_trigger.py
[2025-01-28T22:15:27.386+0000] {processor.py:914} INFO - Processing file /home/airflow/.local/lib/python3.12/site-packages/airflow/example_dags/example_latest_only_with_trigger.py for tasks to queue
[2025-01-28T22:15:27.389+0000] {logging_mixin.py:190} INFO - [2025-01-28T22:15:27.389+0000] {dagbag.py:588} INFO - Filling up the DagBag from /home/airflow/.local/lib/python3.12/site-packages/airflow/example_dags/example_latest_only_with_trigger.py
[2025-01-28T22:15:27.397+0000] {processor.py:925} INFO - DAG(s) 'latest_only_with_trigger' retrieved from /home/airflow/.local/lib/python3.12/site-packages/airflow/example_dags/example_latest_only_with_trigger.py
[2025-01-28T22:15:27.423+0000] {logging_mixin.py:190} INFO - [2025-01-28T22:15:27.423+0000] {dag.py:3239} INFO - Sync 1 DAGs
[2025-01-28T22:15:27.448+0000] {logging_mixin.py:190} INFO - [2025-01-28T22:15:27.448+0000] {dag.py:4180} INFO - Setting next_dagrun for latest_only_with_trigger to 2025-01-28 16:00:00+00:00, run_after=2025-01-28 20:00:00+00:00
[2025-01-28T22:15:27.470+0000] {processor.py:208} INFO - Processing /home/airflow/.local/lib/python3.12/site-packages/airflow/example_dags/example_latest_only_with_trigger.py took 0.095 seconds
[2025-01-28T22:15:57.814+0000] {processor.py:186} INFO - Started process (PID=903) to work on /home/airflow/.local/lib/python3.12/site-packages/airflow/example_dags/example_latest_only_with_trigger.py
[2025-01-28T22:15:57.815+0000] {processor.py:914} INFO - Processing file /home/airflow/.local/lib/python3.12/site-packages/airflow/example_dags/example_latest_only_with_trigger.py for tasks to queue
[2025-01-28T22:15:57.819+0000] {logging_mixin.py:190} INFO - [2025-01-28T22:15:57.818+0000] {dagbag.py:588} INFO - Filling up the DagBag from /home/airflow/.local/lib/python3.12/site-packages/airflow/example_dags/example_latest_only_with_trigger.py
[2025-01-28T22:15:57.827+0000] {processor.py:925} INFO - DAG(s) 'latest_only_with_trigger' retrieved from /home/airflow/.local/lib/python3.12/site-packages/airflow/example_dags/example_latest_only_with_trigger.py
[2025-01-28T22:15:57.849+0000] {logging_mixin.py:190} INFO - [2025-01-28T22:15:57.849+0000] {dag.py:3239} INFO - Sync 1 DAGs
[2025-01-28T22:15:57.873+0000] {logging_mixin.py:190} INFO - [2025-01-28T22:15:57.873+0000] {dag.py:4180} INFO - Setting next_dagrun for latest_only_with_trigger to 2025-01-28 16:00:00+00:00, run_after=2025-01-28 20:00:00+00:00
[2025-01-28T22:15:57.896+0000] {processor.py:208} INFO - Processing /home/airflow/.local/lib/python3.12/site-packages/airflow/example_dags/example_latest_only_with_trigger.py took 0.088 seconds
[2025-01-28T22:16:28.476+0000] {processor.py:186} INFO - Started process (PID=967) to work on /home/airflow/.local/lib/python3.12/site-packages/airflow/example_dags/example_latest_only_with_trigger.py
[2025-01-28T22:16:28.478+0000] {processor.py:914} INFO - Processing file /home/airflow/.local/lib/python3.12/site-packages/airflow/example_dags/example_latest_only_with_trigger.py for tasks to queue
[2025-01-28T22:16:28.481+0000] {logging_mixin.py:190} INFO - [2025-01-28T22:16:28.481+0000] {dagbag.py:588} INFO - Filling up the DagBag from /home/airflow/.local/lib/python3.12/site-packages/airflow/example_dags/example_latest_only_with_trigger.py
[2025-01-28T22:16:28.489+0000] {processor.py:925} INFO - DAG(s) 'latest_only_with_trigger' retrieved from /home/airflow/.local/lib/python3.12/site-packages/airflow/example_dags/example_latest_only_with_trigger.py
[2025-01-28T22:16:28.511+0000] {logging_mixin.py:190} INFO - [2025-01-28T22:16:28.511+0000] {dag.py:3239} INFO - Sync 1 DAGs
[2025-01-28T22:16:28.537+0000] {logging_mixin.py:190} INFO - [2025-01-28T22:16:28.536+0000] {dag.py:4180} INFO - Setting next_dagrun for latest_only_with_trigger to 2025-01-28 16:00:00+00:00, run_after=2025-01-28 20:00:00+00:00
[2025-01-28T22:16:28.569+0000] {processor.py:208} INFO - Processing /home/airflow/.local/lib/python3.12/site-packages/airflow/example_dags/example_latest_only_with_trigger.py took 0.099 seconds
[2025-01-28T22:16:58.873+0000] {processor.py:186} INFO - Started process (PID=1030) to work on /home/airflow/.local/lib/python3.12/site-packages/airflow/example_dags/example_latest_only_with_trigger.py
[2025-01-28T22:16:58.875+0000] {processor.py:914} INFO - Processing file /home/airflow/.local/lib/python3.12/site-packages/airflow/example_dags/example_latest_only_with_trigger.py for tasks to queue
[2025-01-28T22:16:58.879+0000] {logging_mixin.py:190} INFO - [2025-01-28T22:16:58.878+0000] {dagbag.py:588} INFO - Filling up the DagBag from /home/airflow/.local/lib/python3.12/site-packages/airflow/example_dags/example_latest_only_with_trigger.py
[2025-01-28T22:16:58.887+0000] {processor.py:925} INFO - DAG(s) 'latest_only_with_trigger' retrieved from /home/airflow/.local/lib/python3.12/site-packages/airflow/example_dags/example_latest_only_with_trigger.py
[2025-01-28T22:16:58.915+0000] {logging_mixin.py:190} INFO - [2025-01-28T22:16:58.915+0000] {dag.py:3239} INFO - Sync 1 DAGs
[2025-01-28T22:16:58.941+0000] {logging_mixin.py:190} INFO - [2025-01-28T22:16:58.941+0000] {dag.py:4180} INFO - Setting next_dagrun for latest_only_with_trigger to 2025-01-28 16:00:00+00:00, run_after=2025-01-28 20:00:00+00:00
[2025-01-28T22:16:58.971+0000] {processor.py:208} INFO - Processing /home/airflow/.local/lib/python3.12/site-packages/airflow/example_dags/example_latest_only_with_trigger.py took 0.104 seconds
[2025-01-28T22:17:29.232+0000] {processor.py:186} INFO - Started process (PID=1093) to work on /home/airflow/.local/lib/python3.12/site-packages/airflow/example_dags/example_latest_only_with_trigger.py
[2025-01-28T22:17:29.234+0000] {processor.py:914} INFO - Processing file /home/airflow/.local/lib/python3.12/site-packages/airflow/example_dags/example_latest_only_with_trigger.py for tasks to queue
[2025-01-28T22:17:29.237+0000] {logging_mixin.py:190} INFO - [2025-01-28T22:17:29.237+0000] {dagbag.py:588} INFO - Filling up the DagBag from /home/airflow/.local/lib/python3.12/site-packages/airflow/example_dags/example_latest_only_with_trigger.py
[2025-01-28T22:17:29.246+0000] {processor.py:925} INFO - DAG(s) 'latest_only_with_trigger' retrieved from /home/airflow/.local/lib/python3.12/site-packages/airflow/example_dags/example_latest_only_with_trigger.py
[2025-01-28T22:17:29.269+0000] {logging_mixin.py:190} INFO - [2025-01-28T22:17:29.269+0000] {dag.py:3239} INFO - Sync 1 DAGs
[2025-01-28T22:17:29.296+0000] {logging_mixin.py:190} INFO - [2025-01-28T22:17:29.295+0000] {dag.py:4180} INFO - Setting next_dagrun for latest_only_with_trigger to 2025-01-28 16:00:00+00:00, run_after=2025-01-28 20:00:00+00:00
[2025-01-28T22:17:29.318+0000] {processor.py:208} INFO - Processing /home/airflow/.local/lib/python3.12/site-packages/airflow/example_dags/example_latest_only_with_trigger.py took 0.092 seconds
[2025-01-28T22:17:59.950+0000] {processor.py:186} INFO - Started process (PID=1156) to work on /home/airflow/.local/lib/python3.12/site-packages/airflow/example_dags/example_latest_only_with_trigger.py
[2025-01-28T22:17:59.955+0000] {processor.py:914} INFO - Processing file /home/airflow/.local/lib/python3.12/site-packages/airflow/example_dags/example_latest_only_with_trigger.py for tasks to queue
[2025-01-28T22:17:59.958+0000] {logging_mixin.py:190} INFO - [2025-01-28T22:17:59.957+0000] {dagbag.py:588} INFO - Filling up the DagBag from /home/airflow/.local/lib/python3.12/site-packages/airflow/example_dags/example_latest_only_with_trigger.py
[2025-01-28T22:17:59.966+0000] {processor.py:925} INFO - DAG(s) 'latest_only_with_trigger' retrieved from /home/airflow/.local/lib/python3.12/site-packages/airflow/example_dags/example_latest_only_with_trigger.py
[2025-01-28T22:17:59.990+0000] {logging_mixin.py:190} INFO - [2025-01-28T22:17:59.990+0000] {dag.py:3239} INFO - Sync 1 DAGs
[2025-01-28T22:18:00.016+0000] {logging_mixin.py:190} INFO - [2025-01-28T22:18:00.016+0000] {dag.py:4180} INFO - Setting next_dagrun for latest_only_with_trigger to 2025-01-28 16:00:00+00:00, run_after=2025-01-28 20:00:00+00:00
[2025-01-28T22:18:00.040+0000] {processor.py:208} INFO - Processing /home/airflow/.local/lib/python3.12/site-packages/airflow/example_dags/example_latest_only_with_trigger.py took 0.096 seconds
[2025-01-28T22:18:30.970+0000] {processor.py:186} INFO - Started process (PID=1219) to work on /home/airflow/.local/lib/python3.12/site-packages/airflow/example_dags/example_latest_only_with_trigger.py
[2025-01-28T22:18:30.972+0000] {processor.py:914} INFO - Processing file /home/airflow/.local/lib/python3.12/site-packages/airflow/example_dags/example_latest_only_with_trigger.py for tasks to queue
[2025-01-28T22:18:30.976+0000] {logging_mixin.py:190} INFO - [2025-01-28T22:18:30.976+0000] {dagbag.py:588} INFO - Filling up the DagBag from /home/airflow/.local/lib/python3.12/site-packages/airflow/example_dags/example_latest_only_with_trigger.py
[2025-01-28T22:18:30.985+0000] {processor.py:925} INFO - DAG(s) 'latest_only_with_trigger' retrieved from /home/airflow/.local/lib/python3.12/site-packages/airflow/example_dags/example_latest_only_with_trigger.py
[2025-01-28T22:18:31.010+0000] {logging_mixin.py:190} INFO - [2025-01-28T22:18:31.010+0000] {dag.py:3239} INFO - Sync 1 DAGs
[2025-01-28T22:18:31.036+0000] {logging_mixin.py:190} INFO - [2025-01-28T22:18:31.035+0000] {dag.py:4180} INFO - Setting next_dagrun for latest_only_with_trigger to 2025-01-28 16:00:00+00:00, run_after=2025-01-28 20:00:00+00:00
[2025-01-28T22:18:31.059+0000] {processor.py:208} INFO - Processing /home/airflow/.local/lib/python3.12/site-packages/airflow/example_dags/example_latest_only_with_trigger.py took 0.096 seconds
[2025-01-28T22:19:01.190+0000] {processor.py:186} INFO - Started process (PID=1282) to work on /home/airflow/.local/lib/python3.12/site-packages/airflow/example_dags/example_latest_only_with_trigger.py
[2025-01-28T22:19:01.192+0000] {processor.py:914} INFO - Processing file /home/airflow/.local/lib/python3.12/site-packages/airflow/example_dags/example_latest_only_with_trigger.py for tasks to queue
[2025-01-28T22:19:01.195+0000] {logging_mixin.py:190} INFO - [2025-01-28T22:19:01.195+0000] {dagbag.py:588} INFO - Filling up the DagBag from /home/airflow/.local/lib/python3.12/site-packages/airflow/example_dags/example_latest_only_with_trigger.py
[2025-01-28T22:19:01.204+0000] {processor.py:925} INFO - DAG(s) 'latest_only_with_trigger' retrieved from /home/airflow/.local/lib/python3.12/site-packages/airflow/example_dags/example_latest_only_with_trigger.py
[2025-01-28T22:19:01.227+0000] {logging_mixin.py:190} INFO - [2025-01-28T22:19:01.227+0000] {dag.py:3239} INFO - Sync 1 DAGs
[2025-01-28T22:19:01.254+0000] {logging_mixin.py:190} INFO - [2025-01-28T22:19:01.254+0000] {dag.py:4180} INFO - Setting next_dagrun for latest_only_with_trigger to 2025-01-28 16:00:00+00:00, run_after=2025-01-28 20:00:00+00:00
[2025-01-28T22:19:01.280+0000] {processor.py:208} INFO - Processing /home/airflow/.local/lib/python3.12/site-packages/airflow/example_dags/example_latest_only_with_trigger.py took 0.096 seconds
[2025-01-28T22:19:31.418+0000] {processor.py:186} INFO - Started process (PID=1345) to work on /home/airflow/.local/lib/python3.12/site-packages/airflow/example_dags/example_latest_only_with_trigger.py
[2025-01-28T22:19:31.419+0000] {processor.py:914} INFO - Processing file /home/airflow/.local/lib/python3.12/site-packages/airflow/example_dags/example_latest_only_with_trigger.py for tasks to queue
[2025-01-28T22:19:31.422+0000] {logging_mixin.py:190} INFO - [2025-01-28T22:19:31.422+0000] {dagbag.py:588} INFO - Filling up the DagBag from /home/airflow/.local/lib/python3.12/site-packages/airflow/example_dags/example_latest_only_with_trigger.py
[2025-01-28T22:19:31.431+0000] {processor.py:925} INFO - DAG(s) 'latest_only_with_trigger' retrieved from /home/airflow/.local/lib/python3.12/site-packages/airflow/example_dags/example_latest_only_with_trigger.py
[2025-01-28T22:19:31.452+0000] {logging_mixin.py:190} INFO - [2025-01-28T22:19:31.452+0000] {dag.py:3239} INFO - Sync 1 DAGs
[2025-01-28T22:19:31.478+0000] {logging_mixin.py:190} INFO - [2025-01-28T22:19:31.478+0000] {dag.py:4180} INFO - Setting next_dagrun for latest_only_with_trigger to 2025-01-28 16:00:00+00:00, run_after=2025-01-28 20:00:00+00:00
[2025-01-28T22:19:31.506+0000] {processor.py:208} INFO - Processing /home/airflow/.local/lib/python3.12/site-packages/airflow/example_dags/example_latest_only_with_trigger.py took 0.094 seconds
[2025-01-28T22:20:01.746+0000] {processor.py:186} INFO - Started process (PID=1401) to work on /home/airflow/.local/lib/python3.12/site-packages/airflow/example_dags/example_latest_only_with_trigger.py
[2025-01-28T22:20:01.747+0000] {processor.py:914} INFO - Processing file /home/airflow/.local/lib/python3.12/site-packages/airflow/example_dags/example_latest_only_with_trigger.py for tasks to queue
[2025-01-28T22:20:01.751+0000] {logging_mixin.py:190} INFO - [2025-01-28T22:20:01.750+0000] {dagbag.py:588} INFO - Filling up the DagBag from /home/airflow/.local/lib/python3.12/site-packages/airflow/example_dags/example_latest_only_with_trigger.py
[2025-01-28T22:20:01.760+0000] {processor.py:925} INFO - DAG(s) 'latest_only_with_trigger' retrieved from /home/airflow/.local/lib/python3.12/site-packages/airflow/example_dags/example_latest_only_with_trigger.py
[2025-01-28T22:20:01.787+0000] {logging_mixin.py:190} INFO - [2025-01-28T22:20:01.787+0000] {dag.py:3239} INFO - Sync 1 DAGs
[2025-01-28T22:20:01.812+0000] {logging_mixin.py:190} INFO - [2025-01-28T22:20:01.812+0000] {dag.py:4180} INFO - Setting next_dagrun for latest_only_with_trigger to 2025-01-28 16:00:00+00:00, run_after=2025-01-28 20:00:00+00:00
[2025-01-28T22:20:01.833+0000] {processor.py:208} INFO - Processing /home/airflow/.local/lib/python3.12/site-packages/airflow/example_dags/example_latest_only_with_trigger.py took 0.093 seconds
[2025-01-28T22:20:32.690+0000] {processor.py:186} INFO - Started process (PID=1464) to work on /home/airflow/.local/lib/python3.12/site-packages/airflow/example_dags/example_latest_only_with_trigger.py
[2025-01-28T22:20:32.691+0000] {processor.py:914} INFO - Processing file /home/airflow/.local/lib/python3.12/site-packages/airflow/example_dags/example_latest_only_with_trigger.py for tasks to queue
[2025-01-28T22:20:32.695+0000] {logging_mixin.py:190} INFO - [2025-01-28T22:20:32.694+0000] {dagbag.py:588} INFO - Filling up the DagBag from /home/airflow/.local/lib/python3.12/site-packages/airflow/example_dags/example_latest_only_with_trigger.py
[2025-01-28T22:20:32.703+0000] {processor.py:925} INFO - DAG(s) 'latest_only_with_trigger' retrieved from /home/airflow/.local/lib/python3.12/site-packages/airflow/example_dags/example_latest_only_with_trigger.py
[2025-01-28T22:20:32.727+0000] {logging_mixin.py:190} INFO - [2025-01-28T22:20:32.727+0000] {dag.py:3239} INFO - Sync 1 DAGs
[2025-01-28T22:20:32.766+0000] {logging_mixin.py:190} INFO - [2025-01-28T22:20:32.766+0000] {dag.py:4180} INFO - Setting next_dagrun for latest_only_with_trigger to 2025-01-28 16:00:00+00:00, run_after=2025-01-28 20:00:00+00:00
[2025-01-28T22:20:32.793+0000] {processor.py:208} INFO - Processing /home/airflow/.local/lib/python3.12/site-packages/airflow/example_dags/example_latest_only_with_trigger.py took 0.110 seconds
[2025-01-28T22:21:04.650+0000] {processor.py:186} INFO - Started process (PID=1527) to work on /home/airflow/.local/lib/python3.12/site-packages/airflow/example_dags/example_latest_only_with_trigger.py
[2025-01-28T22:21:04.652+0000] {processor.py:914} INFO - Processing file /home/airflow/.local/lib/python3.12/site-packages/airflow/example_dags/example_latest_only_with_trigger.py for tasks to queue
[2025-01-28T22:21:04.655+0000] {logging_mixin.py:190} INFO - [2025-01-28T22:21:04.655+0000] {dagbag.py:588} INFO - Filling up the DagBag from /home/airflow/.local/lib/python3.12/site-packages/airflow/example_dags/example_latest_only_with_trigger.py
[2025-01-28T22:21:04.664+0000] {processor.py:925} INFO - DAG(s) 'latest_only_with_trigger' retrieved from /home/airflow/.local/lib/python3.12/site-packages/airflow/example_dags/example_latest_only_with_trigger.py
[2025-01-28T22:21:04.688+0000] {logging_mixin.py:190} INFO - [2025-01-28T22:21:04.687+0000] {dag.py:3239} INFO - Sync 1 DAGs
[2025-01-28T22:21:04.713+0000] {logging_mixin.py:190} INFO - [2025-01-28T22:21:04.713+0000] {dag.py:4180} INFO - Setting next_dagrun for latest_only_with_trigger to 2025-01-28 16:00:00+00:00, run_after=2025-01-28 20:00:00+00:00
[2025-01-28T22:21:04.738+0000] {processor.py:208} INFO - Processing /home/airflow/.local/lib/python3.12/site-packages/airflow/example_dags/example_latest_only_with_trigger.py took 0.094 seconds
[2025-01-28T22:21:35.521+0000] {processor.py:186} INFO - Started process (PID=1590) to work on /home/airflow/.local/lib/python3.12/site-packages/airflow/example_dags/example_latest_only_with_trigger.py
[2025-01-28T22:21:35.522+0000] {processor.py:914} INFO - Processing file /home/airflow/.local/lib/python3.12/site-packages/airflow/example_dags/example_latest_only_with_trigger.py for tasks to queue
[2025-01-28T22:21:35.525+0000] {logging_mixin.py:190} INFO - [2025-01-28T22:21:35.525+0000] {dagbag.py:588} INFO - Filling up the DagBag from /home/airflow/.local/lib/python3.12/site-packages/airflow/example_dags/example_latest_only_with_trigger.py
[2025-01-28T22:21:35.534+0000] {processor.py:925} INFO - DAG(s) 'latest_only_with_trigger' retrieved from /home/airflow/.local/lib/python3.12/site-packages/airflow/example_dags/example_latest_only_with_trigger.py
[2025-01-28T22:21:35.557+0000] {logging_mixin.py:190} INFO - [2025-01-28T22:21:35.557+0000] {dag.py:3239} INFO - Sync 1 DAGs
[2025-01-28T22:21:35.583+0000] {logging_mixin.py:190} INFO - [2025-01-28T22:21:35.583+0000] {dag.py:4180} INFO - Setting next_dagrun for latest_only_with_trigger to 2025-01-28 16:00:00+00:00, run_after=2025-01-28 20:00:00+00:00
[2025-01-28T22:21:35.613+0000] {processor.py:208} INFO - Processing /home/airflow/.local/lib/python3.12/site-packages/airflow/example_dags/example_latest_only_with_trigger.py took 0.099 seconds
[2025-01-28T22:22:06.918+0000] {processor.py:186} INFO - Started process (PID=1653) to work on /home/airflow/.local/lib/python3.12/site-packages/airflow/example_dags/example_latest_only_with_trigger.py
[2025-01-28T22:22:06.920+0000] {processor.py:914} INFO - Processing file /home/airflow/.local/lib/python3.12/site-packages/airflow/example_dags/example_latest_only_with_trigger.py for tasks to queue
[2025-01-28T22:22:06.923+0000] {logging_mixin.py:190} INFO - [2025-01-28T22:22:06.923+0000] {dagbag.py:588} INFO - Filling up the DagBag from /home/airflow/.local/lib/python3.12/site-packages/airflow/example_dags/example_latest_only_with_trigger.py
[2025-01-28T22:22:06.931+0000] {processor.py:925} INFO - DAG(s) 'latest_only_with_trigger' retrieved from /home/airflow/.local/lib/python3.12/site-packages/airflow/example_dags/example_latest_only_with_trigger.py
[2025-01-28T22:22:06.954+0000] {logging_mixin.py:190} INFO - [2025-01-28T22:22:06.954+0000] {dag.py:3239} INFO - Sync 1 DAGs
[2025-01-28T22:22:06.979+0000] {logging_mixin.py:190} INFO - [2025-01-28T22:22:06.979+0000] {dag.py:4180} INFO - Setting next_dagrun for latest_only_with_trigger to 2025-01-28 16:00:00+00:00, run_after=2025-01-28 20:00:00+00:00
[2025-01-28T22:22:07.020+0000] {processor.py:208} INFO - Processing /home/airflow/.local/lib/python3.12/site-packages/airflow/example_dags/example_latest_only_with_trigger.py took 0.108 seconds
[2025-01-28T22:22:38.349+0000] {processor.py:186} INFO - Started process (PID=1716) to work on /home/airflow/.local/lib/python3.12/site-packages/airflow/example_dags/example_latest_only_with_trigger.py
[2025-01-28T22:22:38.350+0000] {processor.py:914} INFO - Processing file /home/airflow/.local/lib/python3.12/site-packages/airflow/example_dags/example_latest_only_with_trigger.py for tasks to queue
[2025-01-28T22:22:38.354+0000] {logging_mixin.py:190} INFO - [2025-01-28T22:22:38.354+0000] {dagbag.py:588} INFO - Filling up the DagBag from /home/airflow/.local/lib/python3.12/site-packages/airflow/example_dags/example_latest_only_with_trigger.py
[2025-01-28T22:22:38.363+0000] {processor.py:925} INFO - DAG(s) 'latest_only_with_trigger' retrieved from /home/airflow/.local/lib/python3.12/site-packages/airflow/example_dags/example_latest_only_with_trigger.py
[2025-01-28T22:22:38.388+0000] {logging_mixin.py:190} INFO - [2025-01-28T22:22:38.388+0000] {dag.py:3239} INFO - Sync 1 DAGs
[2025-01-28T22:22:38.414+0000] {logging_mixin.py:190} INFO - [2025-01-28T22:22:38.414+0000] {dag.py:4180} INFO - Setting next_dagrun for latest_only_with_trigger to 2025-01-28 16:00:00+00:00, run_after=2025-01-28 20:00:00+00:00
[2025-01-28T22:22:38.440+0000] {processor.py:208} INFO - Processing /home/airflow/.local/lib/python3.12/site-packages/airflow/example_dags/example_latest_only_with_trigger.py took 0.098 seconds
[2025-01-28T22:23:10.293+0000] {processor.py:186} INFO - Started process (PID=1779) to work on /home/airflow/.local/lib/python3.12/site-packages/airflow/example_dags/example_latest_only_with_trigger.py
[2025-01-28T22:23:10.295+0000] {processor.py:914} INFO - Processing file /home/airflow/.local/lib/python3.12/site-packages/airflow/example_dags/example_latest_only_with_trigger.py for tasks to queue
[2025-01-28T22:23:10.298+0000] {logging_mixin.py:190} INFO - [2025-01-28T22:23:10.298+0000] {dagbag.py:588} INFO - Filling up the DagBag from /home/airflow/.local/lib/python3.12/site-packages/airflow/example_dags/example_latest_only_with_trigger.py
[2025-01-28T22:23:10.306+0000] {processor.py:925} INFO - DAG(s) 'latest_only_with_trigger' retrieved from /home/airflow/.local/lib/python3.12/site-packages/airflow/example_dags/example_latest_only_with_trigger.py
[2025-01-28T22:23:10.331+0000] {logging_mixin.py:190} INFO - [2025-01-28T22:23:10.331+0000] {dag.py:3239} INFO - Sync 1 DAGs
[2025-01-28T22:23:10.356+0000] {logging_mixin.py:190} INFO - [2025-01-28T22:23:10.356+0000] {dag.py:4180} INFO - Setting next_dagrun for latest_only_with_trigger to 2025-01-28 16:00:00+00:00, run_after=2025-01-28 20:00:00+00:00
[2025-01-28T22:23:10.380+0000] {processor.py:208} INFO - Processing /home/airflow/.local/lib/python3.12/site-packages/airflow/example_dags/example_latest_only_with_trigger.py took 0.093 seconds
[2025-01-28T22:23:41.856+0000] {processor.py:186} INFO - Started process (PID=1842) to work on /home/airflow/.local/lib/python3.12/site-packages/airflow/example_dags/example_latest_only_with_trigger.py
[2025-01-28T22:23:41.858+0000] {processor.py:914} INFO - Processing file /home/airflow/.local/lib/python3.12/site-packages/airflow/example_dags/example_latest_only_with_trigger.py for tasks to queue
[2025-01-28T22:23:41.861+0000] {logging_mixin.py:190} INFO - [2025-01-28T22:23:41.860+0000] {dagbag.py:588} INFO - Filling up the DagBag from /home/airflow/.local/lib/python3.12/site-packages/airflow/example_dags/example_latest_only_with_trigger.py
[2025-01-28T22:23:41.870+0000] {processor.py:925} INFO - DAG(s) 'latest_only_with_trigger' retrieved from /home/airflow/.local/lib/python3.12/site-packages/airflow/example_dags/example_latest_only_with_trigger.py
[2025-01-28T22:23:41.893+0000] {logging_mixin.py:190} INFO - [2025-01-28T22:23:41.893+0000] {dag.py:3239} INFO - Sync 1 DAGs
[2025-01-28T22:23:41.918+0000] {logging_mixin.py:190} INFO - [2025-01-28T22:23:41.917+0000] {dag.py:4180} INFO - Setting next_dagrun for latest_only_with_trigger to 2025-01-28 16:00:00+00:00, run_after=2025-01-28 20:00:00+00:00
[2025-01-28T22:23:41.943+0000] {processor.py:208} INFO - Processing /home/airflow/.local/lib/python3.12/site-packages/airflow/example_dags/example_latest_only_with_trigger.py took 0.093 seconds
[2025-01-28T22:24:12.825+0000] {processor.py:186} INFO - Started process (PID=1905) to work on /home/airflow/.local/lib/python3.12/site-packages/airflow/example_dags/example_latest_only_with_trigger.py
[2025-01-28T22:24:12.827+0000] {processor.py:914} INFO - Processing file /home/airflow/.local/lib/python3.12/site-packages/airflow/example_dags/example_latest_only_with_trigger.py for tasks to queue
[2025-01-28T22:24:12.832+0000] {logging_mixin.py:190} INFO - [2025-01-28T22:24:12.831+0000] {dagbag.py:588} INFO - Filling up the DagBag from /home/airflow/.local/lib/python3.12/site-packages/airflow/example_dags/example_latest_only_with_trigger.py
[2025-01-28T22:24:12.844+0000] {processor.py:925} INFO - DAG(s) 'latest_only_with_trigger' retrieved from /home/airflow/.local/lib/python3.12/site-packages/airflow/example_dags/example_latest_only_with_trigger.py
[2025-01-28T22:24:12.869+0000] {logging_mixin.py:190} INFO - [2025-01-28T22:24:12.869+0000] {dag.py:3239} INFO - Sync 1 DAGs
[2025-01-28T22:24:12.898+0000] {logging_mixin.py:190} INFO - [2025-01-28T22:24:12.897+0000] {dag.py:4180} INFO - Setting next_dagrun for latest_only_with_trigger to 2025-01-28 16:00:00+00:00, run_after=2025-01-28 20:00:00+00:00
[2025-01-28T22:24:12.925+0000] {processor.py:208} INFO - Processing /home/airflow/.local/lib/python3.12/site-packages/airflow/example_dags/example_latest_only_with_trigger.py took 0.108 seconds
[2025-01-28T22:24:44.299+0000] {processor.py:186} INFO - Started process (PID=1968) to work on /home/airflow/.local/lib/python3.12/site-packages/airflow/example_dags/example_latest_only_with_trigger.py
[2025-01-28T22:24:44.313+0000] {processor.py:914} INFO - Processing file /home/airflow/.local/lib/python3.12/site-packages/airflow/example_dags/example_latest_only_with_trigger.py for tasks to queue
[2025-01-28T22:24:44.321+0000] {logging_mixin.py:190} INFO - [2025-01-28T22:24:44.320+0000] {dagbag.py:588} INFO - Filling up the DagBag from /home/airflow/.local/lib/python3.12/site-packages/airflow/example_dags/example_latest_only_with_trigger.py
[2025-01-28T22:24:44.329+0000] {processor.py:925} INFO - DAG(s) 'latest_only_with_trigger' retrieved from /home/airflow/.local/lib/python3.12/site-packages/airflow/example_dags/example_latest_only_with_trigger.py
[2025-01-28T22:24:44.356+0000] {logging_mixin.py:190} INFO - [2025-01-28T22:24:44.355+0000] {dag.py:3239} INFO - Sync 1 DAGs
[2025-01-28T22:24:44.385+0000] {logging_mixin.py:190} INFO - [2025-01-28T22:24:44.385+0000] {dag.py:4180} INFO - Setting next_dagrun for latest_only_with_trigger to 2025-01-28 16:00:00+00:00, run_after=2025-01-28 20:00:00+00:00
[2025-01-28T22:24:44.413+0000] {processor.py:208} INFO - Processing /home/airflow/.local/lib/python3.12/site-packages/airflow/example_dags/example_latest_only_with_trigger.py took 0.120 seconds
[2025-01-28T22:25:15.183+0000] {processor.py:186} INFO - Started process (PID=2031) to work on /home/airflow/.local/lib/python3.12/site-packages/airflow/example_dags/example_latest_only_with_trigger.py
[2025-01-28T22:25:15.185+0000] {processor.py:914} INFO - Processing file /home/airflow/.local/lib/python3.12/site-packages/airflow/example_dags/example_latest_only_with_trigger.py for tasks to queue
[2025-01-28T22:25:15.189+0000] {logging_mixin.py:190} INFO - [2025-01-28T22:25:15.189+0000] {dagbag.py:588} INFO - Filling up the DagBag from /home/airflow/.local/lib/python3.12/site-packages/airflow/example_dags/example_latest_only_with_trigger.py
[2025-01-28T22:25:15.198+0000] {processor.py:925} INFO - DAG(s) 'latest_only_with_trigger' retrieved from /home/airflow/.local/lib/python3.12/site-packages/airflow/example_dags/example_latest_only_with_trigger.py
[2025-01-28T22:25:15.222+0000] {logging_mixin.py:190} INFO - [2025-01-28T22:25:15.221+0000] {dag.py:3239} INFO - Sync 1 DAGs
[2025-01-28T22:25:15.248+0000] {logging_mixin.py:190} INFO - [2025-01-28T22:25:15.248+0000] {dag.py:4180} INFO - Setting next_dagrun for latest_only_with_trigger to 2025-01-28 16:00:00+00:00, run_after=2025-01-28 20:00:00+00:00
[2025-01-28T22:25:15.275+0000] {processor.py:208} INFO - Processing /home/airflow/.local/lib/python3.12/site-packages/airflow/example_dags/example_latest_only_with_trigger.py took 0.098 seconds
[2025-01-28T22:28:43.936+0000] {processor.py:186} INFO - Started process (PID=90) to work on /home/airflow/.local/lib/python3.12/site-packages/airflow/example_dags/example_latest_only_with_trigger.py
[2025-01-28T22:28:43.937+0000] {processor.py:914} INFO - Processing file /home/airflow/.local/lib/python3.12/site-packages/airflow/example_dags/example_latest_only_with_trigger.py for tasks to queue
[2025-01-28T22:28:43.939+0000] {logging_mixin.py:190} INFO - [2025-01-28T22:28:43.939+0000] {dagbag.py:588} INFO - Filling up the DagBag from /home/airflow/.local/lib/python3.12/site-packages/airflow/example_dags/example_latest_only_with_trigger.py
[2025-01-28T22:28:43.958+0000] {processor.py:925} INFO - DAG(s) 'latest_only_with_trigger' retrieved from /home/airflow/.local/lib/python3.12/site-packages/airflow/example_dags/example_latest_only_with_trigger.py
[2025-01-28T22:28:44.003+0000] {logging_mixin.py:190} INFO - [2025-01-28T22:28:44.003+0000] {dag.py:3239} INFO - Sync 1 DAGs
[2025-01-28T22:28:44.031+0000] {logging_mixin.py:190} INFO - [2025-01-28T22:28:44.031+0000] {dag.py:4180} INFO - Setting next_dagrun for latest_only_with_trigger to 2025-01-28 16:00:00+00:00, run_after=2025-01-28 20:00:00+00:00
[2025-01-28T22:28:44.060+0000] {processor.py:208} INFO - Processing /home/airflow/.local/lib/python3.12/site-packages/airflow/example_dags/example_latest_only_with_trigger.py took 0.131 seconds
[2025-01-28T22:29:14.608+0000] {processor.py:186} INFO - Started process (PID=153) to work on /home/airflow/.local/lib/python3.12/site-packages/airflow/example_dags/example_latest_only_with_trigger.py
[2025-01-28T22:29:14.610+0000] {processor.py:914} INFO - Processing file /home/airflow/.local/lib/python3.12/site-packages/airflow/example_dags/example_latest_only_with_trigger.py for tasks to queue
[2025-01-28T22:29:14.614+0000] {logging_mixin.py:190} INFO - [2025-01-28T22:29:14.613+0000] {dagbag.py:588} INFO - Filling up the DagBag from /home/airflow/.local/lib/python3.12/site-packages/airflow/example_dags/example_latest_only_with_trigger.py
[2025-01-28T22:29:14.623+0000] {processor.py:925} INFO - DAG(s) 'latest_only_with_trigger' retrieved from /home/airflow/.local/lib/python3.12/site-packages/airflow/example_dags/example_latest_only_with_trigger.py
[2025-01-28T22:29:14.648+0000] {logging_mixin.py:190} INFO - [2025-01-28T22:29:14.647+0000] {dag.py:3239} INFO - Sync 1 DAGs
[2025-01-28T22:29:14.677+0000] {logging_mixin.py:190} INFO - [2025-01-28T22:29:14.677+0000] {dag.py:4180} INFO - Setting next_dagrun for latest_only_with_trigger to 2025-01-28 16:00:00+00:00, run_after=2025-01-28 20:00:00+00:00
[2025-01-28T22:29:14.702+0000] {processor.py:208} INFO - Processing /home/airflow/.local/lib/python3.12/site-packages/airflow/example_dags/example_latest_only_with_trigger.py took 0.099 seconds
[2025-01-28T22:29:45.175+0000] {processor.py:186} INFO - Started process (PID=216) to work on /home/airflow/.local/lib/python3.12/site-packages/airflow/example_dags/example_latest_only_with_trigger.py
[2025-01-28T22:29:45.177+0000] {processor.py:914} INFO - Processing file /home/airflow/.local/lib/python3.12/site-packages/airflow/example_dags/example_latest_only_with_trigger.py for tasks to queue
[2025-01-28T22:29:45.180+0000] {logging_mixin.py:190} INFO - [2025-01-28T22:29:45.180+0000] {dagbag.py:588} INFO - Filling up the DagBag from /home/airflow/.local/lib/python3.12/site-packages/airflow/example_dags/example_latest_only_with_trigger.py
[2025-01-28T22:29:45.188+0000] {processor.py:925} INFO - DAG(s) 'latest_only_with_trigger' retrieved from /home/airflow/.local/lib/python3.12/site-packages/airflow/example_dags/example_latest_only_with_trigger.py
[2025-01-28T22:29:45.211+0000] {logging_mixin.py:190} INFO - [2025-01-28T22:29:45.210+0000] {dag.py:3239} INFO - Sync 1 DAGs
[2025-01-28T22:29:45.237+0000] {logging_mixin.py:190} INFO - [2025-01-28T22:29:45.237+0000] {dag.py:4180} INFO - Setting next_dagrun for latest_only_with_trigger to 2025-01-28 16:00:00+00:00, run_after=2025-01-28 20:00:00+00:00
[2025-01-28T22:29:45.262+0000] {processor.py:208} INFO - Processing /home/airflow/.local/lib/python3.12/site-packages/airflow/example_dags/example_latest_only_with_trigger.py took 0.093 seconds
[2025-01-28T22:30:15.468+0000] {processor.py:186} INFO - Started process (PID=278) to work on /home/airflow/.local/lib/python3.12/site-packages/airflow/example_dags/example_latest_only_with_trigger.py
[2025-01-28T22:30:15.469+0000] {processor.py:914} INFO - Processing file /home/airflow/.local/lib/python3.12/site-packages/airflow/example_dags/example_latest_only_with_trigger.py for tasks to queue
[2025-01-28T22:30:15.472+0000] {logging_mixin.py:190} INFO - [2025-01-28T22:30:15.472+0000] {dagbag.py:588} INFO - Filling up the DagBag from /home/airflow/.local/lib/python3.12/site-packages/airflow/example_dags/example_latest_only_with_trigger.py
[2025-01-28T22:30:15.480+0000] {processor.py:925} INFO - DAG(s) 'latest_only_with_trigger' retrieved from /home/airflow/.local/lib/python3.12/site-packages/airflow/example_dags/example_latest_only_with_trigger.py
[2025-01-28T22:30:15.505+0000] {logging_mixin.py:190} INFO - [2025-01-28T22:30:15.505+0000] {dag.py:3239} INFO - Sync 1 DAGs
[2025-01-28T22:30:15.533+0000] {logging_mixin.py:190} INFO - [2025-01-28T22:30:15.533+0000] {dag.py:4180} INFO - Setting next_dagrun for latest_only_with_trigger to 2025-01-28 16:00:00+00:00, run_after=2025-01-28 20:00:00+00:00
[2025-01-28T22:30:15.578+0000] {processor.py:208} INFO - Processing /home/airflow/.local/lib/python3.12/site-packages/airflow/example_dags/example_latest_only_with_trigger.py took 0.118 seconds
[2025-01-28T22:30:45.890+0000] {processor.py:186} INFO - Started process (PID=341) to work on /home/airflow/.local/lib/python3.12/site-packages/airflow/example_dags/example_latest_only_with_trigger.py
[2025-01-28T22:30:45.892+0000] {processor.py:914} INFO - Processing file /home/airflow/.local/lib/python3.12/site-packages/airflow/example_dags/example_latest_only_with_trigger.py for tasks to queue
[2025-01-28T22:30:45.895+0000] {logging_mixin.py:190} INFO - [2025-01-28T22:30:45.895+0000] {dagbag.py:588} INFO - Filling up the DagBag from /home/airflow/.local/lib/python3.12/site-packages/airflow/example_dags/example_latest_only_with_trigger.py
[2025-01-28T22:30:45.905+0000] {processor.py:925} INFO - DAG(s) 'latest_only_with_trigger' retrieved from /home/airflow/.local/lib/python3.12/site-packages/airflow/example_dags/example_latest_only_with_trigger.py
[2025-01-28T22:30:45.929+0000] {logging_mixin.py:190} INFO - [2025-01-28T22:30:45.929+0000] {dag.py:3239} INFO - Sync 1 DAGs
[2025-01-28T22:30:45.955+0000] {logging_mixin.py:190} INFO - [2025-01-28T22:30:45.955+0000] {dag.py:4180} INFO - Setting next_dagrun for latest_only_with_trigger to 2025-01-28 16:00:00+00:00, run_after=2025-01-28 20:00:00+00:00
[2025-01-28T22:30:45.990+0000] {processor.py:208} INFO - Processing /home/airflow/.local/lib/python3.12/site-packages/airflow/example_dags/example_latest_only_with_trigger.py took 0.106 seconds
