[2025-01-28T22:09:22.228+0000] {processor.py:186} INFO - Started process (PID=93) to work on /home/airflow/.local/lib/python3.12/site-packages/airflow/example_dags/example_branch_datetime_operator.py
[2025-01-28T22:09:22.229+0000] {processor.py:914} INFO - Processing file /home/airflow/.local/lib/python3.12/site-packages/airflow/example_dags/example_branch_datetime_operator.py for tasks to queue
[2025-01-28T22:09:22.232+0000] {logging_mixin.py:190} INFO - [2025-01-28T22:09:22.232+0000] {dagbag.py:588} INFO - Filling up the DagBag from /home/airflow/.local/lib/python3.12/site-packages/airflow/example_dags/example_branch_datetime_operator.py
[2025-01-28T22:09:22.247+0000] {processor.py:925} INFO - DAG(s) 'example_branch_datetime_operator_3', 'example_branch_datetime_operator_2', 'example_branch_datetime_operator' retrieved from /home/airflow/.local/lib/python3.12/site-packages/airflow/example_dags/example_branch_datetime_operator.py
[2025-01-28T22:09:22.372+0000] {logging_mixin.py:190} INFO - [2025-01-28T22:09:22.371+0000] {override.py:1911} INFO - Created Permission View: can delete on DAG:example_branch_datetime_operator_3
[2025-01-28T22:09:22.387+0000] {logging_mixin.py:190} INFO - [2025-01-28T22:09:22.387+0000] {override.py:1911} INFO - Created Permission View: can edit on DAG:example_branch_datetime_operator_3
[2025-01-28T22:09:22.397+0000] {logging_mixin.py:190} INFO - [2025-01-28T22:09:22.397+0000] {override.py:1911} INFO - Created Permission View: can read on DAG:example_branch_datetime_operator_3
[2025-01-28T22:09:22.411+0000] {logging_mixin.py:190} INFO - [2025-01-28T22:09:22.410+0000] {override.py:1911} INFO - Created Permission View: can create on DAG Run:example_branch_datetime_operator_3
[2025-01-28T22:09:22.422+0000] {logging_mixin.py:190} INFO - [2025-01-28T22:09:22.422+0000] {override.py:1911} INFO - Created Permission View: can delete on DAG Run:example_branch_datetime_operator_3
[2025-01-28T22:09:22.433+0000] {logging_mixin.py:190} INFO - [2025-01-28T22:09:22.433+0000] {override.py:1911} INFO - Created Permission View: menu access on DAG Run:example_branch_datetime_operator_3
[2025-01-28T22:09:22.443+0000] {logging_mixin.py:190} INFO - [2025-01-28T22:09:22.443+0000] {override.py:1911} INFO - Created Permission View: can read on DAG Run:example_branch_datetime_operator_3
[2025-01-28T22:09:22.461+0000] {logging_mixin.py:190} INFO - [2025-01-28T22:09:22.461+0000] {override.py:1911} INFO - Created Permission View: can delete on DAG:example_branch_datetime_operator_2
[2025-01-28T22:09:22.475+0000] {logging_mixin.py:190} INFO - [2025-01-28T22:09:22.475+0000] {override.py:1911} INFO - Created Permission View: can edit on DAG:example_branch_datetime_operator_2
[2025-01-28T22:09:22.486+0000] {logging_mixin.py:190} INFO - [2025-01-28T22:09:22.486+0000] {override.py:1911} INFO - Created Permission View: can read on DAG:example_branch_datetime_operator_2
[2025-01-28T22:09:22.498+0000] {logging_mixin.py:190} INFO - [2025-01-28T22:09:22.498+0000] {override.py:1911} INFO - Created Permission View: can create on DAG Run:example_branch_datetime_operator_2
[2025-01-28T22:09:22.508+0000] {logging_mixin.py:190} INFO - [2025-01-28T22:09:22.508+0000] {override.py:1911} INFO - Created Permission View: can delete on DAG Run:example_branch_datetime_operator_2
[2025-01-28T22:09:22.518+0000] {logging_mixin.py:190} INFO - [2025-01-28T22:09:22.518+0000] {override.py:1911} INFO - Created Permission View: menu access on DAG Run:example_branch_datetime_operator_2
[2025-01-28T22:09:22.528+0000] {logging_mixin.py:190} INFO - [2025-01-28T22:09:22.528+0000] {override.py:1911} INFO - Created Permission View: can read on DAG Run:example_branch_datetime_operator_2
[2025-01-28T22:09:22.548+0000] {logging_mixin.py:190} INFO - [2025-01-28T22:09:22.548+0000] {override.py:1911} INFO - Created Permission View: can delete on DAG:example_branch_datetime_operator
[2025-01-28T22:09:22.558+0000] {logging_mixin.py:190} INFO - [2025-01-28T22:09:22.558+0000] {override.py:1911} INFO - Created Permission View: can edit on DAG:example_branch_datetime_operator
[2025-01-28T22:09:22.568+0000] {logging_mixin.py:190} INFO - [2025-01-28T22:09:22.568+0000] {override.py:1911} INFO - Created Permission View: can read on DAG:example_branch_datetime_operator
[2025-01-28T22:09:22.579+0000] {logging_mixin.py:190} INFO - [2025-01-28T22:09:22.579+0000] {override.py:1911} INFO - Created Permission View: can create on DAG Run:example_branch_datetime_operator
[2025-01-28T22:09:22.589+0000] {logging_mixin.py:190} INFO - [2025-01-28T22:09:22.589+0000] {override.py:1911} INFO - Created Permission View: can delete on DAG Run:example_branch_datetime_operator
[2025-01-28T22:09:22.599+0000] {logging_mixin.py:190} INFO - [2025-01-28T22:09:22.599+0000] {override.py:1911} INFO - Created Permission View: menu access on DAG Run:example_branch_datetime_operator
[2025-01-28T22:09:22.607+0000] {logging_mixin.py:190} INFO - [2025-01-28T22:09:22.607+0000] {override.py:1911} INFO - Created Permission View: can read on DAG Run:example_branch_datetime_operator
[2025-01-28T22:09:22.609+0000] {logging_mixin.py:190} INFO - [2025-01-28T22:09:22.609+0000] {dag.py:3239} INFO - Sync 3 DAGs
[2025-01-28T22:09:22.623+0000] {logging_mixin.py:190} INFO - [2025-01-28T22:09:22.623+0000] {dag.py:3262} INFO - Creating ORM DAG for example_branch_datetime_operator_3
[2025-01-28T22:09:22.625+0000] {logging_mixin.py:190} INFO - [2025-01-28T22:09:22.624+0000] {dag.py:3262} INFO - Creating ORM DAG for example_branch_datetime_operator
[2025-01-28T22:09:22.626+0000] {logging_mixin.py:190} INFO - [2025-01-28T22:09:22.626+0000] {dag.py:3262} INFO - Creating ORM DAG for example_branch_datetime_operator_2
[2025-01-28T22:09:22.637+0000] {logging_mixin.py:190} INFO - [2025-01-28T22:09:22.637+0000] {dag.py:4180} INFO - Setting next_dagrun for example_branch_datetime_operator to 2025-01-27 00:00:00+00:00, run_after=2025-01-28 00:00:00+00:00
[2025-01-28T22:09:22.640+0000] {logging_mixin.py:190} INFO - [2025-01-28T22:09:22.640+0000] {dag.py:4180} INFO - Setting next_dagrun for example_branch_datetime_operator_2 to 2025-01-27 00:00:00+00:00, run_after=2025-01-28 00:00:00+00:00
[2025-01-28T22:09:22.642+0000] {logging_mixin.py:190} INFO - [2025-01-28T22:09:22.642+0000] {dag.py:4180} INFO - Setting next_dagrun for example_branch_datetime_operator_3 to 2025-01-27 00:00:00+00:00, run_after=2025-01-28 00:00:00+00:00
[2025-01-28T22:09:22.663+0000] {processor.py:208} INFO - Processing /home/airflow/.local/lib/python3.12/site-packages/airflow/example_dags/example_branch_datetime_operator.py took 0.442 seconds
[2025-01-28T22:09:53.270+0000] {processor.py:186} INFO - Started process (PID=156) to work on /home/airflow/.local/lib/python3.12/site-packages/airflow/example_dags/example_branch_datetime_operator.py
[2025-01-28T22:09:53.271+0000] {processor.py:914} INFO - Processing file /home/airflow/.local/lib/python3.12/site-packages/airflow/example_dags/example_branch_datetime_operator.py for tasks to queue
[2025-01-28T22:09:53.273+0000] {logging_mixin.py:190} INFO - [2025-01-28T22:09:53.273+0000] {dagbag.py:588} INFO - Filling up the DagBag from /home/airflow/.local/lib/python3.12/site-packages/airflow/example_dags/example_branch_datetime_operator.py
[2025-01-28T22:09:53.287+0000] {processor.py:925} INFO - DAG(s) 'example_branch_datetime_operator_3', 'example_branch_datetime_operator', 'example_branch_datetime_operator_2' retrieved from /home/airflow/.local/lib/python3.12/site-packages/airflow/example_dags/example_branch_datetime_operator.py
[2025-01-28T22:09:53.319+0000] {logging_mixin.py:190} INFO - [2025-01-28T22:09:53.319+0000] {dag.py:3239} INFO - Sync 3 DAGs
[2025-01-28T22:09:53.348+0000] {logging_mixin.py:190} INFO - [2025-01-28T22:09:53.348+0000] {dag.py:4180} INFO - Setting next_dagrun for example_branch_datetime_operator to 2025-01-27 00:00:00+00:00, run_after=2025-01-28 00:00:00+00:00
[2025-01-28T22:09:53.354+0000] {logging_mixin.py:190} INFO - [2025-01-28T22:09:53.354+0000] {dag.py:4180} INFO - Setting next_dagrun for example_branch_datetime_operator_2 to 2025-01-27 00:00:00+00:00, run_after=2025-01-28 00:00:00+00:00
[2025-01-28T22:09:53.357+0000] {logging_mixin.py:190} INFO - [2025-01-28T22:09:53.357+0000] {dag.py:4180} INFO - Setting next_dagrun for example_branch_datetime_operator_3 to 2025-01-27 00:00:00+00:00, run_after=2025-01-28 00:00:00+00:00
[2025-01-28T22:09:53.378+0000] {processor.py:208} INFO - Processing /home/airflow/.local/lib/python3.12/site-packages/airflow/example_dags/example_branch_datetime_operator.py took 0.114 seconds
[2025-01-28T22:10:23.677+0000] {processor.py:186} INFO - Started process (PID=213) to work on /home/airflow/.local/lib/python3.12/site-packages/airflow/example_dags/example_branch_datetime_operator.py
[2025-01-28T22:10:23.679+0000] {processor.py:914} INFO - Processing file /home/airflow/.local/lib/python3.12/site-packages/airflow/example_dags/example_branch_datetime_operator.py for tasks to queue
[2025-01-28T22:10:23.682+0000] {logging_mixin.py:190} INFO - [2025-01-28T22:10:23.681+0000] {dagbag.py:588} INFO - Filling up the DagBag from /home/airflow/.local/lib/python3.12/site-packages/airflow/example_dags/example_branch_datetime_operator.py
[2025-01-28T22:10:23.695+0000] {processor.py:925} INFO - DAG(s) 'example_branch_datetime_operator_3', 'example_branch_datetime_operator', 'example_branch_datetime_operator_2' retrieved from /home/airflow/.local/lib/python3.12/site-packages/airflow/example_dags/example_branch_datetime_operator.py
[2025-01-28T22:10:23.726+0000] {logging_mixin.py:190} INFO - [2025-01-28T22:10:23.726+0000] {dag.py:3239} INFO - Sync 3 DAGs
[2025-01-28T22:10:23.753+0000] {logging_mixin.py:190} INFO - [2025-01-28T22:10:23.753+0000] {dag.py:4180} INFO - Setting next_dagrun for example_branch_datetime_operator to 2025-01-27 00:00:00+00:00, run_after=2025-01-28 00:00:00+00:00
[2025-01-28T22:10:23.759+0000] {logging_mixin.py:190} INFO - [2025-01-28T22:10:23.759+0000] {dag.py:4180} INFO - Setting next_dagrun for example_branch_datetime_operator_2 to 2025-01-27 00:00:00+00:00, run_after=2025-01-28 00:00:00+00:00
[2025-01-28T22:10:23.763+0000] {logging_mixin.py:190} INFO - [2025-01-28T22:10:23.762+0000] {dag.py:4180} INFO - Setting next_dagrun for example_branch_datetime_operator_3 to 2025-01-27 00:00:00+00:00, run_after=2025-01-28 00:00:00+00:00
[2025-01-28T22:10:23.785+0000] {processor.py:208} INFO - Processing /home/airflow/.local/lib/python3.12/site-packages/airflow/example_dags/example_branch_datetime_operator.py took 0.114 seconds
[2025-01-28T22:10:54.027+0000] {processor.py:186} INFO - Started process (PID=276) to work on /home/airflow/.local/lib/python3.12/site-packages/airflow/example_dags/example_branch_datetime_operator.py
[2025-01-28T22:10:54.029+0000] {processor.py:914} INFO - Processing file /home/airflow/.local/lib/python3.12/site-packages/airflow/example_dags/example_branch_datetime_operator.py for tasks to queue
[2025-01-28T22:10:54.032+0000] {logging_mixin.py:190} INFO - [2025-01-28T22:10:54.031+0000] {dagbag.py:588} INFO - Filling up the DagBag from /home/airflow/.local/lib/python3.12/site-packages/airflow/example_dags/example_branch_datetime_operator.py
[2025-01-28T22:10:54.045+0000] {processor.py:925} INFO - DAG(s) 'example_branch_datetime_operator', 'example_branch_datetime_operator_3', 'example_branch_datetime_operator_2' retrieved from /home/airflow/.local/lib/python3.12/site-packages/airflow/example_dags/example_branch_datetime_operator.py
[2025-01-28T22:10:54.077+0000] {logging_mixin.py:190} INFO - [2025-01-28T22:10:54.077+0000] {dag.py:3239} INFO - Sync 3 DAGs
[2025-01-28T22:10:54.104+0000] {logging_mixin.py:190} INFO - [2025-01-28T22:10:54.104+0000] {dag.py:4180} INFO - Setting next_dagrun for example_branch_datetime_operator to 2025-01-27 00:00:00+00:00, run_after=2025-01-28 00:00:00+00:00
[2025-01-28T22:10:54.110+0000] {logging_mixin.py:190} INFO - [2025-01-28T22:10:54.109+0000] {dag.py:4180} INFO - Setting next_dagrun for example_branch_datetime_operator_2 to 2025-01-27 00:00:00+00:00, run_after=2025-01-28 00:00:00+00:00
[2025-01-28T22:10:54.113+0000] {logging_mixin.py:190} INFO - [2025-01-28T22:10:54.113+0000] {dag.py:4180} INFO - Setting next_dagrun for example_branch_datetime_operator_3 to 2025-01-27 00:00:00+00:00, run_after=2025-01-28 00:00:00+00:00
[2025-01-28T22:10:54.135+0000] {processor.py:208} INFO - Processing /home/airflow/.local/lib/python3.12/site-packages/airflow/example_dags/example_branch_datetime_operator.py took 0.113 seconds
[2025-01-28T22:11:24.292+0000] {processor.py:186} INFO - Started process (PID=339) to work on /home/airflow/.local/lib/python3.12/site-packages/airflow/example_dags/example_branch_datetime_operator.py
[2025-01-28T22:11:24.293+0000] {processor.py:914} INFO - Processing file /home/airflow/.local/lib/python3.12/site-packages/airflow/example_dags/example_branch_datetime_operator.py for tasks to queue
[2025-01-28T22:11:24.296+0000] {logging_mixin.py:190} INFO - [2025-01-28T22:11:24.296+0000] {dagbag.py:588} INFO - Filling up the DagBag from /home/airflow/.local/lib/python3.12/site-packages/airflow/example_dags/example_branch_datetime_operator.py
[2025-01-28T22:11:24.309+0000] {processor.py:925} INFO - DAG(s) 'example_branch_datetime_operator_2', 'example_branch_datetime_operator', 'example_branch_datetime_operator_3' retrieved from /home/airflow/.local/lib/python3.12/site-packages/airflow/example_dags/example_branch_datetime_operator.py
[2025-01-28T22:11:24.336+0000] {logging_mixin.py:190} INFO - [2025-01-28T22:11:24.336+0000] {dag.py:3239} INFO - Sync 3 DAGs
[2025-01-28T22:11:24.364+0000] {logging_mixin.py:190} INFO - [2025-01-28T22:11:24.363+0000] {dag.py:4180} INFO - Setting next_dagrun for example_branch_datetime_operator to 2025-01-27 00:00:00+00:00, run_after=2025-01-28 00:00:00+00:00
[2025-01-28T22:11:24.369+0000] {logging_mixin.py:190} INFO - [2025-01-28T22:11:24.369+0000] {dag.py:4180} INFO - Setting next_dagrun for example_branch_datetime_operator_2 to 2025-01-27 00:00:00+00:00, run_after=2025-01-28 00:00:00+00:00
[2025-01-28T22:11:24.373+0000] {logging_mixin.py:190} INFO - [2025-01-28T22:11:24.372+0000] {dag.py:4180} INFO - Setting next_dagrun for example_branch_datetime_operator_3 to 2025-01-27 00:00:00+00:00, run_after=2025-01-28 00:00:00+00:00
[2025-01-28T22:11:24.392+0000] {processor.py:208} INFO - Processing /home/airflow/.local/lib/python3.12/site-packages/airflow/example_dags/example_branch_datetime_operator.py took 0.107 seconds
[2025-01-28T22:11:55.129+0000] {processor.py:186} INFO - Started process (PID=402) to work on /home/airflow/.local/lib/python3.12/site-packages/airflow/example_dags/example_branch_datetime_operator.py
[2025-01-28T22:11:55.130+0000] {processor.py:914} INFO - Processing file /home/airflow/.local/lib/python3.12/site-packages/airflow/example_dags/example_branch_datetime_operator.py for tasks to queue
[2025-01-28T22:11:55.133+0000] {logging_mixin.py:190} INFO - [2025-01-28T22:11:55.133+0000] {dagbag.py:588} INFO - Filling up the DagBag from /home/airflow/.local/lib/python3.12/site-packages/airflow/example_dags/example_branch_datetime_operator.py
[2025-01-28T22:11:55.147+0000] {processor.py:925} INFO - DAG(s) 'example_branch_datetime_operator', 'example_branch_datetime_operator_2', 'example_branch_datetime_operator_3' retrieved from /home/airflow/.local/lib/python3.12/site-packages/airflow/example_dags/example_branch_datetime_operator.py
[2025-01-28T22:11:55.177+0000] {logging_mixin.py:190} INFO - [2025-01-28T22:11:55.177+0000] {dag.py:3239} INFO - Sync 3 DAGs
[2025-01-28T22:11:55.205+0000] {logging_mixin.py:190} INFO - [2025-01-28T22:11:55.205+0000] {dag.py:4180} INFO - Setting next_dagrun for example_branch_datetime_operator to 2025-01-27 00:00:00+00:00, run_after=2025-01-28 00:00:00+00:00
[2025-01-28T22:11:55.212+0000] {logging_mixin.py:190} INFO - [2025-01-28T22:11:55.212+0000] {dag.py:4180} INFO - Setting next_dagrun for example_branch_datetime_operator_2 to 2025-01-27 00:00:00+00:00, run_after=2025-01-28 00:00:00+00:00
[2025-01-28T22:11:55.215+0000] {logging_mixin.py:190} INFO - [2025-01-28T22:11:55.215+0000] {dag.py:4180} INFO - Setting next_dagrun for example_branch_datetime_operator_3 to 2025-01-27 00:00:00+00:00, run_after=2025-01-28 00:00:00+00:00
[2025-01-28T22:11:55.237+0000] {processor.py:208} INFO - Processing /home/airflow/.local/lib/python3.12/site-packages/airflow/example_dags/example_branch_datetime_operator.py took 0.115 seconds
[2025-01-28T22:12:25.424+0000] {processor.py:186} INFO - Started process (PID=465) to work on /home/airflow/.local/lib/python3.12/site-packages/airflow/example_dags/example_branch_datetime_operator.py
[2025-01-28T22:12:25.426+0000] {processor.py:914} INFO - Processing file /home/airflow/.local/lib/python3.12/site-packages/airflow/example_dags/example_branch_datetime_operator.py for tasks to queue
[2025-01-28T22:12:25.429+0000] {logging_mixin.py:190} INFO - [2025-01-28T22:12:25.428+0000] {dagbag.py:588} INFO - Filling up the DagBag from /home/airflow/.local/lib/python3.12/site-packages/airflow/example_dags/example_branch_datetime_operator.py
[2025-01-28T22:12:25.442+0000] {processor.py:925} INFO - DAG(s) 'example_branch_datetime_operator_3', 'example_branch_datetime_operator_2', 'example_branch_datetime_operator' retrieved from /home/airflow/.local/lib/python3.12/site-packages/airflow/example_dags/example_branch_datetime_operator.py
[2025-01-28T22:12:25.477+0000] {logging_mixin.py:190} INFO - [2025-01-28T22:12:25.477+0000] {dag.py:3239} INFO - Sync 3 DAGs
[2025-01-28T22:12:25.505+0000] {logging_mixin.py:190} INFO - [2025-01-28T22:12:25.505+0000] {dag.py:4180} INFO - Setting next_dagrun for example_branch_datetime_operator to 2025-01-27 00:00:00+00:00, run_after=2025-01-28 00:00:00+00:00
[2025-01-28T22:12:25.511+0000] {logging_mixin.py:190} INFO - [2025-01-28T22:12:25.511+0000] {dag.py:4180} INFO - Setting next_dagrun for example_branch_datetime_operator_2 to 2025-01-27 00:00:00+00:00, run_after=2025-01-28 00:00:00+00:00
[2025-01-28T22:12:25.514+0000] {logging_mixin.py:190} INFO - [2025-01-28T22:12:25.514+0000] {dag.py:4180} INFO - Setting next_dagrun for example_branch_datetime_operator_3 to 2025-01-27 00:00:00+00:00, run_after=2025-01-28 00:00:00+00:00
[2025-01-28T22:12:25.537+0000] {processor.py:208} INFO - Processing /home/airflow/.local/lib/python3.12/site-packages/airflow/example_dags/example_branch_datetime_operator.py took 0.120 seconds
[2025-01-28T22:12:55.719+0000] {processor.py:186} INFO - Started process (PID=528) to work on /home/airflow/.local/lib/python3.12/site-packages/airflow/example_dags/example_branch_datetime_operator.py
[2025-01-28T22:12:55.720+0000] {processor.py:914} INFO - Processing file /home/airflow/.local/lib/python3.12/site-packages/airflow/example_dags/example_branch_datetime_operator.py for tasks to queue
[2025-01-28T22:12:55.722+0000] {logging_mixin.py:190} INFO - [2025-01-28T22:12:55.722+0000] {dagbag.py:588} INFO - Filling up the DagBag from /home/airflow/.local/lib/python3.12/site-packages/airflow/example_dags/example_branch_datetime_operator.py
[2025-01-28T22:12:55.735+0000] {processor.py:925} INFO - DAG(s) 'example_branch_datetime_operator_2', 'example_branch_datetime_operator', 'example_branch_datetime_operator_3' retrieved from /home/airflow/.local/lib/python3.12/site-packages/airflow/example_dags/example_branch_datetime_operator.py
[2025-01-28T22:12:55.763+0000] {logging_mixin.py:190} INFO - [2025-01-28T22:12:55.763+0000] {dag.py:3239} INFO - Sync 3 DAGs
[2025-01-28T22:12:55.792+0000] {logging_mixin.py:190} INFO - [2025-01-28T22:12:55.792+0000] {dag.py:4180} INFO - Setting next_dagrun for example_branch_datetime_operator to 2025-01-27 00:00:00+00:00, run_after=2025-01-28 00:00:00+00:00
[2025-01-28T22:12:55.797+0000] {logging_mixin.py:190} INFO - [2025-01-28T22:12:55.797+0000] {dag.py:4180} INFO - Setting next_dagrun for example_branch_datetime_operator_2 to 2025-01-27 00:00:00+00:00, run_after=2025-01-28 00:00:00+00:00
[2025-01-28T22:12:55.801+0000] {logging_mixin.py:190} INFO - [2025-01-28T22:12:55.800+0000] {dag.py:4180} INFO - Setting next_dagrun for example_branch_datetime_operator_3 to 2025-01-27 00:00:00+00:00, run_after=2025-01-28 00:00:00+00:00
[2025-01-28T22:12:55.829+0000] {processor.py:208} INFO - Processing /home/airflow/.local/lib/python3.12/site-packages/airflow/example_dags/example_branch_datetime_operator.py took 0.116 seconds
[2025-01-28T22:13:26.304+0000] {processor.py:186} INFO - Started process (PID=591) to work on /home/airflow/.local/lib/python3.12/site-packages/airflow/example_dags/example_branch_datetime_operator.py
[2025-01-28T22:13:26.306+0000] {processor.py:914} INFO - Processing file /home/airflow/.local/lib/python3.12/site-packages/airflow/example_dags/example_branch_datetime_operator.py for tasks to queue
[2025-01-28T22:13:26.308+0000] {logging_mixin.py:190} INFO - [2025-01-28T22:13:26.308+0000] {dagbag.py:588} INFO - Filling up the DagBag from /home/airflow/.local/lib/python3.12/site-packages/airflow/example_dags/example_branch_datetime_operator.py
[2025-01-28T22:13:26.322+0000] {processor.py:925} INFO - DAG(s) 'example_branch_datetime_operator_3', 'example_branch_datetime_operator', 'example_branch_datetime_operator_2' retrieved from /home/airflow/.local/lib/python3.12/site-packages/airflow/example_dags/example_branch_datetime_operator.py
[2025-01-28T22:13:26.353+0000] {logging_mixin.py:190} INFO - [2025-01-28T22:13:26.352+0000] {dag.py:3239} INFO - Sync 3 DAGs
[2025-01-28T22:13:26.380+0000] {logging_mixin.py:190} INFO - [2025-01-28T22:13:26.379+0000] {dag.py:4180} INFO - Setting next_dagrun for example_branch_datetime_operator to 2025-01-27 00:00:00+00:00, run_after=2025-01-28 00:00:00+00:00
[2025-01-28T22:13:26.385+0000] {logging_mixin.py:190} INFO - [2025-01-28T22:13:26.385+0000] {dag.py:4180} INFO - Setting next_dagrun for example_branch_datetime_operator_2 to 2025-01-27 00:00:00+00:00, run_after=2025-01-28 00:00:00+00:00
[2025-01-28T22:13:26.389+0000] {logging_mixin.py:190} INFO - [2025-01-28T22:13:26.389+0000] {dag.py:4180} INFO - Setting next_dagrun for example_branch_datetime_operator_3 to 2025-01-27 00:00:00+00:00, run_after=2025-01-28 00:00:00+00:00
[2025-01-28T22:13:26.420+0000] {processor.py:208} INFO - Processing /home/airflow/.local/lib/python3.12/site-packages/airflow/example_dags/example_branch_datetime_operator.py took 0.122 seconds
[2025-01-28T22:13:56.714+0000] {processor.py:186} INFO - Started process (PID=654) to work on /home/airflow/.local/lib/python3.12/site-packages/airflow/example_dags/example_branch_datetime_operator.py
[2025-01-28T22:13:56.715+0000] {processor.py:914} INFO - Processing file /home/airflow/.local/lib/python3.12/site-packages/airflow/example_dags/example_branch_datetime_operator.py for tasks to queue
[2025-01-28T22:13:56.719+0000] {logging_mixin.py:190} INFO - [2025-01-28T22:13:56.719+0000] {dagbag.py:588} INFO - Filling up the DagBag from /home/airflow/.local/lib/python3.12/site-packages/airflow/example_dags/example_branch_datetime_operator.py
[2025-01-28T22:13:56.733+0000] {processor.py:925} INFO - DAG(s) 'example_branch_datetime_operator_2', 'example_branch_datetime_operator_3', 'example_branch_datetime_operator' retrieved from /home/airflow/.local/lib/python3.12/site-packages/airflow/example_dags/example_branch_datetime_operator.py
[2025-01-28T22:13:56.764+0000] {logging_mixin.py:190} INFO - [2025-01-28T22:13:56.763+0000] {dag.py:3239} INFO - Sync 3 DAGs
[2025-01-28T22:13:56.790+0000] {logging_mixin.py:190} INFO - [2025-01-28T22:13:56.790+0000] {dag.py:4180} INFO - Setting next_dagrun for example_branch_datetime_operator to 2025-01-27 00:00:00+00:00, run_after=2025-01-28 00:00:00+00:00
[2025-01-28T22:13:56.796+0000] {logging_mixin.py:190} INFO - [2025-01-28T22:13:56.796+0000] {dag.py:4180} INFO - Setting next_dagrun for example_branch_datetime_operator_2 to 2025-01-27 00:00:00+00:00, run_after=2025-01-28 00:00:00+00:00
[2025-01-28T22:13:56.802+0000] {logging_mixin.py:190} INFO - [2025-01-28T22:13:56.802+0000] {dag.py:4180} INFO - Setting next_dagrun for example_branch_datetime_operator_3 to 2025-01-27 00:00:00+00:00, run_after=2025-01-28 00:00:00+00:00
[2025-01-28T22:13:56.820+0000] {processor.py:208} INFO - Processing /home/airflow/.local/lib/python3.12/site-packages/airflow/example_dags/example_branch_datetime_operator.py took 0.112 seconds
[2025-01-28T22:14:27.327+0000] {processor.py:186} INFO - Started process (PID=717) to work on /home/airflow/.local/lib/python3.12/site-packages/airflow/example_dags/example_branch_datetime_operator.py
[2025-01-28T22:14:27.328+0000] {processor.py:914} INFO - Processing file /home/airflow/.local/lib/python3.12/site-packages/airflow/example_dags/example_branch_datetime_operator.py for tasks to queue
[2025-01-28T22:14:27.331+0000] {logging_mixin.py:190} INFO - [2025-01-28T22:14:27.330+0000] {dagbag.py:588} INFO - Filling up the DagBag from /home/airflow/.local/lib/python3.12/site-packages/airflow/example_dags/example_branch_datetime_operator.py
[2025-01-28T22:14:27.344+0000] {processor.py:925} INFO - DAG(s) 'example_branch_datetime_operator_2', 'example_branch_datetime_operator', 'example_branch_datetime_operator_3' retrieved from /home/airflow/.local/lib/python3.12/site-packages/airflow/example_dags/example_branch_datetime_operator.py
[2025-01-28T22:14:27.373+0000] {logging_mixin.py:190} INFO - [2025-01-28T22:14:27.373+0000] {dag.py:3239} INFO - Sync 3 DAGs
[2025-01-28T22:14:27.403+0000] {logging_mixin.py:190} INFO - [2025-01-28T22:14:27.403+0000] {dag.py:4180} INFO - Setting next_dagrun for example_branch_datetime_operator to 2025-01-27 00:00:00+00:00, run_after=2025-01-28 00:00:00+00:00
[2025-01-28T22:14:27.409+0000] {logging_mixin.py:190} INFO - [2025-01-28T22:14:27.409+0000] {dag.py:4180} INFO - Setting next_dagrun for example_branch_datetime_operator_2 to 2025-01-27 00:00:00+00:00, run_after=2025-01-28 00:00:00+00:00
[2025-01-28T22:14:27.418+0000] {logging_mixin.py:190} INFO - [2025-01-28T22:14:27.418+0000] {dag.py:4180} INFO - Setting next_dagrun for example_branch_datetime_operator_3 to 2025-01-27 00:00:00+00:00, run_after=2025-01-28 00:00:00+00:00
[2025-01-28T22:14:27.444+0000] {processor.py:208} INFO - Processing /home/airflow/.local/lib/python3.12/site-packages/airflow/example_dags/example_branch_datetime_operator.py took 0.123 seconds
[2025-01-28T22:14:57.963+0000] {processor.py:186} INFO - Started process (PID=780) to work on /home/airflow/.local/lib/python3.12/site-packages/airflow/example_dags/example_branch_datetime_operator.py
[2025-01-28T22:14:57.965+0000] {processor.py:914} INFO - Processing file /home/airflow/.local/lib/python3.12/site-packages/airflow/example_dags/example_branch_datetime_operator.py for tasks to queue
[2025-01-28T22:14:57.967+0000] {logging_mixin.py:190} INFO - [2025-01-28T22:14:57.967+0000] {dagbag.py:588} INFO - Filling up the DagBag from /home/airflow/.local/lib/python3.12/site-packages/airflow/example_dags/example_branch_datetime_operator.py
[2025-01-28T22:14:57.983+0000] {processor.py:925} INFO - DAG(s) 'example_branch_datetime_operator_2', 'example_branch_datetime_operator', 'example_branch_datetime_operator_3' retrieved from /home/airflow/.local/lib/python3.12/site-packages/airflow/example_dags/example_branch_datetime_operator.py
[2025-01-28T22:14:58.019+0000] {logging_mixin.py:190} INFO - [2025-01-28T22:14:58.019+0000] {dag.py:3239} INFO - Sync 3 DAGs
[2025-01-28T22:14:58.049+0000] {logging_mixin.py:190} INFO - [2025-01-28T22:14:58.049+0000] {dag.py:4180} INFO - Setting next_dagrun for example_branch_datetime_operator to 2025-01-27 00:00:00+00:00, run_after=2025-01-28 00:00:00+00:00
[2025-01-28T22:14:58.056+0000] {logging_mixin.py:190} INFO - [2025-01-28T22:14:58.056+0000] {dag.py:4180} INFO - Setting next_dagrun for example_branch_datetime_operator_2 to 2025-01-27 00:00:00+00:00, run_after=2025-01-28 00:00:00+00:00
[2025-01-28T22:14:58.060+0000] {logging_mixin.py:190} INFO - [2025-01-28T22:14:58.060+0000] {dag.py:4180} INFO - Setting next_dagrun for example_branch_datetime_operator_3 to 2025-01-27 00:00:00+00:00, run_after=2025-01-28 00:00:00+00:00
[2025-01-28T22:14:58.083+0000] {processor.py:208} INFO - Processing /home/airflow/.local/lib/python3.12/site-packages/airflow/example_dags/example_branch_datetime_operator.py took 0.127 seconds
[2025-01-28T22:15:28.560+0000] {processor.py:186} INFO - Started process (PID=843) to work on /home/airflow/.local/lib/python3.12/site-packages/airflow/example_dags/example_branch_datetime_operator.py
[2025-01-28T22:15:28.561+0000] {processor.py:914} INFO - Processing file /home/airflow/.local/lib/python3.12/site-packages/airflow/example_dags/example_branch_datetime_operator.py for tasks to queue
[2025-01-28T22:15:28.564+0000] {logging_mixin.py:190} INFO - [2025-01-28T22:15:28.563+0000] {dagbag.py:588} INFO - Filling up the DagBag from /home/airflow/.local/lib/python3.12/site-packages/airflow/example_dags/example_branch_datetime_operator.py
[2025-01-28T22:15:28.577+0000] {processor.py:925} INFO - DAG(s) 'example_branch_datetime_operator_3', 'example_branch_datetime_operator', 'example_branch_datetime_operator_2' retrieved from /home/airflow/.local/lib/python3.12/site-packages/airflow/example_dags/example_branch_datetime_operator.py
[2025-01-28T22:15:28.608+0000] {logging_mixin.py:190} INFO - [2025-01-28T22:15:28.608+0000] {dag.py:3239} INFO - Sync 3 DAGs
[2025-01-28T22:15:28.635+0000] {logging_mixin.py:190} INFO - [2025-01-28T22:15:28.635+0000] {dag.py:4180} INFO - Setting next_dagrun for example_branch_datetime_operator to 2025-01-27 00:00:00+00:00, run_after=2025-01-28 00:00:00+00:00
[2025-01-28T22:15:28.641+0000] {logging_mixin.py:190} INFO - [2025-01-28T22:15:28.641+0000] {dag.py:4180} INFO - Setting next_dagrun for example_branch_datetime_operator_2 to 2025-01-27 00:00:00+00:00, run_after=2025-01-28 00:00:00+00:00
[2025-01-28T22:15:28.645+0000] {logging_mixin.py:190} INFO - [2025-01-28T22:15:28.645+0000] {dag.py:4180} INFO - Setting next_dagrun for example_branch_datetime_operator_3 to 2025-01-27 00:00:00+00:00, run_after=2025-01-28 00:00:00+00:00
[2025-01-28T22:15:28.665+0000] {processor.py:208} INFO - Processing /home/airflow/.local/lib/python3.12/site-packages/airflow/example_dags/example_branch_datetime_operator.py took 0.112 seconds
[2025-01-28T22:15:58.987+0000] {processor.py:186} INFO - Started process (PID=906) to work on /home/airflow/.local/lib/python3.12/site-packages/airflow/example_dags/example_branch_datetime_operator.py
[2025-01-28T22:15:58.988+0000] {processor.py:914} INFO - Processing file /home/airflow/.local/lib/python3.12/site-packages/airflow/example_dags/example_branch_datetime_operator.py for tasks to queue
[2025-01-28T22:15:58.992+0000] {logging_mixin.py:190} INFO - [2025-01-28T22:15:58.991+0000] {dagbag.py:588} INFO - Filling up the DagBag from /home/airflow/.local/lib/python3.12/site-packages/airflow/example_dags/example_branch_datetime_operator.py
[2025-01-28T22:15:59.006+0000] {processor.py:925} INFO - DAG(s) 'example_branch_datetime_operator_2', 'example_branch_datetime_operator', 'example_branch_datetime_operator_3' retrieved from /home/airflow/.local/lib/python3.12/site-packages/airflow/example_dags/example_branch_datetime_operator.py
[2025-01-28T22:15:59.036+0000] {logging_mixin.py:190} INFO - [2025-01-28T22:15:59.036+0000] {dag.py:3239} INFO - Sync 3 DAGs
[2025-01-28T22:15:59.063+0000] {logging_mixin.py:190} INFO - [2025-01-28T22:15:59.063+0000] {dag.py:4180} INFO - Setting next_dagrun for example_branch_datetime_operator to 2025-01-27 00:00:00+00:00, run_after=2025-01-28 00:00:00+00:00
[2025-01-28T22:15:59.069+0000] {logging_mixin.py:190} INFO - [2025-01-28T22:15:59.069+0000] {dag.py:4180} INFO - Setting next_dagrun for example_branch_datetime_operator_2 to 2025-01-27 00:00:00+00:00, run_after=2025-01-28 00:00:00+00:00
[2025-01-28T22:15:59.073+0000] {logging_mixin.py:190} INFO - [2025-01-28T22:15:59.073+0000] {dag.py:4180} INFO - Setting next_dagrun for example_branch_datetime_operator_3 to 2025-01-27 00:00:00+00:00, run_after=2025-01-28 00:00:00+00:00
[2025-01-28T22:15:59.095+0000] {processor.py:208} INFO - Processing /home/airflow/.local/lib/python3.12/site-packages/airflow/example_dags/example_branch_datetime_operator.py took 0.114 seconds
[2025-01-28T22:16:29.651+0000] {processor.py:186} INFO - Started process (PID=970) to work on /home/airflow/.local/lib/python3.12/site-packages/airflow/example_dags/example_branch_datetime_operator.py
[2025-01-28T22:16:29.652+0000] {processor.py:914} INFO - Processing file /home/airflow/.local/lib/python3.12/site-packages/airflow/example_dags/example_branch_datetime_operator.py for tasks to queue
[2025-01-28T22:16:29.655+0000] {logging_mixin.py:190} INFO - [2025-01-28T22:16:29.655+0000] {dagbag.py:588} INFO - Filling up the DagBag from /home/airflow/.local/lib/python3.12/site-packages/airflow/example_dags/example_branch_datetime_operator.py
[2025-01-28T22:16:29.670+0000] {processor.py:925} INFO - DAG(s) 'example_branch_datetime_operator_2', 'example_branch_datetime_operator', 'example_branch_datetime_operator_3' retrieved from /home/airflow/.local/lib/python3.12/site-packages/airflow/example_dags/example_branch_datetime_operator.py
[2025-01-28T22:16:29.698+0000] {logging_mixin.py:190} INFO - [2025-01-28T22:16:29.698+0000] {dag.py:3239} INFO - Sync 3 DAGs
[2025-01-28T22:16:29.726+0000] {logging_mixin.py:190} INFO - [2025-01-28T22:16:29.725+0000] {dag.py:4180} INFO - Setting next_dagrun for example_branch_datetime_operator to 2025-01-27 00:00:00+00:00, run_after=2025-01-28 00:00:00+00:00
[2025-01-28T22:16:29.731+0000] {logging_mixin.py:190} INFO - [2025-01-28T22:16:29.731+0000] {dag.py:4180} INFO - Setting next_dagrun for example_branch_datetime_operator_2 to 2025-01-27 00:00:00+00:00, run_after=2025-01-28 00:00:00+00:00
[2025-01-28T22:16:29.734+0000] {logging_mixin.py:190} INFO - [2025-01-28T22:16:29.734+0000] {dag.py:4180} INFO - Setting next_dagrun for example_branch_datetime_operator_3 to 2025-01-27 00:00:00+00:00, run_after=2025-01-28 00:00:00+00:00
[2025-01-28T22:16:29.762+0000] {processor.py:208} INFO - Processing /home/airflow/.local/lib/python3.12/site-packages/airflow/example_dags/example_branch_datetime_operator.py took 0.118 seconds
[2025-01-28T22:17:00.077+0000] {processor.py:186} INFO - Started process (PID=1033) to work on /home/airflow/.local/lib/python3.12/site-packages/airflow/example_dags/example_branch_datetime_operator.py
[2025-01-28T22:17:00.078+0000] {processor.py:914} INFO - Processing file /home/airflow/.local/lib/python3.12/site-packages/airflow/example_dags/example_branch_datetime_operator.py for tasks to queue
[2025-01-28T22:17:00.081+0000] {logging_mixin.py:190} INFO - [2025-01-28T22:17:00.081+0000] {dagbag.py:588} INFO - Filling up the DagBag from /home/airflow/.local/lib/python3.12/site-packages/airflow/example_dags/example_branch_datetime_operator.py
[2025-01-28T22:17:00.096+0000] {processor.py:925} INFO - DAG(s) 'example_branch_datetime_operator_3', 'example_branch_datetime_operator_2', 'example_branch_datetime_operator' retrieved from /home/airflow/.local/lib/python3.12/site-packages/airflow/example_dags/example_branch_datetime_operator.py
[2025-01-28T22:17:00.126+0000] {logging_mixin.py:190} INFO - [2025-01-28T22:17:00.126+0000] {dag.py:3239} INFO - Sync 3 DAGs
[2025-01-28T22:17:00.154+0000] {logging_mixin.py:190} INFO - [2025-01-28T22:17:00.154+0000] {dag.py:4180} INFO - Setting next_dagrun for example_branch_datetime_operator to 2025-01-27 00:00:00+00:00, run_after=2025-01-28 00:00:00+00:00
[2025-01-28T22:17:00.160+0000] {logging_mixin.py:190} INFO - [2025-01-28T22:17:00.160+0000] {dag.py:4180} INFO - Setting next_dagrun for example_branch_datetime_operator_2 to 2025-01-27 00:00:00+00:00, run_after=2025-01-28 00:00:00+00:00
[2025-01-28T22:17:00.164+0000] {logging_mixin.py:190} INFO - [2025-01-28T22:17:00.164+0000] {dag.py:4180} INFO - Setting next_dagrun for example_branch_datetime_operator_3 to 2025-01-27 00:00:00+00:00, run_after=2025-01-28 00:00:00+00:00
[2025-01-28T22:17:00.190+0000] {processor.py:208} INFO - Processing /home/airflow/.local/lib/python3.12/site-packages/airflow/example_dags/example_branch_datetime_operator.py took 0.119 seconds
[2025-01-28T22:17:30.431+0000] {processor.py:186} INFO - Started process (PID=1096) to work on /home/airflow/.local/lib/python3.12/site-packages/airflow/example_dags/example_branch_datetime_operator.py
[2025-01-28T22:17:30.433+0000] {processor.py:914} INFO - Processing file /home/airflow/.local/lib/python3.12/site-packages/airflow/example_dags/example_branch_datetime_operator.py for tasks to queue
[2025-01-28T22:17:30.436+0000] {logging_mixin.py:190} INFO - [2025-01-28T22:17:30.435+0000] {dagbag.py:588} INFO - Filling up the DagBag from /home/airflow/.local/lib/python3.12/site-packages/airflow/example_dags/example_branch_datetime_operator.py
[2025-01-28T22:17:30.449+0000] {processor.py:925} INFO - DAG(s) 'example_branch_datetime_operator', 'example_branch_datetime_operator_2', 'example_branch_datetime_operator_3' retrieved from /home/airflow/.local/lib/python3.12/site-packages/airflow/example_dags/example_branch_datetime_operator.py
[2025-01-28T22:17:30.481+0000] {logging_mixin.py:190} INFO - [2025-01-28T22:17:30.481+0000] {dag.py:3239} INFO - Sync 3 DAGs
[2025-01-28T22:17:30.508+0000] {logging_mixin.py:190} INFO - [2025-01-28T22:17:30.508+0000] {dag.py:4180} INFO - Setting next_dagrun for example_branch_datetime_operator to 2025-01-27 00:00:00+00:00, run_after=2025-01-28 00:00:00+00:00
[2025-01-28T22:17:30.514+0000] {logging_mixin.py:190} INFO - [2025-01-28T22:17:30.514+0000] {dag.py:4180} INFO - Setting next_dagrun for example_branch_datetime_operator_2 to 2025-01-27 00:00:00+00:00, run_after=2025-01-28 00:00:00+00:00
[2025-01-28T22:17:30.517+0000] {logging_mixin.py:190} INFO - [2025-01-28T22:17:30.517+0000] {dag.py:4180} INFO - Setting next_dagrun for example_branch_datetime_operator_3 to 2025-01-27 00:00:00+00:00, run_after=2025-01-28 00:00:00+00:00
[2025-01-28T22:17:30.537+0000] {processor.py:208} INFO - Processing /home/airflow/.local/lib/python3.12/site-packages/airflow/example_dags/example_branch_datetime_operator.py took 0.112 seconds
[2025-01-28T22:18:01.133+0000] {processor.py:186} INFO - Started process (PID=1159) to work on /home/airflow/.local/lib/python3.12/site-packages/airflow/example_dags/example_branch_datetime_operator.py
[2025-01-28T22:18:01.134+0000] {processor.py:914} INFO - Processing file /home/airflow/.local/lib/python3.12/site-packages/airflow/example_dags/example_branch_datetime_operator.py for tasks to queue
[2025-01-28T22:18:01.138+0000] {logging_mixin.py:190} INFO - [2025-01-28T22:18:01.137+0000] {dagbag.py:588} INFO - Filling up the DagBag from /home/airflow/.local/lib/python3.12/site-packages/airflow/example_dags/example_branch_datetime_operator.py
[2025-01-28T22:18:01.152+0000] {processor.py:925} INFO - DAG(s) 'example_branch_datetime_operator', 'example_branch_datetime_operator_3', 'example_branch_datetime_operator_2' retrieved from /home/airflow/.local/lib/python3.12/site-packages/airflow/example_dags/example_branch_datetime_operator.py
[2025-01-28T22:18:01.183+0000] {logging_mixin.py:190} INFO - [2025-01-28T22:18:01.182+0000] {dag.py:3239} INFO - Sync 3 DAGs
[2025-01-28T22:18:01.209+0000] {logging_mixin.py:190} INFO - [2025-01-28T22:18:01.209+0000] {dag.py:4180} INFO - Setting next_dagrun for example_branch_datetime_operator to 2025-01-27 00:00:00+00:00, run_after=2025-01-28 00:00:00+00:00
[2025-01-28T22:18:01.215+0000] {logging_mixin.py:190} INFO - [2025-01-28T22:18:01.215+0000] {dag.py:4180} INFO - Setting next_dagrun for example_branch_datetime_operator_2 to 2025-01-27 00:00:00+00:00, run_after=2025-01-28 00:00:00+00:00
[2025-01-28T22:18:01.218+0000] {logging_mixin.py:190} INFO - [2025-01-28T22:18:01.218+0000] {dag.py:4180} INFO - Setting next_dagrun for example_branch_datetime_operator_3 to 2025-01-27 00:00:00+00:00, run_after=2025-01-28 00:00:00+00:00
[2025-01-28T22:18:01.240+0000] {processor.py:208} INFO - Processing /home/airflow/.local/lib/python3.12/site-packages/airflow/example_dags/example_branch_datetime_operator.py took 0.114 seconds
[2025-01-28T22:18:31.306+0000] {processor.py:186} INFO - Started process (PID=1222) to work on /home/airflow/.local/lib/python3.12/site-packages/airflow/example_dags/example_branch_datetime_operator.py
[2025-01-28T22:18:31.307+0000] {processor.py:914} INFO - Processing file /home/airflow/.local/lib/python3.12/site-packages/airflow/example_dags/example_branch_datetime_operator.py for tasks to queue
[2025-01-28T22:18:31.310+0000] {logging_mixin.py:190} INFO - [2025-01-28T22:18:31.310+0000] {dagbag.py:588} INFO - Filling up the DagBag from /home/airflow/.local/lib/python3.12/site-packages/airflow/example_dags/example_branch_datetime_operator.py
[2025-01-28T22:18:31.324+0000] {processor.py:925} INFO - DAG(s) 'example_branch_datetime_operator', 'example_branch_datetime_operator_3', 'example_branch_datetime_operator_2' retrieved from /home/airflow/.local/lib/python3.12/site-packages/airflow/example_dags/example_branch_datetime_operator.py
[2025-01-28T22:18:31.355+0000] {logging_mixin.py:190} INFO - [2025-01-28T22:18:31.355+0000] {dag.py:3239} INFO - Sync 3 DAGs
[2025-01-28T22:18:31.383+0000] {logging_mixin.py:190} INFO - [2025-01-28T22:18:31.382+0000] {dag.py:4180} INFO - Setting next_dagrun for example_branch_datetime_operator to 2025-01-27 00:00:00+00:00, run_after=2025-01-28 00:00:00+00:00
[2025-01-28T22:18:31.388+0000] {logging_mixin.py:190} INFO - [2025-01-28T22:18:31.388+0000] {dag.py:4180} INFO - Setting next_dagrun for example_branch_datetime_operator_2 to 2025-01-27 00:00:00+00:00, run_after=2025-01-28 00:00:00+00:00
[2025-01-28T22:18:31.403+0000] {logging_mixin.py:190} INFO - [2025-01-28T22:18:31.403+0000] {dag.py:4180} INFO - Setting next_dagrun for example_branch_datetime_operator_3 to 2025-01-27 00:00:00+00:00, run_after=2025-01-28 00:00:00+00:00
[2025-01-28T22:18:31.423+0000] {processor.py:208} INFO - Processing /home/airflow/.local/lib/python3.12/site-packages/airflow/example_dags/example_branch_datetime_operator.py took 0.123 seconds
[2025-01-28T22:19:01.507+0000] {processor.py:186} INFO - Started process (PID=1285) to work on /home/airflow/.local/lib/python3.12/site-packages/airflow/example_dags/example_branch_datetime_operator.py
[2025-01-28T22:19:01.509+0000] {processor.py:914} INFO - Processing file /home/airflow/.local/lib/python3.12/site-packages/airflow/example_dags/example_branch_datetime_operator.py for tasks to queue
[2025-01-28T22:19:01.513+0000] {logging_mixin.py:190} INFO - [2025-01-28T22:19:01.512+0000] {dagbag.py:588} INFO - Filling up the DagBag from /home/airflow/.local/lib/python3.12/site-packages/airflow/example_dags/example_branch_datetime_operator.py
[2025-01-28T22:19:01.527+0000] {processor.py:925} INFO - DAG(s) 'example_branch_datetime_operator_3', 'example_branch_datetime_operator_2', 'example_branch_datetime_operator' retrieved from /home/airflow/.local/lib/python3.12/site-packages/airflow/example_dags/example_branch_datetime_operator.py
[2025-01-28T22:19:01.557+0000] {logging_mixin.py:190} INFO - [2025-01-28T22:19:01.557+0000] {dag.py:3239} INFO - Sync 3 DAGs
[2025-01-28T22:19:01.586+0000] {logging_mixin.py:190} INFO - [2025-01-28T22:19:01.586+0000] {dag.py:4180} INFO - Setting next_dagrun for example_branch_datetime_operator to 2025-01-27 00:00:00+00:00, run_after=2025-01-28 00:00:00+00:00
[2025-01-28T22:19:01.593+0000] {logging_mixin.py:190} INFO - [2025-01-28T22:19:01.593+0000] {dag.py:4180} INFO - Setting next_dagrun for example_branch_datetime_operator_2 to 2025-01-27 00:00:00+00:00, run_after=2025-01-28 00:00:00+00:00
[2025-01-28T22:19:01.596+0000] {logging_mixin.py:190} INFO - [2025-01-28T22:19:01.596+0000] {dag.py:4180} INFO - Setting next_dagrun for example_branch_datetime_operator_3 to 2025-01-27 00:00:00+00:00, run_after=2025-01-28 00:00:00+00:00
[2025-01-28T22:19:01.618+0000] {processor.py:208} INFO - Processing /home/airflow/.local/lib/python3.12/site-packages/airflow/example_dags/example_branch_datetime_operator.py took 0.118 seconds
[2025-01-28T22:19:31.729+0000] {processor.py:186} INFO - Started process (PID=1348) to work on /home/airflow/.local/lib/python3.12/site-packages/airflow/example_dags/example_branch_datetime_operator.py
[2025-01-28T22:19:31.731+0000] {processor.py:914} INFO - Processing file /home/airflow/.local/lib/python3.12/site-packages/airflow/example_dags/example_branch_datetime_operator.py for tasks to queue
[2025-01-28T22:19:31.735+0000] {logging_mixin.py:190} INFO - [2025-01-28T22:19:31.735+0000] {dagbag.py:588} INFO - Filling up the DagBag from /home/airflow/.local/lib/python3.12/site-packages/airflow/example_dags/example_branch_datetime_operator.py
[2025-01-28T22:19:31.750+0000] {processor.py:925} INFO - DAG(s) 'example_branch_datetime_operator', 'example_branch_datetime_operator_2', 'example_branch_datetime_operator_3' retrieved from /home/airflow/.local/lib/python3.12/site-packages/airflow/example_dags/example_branch_datetime_operator.py
[2025-01-28T22:19:31.780+0000] {logging_mixin.py:190} INFO - [2025-01-28T22:19:31.779+0000] {dag.py:3239} INFO - Sync 3 DAGs
[2025-01-28T22:19:31.807+0000] {logging_mixin.py:190} INFO - [2025-01-28T22:19:31.807+0000] {dag.py:4180} INFO - Setting next_dagrun for example_branch_datetime_operator to 2025-01-27 00:00:00+00:00, run_after=2025-01-28 00:00:00+00:00
[2025-01-28T22:19:31.813+0000] {logging_mixin.py:190} INFO - [2025-01-28T22:19:31.813+0000] {dag.py:4180} INFO - Setting next_dagrun for example_branch_datetime_operator_2 to 2025-01-27 00:00:00+00:00, run_after=2025-01-28 00:00:00+00:00
[2025-01-28T22:19:31.816+0000] {logging_mixin.py:190} INFO - [2025-01-28T22:19:31.816+0000] {dag.py:4180} INFO - Setting next_dagrun for example_branch_datetime_operator_3 to 2025-01-27 00:00:00+00:00, run_after=2025-01-28 00:00:00+00:00
[2025-01-28T22:19:31.837+0000] {processor.py:208} INFO - Processing /home/airflow/.local/lib/python3.12/site-packages/airflow/example_dags/example_branch_datetime_operator.py took 0.115 seconds
[2025-01-28T22:20:03.182+0000] {processor.py:186} INFO - Started process (PID=1411) to work on /home/airflow/.local/lib/python3.12/site-packages/airflow/example_dags/example_branch_datetime_operator.py
[2025-01-28T22:20:03.183+0000] {processor.py:914} INFO - Processing file /home/airflow/.local/lib/python3.12/site-packages/airflow/example_dags/example_branch_datetime_operator.py for tasks to queue
[2025-01-28T22:20:03.186+0000] {logging_mixin.py:190} INFO - [2025-01-28T22:20:03.185+0000] {dagbag.py:588} INFO - Filling up the DagBag from /home/airflow/.local/lib/python3.12/site-packages/airflow/example_dags/example_branch_datetime_operator.py
[2025-01-28T22:20:03.199+0000] {processor.py:925} INFO - DAG(s) 'example_branch_datetime_operator_3', 'example_branch_datetime_operator', 'example_branch_datetime_operator_2' retrieved from /home/airflow/.local/lib/python3.12/site-packages/airflow/example_dags/example_branch_datetime_operator.py
[2025-01-28T22:20:03.230+0000] {logging_mixin.py:190} INFO - [2025-01-28T22:20:03.230+0000] {dag.py:3239} INFO - Sync 3 DAGs
[2025-01-28T22:20:03.267+0000] {logging_mixin.py:190} INFO - [2025-01-28T22:20:03.267+0000] {dag.py:4180} INFO - Setting next_dagrun for example_branch_datetime_operator to 2025-01-27 00:00:00+00:00, run_after=2025-01-28 00:00:00+00:00
[2025-01-28T22:20:03.273+0000] {logging_mixin.py:190} INFO - [2025-01-28T22:20:03.273+0000] {dag.py:4180} INFO - Setting next_dagrun for example_branch_datetime_operator_2 to 2025-01-27 00:00:00+00:00, run_after=2025-01-28 00:00:00+00:00
[2025-01-28T22:20:03.277+0000] {logging_mixin.py:190} INFO - [2025-01-28T22:20:03.277+0000] {dag.py:4180} INFO - Setting next_dagrun for example_branch_datetime_operator_3 to 2025-01-27 00:00:00+00:00, run_after=2025-01-28 00:00:00+00:00
[2025-01-28T22:20:03.299+0000] {processor.py:208} INFO - Processing /home/airflow/.local/lib/python3.12/site-packages/airflow/example_dags/example_branch_datetime_operator.py took 0.123 seconds
[2025-01-28T22:20:33.651+0000] {processor.py:186} INFO - Started process (PID=1474) to work on /home/airflow/.local/lib/python3.12/site-packages/airflow/example_dags/example_branch_datetime_operator.py
[2025-01-28T22:20:33.653+0000] {processor.py:914} INFO - Processing file /home/airflow/.local/lib/python3.12/site-packages/airflow/example_dags/example_branch_datetime_operator.py for tasks to queue
[2025-01-28T22:20:33.658+0000] {logging_mixin.py:190} INFO - [2025-01-28T22:20:33.657+0000] {dagbag.py:588} INFO - Filling up the DagBag from /home/airflow/.local/lib/python3.12/site-packages/airflow/example_dags/example_branch_datetime_operator.py
[2025-01-28T22:20:33.671+0000] {processor.py:925} INFO - DAG(s) 'example_branch_datetime_operator_3', 'example_branch_datetime_operator_2', 'example_branch_datetime_operator' retrieved from /home/airflow/.local/lib/python3.12/site-packages/airflow/example_dags/example_branch_datetime_operator.py
[2025-01-28T22:20:33.700+0000] {logging_mixin.py:190} INFO - [2025-01-28T22:20:33.700+0000] {dag.py:3239} INFO - Sync 3 DAGs
[2025-01-28T22:20:33.726+0000] {logging_mixin.py:190} INFO - [2025-01-28T22:20:33.726+0000] {dag.py:4180} INFO - Setting next_dagrun for example_branch_datetime_operator to 2025-01-27 00:00:00+00:00, run_after=2025-01-28 00:00:00+00:00
[2025-01-28T22:20:33.733+0000] {logging_mixin.py:190} INFO - [2025-01-28T22:20:33.733+0000] {dag.py:4180} INFO - Setting next_dagrun for example_branch_datetime_operator_2 to 2025-01-27 00:00:00+00:00, run_after=2025-01-28 00:00:00+00:00
[2025-01-28T22:20:33.737+0000] {logging_mixin.py:190} INFO - [2025-01-28T22:20:33.736+0000] {dag.py:4180} INFO - Setting next_dagrun for example_branch_datetime_operator_3 to 2025-01-27 00:00:00+00:00, run_after=2025-01-28 00:00:00+00:00
[2025-01-28T22:20:33.758+0000] {processor.py:208} INFO - Processing /home/airflow/.local/lib/python3.12/site-packages/airflow/example_dags/example_branch_datetime_operator.py took 0.113 seconds
[2025-01-28T22:21:04.827+0000] {processor.py:186} INFO - Started process (PID=1530) to work on /home/airflow/.local/lib/python3.12/site-packages/airflow/example_dags/example_branch_datetime_operator.py
[2025-01-28T22:21:04.829+0000] {processor.py:914} INFO - Processing file /home/airflow/.local/lib/python3.12/site-packages/airflow/example_dags/example_branch_datetime_operator.py for tasks to queue
[2025-01-28T22:21:04.832+0000] {logging_mixin.py:190} INFO - [2025-01-28T22:21:04.831+0000] {dagbag.py:588} INFO - Filling up the DagBag from /home/airflow/.local/lib/python3.12/site-packages/airflow/example_dags/example_branch_datetime_operator.py
[2025-01-28T22:21:04.846+0000] {processor.py:925} INFO - DAG(s) 'example_branch_datetime_operator_2', 'example_branch_datetime_operator', 'example_branch_datetime_operator_3' retrieved from /home/airflow/.local/lib/python3.12/site-packages/airflow/example_dags/example_branch_datetime_operator.py
[2025-01-28T22:21:04.879+0000] {logging_mixin.py:190} INFO - [2025-01-28T22:21:04.878+0000] {dag.py:3239} INFO - Sync 3 DAGs
[2025-01-28T22:21:04.908+0000] {logging_mixin.py:190} INFO - [2025-01-28T22:21:04.907+0000] {dag.py:4180} INFO - Setting next_dagrun for example_branch_datetime_operator to 2025-01-27 00:00:00+00:00, run_after=2025-01-28 00:00:00+00:00
[2025-01-28T22:21:04.914+0000] {logging_mixin.py:190} INFO - [2025-01-28T22:21:04.914+0000] {dag.py:4180} INFO - Setting next_dagrun for example_branch_datetime_operator_2 to 2025-01-27 00:00:00+00:00, run_after=2025-01-28 00:00:00+00:00
[2025-01-28T22:21:04.918+0000] {logging_mixin.py:190} INFO - [2025-01-28T22:21:04.918+0000] {dag.py:4180} INFO - Setting next_dagrun for example_branch_datetime_operator_3 to 2025-01-27 00:00:00+00:00, run_after=2025-01-28 00:00:00+00:00
[2025-01-28T22:21:04.945+0000] {processor.py:208} INFO - Processing /home/airflow/.local/lib/python3.12/site-packages/airflow/example_dags/example_branch_datetime_operator.py took 0.125 seconds
[2025-01-28T22:21:35.702+0000] {processor.py:186} INFO - Started process (PID=1593) to work on /home/airflow/.local/lib/python3.12/site-packages/airflow/example_dags/example_branch_datetime_operator.py
[2025-01-28T22:21:35.704+0000] {processor.py:914} INFO - Processing file /home/airflow/.local/lib/python3.12/site-packages/airflow/example_dags/example_branch_datetime_operator.py for tasks to queue
[2025-01-28T22:21:35.707+0000] {logging_mixin.py:190} INFO - [2025-01-28T22:21:35.706+0000] {dagbag.py:588} INFO - Filling up the DagBag from /home/airflow/.local/lib/python3.12/site-packages/airflow/example_dags/example_branch_datetime_operator.py
[2025-01-28T22:21:35.720+0000] {processor.py:925} INFO - DAG(s) 'example_branch_datetime_operator', 'example_branch_datetime_operator_3', 'example_branch_datetime_operator_2' retrieved from /home/airflow/.local/lib/python3.12/site-packages/airflow/example_dags/example_branch_datetime_operator.py
[2025-01-28T22:21:35.750+0000] {logging_mixin.py:190} INFO - [2025-01-28T22:21:35.750+0000] {dag.py:3239} INFO - Sync 3 DAGs
[2025-01-28T22:21:35.778+0000] {logging_mixin.py:190} INFO - [2025-01-28T22:21:35.778+0000] {dag.py:4180} INFO - Setting next_dagrun for example_branch_datetime_operator to 2025-01-27 00:00:00+00:00, run_after=2025-01-28 00:00:00+00:00
[2025-01-28T22:21:35.785+0000] {logging_mixin.py:190} INFO - [2025-01-28T22:21:35.785+0000] {dag.py:4180} INFO - Setting next_dagrun for example_branch_datetime_operator_2 to 2025-01-27 00:00:00+00:00, run_after=2025-01-28 00:00:00+00:00
[2025-01-28T22:21:35.788+0000] {logging_mixin.py:190} INFO - [2025-01-28T22:21:35.788+0000] {dag.py:4180} INFO - Setting next_dagrun for example_branch_datetime_operator_3 to 2025-01-27 00:00:00+00:00, run_after=2025-01-28 00:00:00+00:00
[2025-01-28T22:21:35.819+0000] {processor.py:208} INFO - Processing /home/airflow/.local/lib/python3.12/site-packages/airflow/example_dags/example_branch_datetime_operator.py took 0.124 seconds
[2025-01-28T22:22:07.094+0000] {processor.py:186} INFO - Started process (PID=1656) to work on /home/airflow/.local/lib/python3.12/site-packages/airflow/example_dags/example_branch_datetime_operator.py
[2025-01-28T22:22:07.095+0000] {processor.py:914} INFO - Processing file /home/airflow/.local/lib/python3.12/site-packages/airflow/example_dags/example_branch_datetime_operator.py for tasks to queue
[2025-01-28T22:22:07.098+0000] {logging_mixin.py:190} INFO - [2025-01-28T22:22:07.098+0000] {dagbag.py:588} INFO - Filling up the DagBag from /home/airflow/.local/lib/python3.12/site-packages/airflow/example_dags/example_branch_datetime_operator.py
[2025-01-28T22:22:07.112+0000] {processor.py:925} INFO - DAG(s) 'example_branch_datetime_operator_3', 'example_branch_datetime_operator_2', 'example_branch_datetime_operator' retrieved from /home/airflow/.local/lib/python3.12/site-packages/airflow/example_dags/example_branch_datetime_operator.py
[2025-01-28T22:22:07.144+0000] {logging_mixin.py:190} INFO - [2025-01-28T22:22:07.144+0000] {dag.py:3239} INFO - Sync 3 DAGs
[2025-01-28T22:22:07.174+0000] {logging_mixin.py:190} INFO - [2025-01-28T22:22:07.174+0000] {dag.py:4180} INFO - Setting next_dagrun for example_branch_datetime_operator to 2025-01-27 00:00:00+00:00, run_after=2025-01-28 00:00:00+00:00
[2025-01-28T22:22:07.180+0000] {logging_mixin.py:190} INFO - [2025-01-28T22:22:07.180+0000] {dag.py:4180} INFO - Setting next_dagrun for example_branch_datetime_operator_2 to 2025-01-27 00:00:00+00:00, run_after=2025-01-28 00:00:00+00:00
[2025-01-28T22:22:07.183+0000] {logging_mixin.py:190} INFO - [2025-01-28T22:22:07.183+0000] {dag.py:4180} INFO - Setting next_dagrun for example_branch_datetime_operator_3 to 2025-01-27 00:00:00+00:00, run_after=2025-01-28 00:00:00+00:00
[2025-01-28T22:22:07.214+0000] {processor.py:208} INFO - Processing /home/airflow/.local/lib/python3.12/site-packages/airflow/example_dags/example_branch_datetime_operator.py took 0.127 seconds
[2025-01-28T22:22:38.529+0000] {processor.py:186} INFO - Started process (PID=1719) to work on /home/airflow/.local/lib/python3.12/site-packages/airflow/example_dags/example_branch_datetime_operator.py
[2025-01-28T22:22:38.530+0000] {processor.py:914} INFO - Processing file /home/airflow/.local/lib/python3.12/site-packages/airflow/example_dags/example_branch_datetime_operator.py for tasks to queue
[2025-01-28T22:22:38.533+0000] {logging_mixin.py:190} INFO - [2025-01-28T22:22:38.533+0000] {dagbag.py:588} INFO - Filling up the DagBag from /home/airflow/.local/lib/python3.12/site-packages/airflow/example_dags/example_branch_datetime_operator.py
[2025-01-28T22:22:38.547+0000] {processor.py:925} INFO - DAG(s) 'example_branch_datetime_operator_3', 'example_branch_datetime_operator_2', 'example_branch_datetime_operator' retrieved from /home/airflow/.local/lib/python3.12/site-packages/airflow/example_dags/example_branch_datetime_operator.py
[2025-01-28T22:22:38.578+0000] {logging_mixin.py:190} INFO - [2025-01-28T22:22:38.578+0000] {dag.py:3239} INFO - Sync 3 DAGs
[2025-01-28T22:22:38.606+0000] {logging_mixin.py:190} INFO - [2025-01-28T22:22:38.606+0000] {dag.py:4180} INFO - Setting next_dagrun for example_branch_datetime_operator to 2025-01-27 00:00:00+00:00, run_after=2025-01-28 00:00:00+00:00
[2025-01-28T22:22:38.613+0000] {logging_mixin.py:190} INFO - [2025-01-28T22:22:38.613+0000] {dag.py:4180} INFO - Setting next_dagrun for example_branch_datetime_operator_2 to 2025-01-27 00:00:00+00:00, run_after=2025-01-28 00:00:00+00:00
[2025-01-28T22:22:38.616+0000] {logging_mixin.py:190} INFO - [2025-01-28T22:22:38.616+0000] {dag.py:4180} INFO - Setting next_dagrun for example_branch_datetime_operator_3 to 2025-01-27 00:00:00+00:00, run_after=2025-01-28 00:00:00+00:00
[2025-01-28T22:22:38.639+0000] {processor.py:208} INFO - Processing /home/airflow/.local/lib/python3.12/site-packages/airflow/example_dags/example_branch_datetime_operator.py took 0.117 seconds
[2025-01-28T22:23:10.465+0000] {processor.py:186} INFO - Started process (PID=1782) to work on /home/airflow/.local/lib/python3.12/site-packages/airflow/example_dags/example_branch_datetime_operator.py
[2025-01-28T22:23:10.466+0000] {processor.py:914} INFO - Processing file /home/airflow/.local/lib/python3.12/site-packages/airflow/example_dags/example_branch_datetime_operator.py for tasks to queue
[2025-01-28T22:23:10.469+0000] {logging_mixin.py:190} INFO - [2025-01-28T22:23:10.469+0000] {dagbag.py:588} INFO - Filling up the DagBag from /home/airflow/.local/lib/python3.12/site-packages/airflow/example_dags/example_branch_datetime_operator.py
[2025-01-28T22:23:10.483+0000] {processor.py:925} INFO - DAG(s) 'example_branch_datetime_operator_3', 'example_branch_datetime_operator_2', 'example_branch_datetime_operator' retrieved from /home/airflow/.local/lib/python3.12/site-packages/airflow/example_dags/example_branch_datetime_operator.py
[2025-01-28T22:23:10.514+0000] {logging_mixin.py:190} INFO - [2025-01-28T22:23:10.513+0000] {dag.py:3239} INFO - Sync 3 DAGs
[2025-01-28T22:23:10.542+0000] {logging_mixin.py:190} INFO - [2025-01-28T22:23:10.541+0000] {dag.py:4180} INFO - Setting next_dagrun for example_branch_datetime_operator to 2025-01-27 00:00:00+00:00, run_after=2025-01-28 00:00:00+00:00
[2025-01-28T22:23:10.549+0000] {logging_mixin.py:190} INFO - [2025-01-28T22:23:10.549+0000] {dag.py:4180} INFO - Setting next_dagrun for example_branch_datetime_operator_2 to 2025-01-27 00:00:00+00:00, run_after=2025-01-28 00:00:00+00:00
[2025-01-28T22:23:10.553+0000] {logging_mixin.py:190} INFO - [2025-01-28T22:23:10.553+0000] {dag.py:4180} INFO - Setting next_dagrun for example_branch_datetime_operator_3 to 2025-01-27 00:00:00+00:00, run_after=2025-01-28 00:00:00+00:00
[2025-01-28T22:23:10.572+0000] {processor.py:208} INFO - Processing /home/airflow/.local/lib/python3.12/site-packages/airflow/example_dags/example_branch_datetime_operator.py took 0.114 seconds
[2025-01-28T22:23:42.029+0000] {processor.py:186} INFO - Started process (PID=1845) to work on /home/airflow/.local/lib/python3.12/site-packages/airflow/example_dags/example_branch_datetime_operator.py
[2025-01-28T22:23:42.030+0000] {processor.py:914} INFO - Processing file /home/airflow/.local/lib/python3.12/site-packages/airflow/example_dags/example_branch_datetime_operator.py for tasks to queue
[2025-01-28T22:23:42.033+0000] {logging_mixin.py:190} INFO - [2025-01-28T22:23:42.033+0000] {dagbag.py:588} INFO - Filling up the DagBag from /home/airflow/.local/lib/python3.12/site-packages/airflow/example_dags/example_branch_datetime_operator.py
[2025-01-28T22:23:42.047+0000] {processor.py:925} INFO - DAG(s) 'example_branch_datetime_operator_2', 'example_branch_datetime_operator_3', 'example_branch_datetime_operator' retrieved from /home/airflow/.local/lib/python3.12/site-packages/airflow/example_dags/example_branch_datetime_operator.py
[2025-01-28T22:23:42.078+0000] {logging_mixin.py:190} INFO - [2025-01-28T22:23:42.077+0000] {dag.py:3239} INFO - Sync 3 DAGs
[2025-01-28T22:23:42.107+0000] {logging_mixin.py:190} INFO - [2025-01-28T22:23:42.107+0000] {dag.py:4180} INFO - Setting next_dagrun for example_branch_datetime_operator to 2025-01-27 00:00:00+00:00, run_after=2025-01-28 00:00:00+00:00
[2025-01-28T22:23:42.117+0000] {logging_mixin.py:190} INFO - [2025-01-28T22:23:42.117+0000] {dag.py:4180} INFO - Setting next_dagrun for example_branch_datetime_operator_2 to 2025-01-27 00:00:00+00:00, run_after=2025-01-28 00:00:00+00:00
[2025-01-28T22:23:42.121+0000] {logging_mixin.py:190} INFO - [2025-01-28T22:23:42.121+0000] {dag.py:4180} INFO - Setting next_dagrun for example_branch_datetime_operator_3 to 2025-01-27 00:00:00+00:00, run_after=2025-01-28 00:00:00+00:00
[2025-01-28T22:23:42.143+0000] {processor.py:208} INFO - Processing /home/airflow/.local/lib/python3.12/site-packages/airflow/example_dags/example_branch_datetime_operator.py took 0.121 seconds
[2025-01-28T22:24:13.027+0000] {processor.py:186} INFO - Started process (PID=1908) to work on /home/airflow/.local/lib/python3.12/site-packages/airflow/example_dags/example_branch_datetime_operator.py
[2025-01-28T22:24:13.029+0000] {processor.py:914} INFO - Processing file /home/airflow/.local/lib/python3.12/site-packages/airflow/example_dags/example_branch_datetime_operator.py for tasks to queue
[2025-01-28T22:24:13.032+0000] {logging_mixin.py:190} INFO - [2025-01-28T22:24:13.032+0000] {dagbag.py:588} INFO - Filling up the DagBag from /home/airflow/.local/lib/python3.12/site-packages/airflow/example_dags/example_branch_datetime_operator.py
[2025-01-28T22:24:13.046+0000] {processor.py:925} INFO - DAG(s) 'example_branch_datetime_operator_3', 'example_branch_datetime_operator', 'example_branch_datetime_operator_2' retrieved from /home/airflow/.local/lib/python3.12/site-packages/airflow/example_dags/example_branch_datetime_operator.py
[2025-01-28T22:24:13.081+0000] {logging_mixin.py:190} INFO - [2025-01-28T22:24:13.081+0000] {dag.py:3239} INFO - Sync 3 DAGs
[2025-01-28T22:24:13.111+0000] {logging_mixin.py:190} INFO - [2025-01-28T22:24:13.110+0000] {dag.py:4180} INFO - Setting next_dagrun for example_branch_datetime_operator to 2025-01-27 00:00:00+00:00, run_after=2025-01-28 00:00:00+00:00
[2025-01-28T22:24:13.117+0000] {logging_mixin.py:190} INFO - [2025-01-28T22:24:13.117+0000] {dag.py:4180} INFO - Setting next_dagrun for example_branch_datetime_operator_2 to 2025-01-27 00:00:00+00:00, run_after=2025-01-28 00:00:00+00:00
[2025-01-28T22:24:13.121+0000] {logging_mixin.py:190} INFO - [2025-01-28T22:24:13.121+0000] {dag.py:4180} INFO - Setting next_dagrun for example_branch_datetime_operator_3 to 2025-01-27 00:00:00+00:00, run_after=2025-01-28 00:00:00+00:00
[2025-01-28T22:24:13.146+0000] {processor.py:208} INFO - Processing /home/airflow/.local/lib/python3.12/site-packages/airflow/example_dags/example_branch_datetime_operator.py took 0.125 seconds
[2025-01-28T22:24:44.517+0000] {processor.py:186} INFO - Started process (PID=1971) to work on /home/airflow/.local/lib/python3.12/site-packages/airflow/example_dags/example_branch_datetime_operator.py
[2025-01-28T22:24:44.519+0000] {processor.py:914} INFO - Processing file /home/airflow/.local/lib/python3.12/site-packages/airflow/example_dags/example_branch_datetime_operator.py for tasks to queue
[2025-01-28T22:24:44.522+0000] {logging_mixin.py:190} INFO - [2025-01-28T22:24:44.522+0000] {dagbag.py:588} INFO - Filling up the DagBag from /home/airflow/.local/lib/python3.12/site-packages/airflow/example_dags/example_branch_datetime_operator.py
[2025-01-28T22:24:44.536+0000] {processor.py:925} INFO - DAG(s) 'example_branch_datetime_operator_2', 'example_branch_datetime_operator', 'example_branch_datetime_operator_3' retrieved from /home/airflow/.local/lib/python3.12/site-packages/airflow/example_dags/example_branch_datetime_operator.py
[2025-01-28T22:24:44.590+0000] {logging_mixin.py:190} INFO - [2025-01-28T22:24:44.590+0000] {dag.py:3239} INFO - Sync 3 DAGs
[2025-01-28T22:24:44.627+0000] {logging_mixin.py:190} INFO - [2025-01-28T22:24:44.626+0000] {dag.py:4180} INFO - Setting next_dagrun for example_branch_datetime_operator to 2025-01-27 00:00:00+00:00, run_after=2025-01-28 00:00:00+00:00
[2025-01-28T22:24:44.638+0000] {logging_mixin.py:190} INFO - [2025-01-28T22:24:44.637+0000] {dag.py:4180} INFO - Setting next_dagrun for example_branch_datetime_operator_2 to 2025-01-27 00:00:00+00:00, run_after=2025-01-28 00:00:00+00:00
[2025-01-28T22:24:44.645+0000] {logging_mixin.py:190} INFO - [2025-01-28T22:24:44.644+0000] {dag.py:4180} INFO - Setting next_dagrun for example_branch_datetime_operator_3 to 2025-01-27 00:00:00+00:00, run_after=2025-01-28 00:00:00+00:00
[2025-01-28T22:24:44.671+0000] {processor.py:208} INFO - Processing /home/airflow/.local/lib/python3.12/site-packages/airflow/example_dags/example_branch_datetime_operator.py took 0.160 seconds
[2025-01-28T22:25:15.390+0000] {processor.py:186} INFO - Started process (PID=2034) to work on /home/airflow/.local/lib/python3.12/site-packages/airflow/example_dags/example_branch_datetime_operator.py
[2025-01-28T22:25:15.392+0000] {processor.py:914} INFO - Processing file /home/airflow/.local/lib/python3.12/site-packages/airflow/example_dags/example_branch_datetime_operator.py for tasks to queue
[2025-01-28T22:25:15.396+0000] {logging_mixin.py:190} INFO - [2025-01-28T22:25:15.395+0000] {dagbag.py:588} INFO - Filling up the DagBag from /home/airflow/.local/lib/python3.12/site-packages/airflow/example_dags/example_branch_datetime_operator.py
[2025-01-28T22:25:15.411+0000] {processor.py:925} INFO - DAG(s) 'example_branch_datetime_operator_2', 'example_branch_datetime_operator', 'example_branch_datetime_operator_3' retrieved from /home/airflow/.local/lib/python3.12/site-packages/airflow/example_dags/example_branch_datetime_operator.py
[2025-01-28T22:25:15.446+0000] {logging_mixin.py:190} INFO - [2025-01-28T22:25:15.445+0000] {dag.py:3239} INFO - Sync 3 DAGs
[2025-01-28T22:25:15.475+0000] {logging_mixin.py:190} INFO - [2025-01-28T22:25:15.474+0000] {dag.py:4180} INFO - Setting next_dagrun for example_branch_datetime_operator to 2025-01-27 00:00:00+00:00, run_after=2025-01-28 00:00:00+00:00
[2025-01-28T22:25:15.483+0000] {logging_mixin.py:190} INFO - [2025-01-28T22:25:15.483+0000] {dag.py:4180} INFO - Setting next_dagrun for example_branch_datetime_operator_2 to 2025-01-27 00:00:00+00:00, run_after=2025-01-28 00:00:00+00:00
[2025-01-28T22:25:15.487+0000] {logging_mixin.py:190} INFO - [2025-01-28T22:25:15.486+0000] {dag.py:4180} INFO - Setting next_dagrun for example_branch_datetime_operator_3 to 2025-01-27 00:00:00+00:00, run_after=2025-01-28 00:00:00+00:00
[2025-01-28T22:25:15.510+0000] {processor.py:208} INFO - Processing /home/airflow/.local/lib/python3.12/site-packages/airflow/example_dags/example_branch_datetime_operator.py took 0.126 seconds
[2025-01-28T22:28:44.330+0000] {processor.py:186} INFO - Started process (PID=93) to work on /home/airflow/.local/lib/python3.12/site-packages/airflow/example_dags/example_branch_datetime_operator.py
[2025-01-28T22:28:44.332+0000] {processor.py:914} INFO - Processing file /home/airflow/.local/lib/python3.12/site-packages/airflow/example_dags/example_branch_datetime_operator.py for tasks to queue
[2025-01-28T22:28:44.335+0000] {logging_mixin.py:190} INFO - [2025-01-28T22:28:44.334+0000] {dagbag.py:588} INFO - Filling up the DagBag from /home/airflow/.local/lib/python3.12/site-packages/airflow/example_dags/example_branch_datetime_operator.py
[2025-01-28T22:28:44.349+0000] {processor.py:925} INFO - DAG(s) 'example_branch_datetime_operator_2', 'example_branch_datetime_operator', 'example_branch_datetime_operator_3' retrieved from /home/airflow/.local/lib/python3.12/site-packages/airflow/example_dags/example_branch_datetime_operator.py
[2025-01-28T22:28:44.389+0000] {logging_mixin.py:190} INFO - [2025-01-28T22:28:44.389+0000] {dag.py:3239} INFO - Sync 3 DAGs
[2025-01-28T22:28:44.417+0000] {logging_mixin.py:190} INFO - [2025-01-28T22:28:44.416+0000] {dag.py:4180} INFO - Setting next_dagrun for example_branch_datetime_operator to 2025-01-27 00:00:00+00:00, run_after=2025-01-28 00:00:00+00:00
[2025-01-28T22:28:44.422+0000] {logging_mixin.py:190} INFO - [2025-01-28T22:28:44.422+0000] {dag.py:4180} INFO - Setting next_dagrun for example_branch_datetime_operator_2 to 2025-01-27 00:00:00+00:00, run_after=2025-01-28 00:00:00+00:00
[2025-01-28T22:28:44.425+0000] {logging_mixin.py:190} INFO - [2025-01-28T22:28:44.425+0000] {dag.py:4180} INFO - Setting next_dagrun for example_branch_datetime_operator_3 to 2025-01-27 00:00:00+00:00, run_after=2025-01-28 00:00:00+00:00
[2025-01-28T22:28:44.456+0000] {processor.py:208} INFO - Processing /home/airflow/.local/lib/python3.12/site-packages/airflow/example_dags/example_branch_datetime_operator.py took 0.132 seconds
[2025-01-28T22:29:14.798+0000] {processor.py:186} INFO - Started process (PID=156) to work on /home/airflow/.local/lib/python3.12/site-packages/airflow/example_dags/example_branch_datetime_operator.py
[2025-01-28T22:29:14.799+0000] {processor.py:914} INFO - Processing file /home/airflow/.local/lib/python3.12/site-packages/airflow/example_dags/example_branch_datetime_operator.py for tasks to queue
[2025-01-28T22:29:14.802+0000] {logging_mixin.py:190} INFO - [2025-01-28T22:29:14.801+0000] {dagbag.py:588} INFO - Filling up the DagBag from /home/airflow/.local/lib/python3.12/site-packages/airflow/example_dags/example_branch_datetime_operator.py
[2025-01-28T22:29:14.815+0000] {processor.py:925} INFO - DAG(s) 'example_branch_datetime_operator', 'example_branch_datetime_operator_2', 'example_branch_datetime_operator_3' retrieved from /home/airflow/.local/lib/python3.12/site-packages/airflow/example_dags/example_branch_datetime_operator.py
[2025-01-28T22:29:14.845+0000] {logging_mixin.py:190} INFO - [2025-01-28T22:29:14.844+0000] {dag.py:3239} INFO - Sync 3 DAGs
[2025-01-28T22:29:14.872+0000] {logging_mixin.py:190} INFO - [2025-01-28T22:29:14.872+0000] {dag.py:4180} INFO - Setting next_dagrun for example_branch_datetime_operator to 2025-01-27 00:00:00+00:00, run_after=2025-01-28 00:00:00+00:00
[2025-01-28T22:29:14.878+0000] {logging_mixin.py:190} INFO - [2025-01-28T22:29:14.878+0000] {dag.py:4180} INFO - Setting next_dagrun for example_branch_datetime_operator_2 to 2025-01-27 00:00:00+00:00, run_after=2025-01-28 00:00:00+00:00
[2025-01-28T22:29:14.884+0000] {logging_mixin.py:190} INFO - [2025-01-28T22:29:14.884+0000] {dag.py:4180} INFO - Setting next_dagrun for example_branch_datetime_operator_3 to 2025-01-27 00:00:00+00:00, run_after=2025-01-28 00:00:00+00:00
[2025-01-28T22:29:14.907+0000] {processor.py:208} INFO - Processing /home/airflow/.local/lib/python3.12/site-packages/airflow/example_dags/example_branch_datetime_operator.py took 0.115 seconds
[2025-01-28T22:29:45.343+0000] {processor.py:186} INFO - Started process (PID=219) to work on /home/airflow/.local/lib/python3.12/site-packages/airflow/example_dags/example_branch_datetime_operator.py
[2025-01-28T22:29:45.345+0000] {processor.py:914} INFO - Processing file /home/airflow/.local/lib/python3.12/site-packages/airflow/example_dags/example_branch_datetime_operator.py for tasks to queue
[2025-01-28T22:29:45.350+0000] {logging_mixin.py:190} INFO - [2025-01-28T22:29:45.350+0000] {dagbag.py:588} INFO - Filling up the DagBag from /home/airflow/.local/lib/python3.12/site-packages/airflow/example_dags/example_branch_datetime_operator.py
[2025-01-28T22:29:45.366+0000] {processor.py:925} INFO - DAG(s) 'example_branch_datetime_operator_2', 'example_branch_datetime_operator_3', 'example_branch_datetime_operator' retrieved from /home/airflow/.local/lib/python3.12/site-packages/airflow/example_dags/example_branch_datetime_operator.py
[2025-01-28T22:29:45.403+0000] {logging_mixin.py:190} INFO - [2025-01-28T22:29:45.403+0000] {dag.py:3239} INFO - Sync 3 DAGs
[2025-01-28T22:29:45.439+0000] {logging_mixin.py:190} INFO - [2025-01-28T22:29:45.439+0000] {dag.py:4180} INFO - Setting next_dagrun for example_branch_datetime_operator to 2025-01-27 00:00:00+00:00, run_after=2025-01-28 00:00:00+00:00
[2025-01-28T22:29:45.445+0000] {logging_mixin.py:190} INFO - [2025-01-28T22:29:45.445+0000] {dag.py:4180} INFO - Setting next_dagrun for example_branch_datetime_operator_2 to 2025-01-27 00:00:00+00:00, run_after=2025-01-28 00:00:00+00:00
[2025-01-28T22:29:45.448+0000] {logging_mixin.py:190} INFO - [2025-01-28T22:29:45.448+0000] {dag.py:4180} INFO - Setting next_dagrun for example_branch_datetime_operator_3 to 2025-01-27 00:00:00+00:00, run_after=2025-01-28 00:00:00+00:00
[2025-01-28T22:29:45.474+0000] {processor.py:208} INFO - Processing /home/airflow/.local/lib/python3.12/site-packages/airflow/example_dags/example_branch_datetime_operator.py took 0.139 seconds
[2025-01-28T22:30:15.646+0000] {processor.py:186} INFO - Started process (PID=281) to work on /home/airflow/.local/lib/python3.12/site-packages/airflow/example_dags/example_branch_datetime_operator.py
[2025-01-28T22:30:15.648+0000] {processor.py:914} INFO - Processing file /home/airflow/.local/lib/python3.12/site-packages/airflow/example_dags/example_branch_datetime_operator.py for tasks to queue
[2025-01-28T22:30:15.650+0000] {logging_mixin.py:190} INFO - [2025-01-28T22:30:15.650+0000] {dagbag.py:588} INFO - Filling up the DagBag from /home/airflow/.local/lib/python3.12/site-packages/airflow/example_dags/example_branch_datetime_operator.py
[2025-01-28T22:30:15.663+0000] {processor.py:925} INFO - DAG(s) 'example_branch_datetime_operator_3', 'example_branch_datetime_operator_2', 'example_branch_datetime_operator' retrieved from /home/airflow/.local/lib/python3.12/site-packages/airflow/example_dags/example_branch_datetime_operator.py
[2025-01-28T22:30:15.693+0000] {logging_mixin.py:190} INFO - [2025-01-28T22:30:15.692+0000] {dag.py:3239} INFO - Sync 3 DAGs
[2025-01-28T22:30:15.720+0000] {logging_mixin.py:190} INFO - [2025-01-28T22:30:15.720+0000] {dag.py:4180} INFO - Setting next_dagrun for example_branch_datetime_operator to 2025-01-27 00:00:00+00:00, run_after=2025-01-28 00:00:00+00:00
[2025-01-28T22:30:15.726+0000] {logging_mixin.py:190} INFO - [2025-01-28T22:30:15.726+0000] {dag.py:4180} INFO - Setting next_dagrun for example_branch_datetime_operator_2 to 2025-01-27 00:00:00+00:00, run_after=2025-01-28 00:00:00+00:00
[2025-01-28T22:30:15.729+0000] {logging_mixin.py:190} INFO - [2025-01-28T22:30:15.729+0000] {dag.py:4180} INFO - Setting next_dagrun for example_branch_datetime_operator_3 to 2025-01-27 00:00:00+00:00, run_after=2025-01-28 00:00:00+00:00
[2025-01-28T22:30:15.753+0000] {processor.py:208} INFO - Processing /home/airflow/.local/lib/python3.12/site-packages/airflow/example_dags/example_branch_datetime_operator.py took 0.114 seconds
[2025-01-28T22:30:46.072+0000] {processor.py:186} INFO - Started process (PID=344) to work on /home/airflow/.local/lib/python3.12/site-packages/airflow/example_dags/example_branch_datetime_operator.py
[2025-01-28T22:30:46.074+0000] {processor.py:914} INFO - Processing file /home/airflow/.local/lib/python3.12/site-packages/airflow/example_dags/example_branch_datetime_operator.py for tasks to queue
[2025-01-28T22:30:46.076+0000] {logging_mixin.py:190} INFO - [2025-01-28T22:30:46.076+0000] {dagbag.py:588} INFO - Filling up the DagBag from /home/airflow/.local/lib/python3.12/site-packages/airflow/example_dags/example_branch_datetime_operator.py
[2025-01-28T22:30:46.090+0000] {processor.py:925} INFO - DAG(s) 'example_branch_datetime_operator', 'example_branch_datetime_operator_2', 'example_branch_datetime_operator_3' retrieved from /home/airflow/.local/lib/python3.12/site-packages/airflow/example_dags/example_branch_datetime_operator.py
[2025-01-28T22:30:46.120+0000] {logging_mixin.py:190} INFO - [2025-01-28T22:30:46.120+0000] {dag.py:3239} INFO - Sync 3 DAGs
[2025-01-28T22:30:46.148+0000] {logging_mixin.py:190} INFO - [2025-01-28T22:30:46.147+0000] {dag.py:4180} INFO - Setting next_dagrun for example_branch_datetime_operator to 2025-01-27 00:00:00+00:00, run_after=2025-01-28 00:00:00+00:00
[2025-01-28T22:30:46.154+0000] {logging_mixin.py:190} INFO - [2025-01-28T22:30:46.154+0000] {dag.py:4180} INFO - Setting next_dagrun for example_branch_datetime_operator_2 to 2025-01-27 00:00:00+00:00, run_after=2025-01-28 00:00:00+00:00
[2025-01-28T22:30:46.158+0000] {logging_mixin.py:190} INFO - [2025-01-28T22:30:46.157+0000] {dag.py:4180} INFO - Setting next_dagrun for example_branch_datetime_operator_3 to 2025-01-27 00:00:00+00:00, run_after=2025-01-28 00:00:00+00:00
[2025-01-28T22:30:46.188+0000] {processor.py:208} INFO - Processing /home/airflow/.local/lib/python3.12/site-packages/airflow/example_dags/example_branch_datetime_operator.py took 0.122 seconds
