[2025-01-28T22:09:30.013+0000] {processor.py:186} INFO - Started process (PID=126) to work on /home/airflow/.local/lib/python3.12/site-packages/airflow/example_dags/example_xcom.py
[2025-01-28T22:09:30.014+0000] {processor.py:914} INFO - Processing file /home/airflow/.local/lib/python3.12/site-packages/airflow/example_dags/example_xcom.py for tasks to queue
[2025-01-28T22:09:30.017+0000] {logging_mixin.py:190} INFO - [2025-01-28T22:09:30.017+0000] {dagbag.py:588} INFO - Filling up the DagBag from /home/airflow/.local/lib/python3.12/site-packages/airflow/example_dags/example_xcom.py
[2025-01-28T22:09:30.029+0000] {processor.py:925} INFO - DAG(s) 'example_xcom' retrieved from /home/airflow/.local/lib/python3.12/site-packages/airflow/example_dags/example_xcom.py
[2025-01-28T22:09:30.146+0000] {logging_mixin.py:190} INFO - [2025-01-28T22:09:30.145+0000] {override.py:1911} INFO - Created Permission View: can delete on DAG:example_xcom
[2025-01-28T22:09:30.160+0000] {logging_mixin.py:190} INFO - [2025-01-28T22:09:30.159+0000] {override.py:1911} INFO - Created Permission View: can edit on DAG:example_xcom
[2025-01-28T22:09:30.169+0000] {logging_mixin.py:190} INFO - [2025-01-28T22:09:30.169+0000] {override.py:1911} INFO - Created Permission View: can read on DAG:example_xcom
[2025-01-28T22:09:30.184+0000] {logging_mixin.py:190} INFO - [2025-01-28T22:09:30.183+0000] {override.py:1911} INFO - Created Permission View: can create on DAG Run:example_xcom
[2025-01-28T22:09:30.193+0000] {logging_mixin.py:190} INFO - [2025-01-28T22:09:30.193+0000] {override.py:1911} INFO - Created Permission View: can delete on DAG Run:example_xcom
[2025-01-28T22:09:30.203+0000] {logging_mixin.py:190} INFO - [2025-01-28T22:09:30.202+0000] {override.py:1911} INFO - Created Permission View: menu access on DAG Run:example_xcom
[2025-01-28T22:09:30.213+0000] {logging_mixin.py:190} INFO - [2025-01-28T22:09:30.213+0000] {override.py:1911} INFO - Created Permission View: can read on DAG Run:example_xcom
[2025-01-28T22:09:30.214+0000] {logging_mixin.py:190} INFO - [2025-01-28T22:09:30.214+0000] {dag.py:3239} INFO - Sync 1 DAGs
[2025-01-28T22:09:30.228+0000] {logging_mixin.py:190} INFO - [2025-01-28T22:09:30.227+0000] {dag.py:3262} INFO - Creating ORM DAG for example_xcom
[2025-01-28T22:09:30.238+0000] {logging_mixin.py:190} INFO - [2025-01-28T22:09:30.237+0000] {dag.py:4180} INFO - Setting next_dagrun for example_xcom to 2021-01-01 00:00:00+00:00, run_after=2021-01-01 00:00:00+00:00
[2025-01-28T22:09:30.263+0000] {processor.py:208} INFO - Processing /home/airflow/.local/lib/python3.12/site-packages/airflow/example_dags/example_xcom.py took 0.256 seconds
[2025-01-28T22:10:01.059+0000] {processor.py:186} INFO - Started process (PID=189) to work on /home/airflow/.local/lib/python3.12/site-packages/airflow/example_dags/example_xcom.py
[2025-01-28T22:10:01.060+0000] {processor.py:914} INFO - Processing file /home/airflow/.local/lib/python3.12/site-packages/airflow/example_dags/example_xcom.py for tasks to queue
[2025-01-28T22:10:01.063+0000] {logging_mixin.py:190} INFO - [2025-01-28T22:10:01.063+0000] {dagbag.py:588} INFO - Filling up the DagBag from /home/airflow/.local/lib/python3.12/site-packages/airflow/example_dags/example_xcom.py
[2025-01-28T22:10:01.073+0000] {processor.py:925} INFO - DAG(s) 'example_xcom' retrieved from /home/airflow/.local/lib/python3.12/site-packages/airflow/example_dags/example_xcom.py
[2025-01-28T22:10:01.098+0000] {logging_mixin.py:190} INFO - [2025-01-28T22:10:01.097+0000] {dag.py:3239} INFO - Sync 1 DAGs
[2025-01-28T22:10:01.122+0000] {logging_mixin.py:190} INFO - [2025-01-28T22:10:01.122+0000] {dag.py:4180} INFO - Setting next_dagrun for example_xcom to 2021-01-01 00:00:00+00:00, run_after=2021-01-01 00:00:00+00:00
[2025-01-28T22:10:01.150+0000] {processor.py:208} INFO - Processing /home/airflow/.local/lib/python3.12/site-packages/airflow/example_dags/example_xcom.py took 0.097 seconds
[2025-01-28T22:10:31.902+0000] {processor.py:186} INFO - Started process (PID=251) to work on /home/airflow/.local/lib/python3.12/site-packages/airflow/example_dags/example_xcom.py
[2025-01-28T22:10:31.903+0000] {processor.py:914} INFO - Processing file /home/airflow/.local/lib/python3.12/site-packages/airflow/example_dags/example_xcom.py for tasks to queue
[2025-01-28T22:10:31.906+0000] {logging_mixin.py:190} INFO - [2025-01-28T22:10:31.906+0000] {dagbag.py:588} INFO - Filling up the DagBag from /home/airflow/.local/lib/python3.12/site-packages/airflow/example_dags/example_xcom.py
[2025-01-28T22:10:31.916+0000] {processor.py:925} INFO - DAG(s) 'example_xcom' retrieved from /home/airflow/.local/lib/python3.12/site-packages/airflow/example_dags/example_xcom.py
[2025-01-28T22:10:31.941+0000] {logging_mixin.py:190} INFO - [2025-01-28T22:10:31.940+0000] {dag.py:3239} INFO - Sync 1 DAGs
[2025-01-28T22:10:31.965+0000] {logging_mixin.py:190} INFO - [2025-01-28T22:10:31.965+0000] {dag.py:4180} INFO - Setting next_dagrun for example_xcom to 2021-01-01 00:00:00+00:00, run_after=2021-01-01 00:00:00+00:00
[2025-01-28T22:10:31.989+0000] {processor.py:208} INFO - Processing /home/airflow/.local/lib/python3.12/site-packages/airflow/example_dags/example_xcom.py took 0.094 seconds
[2025-01-28T22:11:02.707+0000] {processor.py:186} INFO - Started process (PID=314) to work on /home/airflow/.local/lib/python3.12/site-packages/airflow/example_dags/example_xcom.py
[2025-01-28T22:11:02.709+0000] {processor.py:914} INFO - Processing file /home/airflow/.local/lib/python3.12/site-packages/airflow/example_dags/example_xcom.py for tasks to queue
[2025-01-28T22:11:02.713+0000] {logging_mixin.py:190} INFO - [2025-01-28T22:11:02.712+0000] {dagbag.py:588} INFO - Filling up the DagBag from /home/airflow/.local/lib/python3.12/site-packages/airflow/example_dags/example_xcom.py
[2025-01-28T22:11:02.730+0000] {processor.py:925} INFO - DAG(s) 'example_xcom' retrieved from /home/airflow/.local/lib/python3.12/site-packages/airflow/example_dags/example_xcom.py
[2025-01-28T22:11:02.765+0000] {logging_mixin.py:190} INFO - [2025-01-28T22:11:02.765+0000] {dag.py:3239} INFO - Sync 1 DAGs
[2025-01-28T22:11:02.795+0000] {logging_mixin.py:190} INFO - [2025-01-28T22:11:02.795+0000] {dag.py:4180} INFO - Setting next_dagrun for example_xcom to 2021-01-01 00:00:00+00:00, run_after=2021-01-01 00:00:00+00:00
[2025-01-28T22:11:02.820+0000] {processor.py:208} INFO - Processing /home/airflow/.local/lib/python3.12/site-packages/airflow/example_dags/example_xcom.py took 0.121 seconds
[2025-01-28T22:11:33.462+0000] {processor.py:186} INFO - Started process (PID=377) to work on /home/airflow/.local/lib/python3.12/site-packages/airflow/example_dags/example_xcom.py
[2025-01-28T22:11:33.464+0000] {processor.py:914} INFO - Processing file /home/airflow/.local/lib/python3.12/site-packages/airflow/example_dags/example_xcom.py for tasks to queue
[2025-01-28T22:11:33.466+0000] {logging_mixin.py:190} INFO - [2025-01-28T22:11:33.466+0000] {dagbag.py:588} INFO - Filling up the DagBag from /home/airflow/.local/lib/python3.12/site-packages/airflow/example_dags/example_xcom.py
[2025-01-28T22:11:33.477+0000] {processor.py:925} INFO - DAG(s) 'example_xcom' retrieved from /home/airflow/.local/lib/python3.12/site-packages/airflow/example_dags/example_xcom.py
[2025-01-28T22:11:33.501+0000] {logging_mixin.py:190} INFO - [2025-01-28T22:11:33.501+0000] {dag.py:3239} INFO - Sync 1 DAGs
[2025-01-28T22:11:33.526+0000] {logging_mixin.py:190} INFO - [2025-01-28T22:11:33.525+0000] {dag.py:4180} INFO - Setting next_dagrun for example_xcom to 2021-01-01 00:00:00+00:00, run_after=2021-01-01 00:00:00+00:00
[2025-01-28T22:11:33.549+0000] {processor.py:208} INFO - Processing /home/airflow/.local/lib/python3.12/site-packages/airflow/example_dags/example_xcom.py took 0.093 seconds
[2025-01-28T22:12:04.228+0000] {processor.py:186} INFO - Started process (PID=440) to work on /home/airflow/.local/lib/python3.12/site-packages/airflow/example_dags/example_xcom.py
[2025-01-28T22:12:04.229+0000] {processor.py:914} INFO - Processing file /home/airflow/.local/lib/python3.12/site-packages/airflow/example_dags/example_xcom.py for tasks to queue
[2025-01-28T22:12:04.233+0000] {logging_mixin.py:190} INFO - [2025-01-28T22:12:04.232+0000] {dagbag.py:588} INFO - Filling up the DagBag from /home/airflow/.local/lib/python3.12/site-packages/airflow/example_dags/example_xcom.py
[2025-01-28T22:12:04.244+0000] {processor.py:925} INFO - DAG(s) 'example_xcom' retrieved from /home/airflow/.local/lib/python3.12/site-packages/airflow/example_dags/example_xcom.py
[2025-01-28T22:12:04.268+0000] {logging_mixin.py:190} INFO - [2025-01-28T22:12:04.268+0000] {dag.py:3239} INFO - Sync 1 DAGs
[2025-01-28T22:12:04.294+0000] {logging_mixin.py:190} INFO - [2025-01-28T22:12:04.294+0000] {dag.py:4180} INFO - Setting next_dagrun for example_xcom to 2021-01-01 00:00:00+00:00, run_after=2021-01-01 00:00:00+00:00
[2025-01-28T22:12:04.322+0000] {processor.py:208} INFO - Processing /home/airflow/.local/lib/python3.12/site-packages/airflow/example_dags/example_xcom.py took 0.100 seconds
[2025-01-28T22:12:35.113+0000] {processor.py:186} INFO - Started process (PID=503) to work on /home/airflow/.local/lib/python3.12/site-packages/airflow/example_dags/example_xcom.py
[2025-01-28T22:12:35.114+0000] {processor.py:914} INFO - Processing file /home/airflow/.local/lib/python3.12/site-packages/airflow/example_dags/example_xcom.py for tasks to queue
[2025-01-28T22:12:35.117+0000] {logging_mixin.py:190} INFO - [2025-01-28T22:12:35.117+0000] {dagbag.py:588} INFO - Filling up the DagBag from /home/airflow/.local/lib/python3.12/site-packages/airflow/example_dags/example_xcom.py
[2025-01-28T22:12:35.127+0000] {processor.py:925} INFO - DAG(s) 'example_xcom' retrieved from /home/airflow/.local/lib/python3.12/site-packages/airflow/example_dags/example_xcom.py
[2025-01-28T22:12:35.150+0000] {logging_mixin.py:190} INFO - [2025-01-28T22:12:35.150+0000] {dag.py:3239} INFO - Sync 1 DAGs
[2025-01-28T22:12:35.174+0000] {logging_mixin.py:190} INFO - [2025-01-28T22:12:35.174+0000] {dag.py:4180} INFO - Setting next_dagrun for example_xcom to 2021-01-01 00:00:00+00:00, run_after=2021-01-01 00:00:00+00:00
[2025-01-28T22:12:35.196+0000] {processor.py:208} INFO - Processing /home/airflow/.local/lib/python3.12/site-packages/airflow/example_dags/example_xcom.py took 0.089 seconds
[2025-01-28T22:13:07.368+0000] {processor.py:186} INFO - Started process (PID=566) to work on /home/airflow/.local/lib/python3.12/site-packages/airflow/example_dags/example_xcom.py
[2025-01-28T22:13:07.374+0000] {processor.py:914} INFO - Processing file /home/airflow/.local/lib/python3.12/site-packages/airflow/example_dags/example_xcom.py for tasks to queue
[2025-01-28T22:13:07.383+0000] {logging_mixin.py:190} INFO - [2025-01-28T22:13:07.383+0000] {dagbag.py:588} INFO - Filling up the DagBag from /home/airflow/.local/lib/python3.12/site-packages/airflow/example_dags/example_xcom.py
[2025-01-28T22:13:07.396+0000] {processor.py:925} INFO - DAG(s) 'example_xcom' retrieved from /home/airflow/.local/lib/python3.12/site-packages/airflow/example_dags/example_xcom.py
[2025-01-28T22:13:07.421+0000] {logging_mixin.py:190} INFO - [2025-01-28T22:13:07.420+0000] {dag.py:3239} INFO - Sync 1 DAGs
[2025-01-28T22:13:07.447+0000] {logging_mixin.py:190} INFO - [2025-01-28T22:13:07.446+0000] {dag.py:4180} INFO - Setting next_dagrun for example_xcom to 2021-01-01 00:00:00+00:00, run_after=2021-01-01 00:00:00+00:00
[2025-01-28T22:13:07.500+0000] {processor.py:208} INFO - Processing /home/airflow/.local/lib/python3.12/site-packages/airflow/example_dags/example_xcom.py took 0.138 seconds
[2025-01-28T22:13:38.246+0000] {processor.py:186} INFO - Started process (PID=629) to work on /home/airflow/.local/lib/python3.12/site-packages/airflow/example_dags/example_xcom.py
[2025-01-28T22:13:38.247+0000] {processor.py:914} INFO - Processing file /home/airflow/.local/lib/python3.12/site-packages/airflow/example_dags/example_xcom.py for tasks to queue
[2025-01-28T22:13:38.251+0000] {logging_mixin.py:190} INFO - [2025-01-28T22:13:38.250+0000] {dagbag.py:588} INFO - Filling up the DagBag from /home/airflow/.local/lib/python3.12/site-packages/airflow/example_dags/example_xcom.py
[2025-01-28T22:13:38.262+0000] {processor.py:925} INFO - DAG(s) 'example_xcom' retrieved from /home/airflow/.local/lib/python3.12/site-packages/airflow/example_dags/example_xcom.py
[2025-01-28T22:13:38.286+0000] {logging_mixin.py:190} INFO - [2025-01-28T22:13:38.285+0000] {dag.py:3239} INFO - Sync 1 DAGs
[2025-01-28T22:13:38.310+0000] {logging_mixin.py:190} INFO - [2025-01-28T22:13:38.310+0000] {dag.py:4180} INFO - Setting next_dagrun for example_xcom to 2021-01-01 00:00:00+00:00, run_after=2021-01-01 00:00:00+00:00
[2025-01-28T22:13:38.341+0000] {processor.py:208} INFO - Processing /home/airflow/.local/lib/python3.12/site-packages/airflow/example_dags/example_xcom.py took 0.102 seconds
[2025-01-28T22:14:09.459+0000] {processor.py:186} INFO - Started process (PID=692) to work on /home/airflow/.local/lib/python3.12/site-packages/airflow/example_dags/example_xcom.py
[2025-01-28T22:14:09.460+0000] {processor.py:914} INFO - Processing file /home/airflow/.local/lib/python3.12/site-packages/airflow/example_dags/example_xcom.py for tasks to queue
[2025-01-28T22:14:09.462+0000] {logging_mixin.py:190} INFO - [2025-01-28T22:14:09.462+0000] {dagbag.py:588} INFO - Filling up the DagBag from /home/airflow/.local/lib/python3.12/site-packages/airflow/example_dags/example_xcom.py
[2025-01-28T22:14:09.472+0000] {processor.py:925} INFO - DAG(s) 'example_xcom' retrieved from /home/airflow/.local/lib/python3.12/site-packages/airflow/example_dags/example_xcom.py
[2025-01-28T22:14:09.495+0000] {logging_mixin.py:190} INFO - [2025-01-28T22:14:09.495+0000] {dag.py:3239} INFO - Sync 1 DAGs
[2025-01-28T22:14:09.523+0000] {logging_mixin.py:190} INFO - [2025-01-28T22:14:09.522+0000] {dag.py:4180} INFO - Setting next_dagrun for example_xcom to 2021-01-01 00:00:00+00:00, run_after=2021-01-01 00:00:00+00:00
[2025-01-28T22:14:09.546+0000] {processor.py:208} INFO - Processing /home/airflow/.local/lib/python3.12/site-packages/airflow/example_dags/example_xcom.py took 0.094 seconds
[2025-01-28T22:14:39.794+0000] {processor.py:186} INFO - Started process (PID=755) to work on /home/airflow/.local/lib/python3.12/site-packages/airflow/example_dags/example_xcom.py
[2025-01-28T22:14:39.796+0000] {processor.py:914} INFO - Processing file /home/airflow/.local/lib/python3.12/site-packages/airflow/example_dags/example_xcom.py for tasks to queue
[2025-01-28T22:14:39.798+0000] {logging_mixin.py:190} INFO - [2025-01-28T22:14:39.798+0000] {dagbag.py:588} INFO - Filling up the DagBag from /home/airflow/.local/lib/python3.12/site-packages/airflow/example_dags/example_xcom.py
[2025-01-28T22:14:39.808+0000] {processor.py:925} INFO - DAG(s) 'example_xcom' retrieved from /home/airflow/.local/lib/python3.12/site-packages/airflow/example_dags/example_xcom.py
[2025-01-28T22:14:39.832+0000] {logging_mixin.py:190} INFO - [2025-01-28T22:14:39.831+0000] {dag.py:3239} INFO - Sync 1 DAGs
[2025-01-28T22:14:39.856+0000] {logging_mixin.py:190} INFO - [2025-01-28T22:14:39.856+0000] {dag.py:4180} INFO - Setting next_dagrun for example_xcom to 2021-01-01 00:00:00+00:00, run_after=2021-01-01 00:00:00+00:00
[2025-01-28T22:14:39.880+0000] {processor.py:208} INFO - Processing /home/airflow/.local/lib/python3.12/site-packages/airflow/example_dags/example_xcom.py took 0.092 seconds
[2025-01-28T22:15:11.583+0000] {processor.py:186} INFO - Started process (PID=818) to work on /home/airflow/.local/lib/python3.12/site-packages/airflow/example_dags/example_xcom.py
[2025-01-28T22:15:11.584+0000] {processor.py:914} INFO - Processing file /home/airflow/.local/lib/python3.12/site-packages/airflow/example_dags/example_xcom.py for tasks to queue
[2025-01-28T22:15:11.588+0000] {logging_mixin.py:190} INFO - [2025-01-28T22:15:11.587+0000] {dagbag.py:588} INFO - Filling up the DagBag from /home/airflow/.local/lib/python3.12/site-packages/airflow/example_dags/example_xcom.py
[2025-01-28T22:15:11.599+0000] {processor.py:925} INFO - DAG(s) 'example_xcom' retrieved from /home/airflow/.local/lib/python3.12/site-packages/airflow/example_dags/example_xcom.py
[2025-01-28T22:15:11.621+0000] {logging_mixin.py:190} INFO - [2025-01-28T22:15:11.621+0000] {dag.py:3239} INFO - Sync 1 DAGs
[2025-01-28T22:15:11.647+0000] {logging_mixin.py:190} INFO - [2025-01-28T22:15:11.646+0000] {dag.py:4180} INFO - Setting next_dagrun for example_xcom to 2021-01-01 00:00:00+00:00, run_after=2021-01-01 00:00:00+00:00
[2025-01-28T22:15:11.669+0000] {processor.py:208} INFO - Processing /home/airflow/.local/lib/python3.12/site-packages/airflow/example_dags/example_xcom.py took 0.093 seconds
[2025-01-28T22:15:43.125+0000] {processor.py:186} INFO - Started process (PID=881) to work on /home/airflow/.local/lib/python3.12/site-packages/airflow/example_dags/example_xcom.py
[2025-01-28T22:15:43.126+0000] {processor.py:914} INFO - Processing file /home/airflow/.local/lib/python3.12/site-packages/airflow/example_dags/example_xcom.py for tasks to queue
[2025-01-28T22:15:43.129+0000] {logging_mixin.py:190} INFO - [2025-01-28T22:15:43.129+0000] {dagbag.py:588} INFO - Filling up the DagBag from /home/airflow/.local/lib/python3.12/site-packages/airflow/example_dags/example_xcom.py
[2025-01-28T22:15:43.140+0000] {processor.py:925} INFO - DAG(s) 'example_xcom' retrieved from /home/airflow/.local/lib/python3.12/site-packages/airflow/example_dags/example_xcom.py
[2025-01-28T22:15:43.163+0000] {logging_mixin.py:190} INFO - [2025-01-28T22:15:43.163+0000] {dag.py:3239} INFO - Sync 1 DAGs
[2025-01-28T22:15:43.188+0000] {logging_mixin.py:190} INFO - [2025-01-28T22:15:43.188+0000] {dag.py:4180} INFO - Setting next_dagrun for example_xcom to 2021-01-01 00:00:00+00:00, run_after=2021-01-01 00:00:00+00:00
[2025-01-28T22:15:43.213+0000] {processor.py:208} INFO - Processing /home/airflow/.local/lib/python3.12/site-packages/airflow/example_dags/example_xcom.py took 0.094 seconds
[2025-01-28T22:16:14.579+0000] {processor.py:186} INFO - Started process (PID=945) to work on /home/airflow/.local/lib/python3.12/site-packages/airflow/example_dags/example_xcom.py
[2025-01-28T22:16:14.580+0000] {processor.py:914} INFO - Processing file /home/airflow/.local/lib/python3.12/site-packages/airflow/example_dags/example_xcom.py for tasks to queue
[2025-01-28T22:16:14.583+0000] {logging_mixin.py:190} INFO - [2025-01-28T22:16:14.583+0000] {dagbag.py:588} INFO - Filling up the DagBag from /home/airflow/.local/lib/python3.12/site-packages/airflow/example_dags/example_xcom.py
[2025-01-28T22:16:14.594+0000] {processor.py:925} INFO - DAG(s) 'example_xcom' retrieved from /home/airflow/.local/lib/python3.12/site-packages/airflow/example_dags/example_xcom.py
[2025-01-28T22:16:14.618+0000] {logging_mixin.py:190} INFO - [2025-01-28T22:16:14.617+0000] {dag.py:3239} INFO - Sync 1 DAGs
[2025-01-28T22:16:14.644+0000] {logging_mixin.py:190} INFO - [2025-01-28T22:16:14.644+0000] {dag.py:4180} INFO - Setting next_dagrun for example_xcom to 2021-01-01 00:00:00+00:00, run_after=2021-01-01 00:00:00+00:00
[2025-01-28T22:16:14.700+0000] {processor.py:208} INFO - Processing /home/airflow/.local/lib/python3.12/site-packages/airflow/example_dags/example_xcom.py took 0.128 seconds
[2025-01-28T22:16:46.434+0000] {processor.py:186} INFO - Started process (PID=1008) to work on /home/airflow/.local/lib/python3.12/site-packages/airflow/example_dags/example_xcom.py
[2025-01-28T22:16:46.435+0000] {processor.py:914} INFO - Processing file /home/airflow/.local/lib/python3.12/site-packages/airflow/example_dags/example_xcom.py for tasks to queue
[2025-01-28T22:16:46.437+0000] {logging_mixin.py:190} INFO - [2025-01-28T22:16:46.437+0000] {dagbag.py:588} INFO - Filling up the DagBag from /home/airflow/.local/lib/python3.12/site-packages/airflow/example_dags/example_xcom.py
[2025-01-28T22:16:46.447+0000] {processor.py:925} INFO - DAG(s) 'example_xcom' retrieved from /home/airflow/.local/lib/python3.12/site-packages/airflow/example_dags/example_xcom.py
[2025-01-28T22:16:46.471+0000] {logging_mixin.py:190} INFO - [2025-01-28T22:16:46.470+0000] {dag.py:3239} INFO - Sync 1 DAGs
[2025-01-28T22:16:46.495+0000] {logging_mixin.py:190} INFO - [2025-01-28T22:16:46.495+0000] {dag.py:4180} INFO - Setting next_dagrun for example_xcom to 2021-01-01 00:00:00+00:00, run_after=2021-01-01 00:00:00+00:00
[2025-01-28T22:16:46.533+0000] {processor.py:208} INFO - Processing /home/airflow/.local/lib/python3.12/site-packages/airflow/example_dags/example_xcom.py took 0.105 seconds
[2025-01-28T22:17:18.166+0000] {processor.py:186} INFO - Started process (PID=1071) to work on /home/airflow/.local/lib/python3.12/site-packages/airflow/example_dags/example_xcom.py
[2025-01-28T22:17:18.169+0000] {processor.py:914} INFO - Processing file /home/airflow/.local/lib/python3.12/site-packages/airflow/example_dags/example_xcom.py for tasks to queue
[2025-01-28T22:17:18.172+0000] {logging_mixin.py:190} INFO - [2025-01-28T22:17:18.171+0000] {dagbag.py:588} INFO - Filling up the DagBag from /home/airflow/.local/lib/python3.12/site-packages/airflow/example_dags/example_xcom.py
[2025-01-28T22:17:18.181+0000] {processor.py:925} INFO - DAG(s) 'example_xcom' retrieved from /home/airflow/.local/lib/python3.12/site-packages/airflow/example_dags/example_xcom.py
[2025-01-28T22:17:18.203+0000] {logging_mixin.py:190} INFO - [2025-01-28T22:17:18.203+0000] {dag.py:3239} INFO - Sync 1 DAGs
[2025-01-28T22:17:18.227+0000] {logging_mixin.py:190} INFO - [2025-01-28T22:17:18.226+0000] {dag.py:4180} INFO - Setting next_dagrun for example_xcom to 2021-01-01 00:00:00+00:00, run_after=2021-01-01 00:00:00+00:00
[2025-01-28T22:17:18.249+0000] {processor.py:208} INFO - Processing /home/airflow/.local/lib/python3.12/site-packages/airflow/example_dags/example_xcom.py took 0.088 seconds
[2025-01-28T22:17:49.233+0000] {processor.py:186} INFO - Started process (PID=1134) to work on /home/airflow/.local/lib/python3.12/site-packages/airflow/example_dags/example_xcom.py
[2025-01-28T22:17:49.235+0000] {processor.py:914} INFO - Processing file /home/airflow/.local/lib/python3.12/site-packages/airflow/example_dags/example_xcom.py for tasks to queue
[2025-01-28T22:17:49.238+0000] {logging_mixin.py:190} INFO - [2025-01-28T22:17:49.238+0000] {dagbag.py:588} INFO - Filling up the DagBag from /home/airflow/.local/lib/python3.12/site-packages/airflow/example_dags/example_xcom.py
[2025-01-28T22:17:49.249+0000] {processor.py:925} INFO - DAG(s) 'example_xcom' retrieved from /home/airflow/.local/lib/python3.12/site-packages/airflow/example_dags/example_xcom.py
[2025-01-28T22:17:49.272+0000] {logging_mixin.py:190} INFO - [2025-01-28T22:17:49.272+0000] {dag.py:3239} INFO - Sync 1 DAGs
[2025-01-28T22:17:49.297+0000] {logging_mixin.py:190} INFO - [2025-01-28T22:17:49.296+0000] {dag.py:4180} INFO - Setting next_dagrun for example_xcom to 2021-01-01 00:00:00+00:00, run_after=2021-01-01 00:00:00+00:00
[2025-01-28T22:17:49.319+0000] {processor.py:208} INFO - Processing /home/airflow/.local/lib/python3.12/site-packages/airflow/example_dags/example_xcom.py took 0.092 seconds
[2025-01-28T22:18:21.074+0000] {processor.py:186} INFO - Started process (PID=1197) to work on /home/airflow/.local/lib/python3.12/site-packages/airflow/example_dags/example_xcom.py
[2025-01-28T22:18:21.075+0000] {processor.py:914} INFO - Processing file /home/airflow/.local/lib/python3.12/site-packages/airflow/example_dags/example_xcom.py for tasks to queue
[2025-01-28T22:18:21.078+0000] {logging_mixin.py:190} INFO - [2025-01-28T22:18:21.078+0000] {dagbag.py:588} INFO - Filling up the DagBag from /home/airflow/.local/lib/python3.12/site-packages/airflow/example_dags/example_xcom.py
[2025-01-28T22:18:21.088+0000] {processor.py:925} INFO - DAG(s) 'example_xcom' retrieved from /home/airflow/.local/lib/python3.12/site-packages/airflow/example_dags/example_xcom.py
[2025-01-28T22:18:21.111+0000] {logging_mixin.py:190} INFO - [2025-01-28T22:18:21.111+0000] {dag.py:3239} INFO - Sync 1 DAGs
[2025-01-28T22:18:21.135+0000] {logging_mixin.py:190} INFO - [2025-01-28T22:18:21.135+0000] {dag.py:4180} INFO - Setting next_dagrun for example_xcom to 2021-01-01 00:00:00+00:00, run_after=2021-01-01 00:00:00+00:00
[2025-01-28T22:18:21.160+0000] {processor.py:208} INFO - Processing /home/airflow/.local/lib/python3.12/site-packages/airflow/example_dags/example_xcom.py took 0.092 seconds
[2025-01-28T22:18:52.428+0000] {processor.py:186} INFO - Started process (PID=1260) to work on /home/airflow/.local/lib/python3.12/site-packages/airflow/example_dags/example_xcom.py
[2025-01-28T22:18:52.430+0000] {processor.py:914} INFO - Processing file /home/airflow/.local/lib/python3.12/site-packages/airflow/example_dags/example_xcom.py for tasks to queue
[2025-01-28T22:18:52.433+0000] {logging_mixin.py:190} INFO - [2025-01-28T22:18:52.433+0000] {dagbag.py:588} INFO - Filling up the DagBag from /home/airflow/.local/lib/python3.12/site-packages/airflow/example_dags/example_xcom.py
[2025-01-28T22:18:52.444+0000] {processor.py:925} INFO - DAG(s) 'example_xcom' retrieved from /home/airflow/.local/lib/python3.12/site-packages/airflow/example_dags/example_xcom.py
[2025-01-28T22:18:52.469+0000] {logging_mixin.py:190} INFO - [2025-01-28T22:18:52.469+0000] {dag.py:3239} INFO - Sync 1 DAGs
[2025-01-28T22:18:52.495+0000] {logging_mixin.py:190} INFO - [2025-01-28T22:18:52.495+0000] {dag.py:4180} INFO - Setting next_dagrun for example_xcom to 2021-01-01 00:00:00+00:00, run_after=2021-01-01 00:00:00+00:00
[2025-01-28T22:18:52.520+0000] {processor.py:208} INFO - Processing /home/airflow/.local/lib/python3.12/site-packages/airflow/example_dags/example_xcom.py took 0.098 seconds
[2025-01-28T22:19:23.848+0000] {processor.py:186} INFO - Started process (PID=1323) to work on /home/airflow/.local/lib/python3.12/site-packages/airflow/example_dags/example_xcom.py
[2025-01-28T22:19:23.850+0000] {processor.py:914} INFO - Processing file /home/airflow/.local/lib/python3.12/site-packages/airflow/example_dags/example_xcom.py for tasks to queue
[2025-01-28T22:19:23.853+0000] {logging_mixin.py:190} INFO - [2025-01-28T22:19:23.852+0000] {dagbag.py:588} INFO - Filling up the DagBag from /home/airflow/.local/lib/python3.12/site-packages/airflow/example_dags/example_xcom.py
[2025-01-28T22:19:23.864+0000] {processor.py:925} INFO - DAG(s) 'example_xcom' retrieved from /home/airflow/.local/lib/python3.12/site-packages/airflow/example_dags/example_xcom.py
[2025-01-28T22:19:23.888+0000] {logging_mixin.py:190} INFO - [2025-01-28T22:19:23.888+0000] {dag.py:3239} INFO - Sync 1 DAGs
[2025-01-28T22:19:23.914+0000] {logging_mixin.py:190} INFO - [2025-01-28T22:19:23.914+0000] {dag.py:4180} INFO - Setting next_dagrun for example_xcom to 2021-01-01 00:00:00+00:00, run_after=2021-01-01 00:00:00+00:00
[2025-01-28T22:19:23.940+0000] {processor.py:208} INFO - Processing /home/airflow/.local/lib/python3.12/site-packages/airflow/example_dags/example_xcom.py took 0.099 seconds
[2025-01-28T22:19:54.633+0000] {processor.py:186} INFO - Started process (PID=1386) to work on /home/airflow/.local/lib/python3.12/site-packages/airflow/example_dags/example_xcom.py
[2025-01-28T22:19:54.635+0000] {processor.py:914} INFO - Processing file /home/airflow/.local/lib/python3.12/site-packages/airflow/example_dags/example_xcom.py for tasks to queue
[2025-01-28T22:19:54.638+0000] {logging_mixin.py:190} INFO - [2025-01-28T22:19:54.638+0000] {dagbag.py:588} INFO - Filling up the DagBag from /home/airflow/.local/lib/python3.12/site-packages/airflow/example_dags/example_xcom.py
[2025-01-28T22:19:54.649+0000] {processor.py:925} INFO - DAG(s) 'example_xcom' retrieved from /home/airflow/.local/lib/python3.12/site-packages/airflow/example_dags/example_xcom.py
[2025-01-28T22:19:54.673+0000] {logging_mixin.py:190} INFO - [2025-01-28T22:19:54.672+0000] {dag.py:3239} INFO - Sync 1 DAGs
[2025-01-28T22:19:54.697+0000] {logging_mixin.py:190} INFO - [2025-01-28T22:19:54.696+0000] {dag.py:4180} INFO - Setting next_dagrun for example_xcom to 2021-01-01 00:00:00+00:00, run_after=2021-01-01 00:00:00+00:00
[2025-01-28T22:19:54.721+0000] {processor.py:208} INFO - Processing /home/airflow/.local/lib/python3.12/site-packages/airflow/example_dags/example_xcom.py took 0.094 seconds
[2025-01-28T22:20:25.833+0000] {processor.py:186} INFO - Started process (PID=1449) to work on /home/airflow/.local/lib/python3.12/site-packages/airflow/example_dags/example_xcom.py
[2025-01-28T22:20:25.834+0000] {processor.py:914} INFO - Processing file /home/airflow/.local/lib/python3.12/site-packages/airflow/example_dags/example_xcom.py for tasks to queue
[2025-01-28T22:20:25.837+0000] {logging_mixin.py:190} INFO - [2025-01-28T22:20:25.837+0000] {dagbag.py:588} INFO - Filling up the DagBag from /home/airflow/.local/lib/python3.12/site-packages/airflow/example_dags/example_xcom.py
[2025-01-28T22:20:25.847+0000] {processor.py:925} INFO - DAG(s) 'example_xcom' retrieved from /home/airflow/.local/lib/python3.12/site-packages/airflow/example_dags/example_xcom.py
[2025-01-28T22:20:25.871+0000] {logging_mixin.py:190} INFO - [2025-01-28T22:20:25.871+0000] {dag.py:3239} INFO - Sync 1 DAGs
[2025-01-28T22:20:25.895+0000] {logging_mixin.py:190} INFO - [2025-01-28T22:20:25.895+0000] {dag.py:4180} INFO - Setting next_dagrun for example_xcom to 2021-01-01 00:00:00+00:00, run_after=2021-01-01 00:00:00+00:00
[2025-01-28T22:20:25.920+0000] {processor.py:208} INFO - Processing /home/airflow/.local/lib/python3.12/site-packages/airflow/example_dags/example_xcom.py took 0.093 seconds
[2025-01-28T22:20:57.576+0000] {processor.py:186} INFO - Started process (PID=1513) to work on /home/airflow/.local/lib/python3.12/site-packages/airflow/example_dags/example_xcom.py
[2025-01-28T22:20:57.577+0000] {processor.py:914} INFO - Processing file /home/airflow/.local/lib/python3.12/site-packages/airflow/example_dags/example_xcom.py for tasks to queue
[2025-01-28T22:20:57.580+0000] {logging_mixin.py:190} INFO - [2025-01-28T22:20:57.580+0000] {dagbag.py:588} INFO - Filling up the DagBag from /home/airflow/.local/lib/python3.12/site-packages/airflow/example_dags/example_xcom.py
[2025-01-28T22:20:57.591+0000] {processor.py:925} INFO - DAG(s) 'example_xcom' retrieved from /home/airflow/.local/lib/python3.12/site-packages/airflow/example_dags/example_xcom.py
[2025-01-28T22:20:57.615+0000] {logging_mixin.py:190} INFO - [2025-01-28T22:20:57.615+0000] {dag.py:3239} INFO - Sync 1 DAGs
[2025-01-28T22:20:57.640+0000] {logging_mixin.py:190} INFO - [2025-01-28T22:20:57.640+0000] {dag.py:4180} INFO - Setting next_dagrun for example_xcom to 2021-01-01 00:00:00+00:00, run_after=2021-01-01 00:00:00+00:00
[2025-01-28T22:20:57.662+0000] {processor.py:208} INFO - Processing /home/airflow/.local/lib/python3.12/site-packages/airflow/example_dags/example_xcom.py took 0.093 seconds
[2025-01-28T22:21:28.437+0000] {processor.py:186} INFO - Started process (PID=1575) to work on /home/airflow/.local/lib/python3.12/site-packages/airflow/example_dags/example_xcom.py
[2025-01-28T22:21:28.439+0000] {processor.py:914} INFO - Processing file /home/airflow/.local/lib/python3.12/site-packages/airflow/example_dags/example_xcom.py for tasks to queue
[2025-01-28T22:21:28.441+0000] {logging_mixin.py:190} INFO - [2025-01-28T22:21:28.441+0000] {dagbag.py:588} INFO - Filling up the DagBag from /home/airflow/.local/lib/python3.12/site-packages/airflow/example_dags/example_xcom.py
[2025-01-28T22:21:28.452+0000] {processor.py:925} INFO - DAG(s) 'example_xcom' retrieved from /home/airflow/.local/lib/python3.12/site-packages/airflow/example_dags/example_xcom.py
[2025-01-28T22:21:28.476+0000] {logging_mixin.py:190} INFO - [2025-01-28T22:21:28.475+0000] {dag.py:3239} INFO - Sync 1 DAGs
[2025-01-28T22:21:28.500+0000] {logging_mixin.py:190} INFO - [2025-01-28T22:21:28.500+0000] {dag.py:4180} INFO - Setting next_dagrun for example_xcom to 2021-01-01 00:00:00+00:00, run_after=2021-01-01 00:00:00+00:00
[2025-01-28T22:21:28.531+0000] {processor.py:208} INFO - Processing /home/airflow/.local/lib/python3.12/site-packages/airflow/example_dags/example_xcom.py took 0.100 seconds
[2025-01-28T22:22:00.287+0000] {processor.py:186} INFO - Started process (PID=1639) to work on /home/airflow/.local/lib/python3.12/site-packages/airflow/example_dags/example_xcom.py
[2025-01-28T22:22:00.289+0000] {processor.py:914} INFO - Processing file /home/airflow/.local/lib/python3.12/site-packages/airflow/example_dags/example_xcom.py for tasks to queue
[2025-01-28T22:22:00.291+0000] {logging_mixin.py:190} INFO - [2025-01-28T22:22:00.291+0000] {dagbag.py:588} INFO - Filling up the DagBag from /home/airflow/.local/lib/python3.12/site-packages/airflow/example_dags/example_xcom.py
[2025-01-28T22:22:00.302+0000] {processor.py:925} INFO - DAG(s) 'example_xcom' retrieved from /home/airflow/.local/lib/python3.12/site-packages/airflow/example_dags/example_xcom.py
[2025-01-28T22:22:00.326+0000] {logging_mixin.py:190} INFO - [2025-01-28T22:22:00.326+0000] {dag.py:3239} INFO - Sync 1 DAGs
[2025-01-28T22:22:00.351+0000] {logging_mixin.py:190} INFO - [2025-01-28T22:22:00.351+0000] {dag.py:4180} INFO - Setting next_dagrun for example_xcom to 2021-01-01 00:00:00+00:00, run_after=2021-01-01 00:00:00+00:00
[2025-01-28T22:22:00.382+0000] {processor.py:208} INFO - Processing /home/airflow/.local/lib/python3.12/site-packages/airflow/example_dags/example_xcom.py took 0.101 seconds
[2025-01-28T22:22:31.674+0000] {processor.py:186} INFO - Started process (PID=1702) to work on /home/airflow/.local/lib/python3.12/site-packages/airflow/example_dags/example_xcom.py
[2025-01-28T22:22:31.676+0000] {processor.py:914} INFO - Processing file /home/airflow/.local/lib/python3.12/site-packages/airflow/example_dags/example_xcom.py for tasks to queue
[2025-01-28T22:22:31.682+0000] {logging_mixin.py:190} INFO - [2025-01-28T22:22:31.682+0000] {dagbag.py:588} INFO - Filling up the DagBag from /home/airflow/.local/lib/python3.12/site-packages/airflow/example_dags/example_xcom.py
[2025-01-28T22:22:31.692+0000] {processor.py:925} INFO - DAG(s) 'example_xcom' retrieved from /home/airflow/.local/lib/python3.12/site-packages/airflow/example_dags/example_xcom.py
[2025-01-28T22:22:31.718+0000] {logging_mixin.py:190} INFO - [2025-01-28T22:22:31.718+0000] {dag.py:3239} INFO - Sync 1 DAGs
[2025-01-28T22:22:31.744+0000] {logging_mixin.py:190} INFO - [2025-01-28T22:22:31.743+0000] {dag.py:4180} INFO - Setting next_dagrun for example_xcom to 2021-01-01 00:00:00+00:00, run_after=2021-01-01 00:00:00+00:00
[2025-01-28T22:22:31.768+0000] {processor.py:208} INFO - Processing /home/airflow/.local/lib/python3.12/site-packages/airflow/example_dags/example_xcom.py took 0.100 seconds
[2025-01-28T22:23:03.350+0000] {processor.py:186} INFO - Started process (PID=1765) to work on /home/airflow/.local/lib/python3.12/site-packages/airflow/example_dags/example_xcom.py
[2025-01-28T22:23:03.353+0000] {processor.py:914} INFO - Processing file /home/airflow/.local/lib/python3.12/site-packages/airflow/example_dags/example_xcom.py for tasks to queue
[2025-01-28T22:23:03.356+0000] {logging_mixin.py:190} INFO - [2025-01-28T22:23:03.355+0000] {dagbag.py:588} INFO - Filling up the DagBag from /home/airflow/.local/lib/python3.12/site-packages/airflow/example_dags/example_xcom.py
[2025-01-28T22:23:03.366+0000] {processor.py:925} INFO - DAG(s) 'example_xcom' retrieved from /home/airflow/.local/lib/python3.12/site-packages/airflow/example_dags/example_xcom.py
[2025-01-28T22:23:03.393+0000] {logging_mixin.py:190} INFO - [2025-01-28T22:23:03.392+0000] {dag.py:3239} INFO - Sync 1 DAGs
[2025-01-28T22:23:03.418+0000] {logging_mixin.py:190} INFO - [2025-01-28T22:23:03.417+0000] {dag.py:4180} INFO - Setting next_dagrun for example_xcom to 2021-01-01 00:00:00+00:00, run_after=2021-01-01 00:00:00+00:00
[2025-01-28T22:23:03.450+0000] {processor.py:208} INFO - Processing /home/airflow/.local/lib/python3.12/site-packages/airflow/example_dags/example_xcom.py took 0.107 seconds
[2025-01-28T22:23:33.609+0000] {processor.py:186} INFO - Started process (PID=1827) to work on /home/airflow/.local/lib/python3.12/site-packages/airflow/example_dags/example_xcom.py
[2025-01-28T22:23:33.610+0000] {processor.py:914} INFO - Processing file /home/airflow/.local/lib/python3.12/site-packages/airflow/example_dags/example_xcom.py for tasks to queue
[2025-01-28T22:23:33.613+0000] {logging_mixin.py:190} INFO - [2025-01-28T22:23:33.613+0000] {dagbag.py:588} INFO - Filling up the DagBag from /home/airflow/.local/lib/python3.12/site-packages/airflow/example_dags/example_xcom.py
[2025-01-28T22:23:33.623+0000] {processor.py:925} INFO - DAG(s) 'example_xcom' retrieved from /home/airflow/.local/lib/python3.12/site-packages/airflow/example_dags/example_xcom.py
[2025-01-28T22:23:33.648+0000] {logging_mixin.py:190} INFO - [2025-01-28T22:23:33.648+0000] {dag.py:3239} INFO - Sync 1 DAGs
[2025-01-28T22:23:33.675+0000] {logging_mixin.py:190} INFO - [2025-01-28T22:23:33.674+0000] {dag.py:4180} INFO - Setting next_dagrun for example_xcom to 2021-01-01 00:00:00+00:00, run_after=2021-01-01 00:00:00+00:00
[2025-01-28T22:23:33.697+0000] {processor.py:208} INFO - Processing /home/airflow/.local/lib/python3.12/site-packages/airflow/example_dags/example_xcom.py took 0.094 seconds
[2025-01-28T22:24:06.003+0000] {processor.py:186} INFO - Started process (PID=1891) to work on /home/airflow/.local/lib/python3.12/site-packages/airflow/example_dags/example_xcom.py
[2025-01-28T22:24:06.005+0000] {processor.py:914} INFO - Processing file /home/airflow/.local/lib/python3.12/site-packages/airflow/example_dags/example_xcom.py for tasks to queue
[2025-01-28T22:24:06.008+0000] {logging_mixin.py:190} INFO - [2025-01-28T22:24:06.007+0000] {dagbag.py:588} INFO - Filling up the DagBag from /home/airflow/.local/lib/python3.12/site-packages/airflow/example_dags/example_xcom.py
[2025-01-28T22:24:06.018+0000] {processor.py:925} INFO - DAG(s) 'example_xcom' retrieved from /home/airflow/.local/lib/python3.12/site-packages/airflow/example_dags/example_xcom.py
[2025-01-28T22:24:06.043+0000] {logging_mixin.py:190} INFO - [2025-01-28T22:24:06.043+0000] {dag.py:3239} INFO - Sync 1 DAGs
[2025-01-28T22:24:06.069+0000] {logging_mixin.py:190} INFO - [2025-01-28T22:24:06.069+0000] {dag.py:4180} INFO - Setting next_dagrun for example_xcom to 2021-01-01 00:00:00+00:00, run_after=2021-01-01 00:00:00+00:00
[2025-01-28T22:24:06.095+0000] {processor.py:208} INFO - Processing /home/airflow/.local/lib/python3.12/site-packages/airflow/example_dags/example_xcom.py took 0.100 seconds
[2025-01-28T22:24:36.297+0000] {processor.py:186} INFO - Started process (PID=1953) to work on /home/airflow/.local/lib/python3.12/site-packages/airflow/example_dags/example_xcom.py
[2025-01-28T22:24:36.298+0000] {processor.py:914} INFO - Processing file /home/airflow/.local/lib/python3.12/site-packages/airflow/example_dags/example_xcom.py for tasks to queue
[2025-01-28T22:24:36.301+0000] {logging_mixin.py:190} INFO - [2025-01-28T22:24:36.301+0000] {dagbag.py:588} INFO - Filling up the DagBag from /home/airflow/.local/lib/python3.12/site-packages/airflow/example_dags/example_xcom.py
[2025-01-28T22:24:36.312+0000] {processor.py:925} INFO - DAG(s) 'example_xcom' retrieved from /home/airflow/.local/lib/python3.12/site-packages/airflow/example_dags/example_xcom.py
[2025-01-28T22:24:36.336+0000] {logging_mixin.py:190} INFO - [2025-01-28T22:24:36.336+0000] {dag.py:3239} INFO - Sync 1 DAGs
[2025-01-28T22:24:36.361+0000] {logging_mixin.py:190} INFO - [2025-01-28T22:24:36.361+0000] {dag.py:4180} INFO - Setting next_dagrun for example_xcom to 2021-01-01 00:00:00+00:00, run_after=2021-01-01 00:00:00+00:00
[2025-01-28T22:24:36.387+0000] {processor.py:208} INFO - Processing /home/airflow/.local/lib/python3.12/site-packages/airflow/example_dags/example_xcom.py took 0.096 seconds
[2025-01-28T22:25:08.628+0000] {processor.py:186} INFO - Started process (PID=2017) to work on /home/airflow/.local/lib/python3.12/site-packages/airflow/example_dags/example_xcom.py
[2025-01-28T22:25:08.630+0000] {processor.py:914} INFO - Processing file /home/airflow/.local/lib/python3.12/site-packages/airflow/example_dags/example_xcom.py for tasks to queue
[2025-01-28T22:25:08.632+0000] {logging_mixin.py:190} INFO - [2025-01-28T22:25:08.632+0000] {dagbag.py:588} INFO - Filling up the DagBag from /home/airflow/.local/lib/python3.12/site-packages/airflow/example_dags/example_xcom.py
[2025-01-28T22:25:08.643+0000] {processor.py:925} INFO - DAG(s) 'example_xcom' retrieved from /home/airflow/.local/lib/python3.12/site-packages/airflow/example_dags/example_xcom.py
[2025-01-28T22:25:08.667+0000] {logging_mixin.py:190} INFO - [2025-01-28T22:25:08.667+0000] {dag.py:3239} INFO - Sync 1 DAGs
[2025-01-28T22:25:08.693+0000] {logging_mixin.py:190} INFO - [2025-01-28T22:25:08.692+0000] {dag.py:4180} INFO - Setting next_dagrun for example_xcom to 2021-01-01 00:00:00+00:00, run_after=2021-01-01 00:00:00+00:00
[2025-01-28T22:25:08.718+0000] {processor.py:208} INFO - Processing /home/airflow/.local/lib/python3.12/site-packages/airflow/example_dags/example_xcom.py took 0.096 seconds
[2025-01-28T22:28:50.032+0000] {processor.py:186} INFO - Started process (PID=132) to work on /home/airflow/.local/lib/python3.12/site-packages/airflow/example_dags/example_xcom.py
[2025-01-28T22:28:50.034+0000] {processor.py:914} INFO - Processing file /home/airflow/.local/lib/python3.12/site-packages/airflow/example_dags/example_xcom.py for tasks to queue
[2025-01-28T22:28:50.037+0000] {logging_mixin.py:190} INFO - [2025-01-28T22:28:50.036+0000] {dagbag.py:588} INFO - Filling up the DagBag from /home/airflow/.local/lib/python3.12/site-packages/airflow/example_dags/example_xcom.py
[2025-01-28T22:28:50.048+0000] {processor.py:925} INFO - DAG(s) 'example_xcom' retrieved from /home/airflow/.local/lib/python3.12/site-packages/airflow/example_dags/example_xcom.py
[2025-01-28T22:28:50.072+0000] {logging_mixin.py:190} INFO - [2025-01-28T22:28:50.071+0000] {dag.py:3239} INFO - Sync 1 DAGs
[2025-01-28T22:28:50.095+0000] {logging_mixin.py:190} INFO - [2025-01-28T22:28:50.095+0000] {dag.py:4180} INFO - Setting next_dagrun for example_xcom to 2021-01-01 00:00:00+00:00, run_after=2021-01-01 00:00:00+00:00
[2025-01-28T22:28:50.121+0000] {processor.py:208} INFO - Processing /home/airflow/.local/lib/python3.12/site-packages/airflow/example_dags/example_xcom.py took 0.095 seconds
[2025-01-28T22:29:20.350+0000] {processor.py:186} INFO - Started process (PID=194) to work on /home/airflow/.local/lib/python3.12/site-packages/airflow/example_dags/example_xcom.py
[2025-01-28T22:29:20.351+0000] {processor.py:914} INFO - Processing file /home/airflow/.local/lib/python3.12/site-packages/airflow/example_dags/example_xcom.py for tasks to queue
[2025-01-28T22:29:20.354+0000] {logging_mixin.py:190} INFO - [2025-01-28T22:29:20.353+0000] {dagbag.py:588} INFO - Filling up the DagBag from /home/airflow/.local/lib/python3.12/site-packages/airflow/example_dags/example_xcom.py
[2025-01-28T22:29:20.364+0000] {processor.py:925} INFO - DAG(s) 'example_xcom' retrieved from /home/airflow/.local/lib/python3.12/site-packages/airflow/example_dags/example_xcom.py
[2025-01-28T22:29:20.386+0000] {logging_mixin.py:190} INFO - [2025-01-28T22:29:20.386+0000] {dag.py:3239} INFO - Sync 1 DAGs
[2025-01-28T22:29:20.410+0000] {logging_mixin.py:190} INFO - [2025-01-28T22:29:20.410+0000] {dag.py:4180} INFO - Setting next_dagrun for example_xcom to 2021-01-01 00:00:00+00:00, run_after=2021-01-01 00:00:00+00:00
[2025-01-28T22:29:20.433+0000] {processor.py:208} INFO - Processing /home/airflow/.local/lib/python3.12/site-packages/airflow/example_dags/example_xcom.py took 0.090 seconds
[2025-01-28T22:29:52.150+0000] {processor.py:186} INFO - Started process (PID=256) to work on /home/airflow/.local/lib/python3.12/site-packages/airflow/example_dags/example_xcom.py
[2025-01-28T22:29:52.152+0000] {processor.py:914} INFO - Processing file /home/airflow/.local/lib/python3.12/site-packages/airflow/example_dags/example_xcom.py for tasks to queue
[2025-01-28T22:29:52.154+0000] {logging_mixin.py:190} INFO - [2025-01-28T22:29:52.154+0000] {dagbag.py:588} INFO - Filling up the DagBag from /home/airflow/.local/lib/python3.12/site-packages/airflow/example_dags/example_xcom.py
[2025-01-28T22:29:52.165+0000] {processor.py:925} INFO - DAG(s) 'example_xcom' retrieved from /home/airflow/.local/lib/python3.12/site-packages/airflow/example_dags/example_xcom.py
[2025-01-28T22:29:52.188+0000] {logging_mixin.py:190} INFO - [2025-01-28T22:29:52.187+0000] {dag.py:3239} INFO - Sync 1 DAGs
[2025-01-28T22:29:52.215+0000] {logging_mixin.py:190} INFO - [2025-01-28T22:29:52.215+0000] {dag.py:4180} INFO - Setting next_dagrun for example_xcom to 2021-01-01 00:00:00+00:00, run_after=2021-01-01 00:00:00+00:00
[2025-01-28T22:29:52.238+0000] {processor.py:208} INFO - Processing /home/airflow/.local/lib/python3.12/site-packages/airflow/example_dags/example_xcom.py took 0.094 seconds
[2025-01-28T22:30:23.434+0000] {processor.py:186} INFO - Started process (PID=319) to work on /home/airflow/.local/lib/python3.12/site-packages/airflow/example_dags/example_xcom.py
[2025-01-28T22:30:23.436+0000] {processor.py:914} INFO - Processing file /home/airflow/.local/lib/python3.12/site-packages/airflow/example_dags/example_xcom.py for tasks to queue
[2025-01-28T22:30:23.439+0000] {logging_mixin.py:190} INFO - [2025-01-28T22:30:23.438+0000] {dagbag.py:588} INFO - Filling up the DagBag from /home/airflow/.local/lib/python3.12/site-packages/airflow/example_dags/example_xcom.py
[2025-01-28T22:30:23.449+0000] {processor.py:925} INFO - DAG(s) 'example_xcom' retrieved from /home/airflow/.local/lib/python3.12/site-packages/airflow/example_dags/example_xcom.py
[2025-01-28T22:30:23.474+0000] {logging_mixin.py:190} INFO - [2025-01-28T22:30:23.473+0000] {dag.py:3239} INFO - Sync 1 DAGs
[2025-01-28T22:30:23.499+0000] {logging_mixin.py:190} INFO - [2025-01-28T22:30:23.498+0000] {dag.py:4180} INFO - Setting next_dagrun for example_xcom to 2021-01-01 00:00:00+00:00, run_after=2021-01-01 00:00:00+00:00
[2025-01-28T22:30:23.536+0000] {processor.py:208} INFO - Processing /home/airflow/.local/lib/python3.12/site-packages/airflow/example_dags/example_xcom.py took 0.108 seconds
[2025-01-28T22:30:54.584+0000] {processor.py:186} INFO - Started process (PID=382) to work on /home/airflow/.local/lib/python3.12/site-packages/airflow/example_dags/example_xcom.py
[2025-01-28T22:30:54.585+0000] {processor.py:914} INFO - Processing file /home/airflow/.local/lib/python3.12/site-packages/airflow/example_dags/example_xcom.py for tasks to queue
[2025-01-28T22:30:54.588+0000] {logging_mixin.py:190} INFO - [2025-01-28T22:30:54.587+0000] {dagbag.py:588} INFO - Filling up the DagBag from /home/airflow/.local/lib/python3.12/site-packages/airflow/example_dags/example_xcom.py
[2025-01-28T22:30:54.598+0000] {processor.py:925} INFO - DAG(s) 'example_xcom' retrieved from /home/airflow/.local/lib/python3.12/site-packages/airflow/example_dags/example_xcom.py
[2025-01-28T22:30:54.621+0000] {logging_mixin.py:190} INFO - [2025-01-28T22:30:54.621+0000] {dag.py:3239} INFO - Sync 1 DAGs
[2025-01-28T22:30:54.645+0000] {logging_mixin.py:190} INFO - [2025-01-28T22:30:54.645+0000] {dag.py:4180} INFO - Setting next_dagrun for example_xcom to 2021-01-01 00:00:00+00:00, run_after=2021-01-01 00:00:00+00:00
[2025-01-28T22:30:54.680+0000] {processor.py:208} INFO - Processing /home/airflow/.local/lib/python3.12/site-packages/airflow/example_dags/example_xcom.py took 0.103 seconds
