[2025-01-28T22:09:27.013+0000] {processor.py:186} INFO - Started process (PID=111) to work on /home/airflow/.local/lib/python3.12/site-packages/airflow/example_dags/example_display_name.py
[2025-01-28T22:09:27.014+0000] {processor.py:914} INFO - Processing file /home/airflow/.local/lib/python3.12/site-packages/airflow/example_dags/example_display_name.py for tasks to queue
[2025-01-28T22:09:27.017+0000] {logging_mixin.py:190} INFO - [2025-01-28T22:09:27.017+0000] {dagbag.py:588} INFO - Filling up the DagBag from /home/airflow/.local/lib/python3.12/site-packages/airflow/example_dags/example_display_name.py
[2025-01-28T22:09:27.030+0000] {processor.py:925} INFO - DAG(s) 'example_display_name' retrieved from /home/airflow/.local/lib/python3.12/site-packages/airflow/example_dags/example_display_name.py
[2025-01-28T22:09:27.148+0000] {logging_mixin.py:190} INFO - [2025-01-28T22:09:27.148+0000] {override.py:1911} INFO - Created Permission View: can delete on DAG:example_display_name
[2025-01-28T22:09:27.161+0000] {logging_mixin.py:190} INFO - [2025-01-28T22:09:27.161+0000] {override.py:1911} INFO - Created Permission View: can edit on DAG:example_display_name
[2025-01-28T22:09:27.171+0000] {logging_mixin.py:190} INFO - [2025-01-28T22:09:27.171+0000] {override.py:1911} INFO - Created Permission View: can read on DAG:example_display_name
[2025-01-28T22:09:27.181+0000] {logging_mixin.py:190} INFO - [2025-01-28T22:09:27.181+0000] {override.py:1911} INFO - Created Permission View: can create on DAG Run:example_display_name
[2025-01-28T22:09:27.190+0000] {logging_mixin.py:190} INFO - [2025-01-28T22:09:27.190+0000] {override.py:1911} INFO - Created Permission View: can delete on DAG Run:example_display_name
[2025-01-28T22:09:27.199+0000] {logging_mixin.py:190} INFO - [2025-01-28T22:09:27.199+0000] {override.py:1911} INFO - Created Permission View: menu access on DAG Run:example_display_name
[2025-01-28T22:09:27.207+0000] {logging_mixin.py:190} INFO - [2025-01-28T22:09:27.207+0000] {override.py:1911} INFO - Created Permission View: can read on DAG Run:example_display_name
[2025-01-28T22:09:27.208+0000] {logging_mixin.py:190} INFO - [2025-01-28T22:09:27.208+0000] {dag.py:3239} INFO - Sync 1 DAGs
[2025-01-28T22:09:27.221+0000] {logging_mixin.py:190} INFO - [2025-01-28T22:09:27.220+0000] {dag.py:3262} INFO - Creating ORM DAG for example_display_name
[2025-01-28T22:09:27.221+0000] {logging_mixin.py:190} INFO - [2025-01-28T22:09:27.221+0000] {dag.py:4180} INFO - Setting next_dagrun for example_display_name to None, run_after=None
[2025-01-28T22:09:27.241+0000] {processor.py:208} INFO - Processing /home/airflow/.local/lib/python3.12/site-packages/airflow/example_dags/example_display_name.py took 0.234 seconds
[2025-01-28T22:09:57.355+0000] {processor.py:186} INFO - Started process (PID=174) to work on /home/airflow/.local/lib/python3.12/site-packages/airflow/example_dags/example_display_name.py
[2025-01-28T22:09:57.357+0000] {processor.py:914} INFO - Processing file /home/airflow/.local/lib/python3.12/site-packages/airflow/example_dags/example_display_name.py for tasks to queue
[2025-01-28T22:09:57.360+0000] {logging_mixin.py:190} INFO - [2025-01-28T22:09:57.359+0000] {dagbag.py:588} INFO - Filling up the DagBag from /home/airflow/.local/lib/python3.12/site-packages/airflow/example_dags/example_display_name.py
[2025-01-28T22:09:57.368+0000] {processor.py:925} INFO - DAG(s) 'example_display_name' retrieved from /home/airflow/.local/lib/python3.12/site-packages/airflow/example_dags/example_display_name.py
[2025-01-28T22:09:57.391+0000] {logging_mixin.py:190} INFO - [2025-01-28T22:09:57.390+0000] {dag.py:3239} INFO - Sync 1 DAGs
[2025-01-28T22:09:57.406+0000] {logging_mixin.py:190} INFO - [2025-01-28T22:09:57.406+0000] {dag.py:4180} INFO - Setting next_dagrun for example_display_name to None, run_after=None
[2025-01-28T22:09:57.431+0000] {processor.py:208} INFO - Processing /home/airflow/.local/lib/python3.12/site-packages/airflow/example_dags/example_display_name.py took 0.081 seconds
[2025-01-28T22:10:28.928+0000] {processor.py:186} INFO - Started process (PID=237) to work on /home/airflow/.local/lib/python3.12/site-packages/airflow/example_dags/example_display_name.py
[2025-01-28T22:10:28.929+0000] {processor.py:914} INFO - Processing file /home/airflow/.local/lib/python3.12/site-packages/airflow/example_dags/example_display_name.py for tasks to queue
[2025-01-28T22:10:28.932+0000] {logging_mixin.py:190} INFO - [2025-01-28T22:10:28.932+0000] {dagbag.py:588} INFO - Filling up the DagBag from /home/airflow/.local/lib/python3.12/site-packages/airflow/example_dags/example_display_name.py
[2025-01-28T22:10:28.940+0000] {processor.py:925} INFO - DAG(s) 'example_display_name' retrieved from /home/airflow/.local/lib/python3.12/site-packages/airflow/example_dags/example_display_name.py
[2025-01-28T22:10:28.960+0000] {logging_mixin.py:190} INFO - [2025-01-28T22:10:28.960+0000] {dag.py:3239} INFO - Sync 1 DAGs
[2025-01-28T22:10:28.976+0000] {logging_mixin.py:190} INFO - [2025-01-28T22:10:28.976+0000] {dag.py:4180} INFO - Setting next_dagrun for example_display_name to None, run_after=None
[2025-01-28T22:10:29.001+0000] {processor.py:208} INFO - Processing /home/airflow/.local/lib/python3.12/site-packages/airflow/example_dags/example_display_name.py took 0.079 seconds
[2025-01-28T22:11:00.077+0000] {processor.py:186} INFO - Started process (PID=300) to work on /home/airflow/.local/lib/python3.12/site-packages/airflow/example_dags/example_display_name.py
[2025-01-28T22:11:00.078+0000] {processor.py:914} INFO - Processing file /home/airflow/.local/lib/python3.12/site-packages/airflow/example_dags/example_display_name.py for tasks to queue
[2025-01-28T22:11:00.081+0000] {logging_mixin.py:190} INFO - [2025-01-28T22:11:00.081+0000] {dagbag.py:588} INFO - Filling up the DagBag from /home/airflow/.local/lib/python3.12/site-packages/airflow/example_dags/example_display_name.py
[2025-01-28T22:11:00.090+0000] {processor.py:925} INFO - DAG(s) 'example_display_name' retrieved from /home/airflow/.local/lib/python3.12/site-packages/airflow/example_dags/example_display_name.py
[2025-01-28T22:11:00.113+0000] {logging_mixin.py:190} INFO - [2025-01-28T22:11:00.112+0000] {dag.py:3239} INFO - Sync 1 DAGs
[2025-01-28T22:11:00.129+0000] {logging_mixin.py:190} INFO - [2025-01-28T22:11:00.128+0000] {dag.py:4180} INFO - Setting next_dagrun for example_display_name to None, run_after=None
[2025-01-28T22:11:00.154+0000] {processor.py:208} INFO - Processing /home/airflow/.local/lib/python3.12/site-packages/airflow/example_dags/example_display_name.py took 0.083 seconds
[2025-01-28T22:11:31.393+0000] {processor.py:186} INFO - Started process (PID=363) to work on /home/airflow/.local/lib/python3.12/site-packages/airflow/example_dags/example_display_name.py
[2025-01-28T22:11:31.395+0000] {processor.py:914} INFO - Processing file /home/airflow/.local/lib/python3.12/site-packages/airflow/example_dags/example_display_name.py for tasks to queue
[2025-01-28T22:11:31.398+0000] {logging_mixin.py:190} INFO - [2025-01-28T22:11:31.397+0000] {dagbag.py:588} INFO - Filling up the DagBag from /home/airflow/.local/lib/python3.12/site-packages/airflow/example_dags/example_display_name.py
[2025-01-28T22:11:31.406+0000] {processor.py:925} INFO - DAG(s) 'example_display_name' retrieved from /home/airflow/.local/lib/python3.12/site-packages/airflow/example_dags/example_display_name.py
[2025-01-28T22:11:31.430+0000] {logging_mixin.py:190} INFO - [2025-01-28T22:11:31.430+0000] {dag.py:3239} INFO - Sync 1 DAGs
[2025-01-28T22:11:31.446+0000] {logging_mixin.py:190} INFO - [2025-01-28T22:11:31.446+0000] {dag.py:4180} INFO - Setting next_dagrun for example_display_name to None, run_after=None
[2025-01-28T22:11:31.470+0000] {processor.py:208} INFO - Processing /home/airflow/.local/lib/python3.12/site-packages/airflow/example_dags/example_display_name.py took 0.083 seconds
[2025-01-28T22:12:02.473+0000] {processor.py:186} INFO - Started process (PID=426) to work on /home/airflow/.local/lib/python3.12/site-packages/airflow/example_dags/example_display_name.py
[2025-01-28T22:12:02.474+0000] {processor.py:914} INFO - Processing file /home/airflow/.local/lib/python3.12/site-packages/airflow/example_dags/example_display_name.py for tasks to queue
[2025-01-28T22:12:02.480+0000] {logging_mixin.py:190} INFO - [2025-01-28T22:12:02.479+0000] {dagbag.py:588} INFO - Filling up the DagBag from /home/airflow/.local/lib/python3.12/site-packages/airflow/example_dags/example_display_name.py
[2025-01-28T22:12:02.494+0000] {processor.py:925} INFO - DAG(s) 'example_display_name' retrieved from /home/airflow/.local/lib/python3.12/site-packages/airflow/example_dags/example_display_name.py
[2025-01-28T22:12:02.520+0000] {logging_mixin.py:190} INFO - [2025-01-28T22:12:02.519+0000] {dag.py:3239} INFO - Sync 1 DAGs
[2025-01-28T22:12:02.542+0000] {logging_mixin.py:190} INFO - [2025-01-28T22:12:02.541+0000] {dag.py:4180} INFO - Setting next_dagrun for example_display_name to None, run_after=None
[2025-01-28T22:12:02.568+0000] {processor.py:208} INFO - Processing /home/airflow/.local/lib/python3.12/site-packages/airflow/example_dags/example_display_name.py took 0.104 seconds
[2025-01-28T22:12:33.666+0000] {processor.py:186} INFO - Started process (PID=489) to work on /home/airflow/.local/lib/python3.12/site-packages/airflow/example_dags/example_display_name.py
[2025-01-28T22:12:33.668+0000] {processor.py:914} INFO - Processing file /home/airflow/.local/lib/python3.12/site-packages/airflow/example_dags/example_display_name.py for tasks to queue
[2025-01-28T22:12:33.670+0000] {logging_mixin.py:190} INFO - [2025-01-28T22:12:33.670+0000] {dagbag.py:588} INFO - Filling up the DagBag from /home/airflow/.local/lib/python3.12/site-packages/airflow/example_dags/example_display_name.py
[2025-01-28T22:12:33.679+0000] {processor.py:925} INFO - DAG(s) 'example_display_name' retrieved from /home/airflow/.local/lib/python3.12/site-packages/airflow/example_dags/example_display_name.py
[2025-01-28T22:12:33.700+0000] {logging_mixin.py:190} INFO - [2025-01-28T22:12:33.700+0000] {dag.py:3239} INFO - Sync 1 DAGs
[2025-01-28T22:12:33.716+0000] {logging_mixin.py:190} INFO - [2025-01-28T22:12:33.716+0000] {dag.py:4180} INFO - Setting next_dagrun for example_display_name to None, run_after=None
[2025-01-28T22:12:33.739+0000] {processor.py:208} INFO - Processing /home/airflow/.local/lib/python3.12/site-packages/airflow/example_dags/example_display_name.py took 0.079 seconds
[2025-01-28T22:13:04.897+0000] {processor.py:186} INFO - Started process (PID=552) to work on /home/airflow/.local/lib/python3.12/site-packages/airflow/example_dags/example_display_name.py
[2025-01-28T22:13:04.899+0000] {processor.py:914} INFO - Processing file /home/airflow/.local/lib/python3.12/site-packages/airflow/example_dags/example_display_name.py for tasks to queue
[2025-01-28T22:13:04.901+0000] {logging_mixin.py:190} INFO - [2025-01-28T22:13:04.901+0000] {dagbag.py:588} INFO - Filling up the DagBag from /home/airflow/.local/lib/python3.12/site-packages/airflow/example_dags/example_display_name.py
[2025-01-28T22:13:04.910+0000] {processor.py:925} INFO - DAG(s) 'example_display_name' retrieved from /home/airflow/.local/lib/python3.12/site-packages/airflow/example_dags/example_display_name.py
[2025-01-28T22:13:04.932+0000] {logging_mixin.py:190} INFO - [2025-01-28T22:13:04.931+0000] {dag.py:3239} INFO - Sync 1 DAGs
[2025-01-28T22:13:04.948+0000] {logging_mixin.py:190} INFO - [2025-01-28T22:13:04.947+0000] {dag.py:4180} INFO - Setting next_dagrun for example_display_name to None, run_after=None
[2025-01-28T22:13:04.983+0000] {processor.py:208} INFO - Processing /home/airflow/.local/lib/python3.12/site-packages/airflow/example_dags/example_display_name.py took 0.093 seconds
[2025-01-28T22:13:36.706+0000] {processor.py:186} INFO - Started process (PID=615) to work on /home/airflow/.local/lib/python3.12/site-packages/airflow/example_dags/example_display_name.py
[2025-01-28T22:13:36.707+0000] {processor.py:914} INFO - Processing file /home/airflow/.local/lib/python3.12/site-packages/airflow/example_dags/example_display_name.py for tasks to queue
[2025-01-28T22:13:36.710+0000] {logging_mixin.py:190} INFO - [2025-01-28T22:13:36.710+0000] {dagbag.py:588} INFO - Filling up the DagBag from /home/airflow/.local/lib/python3.12/site-packages/airflow/example_dags/example_display_name.py
[2025-01-28T22:13:36.719+0000] {processor.py:925} INFO - DAG(s) 'example_display_name' retrieved from /home/airflow/.local/lib/python3.12/site-packages/airflow/example_dags/example_display_name.py
[2025-01-28T22:13:36.741+0000] {logging_mixin.py:190} INFO - [2025-01-28T22:13:36.741+0000] {dag.py:3239} INFO - Sync 1 DAGs
[2025-01-28T22:13:36.758+0000] {logging_mixin.py:190} INFO - [2025-01-28T22:13:36.758+0000] {dag.py:4180} INFO - Setting next_dagrun for example_display_name to None, run_after=None
[2025-01-28T22:13:36.791+0000] {processor.py:208} INFO - Processing /home/airflow/.local/lib/python3.12/site-packages/airflow/example_dags/example_display_name.py took 0.091 seconds
[2025-01-28T22:14:07.858+0000] {processor.py:186} INFO - Started process (PID=678) to work on /home/airflow/.local/lib/python3.12/site-packages/airflow/example_dags/example_display_name.py
[2025-01-28T22:14:07.859+0000] {processor.py:914} INFO - Processing file /home/airflow/.local/lib/python3.12/site-packages/airflow/example_dags/example_display_name.py for tasks to queue
[2025-01-28T22:14:07.862+0000] {logging_mixin.py:190} INFO - [2025-01-28T22:14:07.861+0000] {dagbag.py:588} INFO - Filling up the DagBag from /home/airflow/.local/lib/python3.12/site-packages/airflow/example_dags/example_display_name.py
[2025-01-28T22:14:07.871+0000] {processor.py:925} INFO - DAG(s) 'example_display_name' retrieved from /home/airflow/.local/lib/python3.12/site-packages/airflow/example_dags/example_display_name.py
[2025-01-28T22:14:07.892+0000] {logging_mixin.py:190} INFO - [2025-01-28T22:14:07.891+0000] {dag.py:3239} INFO - Sync 1 DAGs
[2025-01-28T22:14:07.907+0000] {logging_mixin.py:190} INFO - [2025-01-28T22:14:07.907+0000] {dag.py:4180} INFO - Setting next_dagrun for example_display_name to None, run_after=None
[2025-01-28T22:14:07.932+0000] {processor.py:208} INFO - Processing /home/airflow/.local/lib/python3.12/site-packages/airflow/example_dags/example_display_name.py took 0.080 seconds
[2025-01-28T22:14:38.386+0000] {processor.py:186} INFO - Started process (PID=741) to work on /home/airflow/.local/lib/python3.12/site-packages/airflow/example_dags/example_display_name.py
[2025-01-28T22:14:38.387+0000] {processor.py:914} INFO - Processing file /home/airflow/.local/lib/python3.12/site-packages/airflow/example_dags/example_display_name.py for tasks to queue
[2025-01-28T22:14:38.391+0000] {logging_mixin.py:190} INFO - [2025-01-28T22:14:38.390+0000] {dagbag.py:588} INFO - Filling up the DagBag from /home/airflow/.local/lib/python3.12/site-packages/airflow/example_dags/example_display_name.py
[2025-01-28T22:14:38.400+0000] {processor.py:925} INFO - DAG(s) 'example_display_name' retrieved from /home/airflow/.local/lib/python3.12/site-packages/airflow/example_dags/example_display_name.py
[2025-01-28T22:14:38.421+0000] {logging_mixin.py:190} INFO - [2025-01-28T22:14:38.421+0000] {dag.py:3239} INFO - Sync 1 DAGs
[2025-01-28T22:14:38.437+0000] {logging_mixin.py:190} INFO - [2025-01-28T22:14:38.436+0000] {dag.py:4180} INFO - Setting next_dagrun for example_display_name to None, run_after=None
[2025-01-28T22:14:38.460+0000] {processor.py:208} INFO - Processing /home/airflow/.local/lib/python3.12/site-packages/airflow/example_dags/example_display_name.py took 0.080 seconds
[2025-01-28T22:15:10.284+0000] {processor.py:186} INFO - Started process (PID=804) to work on /home/airflow/.local/lib/python3.12/site-packages/airflow/example_dags/example_display_name.py
[2025-01-28T22:15:10.286+0000] {processor.py:914} INFO - Processing file /home/airflow/.local/lib/python3.12/site-packages/airflow/example_dags/example_display_name.py for tasks to queue
[2025-01-28T22:15:10.288+0000] {logging_mixin.py:190} INFO - [2025-01-28T22:15:10.288+0000] {dagbag.py:588} INFO - Filling up the DagBag from /home/airflow/.local/lib/python3.12/site-packages/airflow/example_dags/example_display_name.py
[2025-01-28T22:15:10.297+0000] {processor.py:925} INFO - DAG(s) 'example_display_name' retrieved from /home/airflow/.local/lib/python3.12/site-packages/airflow/example_dags/example_display_name.py
[2025-01-28T22:15:10.317+0000] {logging_mixin.py:190} INFO - [2025-01-28T22:15:10.316+0000] {dag.py:3239} INFO - Sync 1 DAGs
[2025-01-28T22:15:10.332+0000] {logging_mixin.py:190} INFO - [2025-01-28T22:15:10.332+0000] {dag.py:4180} INFO - Setting next_dagrun for example_display_name to None, run_after=None
[2025-01-28T22:15:10.354+0000] {processor.py:208} INFO - Processing /home/airflow/.local/lib/python3.12/site-packages/airflow/example_dags/example_display_name.py took 0.075 seconds
[2025-01-28T22:15:41.823+0000] {processor.py:186} INFO - Started process (PID=867) to work on /home/airflow/.local/lib/python3.12/site-packages/airflow/example_dags/example_display_name.py
[2025-01-28T22:15:41.824+0000] {processor.py:914} INFO - Processing file /home/airflow/.local/lib/python3.12/site-packages/airflow/example_dags/example_display_name.py for tasks to queue
[2025-01-28T22:15:41.827+0000] {logging_mixin.py:190} INFO - [2025-01-28T22:15:41.826+0000] {dagbag.py:588} INFO - Filling up the DagBag from /home/airflow/.local/lib/python3.12/site-packages/airflow/example_dags/example_display_name.py
[2025-01-28T22:15:41.835+0000] {processor.py:925} INFO - DAG(s) 'example_display_name' retrieved from /home/airflow/.local/lib/python3.12/site-packages/airflow/example_dags/example_display_name.py
[2025-01-28T22:15:41.856+0000] {logging_mixin.py:190} INFO - [2025-01-28T22:15:41.856+0000] {dag.py:3239} INFO - Sync 1 DAGs
[2025-01-28T22:15:41.871+0000] {logging_mixin.py:190} INFO - [2025-01-28T22:15:41.871+0000] {dag.py:4180} INFO - Setting next_dagrun for example_display_name to None, run_after=None
[2025-01-28T22:15:41.897+0000] {processor.py:208} INFO - Processing /home/airflow/.local/lib/python3.12/site-packages/airflow/example_dags/example_display_name.py took 0.080 seconds
[2025-01-28T22:16:13.138+0000] {processor.py:186} INFO - Started process (PID=931) to work on /home/airflow/.local/lib/python3.12/site-packages/airflow/example_dags/example_display_name.py
[2025-01-28T22:16:13.139+0000] {processor.py:914} INFO - Processing file /home/airflow/.local/lib/python3.12/site-packages/airflow/example_dags/example_display_name.py for tasks to queue
[2025-01-28T22:16:13.142+0000] {logging_mixin.py:190} INFO - [2025-01-28T22:16:13.142+0000] {dagbag.py:588} INFO - Filling up the DagBag from /home/airflow/.local/lib/python3.12/site-packages/airflow/example_dags/example_display_name.py
[2025-01-28T22:16:13.151+0000] {processor.py:925} INFO - DAG(s) 'example_display_name' retrieved from /home/airflow/.local/lib/python3.12/site-packages/airflow/example_dags/example_display_name.py
[2025-01-28T22:16:13.172+0000] {logging_mixin.py:190} INFO - [2025-01-28T22:16:13.172+0000] {dag.py:3239} INFO - Sync 1 DAGs
[2025-01-28T22:16:13.188+0000] {logging_mixin.py:190} INFO - [2025-01-28T22:16:13.187+0000] {dag.py:4180} INFO - Setting next_dagrun for example_display_name to None, run_after=None
[2025-01-28T22:16:13.225+0000] {processor.py:208} INFO - Processing /home/airflow/.local/lib/python3.12/site-packages/airflow/example_dags/example_display_name.py took 0.094 seconds
[2025-01-28T22:16:44.929+0000] {processor.py:186} INFO - Started process (PID=994) to work on /home/airflow/.local/lib/python3.12/site-packages/airflow/example_dags/example_display_name.py
[2025-01-28T22:16:44.930+0000] {processor.py:914} INFO - Processing file /home/airflow/.local/lib/python3.12/site-packages/airflow/example_dags/example_display_name.py for tasks to queue
[2025-01-28T22:16:44.933+0000] {logging_mixin.py:190} INFO - [2025-01-28T22:16:44.932+0000] {dagbag.py:588} INFO - Filling up the DagBag from /home/airflow/.local/lib/python3.12/site-packages/airflow/example_dags/example_display_name.py
[2025-01-28T22:16:44.941+0000] {processor.py:925} INFO - DAG(s) 'example_display_name' retrieved from /home/airflow/.local/lib/python3.12/site-packages/airflow/example_dags/example_display_name.py
[2025-01-28T22:16:44.961+0000] {logging_mixin.py:190} INFO - [2025-01-28T22:16:44.961+0000] {dag.py:3239} INFO - Sync 1 DAGs
[2025-01-28T22:16:44.976+0000] {logging_mixin.py:190} INFO - [2025-01-28T22:16:44.976+0000] {dag.py:4180} INFO - Setting next_dagrun for example_display_name to None, run_after=None
[2025-01-28T22:16:45.005+0000] {processor.py:208} INFO - Processing /home/airflow/.local/lib/python3.12/site-packages/airflow/example_dags/example_display_name.py took 0.082 seconds
[2025-01-28T22:17:16.333+0000] {processor.py:186} INFO - Started process (PID=1057) to work on /home/airflow/.local/lib/python3.12/site-packages/airflow/example_dags/example_display_name.py
[2025-01-28T22:17:16.334+0000] {processor.py:914} INFO - Processing file /home/airflow/.local/lib/python3.12/site-packages/airflow/example_dags/example_display_name.py for tasks to queue
[2025-01-28T22:17:16.337+0000] {logging_mixin.py:190} INFO - [2025-01-28T22:17:16.337+0000] {dagbag.py:588} INFO - Filling up the DagBag from /home/airflow/.local/lib/python3.12/site-packages/airflow/example_dags/example_display_name.py
[2025-01-28T22:17:16.345+0000] {processor.py:925} INFO - DAG(s) 'example_display_name' retrieved from /home/airflow/.local/lib/python3.12/site-packages/airflow/example_dags/example_display_name.py
[2025-01-28T22:17:16.364+0000] {logging_mixin.py:190} INFO - [2025-01-28T22:17:16.364+0000] {dag.py:3239} INFO - Sync 1 DAGs
[2025-01-28T22:17:16.379+0000] {logging_mixin.py:190} INFO - [2025-01-28T22:17:16.379+0000] {dag.py:4180} INFO - Setting next_dagrun for example_display_name to None, run_after=None
[2025-01-28T22:17:16.401+0000] {processor.py:208} INFO - Processing /home/airflow/.local/lib/python3.12/site-packages/airflow/example_dags/example_display_name.py took 0.074 seconds
[2025-01-28T22:17:47.590+0000] {processor.py:186} INFO - Started process (PID=1120) to work on /home/airflow/.local/lib/python3.12/site-packages/airflow/example_dags/example_display_name.py
[2025-01-28T22:17:47.592+0000] {processor.py:914} INFO - Processing file /home/airflow/.local/lib/python3.12/site-packages/airflow/example_dags/example_display_name.py for tasks to queue
[2025-01-28T22:17:47.595+0000] {logging_mixin.py:190} INFO - [2025-01-28T22:17:47.594+0000] {dagbag.py:588} INFO - Filling up the DagBag from /home/airflow/.local/lib/python3.12/site-packages/airflow/example_dags/example_display_name.py
[2025-01-28T22:17:47.603+0000] {processor.py:925} INFO - DAG(s) 'example_display_name' retrieved from /home/airflow/.local/lib/python3.12/site-packages/airflow/example_dags/example_display_name.py
[2025-01-28T22:17:47.626+0000] {logging_mixin.py:190} INFO - [2025-01-28T22:17:47.625+0000] {dag.py:3239} INFO - Sync 1 DAGs
[2025-01-28T22:17:47.641+0000] {logging_mixin.py:190} INFO - [2025-01-28T22:17:47.641+0000] {dag.py:4180} INFO - Setting next_dagrun for example_display_name to None, run_after=None
[2025-01-28T22:17:47.665+0000] {processor.py:208} INFO - Processing /home/airflow/.local/lib/python3.12/site-packages/airflow/example_dags/example_display_name.py took 0.081 seconds
[2025-01-28T22:18:19.457+0000] {processor.py:186} INFO - Started process (PID=1183) to work on /home/airflow/.local/lib/python3.12/site-packages/airflow/example_dags/example_display_name.py
[2025-01-28T22:18:19.458+0000] {processor.py:914} INFO - Processing file /home/airflow/.local/lib/python3.12/site-packages/airflow/example_dags/example_display_name.py for tasks to queue
[2025-01-28T22:18:19.462+0000] {logging_mixin.py:190} INFO - [2025-01-28T22:18:19.461+0000] {dagbag.py:588} INFO - Filling up the DagBag from /home/airflow/.local/lib/python3.12/site-packages/airflow/example_dags/example_display_name.py
[2025-01-28T22:18:19.470+0000] {processor.py:925} INFO - DAG(s) 'example_display_name' retrieved from /home/airflow/.local/lib/python3.12/site-packages/airflow/example_dags/example_display_name.py
[2025-01-28T22:18:19.494+0000] {logging_mixin.py:190} INFO - [2025-01-28T22:18:19.494+0000] {dag.py:3239} INFO - Sync 1 DAGs
[2025-01-28T22:18:19.525+0000] {logging_mixin.py:190} INFO - [2025-01-28T22:18:19.525+0000] {dag.py:4180} INFO - Setting next_dagrun for example_display_name to None, run_after=None
[2025-01-28T22:18:19.555+0000] {processor.py:208} INFO - Processing /home/airflow/.local/lib/python3.12/site-packages/airflow/example_dags/example_display_name.py took 0.109 seconds
[2025-01-28T22:18:50.766+0000] {processor.py:186} INFO - Started process (PID=1246) to work on /home/airflow/.local/lib/python3.12/site-packages/airflow/example_dags/example_display_name.py
[2025-01-28T22:18:50.767+0000] {processor.py:914} INFO - Processing file /home/airflow/.local/lib/python3.12/site-packages/airflow/example_dags/example_display_name.py for tasks to queue
[2025-01-28T22:18:50.770+0000] {logging_mixin.py:190} INFO - [2025-01-28T22:18:50.770+0000] {dagbag.py:588} INFO - Filling up the DagBag from /home/airflow/.local/lib/python3.12/site-packages/airflow/example_dags/example_display_name.py
[2025-01-28T22:18:50.779+0000] {processor.py:925} INFO - DAG(s) 'example_display_name' retrieved from /home/airflow/.local/lib/python3.12/site-packages/airflow/example_dags/example_display_name.py
[2025-01-28T22:18:50.801+0000] {logging_mixin.py:190} INFO - [2025-01-28T22:18:50.800+0000] {dag.py:3239} INFO - Sync 1 DAGs
[2025-01-28T22:18:50.817+0000] {logging_mixin.py:190} INFO - [2025-01-28T22:18:50.817+0000] {dag.py:4180} INFO - Setting next_dagrun for example_display_name to None, run_after=None
[2025-01-28T22:18:50.843+0000] {processor.py:208} INFO - Processing /home/airflow/.local/lib/python3.12/site-packages/airflow/example_dags/example_display_name.py took 0.084 seconds
[2025-01-28T22:19:22.097+0000] {processor.py:186} INFO - Started process (PID=1309) to work on /home/airflow/.local/lib/python3.12/site-packages/airflow/example_dags/example_display_name.py
[2025-01-28T22:19:22.099+0000] {processor.py:914} INFO - Processing file /home/airflow/.local/lib/python3.12/site-packages/airflow/example_dags/example_display_name.py for tasks to queue
[2025-01-28T22:19:22.102+0000] {logging_mixin.py:190} INFO - [2025-01-28T22:19:22.102+0000] {dagbag.py:588} INFO - Filling up the DagBag from /home/airflow/.local/lib/python3.12/site-packages/airflow/example_dags/example_display_name.py
[2025-01-28T22:19:22.111+0000] {processor.py:925} INFO - DAG(s) 'example_display_name' retrieved from /home/airflow/.local/lib/python3.12/site-packages/airflow/example_dags/example_display_name.py
[2025-01-28T22:19:22.132+0000] {logging_mixin.py:190} INFO - [2025-01-28T22:19:22.132+0000] {dag.py:3239} INFO - Sync 1 DAGs
[2025-01-28T22:19:22.149+0000] {logging_mixin.py:190} INFO - [2025-01-28T22:19:22.149+0000] {dag.py:4180} INFO - Setting next_dagrun for example_display_name to None, run_after=None
[2025-01-28T22:19:22.174+0000] {processor.py:208} INFO - Processing /home/airflow/.local/lib/python3.12/site-packages/airflow/example_dags/example_display_name.py took 0.083 seconds
[2025-01-28T22:19:53.100+0000] {processor.py:186} INFO - Started process (PID=1372) to work on /home/airflow/.local/lib/python3.12/site-packages/airflow/example_dags/example_display_name.py
[2025-01-28T22:19:53.101+0000] {processor.py:914} INFO - Processing file /home/airflow/.local/lib/python3.12/site-packages/airflow/example_dags/example_display_name.py for tasks to queue
[2025-01-28T22:19:53.104+0000] {logging_mixin.py:190} INFO - [2025-01-28T22:19:53.104+0000] {dagbag.py:588} INFO - Filling up the DagBag from /home/airflow/.local/lib/python3.12/site-packages/airflow/example_dags/example_display_name.py
[2025-01-28T22:19:53.113+0000] {processor.py:925} INFO - DAG(s) 'example_display_name' retrieved from /home/airflow/.local/lib/python3.12/site-packages/airflow/example_dags/example_display_name.py
[2025-01-28T22:19:53.136+0000] {logging_mixin.py:190} INFO - [2025-01-28T22:19:53.136+0000] {dag.py:3239} INFO - Sync 1 DAGs
[2025-01-28T22:19:53.153+0000] {logging_mixin.py:190} INFO - [2025-01-28T22:19:53.153+0000] {dag.py:4180} INFO - Setting next_dagrun for example_display_name to None, run_after=None
[2025-01-28T22:19:53.177+0000] {processor.py:208} INFO - Processing /home/airflow/.local/lib/python3.12/site-packages/airflow/example_dags/example_display_name.py took 0.083 seconds
[2025-01-28T22:20:24.340+0000] {processor.py:186} INFO - Started process (PID=1435) to work on /home/airflow/.local/lib/python3.12/site-packages/airflow/example_dags/example_display_name.py
[2025-01-28T22:20:24.342+0000] {processor.py:914} INFO - Processing file /home/airflow/.local/lib/python3.12/site-packages/airflow/example_dags/example_display_name.py for tasks to queue
[2025-01-28T22:20:24.345+0000] {logging_mixin.py:190} INFO - [2025-01-28T22:20:24.344+0000] {dagbag.py:588} INFO - Filling up the DagBag from /home/airflow/.local/lib/python3.12/site-packages/airflow/example_dags/example_display_name.py
[2025-01-28T22:20:24.353+0000] {processor.py:925} INFO - DAG(s) 'example_display_name' retrieved from /home/airflow/.local/lib/python3.12/site-packages/airflow/example_dags/example_display_name.py
[2025-01-28T22:20:24.375+0000] {logging_mixin.py:190} INFO - [2025-01-28T22:20:24.375+0000] {dag.py:3239} INFO - Sync 1 DAGs
[2025-01-28T22:20:24.390+0000] {logging_mixin.py:190} INFO - [2025-01-28T22:20:24.390+0000] {dag.py:4180} INFO - Setting next_dagrun for example_display_name to None, run_after=None
[2025-01-28T22:20:24.413+0000] {processor.py:208} INFO - Processing /home/airflow/.local/lib/python3.12/site-packages/airflow/example_dags/example_display_name.py took 0.079 seconds
[2025-01-28T22:20:55.929+0000] {processor.py:186} INFO - Started process (PID=1498) to work on /home/airflow/.local/lib/python3.12/site-packages/airflow/example_dags/example_display_name.py
[2025-01-28T22:20:55.930+0000] {processor.py:914} INFO - Processing file /home/airflow/.local/lib/python3.12/site-packages/airflow/example_dags/example_display_name.py for tasks to queue
[2025-01-28T22:20:55.934+0000] {logging_mixin.py:190} INFO - [2025-01-28T22:20:55.933+0000] {dagbag.py:588} INFO - Filling up the DagBag from /home/airflow/.local/lib/python3.12/site-packages/airflow/example_dags/example_display_name.py
[2025-01-28T22:20:55.942+0000] {processor.py:925} INFO - DAG(s) 'example_display_name' retrieved from /home/airflow/.local/lib/python3.12/site-packages/airflow/example_dags/example_display_name.py
[2025-01-28T22:20:55.967+0000] {logging_mixin.py:190} INFO - [2025-01-28T22:20:55.966+0000] {dag.py:3239} INFO - Sync 1 DAGs
[2025-01-28T22:20:55.984+0000] {logging_mixin.py:190} INFO - [2025-01-28T22:20:55.983+0000] {dag.py:4180} INFO - Setting next_dagrun for example_display_name to None, run_after=None
[2025-01-28T22:20:56.016+0000] {processor.py:208} INFO - Processing /home/airflow/.local/lib/python3.12/site-packages/airflow/example_dags/example_display_name.py took 0.094 seconds
[2025-01-28T22:21:27.010+0000] {processor.py:186} INFO - Started process (PID=1561) to work on /home/airflow/.local/lib/python3.12/site-packages/airflow/example_dags/example_display_name.py
[2025-01-28T22:21:27.012+0000] {processor.py:914} INFO - Processing file /home/airflow/.local/lib/python3.12/site-packages/airflow/example_dags/example_display_name.py for tasks to queue
[2025-01-28T22:21:27.015+0000] {logging_mixin.py:190} INFO - [2025-01-28T22:21:27.014+0000] {dagbag.py:588} INFO - Filling up the DagBag from /home/airflow/.local/lib/python3.12/site-packages/airflow/example_dags/example_display_name.py
[2025-01-28T22:21:27.023+0000] {processor.py:925} INFO - DAG(s) 'example_display_name' retrieved from /home/airflow/.local/lib/python3.12/site-packages/airflow/example_dags/example_display_name.py
[2025-01-28T22:21:27.045+0000] {logging_mixin.py:190} INFO - [2025-01-28T22:21:27.045+0000] {dag.py:3239} INFO - Sync 1 DAGs
[2025-01-28T22:21:27.062+0000] {logging_mixin.py:190} INFO - [2025-01-28T22:21:27.062+0000] {dag.py:4180} INFO - Setting next_dagrun for example_display_name to None, run_after=None
[2025-01-28T22:21:27.091+0000] {processor.py:208} INFO - Processing /home/airflow/.local/lib/python3.12/site-packages/airflow/example_dags/example_display_name.py took 0.092 seconds
[2025-01-28T22:21:58.432+0000] {processor.py:186} INFO - Started process (PID=1624) to work on /home/airflow/.local/lib/python3.12/site-packages/airflow/example_dags/example_display_name.py
[2025-01-28T22:21:58.434+0000] {processor.py:914} INFO - Processing file /home/airflow/.local/lib/python3.12/site-packages/airflow/example_dags/example_display_name.py for tasks to queue
[2025-01-28T22:21:58.437+0000] {logging_mixin.py:190} INFO - [2025-01-28T22:21:58.437+0000] {dagbag.py:588} INFO - Filling up the DagBag from /home/airflow/.local/lib/python3.12/site-packages/airflow/example_dags/example_display_name.py
[2025-01-28T22:21:58.446+0000] {processor.py:925} INFO - DAG(s) 'example_display_name' retrieved from /home/airflow/.local/lib/python3.12/site-packages/airflow/example_dags/example_display_name.py
[2025-01-28T22:21:58.472+0000] {logging_mixin.py:190} INFO - [2025-01-28T22:21:58.472+0000] {dag.py:3239} INFO - Sync 1 DAGs
[2025-01-28T22:21:58.493+0000] {logging_mixin.py:190} INFO - [2025-01-28T22:21:58.492+0000] {dag.py:4180} INFO - Setting next_dagrun for example_display_name to None, run_after=None
[2025-01-28T22:21:58.529+0000] {processor.py:208} INFO - Processing /home/airflow/.local/lib/python3.12/site-packages/airflow/example_dags/example_display_name.py took 0.103 seconds
[2025-01-28T22:22:30.052+0000] {processor.py:186} INFO - Started process (PID=1687) to work on /home/airflow/.local/lib/python3.12/site-packages/airflow/example_dags/example_display_name.py
[2025-01-28T22:22:30.053+0000] {processor.py:914} INFO - Processing file /home/airflow/.local/lib/python3.12/site-packages/airflow/example_dags/example_display_name.py for tasks to queue
[2025-01-28T22:22:30.056+0000] {logging_mixin.py:190} INFO - [2025-01-28T22:22:30.056+0000] {dagbag.py:588} INFO - Filling up the DagBag from /home/airflow/.local/lib/python3.12/site-packages/airflow/example_dags/example_display_name.py
[2025-01-28T22:22:30.065+0000] {processor.py:925} INFO - DAG(s) 'example_display_name' retrieved from /home/airflow/.local/lib/python3.12/site-packages/airflow/example_dags/example_display_name.py
[2025-01-28T22:22:30.089+0000] {logging_mixin.py:190} INFO - [2025-01-28T22:22:30.089+0000] {dag.py:3239} INFO - Sync 1 DAGs
[2025-01-28T22:22:30.106+0000] {logging_mixin.py:190} INFO - [2025-01-28T22:22:30.106+0000] {dag.py:4180} INFO - Setting next_dagrun for example_display_name to None, run_after=None
[2025-01-28T22:22:30.133+0000] {processor.py:208} INFO - Processing /home/airflow/.local/lib/python3.12/site-packages/airflow/example_dags/example_display_name.py took 0.087 seconds
[2025-01-28T22:23:01.220+0000] {processor.py:186} INFO - Started process (PID=1750) to work on /home/airflow/.local/lib/python3.12/site-packages/airflow/example_dags/example_display_name.py
[2025-01-28T22:23:01.221+0000] {processor.py:914} INFO - Processing file /home/airflow/.local/lib/python3.12/site-packages/airflow/example_dags/example_display_name.py for tasks to queue
[2025-01-28T22:23:01.224+0000] {logging_mixin.py:190} INFO - [2025-01-28T22:23:01.224+0000] {dagbag.py:588} INFO - Filling up the DagBag from /home/airflow/.local/lib/python3.12/site-packages/airflow/example_dags/example_display_name.py
[2025-01-28T22:23:01.233+0000] {processor.py:925} INFO - DAG(s) 'example_display_name' retrieved from /home/airflow/.local/lib/python3.12/site-packages/airflow/example_dags/example_display_name.py
[2025-01-28T22:23:01.255+0000] {logging_mixin.py:190} INFO - [2025-01-28T22:23:01.255+0000] {dag.py:3239} INFO - Sync 1 DAGs
[2025-01-28T22:23:01.272+0000] {logging_mixin.py:190} INFO - [2025-01-28T22:23:01.272+0000] {dag.py:4180} INFO - Setting next_dagrun for example_display_name to None, run_after=None
[2025-01-28T22:23:01.298+0000] {processor.py:208} INFO - Processing /home/airflow/.local/lib/python3.12/site-packages/airflow/example_dags/example_display_name.py took 0.084 seconds
[2025-01-28T22:23:32.107+0000] {processor.py:186} INFO - Started process (PID=1813) to work on /home/airflow/.local/lib/python3.12/site-packages/airflow/example_dags/example_display_name.py
[2025-01-28T22:23:32.109+0000] {processor.py:914} INFO - Processing file /home/airflow/.local/lib/python3.12/site-packages/airflow/example_dags/example_display_name.py for tasks to queue
[2025-01-28T22:23:32.112+0000] {logging_mixin.py:190} INFO - [2025-01-28T22:23:32.112+0000] {dagbag.py:588} INFO - Filling up the DagBag from /home/airflow/.local/lib/python3.12/site-packages/airflow/example_dags/example_display_name.py
[2025-01-28T22:23:32.121+0000] {processor.py:925} INFO - DAG(s) 'example_display_name' retrieved from /home/airflow/.local/lib/python3.12/site-packages/airflow/example_dags/example_display_name.py
[2025-01-28T22:23:32.145+0000] {logging_mixin.py:190} INFO - [2025-01-28T22:23:32.144+0000] {dag.py:3239} INFO - Sync 1 DAGs
[2025-01-28T22:23:32.161+0000] {logging_mixin.py:190} INFO - [2025-01-28T22:23:32.161+0000] {dag.py:4180} INFO - Setting next_dagrun for example_display_name to None, run_after=None
[2025-01-28T22:23:32.187+0000] {processor.py:208} INFO - Processing /home/airflow/.local/lib/python3.12/site-packages/airflow/example_dags/example_display_name.py took 0.086 seconds
[2025-01-28T22:24:03.834+0000] {processor.py:186} INFO - Started process (PID=1876) to work on /home/airflow/.local/lib/python3.12/site-packages/airflow/example_dags/example_display_name.py
[2025-01-28T22:24:03.835+0000] {processor.py:914} INFO - Processing file /home/airflow/.local/lib/python3.12/site-packages/airflow/example_dags/example_display_name.py for tasks to queue
[2025-01-28T22:24:03.839+0000] {logging_mixin.py:190} INFO - [2025-01-28T22:24:03.838+0000] {dagbag.py:588} INFO - Filling up the DagBag from /home/airflow/.local/lib/python3.12/site-packages/airflow/example_dags/example_display_name.py
[2025-01-28T22:24:03.847+0000] {processor.py:925} INFO - DAG(s) 'example_display_name' retrieved from /home/airflow/.local/lib/python3.12/site-packages/airflow/example_dags/example_display_name.py
[2025-01-28T22:24:03.872+0000] {logging_mixin.py:190} INFO - [2025-01-28T22:24:03.871+0000] {dag.py:3239} INFO - Sync 1 DAGs
[2025-01-28T22:24:03.890+0000] {logging_mixin.py:190} INFO - [2025-01-28T22:24:03.890+0000] {dag.py:4180} INFO - Setting next_dagrun for example_display_name to None, run_after=None
[2025-01-28T22:24:03.917+0000] {processor.py:208} INFO - Processing /home/airflow/.local/lib/python3.12/site-packages/airflow/example_dags/example_display_name.py took 0.090 seconds
[2025-01-28T22:24:34.750+0000] {processor.py:186} INFO - Started process (PID=1939) to work on /home/airflow/.local/lib/python3.12/site-packages/airflow/example_dags/example_display_name.py
[2025-01-28T22:24:34.751+0000] {processor.py:914} INFO - Processing file /home/airflow/.local/lib/python3.12/site-packages/airflow/example_dags/example_display_name.py for tasks to queue
[2025-01-28T22:24:34.760+0000] {logging_mixin.py:190} INFO - [2025-01-28T22:24:34.760+0000] {dagbag.py:588} INFO - Filling up the DagBag from /home/airflow/.local/lib/python3.12/site-packages/airflow/example_dags/example_display_name.py
[2025-01-28T22:24:34.770+0000] {processor.py:925} INFO - DAG(s) 'example_display_name' retrieved from /home/airflow/.local/lib/python3.12/site-packages/airflow/example_dags/example_display_name.py
[2025-01-28T22:24:34.791+0000] {logging_mixin.py:190} INFO - [2025-01-28T22:24:34.790+0000] {dag.py:3239} INFO - Sync 1 DAGs
[2025-01-28T22:24:34.808+0000] {logging_mixin.py:190} INFO - [2025-01-28T22:24:34.807+0000] {dag.py:4180} INFO - Setting next_dagrun for example_display_name to None, run_after=None
[2025-01-28T22:24:34.833+0000] {processor.py:208} INFO - Processing /home/airflow/.local/lib/python3.12/site-packages/airflow/example_dags/example_display_name.py took 0.089 seconds
[2025-01-28T22:25:06.322+0000] {processor.py:186} INFO - Started process (PID=2002) to work on /home/airflow/.local/lib/python3.12/site-packages/airflow/example_dags/example_display_name.py
[2025-01-28T22:25:06.323+0000] {processor.py:914} INFO - Processing file /home/airflow/.local/lib/python3.12/site-packages/airflow/example_dags/example_display_name.py for tasks to queue
[2025-01-28T22:25:06.326+0000] {logging_mixin.py:190} INFO - [2025-01-28T22:25:06.326+0000] {dagbag.py:588} INFO - Filling up the DagBag from /home/airflow/.local/lib/python3.12/site-packages/airflow/example_dags/example_display_name.py
[2025-01-28T22:25:06.337+0000] {processor.py:925} INFO - DAG(s) 'example_display_name' retrieved from /home/airflow/.local/lib/python3.12/site-packages/airflow/example_dags/example_display_name.py
[2025-01-28T22:25:06.358+0000] {logging_mixin.py:190} INFO - [2025-01-28T22:25:06.358+0000] {dag.py:3239} INFO - Sync 1 DAGs
[2025-01-28T22:25:06.375+0000] {logging_mixin.py:190} INFO - [2025-01-28T22:25:06.374+0000] {dag.py:4180} INFO - Setting next_dagrun for example_display_name to None, run_after=None
[2025-01-28T22:25:06.399+0000] {processor.py:208} INFO - Processing /home/airflow/.local/lib/python3.12/site-packages/airflow/example_dags/example_display_name.py took 0.084 seconds
[2025-01-28T22:28:47.780+0000] {processor.py:186} INFO - Started process (PID=111) to work on /home/airflow/.local/lib/python3.12/site-packages/airflow/example_dags/example_display_name.py
[2025-01-28T22:28:47.782+0000] {processor.py:914} INFO - Processing file /home/airflow/.local/lib/python3.12/site-packages/airflow/example_dags/example_display_name.py for tasks to queue
[2025-01-28T22:28:47.785+0000] {logging_mixin.py:190} INFO - [2025-01-28T22:28:47.784+0000] {dagbag.py:588} INFO - Filling up the DagBag from /home/airflow/.local/lib/python3.12/site-packages/airflow/example_dags/example_display_name.py
[2025-01-28T22:28:47.793+0000] {processor.py:925} INFO - DAG(s) 'example_display_name' retrieved from /home/airflow/.local/lib/python3.12/site-packages/airflow/example_dags/example_display_name.py
[2025-01-28T22:28:47.820+0000] {logging_mixin.py:190} INFO - [2025-01-28T22:28:47.820+0000] {dag.py:3239} INFO - Sync 1 DAGs
[2025-01-28T22:28:47.836+0000] {logging_mixin.py:190} INFO - [2025-01-28T22:28:47.835+0000] {dag.py:4180} INFO - Setting next_dagrun for example_display_name to None, run_after=None
[2025-01-28T22:28:47.860+0000] {processor.py:208} INFO - Processing /home/airflow/.local/lib/python3.12/site-packages/airflow/example_dags/example_display_name.py took 0.085 seconds
[2025-01-28T22:29:18.864+0000] {processor.py:186} INFO - Started process (PID=174) to work on /home/airflow/.local/lib/python3.12/site-packages/airflow/example_dags/example_display_name.py
[2025-01-28T22:29:18.866+0000] {processor.py:914} INFO - Processing file /home/airflow/.local/lib/python3.12/site-packages/airflow/example_dags/example_display_name.py for tasks to queue
[2025-01-28T22:29:18.868+0000] {logging_mixin.py:190} INFO - [2025-01-28T22:29:18.868+0000] {dagbag.py:588} INFO - Filling up the DagBag from /home/airflow/.local/lib/python3.12/site-packages/airflow/example_dags/example_display_name.py
[2025-01-28T22:29:18.878+0000] {processor.py:925} INFO - DAG(s) 'example_display_name' retrieved from /home/airflow/.local/lib/python3.12/site-packages/airflow/example_dags/example_display_name.py
[2025-01-28T22:29:18.901+0000] {logging_mixin.py:190} INFO - [2025-01-28T22:29:18.901+0000] {dag.py:3239} INFO - Sync 1 DAGs
[2025-01-28T22:29:18.916+0000] {logging_mixin.py:190} INFO - [2025-01-28T22:29:18.916+0000] {dag.py:4180} INFO - Setting next_dagrun for example_display_name to None, run_after=None
[2025-01-28T22:29:18.942+0000] {processor.py:208} INFO - Processing /home/airflow/.local/lib/python3.12/site-packages/airflow/example_dags/example_display_name.py took 0.085 seconds
[2025-01-28T22:29:50.678+0000] {processor.py:186} INFO - Started process (PID=237) to work on /home/airflow/.local/lib/python3.12/site-packages/airflow/example_dags/example_display_name.py
[2025-01-28T22:29:50.680+0000] {processor.py:914} INFO - Processing file /home/airflow/.local/lib/python3.12/site-packages/airflow/example_dags/example_display_name.py for tasks to queue
[2025-01-28T22:29:50.683+0000] {logging_mixin.py:190} INFO - [2025-01-28T22:29:50.683+0000] {dagbag.py:588} INFO - Filling up the DagBag from /home/airflow/.local/lib/python3.12/site-packages/airflow/example_dags/example_display_name.py
[2025-01-28T22:29:50.692+0000] {processor.py:925} INFO - DAG(s) 'example_display_name' retrieved from /home/airflow/.local/lib/python3.12/site-packages/airflow/example_dags/example_display_name.py
[2025-01-28T22:29:50.714+0000] {logging_mixin.py:190} INFO - [2025-01-28T22:29:50.714+0000] {dag.py:3239} INFO - Sync 1 DAGs
[2025-01-28T22:29:50.730+0000] {logging_mixin.py:190} INFO - [2025-01-28T22:29:50.730+0000] {dag.py:4180} INFO - Setting next_dagrun for example_display_name to None, run_after=None
[2025-01-28T22:29:50.756+0000] {processor.py:208} INFO - Processing /home/airflow/.local/lib/python3.12/site-packages/airflow/example_dags/example_display_name.py took 0.084 seconds
[2025-01-28T22:30:21.840+0000] {processor.py:186} INFO - Started process (PID=299) to work on /home/airflow/.local/lib/python3.12/site-packages/airflow/example_dags/example_display_name.py
[2025-01-28T22:30:21.841+0000] {processor.py:914} INFO - Processing file /home/airflow/.local/lib/python3.12/site-packages/airflow/example_dags/example_display_name.py for tasks to queue
[2025-01-28T22:30:21.844+0000] {logging_mixin.py:190} INFO - [2025-01-28T22:30:21.844+0000] {dagbag.py:588} INFO - Filling up the DagBag from /home/airflow/.local/lib/python3.12/site-packages/airflow/example_dags/example_display_name.py
[2025-01-28T22:30:21.853+0000] {processor.py:925} INFO - DAG(s) 'example_display_name' retrieved from /home/airflow/.local/lib/python3.12/site-packages/airflow/example_dags/example_display_name.py
[2025-01-28T22:30:21.873+0000] {logging_mixin.py:190} INFO - [2025-01-28T22:30:21.873+0000] {dag.py:3239} INFO - Sync 1 DAGs
[2025-01-28T22:30:21.889+0000] {logging_mixin.py:190} INFO - [2025-01-28T22:30:21.889+0000] {dag.py:4180} INFO - Setting next_dagrun for example_display_name to None, run_after=None
[2025-01-28T22:30:21.918+0000] {processor.py:208} INFO - Processing /home/airflow/.local/lib/python3.12/site-packages/airflow/example_dags/example_display_name.py took 0.084 seconds
[2025-01-28T22:30:53.199+0000] {processor.py:186} INFO - Started process (PID=362) to work on /home/airflow/.local/lib/python3.12/site-packages/airflow/example_dags/example_display_name.py
[2025-01-28T22:30:53.200+0000] {processor.py:914} INFO - Processing file /home/airflow/.local/lib/python3.12/site-packages/airflow/example_dags/example_display_name.py for tasks to queue
[2025-01-28T22:30:53.203+0000] {logging_mixin.py:190} INFO - [2025-01-28T22:30:53.203+0000] {dagbag.py:588} INFO - Filling up the DagBag from /home/airflow/.local/lib/python3.12/site-packages/airflow/example_dags/example_display_name.py
[2025-01-28T22:30:53.211+0000] {processor.py:925} INFO - DAG(s) 'example_display_name' retrieved from /home/airflow/.local/lib/python3.12/site-packages/airflow/example_dags/example_display_name.py
[2025-01-28T22:30:53.233+0000] {logging_mixin.py:190} INFO - [2025-01-28T22:30:53.233+0000] {dag.py:3239} INFO - Sync 1 DAGs
[2025-01-28T22:30:53.250+0000] {logging_mixin.py:190} INFO - [2025-01-28T22:30:53.249+0000] {dag.py:4180} INFO - Setting next_dagrun for example_display_name to None, run_after=None
[2025-01-28T22:30:53.281+0000] {processor.py:208} INFO - Processing /home/airflow/.local/lib/python3.12/site-packages/airflow/example_dags/example_display_name.py took 0.088 seconds
