[2025-01-28T22:09:27.301+0000] {processor.py:186} INFO - Started process (PID=113) to work on /home/airflow/.local/lib/python3.12/site-packages/airflow/example_dags/example_dataset_alias.py
[2025-01-28T22:09:27.303+0000] {processor.py:914} INFO - Processing file /home/airflow/.local/lib/python3.12/site-packages/airflow/example_dags/example_dataset_alias.py for tasks to queue
[2025-01-28T22:09:27.306+0000] {logging_mixin.py:190} INFO - [2025-01-28T22:09:27.305+0000] {dagbag.py:588} INFO - Filling up the DagBag from /home/airflow/.local/lib/python3.12/site-packages/airflow/example_dags/example_dataset_alias.py
[2025-01-28T22:09:27.947+0000] {processor.py:925} INFO - DAG(s) 'dataset_alias_example_alias_producer', 'dataset_s3_bucket_consumer', 'dataset_s3_bucket_producer', 'dataset_alias_example_alias_consumer' retrieved from /home/airflow/.local/lib/python3.12/site-packages/airflow/example_dags/example_dataset_alias.py
[2025-01-28T22:09:28.050+0000] {logging_mixin.py:190} INFO - [2025-01-28T22:09:28.049+0000] {override.py:1911} INFO - Created Permission View: can delete on DAG:dataset_alias_example_alias_producer
[2025-01-28T22:09:28.063+0000] {logging_mixin.py:190} INFO - [2025-01-28T22:09:28.063+0000] {override.py:1911} INFO - Created Permission View: can edit on DAG:dataset_alias_example_alias_producer
[2025-01-28T22:09:28.074+0000] {logging_mixin.py:190} INFO - [2025-01-28T22:09:28.073+0000] {override.py:1911} INFO - Created Permission View: can read on DAG:dataset_alias_example_alias_producer
[2025-01-28T22:09:28.087+0000] {logging_mixin.py:190} INFO - [2025-01-28T22:09:28.086+0000] {override.py:1911} INFO - Created Permission View: can create on DAG Run:dataset_alias_example_alias_producer
[2025-01-28T22:09:28.097+0000] {logging_mixin.py:190} INFO - [2025-01-28T22:09:28.096+0000] {override.py:1911} INFO - Created Permission View: can delete on DAG Run:dataset_alias_example_alias_producer
[2025-01-28T22:09:28.107+0000] {logging_mixin.py:190} INFO - [2025-01-28T22:09:28.106+0000] {override.py:1911} INFO - Created Permission View: menu access on DAG Run:dataset_alias_example_alias_producer
[2025-01-28T22:09:28.117+0000] {logging_mixin.py:190} INFO - [2025-01-28T22:09:28.117+0000] {override.py:1911} INFO - Created Permission View: can read on DAG Run:dataset_alias_example_alias_producer
[2025-01-28T22:09:28.136+0000] {logging_mixin.py:190} INFO - [2025-01-28T22:09:28.136+0000] {override.py:1911} INFO - Created Permission View: can delete on DAG:dataset_s3_bucket_consumer
[2025-01-28T22:09:28.145+0000] {logging_mixin.py:190} INFO - [2025-01-28T22:09:28.145+0000] {override.py:1911} INFO - Created Permission View: can edit on DAG:dataset_s3_bucket_consumer
[2025-01-28T22:09:28.156+0000] {logging_mixin.py:190} INFO - [2025-01-28T22:09:28.155+0000] {override.py:1911} INFO - Created Permission View: can read on DAG:dataset_s3_bucket_consumer
[2025-01-28T22:09:28.169+0000] {logging_mixin.py:190} INFO - [2025-01-28T22:09:28.168+0000] {override.py:1911} INFO - Created Permission View: can create on DAG Run:dataset_s3_bucket_consumer
[2025-01-28T22:09:28.179+0000] {logging_mixin.py:190} INFO - [2025-01-28T22:09:28.178+0000] {override.py:1911} INFO - Created Permission View: can delete on DAG Run:dataset_s3_bucket_consumer
[2025-01-28T22:09:28.188+0000] {logging_mixin.py:190} INFO - [2025-01-28T22:09:28.188+0000] {override.py:1911} INFO - Created Permission View: menu access on DAG Run:dataset_s3_bucket_consumer
[2025-01-28T22:09:28.197+0000] {logging_mixin.py:190} INFO - [2025-01-28T22:09:28.197+0000] {override.py:1911} INFO - Created Permission View: can read on DAG Run:dataset_s3_bucket_consumer
[2025-01-28T22:09:28.216+0000] {logging_mixin.py:190} INFO - [2025-01-28T22:09:28.215+0000] {override.py:1911} INFO - Created Permission View: can delete on DAG:dataset_s3_bucket_producer
[2025-01-28T22:09:28.224+0000] {logging_mixin.py:190} INFO - [2025-01-28T22:09:28.224+0000] {override.py:1911} INFO - Created Permission View: can edit on DAG:dataset_s3_bucket_producer
[2025-01-28T22:09:28.233+0000] {logging_mixin.py:190} INFO - [2025-01-28T22:09:28.233+0000] {override.py:1911} INFO - Created Permission View: can read on DAG:dataset_s3_bucket_producer
[2025-01-28T22:09:28.246+0000] {logging_mixin.py:190} INFO - [2025-01-28T22:09:28.245+0000] {override.py:1911} INFO - Created Permission View: can create on DAG Run:dataset_s3_bucket_producer
[2025-01-28T22:09:28.257+0000] {logging_mixin.py:190} INFO - [2025-01-28T22:09:28.256+0000] {override.py:1911} INFO - Created Permission View: can delete on DAG Run:dataset_s3_bucket_producer
[2025-01-28T22:09:28.267+0000] {logging_mixin.py:190} INFO - [2025-01-28T22:09:28.267+0000] {override.py:1911} INFO - Created Permission View: menu access on DAG Run:dataset_s3_bucket_producer
[2025-01-28T22:09:28.278+0000] {logging_mixin.py:190} INFO - [2025-01-28T22:09:28.277+0000] {override.py:1911} INFO - Created Permission View: can read on DAG Run:dataset_s3_bucket_producer
[2025-01-28T22:09:28.296+0000] {logging_mixin.py:190} INFO - [2025-01-28T22:09:28.295+0000] {override.py:1911} INFO - Created Permission View: can delete on DAG:dataset_alias_example_alias_consumer
[2025-01-28T22:09:28.309+0000] {logging_mixin.py:190} INFO - [2025-01-28T22:09:28.309+0000] {override.py:1911} INFO - Created Permission View: can edit on DAG:dataset_alias_example_alias_consumer
[2025-01-28T22:09:28.320+0000] {logging_mixin.py:190} INFO - [2025-01-28T22:09:28.319+0000] {override.py:1911} INFO - Created Permission View: can read on DAG:dataset_alias_example_alias_consumer
[2025-01-28T22:09:28.333+0000] {logging_mixin.py:190} INFO - [2025-01-28T22:09:28.333+0000] {override.py:1911} INFO - Created Permission View: can create on DAG Run:dataset_alias_example_alias_consumer
[2025-01-28T22:09:28.342+0000] {logging_mixin.py:190} INFO - [2025-01-28T22:09:28.341+0000] {override.py:1911} INFO - Created Permission View: can delete on DAG Run:dataset_alias_example_alias_consumer
[2025-01-28T22:09:28.351+0000] {logging_mixin.py:190} INFO - [2025-01-28T22:09:28.351+0000] {override.py:1911} INFO - Created Permission View: menu access on DAG Run:dataset_alias_example_alias_consumer
[2025-01-28T22:09:28.361+0000] {logging_mixin.py:190} INFO - [2025-01-28T22:09:28.360+0000] {override.py:1911} INFO - Created Permission View: can read on DAG Run:dataset_alias_example_alias_consumer
[2025-01-28T22:09:28.362+0000] {logging_mixin.py:190} INFO - [2025-01-28T22:09:28.361+0000] {dag.py:3239} INFO - Sync 4 DAGs
[2025-01-28T22:09:28.375+0000] {logging_mixin.py:190} INFO - [2025-01-28T22:09:28.375+0000] {dag.py:3262} INFO - Creating ORM DAG for dataset_alias_example_alias_consumer
[2025-01-28T22:09:28.377+0000] {logging_mixin.py:190} INFO - [2025-01-28T22:09:28.376+0000] {dag.py:3262} INFO - Creating ORM DAG for dataset_s3_bucket_consumer
[2025-01-28T22:09:28.378+0000] {logging_mixin.py:190} INFO - [2025-01-28T22:09:28.378+0000] {dag.py:3262} INFO - Creating ORM DAG for dataset_alias_example_alias_producer
[2025-01-28T22:09:28.379+0000] {logging_mixin.py:190} INFO - [2025-01-28T22:09:28.379+0000] {dag.py:3262} INFO - Creating ORM DAG for dataset_s3_bucket_producer
[2025-01-28T22:09:28.389+0000] {logging_mixin.py:190} INFO - [2025-01-28T22:09:28.389+0000] {dag.py:4180} INFO - Setting next_dagrun for dataset_alias_example_alias_consumer to None, run_after=None
[2025-01-28T22:09:28.390+0000] {logging_mixin.py:190} INFO - [2025-01-28T22:09:28.390+0000] {dag.py:4180} INFO - Setting next_dagrun for dataset_alias_example_alias_producer to None, run_after=None
[2025-01-28T22:09:28.392+0000] {logging_mixin.py:190} INFO - [2025-01-28T22:09:28.391+0000] {dag.py:4180} INFO - Setting next_dagrun for dataset_s3_bucket_consumer to None, run_after=None
[2025-01-28T22:09:28.393+0000] {logging_mixin.py:190} INFO - [2025-01-28T22:09:28.393+0000] {dag.py:4180} INFO - Setting next_dagrun for dataset_s3_bucket_producer to None, run_after=None
[2025-01-28T22:09:28.429+0000] {processor.py:208} INFO - Processing /home/airflow/.local/lib/python3.12/site-packages/airflow/example_dags/example_dataset_alias.py took 1.134 seconds
[2025-01-28T22:09:58.509+0000] {processor.py:186} INFO - Started process (PID=176) to work on /home/airflow/.local/lib/python3.12/site-packages/airflow/example_dags/example_dataset_alias.py
[2025-01-28T22:09:58.511+0000] {processor.py:914} INFO - Processing file /home/airflow/.local/lib/python3.12/site-packages/airflow/example_dags/example_dataset_alias.py for tasks to queue
[2025-01-28T22:09:58.513+0000] {logging_mixin.py:190} INFO - [2025-01-28T22:09:58.513+0000] {dagbag.py:588} INFO - Filling up the DagBag from /home/airflow/.local/lib/python3.12/site-packages/airflow/example_dags/example_dataset_alias.py
[2025-01-28T22:09:59.183+0000] {processor.py:925} INFO - DAG(s) 'dataset_s3_bucket_producer', 'dataset_s3_bucket_consumer', 'dataset_alias_example_alias_consumer', 'dataset_alias_example_alias_producer' retrieved from /home/airflow/.local/lib/python3.12/site-packages/airflow/example_dags/example_dataset_alias.py
[2025-01-28T22:09:59.209+0000] {logging_mixin.py:190} INFO - [2025-01-28T22:09:59.207+0000] {dag.py:3239} INFO - Sync 4 DAGs
[2025-01-28T22:09:59.233+0000] {logging_mixin.py:190} INFO - [2025-01-28T22:09:59.232+0000] {dag.py:4180} INFO - Setting next_dagrun for dataset_alias_example_alias_consumer to None, run_after=None
[2025-01-28T22:09:59.236+0000] {logging_mixin.py:190} INFO - [2025-01-28T22:09:59.236+0000] {dag.py:4180} INFO - Setting next_dagrun for dataset_alias_example_alias_producer to None, run_after=None
[2025-01-28T22:09:59.238+0000] {logging_mixin.py:190} INFO - [2025-01-28T22:09:59.238+0000] {dag.py:4180} INFO - Setting next_dagrun for dataset_s3_bucket_consumer to None, run_after=None
[2025-01-28T22:09:59.240+0000] {logging_mixin.py:190} INFO - [2025-01-28T22:09:59.240+0000] {dag.py:4180} INFO - Setting next_dagrun for dataset_s3_bucket_producer to None, run_after=None
[2025-01-28T22:09:59.266+0000] {processor.py:208} INFO - Processing /home/airflow/.local/lib/python3.12/site-packages/airflow/example_dags/example_dataset_alias.py took 0.762 seconds
[2025-01-28T22:10:29.589+0000] {processor.py:186} INFO - Started process (PID=244) to work on /home/airflow/.local/lib/python3.12/site-packages/airflow/example_dags/example_dataset_alias.py
[2025-01-28T22:10:29.590+0000] {processor.py:914} INFO - Processing file /home/airflow/.local/lib/python3.12/site-packages/airflow/example_dags/example_dataset_alias.py for tasks to queue
[2025-01-28T22:10:29.593+0000] {logging_mixin.py:190} INFO - [2025-01-28T22:10:29.593+0000] {dagbag.py:588} INFO - Filling up the DagBag from /home/airflow/.local/lib/python3.12/site-packages/airflow/example_dags/example_dataset_alias.py
[2025-01-28T22:10:30.214+0000] {processor.py:925} INFO - DAG(s) 'dataset_alias_example_alias_producer', 'dataset_alias_example_alias_consumer', 'dataset_s3_bucket_producer', 'dataset_s3_bucket_consumer' retrieved from /home/airflow/.local/lib/python3.12/site-packages/airflow/example_dags/example_dataset_alias.py
[2025-01-28T22:10:30.239+0000] {logging_mixin.py:190} INFO - [2025-01-28T22:10:30.239+0000] {dag.py:3239} INFO - Sync 4 DAGs
[2025-01-28T22:10:30.264+0000] {logging_mixin.py:190} INFO - [2025-01-28T22:10:30.264+0000] {dag.py:4180} INFO - Setting next_dagrun for dataset_alias_example_alias_consumer to None, run_after=None
[2025-01-28T22:10:30.267+0000] {logging_mixin.py:190} INFO - [2025-01-28T22:10:30.267+0000] {dag.py:4180} INFO - Setting next_dagrun for dataset_alias_example_alias_producer to None, run_after=None
[2025-01-28T22:10:30.270+0000] {logging_mixin.py:190} INFO - [2025-01-28T22:10:30.269+0000] {dag.py:4180} INFO - Setting next_dagrun for dataset_s3_bucket_consumer to None, run_after=None
[2025-01-28T22:10:30.272+0000] {logging_mixin.py:190} INFO - [2025-01-28T22:10:30.272+0000] {dag.py:4180} INFO - Setting next_dagrun for dataset_s3_bucket_producer to None, run_after=None
[2025-01-28T22:10:30.298+0000] {processor.py:208} INFO - Processing /home/airflow/.local/lib/python3.12/site-packages/airflow/example_dags/example_dataset_alias.py took 0.716 seconds
[2025-01-28T22:11:00.899+0000] {processor.py:186} INFO - Started process (PID=307) to work on /home/airflow/.local/lib/python3.12/site-packages/airflow/example_dags/example_dataset_alias.py
[2025-01-28T22:11:00.901+0000] {processor.py:914} INFO - Processing file /home/airflow/.local/lib/python3.12/site-packages/airflow/example_dags/example_dataset_alias.py for tasks to queue
[2025-01-28T22:11:00.903+0000] {logging_mixin.py:190} INFO - [2025-01-28T22:11:00.903+0000] {dagbag.py:588} INFO - Filling up the DagBag from /home/airflow/.local/lib/python3.12/site-packages/airflow/example_dags/example_dataset_alias.py
[2025-01-28T22:11:01.548+0000] {processor.py:925} INFO - DAG(s) 'dataset_alias_example_alias_consumer', 'dataset_s3_bucket_producer', 'dataset_alias_example_alias_producer', 'dataset_s3_bucket_consumer' retrieved from /home/airflow/.local/lib/python3.12/site-packages/airflow/example_dags/example_dataset_alias.py
[2025-01-28T22:11:01.574+0000] {logging_mixin.py:190} INFO - [2025-01-28T22:11:01.574+0000] {dag.py:3239} INFO - Sync 4 DAGs
[2025-01-28T22:11:01.601+0000] {logging_mixin.py:190} INFO - [2025-01-28T22:11:01.601+0000] {dag.py:4180} INFO - Setting next_dagrun for dataset_alias_example_alias_consumer to None, run_after=None
[2025-01-28T22:11:01.604+0000] {logging_mixin.py:190} INFO - [2025-01-28T22:11:01.604+0000] {dag.py:4180} INFO - Setting next_dagrun for dataset_alias_example_alias_producer to None, run_after=None
[2025-01-28T22:11:01.606+0000] {logging_mixin.py:190} INFO - [2025-01-28T22:11:01.606+0000] {dag.py:4180} INFO - Setting next_dagrun for dataset_s3_bucket_consumer to None, run_after=None
[2025-01-28T22:11:01.608+0000] {logging_mixin.py:190} INFO - [2025-01-28T22:11:01.608+0000] {dag.py:4180} INFO - Setting next_dagrun for dataset_s3_bucket_producer to None, run_after=None
[2025-01-28T22:11:01.633+0000] {processor.py:208} INFO - Processing /home/airflow/.local/lib/python3.12/site-packages/airflow/example_dags/example_dataset_alias.py took 0.740 seconds
[2025-01-28T22:11:32.092+0000] {processor.py:186} INFO - Started process (PID=372) to work on /home/airflow/.local/lib/python3.12/site-packages/airflow/example_dags/example_dataset_alias.py
[2025-01-28T22:11:32.094+0000] {processor.py:914} INFO - Processing file /home/airflow/.local/lib/python3.12/site-packages/airflow/example_dags/example_dataset_alias.py for tasks to queue
[2025-01-28T22:11:32.097+0000] {logging_mixin.py:190} INFO - [2025-01-28T22:11:32.096+0000] {dagbag.py:588} INFO - Filling up the DagBag from /home/airflow/.local/lib/python3.12/site-packages/airflow/example_dags/example_dataset_alias.py
[2025-01-28T22:11:32.761+0000] {processor.py:925} INFO - DAG(s) 'dataset_s3_bucket_producer', 'dataset_s3_bucket_consumer', 'dataset_alias_example_alias_producer', 'dataset_alias_example_alias_consumer' retrieved from /home/airflow/.local/lib/python3.12/site-packages/airflow/example_dags/example_dataset_alias.py
[2025-01-28T22:11:32.795+0000] {logging_mixin.py:190} INFO - [2025-01-28T22:11:32.794+0000] {dag.py:3239} INFO - Sync 4 DAGs
[2025-01-28T22:11:32.820+0000] {logging_mixin.py:190} INFO - [2025-01-28T22:11:32.820+0000] {dag.py:4180} INFO - Setting next_dagrun for dataset_alias_example_alias_consumer to None, run_after=None
[2025-01-28T22:11:32.823+0000] {logging_mixin.py:190} INFO - [2025-01-28T22:11:32.823+0000] {dag.py:4180} INFO - Setting next_dagrun for dataset_alias_example_alias_producer to None, run_after=None
[2025-01-28T22:11:32.825+0000] {logging_mixin.py:190} INFO - [2025-01-28T22:11:32.825+0000] {dag.py:4180} INFO - Setting next_dagrun for dataset_s3_bucket_consumer to None, run_after=None
[2025-01-28T22:11:32.827+0000] {logging_mixin.py:190} INFO - [2025-01-28T22:11:32.827+0000] {dag.py:4180} INFO - Setting next_dagrun for dataset_s3_bucket_producer to None, run_after=None
[2025-01-28T22:11:32.855+0000] {processor.py:208} INFO - Processing /home/airflow/.local/lib/python3.12/site-packages/airflow/example_dags/example_dataset_alias.py took 0.769 seconds
[2025-01-28T22:12:03.155+0000] {processor.py:186} INFO - Started process (PID=431) to work on /home/airflow/.local/lib/python3.12/site-packages/airflow/example_dags/example_dataset_alias.py
[2025-01-28T22:12:03.156+0000] {processor.py:914} INFO - Processing file /home/airflow/.local/lib/python3.12/site-packages/airflow/example_dags/example_dataset_alias.py for tasks to queue
[2025-01-28T22:12:03.160+0000] {logging_mixin.py:190} INFO - [2025-01-28T22:12:03.159+0000] {dagbag.py:588} INFO - Filling up the DagBag from /home/airflow/.local/lib/python3.12/site-packages/airflow/example_dags/example_dataset_alias.py
[2025-01-28T22:12:03.849+0000] {processor.py:925} INFO - DAG(s) 'dataset_s3_bucket_producer', 'dataset_alias_example_alias_producer', 'dataset_alias_example_alias_consumer', 'dataset_s3_bucket_consumer' retrieved from /home/airflow/.local/lib/python3.12/site-packages/airflow/example_dags/example_dataset_alias.py
[2025-01-28T22:12:03.875+0000] {logging_mixin.py:190} INFO - [2025-01-28T22:12:03.875+0000] {dag.py:3239} INFO - Sync 4 DAGs
[2025-01-28T22:12:03.903+0000] {logging_mixin.py:190} INFO - [2025-01-28T22:12:03.903+0000] {dag.py:4180} INFO - Setting next_dagrun for dataset_alias_example_alias_consumer to None, run_after=None
[2025-01-28T22:12:03.906+0000] {logging_mixin.py:190} INFO - [2025-01-28T22:12:03.906+0000] {dag.py:4180} INFO - Setting next_dagrun for dataset_alias_example_alias_producer to None, run_after=None
[2025-01-28T22:12:03.908+0000] {logging_mixin.py:190} INFO - [2025-01-28T22:12:03.908+0000] {dag.py:4180} INFO - Setting next_dagrun for dataset_s3_bucket_consumer to None, run_after=None
[2025-01-28T22:12:03.910+0000] {logging_mixin.py:190} INFO - [2025-01-28T22:12:03.910+0000] {dag.py:4180} INFO - Setting next_dagrun for dataset_s3_bucket_producer to None, run_after=None
[2025-01-28T22:12:03.936+0000] {processor.py:208} INFO - Processing /home/airflow/.local/lib/python3.12/site-packages/airflow/example_dags/example_dataset_alias.py took 0.788 seconds
[2025-01-28T22:12:34.126+0000] {processor.py:186} INFO - Started process (PID=494) to work on /home/airflow/.local/lib/python3.12/site-packages/airflow/example_dags/example_dataset_alias.py
[2025-01-28T22:12:34.127+0000] {processor.py:914} INFO - Processing file /home/airflow/.local/lib/python3.12/site-packages/airflow/example_dags/example_dataset_alias.py for tasks to queue
[2025-01-28T22:12:34.130+0000] {logging_mixin.py:190} INFO - [2025-01-28T22:12:34.130+0000] {dagbag.py:588} INFO - Filling up the DagBag from /home/airflow/.local/lib/python3.12/site-packages/airflow/example_dags/example_dataset_alias.py
[2025-01-28T22:12:34.783+0000] {processor.py:925} INFO - DAG(s) 'dataset_s3_bucket_consumer', 'dataset_alias_example_alias_consumer', 'dataset_alias_example_alias_producer', 'dataset_s3_bucket_producer' retrieved from /home/airflow/.local/lib/python3.12/site-packages/airflow/example_dags/example_dataset_alias.py
[2025-01-28T22:12:34.808+0000] {logging_mixin.py:190} INFO - [2025-01-28T22:12:34.807+0000] {dag.py:3239} INFO - Sync 4 DAGs
[2025-01-28T22:12:34.832+0000] {logging_mixin.py:190} INFO - [2025-01-28T22:12:34.832+0000] {dag.py:4180} INFO - Setting next_dagrun for dataset_alias_example_alias_consumer to None, run_after=None
[2025-01-28T22:12:34.835+0000] {logging_mixin.py:190} INFO - [2025-01-28T22:12:34.835+0000] {dag.py:4180} INFO - Setting next_dagrun for dataset_alias_example_alias_producer to None, run_after=None
[2025-01-28T22:12:34.838+0000] {logging_mixin.py:190} INFO - [2025-01-28T22:12:34.837+0000] {dag.py:4180} INFO - Setting next_dagrun for dataset_s3_bucket_consumer to None, run_after=None
[2025-01-28T22:12:34.840+0000] {logging_mixin.py:190} INFO - [2025-01-28T22:12:34.840+0000] {dag.py:4180} INFO - Setting next_dagrun for dataset_s3_bucket_producer to None, run_after=None
[2025-01-28T22:12:34.872+0000] {processor.py:208} INFO - Processing /home/airflow/.local/lib/python3.12/site-packages/airflow/example_dags/example_dataset_alias.py took 0.752 seconds
[2025-01-28T22:13:05.719+0000] {processor.py:186} INFO - Started process (PID=559) to work on /home/airflow/.local/lib/python3.12/site-packages/airflow/example_dags/example_dataset_alias.py
[2025-01-28T22:13:05.720+0000] {processor.py:914} INFO - Processing file /home/airflow/.local/lib/python3.12/site-packages/airflow/example_dags/example_dataset_alias.py for tasks to queue
[2025-01-28T22:13:05.723+0000] {logging_mixin.py:190} INFO - [2025-01-28T22:13:05.722+0000] {dagbag.py:588} INFO - Filling up the DagBag from /home/airflow/.local/lib/python3.12/site-packages/airflow/example_dags/example_dataset_alias.py
[2025-01-28T22:13:06.370+0000] {processor.py:925} INFO - DAG(s) 'dataset_s3_bucket_producer', 'dataset_alias_example_alias_producer', 'dataset_alias_example_alias_consumer', 'dataset_s3_bucket_consumer' retrieved from /home/airflow/.local/lib/python3.12/site-packages/airflow/example_dags/example_dataset_alias.py
[2025-01-28T22:13:06.394+0000] {logging_mixin.py:190} INFO - [2025-01-28T22:13:06.394+0000] {dag.py:3239} INFO - Sync 4 DAGs
[2025-01-28T22:13:06.422+0000] {logging_mixin.py:190} INFO - [2025-01-28T22:13:06.422+0000] {dag.py:4180} INFO - Setting next_dagrun for dataset_alias_example_alias_consumer to None, run_after=None
[2025-01-28T22:13:06.426+0000] {logging_mixin.py:190} INFO - [2025-01-28T22:13:06.426+0000] {dag.py:4180} INFO - Setting next_dagrun for dataset_alias_example_alias_producer to None, run_after=None
[2025-01-28T22:13:06.429+0000] {logging_mixin.py:190} INFO - [2025-01-28T22:13:06.428+0000] {dag.py:4180} INFO - Setting next_dagrun for dataset_s3_bucket_consumer to None, run_after=None
[2025-01-28T22:13:06.430+0000] {logging_mixin.py:190} INFO - [2025-01-28T22:13:06.430+0000] {dag.py:4180} INFO - Setting next_dagrun for dataset_s3_bucket_producer to None, run_after=None
[2025-01-28T22:13:06.465+0000] {processor.py:208} INFO - Processing /home/airflow/.local/lib/python3.12/site-packages/airflow/example_dags/example_dataset_alias.py took 0.753 seconds
[2025-01-28T22:13:37.031+0000] {processor.py:186} INFO - Started process (PID=617) to work on /home/airflow/.local/lib/python3.12/site-packages/airflow/example_dags/example_dataset_alias.py
[2025-01-28T22:13:37.032+0000] {processor.py:914} INFO - Processing file /home/airflow/.local/lib/python3.12/site-packages/airflow/example_dags/example_dataset_alias.py for tasks to queue
[2025-01-28T22:13:37.035+0000] {logging_mixin.py:190} INFO - [2025-01-28T22:13:37.034+0000] {dagbag.py:588} INFO - Filling up the DagBag from /home/airflow/.local/lib/python3.12/site-packages/airflow/example_dags/example_dataset_alias.py
[2025-01-28T22:13:37.728+0000] {processor.py:925} INFO - DAG(s) 'dataset_s3_bucket_producer', 'dataset_s3_bucket_consumer', 'dataset_alias_example_alias_consumer', 'dataset_alias_example_alias_producer' retrieved from /home/airflow/.local/lib/python3.12/site-packages/airflow/example_dags/example_dataset_alias.py
[2025-01-28T22:13:37.752+0000] {logging_mixin.py:190} INFO - [2025-01-28T22:13:37.752+0000] {dag.py:3239} INFO - Sync 4 DAGs
[2025-01-28T22:13:37.779+0000] {logging_mixin.py:190} INFO - [2025-01-28T22:13:37.779+0000] {dag.py:4180} INFO - Setting next_dagrun for dataset_alias_example_alias_consumer to None, run_after=None
[2025-01-28T22:13:37.782+0000] {logging_mixin.py:190} INFO - [2025-01-28T22:13:37.782+0000] {dag.py:4180} INFO - Setting next_dagrun for dataset_alias_example_alias_producer to None, run_after=None
[2025-01-28T22:13:37.784+0000] {logging_mixin.py:190} INFO - [2025-01-28T22:13:37.784+0000] {dag.py:4180} INFO - Setting next_dagrun for dataset_s3_bucket_consumer to None, run_after=None
[2025-01-28T22:13:37.786+0000] {logging_mixin.py:190} INFO - [2025-01-28T22:13:37.786+0000] {dag.py:4180} INFO - Setting next_dagrun for dataset_s3_bucket_producer to None, run_after=None
[2025-01-28T22:13:37.823+0000] {processor.py:208} INFO - Processing /home/airflow/.local/lib/python3.12/site-packages/airflow/example_dags/example_dataset_alias.py took 0.799 seconds
[2025-01-28T22:14:08.337+0000] {processor.py:186} INFO - Started process (PID=682) to work on /home/airflow/.local/lib/python3.12/site-packages/airflow/example_dags/example_dataset_alias.py
[2025-01-28T22:14:08.338+0000] {processor.py:914} INFO - Processing file /home/airflow/.local/lib/python3.12/site-packages/airflow/example_dags/example_dataset_alias.py for tasks to queue
[2025-01-28T22:14:08.341+0000] {logging_mixin.py:190} INFO - [2025-01-28T22:14:08.341+0000] {dagbag.py:588} INFO - Filling up the DagBag from /home/airflow/.local/lib/python3.12/site-packages/airflow/example_dags/example_dataset_alias.py
[2025-01-28T22:14:09.001+0000] {processor.py:925} INFO - DAG(s) 'dataset_s3_bucket_consumer', 'dataset_alias_example_alias_consumer', 'dataset_alias_example_alias_producer', 'dataset_s3_bucket_producer' retrieved from /home/airflow/.local/lib/python3.12/site-packages/airflow/example_dags/example_dataset_alias.py
[2025-01-28T22:14:09.025+0000] {logging_mixin.py:190} INFO - [2025-01-28T22:14:09.024+0000] {dag.py:3239} INFO - Sync 4 DAGs
[2025-01-28T22:14:09.049+0000] {logging_mixin.py:190} INFO - [2025-01-28T22:14:09.049+0000] {dag.py:4180} INFO - Setting next_dagrun for dataset_alias_example_alias_consumer to None, run_after=None
[2025-01-28T22:14:09.053+0000] {logging_mixin.py:190} INFO - [2025-01-28T22:14:09.053+0000] {dag.py:4180} INFO - Setting next_dagrun for dataset_alias_example_alias_producer to None, run_after=None
[2025-01-28T22:14:09.055+0000] {logging_mixin.py:190} INFO - [2025-01-28T22:14:09.055+0000] {dag.py:4180} INFO - Setting next_dagrun for dataset_s3_bucket_consumer to None, run_after=None
[2025-01-28T22:14:09.057+0000] {logging_mixin.py:190} INFO - [2025-01-28T22:14:09.057+0000] {dag.py:4180} INFO - Setting next_dagrun for dataset_s3_bucket_producer to None, run_after=None
[2025-01-28T22:14:09.084+0000] {processor.py:208} INFO - Processing /home/airflow/.local/lib/python3.12/site-packages/airflow/example_dags/example_dataset_alias.py took 0.754 seconds
[2025-01-28T22:14:39.207+0000] {processor.py:186} INFO - Started process (PID=750) to work on /home/airflow/.local/lib/python3.12/site-packages/airflow/example_dags/example_dataset_alias.py
[2025-01-28T22:14:39.209+0000] {processor.py:914} INFO - Processing file /home/airflow/.local/lib/python3.12/site-packages/airflow/example_dags/example_dataset_alias.py for tasks to queue
[2025-01-28T22:14:39.211+0000] {logging_mixin.py:190} INFO - [2025-01-28T22:14:39.211+0000] {dagbag.py:588} INFO - Filling up the DagBag from /home/airflow/.local/lib/python3.12/site-packages/airflow/example_dags/example_dataset_alias.py
[2025-01-28T22:14:39.857+0000] {processor.py:925} INFO - DAG(s) 'dataset_alias_example_alias_producer', 'dataset_s3_bucket_consumer', 'dataset_s3_bucket_producer', 'dataset_alias_example_alias_consumer' retrieved from /home/airflow/.local/lib/python3.12/site-packages/airflow/example_dags/example_dataset_alias.py
[2025-01-28T22:14:39.883+0000] {logging_mixin.py:190} INFO - [2025-01-28T22:14:39.882+0000] {dag.py:3239} INFO - Sync 4 DAGs
[2025-01-28T22:14:39.908+0000] {logging_mixin.py:190} INFO - [2025-01-28T22:14:39.907+0000] {dag.py:4180} INFO - Setting next_dagrun for dataset_alias_example_alias_consumer to None, run_after=None
[2025-01-28T22:14:39.911+0000] {logging_mixin.py:190} INFO - [2025-01-28T22:14:39.911+0000] {dag.py:4180} INFO - Setting next_dagrun for dataset_alias_example_alias_producer to None, run_after=None
[2025-01-28T22:14:39.915+0000] {logging_mixin.py:190} INFO - [2025-01-28T22:14:39.914+0000] {dag.py:4180} INFO - Setting next_dagrun for dataset_s3_bucket_consumer to None, run_after=None
[2025-01-28T22:14:39.917+0000] {logging_mixin.py:190} INFO - [2025-01-28T22:14:39.916+0000] {dag.py:4180} INFO - Setting next_dagrun for dataset_s3_bucket_producer to None, run_after=None
[2025-01-28T22:14:39.947+0000] {processor.py:208} INFO - Processing /home/airflow/.local/lib/python3.12/site-packages/airflow/example_dags/example_dataset_alias.py took 0.746 seconds
[2025-01-28T22:15:10.428+0000] {processor.py:186} INFO - Started process (PID=807) to work on /home/airflow/.local/lib/python3.12/site-packages/airflow/example_dags/example_dataset_alias.py
[2025-01-28T22:15:10.430+0000] {processor.py:914} INFO - Processing file /home/airflow/.local/lib/python3.12/site-packages/airflow/example_dags/example_dataset_alias.py for tasks to queue
[2025-01-28T22:15:10.433+0000] {logging_mixin.py:190} INFO - [2025-01-28T22:15:10.432+0000] {dagbag.py:588} INFO - Filling up the DagBag from /home/airflow/.local/lib/python3.12/site-packages/airflow/example_dags/example_dataset_alias.py
[2025-01-28T22:15:11.079+0000] {processor.py:925} INFO - DAG(s) 'dataset_alias_example_alias_consumer', 'dataset_s3_bucket_producer', 'dataset_alias_example_alias_producer', 'dataset_s3_bucket_consumer' retrieved from /home/airflow/.local/lib/python3.12/site-packages/airflow/example_dags/example_dataset_alias.py
[2025-01-28T22:15:11.103+0000] {logging_mixin.py:190} INFO - [2025-01-28T22:15:11.102+0000] {dag.py:3239} INFO - Sync 4 DAGs
[2025-01-28T22:15:11.127+0000] {logging_mixin.py:190} INFO - [2025-01-28T22:15:11.127+0000] {dag.py:4180} INFO - Setting next_dagrun for dataset_alias_example_alias_consumer to None, run_after=None
[2025-01-28T22:15:11.131+0000] {logging_mixin.py:190} INFO - [2025-01-28T22:15:11.131+0000] {dag.py:4180} INFO - Setting next_dagrun for dataset_alias_example_alias_producer to None, run_after=None
[2025-01-28T22:15:11.133+0000] {logging_mixin.py:190} INFO - [2025-01-28T22:15:11.133+0000] {dag.py:4180} INFO - Setting next_dagrun for dataset_s3_bucket_consumer to None, run_after=None
[2025-01-28T22:15:11.135+0000] {logging_mixin.py:190} INFO - [2025-01-28T22:15:11.135+0000] {dag.py:4180} INFO - Setting next_dagrun for dataset_s3_bucket_producer to None, run_after=None
[2025-01-28T22:15:11.161+0000] {processor.py:208} INFO - Processing /home/airflow/.local/lib/python3.12/site-packages/airflow/example_dags/example_dataset_alias.py took 0.739 seconds
[2025-01-28T22:15:41.959+0000] {processor.py:186} INFO - Started process (PID=869) to work on /home/airflow/.local/lib/python3.12/site-packages/airflow/example_dags/example_dataset_alias.py
[2025-01-28T22:15:41.960+0000] {processor.py:914} INFO - Processing file /home/airflow/.local/lib/python3.12/site-packages/airflow/example_dags/example_dataset_alias.py for tasks to queue
[2025-01-28T22:15:41.963+0000] {logging_mixin.py:190} INFO - [2025-01-28T22:15:41.963+0000] {dagbag.py:588} INFO - Filling up the DagBag from /home/airflow/.local/lib/python3.12/site-packages/airflow/example_dags/example_dataset_alias.py
[2025-01-28T22:15:42.601+0000] {processor.py:925} INFO - DAG(s) 'dataset_alias_example_alias_consumer', 'dataset_s3_bucket_consumer', 'dataset_alias_example_alias_producer', 'dataset_s3_bucket_producer' retrieved from /home/airflow/.local/lib/python3.12/site-packages/airflow/example_dags/example_dataset_alias.py
[2025-01-28T22:15:42.628+0000] {logging_mixin.py:190} INFO - [2025-01-28T22:15:42.627+0000] {dag.py:3239} INFO - Sync 4 DAGs
[2025-01-28T22:15:42.652+0000] {logging_mixin.py:190} INFO - [2025-01-28T22:15:42.652+0000] {dag.py:4180} INFO - Setting next_dagrun for dataset_alias_example_alias_consumer to None, run_after=None
[2025-01-28T22:15:42.656+0000] {logging_mixin.py:190} INFO - [2025-01-28T22:15:42.656+0000] {dag.py:4180} INFO - Setting next_dagrun for dataset_alias_example_alias_producer to None, run_after=None
[2025-01-28T22:15:42.658+0000] {logging_mixin.py:190} INFO - [2025-01-28T22:15:42.658+0000] {dag.py:4180} INFO - Setting next_dagrun for dataset_s3_bucket_consumer to None, run_after=None
[2025-01-28T22:15:42.660+0000] {logging_mixin.py:190} INFO - [2025-01-28T22:15:42.660+0000] {dag.py:4180} INFO - Setting next_dagrun for dataset_s3_bucket_producer to None, run_after=None
[2025-01-28T22:15:42.688+0000] {processor.py:208} INFO - Processing /home/airflow/.local/lib/python3.12/site-packages/airflow/example_dags/example_dataset_alias.py took 0.735 seconds
[2025-01-28T22:16:13.282+0000] {processor.py:186} INFO - Started process (PID=933) to work on /home/airflow/.local/lib/python3.12/site-packages/airflow/example_dags/example_dataset_alias.py
[2025-01-28T22:16:13.283+0000] {processor.py:914} INFO - Processing file /home/airflow/.local/lib/python3.12/site-packages/airflow/example_dags/example_dataset_alias.py for tasks to queue
[2025-01-28T22:16:13.286+0000] {logging_mixin.py:190} INFO - [2025-01-28T22:16:13.285+0000] {dagbag.py:588} INFO - Filling up the DagBag from /home/airflow/.local/lib/python3.12/site-packages/airflow/example_dags/example_dataset_alias.py
[2025-01-28T22:16:13.926+0000] {processor.py:925} INFO - DAG(s) 'dataset_s3_bucket_producer', 'dataset_alias_example_alias_consumer', 'dataset_s3_bucket_consumer', 'dataset_alias_example_alias_producer' retrieved from /home/airflow/.local/lib/python3.12/site-packages/airflow/example_dags/example_dataset_alias.py
[2025-01-28T22:16:13.952+0000] {logging_mixin.py:190} INFO - [2025-01-28T22:16:13.951+0000] {dag.py:3239} INFO - Sync 4 DAGs
[2025-01-28T22:16:13.975+0000] {logging_mixin.py:190} INFO - [2025-01-28T22:16:13.975+0000] {dag.py:4180} INFO - Setting next_dagrun for dataset_alias_example_alias_consumer to None, run_after=None
[2025-01-28T22:16:13.979+0000] {logging_mixin.py:190} INFO - [2025-01-28T22:16:13.979+0000] {dag.py:4180} INFO - Setting next_dagrun for dataset_alias_example_alias_producer to None, run_after=None
[2025-01-28T22:16:13.981+0000] {logging_mixin.py:190} INFO - [2025-01-28T22:16:13.981+0000] {dag.py:4180} INFO - Setting next_dagrun for dataset_s3_bucket_consumer to None, run_after=None
[2025-01-28T22:16:13.983+0000] {logging_mixin.py:190} INFO - [2025-01-28T22:16:13.983+0000] {dag.py:4180} INFO - Setting next_dagrun for dataset_s3_bucket_producer to None, run_after=None
[2025-01-28T22:16:14.035+0000] {processor.py:208} INFO - Processing /home/airflow/.local/lib/python3.12/site-packages/airflow/example_dags/example_dataset_alias.py took 0.759 seconds
[2025-01-28T22:16:45.073+0000] {processor.py:186} INFO - Started process (PID=996) to work on /home/airflow/.local/lib/python3.12/site-packages/airflow/example_dags/example_dataset_alias.py
[2025-01-28T22:16:45.075+0000] {processor.py:914} INFO - Processing file /home/airflow/.local/lib/python3.12/site-packages/airflow/example_dags/example_dataset_alias.py for tasks to queue
[2025-01-28T22:16:45.077+0000] {logging_mixin.py:190} INFO - [2025-01-28T22:16:45.077+0000] {dagbag.py:588} INFO - Filling up the DagBag from /home/airflow/.local/lib/python3.12/site-packages/airflow/example_dags/example_dataset_alias.py
[2025-01-28T22:16:45.721+0000] {processor.py:925} INFO - DAG(s) 'dataset_s3_bucket_producer', 'dataset_alias_example_alias_consumer', 'dataset_alias_example_alias_producer', 'dataset_s3_bucket_consumer' retrieved from /home/airflow/.local/lib/python3.12/site-packages/airflow/example_dags/example_dataset_alias.py
[2025-01-28T22:16:45.749+0000] {logging_mixin.py:190} INFO - [2025-01-28T22:16:45.748+0000] {dag.py:3239} INFO - Sync 4 DAGs
[2025-01-28T22:16:45.773+0000] {logging_mixin.py:190} INFO - [2025-01-28T22:16:45.773+0000] {dag.py:4180} INFO - Setting next_dagrun for dataset_alias_example_alias_consumer to None, run_after=None
[2025-01-28T22:16:45.777+0000] {logging_mixin.py:190} INFO - [2025-01-28T22:16:45.777+0000] {dag.py:4180} INFO - Setting next_dagrun for dataset_alias_example_alias_producer to None, run_after=None
[2025-01-28T22:16:45.779+0000] {logging_mixin.py:190} INFO - [2025-01-28T22:16:45.779+0000] {dag.py:4180} INFO - Setting next_dagrun for dataset_s3_bucket_consumer to None, run_after=None
[2025-01-28T22:16:45.781+0000] {logging_mixin.py:190} INFO - [2025-01-28T22:16:45.781+0000] {dag.py:4180} INFO - Setting next_dagrun for dataset_s3_bucket_producer to None, run_after=None
[2025-01-28T22:16:45.825+0000] {processor.py:208} INFO - Processing /home/airflow/.local/lib/python3.12/site-packages/airflow/example_dags/example_dataset_alias.py took 0.758 seconds
[2025-01-28T22:17:16.462+0000] {processor.py:186} INFO - Started process (PID=1059) to work on /home/airflow/.local/lib/python3.12/site-packages/airflow/example_dags/example_dataset_alias.py
[2025-01-28T22:17:16.463+0000] {processor.py:914} INFO - Processing file /home/airflow/.local/lib/python3.12/site-packages/airflow/example_dags/example_dataset_alias.py for tasks to queue
[2025-01-28T22:17:16.466+0000] {logging_mixin.py:190} INFO - [2025-01-28T22:17:16.466+0000] {dagbag.py:588} INFO - Filling up the DagBag from /home/airflow/.local/lib/python3.12/site-packages/airflow/example_dags/example_dataset_alias.py
[2025-01-28T22:17:17.060+0000] {processor.py:925} INFO - DAG(s) 'dataset_alias_example_alias_consumer', 'dataset_s3_bucket_producer', 'dataset_alias_example_alias_producer', 'dataset_s3_bucket_consumer' retrieved from /home/airflow/.local/lib/python3.12/site-packages/airflow/example_dags/example_dataset_alias.py
[2025-01-28T22:17:17.086+0000] {logging_mixin.py:190} INFO - [2025-01-28T22:17:17.086+0000] {dag.py:3239} INFO - Sync 4 DAGs
[2025-01-28T22:17:17.109+0000] {logging_mixin.py:190} INFO - [2025-01-28T22:17:17.109+0000] {dag.py:4180} INFO - Setting next_dagrun for dataset_alias_example_alias_consumer to None, run_after=None
[2025-01-28T22:17:17.112+0000] {logging_mixin.py:190} INFO - [2025-01-28T22:17:17.112+0000] {dag.py:4180} INFO - Setting next_dagrun for dataset_alias_example_alias_producer to None, run_after=None
[2025-01-28T22:17:17.114+0000] {logging_mixin.py:190} INFO - [2025-01-28T22:17:17.113+0000] {dag.py:4180} INFO - Setting next_dagrun for dataset_s3_bucket_consumer to None, run_after=None
[2025-01-28T22:17:17.115+0000] {logging_mixin.py:190} INFO - [2025-01-28T22:17:17.115+0000] {dag.py:4180} INFO - Setting next_dagrun for dataset_s3_bucket_producer to None, run_after=None
[2025-01-28T22:17:17.139+0000] {processor.py:208} INFO - Processing /home/airflow/.local/lib/python3.12/site-packages/airflow/example_dags/example_dataset_alias.py took 0.683 seconds
[2025-01-28T22:17:47.870+0000] {processor.py:186} INFO - Started process (PID=1122) to work on /home/airflow/.local/lib/python3.12/site-packages/airflow/example_dags/example_dataset_alias.py
[2025-01-28T22:17:47.871+0000] {processor.py:914} INFO - Processing file /home/airflow/.local/lib/python3.12/site-packages/airflow/example_dags/example_dataset_alias.py for tasks to queue
[2025-01-28T22:17:47.874+0000] {logging_mixin.py:190} INFO - [2025-01-28T22:17:47.873+0000] {dagbag.py:588} INFO - Filling up the DagBag from /home/airflow/.local/lib/python3.12/site-packages/airflow/example_dags/example_dataset_alias.py
[2025-01-28T22:17:48.555+0000] {processor.py:925} INFO - DAG(s) 'dataset_s3_bucket_producer', 'dataset_alias_example_alias_consumer', 'dataset_alias_example_alias_producer', 'dataset_s3_bucket_consumer' retrieved from /home/airflow/.local/lib/python3.12/site-packages/airflow/example_dags/example_dataset_alias.py
[2025-01-28T22:17:48.580+0000] {logging_mixin.py:190} INFO - [2025-01-28T22:17:48.580+0000] {dag.py:3239} INFO - Sync 4 DAGs
[2025-01-28T22:17:48.609+0000] {logging_mixin.py:190} INFO - [2025-01-28T22:17:48.609+0000] {dag.py:4180} INFO - Setting next_dagrun for dataset_alias_example_alias_consumer to None, run_after=None
[2025-01-28T22:17:48.614+0000] {logging_mixin.py:190} INFO - [2025-01-28T22:17:48.614+0000] {dag.py:4180} INFO - Setting next_dagrun for dataset_alias_example_alias_producer to None, run_after=None
[2025-01-28T22:17:48.617+0000] {logging_mixin.py:190} INFO - [2025-01-28T22:17:48.616+0000] {dag.py:4180} INFO - Setting next_dagrun for dataset_s3_bucket_consumer to None, run_after=None
[2025-01-28T22:17:48.618+0000] {logging_mixin.py:190} INFO - [2025-01-28T22:17:48.618+0000] {dag.py:4180} INFO - Setting next_dagrun for dataset_s3_bucket_producer to None, run_after=None
[2025-01-28T22:17:48.643+0000] {processor.py:208} INFO - Processing /home/airflow/.local/lib/python3.12/site-packages/airflow/example_dags/example_dataset_alias.py took 0.780 seconds
[2025-01-28T22:18:19.642+0000] {processor.py:186} INFO - Started process (PID=1185) to work on /home/airflow/.local/lib/python3.12/site-packages/airflow/example_dags/example_dataset_alias.py
[2025-01-28T22:18:19.643+0000] {processor.py:914} INFO - Processing file /home/airflow/.local/lib/python3.12/site-packages/airflow/example_dags/example_dataset_alias.py for tasks to queue
[2025-01-28T22:18:19.646+0000] {logging_mixin.py:190} INFO - [2025-01-28T22:18:19.646+0000] {dagbag.py:588} INFO - Filling up the DagBag from /home/airflow/.local/lib/python3.12/site-packages/airflow/example_dags/example_dataset_alias.py
[2025-01-28T22:18:20.334+0000] {processor.py:925} INFO - DAG(s) 'dataset_s3_bucket_consumer', 'dataset_alias_example_alias_producer', 'dataset_s3_bucket_producer', 'dataset_alias_example_alias_consumer' retrieved from /home/airflow/.local/lib/python3.12/site-packages/airflow/example_dags/example_dataset_alias.py
[2025-01-28T22:18:20.360+0000] {logging_mixin.py:190} INFO - [2025-01-28T22:18:20.360+0000] {dag.py:3239} INFO - Sync 4 DAGs
[2025-01-28T22:18:20.386+0000] {logging_mixin.py:190} INFO - [2025-01-28T22:18:20.386+0000] {dag.py:4180} INFO - Setting next_dagrun for dataset_alias_example_alias_consumer to None, run_after=None
[2025-01-28T22:18:20.390+0000] {logging_mixin.py:190} INFO - [2025-01-28T22:18:20.390+0000] {dag.py:4180} INFO - Setting next_dagrun for dataset_alias_example_alias_producer to None, run_after=None
[2025-01-28T22:18:20.392+0000] {logging_mixin.py:190} INFO - [2025-01-28T22:18:20.392+0000] {dag.py:4180} INFO - Setting next_dagrun for dataset_s3_bucket_consumer to None, run_after=None
[2025-01-28T22:18:20.394+0000] {logging_mixin.py:190} INFO - [2025-01-28T22:18:20.394+0000] {dag.py:4180} INFO - Setting next_dagrun for dataset_s3_bucket_producer to None, run_after=None
[2025-01-28T22:18:20.421+0000] {processor.py:208} INFO - Processing /home/airflow/.local/lib/python3.12/site-packages/airflow/example_dags/example_dataset_alias.py took 0.787 seconds
[2025-01-28T22:18:51.345+0000] {processor.py:186} INFO - Started process (PID=1250) to work on /home/airflow/.local/lib/python3.12/site-packages/airflow/example_dags/example_dataset_alias.py
[2025-01-28T22:18:51.346+0000] {processor.py:914} INFO - Processing file /home/airflow/.local/lib/python3.12/site-packages/airflow/example_dags/example_dataset_alias.py for tasks to queue
[2025-01-28T22:18:51.349+0000] {logging_mixin.py:190} INFO - [2025-01-28T22:18:51.349+0000] {dagbag.py:588} INFO - Filling up the DagBag from /home/airflow/.local/lib/python3.12/site-packages/airflow/example_dags/example_dataset_alias.py
[2025-01-28T22:18:52.025+0000] {processor.py:925} INFO - DAG(s) 'dataset_s3_bucket_producer', 'dataset_alias_example_alias_producer', 'dataset_alias_example_alias_consumer', 'dataset_s3_bucket_consumer' retrieved from /home/airflow/.local/lib/python3.12/site-packages/airflow/example_dags/example_dataset_alias.py
[2025-01-28T22:18:52.051+0000] {logging_mixin.py:190} INFO - [2025-01-28T22:18:52.050+0000] {dag.py:3239} INFO - Sync 4 DAGs
[2025-01-28T22:18:52.085+0000] {logging_mixin.py:190} INFO - [2025-01-28T22:18:52.085+0000] {dag.py:4180} INFO - Setting next_dagrun for dataset_alias_example_alias_consumer to None, run_after=None
[2025-01-28T22:18:52.091+0000] {logging_mixin.py:190} INFO - [2025-01-28T22:18:52.091+0000] {dag.py:4180} INFO - Setting next_dagrun for dataset_alias_example_alias_producer to None, run_after=None
[2025-01-28T22:18:52.094+0000] {logging_mixin.py:190} INFO - [2025-01-28T22:18:52.094+0000] {dag.py:4180} INFO - Setting next_dagrun for dataset_s3_bucket_consumer to None, run_after=None
[2025-01-28T22:18:52.097+0000] {logging_mixin.py:190} INFO - [2025-01-28T22:18:52.097+0000] {dag.py:4180} INFO - Setting next_dagrun for dataset_s3_bucket_producer to None, run_after=None
[2025-01-28T22:18:52.138+0000] {processor.py:208} INFO - Processing /home/airflow/.local/lib/python3.12/site-packages/airflow/example_dags/example_dataset_alias.py took 0.800 seconds
[2025-01-28T22:19:22.952+0000] {processor.py:186} INFO - Started process (PID=1315) to work on /home/airflow/.local/lib/python3.12/site-packages/airflow/example_dags/example_dataset_alias.py
[2025-01-28T22:19:22.954+0000] {processor.py:914} INFO - Processing file /home/airflow/.local/lib/python3.12/site-packages/airflow/example_dags/example_dataset_alias.py for tasks to queue
[2025-01-28T22:19:22.957+0000] {logging_mixin.py:190} INFO - [2025-01-28T22:19:22.956+0000] {dagbag.py:588} INFO - Filling up the DagBag from /home/airflow/.local/lib/python3.12/site-packages/airflow/example_dags/example_dataset_alias.py
[2025-01-28T22:19:23.602+0000] {processor.py:925} INFO - DAG(s) 'dataset_s3_bucket_consumer', 'dataset_alias_example_alias_producer', 'dataset_s3_bucket_producer', 'dataset_alias_example_alias_consumer' retrieved from /home/airflow/.local/lib/python3.12/site-packages/airflow/example_dags/example_dataset_alias.py
[2025-01-28T22:19:23.627+0000] {logging_mixin.py:190} INFO - [2025-01-28T22:19:23.626+0000] {dag.py:3239} INFO - Sync 4 DAGs
[2025-01-28T22:19:23.652+0000] {logging_mixin.py:190} INFO - [2025-01-28T22:19:23.651+0000] {dag.py:4180} INFO - Setting next_dagrun for dataset_alias_example_alias_consumer to None, run_after=None
[2025-01-28T22:19:23.655+0000] {logging_mixin.py:190} INFO - [2025-01-28T22:19:23.655+0000] {dag.py:4180} INFO - Setting next_dagrun for dataset_alias_example_alias_producer to None, run_after=None
[2025-01-28T22:19:23.658+0000] {logging_mixin.py:190} INFO - [2025-01-28T22:19:23.657+0000] {dag.py:4180} INFO - Setting next_dagrun for dataset_s3_bucket_consumer to None, run_after=None
[2025-01-28T22:19:23.660+0000] {logging_mixin.py:190} INFO - [2025-01-28T22:19:23.660+0000] {dag.py:4180} INFO - Setting next_dagrun for dataset_s3_bucket_producer to None, run_after=None
[2025-01-28T22:19:23.688+0000] {processor.py:208} INFO - Processing /home/airflow/.local/lib/python3.12/site-packages/airflow/example_dags/example_dataset_alias.py took 0.742 seconds
[2025-01-28T22:19:54.203+0000] {processor.py:186} INFO - Started process (PID=1382) to work on /home/airflow/.local/lib/python3.12/site-packages/airflow/example_dags/example_dataset_alias.py
[2025-01-28T22:19:54.204+0000] {processor.py:914} INFO - Processing file /home/airflow/.local/lib/python3.12/site-packages/airflow/example_dags/example_dataset_alias.py for tasks to queue
[2025-01-28T22:19:54.207+0000] {logging_mixin.py:190} INFO - [2025-01-28T22:19:54.206+0000] {dagbag.py:588} INFO - Filling up the DagBag from /home/airflow/.local/lib/python3.12/site-packages/airflow/example_dags/example_dataset_alias.py
[2025-01-28T22:19:54.825+0000] {processor.py:925} INFO - DAG(s) 'dataset_s3_bucket_producer', 'dataset_s3_bucket_consumer', 'dataset_alias_example_alias_consumer', 'dataset_alias_example_alias_producer' retrieved from /home/airflow/.local/lib/python3.12/site-packages/airflow/example_dags/example_dataset_alias.py
[2025-01-28T22:19:54.851+0000] {logging_mixin.py:190} INFO - [2025-01-28T22:19:54.850+0000] {dag.py:3239} INFO - Sync 4 DAGs
[2025-01-28T22:19:54.876+0000] {logging_mixin.py:190} INFO - [2025-01-28T22:19:54.876+0000] {dag.py:4180} INFO - Setting next_dagrun for dataset_alias_example_alias_consumer to None, run_after=None
[2025-01-28T22:19:54.880+0000] {logging_mixin.py:190} INFO - [2025-01-28T22:19:54.880+0000] {dag.py:4180} INFO - Setting next_dagrun for dataset_alias_example_alias_producer to None, run_after=None
[2025-01-28T22:19:54.882+0000] {logging_mixin.py:190} INFO - [2025-01-28T22:19:54.882+0000] {dag.py:4180} INFO - Setting next_dagrun for dataset_s3_bucket_consumer to None, run_after=None
[2025-01-28T22:19:54.884+0000] {logging_mixin.py:190} INFO - [2025-01-28T22:19:54.884+0000] {dag.py:4180} INFO - Setting next_dagrun for dataset_s3_bucket_producer to None, run_after=None
[2025-01-28T22:19:54.910+0000] {processor.py:208} INFO - Processing /home/airflow/.local/lib/python3.12/site-packages/airflow/example_dags/example_dataset_alias.py took 0.713 seconds
[2025-01-28T22:20:25.089+0000] {processor.py:186} INFO - Started process (PID=1444) to work on /home/airflow/.local/lib/python3.12/site-packages/airflow/example_dags/example_dataset_alias.py
[2025-01-28T22:20:25.090+0000] {processor.py:914} INFO - Processing file /home/airflow/.local/lib/python3.12/site-packages/airflow/example_dags/example_dataset_alias.py for tasks to queue
[2025-01-28T22:20:25.093+0000] {logging_mixin.py:190} INFO - [2025-01-28T22:20:25.092+0000] {dagbag.py:588} INFO - Filling up the DagBag from /home/airflow/.local/lib/python3.12/site-packages/airflow/example_dags/example_dataset_alias.py
[2025-01-28T22:20:25.730+0000] {processor.py:925} INFO - DAG(s) 'dataset_s3_bucket_producer', 'dataset_alias_example_alias_consumer', 'dataset_s3_bucket_consumer', 'dataset_alias_example_alias_producer' retrieved from /home/airflow/.local/lib/python3.12/site-packages/airflow/example_dags/example_dataset_alias.py
[2025-01-28T22:20:25.756+0000] {logging_mixin.py:190} INFO - [2025-01-28T22:20:25.756+0000] {dag.py:3239} INFO - Sync 4 DAGs
[2025-01-28T22:20:25.782+0000] {logging_mixin.py:190} INFO - [2025-01-28T22:20:25.782+0000] {dag.py:4180} INFO - Setting next_dagrun for dataset_alias_example_alias_consumer to None, run_after=None
[2025-01-28T22:20:25.786+0000] {logging_mixin.py:190} INFO - [2025-01-28T22:20:25.785+0000] {dag.py:4180} INFO - Setting next_dagrun for dataset_alias_example_alias_producer to None, run_after=None
[2025-01-28T22:20:25.788+0000] {logging_mixin.py:190} INFO - [2025-01-28T22:20:25.788+0000] {dag.py:4180} INFO - Setting next_dagrun for dataset_s3_bucket_consumer to None, run_after=None
[2025-01-28T22:20:25.791+0000] {logging_mixin.py:190} INFO - [2025-01-28T22:20:25.791+0000] {dag.py:4180} INFO - Setting next_dagrun for dataset_s3_bucket_producer to None, run_after=None
[2025-01-28T22:20:25.818+0000] {processor.py:208} INFO - Processing /home/airflow/.local/lib/python3.12/site-packages/airflow/example_dags/example_dataset_alias.py took 0.738 seconds
[2025-01-28T22:20:56.070+0000] {processor.py:186} INFO - Started process (PID=1500) to work on /home/airflow/.local/lib/python3.12/site-packages/airflow/example_dags/example_dataset_alias.py
[2025-01-28T22:20:56.071+0000] {processor.py:914} INFO - Processing file /home/airflow/.local/lib/python3.12/site-packages/airflow/example_dags/example_dataset_alias.py for tasks to queue
[2025-01-28T22:20:56.074+0000] {logging_mixin.py:190} INFO - [2025-01-28T22:20:56.074+0000] {dagbag.py:588} INFO - Filling up the DagBag from /home/airflow/.local/lib/python3.12/site-packages/airflow/example_dags/example_dataset_alias.py
[2025-01-28T22:20:56.768+0000] {processor.py:925} INFO - DAG(s) 'dataset_s3_bucket_producer', 'dataset_s3_bucket_consumer', 'dataset_alias_example_alias_producer', 'dataset_alias_example_alias_consumer' retrieved from /home/airflow/.local/lib/python3.12/site-packages/airflow/example_dags/example_dataset_alias.py
[2025-01-28T22:20:56.793+0000] {logging_mixin.py:190} INFO - [2025-01-28T22:20:56.792+0000] {dag.py:3239} INFO - Sync 4 DAGs
[2025-01-28T22:20:56.820+0000] {logging_mixin.py:190} INFO - [2025-01-28T22:20:56.819+0000] {dag.py:4180} INFO - Setting next_dagrun for dataset_alias_example_alias_consumer to None, run_after=None
[2025-01-28T22:20:56.823+0000] {logging_mixin.py:190} INFO - [2025-01-28T22:20:56.823+0000] {dag.py:4180} INFO - Setting next_dagrun for dataset_alias_example_alias_producer to None, run_after=None
[2025-01-28T22:20:56.825+0000] {logging_mixin.py:190} INFO - [2025-01-28T22:20:56.825+0000] {dag.py:4180} INFO - Setting next_dagrun for dataset_s3_bucket_consumer to None, run_after=None
[2025-01-28T22:20:56.828+0000] {logging_mixin.py:190} INFO - [2025-01-28T22:20:56.827+0000] {dag.py:4180} INFO - Setting next_dagrun for dataset_s3_bucket_producer to None, run_after=None
[2025-01-28T22:20:56.857+0000] {processor.py:208} INFO - Processing /home/airflow/.local/lib/python3.12/site-packages/airflow/example_dags/example_dataset_alias.py took 0.794 seconds
[2025-01-28T22:21:27.170+0000] {processor.py:186} INFO - Started process (PID=1563) to work on /home/airflow/.local/lib/python3.12/site-packages/airflow/example_dags/example_dataset_alias.py
[2025-01-28T22:21:27.171+0000] {processor.py:914} INFO - Processing file /home/airflow/.local/lib/python3.12/site-packages/airflow/example_dags/example_dataset_alias.py for tasks to queue
[2025-01-28T22:21:27.174+0000] {logging_mixin.py:190} INFO - [2025-01-28T22:21:27.174+0000] {dagbag.py:588} INFO - Filling up the DagBag from /home/airflow/.local/lib/python3.12/site-packages/airflow/example_dags/example_dataset_alias.py
[2025-01-28T22:21:27.809+0000] {processor.py:925} INFO - DAG(s) 'dataset_alias_example_alias_producer', 'dataset_alias_example_alias_consumer', 'dataset_s3_bucket_consumer', 'dataset_s3_bucket_producer' retrieved from /home/airflow/.local/lib/python3.12/site-packages/airflow/example_dags/example_dataset_alias.py
[2025-01-28T22:21:27.833+0000] {logging_mixin.py:190} INFO - [2025-01-28T22:21:27.832+0000] {dag.py:3239} INFO - Sync 4 DAGs
[2025-01-28T22:21:27.856+0000] {logging_mixin.py:190} INFO - [2025-01-28T22:21:27.856+0000] {dag.py:4180} INFO - Setting next_dagrun for dataset_alias_example_alias_consumer to None, run_after=None
[2025-01-28T22:21:27.860+0000] {logging_mixin.py:190} INFO - [2025-01-28T22:21:27.860+0000] {dag.py:4180} INFO - Setting next_dagrun for dataset_alias_example_alias_producer to None, run_after=None
[2025-01-28T22:21:27.862+0000] {logging_mixin.py:190} INFO - [2025-01-28T22:21:27.862+0000] {dag.py:4180} INFO - Setting next_dagrun for dataset_s3_bucket_consumer to None, run_after=None
[2025-01-28T22:21:27.864+0000] {logging_mixin.py:190} INFO - [2025-01-28T22:21:27.864+0000] {dag.py:4180} INFO - Setting next_dagrun for dataset_s3_bucket_producer to None, run_after=None
[2025-01-28T22:21:27.908+0000] {processor.py:208} INFO - Processing /home/airflow/.local/lib/python3.12/site-packages/airflow/example_dags/example_dataset_alias.py took 0.747 seconds
[2025-01-28T22:21:58.772+0000] {processor.py:186} INFO - Started process (PID=1626) to work on /home/airflow/.local/lib/python3.12/site-packages/airflow/example_dags/example_dataset_alias.py
[2025-01-28T22:21:58.774+0000] {processor.py:914} INFO - Processing file /home/airflow/.local/lib/python3.12/site-packages/airflow/example_dags/example_dataset_alias.py for tasks to queue
[2025-01-28T22:21:58.776+0000] {logging_mixin.py:190} INFO - [2025-01-28T22:21:58.776+0000] {dagbag.py:588} INFO - Filling up the DagBag from /home/airflow/.local/lib/python3.12/site-packages/airflow/example_dags/example_dataset_alias.py
[2025-01-28T22:21:59.477+0000] {processor.py:925} INFO - DAG(s) 'dataset_s3_bucket_producer', 'dataset_alias_example_alias_consumer', 'dataset_s3_bucket_consumer', 'dataset_alias_example_alias_producer' retrieved from /home/airflow/.local/lib/python3.12/site-packages/airflow/example_dags/example_dataset_alias.py
[2025-01-28T22:21:59.502+0000] {logging_mixin.py:190} INFO - [2025-01-28T22:21:59.501+0000] {dag.py:3239} INFO - Sync 4 DAGs
[2025-01-28T22:21:59.529+0000] {logging_mixin.py:190} INFO - [2025-01-28T22:21:59.529+0000] {dag.py:4180} INFO - Setting next_dagrun for dataset_alias_example_alias_consumer to None, run_after=None
[2025-01-28T22:21:59.534+0000] {logging_mixin.py:190} INFO - [2025-01-28T22:21:59.533+0000] {dag.py:4180} INFO - Setting next_dagrun for dataset_alias_example_alias_producer to None, run_after=None
[2025-01-28T22:21:59.536+0000] {logging_mixin.py:190} INFO - [2025-01-28T22:21:59.536+0000] {dag.py:4180} INFO - Setting next_dagrun for dataset_s3_bucket_consumer to None, run_after=None
[2025-01-28T22:21:59.538+0000] {logging_mixin.py:190} INFO - [2025-01-28T22:21:59.538+0000] {dag.py:4180} INFO - Setting next_dagrun for dataset_s3_bucket_producer to None, run_after=None
[2025-01-28T22:21:59.575+0000] {processor.py:208} INFO - Processing /home/airflow/.local/lib/python3.12/site-packages/airflow/example_dags/example_dataset_alias.py took 0.810 seconds
[2025-01-28T22:22:30.208+0000] {processor.py:186} INFO - Started process (PID=1689) to work on /home/airflow/.local/lib/python3.12/site-packages/airflow/example_dags/example_dataset_alias.py
[2025-01-28T22:22:30.209+0000] {processor.py:914} INFO - Processing file /home/airflow/.local/lib/python3.12/site-packages/airflow/example_dags/example_dataset_alias.py for tasks to queue
[2025-01-28T22:22:30.212+0000] {logging_mixin.py:190} INFO - [2025-01-28T22:22:30.211+0000] {dagbag.py:588} INFO - Filling up the DagBag from /home/airflow/.local/lib/python3.12/site-packages/airflow/example_dags/example_dataset_alias.py
[2025-01-28T22:22:30.862+0000] {processor.py:925} INFO - DAG(s) 'dataset_alias_example_alias_producer', 'dataset_s3_bucket_consumer', 'dataset_s3_bucket_producer', 'dataset_alias_example_alias_consumer' retrieved from /home/airflow/.local/lib/python3.12/site-packages/airflow/example_dags/example_dataset_alias.py
[2025-01-28T22:22:30.889+0000] {logging_mixin.py:190} INFO - [2025-01-28T22:22:30.889+0000] {dag.py:3239} INFO - Sync 4 DAGs
[2025-01-28T22:22:30.915+0000] {logging_mixin.py:190} INFO - [2025-01-28T22:22:30.914+0000] {dag.py:4180} INFO - Setting next_dagrun for dataset_alias_example_alias_consumer to None, run_after=None
[2025-01-28T22:22:30.918+0000] {logging_mixin.py:190} INFO - [2025-01-28T22:22:30.918+0000] {dag.py:4180} INFO - Setting next_dagrun for dataset_alias_example_alias_producer to None, run_after=None
[2025-01-28T22:22:30.920+0000] {logging_mixin.py:190} INFO - [2025-01-28T22:22:30.920+0000] {dag.py:4180} INFO - Setting next_dagrun for dataset_s3_bucket_consumer to None, run_after=None
[2025-01-28T22:22:30.922+0000] {logging_mixin.py:190} INFO - [2025-01-28T22:22:30.922+0000] {dag.py:4180} INFO - Setting next_dagrun for dataset_s3_bucket_producer to None, run_after=None
[2025-01-28T22:22:30.948+0000] {processor.py:208} INFO - Processing /home/airflow/.local/lib/python3.12/site-packages/airflow/example_dags/example_dataset_alias.py took 0.747 seconds
[2025-01-28T22:23:01.386+0000] {processor.py:186} INFO - Started process (PID=1752) to work on /home/airflow/.local/lib/python3.12/site-packages/airflow/example_dags/example_dataset_alias.py
[2025-01-28T22:23:01.388+0000] {processor.py:914} INFO - Processing file /home/airflow/.local/lib/python3.12/site-packages/airflow/example_dags/example_dataset_alias.py for tasks to queue
[2025-01-28T22:23:01.392+0000] {logging_mixin.py:190} INFO - [2025-01-28T22:23:01.392+0000] {dagbag.py:588} INFO - Filling up the DagBag from /home/airflow/.local/lib/python3.12/site-packages/airflow/example_dags/example_dataset_alias.py
[2025-01-28T22:23:02.106+0000] {processor.py:925} INFO - DAG(s) 'dataset_s3_bucket_consumer', 'dataset_alias_example_alias_consumer', 'dataset_alias_example_alias_producer', 'dataset_s3_bucket_producer' retrieved from /home/airflow/.local/lib/python3.12/site-packages/airflow/example_dags/example_dataset_alias.py
[2025-01-28T22:23:02.133+0000] {logging_mixin.py:190} INFO - [2025-01-28T22:23:02.132+0000] {dag.py:3239} INFO - Sync 4 DAGs
[2025-01-28T22:23:02.165+0000] {logging_mixin.py:190} INFO - [2025-01-28T22:23:02.164+0000] {dag.py:4180} INFO - Setting next_dagrun for dataset_alias_example_alias_consumer to None, run_after=None
[2025-01-28T22:23:02.169+0000] {logging_mixin.py:190} INFO - [2025-01-28T22:23:02.168+0000] {dag.py:4180} INFO - Setting next_dagrun for dataset_alias_example_alias_producer to None, run_after=None
[2025-01-28T22:23:02.171+0000] {logging_mixin.py:190} INFO - [2025-01-28T22:23:02.171+0000] {dag.py:4180} INFO - Setting next_dagrun for dataset_s3_bucket_consumer to None, run_after=None
[2025-01-28T22:23:02.173+0000] {logging_mixin.py:190} INFO - [2025-01-28T22:23:02.173+0000] {dag.py:4180} INFO - Setting next_dagrun for dataset_s3_bucket_producer to None, run_after=None
[2025-01-28T22:23:02.204+0000] {processor.py:208} INFO - Processing /home/airflow/.local/lib/python3.12/site-packages/airflow/example_dags/example_dataset_alias.py took 0.825 seconds
[2025-01-28T22:23:32.484+0000] {processor.py:186} INFO - Started process (PID=1815) to work on /home/airflow/.local/lib/python3.12/site-packages/airflow/example_dags/example_dataset_alias.py
[2025-01-28T22:23:32.485+0000] {processor.py:914} INFO - Processing file /home/airflow/.local/lib/python3.12/site-packages/airflow/example_dags/example_dataset_alias.py for tasks to queue
[2025-01-28T22:23:32.488+0000] {logging_mixin.py:190} INFO - [2025-01-28T22:23:32.487+0000] {dagbag.py:588} INFO - Filling up the DagBag from /home/airflow/.local/lib/python3.12/site-packages/airflow/example_dags/example_dataset_alias.py
[2025-01-28T22:23:33.150+0000] {processor.py:925} INFO - DAG(s) 'dataset_alias_example_alias_consumer', 'dataset_s3_bucket_producer', 'dataset_s3_bucket_consumer', 'dataset_alias_example_alias_producer' retrieved from /home/airflow/.local/lib/python3.12/site-packages/airflow/example_dags/example_dataset_alias.py
[2025-01-28T22:23:33.174+0000] {logging_mixin.py:190} INFO - [2025-01-28T22:23:33.174+0000] {dag.py:3239} INFO - Sync 4 DAGs
[2025-01-28T22:23:33.198+0000] {logging_mixin.py:190} INFO - [2025-01-28T22:23:33.198+0000] {dag.py:4180} INFO - Setting next_dagrun for dataset_alias_example_alias_consumer to None, run_after=None
[2025-01-28T22:23:33.201+0000] {logging_mixin.py:190} INFO - [2025-01-28T22:23:33.201+0000] {dag.py:4180} INFO - Setting next_dagrun for dataset_alias_example_alias_producer to None, run_after=None
[2025-01-28T22:23:33.205+0000] {logging_mixin.py:190} INFO - [2025-01-28T22:23:33.205+0000] {dag.py:4180} INFO - Setting next_dagrun for dataset_s3_bucket_consumer to None, run_after=None
[2025-01-28T22:23:33.207+0000] {logging_mixin.py:190} INFO - [2025-01-28T22:23:33.207+0000] {dag.py:4180} INFO - Setting next_dagrun for dataset_s3_bucket_producer to None, run_after=None
[2025-01-28T22:23:33.234+0000] {processor.py:208} INFO - Processing /home/airflow/.local/lib/python3.12/site-packages/airflow/example_dags/example_dataset_alias.py took 0.757 seconds
[2025-01-28T22:24:04.027+0000] {processor.py:186} INFO - Started process (PID=1878) to work on /home/airflow/.local/lib/python3.12/site-packages/airflow/example_dags/example_dataset_alias.py
[2025-01-28T22:24:04.029+0000] {processor.py:914} INFO - Processing file /home/airflow/.local/lib/python3.12/site-packages/airflow/example_dags/example_dataset_alias.py for tasks to queue
[2025-01-28T22:24:04.033+0000] {logging_mixin.py:190} INFO - [2025-01-28T22:24:04.032+0000] {dagbag.py:588} INFO - Filling up the DagBag from /home/airflow/.local/lib/python3.12/site-packages/airflow/example_dags/example_dataset_alias.py
[2025-01-28T22:24:04.750+0000] {processor.py:925} INFO - DAG(s) 'dataset_alias_example_alias_producer', 'dataset_alias_example_alias_consumer', 'dataset_s3_bucket_consumer', 'dataset_s3_bucket_producer' retrieved from /home/airflow/.local/lib/python3.12/site-packages/airflow/example_dags/example_dataset_alias.py
[2025-01-28T22:24:04.782+0000] {logging_mixin.py:190} INFO - [2025-01-28T22:24:04.781+0000] {dag.py:3239} INFO - Sync 4 DAGs
[2025-01-28T22:24:04.808+0000] {logging_mixin.py:190} INFO - [2025-01-28T22:24:04.808+0000] {dag.py:4180} INFO - Setting next_dagrun for dataset_alias_example_alias_consumer to None, run_after=None
[2025-01-28T22:24:04.813+0000] {logging_mixin.py:190} INFO - [2025-01-28T22:24:04.812+0000] {dag.py:4180} INFO - Setting next_dagrun for dataset_alias_example_alias_producer to None, run_after=None
[2025-01-28T22:24:04.816+0000] {logging_mixin.py:190} INFO - [2025-01-28T22:24:04.816+0000] {dag.py:4180} INFO - Setting next_dagrun for dataset_s3_bucket_consumer to None, run_after=None
[2025-01-28T22:24:04.819+0000] {logging_mixin.py:190} INFO - [2025-01-28T22:24:04.819+0000] {dag.py:4180} INFO - Setting next_dagrun for dataset_s3_bucket_producer to None, run_after=None
[2025-01-28T22:24:04.853+0000] {processor.py:208} INFO - Processing /home/airflow/.local/lib/python3.12/site-packages/airflow/example_dags/example_dataset_alias.py took 0.836 seconds
[2025-01-28T22:24:35.100+0000] {processor.py:186} INFO - Started process (PID=1941) to work on /home/airflow/.local/lib/python3.12/site-packages/airflow/example_dags/example_dataset_alias.py
[2025-01-28T22:24:35.102+0000] {processor.py:914} INFO - Processing file /home/airflow/.local/lib/python3.12/site-packages/airflow/example_dags/example_dataset_alias.py for tasks to queue
[2025-01-28T22:24:35.104+0000] {logging_mixin.py:190} INFO - [2025-01-28T22:24:35.104+0000] {dagbag.py:588} INFO - Filling up the DagBag from /home/airflow/.local/lib/python3.12/site-packages/airflow/example_dags/example_dataset_alias.py
[2025-01-28T22:24:35.743+0000] {processor.py:925} INFO - DAG(s) 'dataset_alias_example_alias_consumer', 'dataset_alias_example_alias_producer', 'dataset_s3_bucket_producer', 'dataset_s3_bucket_consumer' retrieved from /home/airflow/.local/lib/python3.12/site-packages/airflow/example_dags/example_dataset_alias.py
[2025-01-28T22:24:35.771+0000] {logging_mixin.py:190} INFO - [2025-01-28T22:24:35.771+0000] {dag.py:3239} INFO - Sync 4 DAGs
[2025-01-28T22:24:35.796+0000] {logging_mixin.py:190} INFO - [2025-01-28T22:24:35.796+0000] {dag.py:4180} INFO - Setting next_dagrun for dataset_alias_example_alias_consumer to None, run_after=None
[2025-01-28T22:24:35.802+0000] {logging_mixin.py:190} INFO - [2025-01-28T22:24:35.802+0000] {dag.py:4180} INFO - Setting next_dagrun for dataset_alias_example_alias_producer to None, run_after=None
[2025-01-28T22:24:35.804+0000] {logging_mixin.py:190} INFO - [2025-01-28T22:24:35.804+0000] {dag.py:4180} INFO - Setting next_dagrun for dataset_s3_bucket_consumer to None, run_after=None
[2025-01-28T22:24:35.806+0000] {logging_mixin.py:190} INFO - [2025-01-28T22:24:35.806+0000] {dag.py:4180} INFO - Setting next_dagrun for dataset_s3_bucket_producer to None, run_after=None
[2025-01-28T22:24:35.838+0000] {processor.py:208} INFO - Processing /home/airflow/.local/lib/python3.12/site-packages/airflow/example_dags/example_dataset_alias.py took 0.745 seconds
[2025-01-28T22:25:06.496+0000] {processor.py:186} INFO - Started process (PID=2004) to work on /home/airflow/.local/lib/python3.12/site-packages/airflow/example_dags/example_dataset_alias.py
[2025-01-28T22:25:06.498+0000] {processor.py:914} INFO - Processing file /home/airflow/.local/lib/python3.12/site-packages/airflow/example_dags/example_dataset_alias.py for tasks to queue
[2025-01-28T22:25:06.502+0000] {logging_mixin.py:190} INFO - [2025-01-28T22:25:06.501+0000] {dagbag.py:588} INFO - Filling up the DagBag from /home/airflow/.local/lib/python3.12/site-packages/airflow/example_dags/example_dataset_alias.py
[2025-01-28T22:25:07.183+0000] {processor.py:925} INFO - DAG(s) 'dataset_alias_example_alias_producer', 'dataset_s3_bucket_consumer', 'dataset_s3_bucket_producer', 'dataset_alias_example_alias_consumer' retrieved from /home/airflow/.local/lib/python3.12/site-packages/airflow/example_dags/example_dataset_alias.py
[2025-01-28T22:25:07.210+0000] {logging_mixin.py:190} INFO - [2025-01-28T22:25:07.210+0000] {dag.py:3239} INFO - Sync 4 DAGs
[2025-01-28T22:25:07.235+0000] {logging_mixin.py:190} INFO - [2025-01-28T22:25:07.234+0000] {dag.py:4180} INFO - Setting next_dagrun for dataset_alias_example_alias_consumer to None, run_after=None
[2025-01-28T22:25:07.238+0000] {logging_mixin.py:190} INFO - [2025-01-28T22:25:07.238+0000] {dag.py:4180} INFO - Setting next_dagrun for dataset_alias_example_alias_producer to None, run_after=None
[2025-01-28T22:25:07.241+0000] {logging_mixin.py:190} INFO - [2025-01-28T22:25:07.241+0000] {dag.py:4180} INFO - Setting next_dagrun for dataset_s3_bucket_consumer to None, run_after=None
[2025-01-28T22:25:07.243+0000] {logging_mixin.py:190} INFO - [2025-01-28T22:25:07.243+0000] {dag.py:4180} INFO - Setting next_dagrun for dataset_s3_bucket_producer to None, run_after=None
[2025-01-28T22:25:07.275+0000] {processor.py:208} INFO - Processing /home/airflow/.local/lib/python3.12/site-packages/airflow/example_dags/example_dataset_alias.py took 0.786 seconds
[2025-01-28T22:28:47.938+0000] {processor.py:186} INFO - Started process (PID=113) to work on /home/airflow/.local/lib/python3.12/site-packages/airflow/example_dags/example_dataset_alias.py
[2025-01-28T22:28:47.940+0000] {processor.py:914} INFO - Processing file /home/airflow/.local/lib/python3.12/site-packages/airflow/example_dags/example_dataset_alias.py for tasks to queue
[2025-01-28T22:28:47.943+0000] {logging_mixin.py:190} INFO - [2025-01-28T22:28:47.942+0000] {dagbag.py:588} INFO - Filling up the DagBag from /home/airflow/.local/lib/python3.12/site-packages/airflow/example_dags/example_dataset_alias.py
[2025-01-28T22:28:48.589+0000] {processor.py:925} INFO - DAG(s) 'dataset_alias_example_alias_consumer', 'dataset_alias_example_alias_producer', 'dataset_s3_bucket_producer', 'dataset_s3_bucket_consumer' retrieved from /home/airflow/.local/lib/python3.12/site-packages/airflow/example_dags/example_dataset_alias.py
[2025-01-28T22:28:48.615+0000] {logging_mixin.py:190} INFO - [2025-01-28T22:28:48.614+0000] {dag.py:3239} INFO - Sync 4 DAGs
[2025-01-28T22:28:48.640+0000] {logging_mixin.py:190} INFO - [2025-01-28T22:28:48.640+0000] {dag.py:4180} INFO - Setting next_dagrun for dataset_alias_example_alias_consumer to None, run_after=None
[2025-01-28T22:28:48.644+0000] {logging_mixin.py:190} INFO - [2025-01-28T22:28:48.644+0000] {dag.py:4180} INFO - Setting next_dagrun for dataset_alias_example_alias_producer to None, run_after=None
[2025-01-28T22:28:48.646+0000] {logging_mixin.py:190} INFO - [2025-01-28T22:28:48.646+0000] {dag.py:4180} INFO - Setting next_dagrun for dataset_s3_bucket_consumer to None, run_after=None
[2025-01-28T22:28:48.648+0000] {logging_mixin.py:190} INFO - [2025-01-28T22:28:48.648+0000] {dag.py:4180} INFO - Setting next_dagrun for dataset_s3_bucket_producer to None, run_after=None
[2025-01-28T22:28:48.674+0000] {processor.py:208} INFO - Processing /home/airflow/.local/lib/python3.12/site-packages/airflow/example_dags/example_dataset_alias.py took 0.743 seconds
[2025-01-28T22:29:19.180+0000] {processor.py:186} INFO - Started process (PID=176) to work on /home/airflow/.local/lib/python3.12/site-packages/airflow/example_dags/example_dataset_alias.py
[2025-01-28T22:29:19.182+0000] {processor.py:914} INFO - Processing file /home/airflow/.local/lib/python3.12/site-packages/airflow/example_dags/example_dataset_alias.py for tasks to queue
[2025-01-28T22:29:19.185+0000] {logging_mixin.py:190} INFO - [2025-01-28T22:29:19.184+0000] {dagbag.py:588} INFO - Filling up the DagBag from /home/airflow/.local/lib/python3.12/site-packages/airflow/example_dags/example_dataset_alias.py
[2025-01-28T22:29:19.818+0000] {processor.py:925} INFO - DAG(s) 'dataset_alias_example_alias_consumer', 'dataset_s3_bucket_consumer', 'dataset_alias_example_alias_producer', 'dataset_s3_bucket_producer' retrieved from /home/airflow/.local/lib/python3.12/site-packages/airflow/example_dags/example_dataset_alias.py
[2025-01-28T22:29:19.849+0000] {logging_mixin.py:190} INFO - [2025-01-28T22:29:19.849+0000] {dag.py:3239} INFO - Sync 4 DAGs
[2025-01-28T22:29:19.874+0000] {logging_mixin.py:190} INFO - [2025-01-28T22:29:19.873+0000] {dag.py:4180} INFO - Setting next_dagrun for dataset_alias_example_alias_consumer to None, run_after=None
[2025-01-28T22:29:19.878+0000] {logging_mixin.py:190} INFO - [2025-01-28T22:29:19.877+0000] {dag.py:4180} INFO - Setting next_dagrun for dataset_alias_example_alias_producer to None, run_after=None
[2025-01-28T22:29:19.882+0000] {logging_mixin.py:190} INFO - [2025-01-28T22:29:19.881+0000] {dag.py:4180} INFO - Setting next_dagrun for dataset_s3_bucket_consumer to None, run_after=None
[2025-01-28T22:29:19.884+0000] {logging_mixin.py:190} INFO - [2025-01-28T22:29:19.883+0000] {dag.py:4180} INFO - Setting next_dagrun for dataset_s3_bucket_producer to None, run_after=None
[2025-01-28T22:29:19.913+0000] {processor.py:208} INFO - Processing /home/airflow/.local/lib/python3.12/site-packages/airflow/example_dags/example_dataset_alias.py took 0.740 seconds
[2025-01-28T22:29:50.991+0000] {processor.py:186} INFO - Started process (PID=239) to work on /home/airflow/.local/lib/python3.12/site-packages/airflow/example_dags/example_dataset_alias.py
[2025-01-28T22:29:50.993+0000] {processor.py:914} INFO - Processing file /home/airflow/.local/lib/python3.12/site-packages/airflow/example_dags/example_dataset_alias.py for tasks to queue
[2025-01-28T22:29:50.995+0000] {logging_mixin.py:190} INFO - [2025-01-28T22:29:50.995+0000] {dagbag.py:588} INFO - Filling up the DagBag from /home/airflow/.local/lib/python3.12/site-packages/airflow/example_dags/example_dataset_alias.py
[2025-01-28T22:29:51.670+0000] {processor.py:925} INFO - DAG(s) 'dataset_alias_example_alias_consumer', 'dataset_s3_bucket_producer', 'dataset_alias_example_alias_producer', 'dataset_s3_bucket_consumer' retrieved from /home/airflow/.local/lib/python3.12/site-packages/airflow/example_dags/example_dataset_alias.py
[2025-01-28T22:29:51.696+0000] {logging_mixin.py:190} INFO - [2025-01-28T22:29:51.695+0000] {dag.py:3239} INFO - Sync 4 DAGs
[2025-01-28T22:29:51.726+0000] {logging_mixin.py:190} INFO - [2025-01-28T22:29:51.726+0000] {dag.py:4180} INFO - Setting next_dagrun for dataset_alias_example_alias_consumer to None, run_after=None
[2025-01-28T22:29:51.730+0000] {logging_mixin.py:190} INFO - [2025-01-28T22:29:51.729+0000] {dag.py:4180} INFO - Setting next_dagrun for dataset_alias_example_alias_producer to None, run_after=None
[2025-01-28T22:29:51.732+0000] {logging_mixin.py:190} INFO - [2025-01-28T22:29:51.732+0000] {dag.py:4180} INFO - Setting next_dagrun for dataset_s3_bucket_consumer to None, run_after=None
[2025-01-28T22:29:51.734+0000] {logging_mixin.py:190} INFO - [2025-01-28T22:29:51.734+0000] {dag.py:4180} INFO - Setting next_dagrun for dataset_s3_bucket_producer to None, run_after=None
[2025-01-28T22:29:51.762+0000] {processor.py:208} INFO - Processing /home/airflow/.local/lib/python3.12/site-packages/airflow/example_dags/example_dataset_alias.py took 0.778 seconds
[2025-01-28T22:30:22.494+0000] {processor.py:186} INFO - Started process (PID=305) to work on /home/airflow/.local/lib/python3.12/site-packages/airflow/example_dags/example_dataset_alias.py
[2025-01-28T22:30:22.495+0000] {processor.py:914} INFO - Processing file /home/airflow/.local/lib/python3.12/site-packages/airflow/example_dags/example_dataset_alias.py for tasks to queue
[2025-01-28T22:30:22.498+0000] {logging_mixin.py:190} INFO - [2025-01-28T22:30:22.498+0000] {dagbag.py:588} INFO - Filling up the DagBag from /home/airflow/.local/lib/python3.12/site-packages/airflow/example_dags/example_dataset_alias.py
[2025-01-28T22:30:23.173+0000] {processor.py:925} INFO - DAG(s) 'dataset_alias_example_alias_producer', 'dataset_alias_example_alias_consumer', 'dataset_s3_bucket_consumer', 'dataset_s3_bucket_producer' retrieved from /home/airflow/.local/lib/python3.12/site-packages/airflow/example_dags/example_dataset_alias.py
[2025-01-28T22:30:23.198+0000] {logging_mixin.py:190} INFO - [2025-01-28T22:30:23.197+0000] {dag.py:3239} INFO - Sync 4 DAGs
[2025-01-28T22:30:23.226+0000] {logging_mixin.py:190} INFO - [2025-01-28T22:30:23.226+0000] {dag.py:4180} INFO - Setting next_dagrun for dataset_alias_example_alias_consumer to None, run_after=None
[2025-01-28T22:30:23.230+0000] {logging_mixin.py:190} INFO - [2025-01-28T22:30:23.230+0000] {dag.py:4180} INFO - Setting next_dagrun for dataset_alias_example_alias_producer to None, run_after=None
[2025-01-28T22:30:23.233+0000] {logging_mixin.py:190} INFO - [2025-01-28T22:30:23.233+0000] {dag.py:4180} INFO - Setting next_dagrun for dataset_s3_bucket_consumer to None, run_after=None
[2025-01-28T22:30:23.236+0000] {logging_mixin.py:190} INFO - [2025-01-28T22:30:23.235+0000] {dag.py:4180} INFO - Setting next_dagrun for dataset_s3_bucket_producer to None, run_after=None
[2025-01-28T22:30:23.278+0000] {processor.py:208} INFO - Processing /home/airflow/.local/lib/python3.12/site-packages/airflow/example_dags/example_dataset_alias.py took 0.791 seconds
[2025-01-28T22:30:53.757+0000] {processor.py:186} INFO - Started process (PID=370) to work on /home/airflow/.local/lib/python3.12/site-packages/airflow/example_dags/example_dataset_alias.py
[2025-01-28T22:30:53.758+0000] {processor.py:914} INFO - Processing file /home/airflow/.local/lib/python3.12/site-packages/airflow/example_dags/example_dataset_alias.py for tasks to queue
[2025-01-28T22:30:53.761+0000] {logging_mixin.py:190} INFO - [2025-01-28T22:30:53.760+0000] {dagbag.py:588} INFO - Filling up the DagBag from /home/airflow/.local/lib/python3.12/site-packages/airflow/example_dags/example_dataset_alias.py
[2025-01-28T22:30:54.427+0000] {processor.py:925} INFO - DAG(s) 'dataset_s3_bucket_producer', 'dataset_alias_example_alias_producer', 'dataset_alias_example_alias_consumer', 'dataset_s3_bucket_consumer' retrieved from /home/airflow/.local/lib/python3.12/site-packages/airflow/example_dags/example_dataset_alias.py
[2025-01-28T22:30:54.451+0000] {logging_mixin.py:190} INFO - [2025-01-28T22:30:54.451+0000] {dag.py:3239} INFO - Sync 4 DAGs
[2025-01-28T22:30:54.476+0000] {logging_mixin.py:190} INFO - [2025-01-28T22:30:54.476+0000] {dag.py:4180} INFO - Setting next_dagrun for dataset_alias_example_alias_consumer to None, run_after=None
[2025-01-28T22:30:54.479+0000] {logging_mixin.py:190} INFO - [2025-01-28T22:30:54.479+0000] {dag.py:4180} INFO - Setting next_dagrun for dataset_alias_example_alias_producer to None, run_after=None
[2025-01-28T22:30:54.481+0000] {logging_mixin.py:190} INFO - [2025-01-28T22:30:54.481+0000] {dag.py:4180} INFO - Setting next_dagrun for dataset_s3_bucket_consumer to None, run_after=None
[2025-01-28T22:30:54.483+0000] {logging_mixin.py:190} INFO - [2025-01-28T22:30:54.483+0000] {dag.py:4180} INFO - Setting next_dagrun for dataset_s3_bucket_producer to None, run_after=None
[2025-01-28T22:30:54.517+0000] {processor.py:208} INFO - Processing /home/airflow/.local/lib/python3.12/site-packages/airflow/example_dags/example_dataset_alias.py took 0.766 seconds
