[2025-01-28T22:09:24.013+0000] {processor.py:186} INFO - Started process (PID=102) to work on /home/airflow/.local/lib/python3.12/site-packages/airflow/example_dags/example_inlet_event_extra.py
[2025-01-28T22:09:24.015+0000] {processor.py:914} INFO - Processing file /home/airflow/.local/lib/python3.12/site-packages/airflow/example_dags/example_inlet_event_extra.py for tasks to queue
[2025-01-28T22:09:24.023+0000] {logging_mixin.py:190} INFO - [2025-01-28T22:09:24.023+0000] {dagbag.py:588} INFO - Filling up the DagBag from /home/airflow/.local/lib/python3.12/site-packages/airflow/example_dags/example_inlet_event_extra.py
[2025-01-28T22:09:25.254+0000] {processor.py:925} INFO - DAG(s) 'read_dataset_event_from_classic', 'read_dataset_event' retrieved from /home/airflow/.local/lib/python3.12/site-packages/airflow/example_dags/example_inlet_event_extra.py
[2025-01-28T22:09:25.373+0000] {logging_mixin.py:190} INFO - [2025-01-28T22:09:25.372+0000] {override.py:1911} INFO - Created Permission View: can delete on DAG:read_dataset_event_from_classic
[2025-01-28T22:09:25.387+0000] {logging_mixin.py:190} INFO - [2025-01-28T22:09:25.387+0000] {override.py:1911} INFO - Created Permission View: can edit on DAG:read_dataset_event_from_classic
[2025-01-28T22:09:25.398+0000] {logging_mixin.py:190} INFO - [2025-01-28T22:09:25.397+0000] {override.py:1911} INFO - Created Permission View: can read on DAG:read_dataset_event_from_classic
[2025-01-28T22:09:25.411+0000] {logging_mixin.py:190} INFO - [2025-01-28T22:09:25.411+0000] {override.py:1911} INFO - Created Permission View: can create on DAG Run:read_dataset_event_from_classic
[2025-01-28T22:09:25.421+0000] {logging_mixin.py:190} INFO - [2025-01-28T22:09:25.420+0000] {override.py:1911} INFO - Created Permission View: can delete on DAG Run:read_dataset_event_from_classic
[2025-01-28T22:09:25.431+0000] {logging_mixin.py:190} INFO - [2025-01-28T22:09:25.430+0000] {override.py:1911} INFO - Created Permission View: menu access on DAG Run:read_dataset_event_from_classic
[2025-01-28T22:09:25.441+0000] {logging_mixin.py:190} INFO - [2025-01-28T22:09:25.441+0000] {override.py:1911} INFO - Created Permission View: can read on DAG Run:read_dataset_event_from_classic
[2025-01-28T22:09:25.460+0000] {logging_mixin.py:190} INFO - [2025-01-28T22:09:25.460+0000] {override.py:1911} INFO - Created Permission View: can delete on DAG:read_dataset_event
[2025-01-28T22:09:25.472+0000] {logging_mixin.py:190} INFO - [2025-01-28T22:09:25.471+0000] {override.py:1911} INFO - Created Permission View: can edit on DAG:read_dataset_event
[2025-01-28T22:09:25.482+0000] {logging_mixin.py:190} INFO - [2025-01-28T22:09:25.482+0000] {override.py:1911} INFO - Created Permission View: can read on DAG:read_dataset_event
[2025-01-28T22:09:25.495+0000] {logging_mixin.py:190} INFO - [2025-01-28T22:09:25.495+0000] {override.py:1911} INFO - Created Permission View: can create on DAG Run:read_dataset_event
[2025-01-28T22:09:25.505+0000] {logging_mixin.py:190} INFO - [2025-01-28T22:09:25.504+0000] {override.py:1911} INFO - Created Permission View: can delete on DAG Run:read_dataset_event
[2025-01-28T22:09:25.516+0000] {logging_mixin.py:190} INFO - [2025-01-28T22:09:25.515+0000] {override.py:1911} INFO - Created Permission View: menu access on DAG Run:read_dataset_event
[2025-01-28T22:09:25.525+0000] {logging_mixin.py:190} INFO - [2025-01-28T22:09:25.525+0000] {override.py:1911} INFO - Created Permission View: can read on DAG Run:read_dataset_event
[2025-01-28T22:09:25.526+0000] {logging_mixin.py:190} INFO - [2025-01-28T22:09:25.526+0000] {dag.py:3239} INFO - Sync 2 DAGs
[2025-01-28T22:09:25.540+0000] {logging_mixin.py:190} INFO - [2025-01-28T22:09:25.540+0000] {dag.py:3262} INFO - Creating ORM DAG for read_dataset_event
[2025-01-28T22:09:25.542+0000] {logging_mixin.py:190} INFO - [2025-01-28T22:09:25.542+0000] {dag.py:3262} INFO - Creating ORM DAG for read_dataset_event_from_classic
[2025-01-28T22:09:25.553+0000] {logging_mixin.py:190} INFO - [2025-01-28T22:09:25.553+0000] {dag.py:4180} INFO - Setting next_dagrun for read_dataset_event to 2025-01-27 00:00:00+00:00, run_after=2025-01-28 00:00:00+00:00
[2025-01-28T22:09:25.556+0000] {logging_mixin.py:190} INFO - [2025-01-28T22:09:25.556+0000] {dag.py:4180} INFO - Setting next_dagrun for read_dataset_event_from_classic to 2025-01-27 00:00:00+00:00, run_after=2025-01-28 00:00:00+00:00
[2025-01-28T22:09:25.575+0000] {processor.py:208} INFO - Processing /home/airflow/.local/lib/python3.12/site-packages/airflow/example_dags/example_inlet_event_extra.py took 1.568 seconds
[2025-01-28T22:09:55.903+0000] {processor.py:186} INFO - Started process (PID=165) to work on /home/airflow/.local/lib/python3.12/site-packages/airflow/example_dags/example_inlet_event_extra.py
[2025-01-28T22:09:55.905+0000] {processor.py:914} INFO - Processing file /home/airflow/.local/lib/python3.12/site-packages/airflow/example_dags/example_inlet_event_extra.py for tasks to queue
[2025-01-28T22:09:55.907+0000] {logging_mixin.py:190} INFO - [2025-01-28T22:09:55.907+0000] {dagbag.py:588} INFO - Filling up the DagBag from /home/airflow/.local/lib/python3.12/site-packages/airflow/example_dags/example_inlet_event_extra.py
[2025-01-28T22:09:56.596+0000] {processor.py:925} INFO - DAG(s) 'read_dataset_event_from_classic', 'read_dataset_event' retrieved from /home/airflow/.local/lib/python3.12/site-packages/airflow/example_dags/example_inlet_event_extra.py
[2025-01-28T22:09:56.621+0000] {logging_mixin.py:190} INFO - [2025-01-28T22:09:56.620+0000] {dag.py:3239} INFO - Sync 2 DAGs
[2025-01-28T22:09:56.649+0000] {logging_mixin.py:190} INFO - [2025-01-28T22:09:56.648+0000] {dag.py:4180} INFO - Setting next_dagrun for read_dataset_event to 2025-01-27 00:00:00+00:00, run_after=2025-01-28 00:00:00+00:00
[2025-01-28T22:09:56.655+0000] {logging_mixin.py:190} INFO - [2025-01-28T22:09:56.655+0000] {dag.py:4180} INFO - Setting next_dagrun for read_dataset_event_from_classic to 2025-01-27 00:00:00+00:00, run_after=2025-01-28 00:00:00+00:00
[2025-01-28T22:09:56.681+0000] {processor.py:208} INFO - Processing /home/airflow/.local/lib/python3.12/site-packages/airflow/example_dags/example_inlet_event_extra.py took 0.784 seconds
[2025-01-28T22:10:27.316+0000] {processor.py:186} INFO - Started process (PID=228) to work on /home/airflow/.local/lib/python3.12/site-packages/airflow/example_dags/example_inlet_event_extra.py
[2025-01-28T22:10:27.317+0000] {processor.py:914} INFO - Processing file /home/airflow/.local/lib/python3.12/site-packages/airflow/example_dags/example_inlet_event_extra.py for tasks to queue
[2025-01-28T22:10:27.321+0000] {logging_mixin.py:190} INFO - [2025-01-28T22:10:27.320+0000] {dagbag.py:588} INFO - Filling up the DagBag from /home/airflow/.local/lib/python3.12/site-packages/airflow/example_dags/example_inlet_event_extra.py
[2025-01-28T22:10:27.923+0000] {processor.py:925} INFO - DAG(s) 'read_dataset_event_from_classic', 'read_dataset_event' retrieved from /home/airflow/.local/lib/python3.12/site-packages/airflow/example_dags/example_inlet_event_extra.py
[2025-01-28T22:10:27.945+0000] {logging_mixin.py:190} INFO - [2025-01-28T22:10:27.945+0000] {dag.py:3239} INFO - Sync 2 DAGs
[2025-01-28T22:10:27.972+0000] {logging_mixin.py:190} INFO - [2025-01-28T22:10:27.972+0000] {dag.py:4180} INFO - Setting next_dagrun for read_dataset_event to 2025-01-27 00:00:00+00:00, run_after=2025-01-28 00:00:00+00:00
[2025-01-28T22:10:27.978+0000] {logging_mixin.py:190} INFO - [2025-01-28T22:10:27.978+0000] {dag.py:4180} INFO - Setting next_dagrun for read_dataset_event_from_classic to 2025-01-27 00:00:00+00:00, run_after=2025-01-28 00:00:00+00:00
[2025-01-28T22:10:28.000+0000] {processor.py:208} INFO - Processing /home/airflow/.local/lib/python3.12/site-packages/airflow/example_dags/example_inlet_event_extra.py took 0.692 seconds
[2025-01-28T22:10:58.643+0000] {processor.py:186} INFO - Started process (PID=291) to work on /home/airflow/.local/lib/python3.12/site-packages/airflow/example_dags/example_inlet_event_extra.py
[2025-01-28T22:10:58.644+0000] {processor.py:914} INFO - Processing file /home/airflow/.local/lib/python3.12/site-packages/airflow/example_dags/example_inlet_event_extra.py for tasks to queue
[2025-01-28T22:10:58.646+0000] {logging_mixin.py:190} INFO - [2025-01-28T22:10:58.646+0000] {dagbag.py:588} INFO - Filling up the DagBag from /home/airflow/.local/lib/python3.12/site-packages/airflow/example_dags/example_inlet_event_extra.py
[2025-01-28T22:10:59.267+0000] {processor.py:925} INFO - DAG(s) 'read_dataset_event', 'read_dataset_event_from_classic' retrieved from /home/airflow/.local/lib/python3.12/site-packages/airflow/example_dags/example_inlet_event_extra.py
[2025-01-28T22:10:59.289+0000] {logging_mixin.py:190} INFO - [2025-01-28T22:10:59.289+0000] {dag.py:3239} INFO - Sync 2 DAGs
[2025-01-28T22:10:59.324+0000] {logging_mixin.py:190} INFO - [2025-01-28T22:10:59.324+0000] {dag.py:4180} INFO - Setting next_dagrun for read_dataset_event to 2025-01-27 00:00:00+00:00, run_after=2025-01-28 00:00:00+00:00
[2025-01-28T22:10:59.331+0000] {logging_mixin.py:190} INFO - [2025-01-28T22:10:59.331+0000] {dag.py:4180} INFO - Setting next_dagrun for read_dataset_event_from_classic to 2025-01-27 00:00:00+00:00, run_after=2025-01-28 00:00:00+00:00
[2025-01-28T22:10:59.364+0000] {processor.py:208} INFO - Processing /home/airflow/.local/lib/python3.12/site-packages/airflow/example_dags/example_inlet_event_extra.py took 0.728 seconds
[2025-01-28T22:11:29.892+0000] {processor.py:186} INFO - Started process (PID=354) to work on /home/airflow/.local/lib/python3.12/site-packages/airflow/example_dags/example_inlet_event_extra.py
[2025-01-28T22:11:29.894+0000] {processor.py:914} INFO - Processing file /home/airflow/.local/lib/python3.12/site-packages/airflow/example_dags/example_inlet_event_extra.py for tasks to queue
[2025-01-28T22:11:29.896+0000] {logging_mixin.py:190} INFO - [2025-01-28T22:11:29.896+0000] {dagbag.py:588} INFO - Filling up the DagBag from /home/airflow/.local/lib/python3.12/site-packages/airflow/example_dags/example_inlet_event_extra.py
[2025-01-28T22:11:30.545+0000] {processor.py:925} INFO - DAG(s) 'read_dataset_event', 'read_dataset_event_from_classic' retrieved from /home/airflow/.local/lib/python3.12/site-packages/airflow/example_dags/example_inlet_event_extra.py
[2025-01-28T22:11:30.567+0000] {logging_mixin.py:190} INFO - [2025-01-28T22:11:30.567+0000] {dag.py:3239} INFO - Sync 2 DAGs
[2025-01-28T22:11:30.595+0000] {logging_mixin.py:190} INFO - [2025-01-28T22:11:30.594+0000] {dag.py:4180} INFO - Setting next_dagrun for read_dataset_event to 2025-01-27 00:00:00+00:00, run_after=2025-01-28 00:00:00+00:00
[2025-01-28T22:11:30.601+0000] {logging_mixin.py:190} INFO - [2025-01-28T22:11:30.601+0000] {dag.py:4180} INFO - Setting next_dagrun for read_dataset_event_from_classic to 2025-01-27 00:00:00+00:00, run_after=2025-01-28 00:00:00+00:00
[2025-01-28T22:11:30.624+0000] {processor.py:208} INFO - Processing /home/airflow/.local/lib/python3.12/site-packages/airflow/example_dags/example_inlet_event_extra.py took 0.738 seconds
[2025-01-28T22:12:00.921+0000] {processor.py:186} INFO - Started process (PID=417) to work on /home/airflow/.local/lib/python3.12/site-packages/airflow/example_dags/example_inlet_event_extra.py
[2025-01-28T22:12:00.922+0000] {processor.py:914} INFO - Processing file /home/airflow/.local/lib/python3.12/site-packages/airflow/example_dags/example_inlet_event_extra.py for tasks to queue
[2025-01-28T22:12:00.927+0000] {logging_mixin.py:190} INFO - [2025-01-28T22:12:00.926+0000] {dagbag.py:588} INFO - Filling up the DagBag from /home/airflow/.local/lib/python3.12/site-packages/airflow/example_dags/example_inlet_event_extra.py
[2025-01-28T22:12:01.543+0000] {processor.py:925} INFO - DAG(s) 'read_dataset_event', 'read_dataset_event_from_classic' retrieved from /home/airflow/.local/lib/python3.12/site-packages/airflow/example_dags/example_inlet_event_extra.py
[2025-01-28T22:12:01.567+0000] {logging_mixin.py:190} INFO - [2025-01-28T22:12:01.566+0000] {dag.py:3239} INFO - Sync 2 DAGs
[2025-01-28T22:12:01.593+0000] {logging_mixin.py:190} INFO - [2025-01-28T22:12:01.593+0000] {dag.py:4180} INFO - Setting next_dagrun for read_dataset_event to 2025-01-27 00:00:00+00:00, run_after=2025-01-28 00:00:00+00:00
[2025-01-28T22:12:01.599+0000] {logging_mixin.py:190} INFO - [2025-01-28T22:12:01.598+0000] {dag.py:4180} INFO - Setting next_dagrun for read_dataset_event_from_classic to 2025-01-27 00:00:00+00:00, run_after=2025-01-28 00:00:00+00:00
[2025-01-28T22:12:01.620+0000] {processor.py:208} INFO - Processing /home/airflow/.local/lib/python3.12/site-packages/airflow/example_dags/example_inlet_event_extra.py took 0.706 seconds
[2025-01-28T22:12:32.070+0000] {processor.py:186} INFO - Started process (PID=480) to work on /home/airflow/.local/lib/python3.12/site-packages/airflow/example_dags/example_inlet_event_extra.py
[2025-01-28T22:12:32.071+0000] {processor.py:914} INFO - Processing file /home/airflow/.local/lib/python3.12/site-packages/airflow/example_dags/example_inlet_event_extra.py for tasks to queue
[2025-01-28T22:12:32.074+0000] {logging_mixin.py:190} INFO - [2025-01-28T22:12:32.073+0000] {dagbag.py:588} INFO - Filling up the DagBag from /home/airflow/.local/lib/python3.12/site-packages/airflow/example_dags/example_inlet_event_extra.py
[2025-01-28T22:12:32.721+0000] {processor.py:925} INFO - DAG(s) 'read_dataset_event_from_classic', 'read_dataset_event' retrieved from /home/airflow/.local/lib/python3.12/site-packages/airflow/example_dags/example_inlet_event_extra.py
[2025-01-28T22:12:32.744+0000] {logging_mixin.py:190} INFO - [2025-01-28T22:12:32.744+0000] {dag.py:3239} INFO - Sync 2 DAGs
[2025-01-28T22:12:32.772+0000] {logging_mixin.py:190} INFO - [2025-01-28T22:12:32.772+0000] {dag.py:4180} INFO - Setting next_dagrun for read_dataset_event to 2025-01-27 00:00:00+00:00, run_after=2025-01-28 00:00:00+00:00
[2025-01-28T22:12:32.778+0000] {logging_mixin.py:190} INFO - [2025-01-28T22:12:32.777+0000] {dag.py:4180} INFO - Setting next_dagrun for read_dataset_event_from_classic to 2025-01-27 00:00:00+00:00, run_after=2025-01-28 00:00:00+00:00
[2025-01-28T22:12:32.799+0000] {processor.py:208} INFO - Processing /home/airflow/.local/lib/python3.12/site-packages/airflow/example_dags/example_inlet_event_extra.py took 0.736 seconds
[2025-01-28T22:13:03.373+0000] {processor.py:186} INFO - Started process (PID=543) to work on /home/airflow/.local/lib/python3.12/site-packages/airflow/example_dags/example_inlet_event_extra.py
[2025-01-28T22:13:03.374+0000] {processor.py:914} INFO - Processing file /home/airflow/.local/lib/python3.12/site-packages/airflow/example_dags/example_inlet_event_extra.py for tasks to queue
[2025-01-28T22:13:03.378+0000] {logging_mixin.py:190} INFO - [2025-01-28T22:13:03.377+0000] {dagbag.py:588} INFO - Filling up the DagBag from /home/airflow/.local/lib/python3.12/site-packages/airflow/example_dags/example_inlet_event_extra.py
[2025-01-28T22:13:04.012+0000] {processor.py:925} INFO - DAG(s) 'read_dataset_event_from_classic', 'read_dataset_event' retrieved from /home/airflow/.local/lib/python3.12/site-packages/airflow/example_dags/example_inlet_event_extra.py
[2025-01-28T22:13:04.034+0000] {logging_mixin.py:190} INFO - [2025-01-28T22:13:04.034+0000] {dag.py:3239} INFO - Sync 2 DAGs
[2025-01-28T22:13:04.061+0000] {logging_mixin.py:190} INFO - [2025-01-28T22:13:04.060+0000] {dag.py:4180} INFO - Setting next_dagrun for read_dataset_event to 2025-01-27 00:00:00+00:00, run_after=2025-01-28 00:00:00+00:00
[2025-01-28T22:13:04.066+0000] {logging_mixin.py:190} INFO - [2025-01-28T22:13:04.066+0000] {dag.py:4180} INFO - Setting next_dagrun for read_dataset_event_from_classic to 2025-01-27 00:00:00+00:00, run_after=2025-01-28 00:00:00+00:00
[2025-01-28T22:13:04.101+0000] {processor.py:208} INFO - Processing /home/airflow/.local/lib/python3.12/site-packages/airflow/example_dags/example_inlet_event_extra.py took 0.734 seconds
[2025-01-28T22:13:35.021+0000] {processor.py:186} INFO - Started process (PID=606) to work on /home/airflow/.local/lib/python3.12/site-packages/airflow/example_dags/example_inlet_event_extra.py
[2025-01-28T22:13:35.022+0000] {processor.py:914} INFO - Processing file /home/airflow/.local/lib/python3.12/site-packages/airflow/example_dags/example_inlet_event_extra.py for tasks to queue
[2025-01-28T22:13:35.025+0000] {logging_mixin.py:190} INFO - [2025-01-28T22:13:35.025+0000] {dagbag.py:588} INFO - Filling up the DagBag from /home/airflow/.local/lib/python3.12/site-packages/airflow/example_dags/example_inlet_event_extra.py
[2025-01-28T22:13:35.670+0000] {processor.py:925} INFO - DAG(s) 'read_dataset_event', 'read_dataset_event_from_classic' retrieved from /home/airflow/.local/lib/python3.12/site-packages/airflow/example_dags/example_inlet_event_extra.py
[2025-01-28T22:13:35.692+0000] {logging_mixin.py:190} INFO - [2025-01-28T22:13:35.692+0000] {dag.py:3239} INFO - Sync 2 DAGs
[2025-01-28T22:13:35.718+0000] {logging_mixin.py:190} INFO - [2025-01-28T22:13:35.718+0000] {dag.py:4180} INFO - Setting next_dagrun for read_dataset_event to 2025-01-27 00:00:00+00:00, run_after=2025-01-28 00:00:00+00:00
[2025-01-28T22:13:35.724+0000] {logging_mixin.py:190} INFO - [2025-01-28T22:13:35.724+0000] {dag.py:4180} INFO - Setting next_dagrun for read_dataset_event_from_classic to 2025-01-27 00:00:00+00:00, run_after=2025-01-28 00:00:00+00:00
[2025-01-28T22:13:35.754+0000] {processor.py:208} INFO - Processing /home/airflow/.local/lib/python3.12/site-packages/airflow/example_dags/example_inlet_event_extra.py took 0.739 seconds
[2025-01-28T22:14:06.260+0000] {processor.py:186} INFO - Started process (PID=669) to work on /home/airflow/.local/lib/python3.12/site-packages/airflow/example_dags/example_inlet_event_extra.py
[2025-01-28T22:14:06.262+0000] {processor.py:914} INFO - Processing file /home/airflow/.local/lib/python3.12/site-packages/airflow/example_dags/example_inlet_event_extra.py for tasks to queue
[2025-01-28T22:14:06.265+0000] {logging_mixin.py:190} INFO - [2025-01-28T22:14:06.265+0000] {dagbag.py:588} INFO - Filling up the DagBag from /home/airflow/.local/lib/python3.12/site-packages/airflow/example_dags/example_inlet_event_extra.py
[2025-01-28T22:14:06.905+0000] {processor.py:925} INFO - DAG(s) 'read_dataset_event', 'read_dataset_event_from_classic' retrieved from /home/airflow/.local/lib/python3.12/site-packages/airflow/example_dags/example_inlet_event_extra.py
[2025-01-28T22:14:06.929+0000] {logging_mixin.py:190} INFO - [2025-01-28T22:14:06.928+0000] {dag.py:3239} INFO - Sync 2 DAGs
[2025-01-28T22:14:06.955+0000] {logging_mixin.py:190} INFO - [2025-01-28T22:14:06.955+0000] {dag.py:4180} INFO - Setting next_dagrun for read_dataset_event to 2025-01-27 00:00:00+00:00, run_after=2025-01-28 00:00:00+00:00
[2025-01-28T22:14:06.961+0000] {logging_mixin.py:190} INFO - [2025-01-28T22:14:06.961+0000] {dag.py:4180} INFO - Setting next_dagrun for read_dataset_event_from_classic to 2025-01-27 00:00:00+00:00, run_after=2025-01-28 00:00:00+00:00
[2025-01-28T22:14:06.982+0000] {processor.py:208} INFO - Processing /home/airflow/.local/lib/python3.12/site-packages/airflow/example_dags/example_inlet_event_extra.py took 0.728 seconds
[2025-01-28T22:14:37.053+0000] {processor.py:186} INFO - Started process (PID=732) to work on /home/airflow/.local/lib/python3.12/site-packages/airflow/example_dags/example_inlet_event_extra.py
[2025-01-28T22:14:37.055+0000] {processor.py:914} INFO - Processing file /home/airflow/.local/lib/python3.12/site-packages/airflow/example_dags/example_inlet_event_extra.py for tasks to queue
[2025-01-28T22:14:37.058+0000] {logging_mixin.py:190} INFO - [2025-01-28T22:14:37.058+0000] {dagbag.py:588} INFO - Filling up the DagBag from /home/airflow/.local/lib/python3.12/site-packages/airflow/example_dags/example_inlet_event_extra.py
[2025-01-28T22:14:37.679+0000] {processor.py:925} INFO - DAG(s) 'read_dataset_event_from_classic', 'read_dataset_event' retrieved from /home/airflow/.local/lib/python3.12/site-packages/airflow/example_dags/example_inlet_event_extra.py
[2025-01-28T22:14:37.702+0000] {logging_mixin.py:190} INFO - [2025-01-28T22:14:37.702+0000] {dag.py:3239} INFO - Sync 2 DAGs
[2025-01-28T22:14:37.729+0000] {logging_mixin.py:190} INFO - [2025-01-28T22:14:37.729+0000] {dag.py:4180} INFO - Setting next_dagrun for read_dataset_event to 2025-01-27 00:00:00+00:00, run_after=2025-01-28 00:00:00+00:00
[2025-01-28T22:14:37.735+0000] {logging_mixin.py:190} INFO - [2025-01-28T22:14:37.735+0000] {dag.py:4180} INFO - Setting next_dagrun for read_dataset_event_from_classic to 2025-01-27 00:00:00+00:00, run_after=2025-01-28 00:00:00+00:00
[2025-01-28T22:14:37.758+0000] {processor.py:208} INFO - Processing /home/airflow/.local/lib/python3.12/site-packages/airflow/example_dags/example_inlet_event_extra.py took 0.711 seconds
[2025-01-28T22:15:08.663+0000] {processor.py:186} INFO - Started process (PID=795) to work on /home/airflow/.local/lib/python3.12/site-packages/airflow/example_dags/example_inlet_event_extra.py
[2025-01-28T22:15:08.665+0000] {processor.py:914} INFO - Processing file /home/airflow/.local/lib/python3.12/site-packages/airflow/example_dags/example_inlet_event_extra.py for tasks to queue
[2025-01-28T22:15:08.668+0000] {logging_mixin.py:190} INFO - [2025-01-28T22:15:08.668+0000] {dagbag.py:588} INFO - Filling up the DagBag from /home/airflow/.local/lib/python3.12/site-packages/airflow/example_dags/example_inlet_event_extra.py
[2025-01-28T22:15:09.289+0000] {processor.py:925} INFO - DAG(s) 'read_dataset_event_from_classic', 'read_dataset_event' retrieved from /home/airflow/.local/lib/python3.12/site-packages/airflow/example_dags/example_inlet_event_extra.py
[2025-01-28T22:15:09.315+0000] {logging_mixin.py:190} INFO - [2025-01-28T22:15:09.315+0000] {dag.py:3239} INFO - Sync 2 DAGs
[2025-01-28T22:15:09.341+0000] {logging_mixin.py:190} INFO - [2025-01-28T22:15:09.341+0000] {dag.py:4180} INFO - Setting next_dagrun for read_dataset_event to 2025-01-27 00:00:00+00:00, run_after=2025-01-28 00:00:00+00:00
[2025-01-28T22:15:09.347+0000] {logging_mixin.py:190} INFO - [2025-01-28T22:15:09.347+0000] {dag.py:4180} INFO - Setting next_dagrun for read_dataset_event_from_classic to 2025-01-27 00:00:00+00:00, run_after=2025-01-28 00:00:00+00:00
[2025-01-28T22:15:09.369+0000] {processor.py:208} INFO - Processing /home/airflow/.local/lib/python3.12/site-packages/airflow/example_dags/example_inlet_event_extra.py took 0.712 seconds
[2025-01-28T22:15:40.232+0000] {processor.py:186} INFO - Started process (PID=858) to work on /home/airflow/.local/lib/python3.12/site-packages/airflow/example_dags/example_inlet_event_extra.py
[2025-01-28T22:15:40.233+0000] {processor.py:914} INFO - Processing file /home/airflow/.local/lib/python3.12/site-packages/airflow/example_dags/example_inlet_event_extra.py for tasks to queue
[2025-01-28T22:15:40.236+0000] {logging_mixin.py:190} INFO - [2025-01-28T22:15:40.235+0000] {dagbag.py:588} INFO - Filling up the DagBag from /home/airflow/.local/lib/python3.12/site-packages/airflow/example_dags/example_inlet_event_extra.py
[2025-01-28T22:15:40.865+0000] {processor.py:925} INFO - DAG(s) 'read_dataset_event', 'read_dataset_event_from_classic' retrieved from /home/airflow/.local/lib/python3.12/site-packages/airflow/example_dags/example_inlet_event_extra.py
[2025-01-28T22:15:40.887+0000] {logging_mixin.py:190} INFO - [2025-01-28T22:15:40.887+0000] {dag.py:3239} INFO - Sync 2 DAGs
[2025-01-28T22:15:40.913+0000] {logging_mixin.py:190} INFO - [2025-01-28T22:15:40.913+0000] {dag.py:4180} INFO - Setting next_dagrun for read_dataset_event to 2025-01-27 00:00:00+00:00, run_after=2025-01-28 00:00:00+00:00
[2025-01-28T22:15:40.919+0000] {logging_mixin.py:190} INFO - [2025-01-28T22:15:40.919+0000] {dag.py:4180} INFO - Setting next_dagrun for read_dataset_event_from_classic to 2025-01-27 00:00:00+00:00, run_after=2025-01-28 00:00:00+00:00
[2025-01-28T22:15:40.939+0000] {processor.py:208} INFO - Processing /home/airflow/.local/lib/python3.12/site-packages/airflow/example_dags/example_inlet_event_extra.py took 0.714 seconds
[2025-01-28T22:16:11.673+0000] {processor.py:186} INFO - Started process (PID=922) to work on /home/airflow/.local/lib/python3.12/site-packages/airflow/example_dags/example_inlet_event_extra.py
[2025-01-28T22:16:11.674+0000] {processor.py:914} INFO - Processing file /home/airflow/.local/lib/python3.12/site-packages/airflow/example_dags/example_inlet_event_extra.py for tasks to queue
[2025-01-28T22:16:11.677+0000] {logging_mixin.py:190} INFO - [2025-01-28T22:16:11.676+0000] {dagbag.py:588} INFO - Filling up the DagBag from /home/airflow/.local/lib/python3.12/site-packages/airflow/example_dags/example_inlet_event_extra.py
[2025-01-28T22:16:12.314+0000] {processor.py:925} INFO - DAG(s) 'read_dataset_event', 'read_dataset_event_from_classic' retrieved from /home/airflow/.local/lib/python3.12/site-packages/airflow/example_dags/example_inlet_event_extra.py
[2025-01-28T22:16:12.339+0000] {logging_mixin.py:190} INFO - [2025-01-28T22:16:12.338+0000] {dag.py:3239} INFO - Sync 2 DAGs
[2025-01-28T22:16:12.365+0000] {logging_mixin.py:190} INFO - [2025-01-28T22:16:12.365+0000] {dag.py:4180} INFO - Setting next_dagrun for read_dataset_event to 2025-01-27 00:00:00+00:00, run_after=2025-01-28 00:00:00+00:00
[2025-01-28T22:16:12.373+0000] {logging_mixin.py:190} INFO - [2025-01-28T22:16:12.373+0000] {dag.py:4180} INFO - Setting next_dagrun for read_dataset_event_from_classic to 2025-01-27 00:00:00+00:00, run_after=2025-01-28 00:00:00+00:00
[2025-01-28T22:16:12.400+0000] {processor.py:208} INFO - Processing /home/airflow/.local/lib/python3.12/site-packages/airflow/example_dags/example_inlet_event_extra.py took 0.733 seconds
[2025-01-28T22:16:43.405+0000] {processor.py:186} INFO - Started process (PID=985) to work on /home/airflow/.local/lib/python3.12/site-packages/airflow/example_dags/example_inlet_event_extra.py
[2025-01-28T22:16:43.407+0000] {processor.py:914} INFO - Processing file /home/airflow/.local/lib/python3.12/site-packages/airflow/example_dags/example_inlet_event_extra.py for tasks to queue
[2025-01-28T22:16:43.410+0000] {logging_mixin.py:190} INFO - [2025-01-28T22:16:43.409+0000] {dagbag.py:588} INFO - Filling up the DagBag from /home/airflow/.local/lib/python3.12/site-packages/airflow/example_dags/example_inlet_event_extra.py
[2025-01-28T22:16:44.066+0000] {processor.py:925} INFO - DAG(s) 'read_dataset_event', 'read_dataset_event_from_classic' retrieved from /home/airflow/.local/lib/python3.12/site-packages/airflow/example_dags/example_inlet_event_extra.py
[2025-01-28T22:16:44.088+0000] {logging_mixin.py:190} INFO - [2025-01-28T22:16:44.088+0000] {dag.py:3239} INFO - Sync 2 DAGs
[2025-01-28T22:16:44.117+0000] {logging_mixin.py:190} INFO - [2025-01-28T22:16:44.116+0000] {dag.py:4180} INFO - Setting next_dagrun for read_dataset_event to 2025-01-27 00:00:00+00:00, run_after=2025-01-28 00:00:00+00:00
[2025-01-28T22:16:44.123+0000] {logging_mixin.py:190} INFO - [2025-01-28T22:16:44.122+0000] {dag.py:4180} INFO - Setting next_dagrun for read_dataset_event_from_classic to 2025-01-27 00:00:00+00:00, run_after=2025-01-28 00:00:00+00:00
[2025-01-28T22:16:44.156+0000] {processor.py:208} INFO - Processing /home/airflow/.local/lib/python3.12/site-packages/airflow/example_dags/example_inlet_event_extra.py took 0.757 seconds
[2025-01-28T22:17:14.838+0000] {processor.py:186} INFO - Started process (PID=1048) to work on /home/airflow/.local/lib/python3.12/site-packages/airflow/example_dags/example_inlet_event_extra.py
[2025-01-28T22:17:14.839+0000] {processor.py:914} INFO - Processing file /home/airflow/.local/lib/python3.12/site-packages/airflow/example_dags/example_inlet_event_extra.py for tasks to queue
[2025-01-28T22:17:14.842+0000] {logging_mixin.py:190} INFO - [2025-01-28T22:17:14.841+0000] {dagbag.py:588} INFO - Filling up the DagBag from /home/airflow/.local/lib/python3.12/site-packages/airflow/example_dags/example_inlet_event_extra.py
[2025-01-28T22:17:15.460+0000] {processor.py:925} INFO - DAG(s) 'read_dataset_event_from_classic', 'read_dataset_event' retrieved from /home/airflow/.local/lib/python3.12/site-packages/airflow/example_dags/example_inlet_event_extra.py
[2025-01-28T22:17:15.480+0000] {logging_mixin.py:190} INFO - [2025-01-28T22:17:15.479+0000] {dag.py:3239} INFO - Sync 2 DAGs
[2025-01-28T22:17:15.507+0000] {logging_mixin.py:190} INFO - [2025-01-28T22:17:15.507+0000] {dag.py:4180} INFO - Setting next_dagrun for read_dataset_event to 2025-01-27 00:00:00+00:00, run_after=2025-01-28 00:00:00+00:00
[2025-01-28T22:17:15.519+0000] {logging_mixin.py:190} INFO - [2025-01-28T22:17:15.519+0000] {dag.py:4180} INFO - Setting next_dagrun for read_dataset_event_from_classic to 2025-01-27 00:00:00+00:00, run_after=2025-01-28 00:00:00+00:00
[2025-01-28T22:17:15.541+0000] {processor.py:208} INFO - Processing /home/airflow/.local/lib/python3.12/site-packages/airflow/example_dags/example_inlet_event_extra.py took 0.710 seconds
[2025-01-28T22:17:46.203+0000] {processor.py:186} INFO - Started process (PID=1111) to work on /home/airflow/.local/lib/python3.12/site-packages/airflow/example_dags/example_inlet_event_extra.py
[2025-01-28T22:17:46.205+0000] {processor.py:914} INFO - Processing file /home/airflow/.local/lib/python3.12/site-packages/airflow/example_dags/example_inlet_event_extra.py for tasks to queue
[2025-01-28T22:17:46.208+0000] {logging_mixin.py:190} INFO - [2025-01-28T22:17:46.207+0000] {dagbag.py:588} INFO - Filling up the DagBag from /home/airflow/.local/lib/python3.12/site-packages/airflow/example_dags/example_inlet_event_extra.py
[2025-01-28T22:17:46.849+0000] {processor.py:925} INFO - DAG(s) 'read_dataset_event_from_classic', 'read_dataset_event' retrieved from /home/airflow/.local/lib/python3.12/site-packages/airflow/example_dags/example_inlet_event_extra.py
[2025-01-28T22:17:46.872+0000] {logging_mixin.py:190} INFO - [2025-01-28T22:17:46.872+0000] {dag.py:3239} INFO - Sync 2 DAGs
[2025-01-28T22:17:46.899+0000] {logging_mixin.py:190} INFO - [2025-01-28T22:17:46.899+0000] {dag.py:4180} INFO - Setting next_dagrun for read_dataset_event to 2025-01-27 00:00:00+00:00, run_after=2025-01-28 00:00:00+00:00
[2025-01-28T22:17:46.909+0000] {logging_mixin.py:190} INFO - [2025-01-28T22:17:46.909+0000] {dag.py:4180} INFO - Setting next_dagrun for read_dataset_event_from_classic to 2025-01-27 00:00:00+00:00, run_after=2025-01-28 00:00:00+00:00
[2025-01-28T22:17:46.929+0000] {processor.py:208} INFO - Processing /home/airflow/.local/lib/python3.12/site-packages/airflow/example_dags/example_inlet_event_extra.py took 0.732 seconds
[2025-01-28T22:18:17.866+0000] {processor.py:186} INFO - Started process (PID=1174) to work on /home/airflow/.local/lib/python3.12/site-packages/airflow/example_dags/example_inlet_event_extra.py
[2025-01-28T22:18:17.868+0000] {processor.py:914} INFO - Processing file /home/airflow/.local/lib/python3.12/site-packages/airflow/example_dags/example_inlet_event_extra.py for tasks to queue
[2025-01-28T22:18:17.871+0000] {logging_mixin.py:190} INFO - [2025-01-28T22:18:17.870+0000] {dagbag.py:588} INFO - Filling up the DagBag from /home/airflow/.local/lib/python3.12/site-packages/airflow/example_dags/example_inlet_event_extra.py
[2025-01-28T22:18:18.496+0000] {processor.py:925} INFO - DAG(s) 'read_dataset_event', 'read_dataset_event_from_classic' retrieved from /home/airflow/.local/lib/python3.12/site-packages/airflow/example_dags/example_inlet_event_extra.py
[2025-01-28T22:18:18.517+0000] {logging_mixin.py:190} INFO - [2025-01-28T22:18:18.517+0000] {dag.py:3239} INFO - Sync 2 DAGs
[2025-01-28T22:18:18.543+0000] {logging_mixin.py:190} INFO - [2025-01-28T22:18:18.543+0000] {dag.py:4180} INFO - Setting next_dagrun for read_dataset_event to 2025-01-27 00:00:00+00:00, run_after=2025-01-28 00:00:00+00:00
[2025-01-28T22:18:18.549+0000] {logging_mixin.py:190} INFO - [2025-01-28T22:18:18.548+0000] {dag.py:4180} INFO - Setting next_dagrun for read_dataset_event_from_classic to 2025-01-27 00:00:00+00:00, run_after=2025-01-28 00:00:00+00:00
[2025-01-28T22:18:18.567+0000] {processor.py:208} INFO - Processing /home/airflow/.local/lib/python3.12/site-packages/airflow/example_dags/example_inlet_event_extra.py took 0.708 seconds
[2025-01-28T22:18:49.082+0000] {processor.py:186} INFO - Started process (PID=1237) to work on /home/airflow/.local/lib/python3.12/site-packages/airflow/example_dags/example_inlet_event_extra.py
[2025-01-28T22:18:49.084+0000] {processor.py:914} INFO - Processing file /home/airflow/.local/lib/python3.12/site-packages/airflow/example_dags/example_inlet_event_extra.py for tasks to queue
[2025-01-28T22:18:49.087+0000] {logging_mixin.py:190} INFO - [2025-01-28T22:18:49.086+0000] {dagbag.py:588} INFO - Filling up the DagBag from /home/airflow/.local/lib/python3.12/site-packages/airflow/example_dags/example_inlet_event_extra.py
[2025-01-28T22:18:49.798+0000] {processor.py:925} INFO - DAG(s) 'read_dataset_event_from_classic', 'read_dataset_event' retrieved from /home/airflow/.local/lib/python3.12/site-packages/airflow/example_dags/example_inlet_event_extra.py
[2025-01-28T22:18:49.822+0000] {logging_mixin.py:190} INFO - [2025-01-28T22:18:49.822+0000] {dag.py:3239} INFO - Sync 2 DAGs
[2025-01-28T22:18:49.849+0000] {logging_mixin.py:190} INFO - [2025-01-28T22:18:49.849+0000] {dag.py:4180} INFO - Setting next_dagrun for read_dataset_event to 2025-01-27 00:00:00+00:00, run_after=2025-01-28 00:00:00+00:00
[2025-01-28T22:18:49.856+0000] {logging_mixin.py:190} INFO - [2025-01-28T22:18:49.855+0000] {dag.py:4180} INFO - Setting next_dagrun for read_dataset_event_from_classic to 2025-01-27 00:00:00+00:00, run_after=2025-01-28 00:00:00+00:00
[2025-01-28T22:18:49.876+0000] {processor.py:208} INFO - Processing /home/airflow/.local/lib/python3.12/site-packages/airflow/example_dags/example_inlet_event_extra.py took 0.801 seconds
[2025-01-28T22:19:20.322+0000] {processor.py:186} INFO - Started process (PID=1300) to work on /home/airflow/.local/lib/python3.12/site-packages/airflow/example_dags/example_inlet_event_extra.py
[2025-01-28T22:19:20.324+0000] {processor.py:914} INFO - Processing file /home/airflow/.local/lib/python3.12/site-packages/airflow/example_dags/example_inlet_event_extra.py for tasks to queue
[2025-01-28T22:19:20.327+0000] {logging_mixin.py:190} INFO - [2025-01-28T22:19:20.327+0000] {dagbag.py:588} INFO - Filling up the DagBag from /home/airflow/.local/lib/python3.12/site-packages/airflow/example_dags/example_inlet_event_extra.py
[2025-01-28T22:19:20.970+0000] {processor.py:925} INFO - DAG(s) 'read_dataset_event', 'read_dataset_event_from_classic' retrieved from /home/airflow/.local/lib/python3.12/site-packages/airflow/example_dags/example_inlet_event_extra.py
[2025-01-28T22:19:20.996+0000] {logging_mixin.py:190} INFO - [2025-01-28T22:19:20.996+0000] {dag.py:3239} INFO - Sync 2 DAGs
[2025-01-28T22:19:21.025+0000] {logging_mixin.py:190} INFO - [2025-01-28T22:19:21.025+0000] {dag.py:4180} INFO - Setting next_dagrun for read_dataset_event to 2025-01-27 00:00:00+00:00, run_after=2025-01-28 00:00:00+00:00
[2025-01-28T22:19:21.031+0000] {logging_mixin.py:190} INFO - [2025-01-28T22:19:21.031+0000] {dag.py:4180} INFO - Setting next_dagrun for read_dataset_event_from_classic to 2025-01-27 00:00:00+00:00, run_after=2025-01-28 00:00:00+00:00
[2025-01-28T22:19:21.056+0000] {processor.py:208} INFO - Processing /home/airflow/.local/lib/python3.12/site-packages/airflow/example_dags/example_inlet_event_extra.py took 0.740 seconds
[2025-01-28T22:19:51.570+0000] {processor.py:186} INFO - Started process (PID=1363) to work on /home/airflow/.local/lib/python3.12/site-packages/airflow/example_dags/example_inlet_event_extra.py
[2025-01-28T22:19:51.573+0000] {processor.py:914} INFO - Processing file /home/airflow/.local/lib/python3.12/site-packages/airflow/example_dags/example_inlet_event_extra.py for tasks to queue
[2025-01-28T22:19:51.576+0000] {logging_mixin.py:190} INFO - [2025-01-28T22:19:51.575+0000] {dagbag.py:588} INFO - Filling up the DagBag from /home/airflow/.local/lib/python3.12/site-packages/airflow/example_dags/example_inlet_event_extra.py
[2025-01-28T22:19:52.199+0000] {processor.py:925} INFO - DAG(s) 'read_dataset_event', 'read_dataset_event_from_classic' retrieved from /home/airflow/.local/lib/python3.12/site-packages/airflow/example_dags/example_inlet_event_extra.py
[2025-01-28T22:19:52.226+0000] {logging_mixin.py:190} INFO - [2025-01-28T22:19:52.226+0000] {dag.py:3239} INFO - Sync 2 DAGs
[2025-01-28T22:19:52.256+0000] {logging_mixin.py:190} INFO - [2025-01-28T22:19:52.256+0000] {dag.py:4180} INFO - Setting next_dagrun for read_dataset_event to 2025-01-27 00:00:00+00:00, run_after=2025-01-28 00:00:00+00:00
[2025-01-28T22:19:52.262+0000] {logging_mixin.py:190} INFO - [2025-01-28T22:19:52.262+0000] {dag.py:4180} INFO - Setting next_dagrun for read_dataset_event_from_classic to 2025-01-27 00:00:00+00:00, run_after=2025-01-28 00:00:00+00:00
[2025-01-28T22:19:52.288+0000] {processor.py:208} INFO - Processing /home/airflow/.local/lib/python3.12/site-packages/airflow/example_dags/example_inlet_event_extra.py took 0.724 seconds
[2025-01-28T22:20:22.934+0000] {processor.py:186} INFO - Started process (PID=1426) to work on /home/airflow/.local/lib/python3.12/site-packages/airflow/example_dags/example_inlet_event_extra.py
[2025-01-28T22:20:22.935+0000] {processor.py:914} INFO - Processing file /home/airflow/.local/lib/python3.12/site-packages/airflow/example_dags/example_inlet_event_extra.py for tasks to queue
[2025-01-28T22:20:22.938+0000] {logging_mixin.py:190} INFO - [2025-01-28T22:20:22.937+0000] {dagbag.py:588} INFO - Filling up the DagBag from /home/airflow/.local/lib/python3.12/site-packages/airflow/example_dags/example_inlet_event_extra.py
[2025-01-28T22:20:23.555+0000] {processor.py:925} INFO - DAG(s) 'read_dataset_event_from_classic', 'read_dataset_event' retrieved from /home/airflow/.local/lib/python3.12/site-packages/airflow/example_dags/example_inlet_event_extra.py
[2025-01-28T22:20:23.578+0000] {logging_mixin.py:190} INFO - [2025-01-28T22:20:23.578+0000] {dag.py:3239} INFO - Sync 2 DAGs
[2025-01-28T22:20:23.605+0000] {logging_mixin.py:190} INFO - [2025-01-28T22:20:23.605+0000] {dag.py:4180} INFO - Setting next_dagrun for read_dataset_event to 2025-01-27 00:00:00+00:00, run_after=2025-01-28 00:00:00+00:00
[2025-01-28T22:20:23.610+0000] {logging_mixin.py:190} INFO - [2025-01-28T22:20:23.610+0000] {dag.py:4180} INFO - Setting next_dagrun for read_dataset_event_from_classic to 2025-01-27 00:00:00+00:00, run_after=2025-01-28 00:00:00+00:00
[2025-01-28T22:20:23.632+0000] {processor.py:208} INFO - Processing /home/airflow/.local/lib/python3.12/site-packages/airflow/example_dags/example_inlet_event_extra.py took 0.705 seconds
[2025-01-28T22:20:54.462+0000] {processor.py:186} INFO - Started process (PID=1489) to work on /home/airflow/.local/lib/python3.12/site-packages/airflow/example_dags/example_inlet_event_extra.py
[2025-01-28T22:20:54.464+0000] {processor.py:914} INFO - Processing file /home/airflow/.local/lib/python3.12/site-packages/airflow/example_dags/example_inlet_event_extra.py for tasks to queue
[2025-01-28T22:20:54.467+0000] {logging_mixin.py:190} INFO - [2025-01-28T22:20:54.466+0000] {dagbag.py:588} INFO - Filling up the DagBag from /home/airflow/.local/lib/python3.12/site-packages/airflow/example_dags/example_inlet_event_extra.py
[2025-01-28T22:20:55.103+0000] {processor.py:925} INFO - DAG(s) 'read_dataset_event', 'read_dataset_event_from_classic' retrieved from /home/airflow/.local/lib/python3.12/site-packages/airflow/example_dags/example_inlet_event_extra.py
[2025-01-28T22:20:55.128+0000] {logging_mixin.py:190} INFO - [2025-01-28T22:20:55.127+0000] {dag.py:3239} INFO - Sync 2 DAGs
[2025-01-28T22:20:55.157+0000] {logging_mixin.py:190} INFO - [2025-01-28T22:20:55.157+0000] {dag.py:4180} INFO - Setting next_dagrun for read_dataset_event to 2025-01-27 00:00:00+00:00, run_after=2025-01-28 00:00:00+00:00
[2025-01-28T22:20:55.164+0000] {logging_mixin.py:190} INFO - [2025-01-28T22:20:55.164+0000] {dag.py:4180} INFO - Setting next_dagrun for read_dataset_event_from_classic to 2025-01-27 00:00:00+00:00, run_after=2025-01-28 00:00:00+00:00
[2025-01-28T22:20:55.187+0000] {processor.py:208} INFO - Processing /home/airflow/.local/lib/python3.12/site-packages/airflow/example_dags/example_inlet_event_extra.py took 0.731 seconds
[2025-01-28T22:21:25.345+0000] {processor.py:186} INFO - Started process (PID=1552) to work on /home/airflow/.local/lib/python3.12/site-packages/airflow/example_dags/example_inlet_event_extra.py
[2025-01-28T22:21:25.347+0000] {processor.py:914} INFO - Processing file /home/airflow/.local/lib/python3.12/site-packages/airflow/example_dags/example_inlet_event_extra.py for tasks to queue
[2025-01-28T22:21:25.350+0000] {logging_mixin.py:190} INFO - [2025-01-28T22:21:25.350+0000] {dagbag.py:588} INFO - Filling up the DagBag from /home/airflow/.local/lib/python3.12/site-packages/airflow/example_dags/example_inlet_event_extra.py
[2025-01-28T22:21:25.938+0000] {processor.py:925} INFO - DAG(s) 'read_dataset_event_from_classic', 'read_dataset_event' retrieved from /home/airflow/.local/lib/python3.12/site-packages/airflow/example_dags/example_inlet_event_extra.py
[2025-01-28T22:21:25.961+0000] {logging_mixin.py:190} INFO - [2025-01-28T22:21:25.960+0000] {dag.py:3239} INFO - Sync 2 DAGs
[2025-01-28T22:21:25.987+0000] {logging_mixin.py:190} INFO - [2025-01-28T22:21:25.987+0000] {dag.py:4180} INFO - Setting next_dagrun for read_dataset_event to 2025-01-27 00:00:00+00:00, run_after=2025-01-28 00:00:00+00:00
[2025-01-28T22:21:25.993+0000] {logging_mixin.py:190} INFO - [2025-01-28T22:21:25.993+0000] {dag.py:4180} INFO - Setting next_dagrun for read_dataset_event_from_classic to 2025-01-27 00:00:00+00:00, run_after=2025-01-28 00:00:00+00:00
[2025-01-28T22:21:26.020+0000] {processor.py:208} INFO - Processing /home/airflow/.local/lib/python3.12/site-packages/airflow/example_dags/example_inlet_event_extra.py took 0.681 seconds
[2025-01-28T22:21:56.858+0000] {processor.py:186} INFO - Started process (PID=1615) to work on /home/airflow/.local/lib/python3.12/site-packages/airflow/example_dags/example_inlet_event_extra.py
[2025-01-28T22:21:56.860+0000] {processor.py:914} INFO - Processing file /home/airflow/.local/lib/python3.12/site-packages/airflow/example_dags/example_inlet_event_extra.py for tasks to queue
[2025-01-28T22:21:56.864+0000] {logging_mixin.py:190} INFO - [2025-01-28T22:21:56.864+0000] {dagbag.py:588} INFO - Filling up the DagBag from /home/airflow/.local/lib/python3.12/site-packages/airflow/example_dags/example_inlet_event_extra.py
[2025-01-28T22:21:57.511+0000] {processor.py:925} INFO - DAG(s) 'read_dataset_event', 'read_dataset_event_from_classic' retrieved from /home/airflow/.local/lib/python3.12/site-packages/airflow/example_dags/example_inlet_event_extra.py
[2025-01-28T22:21:57.536+0000] {logging_mixin.py:190} INFO - [2025-01-28T22:21:57.536+0000] {dag.py:3239} INFO - Sync 2 DAGs
[2025-01-28T22:21:57.565+0000] {logging_mixin.py:190} INFO - [2025-01-28T22:21:57.564+0000] {dag.py:4180} INFO - Setting next_dagrun for read_dataset_event to 2025-01-27 00:00:00+00:00, run_after=2025-01-28 00:00:00+00:00
[2025-01-28T22:21:57.571+0000] {logging_mixin.py:190} INFO - [2025-01-28T22:21:57.571+0000] {dag.py:4180} INFO - Setting next_dagrun for read_dataset_event_from_classic to 2025-01-27 00:00:00+00:00, run_after=2025-01-28 00:00:00+00:00
[2025-01-28T22:21:57.608+0000] {processor.py:208} INFO - Processing /home/airflow/.local/lib/python3.12/site-packages/airflow/example_dags/example_inlet_event_extra.py took 0.756 seconds
[2025-01-28T22:22:28.368+0000] {processor.py:186} INFO - Started process (PID=1678) to work on /home/airflow/.local/lib/python3.12/site-packages/airflow/example_dags/example_inlet_event_extra.py
[2025-01-28T22:22:28.370+0000] {processor.py:914} INFO - Processing file /home/airflow/.local/lib/python3.12/site-packages/airflow/example_dags/example_inlet_event_extra.py for tasks to queue
[2025-01-28T22:22:28.374+0000] {logging_mixin.py:190} INFO - [2025-01-28T22:22:28.374+0000] {dagbag.py:588} INFO - Filling up the DagBag from /home/airflow/.local/lib/python3.12/site-packages/airflow/example_dags/example_inlet_event_extra.py
[2025-01-28T22:22:29.003+0000] {processor.py:925} INFO - DAG(s) 'read_dataset_event', 'read_dataset_event_from_classic' retrieved from /home/airflow/.local/lib/python3.12/site-packages/airflow/example_dags/example_inlet_event_extra.py
[2025-01-28T22:22:29.024+0000] {logging_mixin.py:190} INFO - [2025-01-28T22:22:29.024+0000] {dag.py:3239} INFO - Sync 2 DAGs
[2025-01-28T22:22:29.052+0000] {logging_mixin.py:190} INFO - [2025-01-28T22:22:29.051+0000] {dag.py:4180} INFO - Setting next_dagrun for read_dataset_event to 2025-01-27 00:00:00+00:00, run_after=2025-01-28 00:00:00+00:00
[2025-01-28T22:22:29.057+0000] {logging_mixin.py:190} INFO - [2025-01-28T22:22:29.057+0000] {dag.py:4180} INFO - Setting next_dagrun for read_dataset_event_from_classic to 2025-01-27 00:00:00+00:00, run_after=2025-01-28 00:00:00+00:00
[2025-01-28T22:22:29.077+0000] {processor.py:208} INFO - Processing /home/airflow/.local/lib/python3.12/site-packages/airflow/example_dags/example_inlet_event_extra.py took 0.716 seconds
[2025-01-28T22:22:59.482+0000] {processor.py:186} INFO - Started process (PID=1741) to work on /home/airflow/.local/lib/python3.12/site-packages/airflow/example_dags/example_inlet_event_extra.py
[2025-01-28T22:22:59.484+0000] {processor.py:914} INFO - Processing file /home/airflow/.local/lib/python3.12/site-packages/airflow/example_dags/example_inlet_event_extra.py for tasks to queue
[2025-01-28T22:22:59.488+0000] {logging_mixin.py:190} INFO - [2025-01-28T22:22:59.488+0000] {dagbag.py:588} INFO - Filling up the DagBag from /home/airflow/.local/lib/python3.12/site-packages/airflow/example_dags/example_inlet_event_extra.py
[2025-01-28T22:23:00.174+0000] {processor.py:925} INFO - DAG(s) 'read_dataset_event', 'read_dataset_event_from_classic' retrieved from /home/airflow/.local/lib/python3.12/site-packages/airflow/example_dags/example_inlet_event_extra.py
[2025-01-28T22:23:00.200+0000] {logging_mixin.py:190} INFO - [2025-01-28T22:23:00.200+0000] {dag.py:3239} INFO - Sync 2 DAGs
[2025-01-28T22:23:00.229+0000] {logging_mixin.py:190} INFO - [2025-01-28T22:23:00.229+0000] {dag.py:4180} INFO - Setting next_dagrun for read_dataset_event to 2025-01-27 00:00:00+00:00, run_after=2025-01-28 00:00:00+00:00
[2025-01-28T22:23:00.235+0000] {logging_mixin.py:190} INFO - [2025-01-28T22:23:00.235+0000] {dag.py:4180} INFO - Setting next_dagrun for read_dataset_event_from_classic to 2025-01-27 00:00:00+00:00, run_after=2025-01-28 00:00:00+00:00
[2025-01-28T22:23:00.256+0000] {processor.py:208} INFO - Processing /home/airflow/.local/lib/python3.12/site-packages/airflow/example_dags/example_inlet_event_extra.py took 0.780 seconds
[2025-01-28T22:23:30.659+0000] {processor.py:186} INFO - Started process (PID=1804) to work on /home/airflow/.local/lib/python3.12/site-packages/airflow/example_dags/example_inlet_event_extra.py
[2025-01-28T22:23:30.661+0000] {processor.py:914} INFO - Processing file /home/airflow/.local/lib/python3.12/site-packages/airflow/example_dags/example_inlet_event_extra.py for tasks to queue
[2025-01-28T22:23:30.664+0000] {logging_mixin.py:190} INFO - [2025-01-28T22:23:30.664+0000] {dagbag.py:588} INFO - Filling up the DagBag from /home/airflow/.local/lib/python3.12/site-packages/airflow/example_dags/example_inlet_event_extra.py
[2025-01-28T22:23:31.271+0000] {processor.py:925} INFO - DAG(s) 'read_dataset_event', 'read_dataset_event_from_classic' retrieved from /home/airflow/.local/lib/python3.12/site-packages/airflow/example_dags/example_inlet_event_extra.py
[2025-01-28T22:23:31.293+0000] {logging_mixin.py:190} INFO - [2025-01-28T22:23:31.293+0000] {dag.py:3239} INFO - Sync 2 DAGs
[2025-01-28T22:23:31.318+0000] {logging_mixin.py:190} INFO - [2025-01-28T22:23:31.318+0000] {dag.py:4180} INFO - Setting next_dagrun for read_dataset_event to 2025-01-27 00:00:00+00:00, run_after=2025-01-28 00:00:00+00:00
[2025-01-28T22:23:31.323+0000] {logging_mixin.py:190} INFO - [2025-01-28T22:23:31.323+0000] {dag.py:4180} INFO - Setting next_dagrun for read_dataset_event_from_classic to 2025-01-27 00:00:00+00:00, run_after=2025-01-28 00:00:00+00:00
[2025-01-28T22:23:31.344+0000] {processor.py:208} INFO - Processing /home/airflow/.local/lib/python3.12/site-packages/airflow/example_dags/example_inlet_event_extra.py took 0.692 seconds
[2025-01-28T22:24:02.061+0000] {processor.py:186} INFO - Started process (PID=1867) to work on /home/airflow/.local/lib/python3.12/site-packages/airflow/example_dags/example_inlet_event_extra.py
[2025-01-28T22:24:02.062+0000] {processor.py:914} INFO - Processing file /home/airflow/.local/lib/python3.12/site-packages/airflow/example_dags/example_inlet_event_extra.py for tasks to queue
[2025-01-28T22:24:02.066+0000] {logging_mixin.py:190} INFO - [2025-01-28T22:24:02.066+0000] {dagbag.py:588} INFO - Filling up the DagBag from /home/airflow/.local/lib/python3.12/site-packages/airflow/example_dags/example_inlet_event_extra.py
[2025-01-28T22:24:02.701+0000] {processor.py:925} INFO - DAG(s) 'read_dataset_event', 'read_dataset_event_from_classic' retrieved from /home/airflow/.local/lib/python3.12/site-packages/airflow/example_dags/example_inlet_event_extra.py
[2025-01-28T22:24:02.727+0000] {logging_mixin.py:190} INFO - [2025-01-28T22:24:02.727+0000] {dag.py:3239} INFO - Sync 2 DAGs
[2025-01-28T22:24:02.756+0000] {logging_mixin.py:190} INFO - [2025-01-28T22:24:02.755+0000] {dag.py:4180} INFO - Setting next_dagrun for read_dataset_event to 2025-01-27 00:00:00+00:00, run_after=2025-01-28 00:00:00+00:00
[2025-01-28T22:24:02.762+0000] {logging_mixin.py:190} INFO - [2025-01-28T22:24:02.762+0000] {dag.py:4180} INFO - Setting next_dagrun for read_dataset_event_from_classic to 2025-01-27 00:00:00+00:00, run_after=2025-01-28 00:00:00+00:00
[2025-01-28T22:24:02.787+0000] {processor.py:208} INFO - Processing /home/airflow/.local/lib/python3.12/site-packages/airflow/example_dags/example_inlet_event_extra.py took 0.733 seconds
[2025-01-28T22:24:33.386+0000] {processor.py:186} INFO - Started process (PID=1930) to work on /home/airflow/.local/lib/python3.12/site-packages/airflow/example_dags/example_inlet_event_extra.py
[2025-01-28T22:24:33.387+0000] {processor.py:914} INFO - Processing file /home/airflow/.local/lib/python3.12/site-packages/airflow/example_dags/example_inlet_event_extra.py for tasks to queue
[2025-01-28T22:24:33.390+0000] {logging_mixin.py:190} INFO - [2025-01-28T22:24:33.390+0000] {dagbag.py:588} INFO - Filling up the DagBag from /home/airflow/.local/lib/python3.12/site-packages/airflow/example_dags/example_inlet_event_extra.py
[2025-01-28T22:24:34.027+0000] {processor.py:925} INFO - DAG(s) 'read_dataset_event', 'read_dataset_event_from_classic' retrieved from /home/airflow/.local/lib/python3.12/site-packages/airflow/example_dags/example_inlet_event_extra.py
[2025-01-28T22:24:34.051+0000] {logging_mixin.py:190} INFO - [2025-01-28T22:24:34.051+0000] {dag.py:3239} INFO - Sync 2 DAGs
[2025-01-28T22:24:34.078+0000] {logging_mixin.py:190} INFO - [2025-01-28T22:24:34.077+0000] {dag.py:4180} INFO - Setting next_dagrun for read_dataset_event to 2025-01-27 00:00:00+00:00, run_after=2025-01-28 00:00:00+00:00
[2025-01-28T22:24:34.084+0000] {logging_mixin.py:190} INFO - [2025-01-28T22:24:34.084+0000] {dag.py:4180} INFO - Setting next_dagrun for read_dataset_event_from_classic to 2025-01-27 00:00:00+00:00, run_after=2025-01-28 00:00:00+00:00
[2025-01-28T22:24:34.106+0000] {processor.py:208} INFO - Processing /home/airflow/.local/lib/python3.12/site-packages/airflow/example_dags/example_inlet_event_extra.py took 0.726 seconds
[2025-01-28T22:25:04.752+0000] {processor.py:186} INFO - Started process (PID=1993) to work on /home/airflow/.local/lib/python3.12/site-packages/airflow/example_dags/example_inlet_event_extra.py
[2025-01-28T22:25:04.754+0000] {processor.py:914} INFO - Processing file /home/airflow/.local/lib/python3.12/site-packages/airflow/example_dags/example_inlet_event_extra.py for tasks to queue
[2025-01-28T22:25:04.757+0000] {logging_mixin.py:190} INFO - [2025-01-28T22:25:04.757+0000] {dagbag.py:588} INFO - Filling up the DagBag from /home/airflow/.local/lib/python3.12/site-packages/airflow/example_dags/example_inlet_event_extra.py
[2025-01-28T22:25:05.371+0000] {processor.py:925} INFO - DAG(s) 'read_dataset_event_from_classic', 'read_dataset_event' retrieved from /home/airflow/.local/lib/python3.12/site-packages/airflow/example_dags/example_inlet_event_extra.py
[2025-01-28T22:25:05.393+0000] {logging_mixin.py:190} INFO - [2025-01-28T22:25:05.393+0000] {dag.py:3239} INFO - Sync 2 DAGs
[2025-01-28T22:25:05.423+0000] {logging_mixin.py:190} INFO - [2025-01-28T22:25:05.422+0000] {dag.py:4180} INFO - Setting next_dagrun for read_dataset_event to 2025-01-27 00:00:00+00:00, run_after=2025-01-28 00:00:00+00:00
[2025-01-28T22:25:05.429+0000] {logging_mixin.py:190} INFO - [2025-01-28T22:25:05.428+0000] {dag.py:4180} INFO - Setting next_dagrun for read_dataset_event_from_classic to 2025-01-27 00:00:00+00:00, run_after=2025-01-28 00:00:00+00:00
[2025-01-28T22:25:05.451+0000] {processor.py:208} INFO - Processing /home/airflow/.local/lib/python3.12/site-packages/airflow/example_dags/example_inlet_event_extra.py took 0.706 seconds
[2025-01-28T22:28:45.995+0000] {processor.py:186} INFO - Started process (PID=102) to work on /home/airflow/.local/lib/python3.12/site-packages/airflow/example_dags/example_inlet_event_extra.py
[2025-01-28T22:28:45.997+0000] {processor.py:914} INFO - Processing file /home/airflow/.local/lib/python3.12/site-packages/airflow/example_dags/example_inlet_event_extra.py for tasks to queue
[2025-01-28T22:28:46.000+0000] {logging_mixin.py:190} INFO - [2025-01-28T22:28:46.000+0000] {dagbag.py:588} INFO - Filling up the DagBag from /home/airflow/.local/lib/python3.12/site-packages/airflow/example_dags/example_inlet_event_extra.py
[2025-01-28T22:28:46.726+0000] {processor.py:925} INFO - DAG(s) 'read_dataset_event_from_classic', 'read_dataset_event' retrieved from /home/airflow/.local/lib/python3.12/site-packages/airflow/example_dags/example_inlet_event_extra.py
[2025-01-28T22:28:46.754+0000] {logging_mixin.py:190} INFO - [2025-01-28T22:28:46.753+0000] {dag.py:3239} INFO - Sync 2 DAGs
[2025-01-28T22:28:46.779+0000] {logging_mixin.py:190} INFO - [2025-01-28T22:28:46.779+0000] {dag.py:4180} INFO - Setting next_dagrun for read_dataset_event to 2025-01-27 00:00:00+00:00, run_after=2025-01-28 00:00:00+00:00
[2025-01-28T22:28:46.785+0000] {logging_mixin.py:190} INFO - [2025-01-28T22:28:46.785+0000] {dag.py:4180} INFO - Setting next_dagrun for read_dataset_event_from_classic to 2025-01-27 00:00:00+00:00, run_after=2025-01-28 00:00:00+00:00
[2025-01-28T22:28:46.805+0000] {processor.py:208} INFO - Processing /home/airflow/.local/lib/python3.12/site-packages/airflow/example_dags/example_inlet_event_extra.py took 0.816 seconds
[2025-01-28T22:29:17.436+0000] {processor.py:186} INFO - Started process (PID=165) to work on /home/airflow/.local/lib/python3.12/site-packages/airflow/example_dags/example_inlet_event_extra.py
[2025-01-28T22:29:17.437+0000] {processor.py:914} INFO - Processing file /home/airflow/.local/lib/python3.12/site-packages/airflow/example_dags/example_inlet_event_extra.py for tasks to queue
[2025-01-28T22:29:17.440+0000] {logging_mixin.py:190} INFO - [2025-01-28T22:29:17.440+0000] {dagbag.py:588} INFO - Filling up the DagBag from /home/airflow/.local/lib/python3.12/site-packages/airflow/example_dags/example_inlet_event_extra.py
[2025-01-28T22:29:18.070+0000] {processor.py:925} INFO - DAG(s) 'read_dataset_event', 'read_dataset_event_from_classic' retrieved from /home/airflow/.local/lib/python3.12/site-packages/airflow/example_dags/example_inlet_event_extra.py
[2025-01-28T22:29:18.095+0000] {logging_mixin.py:190} INFO - [2025-01-28T22:29:18.095+0000] {dag.py:3239} INFO - Sync 2 DAGs
[2025-01-28T22:29:18.121+0000] {logging_mixin.py:190} INFO - [2025-01-28T22:29:18.121+0000] {dag.py:4180} INFO - Setting next_dagrun for read_dataset_event to 2025-01-27 00:00:00+00:00, run_after=2025-01-28 00:00:00+00:00
[2025-01-28T22:29:18.127+0000] {logging_mixin.py:190} INFO - [2025-01-28T22:29:18.127+0000] {dag.py:4180} INFO - Setting next_dagrun for read_dataset_event_from_classic to 2025-01-27 00:00:00+00:00, run_after=2025-01-28 00:00:00+00:00
[2025-01-28T22:29:18.148+0000] {processor.py:208} INFO - Processing /home/airflow/.local/lib/python3.12/site-packages/airflow/example_dags/example_inlet_event_extra.py took 0.718 seconds
[2025-01-28T22:29:48.991+0000] {processor.py:186} INFO - Started process (PID=228) to work on /home/airflow/.local/lib/python3.12/site-packages/airflow/example_dags/example_inlet_event_extra.py
[2025-01-28T22:29:48.993+0000] {processor.py:914} INFO - Processing file /home/airflow/.local/lib/python3.12/site-packages/airflow/example_dags/example_inlet_event_extra.py for tasks to queue
[2025-01-28T22:29:48.996+0000] {logging_mixin.py:190} INFO - [2025-01-28T22:29:48.995+0000] {dagbag.py:588} INFO - Filling up the DagBag from /home/airflow/.local/lib/python3.12/site-packages/airflow/example_dags/example_inlet_event_extra.py
[2025-01-28T22:29:49.647+0000] {processor.py:925} INFO - DAG(s) 'read_dataset_event_from_classic', 'read_dataset_event' retrieved from /home/airflow/.local/lib/python3.12/site-packages/airflow/example_dags/example_inlet_event_extra.py
[2025-01-28T22:29:49.669+0000] {logging_mixin.py:190} INFO - [2025-01-28T22:29:49.669+0000] {dag.py:3239} INFO - Sync 2 DAGs
[2025-01-28T22:29:49.696+0000] {logging_mixin.py:190} INFO - [2025-01-28T22:29:49.696+0000] {dag.py:4180} INFO - Setting next_dagrun for read_dataset_event to 2025-01-27 00:00:00+00:00, run_after=2025-01-28 00:00:00+00:00
[2025-01-28T22:29:49.701+0000] {logging_mixin.py:190} INFO - [2025-01-28T22:29:49.701+0000] {dag.py:4180} INFO - Setting next_dagrun for read_dataset_event_from_classic to 2025-01-27 00:00:00+00:00, run_after=2025-01-28 00:00:00+00:00
[2025-01-28T22:29:49.720+0000] {processor.py:208} INFO - Processing /home/airflow/.local/lib/python3.12/site-packages/airflow/example_dags/example_inlet_event_extra.py took 0.735 seconds
[2025-01-28T22:30:20.360+0000] {processor.py:186} INFO - Started process (PID=290) to work on /home/airflow/.local/lib/python3.12/site-packages/airflow/example_dags/example_inlet_event_extra.py
[2025-01-28T22:30:20.362+0000] {processor.py:914} INFO - Processing file /home/airflow/.local/lib/python3.12/site-packages/airflow/example_dags/example_inlet_event_extra.py for tasks to queue
[2025-01-28T22:30:20.364+0000] {logging_mixin.py:190} INFO - [2025-01-28T22:30:20.364+0000] {dagbag.py:588} INFO - Filling up the DagBag from /home/airflow/.local/lib/python3.12/site-packages/airflow/example_dags/example_inlet_event_extra.py
[2025-01-28T22:30:21.001+0000] {processor.py:925} INFO - DAG(s) 'read_dataset_event', 'read_dataset_event_from_classic' retrieved from /home/airflow/.local/lib/python3.12/site-packages/airflow/example_dags/example_inlet_event_extra.py
[2025-01-28T22:30:21.024+0000] {logging_mixin.py:190} INFO - [2025-01-28T22:30:21.024+0000] {dag.py:3239} INFO - Sync 2 DAGs
[2025-01-28T22:30:21.051+0000] {logging_mixin.py:190} INFO - [2025-01-28T22:30:21.051+0000] {dag.py:4180} INFO - Setting next_dagrun for read_dataset_event to 2025-01-27 00:00:00+00:00, run_after=2025-01-28 00:00:00+00:00
[2025-01-28T22:30:21.056+0000] {logging_mixin.py:190} INFO - [2025-01-28T22:30:21.056+0000] {dag.py:4180} INFO - Setting next_dagrun for read_dataset_event_from_classic to 2025-01-27 00:00:00+00:00, run_after=2025-01-28 00:00:00+00:00
[2025-01-28T22:30:21.081+0000] {processor.py:208} INFO - Processing /home/airflow/.local/lib/python3.12/site-packages/airflow/example_dags/example_inlet_event_extra.py took 0.727 seconds
[2025-01-28T22:30:51.800+0000] {processor.py:186} INFO - Started process (PID=353) to work on /home/airflow/.local/lib/python3.12/site-packages/airflow/example_dags/example_inlet_event_extra.py
[2025-01-28T22:30:51.802+0000] {processor.py:914} INFO - Processing file /home/airflow/.local/lib/python3.12/site-packages/airflow/example_dags/example_inlet_event_extra.py for tasks to queue
[2025-01-28T22:30:51.804+0000] {logging_mixin.py:190} INFO - [2025-01-28T22:30:51.804+0000] {dagbag.py:588} INFO - Filling up the DagBag from /home/airflow/.local/lib/python3.12/site-packages/airflow/example_dags/example_inlet_event_extra.py
[2025-01-28T22:30:52.433+0000] {processor.py:925} INFO - DAG(s) 'read_dataset_event', 'read_dataset_event_from_classic' retrieved from /home/airflow/.local/lib/python3.12/site-packages/airflow/example_dags/example_inlet_event_extra.py
[2025-01-28T22:30:52.455+0000] {logging_mixin.py:190} INFO - [2025-01-28T22:30:52.455+0000] {dag.py:3239} INFO - Sync 2 DAGs
[2025-01-28T22:30:52.485+0000] {logging_mixin.py:190} INFO - [2025-01-28T22:30:52.484+0000] {dag.py:4180} INFO - Setting next_dagrun for read_dataset_event to 2025-01-27 00:00:00+00:00, run_after=2025-01-28 00:00:00+00:00
[2025-01-28T22:30:52.490+0000] {logging_mixin.py:190} INFO - [2025-01-28T22:30:52.490+0000] {dag.py:4180} INFO - Setting next_dagrun for read_dataset_event_from_classic to 2025-01-27 00:00:00+00:00, run_after=2025-01-28 00:00:00+00:00
[2025-01-28T22:30:52.517+0000] {processor.py:208} INFO - Processing /home/airflow/.local/lib/python3.12/site-packages/airflow/example_dags/example_inlet_event_extra.py took 0.724 seconds
