[2025-01-28T22:09:28.007+0000] {processor.py:186} INFO - Started process (PID=116) to work on /home/airflow/.local/lib/python3.12/site-packages/airflow/example_dags/tutorial_dag.py
[2025-01-28T22:09:28.008+0000] {processor.py:914} INFO - Processing file /home/airflow/.local/lib/python3.12/site-packages/airflow/example_dags/tutorial_dag.py for tasks to queue
[2025-01-28T22:09:28.011+0000] {logging_mixin.py:190} INFO - [2025-01-28T22:09:28.011+0000] {dagbag.py:588} INFO - Filling up the DagBag from /home/airflow/.local/lib/python3.12/site-packages/airflow/example_dags/tutorial_dag.py
[2025-01-28T22:09:28.026+0000] {processor.py:925} INFO - DAG(s) 'tutorial_dag' retrieved from /home/airflow/.local/lib/python3.12/site-packages/airflow/example_dags/tutorial_dag.py
[2025-01-28T22:09:28.142+0000] {logging_mixin.py:190} INFO - [2025-01-28T22:09:28.141+0000] {override.py:1911} INFO - Created Permission View: can delete on DAG:tutorial_dag
[2025-01-28T22:09:28.158+0000] {logging_mixin.py:190} INFO - [2025-01-28T22:09:28.158+0000] {override.py:1911} INFO - Created Permission View: can edit on DAG:tutorial_dag
[2025-01-28T22:09:28.169+0000] {logging_mixin.py:190} INFO - [2025-01-28T22:09:28.168+0000] {override.py:1911} INFO - Created Permission View: can read on DAG:tutorial_dag
[2025-01-28T22:09:28.181+0000] {logging_mixin.py:190} INFO - [2025-01-28T22:09:28.181+0000] {override.py:1911} INFO - Created Permission View: can create on DAG Run:tutorial_dag
[2025-01-28T22:09:28.191+0000] {logging_mixin.py:190} INFO - [2025-01-28T22:09:28.190+0000] {override.py:1911} INFO - Created Permission View: can delete on DAG Run:tutorial_dag
[2025-01-28T22:09:28.201+0000] {logging_mixin.py:190} INFO - [2025-01-28T22:09:28.200+0000] {override.py:1911} INFO - Created Permission View: menu access on DAG Run:tutorial_dag
[2025-01-28T22:09:28.213+0000] {logging_mixin.py:190} INFO - [2025-01-28T22:09:28.213+0000] {override.py:1911} INFO - Created Permission View: can read on DAG Run:tutorial_dag
[2025-01-28T22:09:28.214+0000] {logging_mixin.py:190} INFO - [2025-01-28T22:09:28.214+0000] {dag.py:3239} INFO - Sync 1 DAGs
[2025-01-28T22:09:28.229+0000] {logging_mixin.py:190} INFO - [2025-01-28T22:09:28.229+0000] {dag.py:3262} INFO - Creating ORM DAG for tutorial_dag
[2025-01-28T22:09:28.230+0000] {logging_mixin.py:190} INFO - [2025-01-28T22:09:28.230+0000] {dag.py:4180} INFO - Setting next_dagrun for tutorial_dag to None, run_after=None
[2025-01-28T22:09:28.251+0000] {processor.py:208} INFO - Processing /home/airflow/.local/lib/python3.12/site-packages/airflow/example_dags/tutorial_dag.py took 0.250 seconds
[2025-01-28T22:09:58.804+0000] {processor.py:186} INFO - Started process (PID=179) to work on /home/airflow/.local/lib/python3.12/site-packages/airflow/example_dags/tutorial_dag.py
[2025-01-28T22:09:58.806+0000] {processor.py:914} INFO - Processing file /home/airflow/.local/lib/python3.12/site-packages/airflow/example_dags/tutorial_dag.py for tasks to queue
[2025-01-28T22:09:58.809+0000] {logging_mixin.py:190} INFO - [2025-01-28T22:09:58.808+0000] {dagbag.py:588} INFO - Filling up the DagBag from /home/airflow/.local/lib/python3.12/site-packages/airflow/example_dags/tutorial_dag.py
[2025-01-28T22:09:58.816+0000] {processor.py:925} INFO - DAG(s) 'tutorial_dag' retrieved from /home/airflow/.local/lib/python3.12/site-packages/airflow/example_dags/tutorial_dag.py
[2025-01-28T22:09:58.837+0000] {logging_mixin.py:190} INFO - [2025-01-28T22:09:58.837+0000] {dag.py:3239} INFO - Sync 1 DAGs
[2025-01-28T22:09:58.854+0000] {logging_mixin.py:190} INFO - [2025-01-28T22:09:58.854+0000] {dag.py:4180} INFO - Setting next_dagrun for tutorial_dag to None, run_after=None
[2025-01-28T22:09:58.880+0000] {processor.py:208} INFO - Processing /home/airflow/.local/lib/python3.12/site-packages/airflow/example_dags/tutorial_dag.py took 0.082 seconds
[2025-01-28T22:10:29.255+0000] {processor.py:186} INFO - Started process (PID=241) to work on /home/airflow/.local/lib/python3.12/site-packages/airflow/example_dags/tutorial_dag.py
[2025-01-28T22:10:29.256+0000] {processor.py:914} INFO - Processing file /home/airflow/.local/lib/python3.12/site-packages/airflow/example_dags/tutorial_dag.py for tasks to queue
[2025-01-28T22:10:29.259+0000] {logging_mixin.py:190} INFO - [2025-01-28T22:10:29.258+0000] {dagbag.py:588} INFO - Filling up the DagBag from /home/airflow/.local/lib/python3.12/site-packages/airflow/example_dags/tutorial_dag.py
[2025-01-28T22:10:29.267+0000] {processor.py:925} INFO - DAG(s) 'tutorial_dag' retrieved from /home/airflow/.local/lib/python3.12/site-packages/airflow/example_dags/tutorial_dag.py
[2025-01-28T22:10:29.290+0000] {logging_mixin.py:190} INFO - [2025-01-28T22:10:29.290+0000] {dag.py:3239} INFO - Sync 1 DAGs
[2025-01-28T22:10:29.308+0000] {logging_mixin.py:190} INFO - [2025-01-28T22:10:29.308+0000] {dag.py:4180} INFO - Setting next_dagrun for tutorial_dag to None, run_after=None
[2025-01-28T22:10:29.342+0000] {processor.py:208} INFO - Processing /home/airflow/.local/lib/python3.12/site-packages/airflow/example_dags/tutorial_dag.py took 0.094 seconds
[2025-01-28T22:11:00.592+0000] {processor.py:186} INFO - Started process (PID=304) to work on /home/airflow/.local/lib/python3.12/site-packages/airflow/example_dags/tutorial_dag.py
[2025-01-28T22:11:00.594+0000] {processor.py:914} INFO - Processing file /home/airflow/.local/lib/python3.12/site-packages/airflow/example_dags/tutorial_dag.py for tasks to queue
[2025-01-28T22:11:00.597+0000] {logging_mixin.py:190} INFO - [2025-01-28T22:11:00.596+0000] {dagbag.py:588} INFO - Filling up the DagBag from /home/airflow/.local/lib/python3.12/site-packages/airflow/example_dags/tutorial_dag.py
[2025-01-28T22:11:00.607+0000] {processor.py:925} INFO - DAG(s) 'tutorial_dag' retrieved from /home/airflow/.local/lib/python3.12/site-packages/airflow/example_dags/tutorial_dag.py
[2025-01-28T22:11:00.630+0000] {logging_mixin.py:190} INFO - [2025-01-28T22:11:00.630+0000] {dag.py:3239} INFO - Sync 1 DAGs
[2025-01-28T22:11:00.652+0000] {logging_mixin.py:190} INFO - [2025-01-28T22:11:00.651+0000] {dag.py:4180} INFO - Setting next_dagrun for tutorial_dag to None, run_after=None
[2025-01-28T22:11:00.684+0000] {processor.py:208} INFO - Processing /home/airflow/.local/lib/python3.12/site-packages/airflow/example_dags/tutorial_dag.py took 0.099 seconds
[2025-01-28T22:11:31.673+0000] {processor.py:186} INFO - Started process (PID=367) to work on /home/airflow/.local/lib/python3.12/site-packages/airflow/example_dags/tutorial_dag.py
[2025-01-28T22:11:31.675+0000] {processor.py:914} INFO - Processing file /home/airflow/.local/lib/python3.12/site-packages/airflow/example_dags/tutorial_dag.py for tasks to queue
[2025-01-28T22:11:31.677+0000] {logging_mixin.py:190} INFO - [2025-01-28T22:11:31.677+0000] {dagbag.py:588} INFO - Filling up the DagBag from /home/airflow/.local/lib/python3.12/site-packages/airflow/example_dags/tutorial_dag.py
[2025-01-28T22:11:31.686+0000] {processor.py:925} INFO - DAG(s) 'tutorial_dag' retrieved from /home/airflow/.local/lib/python3.12/site-packages/airflow/example_dags/tutorial_dag.py
[2025-01-28T22:11:31.707+0000] {logging_mixin.py:190} INFO - [2025-01-28T22:11:31.707+0000] {dag.py:3239} INFO - Sync 1 DAGs
[2025-01-28T22:11:31.725+0000] {logging_mixin.py:190} INFO - [2025-01-28T22:11:31.725+0000] {dag.py:4180} INFO - Setting next_dagrun for tutorial_dag to None, run_after=None
[2025-01-28T22:11:31.755+0000] {processor.py:208} INFO - Processing /home/airflow/.local/lib/python3.12/site-packages/airflow/example_dags/tutorial_dag.py took 0.088 seconds
[2025-01-28T22:12:03.013+0000] {processor.py:186} INFO - Started process (PID=430) to work on /home/airflow/.local/lib/python3.12/site-packages/airflow/example_dags/tutorial_dag.py
[2025-01-28T22:12:03.014+0000] {processor.py:914} INFO - Processing file /home/airflow/.local/lib/python3.12/site-packages/airflow/example_dags/tutorial_dag.py for tasks to queue
[2025-01-28T22:12:03.017+0000] {logging_mixin.py:190} INFO - [2025-01-28T22:12:03.017+0000] {dagbag.py:588} INFO - Filling up the DagBag from /home/airflow/.local/lib/python3.12/site-packages/airflow/example_dags/tutorial_dag.py
[2025-01-28T22:12:03.026+0000] {processor.py:925} INFO - DAG(s) 'tutorial_dag' retrieved from /home/airflow/.local/lib/python3.12/site-packages/airflow/example_dags/tutorial_dag.py
[2025-01-28T22:12:03.051+0000] {logging_mixin.py:190} INFO - [2025-01-28T22:12:03.051+0000] {dag.py:3239} INFO - Sync 1 DAGs
[2025-01-28T22:12:03.067+0000] {logging_mixin.py:190} INFO - [2025-01-28T22:12:03.067+0000] {dag.py:4180} INFO - Setting next_dagrun for tutorial_dag to None, run_after=None
[2025-01-28T22:12:03.092+0000] {processor.py:208} INFO - Processing /home/airflow/.local/lib/python3.12/site-packages/airflow/example_dags/tutorial_dag.py took 0.086 seconds
[2025-01-28T22:12:33.982+0000] {processor.py:186} INFO - Started process (PID=493) to work on /home/airflow/.local/lib/python3.12/site-packages/airflow/example_dags/tutorial_dag.py
[2025-01-28T22:12:33.983+0000] {processor.py:914} INFO - Processing file /home/airflow/.local/lib/python3.12/site-packages/airflow/example_dags/tutorial_dag.py for tasks to queue
[2025-01-28T22:12:33.986+0000] {logging_mixin.py:190} INFO - [2025-01-28T22:12:33.986+0000] {dagbag.py:588} INFO - Filling up the DagBag from /home/airflow/.local/lib/python3.12/site-packages/airflow/example_dags/tutorial_dag.py
[2025-01-28T22:12:33.994+0000] {processor.py:925} INFO - DAG(s) 'tutorial_dag' retrieved from /home/airflow/.local/lib/python3.12/site-packages/airflow/example_dags/tutorial_dag.py
[2025-01-28T22:12:34.017+0000] {logging_mixin.py:190} INFO - [2025-01-28T22:12:34.017+0000] {dag.py:3239} INFO - Sync 1 DAGs
[2025-01-28T22:12:34.033+0000] {logging_mixin.py:190} INFO - [2025-01-28T22:12:34.033+0000] {dag.py:4180} INFO - Setting next_dagrun for tutorial_dag to None, run_after=None
[2025-01-28T22:12:34.058+0000] {processor.py:208} INFO - Processing /home/airflow/.local/lib/python3.12/site-packages/airflow/example_dags/tutorial_dag.py took 0.082 seconds
[2025-01-28T22:13:05.410+0000] {processor.py:186} INFO - Started process (PID=556) to work on /home/airflow/.local/lib/python3.12/site-packages/airflow/example_dags/tutorial_dag.py
[2025-01-28T22:13:05.412+0000] {processor.py:914} INFO - Processing file /home/airflow/.local/lib/python3.12/site-packages/airflow/example_dags/tutorial_dag.py for tasks to queue
[2025-01-28T22:13:05.414+0000] {logging_mixin.py:190} INFO - [2025-01-28T22:13:05.414+0000] {dagbag.py:588} INFO - Filling up the DagBag from /home/airflow/.local/lib/python3.12/site-packages/airflow/example_dags/tutorial_dag.py
[2025-01-28T22:13:05.423+0000] {processor.py:925} INFO - DAG(s) 'tutorial_dag' retrieved from /home/airflow/.local/lib/python3.12/site-packages/airflow/example_dags/tutorial_dag.py
[2025-01-28T22:13:05.446+0000] {logging_mixin.py:190} INFO - [2025-01-28T22:13:05.446+0000] {dag.py:3239} INFO - Sync 1 DAGs
[2025-01-28T22:13:05.463+0000] {logging_mixin.py:190} INFO - [2025-01-28T22:13:05.463+0000] {dag.py:4180} INFO - Setting next_dagrun for tutorial_dag to None, run_after=None
[2025-01-28T22:13:05.497+0000] {processor.py:208} INFO - Processing /home/airflow/.local/lib/python3.12/site-packages/airflow/example_dags/tutorial_dag.py took 0.094 seconds
[2025-01-28T22:13:37.357+0000] {processor.py:186} INFO - Started process (PID=620) to work on /home/airflow/.local/lib/python3.12/site-packages/airflow/example_dags/tutorial_dag.py
[2025-01-28T22:13:37.358+0000] {processor.py:914} INFO - Processing file /home/airflow/.local/lib/python3.12/site-packages/airflow/example_dags/tutorial_dag.py for tasks to queue
[2025-01-28T22:13:37.361+0000] {logging_mixin.py:190} INFO - [2025-01-28T22:13:37.361+0000] {dagbag.py:588} INFO - Filling up the DagBag from /home/airflow/.local/lib/python3.12/site-packages/airflow/example_dags/tutorial_dag.py
[2025-01-28T22:13:37.370+0000] {processor.py:925} INFO - DAG(s) 'tutorial_dag' retrieved from /home/airflow/.local/lib/python3.12/site-packages/airflow/example_dags/tutorial_dag.py
[2025-01-28T22:13:37.392+0000] {logging_mixin.py:190} INFO - [2025-01-28T22:13:37.391+0000] {dag.py:3239} INFO - Sync 1 DAGs
[2025-01-28T22:13:37.408+0000] {logging_mixin.py:190} INFO - [2025-01-28T22:13:37.407+0000] {dag.py:4180} INFO - Setting next_dagrun for tutorial_dag to None, run_after=None
[2025-01-28T22:13:37.445+0000] {processor.py:208} INFO - Processing /home/airflow/.local/lib/python3.12/site-packages/airflow/example_dags/tutorial_dag.py took 0.094 seconds
[2025-01-28T22:14:08.337+0000] {processor.py:186} INFO - Started process (PID=683) to work on /home/airflow/.local/lib/python3.12/site-packages/airflow/example_dags/tutorial_dag.py
[2025-01-28T22:14:08.338+0000] {processor.py:914} INFO - Processing file /home/airflow/.local/lib/python3.12/site-packages/airflow/example_dags/tutorial_dag.py for tasks to queue
[2025-01-28T22:14:08.341+0000] {logging_mixin.py:190} INFO - [2025-01-28T22:14:08.341+0000] {dagbag.py:588} INFO - Filling up the DagBag from /home/airflow/.local/lib/python3.12/site-packages/airflow/example_dags/tutorial_dag.py
[2025-01-28T22:14:08.350+0000] {processor.py:925} INFO - DAG(s) 'tutorial_dag' retrieved from /home/airflow/.local/lib/python3.12/site-packages/airflow/example_dags/tutorial_dag.py
[2025-01-28T22:14:08.372+0000] {logging_mixin.py:190} INFO - [2025-01-28T22:14:08.372+0000] {dag.py:3239} INFO - Sync 1 DAGs
[2025-01-28T22:14:08.388+0000] {logging_mixin.py:190} INFO - [2025-01-28T22:14:08.388+0000] {dag.py:4180} INFO - Setting next_dagrun for tutorial_dag to None, run_after=None
[2025-01-28T22:14:08.411+0000] {processor.py:208} INFO - Processing /home/airflow/.local/lib/python3.12/site-packages/airflow/example_dags/tutorial_dag.py took 0.081 seconds
[2025-01-28T22:14:38.652+0000] {processor.py:186} INFO - Started process (PID=745) to work on /home/airflow/.local/lib/python3.12/site-packages/airflow/example_dags/tutorial_dag.py
[2025-01-28T22:14:38.654+0000] {processor.py:914} INFO - Processing file /home/airflow/.local/lib/python3.12/site-packages/airflow/example_dags/tutorial_dag.py for tasks to queue
[2025-01-28T22:14:38.657+0000] {logging_mixin.py:190} INFO - [2025-01-28T22:14:38.656+0000] {dagbag.py:588} INFO - Filling up the DagBag from /home/airflow/.local/lib/python3.12/site-packages/airflow/example_dags/tutorial_dag.py
[2025-01-28T22:14:38.666+0000] {processor.py:925} INFO - DAG(s) 'tutorial_dag' retrieved from /home/airflow/.local/lib/python3.12/site-packages/airflow/example_dags/tutorial_dag.py
[2025-01-28T22:14:38.687+0000] {logging_mixin.py:190} INFO - [2025-01-28T22:14:38.687+0000] {dag.py:3239} INFO - Sync 1 DAGs
[2025-01-28T22:14:38.703+0000] {logging_mixin.py:190} INFO - [2025-01-28T22:14:38.703+0000] {dag.py:4180} INFO - Setting next_dagrun for tutorial_dag to None, run_after=None
[2025-01-28T22:14:38.724+0000] {processor.py:208} INFO - Processing /home/airflow/.local/lib/python3.12/site-packages/airflow/example_dags/tutorial_dag.py took 0.079 seconds
[2025-01-28T22:15:10.750+0000] {processor.py:186} INFO - Started process (PID=809) to work on /home/airflow/.local/lib/python3.12/site-packages/airflow/example_dags/tutorial_dag.py
[2025-01-28T22:15:10.752+0000] {processor.py:914} INFO - Processing file /home/airflow/.local/lib/python3.12/site-packages/airflow/example_dags/tutorial_dag.py for tasks to queue
[2025-01-28T22:15:10.754+0000] {logging_mixin.py:190} INFO - [2025-01-28T22:15:10.754+0000] {dagbag.py:588} INFO - Filling up the DagBag from /home/airflow/.local/lib/python3.12/site-packages/airflow/example_dags/tutorial_dag.py
[2025-01-28T22:15:10.763+0000] {processor.py:925} INFO - DAG(s) 'tutorial_dag' retrieved from /home/airflow/.local/lib/python3.12/site-packages/airflow/example_dags/tutorial_dag.py
[2025-01-28T22:15:10.786+0000] {logging_mixin.py:190} INFO - [2025-01-28T22:15:10.786+0000] {dag.py:3239} INFO - Sync 1 DAGs
[2025-01-28T22:15:10.802+0000] {logging_mixin.py:190} INFO - [2025-01-28T22:15:10.802+0000] {dag.py:4180} INFO - Setting next_dagrun for tutorial_dag to None, run_after=None
[2025-01-28T22:15:10.825+0000] {processor.py:208} INFO - Processing /home/airflow/.local/lib/python3.12/site-packages/airflow/example_dags/tutorial_dag.py took 0.082 seconds
[2025-01-28T22:15:42.256+0000] {processor.py:186} INFO - Started process (PID=872) to work on /home/airflow/.local/lib/python3.12/site-packages/airflow/example_dags/tutorial_dag.py
[2025-01-28T22:15:42.258+0000] {processor.py:914} INFO - Processing file /home/airflow/.local/lib/python3.12/site-packages/airflow/example_dags/tutorial_dag.py for tasks to queue
[2025-01-28T22:15:42.260+0000] {logging_mixin.py:190} INFO - [2025-01-28T22:15:42.260+0000] {dagbag.py:588} INFO - Filling up the DagBag from /home/airflow/.local/lib/python3.12/site-packages/airflow/example_dags/tutorial_dag.py
[2025-01-28T22:15:42.269+0000] {processor.py:925} INFO - DAG(s) 'tutorial_dag' retrieved from /home/airflow/.local/lib/python3.12/site-packages/airflow/example_dags/tutorial_dag.py
[2025-01-28T22:15:42.292+0000] {logging_mixin.py:190} INFO - [2025-01-28T22:15:42.292+0000] {dag.py:3239} INFO - Sync 1 DAGs
[2025-01-28T22:15:42.310+0000] {logging_mixin.py:190} INFO - [2025-01-28T22:15:42.309+0000] {dag.py:4180} INFO - Setting next_dagrun for tutorial_dag to None, run_after=None
[2025-01-28T22:15:42.334+0000] {processor.py:208} INFO - Processing /home/airflow/.local/lib/python3.12/site-packages/airflow/example_dags/tutorial_dag.py took 0.085 seconds
[2025-01-28T22:16:13.696+0000] {processor.py:186} INFO - Started process (PID=936) to work on /home/airflow/.local/lib/python3.12/site-packages/airflow/example_dags/tutorial_dag.py
[2025-01-28T22:16:13.697+0000] {processor.py:914} INFO - Processing file /home/airflow/.local/lib/python3.12/site-packages/airflow/example_dags/tutorial_dag.py for tasks to queue
[2025-01-28T22:16:13.700+0000] {logging_mixin.py:190} INFO - [2025-01-28T22:16:13.700+0000] {dagbag.py:588} INFO - Filling up the DagBag from /home/airflow/.local/lib/python3.12/site-packages/airflow/example_dags/tutorial_dag.py
[2025-01-28T22:16:13.709+0000] {processor.py:925} INFO - DAG(s) 'tutorial_dag' retrieved from /home/airflow/.local/lib/python3.12/site-packages/airflow/example_dags/tutorial_dag.py
[2025-01-28T22:16:13.731+0000] {logging_mixin.py:190} INFO - [2025-01-28T22:16:13.731+0000] {dag.py:3239} INFO - Sync 1 DAGs
[2025-01-28T22:16:13.747+0000] {logging_mixin.py:190} INFO - [2025-01-28T22:16:13.746+0000] {dag.py:4180} INFO - Setting next_dagrun for tutorial_dag to None, run_after=None
[2025-01-28T22:16:13.777+0000] {processor.py:208} INFO - Processing /home/airflow/.local/lib/python3.12/site-packages/airflow/example_dags/tutorial_dag.py took 0.087 seconds
[2025-01-28T22:16:45.489+0000] {processor.py:186} INFO - Started process (PID=999) to work on /home/airflow/.local/lib/python3.12/site-packages/airflow/example_dags/tutorial_dag.py
[2025-01-28T22:16:45.491+0000] {processor.py:914} INFO - Processing file /home/airflow/.local/lib/python3.12/site-packages/airflow/example_dags/tutorial_dag.py for tasks to queue
[2025-01-28T22:16:45.493+0000] {logging_mixin.py:190} INFO - [2025-01-28T22:16:45.493+0000] {dagbag.py:588} INFO - Filling up the DagBag from /home/airflow/.local/lib/python3.12/site-packages/airflow/example_dags/tutorial_dag.py
[2025-01-28T22:16:45.502+0000] {processor.py:925} INFO - DAG(s) 'tutorial_dag' retrieved from /home/airflow/.local/lib/python3.12/site-packages/airflow/example_dags/tutorial_dag.py
[2025-01-28T22:16:45.525+0000] {logging_mixin.py:190} INFO - [2025-01-28T22:16:45.524+0000] {dag.py:3239} INFO - Sync 1 DAGs
[2025-01-28T22:16:45.540+0000] {logging_mixin.py:190} INFO - [2025-01-28T22:16:45.540+0000] {dag.py:4180} INFO - Setting next_dagrun for tutorial_dag to None, run_after=None
[2025-01-28T22:16:45.573+0000] {processor.py:208} INFO - Processing /home/airflow/.local/lib/python3.12/site-packages/airflow/example_dags/tutorial_dag.py took 0.090 seconds
[2025-01-28T22:17:17.342+0000] {processor.py:186} INFO - Started process (PID=1062) to work on /home/airflow/.local/lib/python3.12/site-packages/airflow/example_dags/tutorial_dag.py
[2025-01-28T22:17:17.344+0000] {processor.py:914} INFO - Processing file /home/airflow/.local/lib/python3.12/site-packages/airflow/example_dags/tutorial_dag.py for tasks to queue
[2025-01-28T22:17:17.346+0000] {logging_mixin.py:190} INFO - [2025-01-28T22:17:17.346+0000] {dagbag.py:588} INFO - Filling up the DagBag from /home/airflow/.local/lib/python3.12/site-packages/airflow/example_dags/tutorial_dag.py
[2025-01-28T22:17:17.354+0000] {processor.py:925} INFO - DAG(s) 'tutorial_dag' retrieved from /home/airflow/.local/lib/python3.12/site-packages/airflow/example_dags/tutorial_dag.py
[2025-01-28T22:17:17.375+0000] {logging_mixin.py:190} INFO - [2025-01-28T22:17:17.375+0000] {dag.py:3239} INFO - Sync 1 DAGs
[2025-01-28T22:17:17.390+0000] {logging_mixin.py:190} INFO - [2025-01-28T22:17:17.390+0000] {dag.py:4180} INFO - Setting next_dagrun for tutorial_dag to None, run_after=None
[2025-01-28T22:17:17.412+0000] {processor.py:208} INFO - Processing /home/airflow/.local/lib/python3.12/site-packages/airflow/example_dags/tutorial_dag.py took 0.076 seconds
[2025-01-28T22:17:48.160+0000] {processor.py:186} INFO - Started process (PID=1125) to work on /home/airflow/.local/lib/python3.12/site-packages/airflow/example_dags/tutorial_dag.py
[2025-01-28T22:17:48.161+0000] {processor.py:914} INFO - Processing file /home/airflow/.local/lib/python3.12/site-packages/airflow/example_dags/tutorial_dag.py for tasks to queue
[2025-01-28T22:17:48.164+0000] {logging_mixin.py:190} INFO - [2025-01-28T22:17:48.164+0000] {dagbag.py:588} INFO - Filling up the DagBag from /home/airflow/.local/lib/python3.12/site-packages/airflow/example_dags/tutorial_dag.py
[2025-01-28T22:17:48.173+0000] {processor.py:925} INFO - DAG(s) 'tutorial_dag' retrieved from /home/airflow/.local/lib/python3.12/site-packages/airflow/example_dags/tutorial_dag.py
[2025-01-28T22:17:48.195+0000] {logging_mixin.py:190} INFO - [2025-01-28T22:17:48.194+0000] {dag.py:3239} INFO - Sync 1 DAGs
[2025-01-28T22:17:48.211+0000] {logging_mixin.py:190} INFO - [2025-01-28T22:17:48.211+0000] {dag.py:4180} INFO - Setting next_dagrun for tutorial_dag to None, run_after=None
[2025-01-28T22:17:48.239+0000] {processor.py:208} INFO - Processing /home/airflow/.local/lib/python3.12/site-packages/airflow/example_dags/tutorial_dag.py took 0.085 seconds
[2025-01-28T22:18:20.090+0000] {processor.py:186} INFO - Started process (PID=1188) to work on /home/airflow/.local/lib/python3.12/site-packages/airflow/example_dags/tutorial_dag.py
[2025-01-28T22:18:20.091+0000] {processor.py:914} INFO - Processing file /home/airflow/.local/lib/python3.12/site-packages/airflow/example_dags/tutorial_dag.py for tasks to queue
[2025-01-28T22:18:20.094+0000] {logging_mixin.py:190} INFO - [2025-01-28T22:18:20.094+0000] {dagbag.py:588} INFO - Filling up the DagBag from /home/airflow/.local/lib/python3.12/site-packages/airflow/example_dags/tutorial_dag.py
[2025-01-28T22:18:20.103+0000] {processor.py:925} INFO - DAG(s) 'tutorial_dag' retrieved from /home/airflow/.local/lib/python3.12/site-packages/airflow/example_dags/tutorial_dag.py
[2025-01-28T22:18:20.126+0000] {logging_mixin.py:190} INFO - [2025-01-28T22:18:20.125+0000] {dag.py:3239} INFO - Sync 1 DAGs
[2025-01-28T22:18:20.142+0000] {logging_mixin.py:190} INFO - [2025-01-28T22:18:20.142+0000] {dag.py:4180} INFO - Setting next_dagrun for tutorial_dag to None, run_after=None
[2025-01-28T22:18:20.167+0000] {processor.py:208} INFO - Processing /home/airflow/.local/lib/python3.12/site-packages/airflow/example_dags/tutorial_dag.py took 0.084 seconds
[2025-01-28T22:18:51.346+0000] {processor.py:186} INFO - Started process (PID=1251) to work on /home/airflow/.local/lib/python3.12/site-packages/airflow/example_dags/tutorial_dag.py
[2025-01-28T22:18:51.347+0000] {processor.py:914} INFO - Processing file /home/airflow/.local/lib/python3.12/site-packages/airflow/example_dags/tutorial_dag.py for tasks to queue
[2025-01-28T22:18:51.350+0000] {logging_mixin.py:190} INFO - [2025-01-28T22:18:51.350+0000] {dagbag.py:588} INFO - Filling up the DagBag from /home/airflow/.local/lib/python3.12/site-packages/airflow/example_dags/tutorial_dag.py
[2025-01-28T22:18:51.359+0000] {processor.py:925} INFO - DAG(s) 'tutorial_dag' retrieved from /home/airflow/.local/lib/python3.12/site-packages/airflow/example_dags/tutorial_dag.py
[2025-01-28T22:18:51.382+0000] {logging_mixin.py:190} INFO - [2025-01-28T22:18:51.382+0000] {dag.py:3239} INFO - Sync 1 DAGs
[2025-01-28T22:18:51.399+0000] {logging_mixin.py:190} INFO - [2025-01-28T22:18:51.399+0000] {dag.py:4180} INFO - Setting next_dagrun for tutorial_dag to None, run_after=None
[2025-01-28T22:18:51.426+0000] {processor.py:208} INFO - Processing /home/airflow/.local/lib/python3.12/site-packages/airflow/example_dags/tutorial_dag.py took 0.087 seconds
[2025-01-28T22:19:22.601+0000] {processor.py:186} INFO - Started process (PID=1313) to work on /home/airflow/.local/lib/python3.12/site-packages/airflow/example_dags/tutorial_dag.py
[2025-01-28T22:19:22.603+0000] {processor.py:914} INFO - Processing file /home/airflow/.local/lib/python3.12/site-packages/airflow/example_dags/tutorial_dag.py for tasks to queue
[2025-01-28T22:19:22.605+0000] {logging_mixin.py:190} INFO - [2025-01-28T22:19:22.605+0000] {dagbag.py:588} INFO - Filling up the DagBag from /home/airflow/.local/lib/python3.12/site-packages/airflow/example_dags/tutorial_dag.py
[2025-01-28T22:19:22.614+0000] {processor.py:925} INFO - DAG(s) 'tutorial_dag' retrieved from /home/airflow/.local/lib/python3.12/site-packages/airflow/example_dags/tutorial_dag.py
[2025-01-28T22:19:22.636+0000] {logging_mixin.py:190} INFO - [2025-01-28T22:19:22.636+0000] {dag.py:3239} INFO - Sync 1 DAGs
[2025-01-28T22:19:22.659+0000] {logging_mixin.py:190} INFO - [2025-01-28T22:19:22.659+0000] {dag.py:4180} INFO - Setting next_dagrun for tutorial_dag to None, run_after=None
[2025-01-28T22:19:22.694+0000] {processor.py:208} INFO - Processing /home/airflow/.local/lib/python3.12/site-packages/airflow/example_dags/tutorial_dag.py took 0.099 seconds
[2025-01-28T22:19:53.587+0000] {processor.py:186} INFO - Started process (PID=1376) to work on /home/airflow/.local/lib/python3.12/site-packages/airflow/example_dags/tutorial_dag.py
[2025-01-28T22:19:53.588+0000] {processor.py:914} INFO - Processing file /home/airflow/.local/lib/python3.12/site-packages/airflow/example_dags/tutorial_dag.py for tasks to queue
[2025-01-28T22:19:53.591+0000] {logging_mixin.py:190} INFO - [2025-01-28T22:19:53.591+0000] {dagbag.py:588} INFO - Filling up the DagBag from /home/airflow/.local/lib/python3.12/site-packages/airflow/example_dags/tutorial_dag.py
[2025-01-28T22:19:53.599+0000] {processor.py:925} INFO - DAG(s) 'tutorial_dag' retrieved from /home/airflow/.local/lib/python3.12/site-packages/airflow/example_dags/tutorial_dag.py
[2025-01-28T22:19:53.621+0000] {logging_mixin.py:190} INFO - [2025-01-28T22:19:53.621+0000] {dag.py:3239} INFO - Sync 1 DAGs
[2025-01-28T22:19:53.637+0000] {logging_mixin.py:190} INFO - [2025-01-28T22:19:53.637+0000] {dag.py:4180} INFO - Setting next_dagrun for tutorial_dag to None, run_after=None
[2025-01-28T22:19:53.663+0000] {processor.py:208} INFO - Processing /home/airflow/.local/lib/python3.12/site-packages/airflow/example_dags/tutorial_dag.py took 0.084 seconds
[2025-01-28T22:20:24.795+0000] {processor.py:186} INFO - Started process (PID=1439) to work on /home/airflow/.local/lib/python3.12/site-packages/airflow/example_dags/tutorial_dag.py
[2025-01-28T22:20:24.796+0000] {processor.py:914} INFO - Processing file /home/airflow/.local/lib/python3.12/site-packages/airflow/example_dags/tutorial_dag.py for tasks to queue
[2025-01-28T22:20:24.799+0000] {logging_mixin.py:190} INFO - [2025-01-28T22:20:24.799+0000] {dagbag.py:588} INFO - Filling up the DagBag from /home/airflow/.local/lib/python3.12/site-packages/airflow/example_dags/tutorial_dag.py
[2025-01-28T22:20:24.807+0000] {processor.py:925} INFO - DAG(s) 'tutorial_dag' retrieved from /home/airflow/.local/lib/python3.12/site-packages/airflow/example_dags/tutorial_dag.py
[2025-01-28T22:20:24.829+0000] {logging_mixin.py:190} INFO - [2025-01-28T22:20:24.829+0000] {dag.py:3239} INFO - Sync 1 DAGs
[2025-01-28T22:20:24.844+0000] {logging_mixin.py:190} INFO - [2025-01-28T22:20:24.844+0000] {dag.py:4180} INFO - Setting next_dagrun for tutorial_dag to None, run_after=None
[2025-01-28T22:20:24.869+0000] {processor.py:208} INFO - Processing /home/airflow/.local/lib/python3.12/site-packages/airflow/example_dags/tutorial_dag.py took 0.080 seconds
[2025-01-28T22:20:56.478+0000] {processor.py:186} INFO - Started process (PID=1503) to work on /home/airflow/.local/lib/python3.12/site-packages/airflow/example_dags/tutorial_dag.py
[2025-01-28T22:20:56.480+0000] {processor.py:914} INFO - Processing file /home/airflow/.local/lib/python3.12/site-packages/airflow/example_dags/tutorial_dag.py for tasks to queue
[2025-01-28T22:20:56.483+0000] {logging_mixin.py:190} INFO - [2025-01-28T22:20:56.482+0000] {dagbag.py:588} INFO - Filling up the DagBag from /home/airflow/.local/lib/python3.12/site-packages/airflow/example_dags/tutorial_dag.py
[2025-01-28T22:20:56.497+0000] {processor.py:925} INFO - DAG(s) 'tutorial_dag' retrieved from /home/airflow/.local/lib/python3.12/site-packages/airflow/example_dags/tutorial_dag.py
[2025-01-28T22:20:56.520+0000] {logging_mixin.py:190} INFO - [2025-01-28T22:20:56.519+0000] {dag.py:3239} INFO - Sync 1 DAGs
[2025-01-28T22:20:56.536+0000] {logging_mixin.py:190} INFO - [2025-01-28T22:20:56.535+0000] {dag.py:4180} INFO - Setting next_dagrun for tutorial_dag to None, run_after=None
[2025-01-28T22:20:56.565+0000] {processor.py:208} INFO - Processing /home/airflow/.local/lib/python3.12/site-packages/airflow/example_dags/tutorial_dag.py took 0.095 seconds
[2025-01-28T22:21:27.639+0000] {processor.py:186} INFO - Started process (PID=1566) to work on /home/airflow/.local/lib/python3.12/site-packages/airflow/example_dags/tutorial_dag.py
[2025-01-28T22:21:27.640+0000] {processor.py:914} INFO - Processing file /home/airflow/.local/lib/python3.12/site-packages/airflow/example_dags/tutorial_dag.py for tasks to queue
[2025-01-28T22:21:27.643+0000] {logging_mixin.py:190} INFO - [2025-01-28T22:21:27.643+0000] {dagbag.py:588} INFO - Filling up the DagBag from /home/airflow/.local/lib/python3.12/site-packages/airflow/example_dags/tutorial_dag.py
[2025-01-28T22:21:27.652+0000] {processor.py:925} INFO - DAG(s) 'tutorial_dag' retrieved from /home/airflow/.local/lib/python3.12/site-packages/airflow/example_dags/tutorial_dag.py
[2025-01-28T22:21:27.675+0000] {logging_mixin.py:190} INFO - [2025-01-28T22:21:27.674+0000] {dag.py:3239} INFO - Sync 1 DAGs
[2025-01-28T22:21:27.690+0000] {logging_mixin.py:190} INFO - [2025-01-28T22:21:27.690+0000] {dag.py:4180} INFO - Setting next_dagrun for tutorial_dag to None, run_after=None
[2025-01-28T22:21:27.727+0000] {processor.py:208} INFO - Processing /home/airflow/.local/lib/python3.12/site-packages/airflow/example_dags/tutorial_dag.py took 0.095 seconds
[2025-01-28T22:21:59.137+0000] {processor.py:186} INFO - Started process (PID=1629) to work on /home/airflow/.local/lib/python3.12/site-packages/airflow/example_dags/tutorial_dag.py
[2025-01-28T22:21:59.139+0000] {processor.py:914} INFO - Processing file /home/airflow/.local/lib/python3.12/site-packages/airflow/example_dags/tutorial_dag.py for tasks to queue
[2025-01-28T22:21:59.142+0000] {logging_mixin.py:190} INFO - [2025-01-28T22:21:59.141+0000] {dagbag.py:588} INFO - Filling up the DagBag from /home/airflow/.local/lib/python3.12/site-packages/airflow/example_dags/tutorial_dag.py
[2025-01-28T22:21:59.151+0000] {processor.py:925} INFO - DAG(s) 'tutorial_dag' retrieved from /home/airflow/.local/lib/python3.12/site-packages/airflow/example_dags/tutorial_dag.py
[2025-01-28T22:21:59.175+0000] {logging_mixin.py:190} INFO - [2025-01-28T22:21:59.175+0000] {dag.py:3239} INFO - Sync 1 DAGs
[2025-01-28T22:21:59.192+0000] {logging_mixin.py:190} INFO - [2025-01-28T22:21:59.192+0000] {dag.py:4180} INFO - Setting next_dagrun for tutorial_dag to None, run_after=None
[2025-01-28T22:21:59.224+0000] {processor.py:208} INFO - Processing /home/airflow/.local/lib/python3.12/site-packages/airflow/example_dags/tutorial_dag.py took 0.093 seconds
[2025-01-28T22:22:30.656+0000] {processor.py:186} INFO - Started process (PID=1692) to work on /home/airflow/.local/lib/python3.12/site-packages/airflow/example_dags/tutorial_dag.py
[2025-01-28T22:22:30.659+0000] {processor.py:914} INFO - Processing file /home/airflow/.local/lib/python3.12/site-packages/airflow/example_dags/tutorial_dag.py for tasks to queue
[2025-01-28T22:22:30.666+0000] {logging_mixin.py:190} INFO - [2025-01-28T22:22:30.665+0000] {dagbag.py:588} INFO - Filling up the DagBag from /home/airflow/.local/lib/python3.12/site-packages/airflow/example_dags/tutorial_dag.py
[2025-01-28T22:22:30.676+0000] {processor.py:925} INFO - DAG(s) 'tutorial_dag' retrieved from /home/airflow/.local/lib/python3.12/site-packages/airflow/example_dags/tutorial_dag.py
[2025-01-28T22:22:30.700+0000] {logging_mixin.py:190} INFO - [2025-01-28T22:22:30.699+0000] {dag.py:3239} INFO - Sync 1 DAGs
[2025-01-28T22:22:30.720+0000] {logging_mixin.py:190} INFO - [2025-01-28T22:22:30.720+0000] {dag.py:4180} INFO - Setting next_dagrun for tutorial_dag to None, run_after=None
[2025-01-28T22:22:30.746+0000] {processor.py:208} INFO - Processing /home/airflow/.local/lib/python3.12/site-packages/airflow/example_dags/tutorial_dag.py took 0.096 seconds
[2025-01-28T22:23:02.392+0000] {processor.py:186} INFO - Started process (PID=1755) to work on /home/airflow/.local/lib/python3.12/site-packages/airflow/example_dags/tutorial_dag.py
[2025-01-28T22:23:02.393+0000] {processor.py:914} INFO - Processing file /home/airflow/.local/lib/python3.12/site-packages/airflow/example_dags/tutorial_dag.py for tasks to queue
[2025-01-28T22:23:02.396+0000] {logging_mixin.py:190} INFO - [2025-01-28T22:23:02.396+0000] {dagbag.py:588} INFO - Filling up the DagBag from /home/airflow/.local/lib/python3.12/site-packages/airflow/example_dags/tutorial_dag.py
[2025-01-28T22:23:02.405+0000] {processor.py:925} INFO - DAG(s) 'tutorial_dag' retrieved from /home/airflow/.local/lib/python3.12/site-packages/airflow/example_dags/tutorial_dag.py
[2025-01-28T22:23:02.427+0000] {logging_mixin.py:190} INFO - [2025-01-28T22:23:02.427+0000] {dag.py:3239} INFO - Sync 1 DAGs
[2025-01-28T22:23:02.443+0000] {logging_mixin.py:190} INFO - [2025-01-28T22:23:02.443+0000] {dag.py:4180} INFO - Setting next_dagrun for tutorial_dag to None, run_after=None
[2025-01-28T22:23:02.469+0000] {processor.py:208} INFO - Processing /home/airflow/.local/lib/python3.12/site-packages/airflow/example_dags/tutorial_dag.py took 0.084 seconds
[2025-01-28T22:23:32.786+0000] {processor.py:186} INFO - Started process (PID=1818) to work on /home/airflow/.local/lib/python3.12/site-packages/airflow/example_dags/tutorial_dag.py
[2025-01-28T22:23:32.787+0000] {processor.py:914} INFO - Processing file /home/airflow/.local/lib/python3.12/site-packages/airflow/example_dags/tutorial_dag.py for tasks to queue
[2025-01-28T22:23:32.790+0000] {logging_mixin.py:190} INFO - [2025-01-28T22:23:32.790+0000] {dagbag.py:588} INFO - Filling up the DagBag from /home/airflow/.local/lib/python3.12/site-packages/airflow/example_dags/tutorial_dag.py
[2025-01-28T22:23:32.799+0000] {processor.py:925} INFO - DAG(s) 'tutorial_dag' retrieved from /home/airflow/.local/lib/python3.12/site-packages/airflow/example_dags/tutorial_dag.py
[2025-01-28T22:23:32.821+0000] {logging_mixin.py:190} INFO - [2025-01-28T22:23:32.821+0000] {dag.py:3239} INFO - Sync 1 DAGs
[2025-01-28T22:23:32.837+0000] {logging_mixin.py:190} INFO - [2025-01-28T22:23:32.837+0000] {dag.py:4180} INFO - Setting next_dagrun for tutorial_dag to None, run_after=None
[2025-01-28T22:23:32.862+0000] {processor.py:208} INFO - Processing /home/airflow/.local/lib/python3.12/site-packages/airflow/example_dags/tutorial_dag.py took 0.082 seconds
[2025-01-28T22:24:05.032+0000] {processor.py:186} INFO - Started process (PID=1881) to work on /home/airflow/.local/lib/python3.12/site-packages/airflow/example_dags/tutorial_dag.py
[2025-01-28T22:24:05.033+0000] {processor.py:914} INFO - Processing file /home/airflow/.local/lib/python3.12/site-packages/airflow/example_dags/tutorial_dag.py for tasks to queue
[2025-01-28T22:24:05.036+0000] {logging_mixin.py:190} INFO - [2025-01-28T22:24:05.036+0000] {dagbag.py:588} INFO - Filling up the DagBag from /home/airflow/.local/lib/python3.12/site-packages/airflow/example_dags/tutorial_dag.py
[2025-01-28T22:24:05.045+0000] {processor.py:925} INFO - DAG(s) 'tutorial_dag' retrieved from /home/airflow/.local/lib/python3.12/site-packages/airflow/example_dags/tutorial_dag.py
[2025-01-28T22:24:05.070+0000] {logging_mixin.py:190} INFO - [2025-01-28T22:24:05.070+0000] {dag.py:3239} INFO - Sync 1 DAGs
[2025-01-28T22:24:05.088+0000] {logging_mixin.py:190} INFO - [2025-01-28T22:24:05.087+0000] {dag.py:4180} INFO - Setting next_dagrun for tutorial_dag to None, run_after=None
[2025-01-28T22:24:05.115+0000] {processor.py:208} INFO - Processing /home/airflow/.local/lib/python3.12/site-packages/airflow/example_dags/tutorial_dag.py took 0.089 seconds
[2025-01-28T22:24:35.424+0000] {processor.py:186} INFO - Started process (PID=1944) to work on /home/airflow/.local/lib/python3.12/site-packages/airflow/example_dags/tutorial_dag.py
[2025-01-28T22:24:35.425+0000] {processor.py:914} INFO - Processing file /home/airflow/.local/lib/python3.12/site-packages/airflow/example_dags/tutorial_dag.py for tasks to queue
[2025-01-28T22:24:35.428+0000] {logging_mixin.py:190} INFO - [2025-01-28T22:24:35.427+0000] {dagbag.py:588} INFO - Filling up the DagBag from /home/airflow/.local/lib/python3.12/site-packages/airflow/example_dags/tutorial_dag.py
[2025-01-28T22:24:35.436+0000] {processor.py:925} INFO - DAG(s) 'tutorial_dag' retrieved from /home/airflow/.local/lib/python3.12/site-packages/airflow/example_dags/tutorial_dag.py
[2025-01-28T22:24:35.457+0000] {logging_mixin.py:190} INFO - [2025-01-28T22:24:35.456+0000] {dag.py:3239} INFO - Sync 1 DAGs
[2025-01-28T22:24:35.472+0000] {logging_mixin.py:190} INFO - [2025-01-28T22:24:35.472+0000] {dag.py:4180} INFO - Setting next_dagrun for tutorial_dag to None, run_after=None
[2025-01-28T22:24:35.497+0000] {processor.py:208} INFO - Processing /home/airflow/.local/lib/python3.12/site-packages/airflow/example_dags/tutorial_dag.py took 0.079 seconds
[2025-01-28T22:25:07.529+0000] {processor.py:186} INFO - Started process (PID=2007) to work on /home/airflow/.local/lib/python3.12/site-packages/airflow/example_dags/tutorial_dag.py
[2025-01-28T22:25:07.531+0000] {processor.py:914} INFO - Processing file /home/airflow/.local/lib/python3.12/site-packages/airflow/example_dags/tutorial_dag.py for tasks to queue
[2025-01-28T22:25:07.534+0000] {logging_mixin.py:190} INFO - [2025-01-28T22:25:07.533+0000] {dagbag.py:588} INFO - Filling up the DagBag from /home/airflow/.local/lib/python3.12/site-packages/airflow/example_dags/tutorial_dag.py
[2025-01-28T22:25:07.542+0000] {processor.py:925} INFO - DAG(s) 'tutorial_dag' retrieved from /home/airflow/.local/lib/python3.12/site-packages/airflow/example_dags/tutorial_dag.py
[2025-01-28T22:25:07.565+0000] {logging_mixin.py:190} INFO - [2025-01-28T22:25:07.565+0000] {dag.py:3239} INFO - Sync 1 DAGs
[2025-01-28T22:25:07.580+0000] {logging_mixin.py:190} INFO - [2025-01-28T22:25:07.580+0000] {dag.py:4180} INFO - Setting next_dagrun for tutorial_dag to None, run_after=None
[2025-01-28T22:25:07.603+0000] {processor.py:208} INFO - Processing /home/airflow/.local/lib/python3.12/site-packages/airflow/example_dags/tutorial_dag.py took 0.080 seconds
[2025-01-28T22:28:48.923+0000] {processor.py:186} INFO - Started process (PID=122) to work on /home/airflow/.local/lib/python3.12/site-packages/airflow/example_dags/tutorial_dag.py
[2025-01-28T22:28:48.925+0000] {processor.py:914} INFO - Processing file /home/airflow/.local/lib/python3.12/site-packages/airflow/example_dags/tutorial_dag.py for tasks to queue
[2025-01-28T22:28:48.928+0000] {logging_mixin.py:190} INFO - [2025-01-28T22:28:48.928+0000] {dagbag.py:588} INFO - Filling up the DagBag from /home/airflow/.local/lib/python3.12/site-packages/airflow/example_dags/tutorial_dag.py
[2025-01-28T22:28:48.937+0000] {processor.py:925} INFO - DAG(s) 'tutorial_dag' retrieved from /home/airflow/.local/lib/python3.12/site-packages/airflow/example_dags/tutorial_dag.py
[2025-01-28T22:28:48.961+0000] {logging_mixin.py:190} INFO - [2025-01-28T22:28:48.961+0000] {dag.py:3239} INFO - Sync 1 DAGs
[2025-01-28T22:28:48.981+0000] {logging_mixin.py:190} INFO - [2025-01-28T22:28:48.981+0000] {dag.py:4180} INFO - Setting next_dagrun for tutorial_dag to None, run_after=None
[2025-01-28T22:28:49.005+0000] {processor.py:208} INFO - Processing /home/airflow/.local/lib/python3.12/site-packages/airflow/example_dags/tutorial_dag.py took 0.088 seconds
[2025-01-28T22:29:19.484+0000] {processor.py:186} INFO - Started process (PID=179) to work on /home/airflow/.local/lib/python3.12/site-packages/airflow/example_dags/tutorial_dag.py
[2025-01-28T22:29:19.485+0000] {processor.py:914} INFO - Processing file /home/airflow/.local/lib/python3.12/site-packages/airflow/example_dags/tutorial_dag.py for tasks to queue
[2025-01-28T22:29:19.488+0000] {logging_mixin.py:190} INFO - [2025-01-28T22:29:19.488+0000] {dagbag.py:588} INFO - Filling up the DagBag from /home/airflow/.local/lib/python3.12/site-packages/airflow/example_dags/tutorial_dag.py
[2025-01-28T22:29:19.498+0000] {processor.py:925} INFO - DAG(s) 'tutorial_dag' retrieved from /home/airflow/.local/lib/python3.12/site-packages/airflow/example_dags/tutorial_dag.py
[2025-01-28T22:29:19.522+0000] {logging_mixin.py:190} INFO - [2025-01-28T22:29:19.521+0000] {dag.py:3239} INFO - Sync 1 DAGs
[2025-01-28T22:29:19.539+0000] {logging_mixin.py:190} INFO - [2025-01-28T22:29:19.539+0000] {dag.py:4180} INFO - Setting next_dagrun for tutorial_dag to None, run_after=None
[2025-01-28T22:29:19.561+0000] {processor.py:208} INFO - Processing /home/airflow/.local/lib/python3.12/site-packages/airflow/example_dags/tutorial_dag.py took 0.084 seconds
[2025-01-28T22:29:51.296+0000] {processor.py:186} INFO - Started process (PID=242) to work on /home/airflow/.local/lib/python3.12/site-packages/airflow/example_dags/tutorial_dag.py
[2025-01-28T22:29:51.298+0000] {processor.py:914} INFO - Processing file /home/airflow/.local/lib/python3.12/site-packages/airflow/example_dags/tutorial_dag.py for tasks to queue
[2025-01-28T22:29:51.301+0000] {logging_mixin.py:190} INFO - [2025-01-28T22:29:51.301+0000] {dagbag.py:588} INFO - Filling up the DagBag from /home/airflow/.local/lib/python3.12/site-packages/airflow/example_dags/tutorial_dag.py
[2025-01-28T22:29:51.311+0000] {processor.py:925} INFO - DAG(s) 'tutorial_dag' retrieved from /home/airflow/.local/lib/python3.12/site-packages/airflow/example_dags/tutorial_dag.py
[2025-01-28T22:29:51.334+0000] {logging_mixin.py:190} INFO - [2025-01-28T22:29:51.334+0000] {dag.py:3239} INFO - Sync 1 DAGs
[2025-01-28T22:29:51.353+0000] {logging_mixin.py:190} INFO - [2025-01-28T22:29:51.353+0000] {dag.py:4180} INFO - Setting next_dagrun for tutorial_dag to None, run_after=None
[2025-01-28T22:29:51.376+0000] {processor.py:208} INFO - Processing /home/airflow/.local/lib/python3.12/site-packages/airflow/example_dags/tutorial_dag.py took 0.087 seconds
[2025-01-28T22:30:22.140+0000] {processor.py:186} INFO - Started process (PID=303) to work on /home/airflow/.local/lib/python3.12/site-packages/airflow/example_dags/tutorial_dag.py
[2025-01-28T22:30:22.142+0000] {processor.py:914} INFO - Processing file /home/airflow/.local/lib/python3.12/site-packages/airflow/example_dags/tutorial_dag.py for tasks to queue
[2025-01-28T22:30:22.144+0000] {logging_mixin.py:190} INFO - [2025-01-28T22:30:22.144+0000] {dagbag.py:588} INFO - Filling up the DagBag from /home/airflow/.local/lib/python3.12/site-packages/airflow/example_dags/tutorial_dag.py
[2025-01-28T22:30:22.153+0000] {processor.py:925} INFO - DAG(s) 'tutorial_dag' retrieved from /home/airflow/.local/lib/python3.12/site-packages/airflow/example_dags/tutorial_dag.py
[2025-01-28T22:30:22.176+0000] {logging_mixin.py:190} INFO - [2025-01-28T22:30:22.176+0000] {dag.py:3239} INFO - Sync 1 DAGs
[2025-01-28T22:30:22.193+0000] {logging_mixin.py:190} INFO - [2025-01-28T22:30:22.193+0000] {dag.py:4180} INFO - Setting next_dagrun for tutorial_dag to None, run_after=None
[2025-01-28T22:30:22.226+0000] {processor.py:208} INFO - Processing /home/airflow/.local/lib/python3.12/site-packages/airflow/example_dags/tutorial_dag.py took 0.093 seconds
[2025-01-28T22:30:53.477+0000] {processor.py:186} INFO - Started process (PID=366) to work on /home/airflow/.local/lib/python3.12/site-packages/airflow/example_dags/tutorial_dag.py
[2025-01-28T22:30:53.479+0000] {processor.py:914} INFO - Processing file /home/airflow/.local/lib/python3.12/site-packages/airflow/example_dags/tutorial_dag.py for tasks to queue
[2025-01-28T22:30:53.481+0000] {logging_mixin.py:190} INFO - [2025-01-28T22:30:53.481+0000] {dagbag.py:588} INFO - Filling up the DagBag from /home/airflow/.local/lib/python3.12/site-packages/airflow/example_dags/tutorial_dag.py
[2025-01-28T22:30:53.490+0000] {processor.py:925} INFO - DAG(s) 'tutorial_dag' retrieved from /home/airflow/.local/lib/python3.12/site-packages/airflow/example_dags/tutorial_dag.py
[2025-01-28T22:30:53.512+0000] {logging_mixin.py:190} INFO - [2025-01-28T22:30:53.511+0000] {dag.py:3239} INFO - Sync 1 DAGs
[2025-01-28T22:30:53.528+0000] {logging_mixin.py:190} INFO - [2025-01-28T22:30:53.527+0000] {dag.py:4180} INFO - Setting next_dagrun for tutorial_dag to None, run_after=None
[2025-01-28T22:30:53.560+0000] {processor.py:208} INFO - Processing /home/airflow/.local/lib/python3.12/site-packages/airflow/example_dags/tutorial_dag.py took 0.090 seconds
