[2025-01-28T22:09:21.909+0000] {processor.py:186} INFO - Started process (PID=92) to work on /home/airflow/.local/lib/python3.12/site-packages/airflow/example_dags/tutorial_objectstorage.py
[2025-01-28T22:09:21.911+0000] {processor.py:914} INFO - Processing file /home/airflow/.local/lib/python3.12/site-packages/airflow/example_dags/tutorial_objectstorage.py for tasks to queue
[2025-01-28T22:09:21.913+0000] {logging_mixin.py:190} INFO - [2025-01-28T22:09:21.913+0000] {dagbag.py:588} INFO - Filling up the DagBag from /home/airflow/.local/lib/python3.12/site-packages/airflow/example_dags/tutorial_objectstorage.py
[2025-01-28T22:09:21.926+0000] {processor.py:925} INFO - DAG(s) 'tutorial_objectstorage' retrieved from /home/airflow/.local/lib/python3.12/site-packages/airflow/example_dags/tutorial_objectstorage.py
[2025-01-28T22:09:22.043+0000] {logging_mixin.py:190} INFO - [2025-01-28T22:09:22.042+0000] {override.py:1911} INFO - Created Permission View: can delete on DAG:tutorial_objectstorage
[2025-01-28T22:09:22.058+0000] {logging_mixin.py:190} INFO - [2025-01-28T22:09:22.058+0000] {override.py:1911} INFO - Created Permission View: can edit on DAG:tutorial_objectstorage
[2025-01-28T22:09:22.068+0000] {logging_mixin.py:190} INFO - [2025-01-28T22:09:22.068+0000] {override.py:1911} INFO - Created Permission View: can read on DAG:tutorial_objectstorage
[2025-01-28T22:09:22.081+0000] {logging_mixin.py:190} INFO - [2025-01-28T22:09:22.081+0000] {override.py:1911} INFO - Created Permission View: can create on DAG Run:tutorial_objectstorage
[2025-01-28T22:09:22.093+0000] {logging_mixin.py:190} INFO - [2025-01-28T22:09:22.093+0000] {override.py:1911} INFO - Created Permission View: can delete on DAG Run:tutorial_objectstorage
[2025-01-28T22:09:22.104+0000] {logging_mixin.py:190} INFO - [2025-01-28T22:09:22.104+0000] {override.py:1911} INFO - Created Permission View: menu access on DAG Run:tutorial_objectstorage
[2025-01-28T22:09:22.113+0000] {logging_mixin.py:190} INFO - [2025-01-28T22:09:22.112+0000] {override.py:1911} INFO - Created Permission View: can read on DAG Run:tutorial_objectstorage
[2025-01-28T22:09:22.115+0000] {logging_mixin.py:190} INFO - [2025-01-28T22:09:22.115+0000] {dag.py:3239} INFO - Sync 1 DAGs
[2025-01-28T22:09:22.129+0000] {logging_mixin.py:190} INFO - [2025-01-28T22:09:22.129+0000] {dag.py:3262} INFO - Creating ORM DAG for tutorial_objectstorage
[2025-01-28T22:09:22.130+0000] {logging_mixin.py:190} INFO - [2025-01-28T22:09:22.130+0000] {dag.py:4180} INFO - Setting next_dagrun for tutorial_objectstorage to None, run_after=None
[2025-01-28T22:09:22.151+0000] {processor.py:208} INFO - Processing /home/airflow/.local/lib/python3.12/site-packages/airflow/example_dags/tutorial_objectstorage.py took 0.248 seconds
[2025-01-28T22:09:52.270+0000] {processor.py:186} INFO - Started process (PID=149) to work on /home/airflow/.local/lib/python3.12/site-packages/airflow/example_dags/tutorial_objectstorage.py
[2025-01-28T22:09:52.271+0000] {processor.py:914} INFO - Processing file /home/airflow/.local/lib/python3.12/site-packages/airflow/example_dags/tutorial_objectstorage.py for tasks to queue
[2025-01-28T22:09:52.274+0000] {logging_mixin.py:190} INFO - [2025-01-28T22:09:52.274+0000] {dagbag.py:588} INFO - Filling up the DagBag from /home/airflow/.local/lib/python3.12/site-packages/airflow/example_dags/tutorial_objectstorage.py
[2025-01-28T22:09:52.286+0000] {processor.py:925} INFO - DAG(s) 'tutorial_objectstorage' retrieved from /home/airflow/.local/lib/python3.12/site-packages/airflow/example_dags/tutorial_objectstorage.py
[2025-01-28T22:09:52.307+0000] {logging_mixin.py:190} INFO - [2025-01-28T22:09:52.307+0000] {dag.py:3239} INFO - Sync 1 DAGs
[2025-01-28T22:09:52.325+0000] {logging_mixin.py:190} INFO - [2025-01-28T22:09:52.325+0000] {dag.py:4180} INFO - Setting next_dagrun for tutorial_objectstorage to None, run_after=None
[2025-01-28T22:09:52.350+0000] {processor.py:208} INFO - Processing /home/airflow/.local/lib/python3.12/site-packages/airflow/example_dags/tutorial_objectstorage.py took 0.087 seconds
[2025-01-28T22:10:22.636+0000] {processor.py:186} INFO - Started process (PID=212) to work on /home/airflow/.local/lib/python3.12/site-packages/airflow/example_dags/tutorial_objectstorage.py
[2025-01-28T22:10:22.643+0000] {processor.py:914} INFO - Processing file /home/airflow/.local/lib/python3.12/site-packages/airflow/example_dags/tutorial_objectstorage.py for tasks to queue
[2025-01-28T22:10:22.646+0000] {logging_mixin.py:190} INFO - [2025-01-28T22:10:22.646+0000] {dagbag.py:588} INFO - Filling up the DagBag from /home/airflow/.local/lib/python3.12/site-packages/airflow/example_dags/tutorial_objectstorage.py
[2025-01-28T22:10:22.655+0000] {processor.py:925} INFO - DAG(s) 'tutorial_objectstorage' retrieved from /home/airflow/.local/lib/python3.12/site-packages/airflow/example_dags/tutorial_objectstorage.py
[2025-01-28T22:10:22.675+0000] {logging_mixin.py:190} INFO - [2025-01-28T22:10:22.674+0000] {dag.py:3239} INFO - Sync 1 DAGs
[2025-01-28T22:10:22.690+0000] {logging_mixin.py:190} INFO - [2025-01-28T22:10:22.690+0000] {dag.py:4180} INFO - Setting next_dagrun for tutorial_objectstorage to None, run_after=None
[2025-01-28T22:10:22.714+0000] {processor.py:208} INFO - Processing /home/airflow/.local/lib/python3.12/site-packages/airflow/example_dags/tutorial_objectstorage.py took 0.085 seconds
[2025-01-28T22:10:52.872+0000] {processor.py:186} INFO - Started process (PID=275) to work on /home/airflow/.local/lib/python3.12/site-packages/airflow/example_dags/tutorial_objectstorage.py
[2025-01-28T22:10:52.874+0000] {processor.py:914} INFO - Processing file /home/airflow/.local/lib/python3.12/site-packages/airflow/example_dags/tutorial_objectstorage.py for tasks to queue
[2025-01-28T22:10:52.885+0000] {logging_mixin.py:190} INFO - [2025-01-28T22:10:52.884+0000] {dagbag.py:588} INFO - Filling up the DagBag from /home/airflow/.local/lib/python3.12/site-packages/airflow/example_dags/tutorial_objectstorage.py
[2025-01-28T22:10:52.895+0000] {processor.py:925} INFO - DAG(s) 'tutorial_objectstorage' retrieved from /home/airflow/.local/lib/python3.12/site-packages/airflow/example_dags/tutorial_objectstorage.py
[2025-01-28T22:10:52.916+0000] {logging_mixin.py:190} INFO - [2025-01-28T22:10:52.916+0000] {dag.py:3239} INFO - Sync 1 DAGs
[2025-01-28T22:10:52.931+0000] {logging_mixin.py:190} INFO - [2025-01-28T22:10:52.931+0000] {dag.py:4180} INFO - Setting next_dagrun for tutorial_objectstorage to None, run_after=None
[2025-01-28T22:10:52.956+0000] {processor.py:208} INFO - Processing /home/airflow/.local/lib/python3.12/site-packages/airflow/example_dags/tutorial_objectstorage.py took 0.091 seconds
[2025-01-28T22:11:23.161+0000] {processor.py:186} INFO - Started process (PID=338) to work on /home/airflow/.local/lib/python3.12/site-packages/airflow/example_dags/tutorial_objectstorage.py
[2025-01-28T22:11:23.162+0000] {processor.py:914} INFO - Processing file /home/airflow/.local/lib/python3.12/site-packages/airflow/example_dags/tutorial_objectstorage.py for tasks to queue
[2025-01-28T22:11:23.165+0000] {logging_mixin.py:190} INFO - [2025-01-28T22:11:23.165+0000] {dagbag.py:588} INFO - Filling up the DagBag from /home/airflow/.local/lib/python3.12/site-packages/airflow/example_dags/tutorial_objectstorage.py
[2025-01-28T22:11:23.175+0000] {processor.py:925} INFO - DAG(s) 'tutorial_objectstorage' retrieved from /home/airflow/.local/lib/python3.12/site-packages/airflow/example_dags/tutorial_objectstorage.py
[2025-01-28T22:11:23.196+0000] {logging_mixin.py:190} INFO - [2025-01-28T22:11:23.196+0000] {dag.py:3239} INFO - Sync 1 DAGs
[2025-01-28T22:11:23.212+0000] {logging_mixin.py:190} INFO - [2025-01-28T22:11:23.212+0000] {dag.py:4180} INFO - Setting next_dagrun for tutorial_objectstorage to None, run_after=None
[2025-01-28T22:11:23.235+0000] {processor.py:208} INFO - Processing /home/airflow/.local/lib/python3.12/site-packages/airflow/example_dags/tutorial_objectstorage.py took 0.081 seconds
[2025-01-28T22:11:54.079+0000] {processor.py:186} INFO - Started process (PID=401) to work on /home/airflow/.local/lib/python3.12/site-packages/airflow/example_dags/tutorial_objectstorage.py
[2025-01-28T22:11:54.080+0000] {processor.py:914} INFO - Processing file /home/airflow/.local/lib/python3.12/site-packages/airflow/example_dags/tutorial_objectstorage.py for tasks to queue
[2025-01-28T22:11:54.084+0000] {logging_mixin.py:190} INFO - [2025-01-28T22:11:54.083+0000] {dagbag.py:588} INFO - Filling up the DagBag from /home/airflow/.local/lib/python3.12/site-packages/airflow/example_dags/tutorial_objectstorage.py
[2025-01-28T22:11:54.094+0000] {processor.py:925} INFO - DAG(s) 'tutorial_objectstorage' retrieved from /home/airflow/.local/lib/python3.12/site-packages/airflow/example_dags/tutorial_objectstorage.py
[2025-01-28T22:11:54.115+0000] {logging_mixin.py:190} INFO - [2025-01-28T22:11:54.115+0000] {dag.py:3239} INFO - Sync 1 DAGs
[2025-01-28T22:11:54.130+0000] {logging_mixin.py:190} INFO - [2025-01-28T22:11:54.130+0000] {dag.py:4180} INFO - Setting next_dagrun for tutorial_objectstorage to None, run_after=None
[2025-01-28T22:11:54.153+0000] {processor.py:208} INFO - Processing /home/airflow/.local/lib/python3.12/site-packages/airflow/example_dags/tutorial_objectstorage.py took 0.080 seconds
[2025-01-28T22:12:24.368+0000] {processor.py:186} INFO - Started process (PID=464) to work on /home/airflow/.local/lib/python3.12/site-packages/airflow/example_dags/tutorial_objectstorage.py
[2025-01-28T22:12:24.370+0000] {processor.py:914} INFO - Processing file /home/airflow/.local/lib/python3.12/site-packages/airflow/example_dags/tutorial_objectstorage.py for tasks to queue
[2025-01-28T22:12:24.373+0000] {logging_mixin.py:190} INFO - [2025-01-28T22:12:24.372+0000] {dagbag.py:588} INFO - Filling up the DagBag from /home/airflow/.local/lib/python3.12/site-packages/airflow/example_dags/tutorial_objectstorage.py
[2025-01-28T22:12:24.383+0000] {processor.py:925} INFO - DAG(s) 'tutorial_objectstorage' retrieved from /home/airflow/.local/lib/python3.12/site-packages/airflow/example_dags/tutorial_objectstorage.py
[2025-01-28T22:12:24.404+0000] {logging_mixin.py:190} INFO - [2025-01-28T22:12:24.404+0000] {dag.py:3239} INFO - Sync 1 DAGs
[2025-01-28T22:12:24.422+0000] {logging_mixin.py:190} INFO - [2025-01-28T22:12:24.422+0000] {dag.py:4180} INFO - Setting next_dagrun for tutorial_objectstorage to None, run_after=None
[2025-01-28T22:12:24.446+0000] {processor.py:208} INFO - Processing /home/airflow/.local/lib/python3.12/site-packages/airflow/example_dags/tutorial_objectstorage.py took 0.085 seconds
[2025-01-28T22:12:54.566+0000] {processor.py:186} INFO - Started process (PID=527) to work on /home/airflow/.local/lib/python3.12/site-packages/airflow/example_dags/tutorial_objectstorage.py
[2025-01-28T22:12:54.568+0000] {processor.py:914} INFO - Processing file /home/airflow/.local/lib/python3.12/site-packages/airflow/example_dags/tutorial_objectstorage.py for tasks to queue
[2025-01-28T22:12:54.571+0000] {logging_mixin.py:190} INFO - [2025-01-28T22:12:54.570+0000] {dagbag.py:588} INFO - Filling up the DagBag from /home/airflow/.local/lib/python3.12/site-packages/airflow/example_dags/tutorial_objectstorage.py
[2025-01-28T22:12:54.583+0000] {processor.py:925} INFO - DAG(s) 'tutorial_objectstorage' retrieved from /home/airflow/.local/lib/python3.12/site-packages/airflow/example_dags/tutorial_objectstorage.py
[2025-01-28T22:12:54.603+0000] {logging_mixin.py:190} INFO - [2025-01-28T22:12:54.603+0000] {dag.py:3239} INFO - Sync 1 DAGs
[2025-01-28T22:12:54.623+0000] {logging_mixin.py:190} INFO - [2025-01-28T22:12:54.623+0000] {dag.py:4180} INFO - Setting next_dagrun for tutorial_objectstorage to None, run_after=None
[2025-01-28T22:12:54.652+0000] {processor.py:208} INFO - Processing /home/airflow/.local/lib/python3.12/site-packages/airflow/example_dags/tutorial_objectstorage.py took 0.092 seconds
[2025-01-28T22:13:25.260+0000] {processor.py:186} INFO - Started process (PID=590) to work on /home/airflow/.local/lib/python3.12/site-packages/airflow/example_dags/tutorial_objectstorage.py
[2025-01-28T22:13:25.261+0000] {processor.py:914} INFO - Processing file /home/airflow/.local/lib/python3.12/site-packages/airflow/example_dags/tutorial_objectstorage.py for tasks to queue
[2025-01-28T22:13:25.264+0000] {logging_mixin.py:190} INFO - [2025-01-28T22:13:25.264+0000] {dagbag.py:588} INFO - Filling up the DagBag from /home/airflow/.local/lib/python3.12/site-packages/airflow/example_dags/tutorial_objectstorage.py
[2025-01-28T22:13:25.274+0000] {processor.py:925} INFO - DAG(s) 'tutorial_objectstorage' retrieved from /home/airflow/.local/lib/python3.12/site-packages/airflow/example_dags/tutorial_objectstorage.py
[2025-01-28T22:13:25.295+0000] {logging_mixin.py:190} INFO - [2025-01-28T22:13:25.294+0000] {dag.py:3239} INFO - Sync 1 DAGs
[2025-01-28T22:13:25.310+0000] {logging_mixin.py:190} INFO - [2025-01-28T22:13:25.310+0000] {dag.py:4180} INFO - Setting next_dagrun for tutorial_objectstorage to None, run_after=None
[2025-01-28T22:13:25.340+0000] {processor.py:208} INFO - Processing /home/airflow/.local/lib/python3.12/site-packages/airflow/example_dags/tutorial_objectstorage.py took 0.086 seconds
[2025-01-28T22:13:55.673+0000] {processor.py:186} INFO - Started process (PID=653) to work on /home/airflow/.local/lib/python3.12/site-packages/airflow/example_dags/tutorial_objectstorage.py
[2025-01-28T22:13:55.675+0000] {processor.py:914} INFO - Processing file /home/airflow/.local/lib/python3.12/site-packages/airflow/example_dags/tutorial_objectstorage.py for tasks to queue
[2025-01-28T22:13:55.678+0000] {logging_mixin.py:190} INFO - [2025-01-28T22:13:55.677+0000] {dagbag.py:588} INFO - Filling up the DagBag from /home/airflow/.local/lib/python3.12/site-packages/airflow/example_dags/tutorial_objectstorage.py
[2025-01-28T22:13:55.688+0000] {processor.py:925} INFO - DAG(s) 'tutorial_objectstorage' retrieved from /home/airflow/.local/lib/python3.12/site-packages/airflow/example_dags/tutorial_objectstorage.py
[2025-01-28T22:13:55.709+0000] {logging_mixin.py:190} INFO - [2025-01-28T22:13:55.708+0000] {dag.py:3239} INFO - Sync 1 DAGs
[2025-01-28T22:13:55.724+0000] {logging_mixin.py:190} INFO - [2025-01-28T22:13:55.724+0000] {dag.py:4180} INFO - Setting next_dagrun for tutorial_objectstorage to None, run_after=None
[2025-01-28T22:13:55.759+0000] {processor.py:208} INFO - Processing /home/airflow/.local/lib/python3.12/site-packages/airflow/example_dags/tutorial_objectstorage.py took 0.092 seconds
[2025-01-28T22:14:26.279+0000] {processor.py:186} INFO - Started process (PID=716) to work on /home/airflow/.local/lib/python3.12/site-packages/airflow/example_dags/tutorial_objectstorage.py
[2025-01-28T22:14:26.280+0000] {processor.py:914} INFO - Processing file /home/airflow/.local/lib/python3.12/site-packages/airflow/example_dags/tutorial_objectstorage.py for tasks to queue
[2025-01-28T22:14:26.283+0000] {logging_mixin.py:190} INFO - [2025-01-28T22:14:26.283+0000] {dagbag.py:588} INFO - Filling up the DagBag from /home/airflow/.local/lib/python3.12/site-packages/airflow/example_dags/tutorial_objectstorage.py
[2025-01-28T22:14:26.294+0000] {processor.py:925} INFO - DAG(s) 'tutorial_objectstorage' retrieved from /home/airflow/.local/lib/python3.12/site-packages/airflow/example_dags/tutorial_objectstorage.py
[2025-01-28T22:14:26.315+0000] {logging_mixin.py:190} INFO - [2025-01-28T22:14:26.315+0000] {dag.py:3239} INFO - Sync 1 DAGs
[2025-01-28T22:14:26.333+0000] {logging_mixin.py:190} INFO - [2025-01-28T22:14:26.332+0000] {dag.py:4180} INFO - Setting next_dagrun for tutorial_objectstorage to None, run_after=None
[2025-01-28T22:14:26.356+0000] {processor.py:208} INFO - Processing /home/airflow/.local/lib/python3.12/site-packages/airflow/example_dags/tutorial_objectstorage.py took 0.083 seconds
[2025-01-28T22:14:56.916+0000] {processor.py:186} INFO - Started process (PID=779) to work on /home/airflow/.local/lib/python3.12/site-packages/airflow/example_dags/tutorial_objectstorage.py
[2025-01-28T22:14:56.918+0000] {processor.py:914} INFO - Processing file /home/airflow/.local/lib/python3.12/site-packages/airflow/example_dags/tutorial_objectstorage.py for tasks to queue
[2025-01-28T22:14:56.921+0000] {logging_mixin.py:190} INFO - [2025-01-28T22:14:56.920+0000] {dagbag.py:588} INFO - Filling up the DagBag from /home/airflow/.local/lib/python3.12/site-packages/airflow/example_dags/tutorial_objectstorage.py
[2025-01-28T22:14:56.932+0000] {processor.py:925} INFO - DAG(s) 'tutorial_objectstorage' retrieved from /home/airflow/.local/lib/python3.12/site-packages/airflow/example_dags/tutorial_objectstorage.py
[2025-01-28T22:14:56.952+0000] {logging_mixin.py:190} INFO - [2025-01-28T22:14:56.952+0000] {dag.py:3239} INFO - Sync 1 DAGs
[2025-01-28T22:14:56.969+0000] {logging_mixin.py:190} INFO - [2025-01-28T22:14:56.969+0000] {dag.py:4180} INFO - Setting next_dagrun for tutorial_objectstorage to None, run_after=None
[2025-01-28T22:14:56.994+0000] {processor.py:208} INFO - Processing /home/airflow/.local/lib/python3.12/site-packages/airflow/example_dags/tutorial_objectstorage.py took 0.084 seconds
[2025-01-28T22:15:27.531+0000] {processor.py:186} INFO - Started process (PID=842) to work on /home/airflow/.local/lib/python3.12/site-packages/airflow/example_dags/tutorial_objectstorage.py
[2025-01-28T22:15:27.532+0000] {processor.py:914} INFO - Processing file /home/airflow/.local/lib/python3.12/site-packages/airflow/example_dags/tutorial_objectstorage.py for tasks to queue
[2025-01-28T22:15:27.535+0000] {logging_mixin.py:190} INFO - [2025-01-28T22:15:27.535+0000] {dagbag.py:588} INFO - Filling up the DagBag from /home/airflow/.local/lib/python3.12/site-packages/airflow/example_dags/tutorial_objectstorage.py
[2025-01-28T22:15:27.545+0000] {processor.py:925} INFO - DAG(s) 'tutorial_objectstorage' retrieved from /home/airflow/.local/lib/python3.12/site-packages/airflow/example_dags/tutorial_objectstorage.py
[2025-01-28T22:15:27.564+0000] {logging_mixin.py:190} INFO - [2025-01-28T22:15:27.564+0000] {dag.py:3239} INFO - Sync 1 DAGs
[2025-01-28T22:15:27.580+0000] {logging_mixin.py:190} INFO - [2025-01-28T22:15:27.580+0000] {dag.py:4180} INFO - Setting next_dagrun for tutorial_objectstorage to None, run_after=None
[2025-01-28T22:15:27.606+0000] {processor.py:208} INFO - Processing /home/airflow/.local/lib/python3.12/site-packages/airflow/example_dags/tutorial_objectstorage.py took 0.081 seconds
[2025-01-28T22:15:57.941+0000] {processor.py:186} INFO - Started process (PID=905) to work on /home/airflow/.local/lib/python3.12/site-packages/airflow/example_dags/tutorial_objectstorage.py
[2025-01-28T22:15:57.942+0000] {processor.py:914} INFO - Processing file /home/airflow/.local/lib/python3.12/site-packages/airflow/example_dags/tutorial_objectstorage.py for tasks to queue
[2025-01-28T22:15:57.945+0000] {logging_mixin.py:190} INFO - [2025-01-28T22:15:57.944+0000] {dagbag.py:588} INFO - Filling up the DagBag from /home/airflow/.local/lib/python3.12/site-packages/airflow/example_dags/tutorial_objectstorage.py
[2025-01-28T22:15:57.954+0000] {processor.py:925} INFO - DAG(s) 'tutorial_objectstorage' retrieved from /home/airflow/.local/lib/python3.12/site-packages/airflow/example_dags/tutorial_objectstorage.py
[2025-01-28T22:15:57.974+0000] {logging_mixin.py:190} INFO - [2025-01-28T22:15:57.974+0000] {dag.py:3239} INFO - Sync 1 DAGs
[2025-01-28T22:15:57.989+0000] {logging_mixin.py:190} INFO - [2025-01-28T22:15:57.989+0000] {dag.py:4180} INFO - Setting next_dagrun for tutorial_objectstorage to None, run_after=None
[2025-01-28T22:15:58.011+0000] {processor.py:208} INFO - Processing /home/airflow/.local/lib/python3.12/site-packages/airflow/example_dags/tutorial_objectstorage.py took 0.076 seconds
[2025-01-28T22:16:28.619+0000] {processor.py:186} INFO - Started process (PID=969) to work on /home/airflow/.local/lib/python3.12/site-packages/airflow/example_dags/tutorial_objectstorage.py
[2025-01-28T22:16:28.621+0000] {processor.py:914} INFO - Processing file /home/airflow/.local/lib/python3.12/site-packages/airflow/example_dags/tutorial_objectstorage.py for tasks to queue
[2025-01-28T22:16:28.624+0000] {logging_mixin.py:190} INFO - [2025-01-28T22:16:28.623+0000] {dagbag.py:588} INFO - Filling up the DagBag from /home/airflow/.local/lib/python3.12/site-packages/airflow/example_dags/tutorial_objectstorage.py
[2025-01-28T22:16:28.634+0000] {processor.py:925} INFO - DAG(s) 'tutorial_objectstorage' retrieved from /home/airflow/.local/lib/python3.12/site-packages/airflow/example_dags/tutorial_objectstorage.py
[2025-01-28T22:16:28.654+0000] {logging_mixin.py:190} INFO - [2025-01-28T22:16:28.654+0000] {dag.py:3239} INFO - Sync 1 DAGs
[2025-01-28T22:16:28.670+0000] {logging_mixin.py:190} INFO - [2025-01-28T22:16:28.670+0000] {dag.py:4180} INFO - Setting next_dagrun for tutorial_objectstorage to None, run_after=None
[2025-01-28T22:16:28.703+0000] {processor.py:208} INFO - Processing /home/airflow/.local/lib/python3.12/site-packages/airflow/example_dags/tutorial_objectstorage.py took 0.090 seconds
[2025-01-28T22:16:59.066+0000] {processor.py:186} INFO - Started process (PID=1032) to work on /home/airflow/.local/lib/python3.12/site-packages/airflow/example_dags/tutorial_objectstorage.py
[2025-01-28T22:16:59.067+0000] {processor.py:914} INFO - Processing file /home/airflow/.local/lib/python3.12/site-packages/airflow/example_dags/tutorial_objectstorage.py for tasks to queue
[2025-01-28T22:16:59.070+0000] {logging_mixin.py:190} INFO - [2025-01-28T22:16:59.070+0000] {dagbag.py:588} INFO - Filling up the DagBag from /home/airflow/.local/lib/python3.12/site-packages/airflow/example_dags/tutorial_objectstorage.py
[2025-01-28T22:16:59.080+0000] {processor.py:925} INFO - DAG(s) 'tutorial_objectstorage' retrieved from /home/airflow/.local/lib/python3.12/site-packages/airflow/example_dags/tutorial_objectstorage.py
[2025-01-28T22:16:59.099+0000] {logging_mixin.py:190} INFO - [2025-01-28T22:16:59.099+0000] {dag.py:3239} INFO - Sync 1 DAGs
[2025-01-28T22:16:59.115+0000] {logging_mixin.py:190} INFO - [2025-01-28T22:16:59.115+0000] {dag.py:4180} INFO - Setting next_dagrun for tutorial_objectstorage to None, run_after=None
[2025-01-28T22:16:59.148+0000] {processor.py:208} INFO - Processing /home/airflow/.local/lib/python3.12/site-packages/airflow/example_dags/tutorial_objectstorage.py took 0.088 seconds
[2025-01-28T22:17:29.361+0000] {processor.py:186} INFO - Started process (PID=1095) to work on /home/airflow/.local/lib/python3.12/site-packages/airflow/example_dags/tutorial_objectstorage.py
[2025-01-28T22:17:29.364+0000] {processor.py:914} INFO - Processing file /home/airflow/.local/lib/python3.12/site-packages/airflow/example_dags/tutorial_objectstorage.py for tasks to queue
[2025-01-28T22:17:29.367+0000] {logging_mixin.py:190} INFO - [2025-01-28T22:17:29.367+0000] {dagbag.py:588} INFO - Filling up the DagBag from /home/airflow/.local/lib/python3.12/site-packages/airflow/example_dags/tutorial_objectstorage.py
[2025-01-28T22:17:29.379+0000] {processor.py:925} INFO - DAG(s) 'tutorial_objectstorage' retrieved from /home/airflow/.local/lib/python3.12/site-packages/airflow/example_dags/tutorial_objectstorage.py
[2025-01-28T22:17:29.401+0000] {logging_mixin.py:190} INFO - [2025-01-28T22:17:29.401+0000] {dag.py:3239} INFO - Sync 1 DAGs
[2025-01-28T22:17:29.419+0000] {logging_mixin.py:190} INFO - [2025-01-28T22:17:29.419+0000] {dag.py:4180} INFO - Setting next_dagrun for tutorial_objectstorage to None, run_after=None
[2025-01-28T22:17:29.445+0000] {processor.py:208} INFO - Processing /home/airflow/.local/lib/python3.12/site-packages/airflow/example_dags/tutorial_objectstorage.py took 0.089 seconds
[2025-01-28T22:18:00.083+0000] {processor.py:186} INFO - Started process (PID=1158) to work on /home/airflow/.local/lib/python3.12/site-packages/airflow/example_dags/tutorial_objectstorage.py
[2025-01-28T22:18:00.084+0000] {processor.py:914} INFO - Processing file /home/airflow/.local/lib/python3.12/site-packages/airflow/example_dags/tutorial_objectstorage.py for tasks to queue
[2025-01-28T22:18:00.087+0000] {logging_mixin.py:190} INFO - [2025-01-28T22:18:00.087+0000] {dagbag.py:588} INFO - Filling up the DagBag from /home/airflow/.local/lib/python3.12/site-packages/airflow/example_dags/tutorial_objectstorage.py
[2025-01-28T22:18:00.097+0000] {processor.py:925} INFO - DAG(s) 'tutorial_objectstorage' retrieved from /home/airflow/.local/lib/python3.12/site-packages/airflow/example_dags/tutorial_objectstorage.py
[2025-01-28T22:18:00.117+0000] {logging_mixin.py:190} INFO - [2025-01-28T22:18:00.117+0000] {dag.py:3239} INFO - Sync 1 DAGs
[2025-01-28T22:18:00.133+0000] {logging_mixin.py:190} INFO - [2025-01-28T22:18:00.133+0000] {dag.py:4180} INFO - Setting next_dagrun for tutorial_objectstorage to None, run_after=None
[2025-01-28T22:18:00.156+0000] {processor.py:208} INFO - Processing /home/airflow/.local/lib/python3.12/site-packages/airflow/example_dags/tutorial_objectstorage.py took 0.079 seconds
[2025-01-28T22:18:31.150+0000] {processor.py:186} INFO - Started process (PID=1221) to work on /home/airflow/.local/lib/python3.12/site-packages/airflow/example_dags/tutorial_objectstorage.py
[2025-01-28T22:18:31.154+0000] {processor.py:914} INFO - Processing file /home/airflow/.local/lib/python3.12/site-packages/airflow/example_dags/tutorial_objectstorage.py for tasks to queue
[2025-01-28T22:18:31.160+0000] {logging_mixin.py:190} INFO - [2025-01-28T22:18:31.159+0000] {dagbag.py:588} INFO - Filling up the DagBag from /home/airflow/.local/lib/python3.12/site-packages/airflow/example_dags/tutorial_objectstorage.py
[2025-01-28T22:18:31.172+0000] {processor.py:925} INFO - DAG(s) 'tutorial_objectstorage' retrieved from /home/airflow/.local/lib/python3.12/site-packages/airflow/example_dags/tutorial_objectstorage.py
[2025-01-28T22:18:31.195+0000] {logging_mixin.py:190} INFO - [2025-01-28T22:18:31.195+0000] {dag.py:3239} INFO - Sync 1 DAGs
[2025-01-28T22:18:31.212+0000] {logging_mixin.py:190} INFO - [2025-01-28T22:18:31.211+0000] {dag.py:4180} INFO - Setting next_dagrun for tutorial_objectstorage to None, run_after=None
[2025-01-28T22:18:31.236+0000] {processor.py:208} INFO - Processing /home/airflow/.local/lib/python3.12/site-packages/airflow/example_dags/tutorial_objectstorage.py took 0.092 seconds
[2025-01-28T22:19:01.345+0000] {processor.py:186} INFO - Started process (PID=1284) to work on /home/airflow/.local/lib/python3.12/site-packages/airflow/example_dags/tutorial_objectstorage.py
[2025-01-28T22:19:01.347+0000] {processor.py:914} INFO - Processing file /home/airflow/.local/lib/python3.12/site-packages/airflow/example_dags/tutorial_objectstorage.py for tasks to queue
[2025-01-28T22:19:01.350+0000] {logging_mixin.py:190} INFO - [2025-01-28T22:19:01.350+0000] {dagbag.py:588} INFO - Filling up the DagBag from /home/airflow/.local/lib/python3.12/site-packages/airflow/example_dags/tutorial_objectstorage.py
[2025-01-28T22:19:01.361+0000] {processor.py:925} INFO - DAG(s) 'tutorial_objectstorage' retrieved from /home/airflow/.local/lib/python3.12/site-packages/airflow/example_dags/tutorial_objectstorage.py
[2025-01-28T22:19:01.382+0000] {logging_mixin.py:190} INFO - [2025-01-28T22:19:01.382+0000] {dag.py:3239} INFO - Sync 1 DAGs
[2025-01-28T22:19:01.400+0000] {logging_mixin.py:190} INFO - [2025-01-28T22:19:01.399+0000] {dag.py:4180} INFO - Setting next_dagrun for tutorial_objectstorage to None, run_after=None
[2025-01-28T22:19:01.424+0000] {processor.py:208} INFO - Processing /home/airflow/.local/lib/python3.12/site-packages/airflow/example_dags/tutorial_objectstorage.py took 0.085 seconds
[2025-01-28T22:19:31.641+0000] {processor.py:186} INFO - Started process (PID=1347) to work on /home/airflow/.local/lib/python3.12/site-packages/airflow/example_dags/tutorial_objectstorage.py
[2025-01-28T22:19:31.644+0000] {processor.py:914} INFO - Processing file /home/airflow/.local/lib/python3.12/site-packages/airflow/example_dags/tutorial_objectstorage.py for tasks to queue
[2025-01-28T22:19:31.654+0000] {logging_mixin.py:190} INFO - [2025-01-28T22:19:31.653+0000] {dagbag.py:588} INFO - Filling up the DagBag from /home/airflow/.local/lib/python3.12/site-packages/airflow/example_dags/tutorial_objectstorage.py
[2025-01-28T22:19:31.666+0000] {processor.py:925} INFO - DAG(s) 'tutorial_objectstorage' retrieved from /home/airflow/.local/lib/python3.12/site-packages/airflow/example_dags/tutorial_objectstorage.py
[2025-01-28T22:19:31.690+0000] {logging_mixin.py:190} INFO - [2025-01-28T22:19:31.690+0000] {dag.py:3239} INFO - Sync 1 DAGs
[2025-01-28T22:19:31.708+0000] {logging_mixin.py:190} INFO - [2025-01-28T22:19:31.708+0000] {dag.py:4180} INFO - Setting next_dagrun for tutorial_objectstorage to None, run_after=None
[2025-01-28T22:19:31.730+0000] {processor.py:208} INFO - Processing /home/airflow/.local/lib/python3.12/site-packages/airflow/example_dags/tutorial_objectstorage.py took 0.096 seconds
[2025-01-28T22:20:03.181+0000] {processor.py:186} INFO - Started process (PID=1410) to work on /home/airflow/.local/lib/python3.12/site-packages/airflow/example_dags/tutorial_objectstorage.py
[2025-01-28T22:20:03.182+0000] {processor.py:914} INFO - Processing file /home/airflow/.local/lib/python3.12/site-packages/airflow/example_dags/tutorial_objectstorage.py for tasks to queue
[2025-01-28T22:20:03.185+0000] {logging_mixin.py:190} INFO - [2025-01-28T22:20:03.185+0000] {dagbag.py:588} INFO - Filling up the DagBag from /home/airflow/.local/lib/python3.12/site-packages/airflow/example_dags/tutorial_objectstorage.py
[2025-01-28T22:20:03.195+0000] {processor.py:925} INFO - DAG(s) 'tutorial_objectstorage' retrieved from /home/airflow/.local/lib/python3.12/site-packages/airflow/example_dags/tutorial_objectstorage.py
[2025-01-28T22:20:03.217+0000] {logging_mixin.py:190} INFO - [2025-01-28T22:20:03.217+0000] {dag.py:3239} INFO - Sync 1 DAGs
[2025-01-28T22:20:03.235+0000] {logging_mixin.py:190} INFO - [2025-01-28T22:20:03.235+0000] {dag.py:4180} INFO - Setting next_dagrun for tutorial_objectstorage to None, run_after=None
[2025-01-28T22:20:03.262+0000] {processor.py:208} INFO - Processing /home/airflow/.local/lib/python3.12/site-packages/airflow/example_dags/tutorial_objectstorage.py took 0.087 seconds
[2025-01-28T22:20:33.522+0000] {processor.py:186} INFO - Started process (PID=1473) to work on /home/airflow/.local/lib/python3.12/site-packages/airflow/example_dags/tutorial_objectstorage.py
[2025-01-28T22:20:33.524+0000] {processor.py:914} INFO - Processing file /home/airflow/.local/lib/python3.12/site-packages/airflow/example_dags/tutorial_objectstorage.py for tasks to queue
[2025-01-28T22:20:33.527+0000] {logging_mixin.py:190} INFO - [2025-01-28T22:20:33.526+0000] {dagbag.py:588} INFO - Filling up the DagBag from /home/airflow/.local/lib/python3.12/site-packages/airflow/example_dags/tutorial_objectstorage.py
[2025-01-28T22:20:33.537+0000] {processor.py:925} INFO - DAG(s) 'tutorial_objectstorage' retrieved from /home/airflow/.local/lib/python3.12/site-packages/airflow/example_dags/tutorial_objectstorage.py
[2025-01-28T22:20:33.557+0000] {logging_mixin.py:190} INFO - [2025-01-28T22:20:33.557+0000] {dag.py:3239} INFO - Sync 1 DAGs
[2025-01-28T22:20:33.572+0000] {logging_mixin.py:190} INFO - [2025-01-28T22:20:33.572+0000] {dag.py:4180} INFO - Setting next_dagrun for tutorial_objectstorage to None, run_after=None
[2025-01-28T22:20:33.596+0000] {processor.py:208} INFO - Processing /home/airflow/.local/lib/python3.12/site-packages/airflow/example_dags/tutorial_objectstorage.py took 0.080 seconds
[2025-01-28T22:21:04.799+0000] {processor.py:186} INFO - Started process (PID=1529) to work on /home/airflow/.local/lib/python3.12/site-packages/airflow/example_dags/tutorial_objectstorage.py
[2025-01-28T22:21:04.800+0000] {processor.py:914} INFO - Processing file /home/airflow/.local/lib/python3.12/site-packages/airflow/example_dags/tutorial_objectstorage.py for tasks to queue
[2025-01-28T22:21:04.803+0000] {logging_mixin.py:190} INFO - [2025-01-28T22:21:04.803+0000] {dagbag.py:588} INFO - Filling up the DagBag from /home/airflow/.local/lib/python3.12/site-packages/airflow/example_dags/tutorial_objectstorage.py
[2025-01-28T22:21:04.813+0000] {processor.py:925} INFO - DAG(s) 'tutorial_objectstorage' retrieved from /home/airflow/.local/lib/python3.12/site-packages/airflow/example_dags/tutorial_objectstorage.py
[2025-01-28T22:21:04.834+0000] {logging_mixin.py:190} INFO - [2025-01-28T22:21:04.834+0000] {dag.py:3239} INFO - Sync 1 DAGs
[2025-01-28T22:21:04.851+0000] {logging_mixin.py:190} INFO - [2025-01-28T22:21:04.851+0000] {dag.py:4180} INFO - Setting next_dagrun for tutorial_objectstorage to None, run_after=None
[2025-01-28T22:21:04.877+0000] {processor.py:208} INFO - Processing /home/airflow/.local/lib/python3.12/site-packages/airflow/example_dags/tutorial_objectstorage.py took 0.084 seconds
[2025-01-28T22:21:35.685+0000] {processor.py:186} INFO - Started process (PID=1592) to work on /home/airflow/.local/lib/python3.12/site-packages/airflow/example_dags/tutorial_objectstorage.py
[2025-01-28T22:21:35.686+0000] {processor.py:914} INFO - Processing file /home/airflow/.local/lib/python3.12/site-packages/airflow/example_dags/tutorial_objectstorage.py for tasks to queue
[2025-01-28T22:21:35.689+0000] {logging_mixin.py:190} INFO - [2025-01-28T22:21:35.689+0000] {dagbag.py:588} INFO - Filling up the DagBag from /home/airflow/.local/lib/python3.12/site-packages/airflow/example_dags/tutorial_objectstorage.py
[2025-01-28T22:21:35.701+0000] {processor.py:925} INFO - DAG(s) 'tutorial_objectstorage' retrieved from /home/airflow/.local/lib/python3.12/site-packages/airflow/example_dags/tutorial_objectstorage.py
[2025-01-28T22:21:35.720+0000] {logging_mixin.py:190} INFO - [2025-01-28T22:21:35.720+0000] {dag.py:3239} INFO - Sync 1 DAGs
[2025-01-28T22:21:35.736+0000] {logging_mixin.py:190} INFO - [2025-01-28T22:21:35.736+0000] {dag.py:4180} INFO - Setting next_dagrun for tutorial_objectstorage to None, run_after=None
[2025-01-28T22:21:35.772+0000] {processor.py:208} INFO - Processing /home/airflow/.local/lib/python3.12/site-packages/airflow/example_dags/tutorial_objectstorage.py took 0.093 seconds
[2025-01-28T22:22:07.085+0000] {processor.py:186} INFO - Started process (PID=1655) to work on /home/airflow/.local/lib/python3.12/site-packages/airflow/example_dags/tutorial_objectstorage.py
[2025-01-28T22:22:07.086+0000] {processor.py:914} INFO - Processing file /home/airflow/.local/lib/python3.12/site-packages/airflow/example_dags/tutorial_objectstorage.py for tasks to queue
[2025-01-28T22:22:07.089+0000] {logging_mixin.py:190} INFO - [2025-01-28T22:22:07.089+0000] {dagbag.py:588} INFO - Filling up the DagBag from /home/airflow/.local/lib/python3.12/site-packages/airflow/example_dags/tutorial_objectstorage.py
[2025-01-28T22:22:07.099+0000] {processor.py:925} INFO - DAG(s) 'tutorial_objectstorage' retrieved from /home/airflow/.local/lib/python3.12/site-packages/airflow/example_dags/tutorial_objectstorage.py
[2025-01-28T22:22:07.121+0000] {logging_mixin.py:190} INFO - [2025-01-28T22:22:07.121+0000] {dag.py:3239} INFO - Sync 1 DAGs
[2025-01-28T22:22:07.137+0000] {logging_mixin.py:190} INFO - [2025-01-28T22:22:07.137+0000] {dag.py:4180} INFO - Setting next_dagrun for tutorial_objectstorage to None, run_after=None
[2025-01-28T22:22:07.182+0000] {processor.py:208} INFO - Processing /home/airflow/.local/lib/python3.12/site-packages/airflow/example_dags/tutorial_objectstorage.py took 0.103 seconds
[2025-01-28T22:22:38.497+0000] {processor.py:186} INFO - Started process (PID=1718) to work on /home/airflow/.local/lib/python3.12/site-packages/airflow/example_dags/tutorial_objectstorage.py
[2025-01-28T22:22:38.499+0000] {processor.py:914} INFO - Processing file /home/airflow/.local/lib/python3.12/site-packages/airflow/example_dags/tutorial_objectstorage.py for tasks to queue
[2025-01-28T22:22:38.502+0000] {logging_mixin.py:190} INFO - [2025-01-28T22:22:38.501+0000] {dagbag.py:588} INFO - Filling up the DagBag from /home/airflow/.local/lib/python3.12/site-packages/airflow/example_dags/tutorial_objectstorage.py
[2025-01-28T22:22:38.512+0000] {processor.py:925} INFO - DAG(s) 'tutorial_objectstorage' retrieved from /home/airflow/.local/lib/python3.12/site-packages/airflow/example_dags/tutorial_objectstorage.py
[2025-01-28T22:22:38.535+0000] {logging_mixin.py:190} INFO - [2025-01-28T22:22:38.535+0000] {dag.py:3239} INFO - Sync 1 DAGs
[2025-01-28T22:22:38.550+0000] {logging_mixin.py:190} INFO - [2025-01-28T22:22:38.550+0000] {dag.py:4180} INFO - Setting next_dagrun for tutorial_objectstorage to None, run_after=None
[2025-01-28T22:22:38.575+0000] {processor.py:208} INFO - Processing /home/airflow/.local/lib/python3.12/site-packages/airflow/example_dags/tutorial_objectstorage.py took 0.084 seconds
[2025-01-28T22:23:10.448+0000] {processor.py:186} INFO - Started process (PID=1781) to work on /home/airflow/.local/lib/python3.12/site-packages/airflow/example_dags/tutorial_objectstorage.py
[2025-01-28T22:23:10.449+0000] {processor.py:914} INFO - Processing file /home/airflow/.local/lib/python3.12/site-packages/airflow/example_dags/tutorial_objectstorage.py for tasks to queue
[2025-01-28T22:23:10.452+0000] {logging_mixin.py:190} INFO - [2025-01-28T22:23:10.451+0000] {dagbag.py:588} INFO - Filling up the DagBag from /home/airflow/.local/lib/python3.12/site-packages/airflow/example_dags/tutorial_objectstorage.py
[2025-01-28T22:23:10.462+0000] {processor.py:925} INFO - DAG(s) 'tutorial_objectstorage' retrieved from /home/airflow/.local/lib/python3.12/site-packages/airflow/example_dags/tutorial_objectstorage.py
[2025-01-28T22:23:10.483+0000] {logging_mixin.py:190} INFO - [2025-01-28T22:23:10.483+0000] {dag.py:3239} INFO - Sync 1 DAGs
[2025-01-28T22:23:10.500+0000] {logging_mixin.py:190} INFO - [2025-01-28T22:23:10.499+0000] {dag.py:4180} INFO - Setting next_dagrun for tutorial_objectstorage to None, run_after=None
[2025-01-28T22:23:10.524+0000] {processor.py:208} INFO - Processing /home/airflow/.local/lib/python3.12/site-packages/airflow/example_dags/tutorial_objectstorage.py took 0.083 seconds
[2025-01-28T22:23:42.000+0000] {processor.py:186} INFO - Started process (PID=1844) to work on /home/airflow/.local/lib/python3.12/site-packages/airflow/example_dags/tutorial_objectstorage.py
[2025-01-28T22:23:42.002+0000] {processor.py:914} INFO - Processing file /home/airflow/.local/lib/python3.12/site-packages/airflow/example_dags/tutorial_objectstorage.py for tasks to queue
[2025-01-28T22:23:42.004+0000] {logging_mixin.py:190} INFO - [2025-01-28T22:23:42.004+0000] {dagbag.py:588} INFO - Filling up the DagBag from /home/airflow/.local/lib/python3.12/site-packages/airflow/example_dags/tutorial_objectstorage.py
[2025-01-28T22:23:42.014+0000] {processor.py:925} INFO - DAG(s) 'tutorial_objectstorage' retrieved from /home/airflow/.local/lib/python3.12/site-packages/airflow/example_dags/tutorial_objectstorage.py
[2025-01-28T22:23:42.034+0000] {logging_mixin.py:190} INFO - [2025-01-28T22:23:42.034+0000] {dag.py:3239} INFO - Sync 1 DAGs
[2025-01-28T22:23:42.049+0000] {logging_mixin.py:190} INFO - [2025-01-28T22:23:42.049+0000] {dag.py:4180} INFO - Setting next_dagrun for tutorial_objectstorage to None, run_after=None
[2025-01-28T22:23:42.074+0000] {processor.py:208} INFO - Processing /home/airflow/.local/lib/python3.12/site-packages/airflow/example_dags/tutorial_objectstorage.py took 0.080 seconds
[2025-01-28T22:24:13.003+0000] {processor.py:186} INFO - Started process (PID=1907) to work on /home/airflow/.local/lib/python3.12/site-packages/airflow/example_dags/tutorial_objectstorage.py
[2025-01-28T22:24:13.005+0000] {processor.py:914} INFO - Processing file /home/airflow/.local/lib/python3.12/site-packages/airflow/example_dags/tutorial_objectstorage.py for tasks to queue
[2025-01-28T22:24:13.008+0000] {logging_mixin.py:190} INFO - [2025-01-28T22:24:13.008+0000] {dagbag.py:588} INFO - Filling up the DagBag from /home/airflow/.local/lib/python3.12/site-packages/airflow/example_dags/tutorial_objectstorage.py
[2025-01-28T22:24:13.018+0000] {processor.py:925} INFO - DAG(s) 'tutorial_objectstorage' retrieved from /home/airflow/.local/lib/python3.12/site-packages/airflow/example_dags/tutorial_objectstorage.py
[2025-01-28T22:24:13.042+0000] {logging_mixin.py:190} INFO - [2025-01-28T22:24:13.042+0000] {dag.py:3239} INFO - Sync 1 DAGs
[2025-01-28T22:24:13.061+0000] {logging_mixin.py:190} INFO - [2025-01-28T22:24:13.061+0000] {dag.py:4180} INFO - Setting next_dagrun for tutorial_objectstorage to None, run_after=None
[2025-01-28T22:24:13.087+0000] {processor.py:208} INFO - Processing /home/airflow/.local/lib/python3.12/site-packages/airflow/example_dags/tutorial_objectstorage.py took 0.090 seconds
[2025-01-28T22:24:44.474+0000] {processor.py:186} INFO - Started process (PID=1970) to work on /home/airflow/.local/lib/python3.12/site-packages/airflow/example_dags/tutorial_objectstorage.py
[2025-01-28T22:24:44.477+0000] {processor.py:914} INFO - Processing file /home/airflow/.local/lib/python3.12/site-packages/airflow/example_dags/tutorial_objectstorage.py for tasks to queue
[2025-01-28T22:24:44.480+0000] {logging_mixin.py:190} INFO - [2025-01-28T22:24:44.480+0000] {dagbag.py:588} INFO - Filling up the DagBag from /home/airflow/.local/lib/python3.12/site-packages/airflow/example_dags/tutorial_objectstorage.py
[2025-01-28T22:24:44.490+0000] {processor.py:925} INFO - DAG(s) 'tutorial_objectstorage' retrieved from /home/airflow/.local/lib/python3.12/site-packages/airflow/example_dags/tutorial_objectstorage.py
[2025-01-28T22:24:44.516+0000] {logging_mixin.py:190} INFO - [2025-01-28T22:24:44.516+0000] {dag.py:3239} INFO - Sync 1 DAGs
[2025-01-28T22:24:44.534+0000] {logging_mixin.py:190} INFO - [2025-01-28T22:24:44.534+0000] {dag.py:4180} INFO - Setting next_dagrun for tutorial_objectstorage to None, run_after=None
[2025-01-28T22:24:44.559+0000] {processor.py:208} INFO - Processing /home/airflow/.local/lib/python3.12/site-packages/airflow/example_dags/tutorial_objectstorage.py took 0.091 seconds
[2025-01-28T22:25:15.381+0000] {processor.py:186} INFO - Started process (PID=2033) to work on /home/airflow/.local/lib/python3.12/site-packages/airflow/example_dags/tutorial_objectstorage.py
[2025-01-28T22:25:15.382+0000] {processor.py:914} INFO - Processing file /home/airflow/.local/lib/python3.12/site-packages/airflow/example_dags/tutorial_objectstorage.py for tasks to queue
[2025-01-28T22:25:15.385+0000] {logging_mixin.py:190} INFO - [2025-01-28T22:25:15.385+0000] {dagbag.py:588} INFO - Filling up the DagBag from /home/airflow/.local/lib/python3.12/site-packages/airflow/example_dags/tutorial_objectstorage.py
[2025-01-28T22:25:15.399+0000] {processor.py:925} INFO - DAG(s) 'tutorial_objectstorage' retrieved from /home/airflow/.local/lib/python3.12/site-packages/airflow/example_dags/tutorial_objectstorage.py
[2025-01-28T22:25:15.423+0000] {logging_mixin.py:190} INFO - [2025-01-28T22:25:15.423+0000] {dag.py:3239} INFO - Sync 1 DAGs
[2025-01-28T22:25:15.440+0000] {logging_mixin.py:190} INFO - [2025-01-28T22:25:15.440+0000] {dag.py:4180} INFO - Setting next_dagrun for tutorial_objectstorage to None, run_after=None
[2025-01-28T22:25:15.467+0000] {processor.py:208} INFO - Processing /home/airflow/.local/lib/python3.12/site-packages/airflow/example_dags/tutorial_objectstorage.py took 0.092 seconds
[2025-01-28T22:28:44.166+0000] {processor.py:186} INFO - Started process (PID=92) to work on /home/airflow/.local/lib/python3.12/site-packages/airflow/example_dags/tutorial_objectstorage.py
[2025-01-28T22:28:44.167+0000] {processor.py:914} INFO - Processing file /home/airflow/.local/lib/python3.12/site-packages/airflow/example_dags/tutorial_objectstorage.py for tasks to queue
[2025-01-28T22:28:44.171+0000] {logging_mixin.py:190} INFO - [2025-01-28T22:28:44.171+0000] {dagbag.py:588} INFO - Filling up the DagBag from /home/airflow/.local/lib/python3.12/site-packages/airflow/example_dags/tutorial_objectstorage.py
[2025-01-28T22:28:44.184+0000] {processor.py:925} INFO - DAG(s) 'tutorial_objectstorage' retrieved from /home/airflow/.local/lib/python3.12/site-packages/airflow/example_dags/tutorial_objectstorage.py
[2025-01-28T22:28:44.213+0000] {logging_mixin.py:190} INFO - [2025-01-28T22:28:44.212+0000] {dag.py:3239} INFO - Sync 1 DAGs
[2025-01-28T22:28:44.230+0000] {logging_mixin.py:190} INFO - [2025-01-28T22:28:44.230+0000] {dag.py:4180} INFO - Setting next_dagrun for tutorial_objectstorage to None, run_after=None
[2025-01-28T22:28:44.262+0000] {processor.py:208} INFO - Processing /home/airflow/.local/lib/python3.12/site-packages/airflow/example_dags/tutorial_objectstorage.py took 0.102 seconds
[2025-01-28T22:29:14.783+0000] {processor.py:186} INFO - Started process (PID=155) to work on /home/airflow/.local/lib/python3.12/site-packages/airflow/example_dags/tutorial_objectstorage.py
[2025-01-28T22:29:14.785+0000] {processor.py:914} INFO - Processing file /home/airflow/.local/lib/python3.12/site-packages/airflow/example_dags/tutorial_objectstorage.py for tasks to queue
[2025-01-28T22:29:14.787+0000] {logging_mixin.py:190} INFO - [2025-01-28T22:29:14.787+0000] {dagbag.py:588} INFO - Filling up the DagBag from /home/airflow/.local/lib/python3.12/site-packages/airflow/example_dags/tutorial_objectstorage.py
[2025-01-28T22:29:14.797+0000] {processor.py:925} INFO - DAG(s) 'tutorial_objectstorage' retrieved from /home/airflow/.local/lib/python3.12/site-packages/airflow/example_dags/tutorial_objectstorage.py
[2025-01-28T22:29:14.817+0000] {logging_mixin.py:190} INFO - [2025-01-28T22:29:14.817+0000] {dag.py:3239} INFO - Sync 1 DAGs
[2025-01-28T22:29:14.833+0000] {logging_mixin.py:190} INFO - [2025-01-28T22:29:14.833+0000] {dag.py:4180} INFO - Setting next_dagrun for tutorial_objectstorage to None, run_after=None
[2025-01-28T22:29:14.857+0000] {processor.py:208} INFO - Processing /home/airflow/.local/lib/python3.12/site-packages/airflow/example_dags/tutorial_objectstorage.py took 0.079 seconds
[2025-01-28T22:29:45.317+0000] {processor.py:186} INFO - Started process (PID=218) to work on /home/airflow/.local/lib/python3.12/site-packages/airflow/example_dags/tutorial_objectstorage.py
[2025-01-28T22:29:45.320+0000] {processor.py:914} INFO - Processing file /home/airflow/.local/lib/python3.12/site-packages/airflow/example_dags/tutorial_objectstorage.py for tasks to queue
[2025-01-28T22:29:45.323+0000] {logging_mixin.py:190} INFO - [2025-01-28T22:29:45.322+0000] {dagbag.py:588} INFO - Filling up the DagBag from /home/airflow/.local/lib/python3.12/site-packages/airflow/example_dags/tutorial_objectstorage.py
[2025-01-28T22:29:45.332+0000] {processor.py:925} INFO - DAG(s) 'tutorial_objectstorage' retrieved from /home/airflow/.local/lib/python3.12/site-packages/airflow/example_dags/tutorial_objectstorage.py
[2025-01-28T22:29:45.351+0000] {logging_mixin.py:190} INFO - [2025-01-28T22:29:45.351+0000] {dag.py:3239} INFO - Sync 1 DAGs
[2025-01-28T22:29:45.367+0000] {logging_mixin.py:190} INFO - [2025-01-28T22:29:45.367+0000] {dag.py:4180} INFO - Setting next_dagrun for tutorial_objectstorage to None, run_after=None
[2025-01-28T22:29:45.391+0000] {processor.py:208} INFO - Processing /home/airflow/.local/lib/python3.12/site-packages/airflow/example_dags/tutorial_objectstorage.py took 0.079 seconds
[2025-01-28T22:30:15.637+0000] {processor.py:186} INFO - Started process (PID=280) to work on /home/airflow/.local/lib/python3.12/site-packages/airflow/example_dags/tutorial_objectstorage.py
[2025-01-28T22:30:15.639+0000] {processor.py:914} INFO - Processing file /home/airflow/.local/lib/python3.12/site-packages/airflow/example_dags/tutorial_objectstorage.py for tasks to queue
[2025-01-28T22:30:15.641+0000] {logging_mixin.py:190} INFO - [2025-01-28T22:30:15.641+0000] {dagbag.py:588} INFO - Filling up the DagBag from /home/airflow/.local/lib/python3.12/site-packages/airflow/example_dags/tutorial_objectstorage.py
[2025-01-28T22:30:15.651+0000] {processor.py:925} INFO - DAG(s) 'tutorial_objectstorage' retrieved from /home/airflow/.local/lib/python3.12/site-packages/airflow/example_dags/tutorial_objectstorage.py
[2025-01-28T22:30:15.672+0000] {logging_mixin.py:190} INFO - [2025-01-28T22:30:15.671+0000] {dag.py:3239} INFO - Sync 1 DAGs
[2025-01-28T22:30:15.687+0000] {logging_mixin.py:190} INFO - [2025-01-28T22:30:15.686+0000] {dag.py:4180} INFO - Setting next_dagrun for tutorial_objectstorage to None, run_after=None
[2025-01-28T22:30:15.718+0000] {processor.py:208} INFO - Processing /home/airflow/.local/lib/python3.12/site-packages/airflow/example_dags/tutorial_objectstorage.py took 0.087 seconds
[2025-01-28T22:30:46.052+0000] {processor.py:186} INFO - Started process (PID=343) to work on /home/airflow/.local/lib/python3.12/site-packages/airflow/example_dags/tutorial_objectstorage.py
[2025-01-28T22:30:46.054+0000] {processor.py:914} INFO - Processing file /home/airflow/.local/lib/python3.12/site-packages/airflow/example_dags/tutorial_objectstorage.py for tasks to queue
[2025-01-28T22:30:46.057+0000] {logging_mixin.py:190} INFO - [2025-01-28T22:30:46.057+0000] {dagbag.py:588} INFO - Filling up the DagBag from /home/airflow/.local/lib/python3.12/site-packages/airflow/example_dags/tutorial_objectstorage.py
[2025-01-28T22:30:46.070+0000] {processor.py:925} INFO - DAG(s) 'tutorial_objectstorage' retrieved from /home/airflow/.local/lib/python3.12/site-packages/airflow/example_dags/tutorial_objectstorage.py
[2025-01-28T22:30:46.093+0000] {logging_mixin.py:190} INFO - [2025-01-28T22:30:46.093+0000] {dag.py:3239} INFO - Sync 1 DAGs
[2025-01-28T22:30:46.111+0000] {logging_mixin.py:190} INFO - [2025-01-28T22:30:46.111+0000] {dag.py:4180} INFO - Setting next_dagrun for tutorial_objectstorage to None, run_after=None
[2025-01-28T22:30:46.151+0000] {processor.py:208} INFO - Processing /home/airflow/.local/lib/python3.12/site-packages/airflow/example_dags/tutorial_objectstorage.py took 0.107 seconds
